 line   address	contents
    1                      ; Linked by DLX-LD.
    2                      ; MemSize 24576
    3                      ; Data size: 306
    4                      ; Text size: 4544
    5                      ; Stack size: 8192
    6  00000000          	.text 0x1000
    7  00001000          	.data 0x3000
    8                      ; Compiled by GCC
    9  00003000          	.text
   10  00001000          	.align 2
   11  00001000          	.proc _isspace
   12  00001000          	.global _isspace
   13  00001000          	_isspace:
   14                      ;  Function 'isspace'; 0 bytes of locals, 1 regs to save.
   15  00001000  afbefffc	sw	-4(r29),r30; push fp
   16  00001004  001df020	add	r30,r0,r29; fp = sp
   17  00001008  afbffff8	sw	-8(r29),r31; push ret addr
   18  0000100c  2fbd0010	subui	r29,r29,#16; alloc local storage
   19  00001010  afa20000	sw	0(r29),r2
   20  00001014  83c20003	lb	r2,3(r30)
   21  00001018  201f0000	addi	r31,r0,#0
   22  0000101c  304100ff	andi	r1,r2,#0x00ff
   23  00001020  60210020	seqi	r1,r1,#32
   24  00001024  14200018	bnez	r1,L6_LF0
   25  00001028  54000000	nop; not filled.
   26  0000102c  2041fff7	addi	r1,r2,#-9
   27  00001030  302100ff	andi	r1,r1,#0x00ff
   28  00001034  70210001	sleui	r1,r1,#1
   29  00001038  10200008	beqz	r1,L5_LF0
   30  0000103c  54000000	nop; not filled.
   31  00001040          	L6_LF0:
   32  00001040  201f0001	addi	r31,r0,#1
   33  00001044          	L5_LF0:
   34  00001044  001f0820	add	r1,r0,r31
   35  00001048  8fa20000	lw	r2,0(r29)
   36  0000104c  8fdffff8	lw	r31,-8(r30)
   37  00001050  001ee820	add	r29,r0,r30
   38  00001054  8fdefffc	lw	r30,-4(r30)
   39  00001058  4be00000	jr	r31
   40  0000105c  54000000	nop
   41  00001060          	.endproc _isspace
   42  00001060          	.align 2
   43  00001060          	.proc _isxdigit
   44  00001060          	.global _isxdigit
   45  00001060          	_isxdigit:
   46                      ;  Function 'isxdigit'; 0 bytes of locals, 1 regs to save.
   47  00001060  afbefffc	sw	-4(r29),r30; push fp
   48  00001064  001df020	add	r30,r0,r29; fp = sp
   49  00001068  afbffff8	sw	-8(r29),r31; push ret addr
   50  0000106c  2fbd0010	subui	r29,r29,#16; alloc local storage
   51  00001070  afa20000	sw	0(r29),r2
   52  00001074  83df0003	lb	r31,3(r30)
   53  00001078  20020000	addi	r2,r0,#0
   54  0000107c  23e1ffd0	addi	r1,r31,#-48
   55  00001080  302100ff	andi	r1,r1,#0x00ff
   56  00001084  70210009	sleui	r1,r1,#9
   57  00001088  14200028	bnez	r1,L12_LF0
   58  0000108c  54000000	nop; not filled.
   59  00001090  23e1ff9f	addi	r1,r31,#-97
   60  00001094  302100ff	andi	r1,r1,#0x00ff
   61  00001098  70210005	sleui	r1,r1,#5
   62  0000109c  14200014	bnez	r1,L12_LF0
   63  000010a0  54000000	nop; not filled.
   64  000010a4  33e100ff	andi	r1,r31,#0x00ff
   65  000010a8  64210041	snei	r1,r1,#65
   66  000010ac  14200008	bnez	r1,L11_LF0
   67  000010b0  54000000	nop; not filled.
   68  000010b4          	L12_LF0:
   69  000010b4  20020001	addi	r2,r0,#1
   70  000010b8          	L11_LF0:
   71  000010b8  00020820	add	r1,r0,r2
   72  000010bc  8fa20000	lw	r2,0(r29)
   73  000010c0  8fdffff8	lw	r31,-8(r30)
   74  000010c4  001ee820	add	r29,r0,r30
   75  000010c8  8fdefffc	lw	r30,-4(r30)
   76  000010cc  4be00000	jr	r31
   77  000010d0  54000000	nop
   78  000010d4          	.endproc _isxdigit
   79  000010d4          	.data
   80  00003000          	.align 2
   81  00003000          	LC0_LF0:
   82  00003000  52656163	.ascii "Reaction 1: starting\n\000"
   82  00003004  74696f6e	
   82  00003008  20313a20	
   82  0000300c  73746172	
   82  00003010  74696e67	
   82  00003014  0a00    	
   83  00003016          	.align 2
   84  00003018          	LC1_LF0:
   85  00003018  55736167	.ascii "Usage: \000"
   85  0000301c  653a2000	
   86  00003020          	.align 2
   87  00003020          	LC2_LF0:
   88  00003020  203c6861	.ascii " <handle_to_proc_semaphore> <handle_to_N2_semaphore> <handle_to_N_sema"
   88  00003024  6e646c65	
   88  00003028  5f746f5f	
   88  0000302c  70726f63	
   88  00003030  5f73656d	
   88  00003034  6170686f	
   88  00003038  72653e20	
   88  0000303c  3c68616e	
   88  00003040  646c655f	
   88  00003044  746f5f4e	
   88  00003048  325f7365	
   88  0000304c  6d617068	
   88  00003050  6f72653e	
   88  00003054  203c6861	
   88  00003058  6e646c65	
   88  0000305c  5f746f5f	
   88  00003060  4e5f7365	
   88  00003064  6d61    	
   89  00003066  70686f72	.ascii "phore> <number of reactions to complete> \n\000"
   89  0000306a  653e203c	
   89  0000306e  6e756d62	
   89  00003072  6572206f	
   89  00003076  66207265	
   89  0000307a  61637469	
   89  0000307e  6f6e7320	
   89  00003082  746f2063	
   89  00003086  6f6d706c	
   89  0000308a  6574653e	
   89  0000308e  200a00  	
   90  00003091          	.align 2
   91  00003094          	LC3_LF0:
   92  00003094  42616420	.ascii "Bad Semaphore s_n2\n\000"
   92  00003098  53656d61	
   92  0000309c  70686f72	
   92  000030a0  6520735f	
   92  000030a4  6e320a00	
   93  000030a8          	.align 2
   94  000030a8          	LC4_LF0:
   95  000030a8  42616420	.ascii "Bad semaphore s_n\n\000"
   95  000030ac  73656d61	
   95  000030b0  70686f72	
   95  000030b4  6520735f	
   95  000030b8  6e0a00  	
   96  000030bb          	.align 2
   97  000030bc          	LC5_LF0:
   98  000030bc  52656163	.ascii "Reaction 1: N produced\n\000"
   98  000030c0  74696f6e	
   98  000030c4  20313a20	
   98  000030c8  4e207072	
   98  000030cc  6f647563	
   98  000030d0  65640a00	
   99  000030d4          	.align 2
  100  000030d4          	LC6_LF0:
  101  000030d4  52656163	.ascii "Reaction 1: PID %d is complete.\n\000"
  101  000030d8  74696f6e	
  101  000030dc  20313a20	
  101  000030e0  50494420	
  101  000030e4  25642069	
  101  000030e8  7320636f	
  101  000030ec  6d706c65	
  101  000030f0  74652e0a	
  101  000030f4  00      	
  102  000030f5          	.align 2
  103  000030f8          	LC7_LF0:
  104  000030f8  42616420	.ascii "Bad semaphore s_procs_completed (%d) in \000"
  104  000030fc  73656d61	
  104  00003100  70686f72	
  104  00003104  6520735f	
  104  00003108  70726f63	
  104  0000310c  735f636f	
  104  00003110  6d706c65	
  104  00003114  74656420	
  104  00003118  28256429	
  104  0000311c  20696e20	
  104  00003120  00      	
  105  00003121          	.align 2
  106  00003124          	LC8_LF0:
  107  00003124  2c206578	.ascii ", exiting...\n\000"
  107  00003128  6974696e	
  107  0000312c  672e2e2e	
  107  00003130  0a00    	
  108  00003132          	.text
  109  000010d4          	.align 2
  110  000010d4          	.proc _main
  111  000010d4          	.global _main
  112  000010d4          	_main:
  113                      ;  Function 'main'; 0 bytes of locals, 0 regs to save.
  114  000010d4  afbefffc	sw	-4(r29),r30; push fp
  115  000010d8  001df020	add	r30,r0,r29; fp = sp
  116  000010dc  afbffff8	sw	-8(r29),r31; push ret addr
  117  000010e0  2fbd0008	subui	r29,r29,#8; alloc local storage
  118  000010e4  8fc20000	lw	r2,(r30)
  119  000010e8  8fc60004	lw	r6,4(r30)
  120  000010ec  0c0010c8	jal	___main
  121  000010f0  54000000	nop; not filled.
  122  000010f4  20030000	addi	r3,r0,#0
  123  000010f8  23bdfff8	addi	r29,r29,#-8
  124  000010fc  3c090000	lhi	r9,((LC0_LF0)>>16)&0xffff
  125  00001100  25293000	addui	r9,r9,(LC0_LF0)&0xffff
  126  00001104  afa90000	sw	(r29),r9
  127  00001108  0c0002a4	jal	_Printf
  128  0000110c  54000000	nop; not filled.
  129  00001110  23bd0008	addi	r29,r29,#8
  130  00001114  64410006	snei	r1,r2,#6
  131  00001118  1020004c	beqz	r1,L14_LF0
  132  0000111c  54000000	nop; not filled.
  133  00001120  23bdfff8	addi	r29,r29,#-8
  134  00001124  3c090000	lhi	r9,((LC1_LF0)>>16)&0xffff
  135  00001128  25293018	addui	r9,r9,(LC1_LF0)&0xffff
  136  0000112c  afa90000	sw	(r29),r9
  137  00001130  0c00027c	jal	_Printf
  138  00001134  54000000	nop; not filled.
  139  00001138  8cc90000	lw	r9,(r6)
  140  0000113c  afa90000	sw	(r29),r9
  141  00001140  0c00026c	jal	_Printf
  142  00001144  54000000	nop; not filled.
  143  00001148  3c090000	lhi	r9,((LC2_LF0)>>16)&0xffff
  144  0000114c  25293020	addui	r9,r9,(LC2_LF0)&0xffff
  145  00001150  afa90000	sw	(r29),r9
  146  00001154  0c000258	jal	_Printf
  147  00001158  54000000	nop; not filled.
  148  0000115c  0c000304	jal	_Exit
  149  00001160  54000000	nop; not filled.
  150  00001164  23bd0008	addi	r29,r29,#8
  151  00001168          	L14_LF0:
  152  00001168  23bdfff0	addi	r29,r29,#-16
  153  0000116c  8cc90004	lw	r9,4(r6)
  154  00001170  afa90000	sw	(r29),r9
  155  00001174  20090000	addi	r9,r0,#0
  156  00001178  afa90004	sw	4(r29),r9
  157  0000117c  2009000a	addi	r9,r0,#10
  158  00001180  afa90008	sw	8(r29),r9
  159  00001184  0c000b88	jal	_dstrtol
  160  00001188  54000000	nop; not filled.
  161  0000118c  00014020	add	r8,r0,r1
  162  00001190  8cc90008	lw	r9,8(r6)
  163  00001194  afa90000	sw	(r29),r9
  164  00001198  20090000	addi	r9,r0,#0
  165  0000119c  afa90004	sw	4(r29),r9
  166  000011a0  2009000a	addi	r9,r0,#10
  167  000011a4  afa90008	sw	8(r29),r9
  168  000011a8  0c000b64	jal	_dstrtol
  169  000011ac  54000000	nop; not filled.
  170  000011b0  00013820	add	r7,r0,r1
  171  000011b4  8cc9000c	lw	r9,12(r6)
  172  000011b8  afa90000	sw	(r29),r9
  173  000011bc  20090000	addi	r9,r0,#0
  174  000011c0  afa90004	sw	4(r29),r9
  175  000011c4  2009000a	addi	r9,r0,#10
  176  000011c8  afa90008	sw	8(r29),r9
  177  000011cc  0c000b40	jal	_dstrtol
  178  000011d0  54000000	nop; not filled.
  179  000011d4  00012820	add	r5,r0,r1
  180  000011d8  8cc90010	lw	r9,16(r6)
  181  000011dc  afa90000	sw	(r29),r9
  182  000011e0  20090000	addi	r9,r0,#0
  183  000011e4  afa90004	sw	4(r29),r9
  184  000011e8  2009000a	addi	r9,r0,#10
  185  000011ec  afa90008	sw	8(r29),r9
  186  000011f0  0c000b1c	jal	_dstrtol
  187  000011f4  54000000	nop; not filled.
  188  000011f8  00012020	add	r4,r0,r1
  189  000011fc  23bd0010	addi	r29,r29,#16
  190  00001200  0064082a	slt	r1,r3,r4
  191  00001204  102000cc	beqz	r1,L16_LF0
  192  00001208  54000000	nop; not filled.
  193  0000120c          	L17_LF0:
  194  0000120c  23bdfff8	addi	r29,r29,#-8
  195  00001210  afa70000	sw	(r29),r7
  196  00001214  0c0001e0	jal	_sem_wait
  197  00001218  54000000	nop; not filled.
  198  0000121c  23bd0008	addi	r29,r29,#8
  199  00001220  64210001	snei	r1,r1,#1
  200  00001224  10200028	beqz	r1,L18_LF0
  201  00001228  54000000	nop; not filled.
  202  0000122c  23bdfff8	addi	r29,r29,#-8
  203  00001230  3c090000	lhi	r9,((LC3_LF0)>>16)&0xffff
  204  00001234  25293094	addui	r9,r9,(LC3_LF0)&0xffff
  205  00001238  afa90000	sw	(r29),r9
  206  0000123c  0c000170	jal	_Printf
  207  00001240  54000000	nop; not filled.
  208  00001244  0c00021c	jal	_Exit
  209  00001248  54000000	nop; not filled.
  210  0000124c  23bd0008	addi	r29,r29,#8
  211  00001250          	L18_LF0:
  212  00001250  20020000	addi	r2,r0,#0
  213  00001254          	L22_LF0:
  214  00001254  23bdfff8	addi	r29,r29,#-8
  215  00001258  afa50000	sw	(r29),r5
  216  0000125c  0c0001a4	jal	_sem_signal
  217  00001260  54000000	nop; not filled.
  218  00001264  23bd0008	addi	r29,r29,#8
  219  00001268  64210001	snei	r1,r1,#1
  220  0000126c  10200028	beqz	r1,L23_LF0
  221  00001270  54000000	nop; not filled.
  222  00001274  23bdfff8	addi	r29,r29,#-8
  223  00001278  3c090000	lhi	r9,((LC4_LF0)>>16)&0xffff
  224  0000127c  252930a8	addui	r9,r9,(LC4_LF0)&0xffff
  225  00001280  afa90000	sw	(r29),r9
  226  00001284  0c000128	jal	_Printf
  227  00001288  54000000	nop; not filled.
  228  0000128c  0c0001d4	jal	_Exit
  229  00001290  54000000	nop; not filled.
  230  00001294  23bd0008	addi	r29,r29,#8
  231  00001298          	L23_LF0:
  232  00001298  23bdfff8	addi	r29,r29,#-8
  233  0000129c  3c090000	lhi	r9,((LC5_LF0)>>16)&0xffff
  234  000012a0  252930bc	addui	r9,r9,(LC5_LF0)&0xffff
  235  000012a4  afa90000	sw	(r29),r9
  236  000012a8  0c000104	jal	_Printf
  237  000012ac  54000000	nop; not filled.
  238  000012b0  23bd0008	addi	r29,r29,#8
  239  000012b4  20420001	addi	r2,r2,#1
  240  000012b8  70410001	slei	r1,r2,#1
  241  000012bc  1420ff94	bnez	r1,L22_LF0
  242  000012c0  54000000	nop; not filled.
  243  000012c4  20630001	addi	r3,r3,#1
  244  000012c8  0064082a	slt	r1,r3,r4
  245  000012cc  1420ff3c	bnez	r1,L17_LF0
  246  000012d0  54000000	nop; not filled.
  247  000012d4          	L16_LF0:
  248  000012d4  0c0000e4	jal	_getpid
  249  000012d8  54000000	nop; not filled.
  250  000012dc  23bdfff8	addi	r29,r29,#-8
  251  000012e0  3c090000	lhi	r9,((LC6_LF0)>>16)&0xffff
  252  000012e4  252930d4	addui	r9,r9,(LC6_LF0)&0xffff
  253  000012e8  afa90000	sw	(r29),r9
  254  000012ec  afa10004	sw	4(r29),r1
  255  000012f0  0c0000bc	jal	_Printf
  256  000012f4  54000000	nop; not filled.
  257  000012f8  afa80000	sw	(r29),r8
  258  000012fc  0c000104	jal	_sem_signal
  259  00001300  54000000	nop; not filled.
  260  00001304  23bd0008	addi	r29,r29,#8
  261  00001308  64210001	snei	r1,r1,#1
  262  0000130c  10200050	beqz	r1,L26_LF0
  263  00001310  54000000	nop; not filled.
  264  00001314  23bdfff8	addi	r29,r29,#-8
  265  00001318  3c090000	lhi	r9,((LC7_LF0)>>16)&0xffff
  266  0000131c  252930f8	addui	r9,r9,(LC7_LF0)&0xffff
  267  00001320  afa90000	sw	(r29),r9
  268  00001324  afa80004	sw	4(r29),r8
  269  00001328  0c000084	jal	_Printf
  270  0000132c  54000000	nop; not filled.
  271  00001330  8cc60000	lw	r6,(r6)
  272  00001334  afa60000	sw	(r29),r6
  273  00001338  0c000074	jal	_Printf
  274  0000133c  54000000	nop; not filled.
  275  00001340  3c090000	lhi	r9,((LC8_LF0)>>16)&0xffff
  276  00001344  25293124	addui	r9,r9,(LC8_LF0)&0xffff
  277  00001348  afa90000	sw	(r29),r9
  278  0000134c  0c000060	jal	_Printf
  279  00001350  54000000	nop; not filled.
  280  00001354  0c00010c	jal	_Exit
  281  00001358  54000000	nop; not filled.
  282  0000135c  23bd0008	addi	r29,r29,#8
  283  00001360          	L26_LF0:
  284  00001360  0c000e48	jal	_exit
  285  00001364  54000000	nop
  286  00001368          	.endproc _main
  287                      ;;;
  288                      ;;; Stub functions for DLX traps.
  289                      ;;;
  290                      ;;; Ethan L. Miller, 1999.  Released to the public domain.
  291                      ;;;
  292                      ;;; The traps such as Open and Close
  293                      ;;; (note the capital letters) are for use by user programs.  The traps
  294                      ;;; with names such as open and close (lower case) are for use by the OS.
  295                      ;;;
  298  00001368          	.align 2
  300                      ;;; The following are the traps to be used by user-level programs
  301                      ;;;
  303  00001368          	.align 2
  304  00001368          	.proc _Open
  305  00001368          	.global _Open
  306  00001368          	_Open:
  307                      ;;; Note that trap #0x213 actually causes a trap vector in the OS of
  308                      ;;; 0x1213.  The same is true for other user traps.  Thus, a user trap
  309                      ;;; with trap #0x240 will result in a trap vector of 0x1240 in the OS.
  310  00001368  44000213	trap	#0x213
  311  0000136c  4be00000	jr	r31
  312  00001370  54000000	nop
  313  00001374          	.endproc _Open
  315  00001374          	.proc _Close
  316  00001374          	.global _Close
  317  00001374          	_Close:
  318  00001374  44000214	trap	#0x214
  319  00001378  4be00000	jr	r31
  320  0000137c  54000000	nop
  321  00001380          	.endproc _Close
  323  00001380          	.proc _Read
  324  00001380          	.global _Read
  325  00001380          	_Read:
  326  00001380  44000210	trap	#0x210
  327  00001384  4be00000	jr	r31
  328  00001388  54000000	nop
  329  0000138c          	.endproc _Read
  331  0000138c          	.proc _Write
  332  0000138c          	.global _Write
  333  0000138c          	_Write:
  334  0000138c  44000211	trap	#0x211
  335  00001390  4be00000	jr	r31
  336  00001394  54000000	nop
  337  00001398          	.endproc _Write
  339  00001398          	.proc _Lseek
  340  00001398          	.global _Lseek
  341  00001398          	_Lseek:
  342  00001398  44000212	trap	#0x212
  343  0000139c  4be00000	jr	r31
  344  000013a0  54000000	nop
  345  000013a4          	.endproc _Lseek
  347  000013a4          	.proc _Putchar
  348  000013a4          	.global _Putchar
  349  000013a4          	_Putchar:
  350  000013a4  44000280	trap	#0x280
  351  000013a8  4be00000	jr	r31
  352  000013ac  54000000	nop
  353  000013b0          	.endproc _Putchar
  355  000013b0          	.proc _Printf
  356  000013b0          	.global _Printf
  357  000013b0          	_Printf:
  358  000013b0  44000201	trap	#0x201
  359  000013b4  4be00000	jr	r31
  360  000013b8  54000000	nop
  361  000013bc          	.endproc _Printf
  363  000013bc          	.proc _getpid
  364  000013bc          	.global _getpid
  365  000013bc          	_getpid:
  366  000013bc  44000431	trap	#0x431
  367  000013c0  4be00000	jr	r31
  368  000013c4  54000000	nop
  369  000013c8          	.endproc _getpid
  371  000013c8          	.proc _process_create
  372  000013c8          	.global _process_create
  373  000013c8          	_process_create:
  374  000013c8  44000432	trap	#0x432
  375  000013cc  4be00000	jr	r31
  376  000013d0  54000000	nop
  377  000013d4          	.endproc _process_create
  379  000013d4          	.proc _shmget
  380  000013d4          	.global _shmget
  381  000013d4          	_shmget:
  382  000013d4  44000440	trap	#0x440
  383  000013d8  4be00000	jr	r31
  384  000013dc  54000000	nop
  385  000013e0          	.endproc _shmget
  387  000013e0          	.proc _shmat
  388  000013e0          	.global _shmat
  389  000013e0          	_shmat:
  390  000013e0  44000441	trap	#0x441
  391  000013e4  4be00000	jr	r31
  392  000013e8  54000000	nop
  393  000013ec          	.endproc _shmat
  395  000013ec          	.proc _sem_create
  396  000013ec          	.global _sem_create
  397  000013ec          	_sem_create:
  398  000013ec  44000450	trap	#0x450
  399  000013f0  4be00000	jr	r31
  400  000013f4  54000000	nop
  401  000013f8          	.endproc _sem_create
  403  000013f8          	.proc _sem_wait
  404  000013f8          	.global _sem_wait
  405  000013f8          	_sem_wait:
  406  000013f8  44000451	trap	#0x451
  407  000013fc  4be00000	jr	r31
  408  00001400  54000000	nop
  409  00001404          	.endproc _sem_wait
  411  00001404          	.proc _sem_signal
  412  00001404          	.global _sem_signal
  413  00001404          	_sem_signal:
  414  00001404  44000452	trap	#0x452
  415  00001408  4be00000	jr	r31
  416  0000140c  54000000	nop
  417  00001410          	.endproc _sem_signal
  419  00001410          	.proc _lock_create
  420  00001410          	.global _lock_create
  421  00001410          	_lock_create:
  422  00001410  44000453	trap	#0x453
  423  00001414  4be00000	jr	r31
  424  00001418  54000000	nop
  425  0000141c          	.endproc _lock_create
  427  0000141c          	.proc _lock_acquire
  428  0000141c          	.global _lock_acquire
  429  0000141c          	_lock_acquire:
  430  0000141c  44000454	trap	#0x454
  431  00001420  4be00000	jr	r31
  432  00001424  54000000	nop
  433  00001428          	.endproc _lock_acquire
  435  00001428          	.proc _lock_release
  436  00001428          	.global _lock_release
  437  00001428          	_lock_release:
  438  00001428  44000455	trap	#0x455
  439  0000142c  4be00000	jr	r31
  440  00001430  54000000	nop
  441  00001434          	.endproc _lock_release
  443  00001434          	.proc _cond_create
  444  00001434          	.global _cond_create
  445  00001434          	_cond_create:
  446  00001434  44000456	trap	#0x456
  447  00001438  4be00000	jr	r31
  448  0000143c  54000000	nop
  449  00001440          	.endproc _cond_create
  451  00001440          	.proc _cond_wait
  452  00001440          	.global _cond_wait
  453  00001440          	_cond_wait:
  454  00001440  44000457	trap	#0x457
  455  00001444  4be00000	jr	r31
  456  00001448  54000000	nop
  457  0000144c          	.endproc _cond_wait
  459  0000144c          	.proc _cond_signal
  460  0000144c          	.global _cond_signal
  461  0000144c          	_cond_signal:
  462  0000144c  44000458	trap	#0x458
  463  00001450  4be00000	jr	r31
  464  00001454  54000000	nop
  465  00001458          	.endproc _cond_signal
  467  00001458          	.proc _cond_broadcast
  468  00001458          	.global _cond_broadcast
  469  00001458          	_cond_broadcast:
  470  00001458  44000455	trap	#0x455
  471  0000145c  4be00000	jr	r31
  472  00001460  54000000	nop
  473  00001464          	.endproc _cond_broadcast
  475  00001464          	.proc _Exit
  476  00001464          	.global _Exit
  477  00001464          	_Exit:
  478  00001464  44000500	trap	#0x500
  479  00001468  4be00000	jr	r31
  480  0000146c  54000000	nop
  481  00001470          	.endproc _Exit
  482                      ; Compiled by GCC
  484  00001470          	.align 2
  485  00001470          	.proc _isspace
  486  00001470          	.global _isspace
  487  00001470          	_isspace:
  488                      ;  Function 'isspace'; 0 bytes of locals, 3 regs to save.
  489  00001470  afbefffc	sw	-4(r29),r30; push fp
  490  00001474  001df020	add	r30,r0,r29; fp = sp
  491  00001478  afbffff8	sw	-8(r29),r31; push ret addr
  492  0000147c  2fbd0018	subui	r29,r29,#24; alloc local storage
  493  00001480  afa20000	sw	0(r29),r2
  494  00001484  afa30004	sw	4(r29),r3
  495  00001488  afa40008	sw	8(r29),r4
  496  0000148c  83c20003	lb	r2,3(r30)
  497  00001490  20010000	addi	r1,r0,#0
  498  00001494  304300ff	andi	r3,r2,#0x00ff
  499  00001498  60640020	seqi	r4,r3,#32
  500  0000149c  1480002c	bnez	r4,L3_LF2
  501  000014a0  54000000	nop; delay slot nop
  502  000014a4  304300ff	andi	r3,r2,#0x00ff
  503  000014a8  60640009	seqi	r4,r3,#9
  504  000014ac  1480001c	bnez	r4,L3_LF2
  505  000014b0  54000000	nop; delay slot nop
  506  000014b4  304300ff	andi	r3,r2,#0x00ff
  507  000014b8  6064000a	seqi	r4,r3,#10
  508  000014bc  1480000c	bnez	r4,L3_LF2
  509  000014c0  54000000	nop; delay slot nop
  510  000014c4  08000008	j	L2_LF2
  511  000014c8  54000000	nop; delay slot nop
  512  000014cc          	L3_LF2:
  513  000014cc  20010001	addi	r1,r0,#1
  514  000014d0          	L2_LF2:
  515  000014d0  08000004	j	L1_LF2
  516  000014d4  54000000	nop; delay slot nop
  517  000014d8          	L1_LF2:
  518  000014d8  8fa20000	lw	r2,0(r29)
  519  000014dc  8fa30004	lw	r3,4(r29)
  520  000014e0  8fa40008	lw	r4,8(r29)
  521  000014e4  8fdffff8	lw	r31,-8(r30)
  522  000014e8  001ee820	add	r29,r0,r30
  523  000014ec  8fdefffc	lw	r30,-4(r30)
  524  000014f0  4be00000	jr	r31
  525  000014f4  54000000	nop
  526  000014f8          	.endproc _isspace
  527  000014f8          	.align 2
  528  000014f8          	.proc _isxdigit
  529  000014f8          	.global _isxdigit
  530  000014f8          	_isxdigit:
  531                      ;  Function 'isxdigit'; 0 bytes of locals, 3 regs to save.
  532  000014f8  afbefffc	sw	-4(r29),r30; push fp
  533  000014fc  001df020	add	r30,r0,r29; fp = sp
  534  00001500  afbffff8	sw	-8(r29),r31; push ret addr
  535  00001504  2fbd0018	subui	r29,r29,#24; alloc local storage
  536  00001508  afa20000	sw	0(r29),r2
  537  0000150c  afa30004	sw	4(r29),r3
  538  00001510  afa40008	sw	8(r29),r4
  539  00001514  83c20003	lb	r2,3(r30)
  540  00001518  20010000	addi	r1,r0,#0
  541  0000151c  304300ff	andi	r3,r2,#0x00ff
  542  00001520  6c64002f	sgtui	r4,r3,#47
  543  00001524  1080001c	beqz	r4,L7_LF2
  544  00001528  54000000	nop; delay slot nop
  545  0000152c  304300ff	andi	r3,r2,#0x00ff
  546  00001530  70640039	sleui	r4,r3,#57
  547  00001534  1480005c	bnez	r4,L6_LF2
  548  00001538  54000000	nop; delay slot nop
  549  0000153c  08000004	j	L7_LF2
  550  00001540  54000000	nop; delay slot nop
  551  00001544          	L7_LF2:
  552  00001544  304300ff	andi	r3,r2,#0x00ff
  553  00001548  6c640060	sgtui	r4,r3,#96
  554  0000154c  1080001c	beqz	r4,L8_LF2
  555  00001550  54000000	nop; delay slot nop
  556  00001554  304300ff	andi	r3,r2,#0x00ff
  557  00001558  70640066	sleui	r4,r3,#102
  558  0000155c  14800034	bnez	r4,L6_LF2
  559  00001560  54000000	nop; delay slot nop
  560  00001564  08000004	j	L8_LF2
  561  00001568  54000000	nop; delay slot nop
  562  0000156c          	L8_LF2:
  563  0000156c  304300ff	andi	r3,r2,#0x00ff
  564  00001570  6c640040	sgtui	r4,r3,#64
  565  00001574  10800020	beqz	r4,L5_LF2
  566  00001578  54000000	nop; delay slot nop
  567  0000157c  304300ff	andi	r3,r2,#0x00ff
  568  00001580  70640041	sleui	r4,r3,#65
  569  00001584  1480000c	bnez	r4,L6_LF2
  570  00001588  54000000	nop; delay slot nop
  571  0000158c  08000008	j	L5_LF2
  572  00001590  54000000	nop; delay slot nop
  573  00001594          	L6_LF2:
  574  00001594  20010001	addi	r1,r0,#1
  575  00001598          	L5_LF2:
  576  00001598  08000004	j	L4_LF2
  577  0000159c  54000000	nop; delay slot nop
  578  000015a0          	L4_LF2:
  579  000015a0  8fa20000	lw	r2,0(r29)
  580  000015a4  8fa30004	lw	r3,4(r29)
  581  000015a8  8fa40008	lw	r4,8(r29)
  582  000015ac  8fdffff8	lw	r31,-8(r30)
  583  000015b0  001ee820	add	r29,r0,r30
  584  000015b4  8fdefffc	lw	r30,-4(r30)
  585  000015b8  4be00000	jr	r31
  586  000015bc  54000000	nop
  587  000015c0          	.endproc _isxdigit
  588  000015c0          	.align 2
  589  000015c0          	.proc _dstrcpy
  590  000015c0          	.global _dstrcpy
  591  000015c0          	_dstrcpy:
  592                      ;  Function 'dstrcpy'; 8 bytes of locals, 2 regs to save.
  593  000015c0  afbefffc	sw	-4(r29),r30; push fp
  594  000015c4  001df020	add	r30,r0,r29; fp = sp
  595  000015c8  afbffff8	sw	-8(r29),r31; push ret addr
  596  000015cc  2fbd0018	subui	r29,r29,#24; alloc local storage
  597  000015d0  afa20000	sw	0(r29),r2
  598  000015d4  afa30004	sw	4(r29),r3
  599  000015d8  8fc10000	lw	r1,(r30)
  600  000015dc  afc1fff4	sw	-12(r30),r1
  601  000015e0          	L10_LF2:
  602  000015e0  8fc10000	lw	r1,(r30)
  603  000015e4  20220001	addi	r2,r1,#1
  604  000015e8  afc20000	sw	(r30),r2
  605  000015ec  8fc20004	lw	r2,4(r30)
  606  000015f0  20430001	addi	r3,r2,#1
  607  000015f4  afc30004	sw	4(r30),r3
  608  000015f8  80420000	lb	r2,(r2)
  609  000015fc  a0220000	sb	(r1),r2
  610  00001600  a3c2fff3	sb	-13(r30),r2
  611  00001604          	L12_LF2:
  612  00001604  93c1fff3	lbu	r1,-13(r30)
  613  00001608  64220000	snei	r2,r1,#0
  614  0000160c  1440000c	bnez	r2,L13_LF2
  615  00001610  54000000	nop; delay slot nop
  616  00001614  0800000c	j	L11_LF2
  617  00001618  54000000	nop; delay slot nop
  618  0000161c          	L13_LF2:
  619  0000161c  0bffffc0	j	L10_LF2
  620  00001620  54000000	nop; delay slot nop
  621  00001624          	L11_LF2:
  622  00001624  8fc1fff4	lw	r1,-12(r30)
  623  00001628  08000004	j	L9_LF2
  624  0000162c  54000000	nop; delay slot nop
  625  00001630          	L9_LF2:
  626  00001630  8fa20000	lw	r2,0(r29)
  627  00001634  8fa30004	lw	r3,4(r29)
  628  00001638  8fdffff8	lw	r31,-8(r30)
  629  0000163c  001ee820	add	r29,r0,r30
  630  00001640  8fdefffc	lw	r30,-4(r30)
  631  00001644  4be00000	jr	r31
  632  00001648  54000000	nop
  633  0000164c          	.endproc _dstrcpy
  634  0000164c          	.align 2
  635  0000164c          	.proc _dstrncpy
  636  0000164c          	.global _dstrncpy
  637  0000164c          	_dstrncpy:
  638                      ;  Function 'dstrncpy'; 8 bytes of locals, 2 regs to save.
  639  0000164c  afbefffc	sw	-4(r29),r30; push fp
  640  00001650  001df020	add	r30,r0,r29; fp = sp
  641  00001654  afbffff8	sw	-8(r29),r31; push ret addr
  642  00001658  2fbd0018	subui	r29,r29,#24; alloc local storage
  643  0000165c  afa20000	sw	0(r29),r2
  644  00001660  afa30004	sw	4(r29),r3
  645  00001664  8fc10000	lw	r1,(r30)
  646  00001668  afc1fff4	sw	-12(r30),r1
  647  0000166c          	L15_LF2:
  648  0000166c  8fc10008	lw	r1,8(r30)
  649  00001670  2022ffff	addi	r2,r1,#-1
  650  00001674  afc20008	sw	8(r30),r2
  651  00001678  70210000	slei	r1,r1,#0
  652  0000167c  1020000c	beqz	r1,L18_LF2
  653  00001680  54000000	nop; delay slot nop
  654  00001684  08000048	j	L16_LF2
  655  00001688  54000000	nop; delay slot nop
  656  0000168c          	L18_LF2:
  657  0000168c  8fc10000	lw	r1,(r30)
  658  00001690  20220001	addi	r2,r1,#1
  659  00001694  afc20000	sw	(r30),r2
  660  00001698  8fc20004	lw	r2,4(r30)
  661  0000169c  20430001	addi	r3,r2,#1
  662  000016a0  afc30004	sw	4(r30),r3
  663  000016a4  80420000	lb	r2,(r2)
  664  000016a8  a0220000	sb	(r1),r2
  665  000016ac  a3c2fff3	sb	-13(r30),r2
  666  000016b0          	L17_LF2:
  667  000016b0  93c1fff3	lbu	r1,-13(r30)
  668  000016b4  64220000	snei	r2,r1,#0
  669  000016b8  1440000c	bnez	r2,L19_LF2
  670  000016bc  54000000	nop; delay slot nop
  671  000016c0  0800000c	j	L16_LF2
  672  000016c4  54000000	nop; delay slot nop
  673  000016c8          	L19_LF2:
  674  000016c8  0bffffa0	j	L15_LF2
  675  000016cc  54000000	nop; delay slot nop
  676  000016d0          	L16_LF2:
  677  000016d0  8fc1fff4	lw	r1,-12(r30)
  678  000016d4  08000004	j	L14_LF2
  679  000016d8  54000000	nop; delay slot nop
  680  000016dc          	L14_LF2:
  681  000016dc  8fa20000	lw	r2,0(r29)
  682  000016e0  8fa30004	lw	r3,4(r29)
  683  000016e4  8fdffff8	lw	r31,-8(r30)
  684  000016e8  001ee820	add	r29,r0,r30
  685  000016ec  8fdefffc	lw	r30,-4(r30)
  686  000016f0  4be00000	jr	r31
  687  000016f4  54000000	nop
  688  000016f8          	.endproc _dstrncpy
  689  000016f8          	.align 2
  690  000016f8          	.proc _dstrcat
  691  000016f8          	.global _dstrcat
  692  000016f8          	_dstrcat:
  693                      ;  Function 'dstrcat'; 8 bytes of locals, 1 regs to save.
  694  000016f8  afbefffc	sw	-4(r29),r30; push fp
  695  000016fc  001df020	add	r30,r0,r29; fp = sp
  696  00001700  afbffff8	sw	-8(r29),r31; push ret addr
  697  00001704  2fbd0018	subui	r29,r29,#24; alloc local storage
  698  00001708  afa20000	sw	0(r29),r2
  699  0000170c  8fc10000	lw	r1,(r30)
  700  00001710  afc1fff4	sw	-12(r30),r1
  701  00001714          	L21_LF2:
  702  00001714  8fc10000	lw	r1,(r30)
  703  00001718  90220000	lbu	r2,(r1)
  704  0000171c  64410000	snei	r1,r2,#0
  705  00001720  1420000c	bnez	r1,L23_LF2
  706  00001724  54000000	nop; delay slot nop
  707  00001728  0800001c	j	L22_LF2
  708  0000172c  54000000	nop; delay slot nop
  709  00001730          	L23_LF2:
  710  00001730  8fc20000	lw	r2,(r30)
  711  00001734  20410001	addi	r1,r2,#1
  712  00001738  00011020	add	r2,r0,r1
  713  0000173c  afc20000	sw	(r30),r2
  714  00001740  0bffffd0	j	L21_LF2
  715  00001744  54000000	nop; delay slot nop
  716  00001748          	L22_LF2:
  717  00001748  23bdfff8	addi	r29,r29,#-8
  718  0000174c  001d0820	add	r1,r0,r29
  719  00001750  8fc20000	lw	r2,(r30)
  720  00001754  ac220000	sw	(r1),r2
  721  00001758  8fc20004	lw	r2,4(r30)
  722  0000175c  ac220004	sw	4(r1),r2
  723  00001760  0ffffe5c	jal	_dstrcpy
  724  00001764  54000000	nop; delay slot nop
  725  00001768  23bd0008	addi	r29,r29,#8
  726  0000176c  8fc1fff4	lw	r1,-12(r30)
  727  00001770  08000004	j	L20_LF2
  728  00001774  54000000	nop; delay slot nop
  729  00001778          	L20_LF2:
  730  00001778  8fa20000	lw	r2,0(r29)
  731  0000177c  8fdffff8	lw	r31,-8(r30)
  732  00001780  001ee820	add	r29,r0,r30
  733  00001784  8fdefffc	lw	r30,-4(r30)
  734  00001788  4be00000	jr	r31
  735  0000178c  54000000	nop
  736  00001790          	.endproc _dstrcat
  737  00001790          	.align 2
  738  00001790          	.proc _dstrncmp
  739  00001790          	.global _dstrncmp
  740  00001790          	_dstrncmp:
  741                      ;  Function 'dstrncmp'; 8 bytes of locals, 2 regs to save.
  742  00001790  afbefffc	sw	-4(r29),r30; push fp
  743  00001794  001df020	add	r30,r0,r29; fp = sp
  744  00001798  afbffff8	sw	-8(r29),r31; push ret addr
  745  0000179c  2fbd0018	subui	r29,r29,#24; alloc local storage
  746  000017a0  afa20000	sw	0(r29),r2
  747  000017a4  afa30004	sw	4(r29),r3
  748  000017a8  54000000	nop
  749  000017ac  20010000	addi	r1,r0,#0
  750  000017b0  afc1fff4	sw	-12(r30),r1
  751  000017b4          	L25_LF2:
  752  000017b4  8fc1fff4	lw	r1,-12(r30)
  753  000017b8  8fc20008	lw	r2,8(r30)
  754  000017bc  0022082a	slt	r1,r1,r2
  755  000017c0  1420000c	bnez	r1,L28_LF2
  756  000017c4  54000000	nop; delay slot nop
  757  000017c8  08000088	j	L26_LF2
  758  000017cc  54000000	nop; delay slot nop
  759  000017d0          	L28_LF2:
  760  000017d0  8fc10004	lw	r1,4(r30)
  761  000017d4  90220000	lbu	r2,(r1)
  762  000017d8  64410000	snei	r1,r2,#0
  763  000017dc  14200018	bnez	r1,L29_LF2
  764  000017e0  54000000	nop; delay slot nop
  765  000017e4  20010000	addi	r1,r0,#0
  766  000017e8  080000d8	j	L24_LF2
  767  000017ec  54000000	nop; delay slot nop
  768  000017f0  08000028	j	L30_LF2
  769  000017f4  54000000	nop; delay slot nop
  770  000017f8          	L29_LF2:
  771  000017f8  8fc10000	lw	r1,(r30)
  772  000017fc  8fc20004	lw	r2,4(r30)
  773  00001800  90210000	lbu	r1,(r1)
  774  00001804  90420000	lbu	r2,(r2)
  775  00001808  00220829	sne	r1,r1,r2
  776  0000180c  1020000c	beqz	r1,L30_LF2
  777  00001810  54000000	nop; delay slot nop
  778  00001814  0800003c	j	L26_LF2
  779  00001818  54000000	nop; delay slot nop
  780  0000181c          	L31_LF2:
  781  0000181c          	L30_LF2:
  782  0000181c  8fc20000	lw	r2,(r30)
  783  00001820  20410001	addi	r1,r2,#1
  784  00001824  00011020	add	r2,r0,r1
  785  00001828  afc20000	sw	(r30),r2
  786  0000182c  8fc20004	lw	r2,4(r30)
  787  00001830  20410001	addi	r1,r2,#1
  788  00001834  00011020	add	r2,r0,r1
  789  00001838  afc20004	sw	4(r30),r2
  790  0000183c          	L27_LF2:
  791  0000183c  8fc2fff4	lw	r2,-12(r30)
  792  00001840  20410001	addi	r1,r2,#1
  793  00001844  00011020	add	r2,r0,r1
  794  00001848  afc2fff4	sw	-12(r30),r2
  795  0000184c  0bffff64	j	L25_LF2
  796  00001850  54000000	nop; delay slot nop
  797  00001854          	L26_LF2:
  798  00001854  8fc1fff4	lw	r1,-12(r30)
  799  00001858  8fc20008	lw	r2,8(r30)
  800  0000185c  00220828	seq	r1,r1,r2
  801  00001860  10200018	beqz	r1,L32_LF2
  802  00001864  54000000	nop; delay slot nop
  803  00001868  20010000	addi	r1,r0,#0
  804  0000186c  08000054	j	L24_LF2
  805  00001870  54000000	nop; delay slot nop
  806  00001874  0800004c	j	L33_LF2
  807  00001878  54000000	nop; delay slot nop
  808  0000187c          	L32_LF2:
  809  0000187c  8fc20000	lw	r2,(r30)
  810  00001880  90410000	lbu	r1,(r2)
  811  00001884  8fc20004	lw	r2,4(r30)
  812  00001888  90430000	lbu	r3,(r2)
  813  0000188c  00230822	sub	r1,r1,r3
  814  00001890  74220000	sgei	r2,r1,#0
  815  00001894  10400020	beqz	r2,L34_LF2
  816  00001898  54000000	nop; delay slot nop
  817  0000189c  8fc10000	lw	r1,(r30)
  818  000018a0  8fc20004	lw	r2,4(r30)
  819  000018a4  90210000	lbu	r1,(r1)
  820  000018a8  90420000	lbu	r2,(r2)
  821  000018ac  00220829	sne	r1,r1,r2
  822  000018b0  08000008	j	L35_LF2
  823  000018b4  54000000	nop; delay slot nop
  824  000018b8          	L34_LF2:
  825  000018b8  2001ffff	addi	r1,r0,#-1
  826  000018bc          	L35_LF2:
  827  000018bc  08000004	j	L24_LF2
  828  000018c0  54000000	nop; delay slot nop
  829  000018c4          	L33_LF2:
  830  000018c4          	L24_LF2:
  831  000018c4  8fa20000	lw	r2,0(r29)
  832  000018c8  8fa30004	lw	r3,4(r29)
  833  000018cc  8fdffff8	lw	r31,-8(r30)
  834  000018d0  001ee820	add	r29,r0,r30
  835  000018d4  8fdefffc	lw	r30,-4(r30)
  836  000018d8  4be00000	jr	r31
  837  000018dc  54000000	nop
  838  000018e0          	.endproc _dstrncmp
  839  000018e0          	.align 2
  840  000018e0          	.proc _dstrlen
  841  000018e0          	.global _dstrlen
  842  000018e0          	_dstrlen:
  843                      ;  Function 'dstrlen'; 8 bytes of locals, 1 regs to save.
  844  000018e0  afbefffc	sw	-4(r29),r30; push fp
  845  000018e4  001df020	add	r30,r0,r29; fp = sp
  846  000018e8  afbffff8	sw	-8(r29),r31; push ret addr
  847  000018ec  2fbd0018	subui	r29,r29,#24; alloc local storage
  848  000018f0  afa20000	sw	0(r29),r2
  849  000018f4  20010000	addi	r1,r0,#0
  850  000018f8  afc1fff4	sw	-12(r30),r1
  851  000018fc          	L37_LF2:
  852  000018fc  8fc10000	lw	r1,(r30)
  853  00001900  20220001	addi	r2,r1,#1
  854  00001904  afc20000	sw	(r30),r2
  855  00001908  90210000	lbu	r1,(r1)
  856  0000190c  64220000	snei	r2,r1,#0
  857  00001910  1440000c	bnez	r2,L39_LF2
  858  00001914  54000000	nop; delay slot nop
  859  00001918  0800001c	j	L38_LF2
  860  0000191c  54000000	nop; delay slot nop
  861  00001920          	L39_LF2:
  862  00001920  8fc2fff4	lw	r2,-12(r30)
  863  00001924  20410001	addi	r1,r2,#1
  864  00001928  00011020	add	r2,r0,r1
  865  0000192c  afc2fff4	sw	-12(r30),r2
  866  00001930  0bffffc8	j	L37_LF2
  867  00001934  54000000	nop; delay slot nop
  868  00001938          	L38_LF2:
  869  00001938  8fc1fff4	lw	r1,-12(r30)
  870  0000193c  08000004	j	L36_LF2
  871  00001940  54000000	nop; delay slot nop
  872  00001944          	L36_LF2:
  873  00001944  8fa20000	lw	r2,0(r29)
  874  00001948  8fdffff8	lw	r31,-8(r30)
  875  0000194c  001ee820	add	r29,r0,r30
  876  00001950  8fdefffc	lw	r30,-4(r30)
  877  00001954  4be00000	jr	r31
  878  00001958  54000000	nop
  879  0000195c          	.endproc _dstrlen
  880  0000195c          	.align 2
  881  0000195c          	.proc _dstrstr
  882  0000195c          	.global _dstrstr
  883  0000195c          	_dstrstr:
  884                      ;  Function 'dstrstr'; 8 bytes of locals, 1 regs to save.
  885  0000195c  afbefffc	sw	-4(r29),r30; push fp
  886  00001960  001df020	add	r30,r0,r29; fp = sp
  887  00001964  afbffff8	sw	-8(r29),r31; push ret addr
  888  00001968  2fbd0018	subui	r29,r29,#24; alloc local storage
  889  0000196c  afa20000	sw	0(r29),r2
  890  00001970  23bdfff8	addi	r29,r29,#-8
  891  00001974  001d0820	add	r1,r0,r29
  892  00001978  8fc20004	lw	r2,4(r30)
  893  0000197c  ac220000	sw	(r1),r2
  894  00001980  0fffff5c	jal	_dstrlen
  895  00001984  54000000	nop; delay slot nop
  896  00001988  23bd0008	addi	r29,r29,#8
  897  0000198c  afc1fff4	sw	-12(r30),r1
  898  00001990          	L41_LF2:
  899  00001990  8fc10000	lw	r1,(r30)
  900  00001994  90220000	lbu	r2,(r1)
  901  00001998  64410000	snei	r1,r2,#0
  902  0000199c  1420000c	bnez	r1,L43_LF2
  903  000019a0  54000000	nop; delay slot nop
  904  000019a4  08000060	j	L42_LF2
  905  000019a8  54000000	nop; delay slot nop
  906  000019ac          	L43_LF2:
  907  000019ac  23bdfff0	addi	r29,r29,#-16
  908  000019b0  001d0820	add	r1,r0,r29
  909  000019b4  8fc20000	lw	r2,(r30)
  910  000019b8  ac220000	sw	(r1),r2
  911  000019bc  8fc20004	lw	r2,4(r30)
  912  000019c0  ac220004	sw	4(r1),r2
  913  000019c4  8fc2fff4	lw	r2,-12(r30)
  914  000019c8  ac220008	sw	8(r1),r2
  915  000019cc  0ffffdc0	jal	_dstrncmp
  916  000019d0  54000000	nop; delay slot nop
  917  000019d4  23bd0010	addi	r29,r29,#16
  918  000019d8  64220000	snei	r2,r1,#0
  919  000019dc  14400010	bnez	r2,L44_LF2
  920  000019e0  54000000	nop; delay slot nop
  921  000019e4  8fc10000	lw	r1,(r30)
  922  000019e8  08000028	j	L40_LF2
  923  000019ec  54000000	nop; delay slot nop
  924  000019f0          	L44_LF2:
  925  000019f0  8fc20000	lw	r2,(r30)
  926  000019f4  20410001	addi	r1,r2,#1
  927  000019f8  00011020	add	r2,r0,r1
  928  000019fc  afc20000	sw	(r30),r2
  929  00001a00  0bffff8c	j	L41_LF2
  930  00001a04  54000000	nop; delay slot nop
  931  00001a08          	L42_LF2:
  932  00001a08  20010000	addi	r1,r0,#0
  933  00001a0c  08000004	j	L40_LF2
  934  00001a10  54000000	nop; delay slot nop
  935  00001a14          	L40_LF2:
  936  00001a14  8fa20000	lw	r2,0(r29)
  937  00001a18  8fdffff8	lw	r31,-8(r30)
  938  00001a1c  001ee820	add	r29,r0,r30
  939  00001a20  8fdefffc	lw	r30,-4(r30)
  940  00001a24  4be00000	jr	r31
  941  00001a28  54000000	nop
  942  00001a2c          	.endproc _dstrstr
  943  00001a2c          	.align 2
  944  00001a2c          	.proc _dmindex
  945  00001a2c          	.global _dmindex
  946  00001a2c          	_dmindex:
  947                      ;  Function 'dmindex'; 8 bytes of locals, 1 regs to save.
  948  00001a2c  afbefffc	sw	-4(r29),r30; push fp
  949  00001a30  001df020	add	r30,r0,r29; fp = sp
  950  00001a34  afbffff8	sw	-8(r29),r31; push ret addr
  951  00001a38  2fbd0018	subui	r29,r29,#24; alloc local storage
  952  00001a3c  afa20000	sw	0(r29),r2
  953  00001a40  54000000	nop
  954  00001a44          	L46_LF2:
  955  00001a44  8fc10000	lw	r1,(r30)
  956  00001a48  90220000	lbu	r2,(r1)
  957  00001a4c  64410000	snei	r1,r2,#0
  958  00001a50  1420000c	bnez	r1,L48_LF2
  959  00001a54  54000000	nop; delay slot nop
  960  00001a58  08000070	j	L47_LF2
  961  00001a5c  54000000	nop; delay slot nop
  962  00001a60          	L48_LF2:
  963  00001a60  8fc10004	lw	r1,4(r30)
  964  00001a64  afc1fff4	sw	-12(r30),r1
  965  00001a68          	L49_LF2:
  966  00001a68  8fc1fff4	lw	r1,-12(r30)
  967  00001a6c  90220000	lbu	r2,(r1)
  968  00001a70  64410000	snei	r1,r2,#0
  969  00001a74  1420000c	bnez	r1,L52_LF2
  970  00001a78  54000000	nop; delay slot nop
  971  00001a7c  08000044	j	L50_LF2
  972  00001a80  54000000	nop; delay slot nop
  973  00001a84          	L52_LF2:
  974  00001a84  8fc10000	lw	r1,(r30)
  975  00001a88  8fc2fff4	lw	r2,-12(r30)
  976  00001a8c  90210000	lbu	r1,(r1)
  977  00001a90  90420000	lbu	r2,(r2)
  978  00001a94  00220828	seq	r1,r1,r2
  979  00001a98  10200010	beqz	r1,L51_LF2
  980  00001a9c  54000000	nop; delay slot nop
  981  00001aa0  8fc10000	lw	r1,(r30)
  982  00001aa4  08000030	j	L45_LF2
  983  00001aa8  54000000	nop; delay slot nop
  984  00001aac          	L53_LF2:
  985  00001aac          	L51_LF2:
  986  00001aac  8fc2fff4	lw	r2,-12(r30)
  987  00001ab0  20410001	addi	r1,r2,#1
  988  00001ab4  00011020	add	r2,r0,r1
  989  00001ab8  afc2fff4	sw	-12(r30),r2
  990  00001abc  0bffffa8	j	L49_LF2
  991  00001ac0  54000000	nop; delay slot nop
  992  00001ac4          	L50_LF2:
  993  00001ac4  0bffff7c	j	L46_LF2
  994  00001ac8  54000000	nop; delay slot nop
  995  00001acc          	L47_LF2:
  996  00001acc  20010000	addi	r1,r0,#0
  997  00001ad0  08000004	j	L45_LF2
  998  00001ad4  54000000	nop; delay slot nop
  999  00001ad8          	L45_LF2:
 1000  00001ad8  8fa20000	lw	r2,0(r29)
 1001  00001adc  8fdffff8	lw	r31,-8(r30)
 1002  00001ae0  001ee820	add	r29,r0,r30
 1003  00001ae4  8fdefffc	lw	r30,-4(r30)
 1004  00001ae8  4be00000	jr	r31
 1005  00001aec  54000000	nop
 1006  00001af0          	.endproc _dmindex
 1007  00001af0          	.align 2
 1008  00001af0          	.proc _dindex
 1009  00001af0          	.global _dindex
 1010  00001af0          	_dindex:
 1011                      ;  Function 'dindex'; 0 bytes of locals, 1 regs to save.
 1012  00001af0  afbefffc	sw	-4(r29),r30; push fp
 1013  00001af4  001df020	add	r30,r0,r29; fp = sp
 1014  00001af8  afbffff8	sw	-8(r29),r31; push ret addr
 1015  00001afc  2fbd0010	subui	r29,r29,#16; alloc local storage
 1016  00001b00  afa20000	sw	0(r29),r2
 1017  00001b04  54000000	nop
 1018  00001b08          	L55_LF2:
 1019  00001b08  8fc10000	lw	r1,(r30)
 1020  00001b0c  90220000	lbu	r2,(r1)
 1021  00001b10  64410000	snei	r1,r2,#0
 1022  00001b14  1420000c	bnez	r1,L57_LF2
 1023  00001b18  54000000	nop; delay slot nop
 1024  00001b1c  08000040	j	L56_LF2
 1025  00001b20  54000000	nop; delay slot nop
 1026  00001b24          	L57_LF2:
 1027  00001b24  8fc10000	lw	r1,(r30)
 1028  00001b28  90220000	lbu	r2,(r1)
 1029  00001b2c  8fc10004	lw	r1,4(r30)
 1030  00001b30  00411028	seq	r2,r2,r1
 1031  00001b34  10400010	beqz	r2,L58_LF2
 1032  00001b38  54000000	nop; delay slot nop
 1033  00001b3c  8fc10000	lw	r1,(r30)
 1034  00001b40  08000028	j	L54_LF2
 1035  00001b44  54000000	nop; delay slot nop
 1036  00001b48          	L58_LF2:
 1037  00001b48  8fc20000	lw	r2,(r30)
 1038  00001b4c  20410001	addi	r1,r2,#1
 1039  00001b50  00011020	add	r2,r0,r1
 1040  00001b54  afc20000	sw	(r30),r2
 1041  00001b58  0bffffac	j	L55_LF2
 1042  00001b5c  54000000	nop; delay slot nop
 1043  00001b60          	L56_LF2:
 1044  00001b60  20010000	addi	r1,r0,#0
 1045  00001b64  08000004	j	L54_LF2
 1046  00001b68  54000000	nop; delay slot nop
 1047  00001b6c          	L54_LF2:
 1048  00001b6c  8fa20000	lw	r2,0(r29)
 1049  00001b70  8fdffff8	lw	r31,-8(r30)
 1050  00001b74  001ee820	add	r29,r0,r30
 1051  00001b78  8fdefffc	lw	r30,-4(r30)
 1052  00001b7c  4be00000	jr	r31
 1053  00001b80  54000000	nop
 1054  00001b84          	.endproc _dindex
 1055  00001b84          	.align 2
 1056  00001b84          	.proc _ditoa
 1057  00001b84          	.global _ditoa
 1058  00001b84          	_ditoa:
 1059                      ;  Function 'ditoa'; 8 bytes of locals, 2 regs to save.
 1060  00001b84  afbefffc	sw	-4(r29),r30; push fp
 1061  00001b88  001df020	add	r30,r0,r29; fp = sp
 1062  00001b8c  afbffff8	sw	-8(r29),r31; push ret addr
 1063  00001b90  2fbd0018	subui	r29,r29,#24; alloc local storage
 1064  00001b94  afa20000	sw	0(r29),r2
 1065  00001b98  afa30004	sw	4(r29),r3
 1066  00001b9c  8fc10000	lw	r1,(r30)
 1067  00001ba0  68220000	slti	r2,r1,#0
 1068  00001ba4  1040002c	beqz	r2,L60_LF2
 1069  00001ba8  54000000	nop; delay slot nop
 1070  00001bac  8fc10004	lw	r1,4(r30)
 1071  00001bb0  20220001	addi	r2,r1,#1
 1072  00001bb4  afc20004	sw	4(r30),r2
 1073  00001bb8  2002002d	addi	r2,r0,(#0x2d)&0xff
 1074  00001bbc  a0220000	sb	(r1),r2
 1075  00001bc0  8fc10000	lw	r1,(r30)
 1076  00001bc4  00011022	sub	r2,r0,r1
 1077  00001bc8  afc20000	sw	(r30),r2
 1078  00001bcc  08000118	j	L61_LF2
 1079  00001bd0  54000000	nop; delay slot nop
 1080  00001bd4          	L60_LF2:
 1081  00001bd4  8fc10000	lw	r1,(r30)
 1082  00001bd8  64220000	snei	r2,r1,#0
 1083  00001bdc  14400020	bnez	r2,L62_LF2
 1084  00001be0  54000000	nop; delay slot nop
 1085  00001be4  8fc10004	lw	r1,4(r30)
 1086  00001be8  20220001	addi	r2,r1,#1
 1087  00001bec  afc20004	sw	4(r30),r2
 1088  00001bf0  20020030	addi	r2,r0,(#0x30)&0xff
 1089  00001bf4  a0220000	sb	(r1),r2
 1090  00001bf8  080000ec	j	L61_LF2
 1091  00001bfc  54000000	nop; delay slot nop
 1092  00001c00          	L62_LF2:
 1093  00001c00  20010001	addi	r1,r0,#1
 1094  00001c04  afc1fff4	sw	-12(r30),r1
 1095  00001c08          	L64_LF2:
 1096  00001c08  8fc1fff4	lw	r1,-12(r30)
 1097  00001c0c  8fc20000	lw	r2,(r30)
 1098  00001c10  0022082c	sle	r1,r1,r2
 1099  00001c14  1420000c	bnez	r1,L66_LF2
 1100  00001c18  54000000	nop; delay slot nop
 1101  00001c1c  08000024	j	L65_LF2
 1102  00001c20  54000000	nop; delay slot nop
 1103  00001c24          	L67_LF2:
 1104  00001c24          	L66_LF2:
 1105  00001c24  8fc1fff4	lw	r1,-12(r30)
 1106  00001c28  00011820	add	r3,r0,r1
 1107  00001c2c  50620002	slli	r2,r3,#0x2
 1108  00001c30  00411020	add	r2,r2,r1
 1109  00001c34  50410001	slli	r1,r2,#0x1
 1110  00001c38  afc1fff4	sw	-12(r30),r1
 1111  00001c3c  0bffffc8	j	L64_LF2
 1112  00001c40  54000000	nop; delay slot nop
 1113  00001c44          	L65_LF2:
 1114  00001c44  54000000	nop
 1115  00001c48          	L68_LF2:
 1116  00001c48  8fc1fff4	lw	r1,-12(r30)
 1117  00001c4c  2002000a	addi	r2,r0,#10
 1118  00001c50  00200035	movi2fp	f0,r1
 1119  00001c54  00400835	movi2fp	f1,r2
 1120  00001c58  0401000f	div	f0,f0,f1
 1121  00001c5c  00000834	movfp2i	r1,f0
 1122  00001c60  afc1fff4	sw	-12(r30),r1
 1123  00001c64  8fc10004	lw	r1,4(r30)
 1124  00001c68  20220001	addi	r2,r1,#1
 1125  00001c6c  afc20004	sw	4(r30),r2
 1126  00001c70  8fc20000	lw	r2,(r30)
 1127  00001c74  8fc3fff4	lw	r3,-12(r30)
 1128  00001c78  00400035	movi2fp	f0,r2
 1129  00001c7c  00600835	movi2fp	f1,r3
 1130  00001c80  0401000f	div	f0,f0,f1
 1131  00001c84  00001034	movfp2i	r2,f0
 1132  00001c88  00021820	add	r3,r0,r2
 1133  00001c8c  20620030	addi	r2,r3,#48
 1134  00001c90  a0220000	sb	(r1),r2
 1135  00001c94  8fc10000	lw	r1,(r30)
 1136  00001c98  8fc3fff4	lw	r3,-12(r30)
 1137  00001c9c  00200035	movi2fp	f0,r1
 1138  00001ca0  00600835	movi2fp	f1,r3
 1139  00001ca4  0401000f	div	f0,f0,f1
 1140  00001ca8  00001034	movfp2i	r2,f0
 1141  00001cac  8fc3fff4	lw	r3,-12(r30)
 1142  00001cb0  00400035	movi2fp	f0,r2
 1143  00001cb4  00600835	movi2fp	f1,r3
 1144  00001cb8  0401000e	mult	f0,f0,f1
 1145  00001cbc  00001034	movfp2i	r2,f0
 1146  00001cc0  00220822	sub	r1,r1,r2
 1147  00001cc4  afc10000	sw	(r30),r1
 1148  00001cc8          	L70_LF2:
 1149  00001cc8  8fc1fff4	lw	r1,-12(r30)
 1150  00001ccc  6c220001	sgti	r2,r1,#1
 1151  00001cd0  1440000c	bnez	r2,L71_LF2
 1152  00001cd4  54000000	nop; delay slot nop
 1153  00001cd8  0800000c	j	L61_LF2
 1154  00001cdc  54000000	nop; delay slot nop
 1155  00001ce0          	L71_LF2:
 1156  00001ce0  0bffff64	j	L68_LF2
 1157  00001ce4  54000000	nop; delay slot nop
 1158  00001ce8          	L69_LF2:
 1159  00001ce8          	L63_LF2:
 1160  00001ce8          	L61_LF2:
 1161  00001ce8  8fc10004	lw	r1,4(r30)
 1162  00001cec  20020000	addi	r2,r0,(#0x0)&0xff
 1163  00001cf0  a0220000	sb	(r1),r2
 1164  00001cf4          	L59_LF2:
 1165  00001cf4  8fa20000	lw	r2,0(r29)
 1166  00001cf8  8fa30004	lw	r3,4(r29)
 1167  00001cfc  8fdffff8	lw	r31,-8(r30)
 1168  00001d00  001ee820	add	r29,r0,r30
 1169  00001d04  8fdefffc	lw	r30,-4(r30)
 1170  00001d08  4be00000	jr	r31
 1171  00001d0c  54000000	nop
 1172  00001d10          	.endproc _ditoa
 1173  00001d10          	.align 2
 1174  00001d10          	.proc _dstrtol
 1175  00001d10          	.global _dstrtol
 1176  00001d10          	_dstrtol:
 1177                      ;  Function 'dstrtol'; 16 bytes of locals, 1 regs to save.
 1178  00001d10  afbefffc	sw	-4(r29),r30; push fp
 1179  00001d14  001df020	add	r30,r0,r29; fp = sp
 1180  00001d18  afbffff8	sw	-8(r29),r31; push ret addr
 1181  00001d1c  2fbd0020	subui	r29,r29,#32; alloc local storage
 1182  00001d20  afa20000	sw	0(r29),r2
 1183  00001d24  20010000	addi	r1,r0,#0
 1184  00001d28  afc1fff4	sw	-12(r30),r1
 1185  00001d2c          	L73_LF2:
 1186  00001d2c  8fc10000	lw	r1,(r30)
 1187  00001d30  90220000	lbu	r2,(r1)
 1188  00001d34  60410020	seqi	r1,r2,#32
 1189  00001d38  14200034	bnez	r1,L75_LF2
 1190  00001d3c  54000000	nop; delay slot nop
 1191  00001d40  8fc10000	lw	r1,(r30)
 1192  00001d44  90220000	lbu	r2,(r1)
 1193  00001d48  60410009	seqi	r1,r2,#9
 1194  00001d4c  14200020	bnez	r1,L75_LF2
 1195  00001d50  54000000	nop; delay slot nop
 1196  00001d54  8fc10000	lw	r1,(r30)
 1197  00001d58  90220000	lbu	r2,(r1)
 1198  00001d5c  6041000a	seqi	r1,r2,#10
 1199  00001d60  1420000c	bnez	r1,L75_LF2
 1200  00001d64  54000000	nop; delay slot nop
 1201  00001d68  0800001c	j	L74_LF2
 1202  00001d6c  54000000	nop; delay slot nop
 1203  00001d70          	L75_LF2:
 1204  00001d70  8fc20000	lw	r2,(r30)
 1205  00001d74  20410001	addi	r1,r2,#1
 1206  00001d78  00011020	add	r2,r0,r1
 1207  00001d7c  afc20000	sw	(r30),r2
 1208  00001d80  0bffffa8	j	L73_LF2
 1209  00001d84  54000000	nop; delay slot nop
 1210  00001d88          	L74_LF2:
 1211  00001d88  8fc10004	lw	r1,4(r30)
 1212  00001d8c  64220000	snei	r2,r1,#0
 1213  00001d90  10400010	beqz	r2,L76_LF2
 1214  00001d94  54000000	nop; delay slot nop
 1215  00001d98  8fc10004	lw	r1,4(r30)
 1216  00001d9c  8fc20000	lw	r2,(r30)
 1217  00001da0  ac220000	sw	(r1),r2
 1218  00001da4          	L76_LF2:
 1219  00001da4  8fc10000	lw	r1,(r30)
 1220  00001da8  90220000	lbu	r2,(r1)
 1221  00001dac  64410000	snei	r1,r2,#0
 1222  00001db0  14200010	bnez	r1,L77_LF2
 1223  00001db4  54000000	nop; delay slot nop
 1224  00001db8  8fc1fff4	lw	r1,-12(r30)
 1225  00001dbc  08000294	j	L72_LF2
 1226  00001dc0  54000000	nop; delay slot nop
 1227  00001dc4          	L77_LF2:
 1228  00001dc4  8fc10000	lw	r1,(r30)
 1229  00001dc8  90220000	lbu	r2,(r1)
 1230  00001dcc  6041002d	seqi	r1,r2,#45
 1231  00001dd0  10200024	beqz	r1,L78_LF2
 1232  00001dd4  54000000	nop; delay slot nop
 1233  00001dd8  2001ffff	addi	r1,r0,#-1
 1234  00001ddc  afc1ffec	sw	-20(r30),r1
 1235  00001de0  8fc20000	lw	r2,(r30)
 1236  00001de4  20410001	addi	r1,r2,#1
 1237  00001de8  00011020	add	r2,r0,r1
 1238  00001dec  afc20000	sw	(r30),r2
 1239  00001df0  0800000c	j	L79_LF2
 1240  00001df4  54000000	nop; delay slot nop
 1241  00001df8          	L78_LF2:
 1242  00001df8  20010001	addi	r1,r0,#1
 1243  00001dfc  afc1ffec	sw	-20(r30),r1
 1244  00001e00          	L79_LF2:
 1245  00001e00  8fc10008	lw	r1,8(r30)
 1246  00001e04  64220000	snei	r2,r1,#0
 1247  00001e08  14400090	bnez	r2,L80_LF2
 1248  00001e0c  54000000	nop; delay slot nop
 1249  00001e10  8fc10000	lw	r1,(r30)
 1250  00001e14  90220000	lbu	r2,(r1)
 1251  00001e18  60410030	seqi	r1,r2,#48
 1252  00001e1c  10200074	beqz	r1,L81_LF2
 1253  00001e20  54000000	nop; delay slot nop
 1254  00001e24  8fc20000	lw	r2,(r30)
 1255  00001e28  20410001	addi	r1,r2,#1
 1256  00001e2c  00011020	add	r2,r0,r1
 1257  00001e30  afc20000	sw	(r30),r2
 1258  00001e34  8fc10000	lw	r1,(r30)
 1259  00001e38  90220000	lbu	r2,(r1)
 1260  00001e3c  60410078	seqi	r1,r2,#120
 1261  00001e40  14200020	bnez	r1,L83_LF2
 1262  00001e44  54000000	nop; delay slot nop
 1263  00001e48  8fc10000	lw	r1,(r30)
 1264  00001e4c  90220000	lbu	r2,(r1)
 1265  00001e50  60410058	seqi	r1,r2,#88
 1266  00001e54  1420000c	bnez	r1,L83_LF2
 1267  00001e58  54000000	nop; delay slot nop
 1268  00001e5c  08000024	j	L82_LF2
 1269  00001e60  54000000	nop; delay slot nop
 1270  00001e64          	L83_LF2:
 1271  00001e64  20010010	addi	r1,r0,#16
 1272  00001e68  afc10008	sw	8(r30),r1
 1273  00001e6c  8fc20000	lw	r2,(r30)
 1274  00001e70  20410001	addi	r1,r2,#1
 1275  00001e74  00011020	add	r2,r0,r1
 1276  00001e78  afc20000	sw	(r30),r2
 1277  00001e7c  0800000c	j	L84_LF2
 1278  00001e80  54000000	nop; delay slot nop
 1279  00001e84          	L82_LF2:
 1280  00001e84  20010008	addi	r1,r0,#8
 1281  00001e88  afc10008	sw	8(r30),r1
 1282  00001e8c          	L84_LF2:
 1283  00001e8c  0800000c	j	L80_LF2
 1284  00001e90  54000000	nop; delay slot nop
 1285  00001e94          	L81_LF2:
 1286  00001e94  2001000a	addi	r1,r0,#10
 1287  00001e98  afc10008	sw	8(r30),r1
 1288  00001e9c          	L85_LF2:
 1289  00001e9c          	L80_LF2:
 1290  00001e9c  8fc10008	lw	r1,8(r30)
 1291  00001ea0  70220000	slei	r2,r1,#0
 1292  00001ea4  1440001c	bnez	r2,L87_LF2
 1293  00001ea8  54000000	nop; delay slot nop
 1294  00001eac  8fc10008	lw	r1,8(r30)
 1295  00001eb0  6c220010	sgti	r2,r1,#16
 1296  00001eb4  1440000c	bnez	r2,L87_LF2
 1297  00001eb8  54000000	nop; delay slot nop
 1298  00001ebc  08000010	j	L86_LF2
 1299  00001ec0  54000000	nop; delay slot nop
 1300  00001ec4          	L87_LF2:
 1301  00001ec4  8fc1fff4	lw	r1,-12(r30)
 1302  00001ec8  08000188	j	L72_LF2
 1303  00001ecc  54000000	nop; delay slot nop
 1304  00001ed0          	L86_LF2:
 1305  00001ed0  54000000	nop
 1306  00001ed4          	L88_LF2:
 1307  00001ed4  8fc10000	lw	r1,(r30)
 1308  00001ed8  90220000	lbu	r2,(r1)
 1309  00001edc  6c41002f	sgtui	r1,r2,#47
 1310  00001ee0  10200030	beqz	r1,L91_LF2
 1311  00001ee4  54000000	nop; delay slot nop
 1312  00001ee8  8fc10000	lw	r1,(r30)
 1313  00001eec  90220000	lbu	r2,(r1)
 1314  00001ef0  70410039	sleui	r1,r2,#57
 1315  00001ef4  1020001c	beqz	r1,L91_LF2
 1316  00001ef8  54000000	nop; delay slot nop
 1317  00001efc  8fc10000	lw	r1,(r30)
 1318  00001f00  90220000	lbu	r2,(r1)
 1319  00001f04  2041ffd0	addi	r1,r2,#-48
 1320  00001f08  afc1fff0	sw	-16(r30),r1
 1321  00001f0c  0800008c	j	L92_LF2
 1322  00001f10  54000000	nop; delay slot nop
 1323  00001f14          	L91_LF2:
 1324  00001f14  8fc10000	lw	r1,(r30)
 1325  00001f18  90220000	lbu	r2,(r1)
 1326  00001f1c  6c410060	sgtui	r1,r2,#96
 1327  00001f20  10200030	beqz	r1,L93_LF2
 1328  00001f24  54000000	nop; delay slot nop
 1329  00001f28  8fc10000	lw	r1,(r30)
 1330  00001f2c  90220000	lbu	r2,(r1)
 1331  00001f30  7041007a	sleui	r1,r2,#122
 1332  00001f34  1020001c	beqz	r1,L93_LF2
 1333  00001f38  54000000	nop; delay slot nop
 1334  00001f3c  8fc10000	lw	r1,(r30)
 1335  00001f40  90220000	lbu	r2,(r1)
 1336  00001f44  2041ffa9	addi	r1,r2,#-87
 1337  00001f48  afc1fff0	sw	-16(r30),r1
 1338  00001f4c  0800004c	j	L92_LF2
 1339  00001f50  54000000	nop; delay slot nop
 1340  00001f54          	L93_LF2:
 1341  00001f54  8fc10000	lw	r1,(r30)
 1342  00001f58  90220000	lbu	r2,(r1)
 1343  00001f5c  6c410040	sgtui	r1,r2,#64
 1344  00001f60  10200030	beqz	r1,L95_LF2
 1345  00001f64  54000000	nop; delay slot nop
 1346  00001f68  8fc10000	lw	r1,(r30)
 1347  00001f6c  90220000	lbu	r2,(r1)
 1348  00001f70  7041005a	sleui	r1,r2,#90
 1349  00001f74  1020001c	beqz	r1,L95_LF2
 1350  00001f78  54000000	nop; delay slot nop
 1351  00001f7c  8fc10000	lw	r1,(r30)
 1352  00001f80  90220000	lbu	r2,(r1)
 1353  00001f84  2041ffc9	addi	r1,r2,#-55
 1354  00001f88  afc1fff0	sw	-16(r30),r1
 1355  00001f8c  0800000c	j	L92_LF2
 1356  00001f90  54000000	nop; delay slot nop
 1357  00001f94          	L95_LF2:
 1358  00001f94  200103e8	addi	r1,r0,#1000
 1359  00001f98  afc1fff0	sw	-16(r30),r1
 1360  00001f9c          	L96_LF2:
 1361  00001f9c          	L94_LF2:
 1362  00001f9c          	L92_LF2:
 1363  00001f9c  8fc1fff0	lw	r1,-16(r30)
 1364  00001fa0  8fc20008	lw	r2,8(r30)
 1365  00001fa4  0022082a	slt	r1,r1,r2
 1366  00001fa8  10200040	beqz	r1,L90_LF2
 1367  00001fac  54000000	nop; delay slot nop
 1368  00001fb0  8fc1fff4	lw	r1,-12(r30)
 1369  00001fb4  8fc20008	lw	r2,8(r30)
 1370  00001fb8  00200035	movi2fp	f0,r1
 1371  00001fbc  00400835	movi2fp	f1,r2
 1372  00001fc0  0401000e	mult	f0,f0,f1
 1373  00001fc4  00000834	movfp2i	r1,f0
 1374  00001fc8  afc1fff4	sw	-12(r30),r1
 1375  00001fcc  8fc1fff4	lw	r1,-12(r30)
 1376  00001fd0  8fc2fff0	lw	r2,-16(r30)
 1377  00001fd4  00220820	add	r1,r1,r2
 1378  00001fd8  afc1fff4	sw	-12(r30),r1
 1379  00001fdc  8fc20000	lw	r2,(r30)
 1380  00001fe0  20410001	addi	r1,r2,#1
 1381  00001fe4  00011020	add	r2,r0,r1
 1382  00001fe8  afc20000	sw	(r30),r2
 1383  00001fec          	L97_LF2:
 1384  00001fec          	L90_LF2:
 1385  00001fec  8fc1fff0	lw	r1,-16(r30)
 1386  00001ff0  8fc20008	lw	r2,8(r30)
 1387  00001ff4  0022082a	slt	r1,r1,r2
 1388  00001ff8  1420000c	bnez	r1,L98_LF2
 1389  00001ffc  54000000	nop; delay slot nop
 1390  00002000  0800000c	j	L89_LF2
 1391  00002004  54000000	nop; delay slot nop
 1392  00002008          	L98_LF2:
 1393  00002008  0bfffec8	j	L88_LF2
 1394  0000200c  54000000	nop; delay slot nop
 1395  00002010          	L89_LF2:
 1396  00002010  8fc10004	lw	r1,4(r30)
 1397  00002014  64220000	snei	r2,r1,#0
 1398  00002018  10400010	beqz	r2,L99_LF2
 1399  0000201c  54000000	nop; delay slot nop
 1400  00002020  8fc10004	lw	r1,4(r30)
 1401  00002024  8fc20000	lw	r2,(r30)
 1402  00002028  ac220000	sw	(r1),r2
 1403  0000202c          	L99_LF2:
 1404  0000202c  8fc1fff4	lw	r1,-12(r30)
 1405  00002030  8fc2ffec	lw	r2,-20(r30)
 1406  00002034  00200035	movi2fp	f0,r1
 1407  00002038  00400835	movi2fp	f1,r2
 1408  0000203c  0401000e	mult	f0,f0,f1
 1409  00002040  00000834	movfp2i	r1,f0
 1410  00002044  afc1fff4	sw	-12(r30),r1
 1411  00002048  8fc1fff4	lw	r1,-12(r30)
 1412  0000204c  08000004	j	L72_LF2
 1413  00002050  54000000	nop; delay slot nop
 1414  00002054          	L72_LF2:
 1415  00002054  8fa20000	lw	r2,0(r29)
 1416  00002058  8fdffff8	lw	r31,-8(r30)
 1417  0000205c  001ee820	add	r29,r0,r30
 1418  00002060  8fdefffc	lw	r30,-4(r30)
 1419  00002064  4be00000	jr	r31
 1420  00002068  54000000	nop
 1421  0000206c          	.endproc _dstrtol
 1422  0000206c          	.align 2
 1423  0000206c          	.proc _bcopy
 1424  0000206c          	.global _bcopy
 1425  0000206c          	_bcopy:
 1426                      ;  Function 'bcopy'; 0 bytes of locals, 2 regs to save.
 1427  0000206c  afbefffc	sw	-4(r29),r30; push fp
 1428  00002070  001df020	add	r30,r0,r29; fp = sp
 1429  00002074  afbffff8	sw	-8(r29),r31; push ret addr
 1430  00002078  2fbd0010	subui	r29,r29,#16; alloc local storage
 1431  0000207c  afa20000	sw	0(r29),r2
 1432  00002080  afa30004	sw	4(r29),r3
 1433  00002084  54000000	nop
 1434  00002088          	L101_LF2:
 1435  00002088  8fc10008	lw	r1,8(r30)
 1436  0000208c  2022ffff	addi	r2,r1,#-1
 1437  00002090  afc20008	sw	8(r30),r2
 1438  00002094  6c210000	sgti	r1,r1,#0
 1439  00002098  1420000c	bnez	r1,L103_LF2
 1440  0000209c  54000000	nop; delay slot nop
 1441  000020a0  0800002c	j	L102_LF2
 1442  000020a4  54000000	nop; delay slot nop
 1443  000020a8          	L103_LF2:
 1444  000020a8  8fc10004	lw	r1,4(r30)
 1445  000020ac  20220001	addi	r2,r1,#1
 1446  000020b0  afc20004	sw	4(r30),r2
 1447  000020b4  8fc20000	lw	r2,(r30)
 1448  000020b8  20430001	addi	r3,r2,#1
 1449  000020bc  afc30000	sw	(r30),r3
 1450  000020c0  80420000	lb	r2,(r2)
 1451  000020c4  a0220000	sb	(r1),r2
 1452  000020c8  0bffffbc	j	L101_LF2
 1453  000020cc  54000000	nop; delay slot nop
 1454  000020d0          	L102_LF2:
 1455  000020d0          	L100_LF2:
 1456  000020d0  8fa20000	lw	r2,0(r29)
 1457  000020d4  8fa30004	lw	r3,4(r29)
 1458  000020d8  8fdffff8	lw	r31,-8(r30)
 1459  000020dc  001ee820	add	r29,r0,r30
 1460  000020e0  8fdefffc	lw	r30,-4(r30)
 1461  000020e4  4be00000	jr	r31
 1462  000020e8  54000000	nop
 1463  000020ec          	.endproc _bcopy
 1464  000020ec          	.align 2
 1465  000020ec          	.proc _bzero
 1466  000020ec          	.global _bzero
 1467  000020ec          	_bzero:
 1468                      ;  Function 'bzero'; 0 bytes of locals, 1 regs to save.
 1469  000020ec  afbefffc	sw	-4(r29),r30; push fp
 1470  000020f0  001df020	add	r30,r0,r29; fp = sp
 1471  000020f4  afbffff8	sw	-8(r29),r31; push ret addr
 1472  000020f8  2fbd0010	subui	r29,r29,#16; alloc local storage
 1473  000020fc  afa20000	sw	0(r29),r2
 1474  00002100  54000000	nop
 1475  00002104          	L105_LF2:
 1476  00002104  8fc10004	lw	r1,4(r30)
 1477  00002108  2022ffff	addi	r2,r1,#-1
 1478  0000210c  afc20004	sw	4(r30),r2
 1479  00002110  6c210000	sgti	r1,r1,#0
 1480  00002114  1420000c	bnez	r1,L107_LF2
 1481  00002118  54000000	nop; delay slot nop
 1482  0000211c  08000020	j	L106_LF2
 1483  00002120  54000000	nop; delay slot nop
 1484  00002124          	L107_LF2:
 1485  00002124  8fc10000	lw	r1,(r30)
 1486  00002128  20220001	addi	r2,r1,#1
 1487  0000212c  afc20000	sw	(r30),r2
 1488  00002130  20020000	addi	r2,r0,(#0x0)&0xff
 1489  00002134  a0220000	sb	(r1),r2
 1490  00002138  0bffffc8	j	L105_LF2
 1491  0000213c  54000000	nop; delay slot nop
 1492  00002140          	L106_LF2:
 1493  00002140          	L104_LF2:
 1494  00002140  8fa20000	lw	r2,0(r29)
 1495  00002144  8fdffff8	lw	r31,-8(r30)
 1496  00002148  001ee820	add	r29,r0,r30
 1497  0000214c  8fdefffc	lw	r30,-4(r30)
 1498  00002150  4be00000	jr	r31
 1499  00002154  54000000	nop
 1500  00002158          	.endproc _bzero
 1501  00002158          	.align 2
 1502  00002158          	.proc _min
 1503  00002158          	.global _min
 1504  00002158          	_min:
 1505                      ;  Function 'min'; 0 bytes of locals, 2 regs to save.
 1506  00002158  afbefffc	sw	-4(r29),r30; push fp
 1507  0000215c  001df020	add	r30,r0,r29; fp = sp
 1508  00002160  afbffff8	sw	-8(r29),r31; push ret addr
 1509  00002164  2fbd0010	subui	r29,r29,#16; alloc local storage
 1510  00002168  afa20000	sw	0(r29),r2
 1511  0000216c  afa30004	sw	4(r29),r3
 1512  00002170  8fc10000	lw	r1,(r30)
 1513  00002174  8fc20004	lw	r2,4(r30)
 1514  00002178  0022182c	sle	r3,r1,r2
 1515  0000217c  14600008	bnez	r3,L109_LF2
 1516  00002180  54000000	nop; delay slot nop
 1517  00002184  8fc10004	lw	r1,4(r30)
 1518  00002188          	L109_LF2:
 1519  00002188  08000004	j	L108_LF2
 1520  0000218c  54000000	nop; delay slot nop
 1521  00002190          	L108_LF2:
 1522  00002190  8fa20000	lw	r2,0(r29)
 1523  00002194  8fa30004	lw	r3,4(r29)
 1524  00002198  8fdffff8	lw	r31,-8(r30)
 1525  0000219c  001ee820	add	r29,r0,r30
 1526  000021a0  8fdefffc	lw	r30,-4(r30)
 1527  000021a4  4be00000	jr	r31
 1528  000021a8  54000000	nop
 1529  000021ac          	.endproc _min
 1530                      ;;; Ethan L. Miller, 1999.  Released to the public domain
 1531                      ;;;
 1532                      ;;; Most of the traps are called in files from libtraps.
 1535  000021ac          	.align 2
 1536  000021ac          	.proc _exit
 1537  000021ac          	.global _exit
 1538  000021ac          	_exit:
 1539  000021ac  44000300	trap	#0x300
 1540  000021b0  4be00000	jr	r31
 1541  000021b4  54000000	nop
 1542  000021b8          	.endproc _exit
 1544                      ; for the benefit of gcc.
 1545  000021b8          	.proc ___main
 1546  000021b8          	.global ___main
 1547  000021b8          	___main:
 1548  000021b8  4be00000	jr	r31
 1549  000021bc  54000000	nop
 1550  000021c0          	.endproc ___main
 1551  000021c0          	.text
 1552  000021c0          	.global _etext
 1553  000021c0          	_etext:
 1554  000021c0          	.align 3
 1555  000021c0          	.data
 1556  00003132          	.global _edata
 1557  00003132          	_edata:
