 line   address	contents
    1                      ; Linked by DLX-LD.
    2                      ; MemSize 24576
    3                      ; Data size: 358
    4                      ; Text size: 4628
    5                      ; Stack size: 8192
    6  00000000          	.text 0x1000
    7  00001000          	.data 0x3000
    8                      ; Compiled by GCC
    9  00003000          	.text
   10  00001000          	.align 2
   11  00001000          	.proc _isspace
   12  00001000          	.global _isspace
   13  00001000          	_isspace:
   14                      ;  Function 'isspace'; 0 bytes of locals, 1 regs to save.
   15  00001000  afbefffc	sw	-4(r29),r30; push fp
   16  00001004  001df020	add	r30,r0,r29; fp = sp
   17  00001008  afbffff8	sw	-8(r29),r31; push ret addr
   18  0000100c  2fbd0010	subui	r29,r29,#16; alloc local storage
   19  00001010  afa20000	sw	0(r29),r2
   20  00001014  83c20003	lb	r2,3(r30)
   21  00001018  201f0000	addi	r31,r0,#0
   22  0000101c  304100ff	andi	r1,r2,#0x00ff
   23  00001020  60210020	seqi	r1,r1,#32
   24  00001024  14200018	bnez	r1,L6_LF0
   25  00001028  54000000	nop; not filled.
   26  0000102c  2041fff7	addi	r1,r2,#-9
   27  00001030  302100ff	andi	r1,r1,#0x00ff
   28  00001034  70210001	sleui	r1,r1,#1
   29  00001038  10200008	beqz	r1,L5_LF0
   30  0000103c  54000000	nop; not filled.
   31  00001040          	L6_LF0:
   32  00001040  201f0001	addi	r31,r0,#1
   33  00001044          	L5_LF0:
   34  00001044  001f0820	add	r1,r0,r31
   35  00001048  8fa20000	lw	r2,0(r29)
   36  0000104c  8fdffff8	lw	r31,-8(r30)
   37  00001050  001ee820	add	r29,r0,r30
   38  00001054  8fdefffc	lw	r30,-4(r30)
   39  00001058  4be00000	jr	r31
   40  0000105c  54000000	nop
   41  00001060          	.endproc _isspace
   42  00001060          	.align 2
   43  00001060          	.proc _isxdigit
   44  00001060          	.global _isxdigit
   45  00001060          	_isxdigit:
   46                      ;  Function 'isxdigit'; 0 bytes of locals, 1 regs to save.
   47  00001060  afbefffc	sw	-4(r29),r30; push fp
   48  00001064  001df020	add	r30,r0,r29; fp = sp
   49  00001068  afbffff8	sw	-8(r29),r31; push ret addr
   50  0000106c  2fbd0010	subui	r29,r29,#16; alloc local storage
   51  00001070  afa20000	sw	0(r29),r2
   52  00001074  83df0003	lb	r31,3(r30)
   53  00001078  20020000	addi	r2,r0,#0
   54  0000107c  23e1ffd0	addi	r1,r31,#-48
   55  00001080  302100ff	andi	r1,r1,#0x00ff
   56  00001084  70210009	sleui	r1,r1,#9
   57  00001088  14200028	bnez	r1,L12_LF0
   58  0000108c  54000000	nop; not filled.
   59  00001090  23e1ff9f	addi	r1,r31,#-97
   60  00001094  302100ff	andi	r1,r1,#0x00ff
   61  00001098  70210005	sleui	r1,r1,#5
   62  0000109c  14200014	bnez	r1,L12_LF0
   63  000010a0  54000000	nop; not filled.
   64  000010a4  33e100ff	andi	r1,r31,#0x00ff
   65  000010a8  64210041	snei	r1,r1,#65
   66  000010ac  14200008	bnez	r1,L11_LF0
   67  000010b0  54000000	nop; not filled.
   68  000010b4          	L12_LF0:
   69  000010b4  20020001	addi	r2,r0,#1
   70  000010b8          	L11_LF0:
   71  000010b8  00020820	add	r1,r0,r2
   72  000010bc  8fa20000	lw	r2,0(r29)
   73  000010c0  8fdffff8	lw	r31,-8(r30)
   74  000010c4  001ee820	add	r29,r0,r30
   75  000010c8  8fdefffc	lw	r30,-4(r30)
   76  000010cc  4be00000	jr	r31
   77  000010d0  54000000	nop
   78  000010d4          	.endproc _isxdigit
   79  000010d4          	.data
   80  00003000          	.align 2
   81  00003000          	LC0_LF0:
   82  00003000  52656163	.ascii "Reaction 3: starting\n\000"
   82  00003004  74696f6e	
   82  00003008  20333a20	
   82  0000300c  73746172	
   82  00003010  74696e67	
   82  00003014  0a00    	
   83  00003016          	.align 2
   84  00003018          	LC1_LF0:
   85  00003018  55736167	.ascii "Usage: \000"
   85  0000301c  653a2000	
   86  00003020          	.align 2
   87  00003020          	LC2_LF0:
   88  00003020  203c6861	.ascii " <handle_to_proc_semaphore> <handle_to_N_semaphore> <handle_to_O2_sema"
   88  00003024  6e646c65	
   88  00003028  5f746f5f	
   88  0000302c  70726f63	
   88  00003030  5f73656d	
   88  00003034  6170686f	
   88  00003038  72653e20	
   88  0000303c  3c68616e	
   88  00003040  646c655f	
   88  00003044  746f5f4e	
   88  00003048  5f73656d	
   88  0000304c  6170686f	
   88  00003050  72653e20	
   88  00003054  3c68616e	
   88  00003058  646c655f	
   88  0000305c  746f5f4f	
   88  00003060  325f7365	
   88  00003064  6d61    	
   89  00003066  70686f72	.ascii "phore> <handle_to_NO2_semaphore> <number of reactions to complete>\n\000"
   89  0000306a  653e203c	
   89  0000306e  68616e64	
   89  00003072  6c655f74	
   89  00003076  6f5f4e4f	
   89  0000307a  325f7365	
   89  0000307e  6d617068	
   89  00003082  6f72653e	
   89  00003086  203c6e75	
   89  0000308a  6d626572	
   89  0000308e  206f6620	
   89  00003092  72656163	
   89  00003096  74696f6e	
   89  0000309a  7320746f	
   89  0000309e  20636f6d	
   89  000030a2  706c6574	
   89  000030a6  653e0a00	
   90  000030aa          	.align 2
   91  000030ac          	LC3_LF0:
   92  000030ac  42616420	.ascii "Bad Semaphore s_n\n\000"
   92  000030b0  53656d61	
   92  000030b4  70686f72	
   92  000030b8  6520735f	
   92  000030bc  6e0a00  	
   93  000030bf          	.align 2
   94  000030c0          	LC4_LF0:
   95  000030c0  42616420	.ascii "Bad Semaphore s_o2\n\000"
   95  000030c4  53656d61	
   95  000030c8  70686f72	
   95  000030cc  6520735f	
   95  000030d0  6f320a00	
   96  000030d4          	.align 2
   97  000030d4          	LC5_LF0:
   98  000030d4  42616420	.ascii "Bad semaphore s_no2\n\000"
   98  000030d8  73656d61	
   98  000030dc  70686f72	
   98  000030e0  6520735f	
   98  000030e4  6e6f320a	
   98  000030e8  00      	
   99  000030e9          	.align 2
  100  000030ec          	LC6_LF0:
  101  000030ec  52656163	.ascii "Reaction 3: NO2 produced\n\000"
  101  000030f0  74696f6e	
  101  000030f4  20333a20	
  101  000030f8  4e4f3220	
  101  000030fc  70726f64	
  101  00003100  75636564	
  101  00003104  0a00    	
  102  00003106          	.align 2
  103  00003108          	LC7_LF0:
  104  00003108  52656163	.ascii "Reaction 3: PID %d is complete.\n\000"
  104  0000310c  74696f6e	
  104  00003110  20333a20	
  104  00003114  50494420	
  104  00003118  25642069	
  104  0000311c  7320636f	
  104  00003120  6d706c65	
  104  00003124  74652e0a	
  104  00003128  00      	
  105  00003129          	.align 2
  106  0000312c          	LC8_LF0:
  107  0000312c  42616420	.ascii "Bad semaphore s_procs_completed (%d) in \000"
  107  00003130  73656d61	
  107  00003134  70686f72	
  107  00003138  6520735f	
  107  0000313c  70726f63	
  107  00003140  735f636f	
  107  00003144  6d706c65	
  107  00003148  74656420	
  107  0000314c  28256429	
  107  00003150  20696e20	
  107  00003154  00      	
  108  00003155          	.align 2
  109  00003158          	LC9_LF0:
  110  00003158  2c206578	.ascii ", exiting...\n\000"
  110  0000315c  6974696e	
  110  00003160  672e2e2e	
  110  00003164  0a00    	
  111  00003166          	.text
  112  000010d4          	.align 2
  113  000010d4          	.proc _main
  114  000010d4          	.global _main
  115  000010d4          	_main:
  116                      ;  Function 'main'; 0 bytes of locals, 0 regs to save.
  117  000010d4  afbefffc	sw	-4(r29),r30; push fp
  118  000010d8  001df020	add	r30,r0,r29; fp = sp
  119  000010dc  afbffff8	sw	-8(r29),r31; push ret addr
  120  000010e0  2fbd0008	subui	r29,r29,#8; alloc local storage
  121  000010e4  8fc20000	lw	r2,(r30)
  122  000010e8  8fc40004	lw	r4,4(r30)
  123  000010ec  0c00111c	jal	___main
  124  000010f0  54000000	nop; not filled.
  125  000010f4  20030000	addi	r3,r0,#0
  126  000010f8  23bdfff8	addi	r29,r29,#-8
  127  000010fc  3c090000	lhi	r9,((LC0_LF0)>>16)&0xffff
  128  00001100  25293000	addui	r9,r9,(LC0_LF0)&0xffff
  129  00001104  afa90000	sw	(r29),r9
  130  00001108  0c0002f8	jal	_Printf
  131  0000110c  54000000	nop; not filled.
  132  00001110  23bd0008	addi	r29,r29,#8
  133  00001114  64410006	snei	r1,r2,#6
  134  00001118  1020004c	beqz	r1,L14_LF0
  135  0000111c  54000000	nop; not filled.
  136  00001120  23bdfff8	addi	r29,r29,#-8
  137  00001124  3c090000	lhi	r9,((LC1_LF0)>>16)&0xffff
  138  00001128  25293018	addui	r9,r9,(LC1_LF0)&0xffff
  139  0000112c  afa90000	sw	(r29),r9
  140  00001130  0c0002d0	jal	_Printf
  141  00001134  54000000	nop; not filled.
  142  00001138  8c890000	lw	r9,(r4)
  143  0000113c  afa90000	sw	(r29),r9
  144  00001140  0c0002c0	jal	_Printf
  145  00001144  54000000	nop; not filled.
  146  00001148  3c090000	lhi	r9,((LC2_LF0)>>16)&0xffff
  147  0000114c  25293020	addui	r9,r9,(LC2_LF0)&0xffff
  148  00001150  afa90000	sw	(r29),r9
  149  00001154  0c0002ac	jal	_Printf
  150  00001158  54000000	nop; not filled.
  151  0000115c  0c000358	jal	_Exit
  152  00001160  54000000	nop; not filled.
  153  00001164  23bd0008	addi	r29,r29,#8
  154  00001168          	L14_LF0:
  155  00001168  23bdfff0	addi	r29,r29,#-16
  156  0000116c  8c890004	lw	r9,4(r4)
  157  00001170  afa90000	sw	(r29),r9
  158  00001174  20090000	addi	r9,r0,#0
  159  00001178  afa90004	sw	4(r29),r9
  160  0000117c  2009000a	addi	r9,r0,#10
  161  00001180  afa90008	sw	8(r29),r9
  162  00001184  0c000bdc	jal	_dstrtol
  163  00001188  54000000	nop; not filled.
  164  0000118c  00014020	add	r8,r0,r1
  165  00001190  8c890008	lw	r9,8(r4)
  166  00001194  afa90000	sw	(r29),r9
  167  00001198  20090000	addi	r9,r0,#0
  168  0000119c  afa90004	sw	4(r29),r9
  169  000011a0  2009000a	addi	r9,r0,#10
  170  000011a4  afa90008	sw	8(r29),r9
  171  000011a8  0c000bb8	jal	_dstrtol
  172  000011ac  54000000	nop; not filled.
  173  000011b0  00013820	add	r7,r0,r1
  174  000011b4  8c89000c	lw	r9,12(r4)
  175  000011b8  afa90000	sw	(r29),r9
  176  000011bc  20090000	addi	r9,r0,#0
  177  000011c0  afa90004	sw	4(r29),r9
  178  000011c4  2009000a	addi	r9,r0,#10
  179  000011c8  afa90008	sw	8(r29),r9
  180  000011cc  0c000b94	jal	_dstrtol
  181  000011d0  54000000	nop; not filled.
  182  000011d4  00013020	add	r6,r0,r1
  183  000011d8  8c890010	lw	r9,16(r4)
  184  000011dc  afa90000	sw	(r29),r9
  185  000011e0  20090000	addi	r9,r0,#0
  186  000011e4  afa90004	sw	4(r29),r9
  187  000011e8  2009000a	addi	r9,r0,#10
  188  000011ec  afa90008	sw	8(r29),r9
  189  000011f0  0c000b70	jal	_dstrtol
  190  000011f4  54000000	nop; not filled.
  191  000011f8  00012820	add	r5,r0,r1
  192  000011fc  8c890014	lw	r9,20(r4)
  193  00001200  afa90000	sw	(r29),r9
  194  00001204  20090000	addi	r9,r0,#0
  195  00001208  afa90004	sw	4(r29),r9
  196  0000120c  2009000a	addi	r9,r0,#10
  197  00001210  afa90008	sw	8(r29),r9
  198  00001214  0c000b4c	jal	_dstrtol
  199  00001218  54000000	nop; not filled.
  200  0000121c  00011020	add	r2,r0,r1
  201  00001220  23bd0010	addi	r29,r29,#16
  202  00001224  0062082a	slt	r1,r3,r2
  203  00001228  102000fc	beqz	r1,L16_LF0
  204  0000122c  54000000	nop; not filled.
  205  00001230          	L17_LF0:
  206  00001230  23bdfff8	addi	r29,r29,#-8
  207  00001234  afa70000	sw	(r29),r7
  208  00001238  0c000210	jal	_sem_wait
  209  0000123c  54000000	nop; not filled.
  210  00001240  23bd0008	addi	r29,r29,#8
  211  00001244  64210001	snei	r1,r1,#1
  212  00001248  10200028	beqz	r1,L18_LF0
  213  0000124c  54000000	nop; not filled.
  214  00001250  23bdfff8	addi	r29,r29,#-8
  215  00001254  3c090000	lhi	r9,((LC3_LF0)>>16)&0xffff
  216  00001258  252930ac	addui	r9,r9,(LC3_LF0)&0xffff
  217  0000125c  afa90000	sw	(r29),r9
  218  00001260  0c0001a0	jal	_Printf
  219  00001264  54000000	nop; not filled.
  220  00001268  0c00024c	jal	_Exit
  221  0000126c  54000000	nop; not filled.
  222  00001270  23bd0008	addi	r29,r29,#8
  223  00001274          	L18_LF0:
  224  00001274  23bdfff8	addi	r29,r29,#-8
  225  00001278  afa60000	sw	(r29),r6
  226  0000127c  0c0001cc	jal	_sem_wait
  227  00001280  54000000	nop; not filled.
  228  00001284  23bd0008	addi	r29,r29,#8
  229  00001288  64210001	snei	r1,r1,#1
  230  0000128c  10200028	beqz	r1,L19_LF0
  231  00001290  54000000	nop; not filled.
  232  00001294  23bdfff8	addi	r29,r29,#-8
  233  00001298  3c090000	lhi	r9,((LC4_LF0)>>16)&0xffff
  234  0000129c  252930c0	addui	r9,r9,(LC4_LF0)&0xffff
  235  000012a0  afa90000	sw	(r29),r9
  236  000012a4  0c00015c	jal	_Printf
  237  000012a8  54000000	nop; not filled.
  238  000012ac  0c000208	jal	_Exit
  239  000012b0  54000000	nop; not filled.
  240  000012b4  23bd0008	addi	r29,r29,#8
  241  000012b8          	L19_LF0:
  242  000012b8  23bdfff8	addi	r29,r29,#-8
  243  000012bc  afa50000	sw	(r29),r5
  244  000012c0  0c000194	jal	_sem_signal
  245  000012c4  54000000	nop; not filled.
  246  000012c8  23bd0008	addi	r29,r29,#8
  247  000012cc  64210001	snei	r1,r1,#1
  248  000012d0  10200028	beqz	r1,L20_LF0
  249  000012d4  54000000	nop; not filled.
  250  000012d8  23bdfff8	addi	r29,r29,#-8
  251  000012dc  3c090000	lhi	r9,((LC5_LF0)>>16)&0xffff
  252  000012e0  252930d4	addui	r9,r9,(LC5_LF0)&0xffff
  253  000012e4  afa90000	sw	(r29),r9
  254  000012e8  0c000118	jal	_Printf
  255  000012ec  54000000	nop; not filled.
  256  000012f0  0c0001c4	jal	_Exit
  257  000012f4  54000000	nop; not filled.
  258  000012f8  23bd0008	addi	r29,r29,#8
  259  000012fc          	L20_LF0:
  260  000012fc  23bdfff8	addi	r29,r29,#-8
  261  00001300  3c090000	lhi	r9,((LC6_LF0)>>16)&0xffff
  262  00001304  252930ec	addui	r9,r9,(LC6_LF0)&0xffff
  263  00001308  afa90000	sw	(r29),r9
  264  0000130c  0c0000f4	jal	_Printf
  265  00001310  54000000	nop; not filled.
  266  00001314  20630001	addi	r3,r3,#1
  267  00001318  23bd0008	addi	r29,r29,#8
  268  0000131c  0062082a	slt	r1,r3,r2
  269  00001320  1420ff0c	bnez	r1,L17_LF0
  270  00001324  54000000	nop; not filled.
  271  00001328          	L16_LF0:
  272  00001328  0c0000e4	jal	_getpid
  273  0000132c  54000000	nop; not filled.
  274  00001330  23bdfff8	addi	r29,r29,#-8
  275  00001334  3c090000	lhi	r9,((LC7_LF0)>>16)&0xffff
  276  00001338  25293108	addui	r9,r9,(LC7_LF0)&0xffff
  277  0000133c  afa90000	sw	(r29),r9
  278  00001340  afa10004	sw	4(r29),r1
  279  00001344  0c0000bc	jal	_Printf
  280  00001348  54000000	nop; not filled.
  281  0000134c  afa80000	sw	(r29),r8
  282  00001350  0c000104	jal	_sem_signal
  283  00001354  54000000	nop; not filled.
  284  00001358  23bd0008	addi	r29,r29,#8
  285  0000135c  64210001	snei	r1,r1,#1
  286  00001360  10200050	beqz	r1,L22_LF0
  287  00001364  54000000	nop; not filled.
  288  00001368  23bdfff8	addi	r29,r29,#-8
  289  0000136c  3c090000	lhi	r9,((LC8_LF0)>>16)&0xffff
  290  00001370  2529312c	addui	r9,r9,(LC8_LF0)&0xffff
  291  00001374  afa90000	sw	(r29),r9
  292  00001378  afa80004	sw	4(r29),r8
  293  0000137c  0c000084	jal	_Printf
  294  00001380  54000000	nop; not filled.
  295  00001384  8c840000	lw	r4,(r4)
  296  00001388  afa40000	sw	(r29),r4
  297  0000138c  0c000074	jal	_Printf
  298  00001390  54000000	nop; not filled.
  299  00001394  3c090000	lhi	r9,((LC9_LF0)>>16)&0xffff
  300  00001398  25293158	addui	r9,r9,(LC9_LF0)&0xffff
  301  0000139c  afa90000	sw	(r29),r9
  302  000013a0  0c000060	jal	_Printf
  303  000013a4  54000000	nop; not filled.
  304  000013a8  0c00010c	jal	_Exit
  305  000013ac  54000000	nop; not filled.
  306  000013b0  23bd0008	addi	r29,r29,#8
  307  000013b4          	L22_LF0:
  308  000013b4  0c000e48	jal	_exit
  309  000013b8  54000000	nop
  310  000013bc          	.endproc _main
  311                      ;;;
  312                      ;;; Stub functions for DLX traps.
  313                      ;;;
  314                      ;;; Ethan L. Miller, 1999.  Released to the public domain.
  315                      ;;;
  316                      ;;; The traps such as Open and Close
  317                      ;;; (note the capital letters) are for use by user programs.  The traps
  318                      ;;; with names such as open and close (lower case) are for use by the OS.
  319                      ;;;
  322  000013bc          	.align 2
  324                      ;;; The following are the traps to be used by user-level programs
  325                      ;;;
  327  000013bc          	.align 2
  328  000013bc          	.proc _Open
  329  000013bc          	.global _Open
  330  000013bc          	_Open:
  331                      ;;; Note that trap #0x213 actually causes a trap vector in the OS of
  332                      ;;; 0x1213.  The same is true for other user traps.  Thus, a user trap
  333                      ;;; with trap #0x240 will result in a trap vector of 0x1240 in the OS.
  334  000013bc  44000213	trap	#0x213
  335  000013c0  4be00000	jr	r31
  336  000013c4  54000000	nop
  337  000013c8          	.endproc _Open
  339  000013c8          	.proc _Close
  340  000013c8          	.global _Close
  341  000013c8          	_Close:
  342  000013c8  44000214	trap	#0x214
  343  000013cc  4be00000	jr	r31
  344  000013d0  54000000	nop
  345  000013d4          	.endproc _Close
  347  000013d4          	.proc _Read
  348  000013d4          	.global _Read
  349  000013d4          	_Read:
  350  000013d4  44000210	trap	#0x210
  351  000013d8  4be00000	jr	r31
  352  000013dc  54000000	nop
  353  000013e0          	.endproc _Read
  355  000013e0          	.proc _Write
  356  000013e0          	.global _Write
  357  000013e0          	_Write:
  358  000013e0  44000211	trap	#0x211
  359  000013e4  4be00000	jr	r31
  360  000013e8  54000000	nop
  361  000013ec          	.endproc _Write
  363  000013ec          	.proc _Lseek
  364  000013ec          	.global _Lseek
  365  000013ec          	_Lseek:
  366  000013ec  44000212	trap	#0x212
  367  000013f0  4be00000	jr	r31
  368  000013f4  54000000	nop
  369  000013f8          	.endproc _Lseek
  371  000013f8          	.proc _Putchar
  372  000013f8          	.global _Putchar
  373  000013f8          	_Putchar:
  374  000013f8  44000280	trap	#0x280
  375  000013fc  4be00000	jr	r31
  376  00001400  54000000	nop
  377  00001404          	.endproc _Putchar
  379  00001404          	.proc _Printf
  380  00001404          	.global _Printf
  381  00001404          	_Printf:
  382  00001404  44000201	trap	#0x201
  383  00001408  4be00000	jr	r31
  384  0000140c  54000000	nop
  385  00001410          	.endproc _Printf
  387  00001410          	.proc _getpid
  388  00001410          	.global _getpid
  389  00001410          	_getpid:
  390  00001410  44000431	trap	#0x431
  391  00001414  4be00000	jr	r31
  392  00001418  54000000	nop
  393  0000141c          	.endproc _getpid
  395  0000141c          	.proc _process_create
  396  0000141c          	.global _process_create
  397  0000141c          	_process_create:
  398  0000141c  44000432	trap	#0x432
  399  00001420  4be00000	jr	r31
  400  00001424  54000000	nop
  401  00001428          	.endproc _process_create
  403  00001428          	.proc _shmget
  404  00001428          	.global _shmget
  405  00001428          	_shmget:
  406  00001428  44000440	trap	#0x440
  407  0000142c  4be00000	jr	r31
  408  00001430  54000000	nop
  409  00001434          	.endproc _shmget
  411  00001434          	.proc _shmat
  412  00001434          	.global _shmat
  413  00001434          	_shmat:
  414  00001434  44000441	trap	#0x441
  415  00001438  4be00000	jr	r31
  416  0000143c  54000000	nop
  417  00001440          	.endproc _shmat
  419  00001440          	.proc _sem_create
  420  00001440          	.global _sem_create
  421  00001440          	_sem_create:
  422  00001440  44000450	trap	#0x450
  423  00001444  4be00000	jr	r31
  424  00001448  54000000	nop
  425  0000144c          	.endproc _sem_create
  427  0000144c          	.proc _sem_wait
  428  0000144c          	.global _sem_wait
  429  0000144c          	_sem_wait:
  430  0000144c  44000451	trap	#0x451
  431  00001450  4be00000	jr	r31
  432  00001454  54000000	nop
  433  00001458          	.endproc _sem_wait
  435  00001458          	.proc _sem_signal
  436  00001458          	.global _sem_signal
  437  00001458          	_sem_signal:
  438  00001458  44000452	trap	#0x452
  439  0000145c  4be00000	jr	r31
  440  00001460  54000000	nop
  441  00001464          	.endproc _sem_signal
  443  00001464          	.proc _lock_create
  444  00001464          	.global _lock_create
  445  00001464          	_lock_create:
  446  00001464  44000453	trap	#0x453
  447  00001468  4be00000	jr	r31
  448  0000146c  54000000	nop
  449  00001470          	.endproc _lock_create
  451  00001470          	.proc _lock_acquire
  452  00001470          	.global _lock_acquire
  453  00001470          	_lock_acquire:
  454  00001470  44000454	trap	#0x454
  455  00001474  4be00000	jr	r31
  456  00001478  54000000	nop
  457  0000147c          	.endproc _lock_acquire
  459  0000147c          	.proc _lock_release
  460  0000147c          	.global _lock_release
  461  0000147c          	_lock_release:
  462  0000147c  44000455	trap	#0x455
  463  00001480  4be00000	jr	r31
  464  00001484  54000000	nop
  465  00001488          	.endproc _lock_release
  467  00001488          	.proc _cond_create
  468  00001488          	.global _cond_create
  469  00001488          	_cond_create:
  470  00001488  44000456	trap	#0x456
  471  0000148c  4be00000	jr	r31
  472  00001490  54000000	nop
  473  00001494          	.endproc _cond_create
  475  00001494          	.proc _cond_wait
  476  00001494          	.global _cond_wait
  477  00001494          	_cond_wait:
  478  00001494  44000457	trap	#0x457
  479  00001498  4be00000	jr	r31
  480  0000149c  54000000	nop
  481  000014a0          	.endproc _cond_wait
  483  000014a0          	.proc _cond_signal
  484  000014a0          	.global _cond_signal
  485  000014a0          	_cond_signal:
  486  000014a0  44000458	trap	#0x458
  487  000014a4  4be00000	jr	r31
  488  000014a8  54000000	nop
  489  000014ac          	.endproc _cond_signal
  491  000014ac          	.proc _cond_broadcast
  492  000014ac          	.global _cond_broadcast
  493  000014ac          	_cond_broadcast:
  494  000014ac  44000455	trap	#0x455
  495  000014b0  4be00000	jr	r31
  496  000014b4  54000000	nop
  497  000014b8          	.endproc _cond_broadcast
  499  000014b8          	.proc _Exit
  500  000014b8          	.global _Exit
  501  000014b8          	_Exit:
  502  000014b8  44000500	trap	#0x500
  503  000014bc  4be00000	jr	r31
  504  000014c0  54000000	nop
  505  000014c4          	.endproc _Exit
  506                      ; Compiled by GCC
  508  000014c4          	.align 2
  509  000014c4          	.proc _isspace
  510  000014c4          	.global _isspace
  511  000014c4          	_isspace:
  512                      ;  Function 'isspace'; 0 bytes of locals, 3 regs to save.
  513  000014c4  afbefffc	sw	-4(r29),r30; push fp
  514  000014c8  001df020	add	r30,r0,r29; fp = sp
  515  000014cc  afbffff8	sw	-8(r29),r31; push ret addr
  516  000014d0  2fbd0018	subui	r29,r29,#24; alloc local storage
  517  000014d4  afa20000	sw	0(r29),r2
  518  000014d8  afa30004	sw	4(r29),r3
  519  000014dc  afa40008	sw	8(r29),r4
  520  000014e0  83c20003	lb	r2,3(r30)
  521  000014e4  20010000	addi	r1,r0,#0
  522  000014e8  304300ff	andi	r3,r2,#0x00ff
  523  000014ec  60640020	seqi	r4,r3,#32
  524  000014f0  1480002c	bnez	r4,L3_LF2
  525  000014f4  54000000	nop; delay slot nop
  526  000014f8  304300ff	andi	r3,r2,#0x00ff
  527  000014fc  60640009	seqi	r4,r3,#9
  528  00001500  1480001c	bnez	r4,L3_LF2
  529  00001504  54000000	nop; delay slot nop
  530  00001508  304300ff	andi	r3,r2,#0x00ff
  531  0000150c  6064000a	seqi	r4,r3,#10
  532  00001510  1480000c	bnez	r4,L3_LF2
  533  00001514  54000000	nop; delay slot nop
  534  00001518  08000008	j	L2_LF2
  535  0000151c  54000000	nop; delay slot nop
  536  00001520          	L3_LF2:
  537  00001520  20010001	addi	r1,r0,#1
  538  00001524          	L2_LF2:
  539  00001524  08000004	j	L1_LF2
  540  00001528  54000000	nop; delay slot nop
  541  0000152c          	L1_LF2:
  542  0000152c  8fa20000	lw	r2,0(r29)
  543  00001530  8fa30004	lw	r3,4(r29)
  544  00001534  8fa40008	lw	r4,8(r29)
  545  00001538  8fdffff8	lw	r31,-8(r30)
  546  0000153c  001ee820	add	r29,r0,r30
  547  00001540  8fdefffc	lw	r30,-4(r30)
  548  00001544  4be00000	jr	r31
  549  00001548  54000000	nop
  550  0000154c          	.endproc _isspace
  551  0000154c          	.align 2
  552  0000154c          	.proc _isxdigit
  553  0000154c          	.global _isxdigit
  554  0000154c          	_isxdigit:
  555                      ;  Function 'isxdigit'; 0 bytes of locals, 3 regs to save.
  556  0000154c  afbefffc	sw	-4(r29),r30; push fp
  557  00001550  001df020	add	r30,r0,r29; fp = sp
  558  00001554  afbffff8	sw	-8(r29),r31; push ret addr
  559  00001558  2fbd0018	subui	r29,r29,#24; alloc local storage
  560  0000155c  afa20000	sw	0(r29),r2
  561  00001560  afa30004	sw	4(r29),r3
  562  00001564  afa40008	sw	8(r29),r4
  563  00001568  83c20003	lb	r2,3(r30)
  564  0000156c  20010000	addi	r1,r0,#0
  565  00001570  304300ff	andi	r3,r2,#0x00ff
  566  00001574  6c64002f	sgtui	r4,r3,#47
  567  00001578  1080001c	beqz	r4,L7_LF2
  568  0000157c  54000000	nop; delay slot nop
  569  00001580  304300ff	andi	r3,r2,#0x00ff
  570  00001584  70640039	sleui	r4,r3,#57
  571  00001588  1480005c	bnez	r4,L6_LF2
  572  0000158c  54000000	nop; delay slot nop
  573  00001590  08000004	j	L7_LF2
  574  00001594  54000000	nop; delay slot nop
  575  00001598          	L7_LF2:
  576  00001598  304300ff	andi	r3,r2,#0x00ff
  577  0000159c  6c640060	sgtui	r4,r3,#96
  578  000015a0  1080001c	beqz	r4,L8_LF2
  579  000015a4  54000000	nop; delay slot nop
  580  000015a8  304300ff	andi	r3,r2,#0x00ff
  581  000015ac  70640066	sleui	r4,r3,#102
  582  000015b0  14800034	bnez	r4,L6_LF2
  583  000015b4  54000000	nop; delay slot nop
  584  000015b8  08000004	j	L8_LF2
  585  000015bc  54000000	nop; delay slot nop
  586  000015c0          	L8_LF2:
  587  000015c0  304300ff	andi	r3,r2,#0x00ff
  588  000015c4  6c640040	sgtui	r4,r3,#64
  589  000015c8  10800020	beqz	r4,L5_LF2
  590  000015cc  54000000	nop; delay slot nop
  591  000015d0  304300ff	andi	r3,r2,#0x00ff
  592  000015d4  70640041	sleui	r4,r3,#65
  593  000015d8  1480000c	bnez	r4,L6_LF2
  594  000015dc  54000000	nop; delay slot nop
  595  000015e0  08000008	j	L5_LF2
  596  000015e4  54000000	nop; delay slot nop
  597  000015e8          	L6_LF2:
  598  000015e8  20010001	addi	r1,r0,#1
  599  000015ec          	L5_LF2:
  600  000015ec  08000004	j	L4_LF2
  601  000015f0  54000000	nop; delay slot nop
  602  000015f4          	L4_LF2:
  603  000015f4  8fa20000	lw	r2,0(r29)
  604  000015f8  8fa30004	lw	r3,4(r29)
  605  000015fc  8fa40008	lw	r4,8(r29)
  606  00001600  8fdffff8	lw	r31,-8(r30)
  607  00001604  001ee820	add	r29,r0,r30
  608  00001608  8fdefffc	lw	r30,-4(r30)
  609  0000160c  4be00000	jr	r31
  610  00001610  54000000	nop
  611  00001614          	.endproc _isxdigit
  612  00001614          	.align 2
  613  00001614          	.proc _dstrcpy
  614  00001614          	.global _dstrcpy
  615  00001614          	_dstrcpy:
  616                      ;  Function 'dstrcpy'; 8 bytes of locals, 2 regs to save.
  617  00001614  afbefffc	sw	-4(r29),r30; push fp
  618  00001618  001df020	add	r30,r0,r29; fp = sp
  619  0000161c  afbffff8	sw	-8(r29),r31; push ret addr
  620  00001620  2fbd0018	subui	r29,r29,#24; alloc local storage
  621  00001624  afa20000	sw	0(r29),r2
  622  00001628  afa30004	sw	4(r29),r3
  623  0000162c  8fc10000	lw	r1,(r30)
  624  00001630  afc1fff4	sw	-12(r30),r1
  625  00001634          	L10_LF2:
  626  00001634  8fc10000	lw	r1,(r30)
  627  00001638  20220001	addi	r2,r1,#1
  628  0000163c  afc20000	sw	(r30),r2
  629  00001640  8fc20004	lw	r2,4(r30)
  630  00001644  20430001	addi	r3,r2,#1
  631  00001648  afc30004	sw	4(r30),r3
  632  0000164c  80420000	lb	r2,(r2)
  633  00001650  a0220000	sb	(r1),r2
  634  00001654  a3c2fff3	sb	-13(r30),r2
  635  00001658          	L12_LF2:
  636  00001658  93c1fff3	lbu	r1,-13(r30)
  637  0000165c  64220000	snei	r2,r1,#0
  638  00001660  1440000c	bnez	r2,L13_LF2
  639  00001664  54000000	nop; delay slot nop
  640  00001668  0800000c	j	L11_LF2
  641  0000166c  54000000	nop; delay slot nop
  642  00001670          	L13_LF2:
  643  00001670  0bffffc0	j	L10_LF2
  644  00001674  54000000	nop; delay slot nop
  645  00001678          	L11_LF2:
  646  00001678  8fc1fff4	lw	r1,-12(r30)
  647  0000167c  08000004	j	L9_LF2
  648  00001680  54000000	nop; delay slot nop
  649  00001684          	L9_LF2:
  650  00001684  8fa20000	lw	r2,0(r29)
  651  00001688  8fa30004	lw	r3,4(r29)
  652  0000168c  8fdffff8	lw	r31,-8(r30)
  653  00001690  001ee820	add	r29,r0,r30
  654  00001694  8fdefffc	lw	r30,-4(r30)
  655  00001698  4be00000	jr	r31
  656  0000169c  54000000	nop
  657  000016a0          	.endproc _dstrcpy
  658  000016a0          	.align 2
  659  000016a0          	.proc _dstrncpy
  660  000016a0          	.global _dstrncpy
  661  000016a0          	_dstrncpy:
  662                      ;  Function 'dstrncpy'; 8 bytes of locals, 2 regs to save.
  663  000016a0  afbefffc	sw	-4(r29),r30; push fp
  664  000016a4  001df020	add	r30,r0,r29; fp = sp
  665  000016a8  afbffff8	sw	-8(r29),r31; push ret addr
  666  000016ac  2fbd0018	subui	r29,r29,#24; alloc local storage
  667  000016b0  afa20000	sw	0(r29),r2
  668  000016b4  afa30004	sw	4(r29),r3
  669  000016b8  8fc10000	lw	r1,(r30)
  670  000016bc  afc1fff4	sw	-12(r30),r1
  671  000016c0          	L15_LF2:
  672  000016c0  8fc10008	lw	r1,8(r30)
  673  000016c4  2022ffff	addi	r2,r1,#-1
  674  000016c8  afc20008	sw	8(r30),r2
  675  000016cc  70210000	slei	r1,r1,#0
  676  000016d0  1020000c	beqz	r1,L18_LF2
  677  000016d4  54000000	nop; delay slot nop
  678  000016d8  08000048	j	L16_LF2
  679  000016dc  54000000	nop; delay slot nop
  680  000016e0          	L18_LF2:
  681  000016e0  8fc10000	lw	r1,(r30)
  682  000016e4  20220001	addi	r2,r1,#1
  683  000016e8  afc20000	sw	(r30),r2
  684  000016ec  8fc20004	lw	r2,4(r30)
  685  000016f0  20430001	addi	r3,r2,#1
  686  000016f4  afc30004	sw	4(r30),r3
  687  000016f8  80420000	lb	r2,(r2)
  688  000016fc  a0220000	sb	(r1),r2
  689  00001700  a3c2fff3	sb	-13(r30),r2
  690  00001704          	L17_LF2:
  691  00001704  93c1fff3	lbu	r1,-13(r30)
  692  00001708  64220000	snei	r2,r1,#0
  693  0000170c  1440000c	bnez	r2,L19_LF2
  694  00001710  54000000	nop; delay slot nop
  695  00001714  0800000c	j	L16_LF2
  696  00001718  54000000	nop; delay slot nop
  697  0000171c          	L19_LF2:
  698  0000171c  0bffffa0	j	L15_LF2
  699  00001720  54000000	nop; delay slot nop
  700  00001724          	L16_LF2:
  701  00001724  8fc1fff4	lw	r1,-12(r30)
  702  00001728  08000004	j	L14_LF2
  703  0000172c  54000000	nop; delay slot nop
  704  00001730          	L14_LF2:
  705  00001730  8fa20000	lw	r2,0(r29)
  706  00001734  8fa30004	lw	r3,4(r29)
  707  00001738  8fdffff8	lw	r31,-8(r30)
  708  0000173c  001ee820	add	r29,r0,r30
  709  00001740  8fdefffc	lw	r30,-4(r30)
  710  00001744  4be00000	jr	r31
  711  00001748  54000000	nop
  712  0000174c          	.endproc _dstrncpy
  713  0000174c          	.align 2
  714  0000174c          	.proc _dstrcat
  715  0000174c          	.global _dstrcat
  716  0000174c          	_dstrcat:
  717                      ;  Function 'dstrcat'; 8 bytes of locals, 1 regs to save.
  718  0000174c  afbefffc	sw	-4(r29),r30; push fp
  719  00001750  001df020	add	r30,r0,r29; fp = sp
  720  00001754  afbffff8	sw	-8(r29),r31; push ret addr
  721  00001758  2fbd0018	subui	r29,r29,#24; alloc local storage
  722  0000175c  afa20000	sw	0(r29),r2
  723  00001760  8fc10000	lw	r1,(r30)
  724  00001764  afc1fff4	sw	-12(r30),r1
  725  00001768          	L21_LF2:
  726  00001768  8fc10000	lw	r1,(r30)
  727  0000176c  90220000	lbu	r2,(r1)
  728  00001770  64410000	snei	r1,r2,#0
  729  00001774  1420000c	bnez	r1,L23_LF2
  730  00001778  54000000	nop; delay slot nop
  731  0000177c  0800001c	j	L22_LF2
  732  00001780  54000000	nop; delay slot nop
  733  00001784          	L23_LF2:
  734  00001784  8fc20000	lw	r2,(r30)
  735  00001788  20410001	addi	r1,r2,#1
  736  0000178c  00011020	add	r2,r0,r1
  737  00001790  afc20000	sw	(r30),r2
  738  00001794  0bffffd0	j	L21_LF2
  739  00001798  54000000	nop; delay slot nop
  740  0000179c          	L22_LF2:
  741  0000179c  23bdfff8	addi	r29,r29,#-8
  742  000017a0  001d0820	add	r1,r0,r29
  743  000017a4  8fc20000	lw	r2,(r30)
  744  000017a8  ac220000	sw	(r1),r2
  745  000017ac  8fc20004	lw	r2,4(r30)
  746  000017b0  ac220004	sw	4(r1),r2
  747  000017b4  0ffffe5c	jal	_dstrcpy
  748  000017b8  54000000	nop; delay slot nop
  749  000017bc  23bd0008	addi	r29,r29,#8
  750  000017c0  8fc1fff4	lw	r1,-12(r30)
  751  000017c4  08000004	j	L20_LF2
  752  000017c8  54000000	nop; delay slot nop
  753  000017cc          	L20_LF2:
  754  000017cc  8fa20000	lw	r2,0(r29)
  755  000017d0  8fdffff8	lw	r31,-8(r30)
  756  000017d4  001ee820	add	r29,r0,r30
  757  000017d8  8fdefffc	lw	r30,-4(r30)
  758  000017dc  4be00000	jr	r31
  759  000017e0  54000000	nop
  760  000017e4          	.endproc _dstrcat
  761  000017e4          	.align 2
  762  000017e4          	.proc _dstrncmp
  763  000017e4          	.global _dstrncmp
  764  000017e4          	_dstrncmp:
  765                      ;  Function 'dstrncmp'; 8 bytes of locals, 2 regs to save.
  766  000017e4  afbefffc	sw	-4(r29),r30; push fp
  767  000017e8  001df020	add	r30,r0,r29; fp = sp
  768  000017ec  afbffff8	sw	-8(r29),r31; push ret addr
  769  000017f0  2fbd0018	subui	r29,r29,#24; alloc local storage
  770  000017f4  afa20000	sw	0(r29),r2
  771  000017f8  afa30004	sw	4(r29),r3
  772  000017fc  54000000	nop
  773  00001800  20010000	addi	r1,r0,#0
  774  00001804  afc1fff4	sw	-12(r30),r1
  775  00001808          	L25_LF2:
  776  00001808  8fc1fff4	lw	r1,-12(r30)
  777  0000180c  8fc20008	lw	r2,8(r30)
  778  00001810  0022082a	slt	r1,r1,r2
  779  00001814  1420000c	bnez	r1,L28_LF2
  780  00001818  54000000	nop; delay slot nop
  781  0000181c  08000088	j	L26_LF2
  782  00001820  54000000	nop; delay slot nop
  783  00001824          	L28_LF2:
  784  00001824  8fc10004	lw	r1,4(r30)
  785  00001828  90220000	lbu	r2,(r1)
  786  0000182c  64410000	snei	r1,r2,#0
  787  00001830  14200018	bnez	r1,L29_LF2
  788  00001834  54000000	nop; delay slot nop
  789  00001838  20010000	addi	r1,r0,#0
  790  0000183c  080000d8	j	L24_LF2
  791  00001840  54000000	nop; delay slot nop
  792  00001844  08000028	j	L30_LF2
  793  00001848  54000000	nop; delay slot nop
  794  0000184c          	L29_LF2:
  795  0000184c  8fc10000	lw	r1,(r30)
  796  00001850  8fc20004	lw	r2,4(r30)
  797  00001854  90210000	lbu	r1,(r1)
  798  00001858  90420000	lbu	r2,(r2)
  799  0000185c  00220829	sne	r1,r1,r2
  800  00001860  1020000c	beqz	r1,L30_LF2
  801  00001864  54000000	nop; delay slot nop
  802  00001868  0800003c	j	L26_LF2
  803  0000186c  54000000	nop; delay slot nop
  804  00001870          	L31_LF2:
  805  00001870          	L30_LF2:
  806  00001870  8fc20000	lw	r2,(r30)
  807  00001874  20410001	addi	r1,r2,#1
  808  00001878  00011020	add	r2,r0,r1
  809  0000187c  afc20000	sw	(r30),r2
  810  00001880  8fc20004	lw	r2,4(r30)
  811  00001884  20410001	addi	r1,r2,#1
  812  00001888  00011020	add	r2,r0,r1
  813  0000188c  afc20004	sw	4(r30),r2
  814  00001890          	L27_LF2:
  815  00001890  8fc2fff4	lw	r2,-12(r30)
  816  00001894  20410001	addi	r1,r2,#1
  817  00001898  00011020	add	r2,r0,r1
  818  0000189c  afc2fff4	sw	-12(r30),r2
  819  000018a0  0bffff64	j	L25_LF2
  820  000018a4  54000000	nop; delay slot nop
  821  000018a8          	L26_LF2:
  822  000018a8  8fc1fff4	lw	r1,-12(r30)
  823  000018ac  8fc20008	lw	r2,8(r30)
  824  000018b0  00220828	seq	r1,r1,r2
  825  000018b4  10200018	beqz	r1,L32_LF2
  826  000018b8  54000000	nop; delay slot nop
  827  000018bc  20010000	addi	r1,r0,#0
  828  000018c0  08000054	j	L24_LF2
  829  000018c4  54000000	nop; delay slot nop
  830  000018c8  0800004c	j	L33_LF2
  831  000018cc  54000000	nop; delay slot nop
  832  000018d0          	L32_LF2:
  833  000018d0  8fc20000	lw	r2,(r30)
  834  000018d4  90410000	lbu	r1,(r2)
  835  000018d8  8fc20004	lw	r2,4(r30)
  836  000018dc  90430000	lbu	r3,(r2)
  837  000018e0  00230822	sub	r1,r1,r3
  838  000018e4  74220000	sgei	r2,r1,#0
  839  000018e8  10400020	beqz	r2,L34_LF2
  840  000018ec  54000000	nop; delay slot nop
  841  000018f0  8fc10000	lw	r1,(r30)
  842  000018f4  8fc20004	lw	r2,4(r30)
  843  000018f8  90210000	lbu	r1,(r1)
  844  000018fc  90420000	lbu	r2,(r2)
  845  00001900  00220829	sne	r1,r1,r2
  846  00001904  08000008	j	L35_LF2
  847  00001908  54000000	nop; delay slot nop
  848  0000190c          	L34_LF2:
  849  0000190c  2001ffff	addi	r1,r0,#-1
  850  00001910          	L35_LF2:
  851  00001910  08000004	j	L24_LF2
  852  00001914  54000000	nop; delay slot nop
  853  00001918          	L33_LF2:
  854  00001918          	L24_LF2:
  855  00001918  8fa20000	lw	r2,0(r29)
  856  0000191c  8fa30004	lw	r3,4(r29)
  857  00001920  8fdffff8	lw	r31,-8(r30)
  858  00001924  001ee820	add	r29,r0,r30
  859  00001928  8fdefffc	lw	r30,-4(r30)
  860  0000192c  4be00000	jr	r31
  861  00001930  54000000	nop
  862  00001934          	.endproc _dstrncmp
  863  00001934          	.align 2
  864  00001934          	.proc _dstrlen
  865  00001934          	.global _dstrlen
  866  00001934          	_dstrlen:
  867                      ;  Function 'dstrlen'; 8 bytes of locals, 1 regs to save.
  868  00001934  afbefffc	sw	-4(r29),r30; push fp
  869  00001938  001df020	add	r30,r0,r29; fp = sp
  870  0000193c  afbffff8	sw	-8(r29),r31; push ret addr
  871  00001940  2fbd0018	subui	r29,r29,#24; alloc local storage
  872  00001944  afa20000	sw	0(r29),r2
  873  00001948  20010000	addi	r1,r0,#0
  874  0000194c  afc1fff4	sw	-12(r30),r1
  875  00001950          	L37_LF2:
  876  00001950  8fc10000	lw	r1,(r30)
  877  00001954  20220001	addi	r2,r1,#1
  878  00001958  afc20000	sw	(r30),r2
  879  0000195c  90210000	lbu	r1,(r1)
  880  00001960  64220000	snei	r2,r1,#0
  881  00001964  1440000c	bnez	r2,L39_LF2
  882  00001968  54000000	nop; delay slot nop
  883  0000196c  0800001c	j	L38_LF2
  884  00001970  54000000	nop; delay slot nop
  885  00001974          	L39_LF2:
  886  00001974  8fc2fff4	lw	r2,-12(r30)
  887  00001978  20410001	addi	r1,r2,#1
  888  0000197c  00011020	add	r2,r0,r1
  889  00001980  afc2fff4	sw	-12(r30),r2
  890  00001984  0bffffc8	j	L37_LF2
  891  00001988  54000000	nop; delay slot nop
  892  0000198c          	L38_LF2:
  893  0000198c  8fc1fff4	lw	r1,-12(r30)
  894  00001990  08000004	j	L36_LF2
  895  00001994  54000000	nop; delay slot nop
  896  00001998          	L36_LF2:
  897  00001998  8fa20000	lw	r2,0(r29)
  898  0000199c  8fdffff8	lw	r31,-8(r30)
  899  000019a0  001ee820	add	r29,r0,r30
  900  000019a4  8fdefffc	lw	r30,-4(r30)
  901  000019a8  4be00000	jr	r31
  902  000019ac  54000000	nop
  903  000019b0          	.endproc _dstrlen
  904  000019b0          	.align 2
  905  000019b0          	.proc _dstrstr
  906  000019b0          	.global _dstrstr
  907  000019b0          	_dstrstr:
  908                      ;  Function 'dstrstr'; 8 bytes of locals, 1 regs to save.
  909  000019b0  afbefffc	sw	-4(r29),r30; push fp
  910  000019b4  001df020	add	r30,r0,r29; fp = sp
  911  000019b8  afbffff8	sw	-8(r29),r31; push ret addr
  912  000019bc  2fbd0018	subui	r29,r29,#24; alloc local storage
  913  000019c0  afa20000	sw	0(r29),r2
  914  000019c4  23bdfff8	addi	r29,r29,#-8
  915  000019c8  001d0820	add	r1,r0,r29
  916  000019cc  8fc20004	lw	r2,4(r30)
  917  000019d0  ac220000	sw	(r1),r2
  918  000019d4  0fffff5c	jal	_dstrlen
  919  000019d8  54000000	nop; delay slot nop
  920  000019dc  23bd0008	addi	r29,r29,#8
  921  000019e0  afc1fff4	sw	-12(r30),r1
  922  000019e4          	L41_LF2:
  923  000019e4  8fc10000	lw	r1,(r30)
  924  000019e8  90220000	lbu	r2,(r1)
  925  000019ec  64410000	snei	r1,r2,#0
  926  000019f0  1420000c	bnez	r1,L43_LF2
  927  000019f4  54000000	nop; delay slot nop
  928  000019f8  08000060	j	L42_LF2
  929  000019fc  54000000	nop; delay slot nop
  930  00001a00          	L43_LF2:
  931  00001a00  23bdfff0	addi	r29,r29,#-16
  932  00001a04  001d0820	add	r1,r0,r29
  933  00001a08  8fc20000	lw	r2,(r30)
  934  00001a0c  ac220000	sw	(r1),r2
  935  00001a10  8fc20004	lw	r2,4(r30)
  936  00001a14  ac220004	sw	4(r1),r2
  937  00001a18  8fc2fff4	lw	r2,-12(r30)
  938  00001a1c  ac220008	sw	8(r1),r2
  939  00001a20  0ffffdc0	jal	_dstrncmp
  940  00001a24  54000000	nop; delay slot nop
  941  00001a28  23bd0010	addi	r29,r29,#16
  942  00001a2c  64220000	snei	r2,r1,#0
  943  00001a30  14400010	bnez	r2,L44_LF2
  944  00001a34  54000000	nop; delay slot nop
  945  00001a38  8fc10000	lw	r1,(r30)
  946  00001a3c  08000028	j	L40_LF2
  947  00001a40  54000000	nop; delay slot nop
  948  00001a44          	L44_LF2:
  949  00001a44  8fc20000	lw	r2,(r30)
  950  00001a48  20410001	addi	r1,r2,#1
  951  00001a4c  00011020	add	r2,r0,r1
  952  00001a50  afc20000	sw	(r30),r2
  953  00001a54  0bffff8c	j	L41_LF2
  954  00001a58  54000000	nop; delay slot nop
  955  00001a5c          	L42_LF2:
  956  00001a5c  20010000	addi	r1,r0,#0
  957  00001a60  08000004	j	L40_LF2
  958  00001a64  54000000	nop; delay slot nop
  959  00001a68          	L40_LF2:
  960  00001a68  8fa20000	lw	r2,0(r29)
  961  00001a6c  8fdffff8	lw	r31,-8(r30)
  962  00001a70  001ee820	add	r29,r0,r30
  963  00001a74  8fdefffc	lw	r30,-4(r30)
  964  00001a78  4be00000	jr	r31
  965  00001a7c  54000000	nop
  966  00001a80          	.endproc _dstrstr
  967  00001a80          	.align 2
  968  00001a80          	.proc _dmindex
  969  00001a80          	.global _dmindex
  970  00001a80          	_dmindex:
  971                      ;  Function 'dmindex'; 8 bytes of locals, 1 regs to save.
  972  00001a80  afbefffc	sw	-4(r29),r30; push fp
  973  00001a84  001df020	add	r30,r0,r29; fp = sp
  974  00001a88  afbffff8	sw	-8(r29),r31; push ret addr
  975  00001a8c  2fbd0018	subui	r29,r29,#24; alloc local storage
  976  00001a90  afa20000	sw	0(r29),r2
  977  00001a94  54000000	nop
  978  00001a98          	L46_LF2:
  979  00001a98  8fc10000	lw	r1,(r30)
  980  00001a9c  90220000	lbu	r2,(r1)
  981  00001aa0  64410000	snei	r1,r2,#0
  982  00001aa4  1420000c	bnez	r1,L48_LF2
  983  00001aa8  54000000	nop; delay slot nop
  984  00001aac  08000070	j	L47_LF2
  985  00001ab0  54000000	nop; delay slot nop
  986  00001ab4          	L48_LF2:
  987  00001ab4  8fc10004	lw	r1,4(r30)
  988  00001ab8  afc1fff4	sw	-12(r30),r1
  989  00001abc          	L49_LF2:
  990  00001abc  8fc1fff4	lw	r1,-12(r30)
  991  00001ac0  90220000	lbu	r2,(r1)
  992  00001ac4  64410000	snei	r1,r2,#0
  993  00001ac8  1420000c	bnez	r1,L52_LF2
  994  00001acc  54000000	nop; delay slot nop
  995  00001ad0  08000044	j	L50_LF2
  996  00001ad4  54000000	nop; delay slot nop
  997  00001ad8          	L52_LF2:
  998  00001ad8  8fc10000	lw	r1,(r30)
  999  00001adc  8fc2fff4	lw	r2,-12(r30)
 1000  00001ae0  90210000	lbu	r1,(r1)
 1001  00001ae4  90420000	lbu	r2,(r2)
 1002  00001ae8  00220828	seq	r1,r1,r2
 1003  00001aec  10200010	beqz	r1,L51_LF2
 1004  00001af0  54000000	nop; delay slot nop
 1005  00001af4  8fc10000	lw	r1,(r30)
 1006  00001af8  08000030	j	L45_LF2
 1007  00001afc  54000000	nop; delay slot nop
 1008  00001b00          	L53_LF2:
 1009  00001b00          	L51_LF2:
 1010  00001b00  8fc2fff4	lw	r2,-12(r30)
 1011  00001b04  20410001	addi	r1,r2,#1
 1012  00001b08  00011020	add	r2,r0,r1
 1013  00001b0c  afc2fff4	sw	-12(r30),r2
 1014  00001b10  0bffffa8	j	L49_LF2
 1015  00001b14  54000000	nop; delay slot nop
 1016  00001b18          	L50_LF2:
 1017  00001b18  0bffff7c	j	L46_LF2
 1018  00001b1c  54000000	nop; delay slot nop
 1019  00001b20          	L47_LF2:
 1020  00001b20  20010000	addi	r1,r0,#0
 1021  00001b24  08000004	j	L45_LF2
 1022  00001b28  54000000	nop; delay slot nop
 1023  00001b2c          	L45_LF2:
 1024  00001b2c  8fa20000	lw	r2,0(r29)
 1025  00001b30  8fdffff8	lw	r31,-8(r30)
 1026  00001b34  001ee820	add	r29,r0,r30
 1027  00001b38  8fdefffc	lw	r30,-4(r30)
 1028  00001b3c  4be00000	jr	r31
 1029  00001b40  54000000	nop
 1030  00001b44          	.endproc _dmindex
 1031  00001b44          	.align 2
 1032  00001b44          	.proc _dindex
 1033  00001b44          	.global _dindex
 1034  00001b44          	_dindex:
 1035                      ;  Function 'dindex'; 0 bytes of locals, 1 regs to save.
 1036  00001b44  afbefffc	sw	-4(r29),r30; push fp
 1037  00001b48  001df020	add	r30,r0,r29; fp = sp
 1038  00001b4c  afbffff8	sw	-8(r29),r31; push ret addr
 1039  00001b50  2fbd0010	subui	r29,r29,#16; alloc local storage
 1040  00001b54  afa20000	sw	0(r29),r2
 1041  00001b58  54000000	nop
 1042  00001b5c          	L55_LF2:
 1043  00001b5c  8fc10000	lw	r1,(r30)
 1044  00001b60  90220000	lbu	r2,(r1)
 1045  00001b64  64410000	snei	r1,r2,#0
 1046  00001b68  1420000c	bnez	r1,L57_LF2
 1047  00001b6c  54000000	nop; delay slot nop
 1048  00001b70  08000040	j	L56_LF2
 1049  00001b74  54000000	nop; delay slot nop
 1050  00001b78          	L57_LF2:
 1051  00001b78  8fc10000	lw	r1,(r30)
 1052  00001b7c  90220000	lbu	r2,(r1)
 1053  00001b80  8fc10004	lw	r1,4(r30)
 1054  00001b84  00411028	seq	r2,r2,r1
 1055  00001b88  10400010	beqz	r2,L58_LF2
 1056  00001b8c  54000000	nop; delay slot nop
 1057  00001b90  8fc10000	lw	r1,(r30)
 1058  00001b94  08000028	j	L54_LF2
 1059  00001b98  54000000	nop; delay slot nop
 1060  00001b9c          	L58_LF2:
 1061  00001b9c  8fc20000	lw	r2,(r30)
 1062  00001ba0  20410001	addi	r1,r2,#1
 1063  00001ba4  00011020	add	r2,r0,r1
 1064  00001ba8  afc20000	sw	(r30),r2
 1065  00001bac  0bffffac	j	L55_LF2
 1066  00001bb0  54000000	nop; delay slot nop
 1067  00001bb4          	L56_LF2:
 1068  00001bb4  20010000	addi	r1,r0,#0
 1069  00001bb8  08000004	j	L54_LF2
 1070  00001bbc  54000000	nop; delay slot nop
 1071  00001bc0          	L54_LF2:
 1072  00001bc0  8fa20000	lw	r2,0(r29)
 1073  00001bc4  8fdffff8	lw	r31,-8(r30)
 1074  00001bc8  001ee820	add	r29,r0,r30
 1075  00001bcc  8fdefffc	lw	r30,-4(r30)
 1076  00001bd0  4be00000	jr	r31
 1077  00001bd4  54000000	nop
 1078  00001bd8          	.endproc _dindex
 1079  00001bd8          	.align 2
 1080  00001bd8          	.proc _ditoa
 1081  00001bd8          	.global _ditoa
 1082  00001bd8          	_ditoa:
 1083                      ;  Function 'ditoa'; 8 bytes of locals, 2 regs to save.
 1084  00001bd8  afbefffc	sw	-4(r29),r30; push fp
 1085  00001bdc  001df020	add	r30,r0,r29; fp = sp
 1086  00001be0  afbffff8	sw	-8(r29),r31; push ret addr
 1087  00001be4  2fbd0018	subui	r29,r29,#24; alloc local storage
 1088  00001be8  afa20000	sw	0(r29),r2
 1089  00001bec  afa30004	sw	4(r29),r3
 1090  00001bf0  8fc10000	lw	r1,(r30)
 1091  00001bf4  68220000	slti	r2,r1,#0
 1092  00001bf8  1040002c	beqz	r2,L60_LF2
 1093  00001bfc  54000000	nop; delay slot nop
 1094  00001c00  8fc10004	lw	r1,4(r30)
 1095  00001c04  20220001	addi	r2,r1,#1
 1096  00001c08  afc20004	sw	4(r30),r2
 1097  00001c0c  2002002d	addi	r2,r0,(#0x2d)&0xff
 1098  00001c10  a0220000	sb	(r1),r2
 1099  00001c14  8fc10000	lw	r1,(r30)
 1100  00001c18  00011022	sub	r2,r0,r1
 1101  00001c1c  afc20000	sw	(r30),r2
 1102  00001c20  08000118	j	L61_LF2
 1103  00001c24  54000000	nop; delay slot nop
 1104  00001c28          	L60_LF2:
 1105  00001c28  8fc10000	lw	r1,(r30)
 1106  00001c2c  64220000	snei	r2,r1,#0
 1107  00001c30  14400020	bnez	r2,L62_LF2
 1108  00001c34  54000000	nop; delay slot nop
 1109  00001c38  8fc10004	lw	r1,4(r30)
 1110  00001c3c  20220001	addi	r2,r1,#1
 1111  00001c40  afc20004	sw	4(r30),r2
 1112  00001c44  20020030	addi	r2,r0,(#0x30)&0xff
 1113  00001c48  a0220000	sb	(r1),r2
 1114  00001c4c  080000ec	j	L61_LF2
 1115  00001c50  54000000	nop; delay slot nop
 1116  00001c54          	L62_LF2:
 1117  00001c54  20010001	addi	r1,r0,#1
 1118  00001c58  afc1fff4	sw	-12(r30),r1
 1119  00001c5c          	L64_LF2:
 1120  00001c5c  8fc1fff4	lw	r1,-12(r30)
 1121  00001c60  8fc20000	lw	r2,(r30)
 1122  00001c64  0022082c	sle	r1,r1,r2
 1123  00001c68  1420000c	bnez	r1,L66_LF2
 1124  00001c6c  54000000	nop; delay slot nop
 1125  00001c70  08000024	j	L65_LF2
 1126  00001c74  54000000	nop; delay slot nop
 1127  00001c78          	L67_LF2:
 1128  00001c78          	L66_LF2:
 1129  00001c78  8fc1fff4	lw	r1,-12(r30)
 1130  00001c7c  00011820	add	r3,r0,r1
 1131  00001c80  50620002	slli	r2,r3,#0x2
 1132  00001c84  00411020	add	r2,r2,r1
 1133  00001c88  50410001	slli	r1,r2,#0x1
 1134  00001c8c  afc1fff4	sw	-12(r30),r1
 1135  00001c90  0bffffc8	j	L64_LF2
 1136  00001c94  54000000	nop; delay slot nop
 1137  00001c98          	L65_LF2:
 1138  00001c98  54000000	nop
 1139  00001c9c          	L68_LF2:
 1140  00001c9c  8fc1fff4	lw	r1,-12(r30)
 1141  00001ca0  2002000a	addi	r2,r0,#10
 1142  00001ca4  00200035	movi2fp	f0,r1
 1143  00001ca8  00400835	movi2fp	f1,r2
 1144  00001cac  0401000f	div	f0,f0,f1
 1145  00001cb0  00000834	movfp2i	r1,f0
 1146  00001cb4  afc1fff4	sw	-12(r30),r1
 1147  00001cb8  8fc10004	lw	r1,4(r30)
 1148  00001cbc  20220001	addi	r2,r1,#1
 1149  00001cc0  afc20004	sw	4(r30),r2
 1150  00001cc4  8fc20000	lw	r2,(r30)
 1151  00001cc8  8fc3fff4	lw	r3,-12(r30)
 1152  00001ccc  00400035	movi2fp	f0,r2
 1153  00001cd0  00600835	movi2fp	f1,r3
 1154  00001cd4  0401000f	div	f0,f0,f1
 1155  00001cd8  00001034	movfp2i	r2,f0
 1156  00001cdc  00021820	add	r3,r0,r2
 1157  00001ce0  20620030	addi	r2,r3,#48
 1158  00001ce4  a0220000	sb	(r1),r2
 1159  00001ce8  8fc10000	lw	r1,(r30)
 1160  00001cec  8fc3fff4	lw	r3,-12(r30)
 1161  00001cf0  00200035	movi2fp	f0,r1
 1162  00001cf4  00600835	movi2fp	f1,r3
 1163  00001cf8  0401000f	div	f0,f0,f1
 1164  00001cfc  00001034	movfp2i	r2,f0
 1165  00001d00  8fc3fff4	lw	r3,-12(r30)
 1166  00001d04  00400035	movi2fp	f0,r2
 1167  00001d08  00600835	movi2fp	f1,r3
 1168  00001d0c  0401000e	mult	f0,f0,f1
 1169  00001d10  00001034	movfp2i	r2,f0
 1170  00001d14  00220822	sub	r1,r1,r2
 1171  00001d18  afc10000	sw	(r30),r1
 1172  00001d1c          	L70_LF2:
 1173  00001d1c  8fc1fff4	lw	r1,-12(r30)
 1174  00001d20  6c220001	sgti	r2,r1,#1
 1175  00001d24  1440000c	bnez	r2,L71_LF2
 1176  00001d28  54000000	nop; delay slot nop
 1177  00001d2c  0800000c	j	L61_LF2
 1178  00001d30  54000000	nop; delay slot nop
 1179  00001d34          	L71_LF2:
 1180  00001d34  0bffff64	j	L68_LF2
 1181  00001d38  54000000	nop; delay slot nop
 1182  00001d3c          	L69_LF2:
 1183  00001d3c          	L63_LF2:
 1184  00001d3c          	L61_LF2:
 1185  00001d3c  8fc10004	lw	r1,4(r30)
 1186  00001d40  20020000	addi	r2,r0,(#0x0)&0xff
 1187  00001d44  a0220000	sb	(r1),r2
 1188  00001d48          	L59_LF2:
 1189  00001d48  8fa20000	lw	r2,0(r29)
 1190  00001d4c  8fa30004	lw	r3,4(r29)
 1191  00001d50  8fdffff8	lw	r31,-8(r30)
 1192  00001d54  001ee820	add	r29,r0,r30
 1193  00001d58  8fdefffc	lw	r30,-4(r30)
 1194  00001d5c  4be00000	jr	r31
 1195  00001d60  54000000	nop
 1196  00001d64          	.endproc _ditoa
 1197  00001d64          	.align 2
 1198  00001d64          	.proc _dstrtol
 1199  00001d64          	.global _dstrtol
 1200  00001d64          	_dstrtol:
 1201                      ;  Function 'dstrtol'; 16 bytes of locals, 1 regs to save.
 1202  00001d64  afbefffc	sw	-4(r29),r30; push fp
 1203  00001d68  001df020	add	r30,r0,r29; fp = sp
 1204  00001d6c  afbffff8	sw	-8(r29),r31; push ret addr
 1205  00001d70  2fbd0020	subui	r29,r29,#32; alloc local storage
 1206  00001d74  afa20000	sw	0(r29),r2
 1207  00001d78  20010000	addi	r1,r0,#0
 1208  00001d7c  afc1fff4	sw	-12(r30),r1
 1209  00001d80          	L73_LF2:
 1210  00001d80  8fc10000	lw	r1,(r30)
 1211  00001d84  90220000	lbu	r2,(r1)
 1212  00001d88  60410020	seqi	r1,r2,#32
 1213  00001d8c  14200034	bnez	r1,L75_LF2
 1214  00001d90  54000000	nop; delay slot nop
 1215  00001d94  8fc10000	lw	r1,(r30)
 1216  00001d98  90220000	lbu	r2,(r1)
 1217  00001d9c  60410009	seqi	r1,r2,#9
 1218  00001da0  14200020	bnez	r1,L75_LF2
 1219  00001da4  54000000	nop; delay slot nop
 1220  00001da8  8fc10000	lw	r1,(r30)
 1221  00001dac  90220000	lbu	r2,(r1)
 1222  00001db0  6041000a	seqi	r1,r2,#10
 1223  00001db4  1420000c	bnez	r1,L75_LF2
 1224  00001db8  54000000	nop; delay slot nop
 1225  00001dbc  0800001c	j	L74_LF2
 1226  00001dc0  54000000	nop; delay slot nop
 1227  00001dc4          	L75_LF2:
 1228  00001dc4  8fc20000	lw	r2,(r30)
 1229  00001dc8  20410001	addi	r1,r2,#1
 1230  00001dcc  00011020	add	r2,r0,r1
 1231  00001dd0  afc20000	sw	(r30),r2
 1232  00001dd4  0bffffa8	j	L73_LF2
 1233  00001dd8  54000000	nop; delay slot nop
 1234  00001ddc          	L74_LF2:
 1235  00001ddc  8fc10004	lw	r1,4(r30)
 1236  00001de0  64220000	snei	r2,r1,#0
 1237  00001de4  10400010	beqz	r2,L76_LF2
 1238  00001de8  54000000	nop; delay slot nop
 1239  00001dec  8fc10004	lw	r1,4(r30)
 1240  00001df0  8fc20000	lw	r2,(r30)
 1241  00001df4  ac220000	sw	(r1),r2
 1242  00001df8          	L76_LF2:
 1243  00001df8  8fc10000	lw	r1,(r30)
 1244  00001dfc  90220000	lbu	r2,(r1)
 1245  00001e00  64410000	snei	r1,r2,#0
 1246  00001e04  14200010	bnez	r1,L77_LF2
 1247  00001e08  54000000	nop; delay slot nop
 1248  00001e0c  8fc1fff4	lw	r1,-12(r30)
 1249  00001e10  08000294	j	L72_LF2
 1250  00001e14  54000000	nop; delay slot nop
 1251  00001e18          	L77_LF2:
 1252  00001e18  8fc10000	lw	r1,(r30)
 1253  00001e1c  90220000	lbu	r2,(r1)
 1254  00001e20  6041002d	seqi	r1,r2,#45
 1255  00001e24  10200024	beqz	r1,L78_LF2
 1256  00001e28  54000000	nop; delay slot nop
 1257  00001e2c  2001ffff	addi	r1,r0,#-1
 1258  00001e30  afc1ffec	sw	-20(r30),r1
 1259  00001e34  8fc20000	lw	r2,(r30)
 1260  00001e38  20410001	addi	r1,r2,#1
 1261  00001e3c  00011020	add	r2,r0,r1
 1262  00001e40  afc20000	sw	(r30),r2
 1263  00001e44  0800000c	j	L79_LF2
 1264  00001e48  54000000	nop; delay slot nop
 1265  00001e4c          	L78_LF2:
 1266  00001e4c  20010001	addi	r1,r0,#1
 1267  00001e50  afc1ffec	sw	-20(r30),r1
 1268  00001e54          	L79_LF2:
 1269  00001e54  8fc10008	lw	r1,8(r30)
 1270  00001e58  64220000	snei	r2,r1,#0
 1271  00001e5c  14400090	bnez	r2,L80_LF2
 1272  00001e60  54000000	nop; delay slot nop
 1273  00001e64  8fc10000	lw	r1,(r30)
 1274  00001e68  90220000	lbu	r2,(r1)
 1275  00001e6c  60410030	seqi	r1,r2,#48
 1276  00001e70  10200074	beqz	r1,L81_LF2
 1277  00001e74  54000000	nop; delay slot nop
 1278  00001e78  8fc20000	lw	r2,(r30)
 1279  00001e7c  20410001	addi	r1,r2,#1
 1280  00001e80  00011020	add	r2,r0,r1
 1281  00001e84  afc20000	sw	(r30),r2
 1282  00001e88  8fc10000	lw	r1,(r30)
 1283  00001e8c  90220000	lbu	r2,(r1)
 1284  00001e90  60410078	seqi	r1,r2,#120
 1285  00001e94  14200020	bnez	r1,L83_LF2
 1286  00001e98  54000000	nop; delay slot nop
 1287  00001e9c  8fc10000	lw	r1,(r30)
 1288  00001ea0  90220000	lbu	r2,(r1)
 1289  00001ea4  60410058	seqi	r1,r2,#88
 1290  00001ea8  1420000c	bnez	r1,L83_LF2
 1291  00001eac  54000000	nop; delay slot nop
 1292  00001eb0  08000024	j	L82_LF2
 1293  00001eb4  54000000	nop; delay slot nop
 1294  00001eb8          	L83_LF2:
 1295  00001eb8  20010010	addi	r1,r0,#16
 1296  00001ebc  afc10008	sw	8(r30),r1
 1297  00001ec0  8fc20000	lw	r2,(r30)
 1298  00001ec4  20410001	addi	r1,r2,#1
 1299  00001ec8  00011020	add	r2,r0,r1
 1300  00001ecc  afc20000	sw	(r30),r2
 1301  00001ed0  0800000c	j	L84_LF2
 1302  00001ed4  54000000	nop; delay slot nop
 1303  00001ed8          	L82_LF2:
 1304  00001ed8  20010008	addi	r1,r0,#8
 1305  00001edc  afc10008	sw	8(r30),r1
 1306  00001ee0          	L84_LF2:
 1307  00001ee0  0800000c	j	L80_LF2
 1308  00001ee4  54000000	nop; delay slot nop
 1309  00001ee8          	L81_LF2:
 1310  00001ee8  2001000a	addi	r1,r0,#10
 1311  00001eec  afc10008	sw	8(r30),r1
 1312  00001ef0          	L85_LF2:
 1313  00001ef0          	L80_LF2:
 1314  00001ef0  8fc10008	lw	r1,8(r30)
 1315  00001ef4  70220000	slei	r2,r1,#0
 1316  00001ef8  1440001c	bnez	r2,L87_LF2
 1317  00001efc  54000000	nop; delay slot nop
 1318  00001f00  8fc10008	lw	r1,8(r30)
 1319  00001f04  6c220010	sgti	r2,r1,#16
 1320  00001f08  1440000c	bnez	r2,L87_LF2
 1321  00001f0c  54000000	nop; delay slot nop
 1322  00001f10  08000010	j	L86_LF2
 1323  00001f14  54000000	nop; delay slot nop
 1324  00001f18          	L87_LF2:
 1325  00001f18  8fc1fff4	lw	r1,-12(r30)
 1326  00001f1c  08000188	j	L72_LF2
 1327  00001f20  54000000	nop; delay slot nop
 1328  00001f24          	L86_LF2:
 1329  00001f24  54000000	nop
 1330  00001f28          	L88_LF2:
 1331  00001f28  8fc10000	lw	r1,(r30)
 1332  00001f2c  90220000	lbu	r2,(r1)
 1333  00001f30  6c41002f	sgtui	r1,r2,#47
 1334  00001f34  10200030	beqz	r1,L91_LF2
 1335  00001f38  54000000	nop; delay slot nop
 1336  00001f3c  8fc10000	lw	r1,(r30)
 1337  00001f40  90220000	lbu	r2,(r1)
 1338  00001f44  70410039	sleui	r1,r2,#57
 1339  00001f48  1020001c	beqz	r1,L91_LF2
 1340  00001f4c  54000000	nop; delay slot nop
 1341  00001f50  8fc10000	lw	r1,(r30)
 1342  00001f54  90220000	lbu	r2,(r1)
 1343  00001f58  2041ffd0	addi	r1,r2,#-48
 1344  00001f5c  afc1fff0	sw	-16(r30),r1
 1345  00001f60  0800008c	j	L92_LF2
 1346  00001f64  54000000	nop; delay slot nop
 1347  00001f68          	L91_LF2:
 1348  00001f68  8fc10000	lw	r1,(r30)
 1349  00001f6c  90220000	lbu	r2,(r1)
 1350  00001f70  6c410060	sgtui	r1,r2,#96
 1351  00001f74  10200030	beqz	r1,L93_LF2
 1352  00001f78  54000000	nop; delay slot nop
 1353  00001f7c  8fc10000	lw	r1,(r30)
 1354  00001f80  90220000	lbu	r2,(r1)
 1355  00001f84  7041007a	sleui	r1,r2,#122
 1356  00001f88  1020001c	beqz	r1,L93_LF2
 1357  00001f8c  54000000	nop; delay slot nop
 1358  00001f90  8fc10000	lw	r1,(r30)
 1359  00001f94  90220000	lbu	r2,(r1)
 1360  00001f98  2041ffa9	addi	r1,r2,#-87
 1361  00001f9c  afc1fff0	sw	-16(r30),r1
 1362  00001fa0  0800004c	j	L92_LF2
 1363  00001fa4  54000000	nop; delay slot nop
 1364  00001fa8          	L93_LF2:
 1365  00001fa8  8fc10000	lw	r1,(r30)
 1366  00001fac  90220000	lbu	r2,(r1)
 1367  00001fb0  6c410040	sgtui	r1,r2,#64
 1368  00001fb4  10200030	beqz	r1,L95_LF2
 1369  00001fb8  54000000	nop; delay slot nop
 1370  00001fbc  8fc10000	lw	r1,(r30)
 1371  00001fc0  90220000	lbu	r2,(r1)
 1372  00001fc4  7041005a	sleui	r1,r2,#90
 1373  00001fc8  1020001c	beqz	r1,L95_LF2
 1374  00001fcc  54000000	nop; delay slot nop
 1375  00001fd0  8fc10000	lw	r1,(r30)
 1376  00001fd4  90220000	lbu	r2,(r1)
 1377  00001fd8  2041ffc9	addi	r1,r2,#-55
 1378  00001fdc  afc1fff0	sw	-16(r30),r1
 1379  00001fe0  0800000c	j	L92_LF2
 1380  00001fe4  54000000	nop; delay slot nop
 1381  00001fe8          	L95_LF2:
 1382  00001fe8  200103e8	addi	r1,r0,#1000
 1383  00001fec  afc1fff0	sw	-16(r30),r1
 1384  00001ff0          	L96_LF2:
 1385  00001ff0          	L94_LF2:
 1386  00001ff0          	L92_LF2:
 1387  00001ff0  8fc1fff0	lw	r1,-16(r30)
 1388  00001ff4  8fc20008	lw	r2,8(r30)
 1389  00001ff8  0022082a	slt	r1,r1,r2
 1390  00001ffc  10200040	beqz	r1,L90_LF2
 1391  00002000  54000000	nop; delay slot nop
 1392  00002004  8fc1fff4	lw	r1,-12(r30)
 1393  00002008  8fc20008	lw	r2,8(r30)
 1394  0000200c  00200035	movi2fp	f0,r1
 1395  00002010  00400835	movi2fp	f1,r2
 1396  00002014  0401000e	mult	f0,f0,f1
 1397  00002018  00000834	movfp2i	r1,f0
 1398  0000201c  afc1fff4	sw	-12(r30),r1
 1399  00002020  8fc1fff4	lw	r1,-12(r30)
 1400  00002024  8fc2fff0	lw	r2,-16(r30)
 1401  00002028  00220820	add	r1,r1,r2
 1402  0000202c  afc1fff4	sw	-12(r30),r1
 1403  00002030  8fc20000	lw	r2,(r30)
 1404  00002034  20410001	addi	r1,r2,#1
 1405  00002038  00011020	add	r2,r0,r1
 1406  0000203c  afc20000	sw	(r30),r2
 1407  00002040          	L97_LF2:
 1408  00002040          	L90_LF2:
 1409  00002040  8fc1fff0	lw	r1,-16(r30)
 1410  00002044  8fc20008	lw	r2,8(r30)
 1411  00002048  0022082a	slt	r1,r1,r2
 1412  0000204c  1420000c	bnez	r1,L98_LF2
 1413  00002050  54000000	nop; delay slot nop
 1414  00002054  0800000c	j	L89_LF2
 1415  00002058  54000000	nop; delay slot nop
 1416  0000205c          	L98_LF2:
 1417  0000205c  0bfffec8	j	L88_LF2
 1418  00002060  54000000	nop; delay slot nop
 1419  00002064          	L89_LF2:
 1420  00002064  8fc10004	lw	r1,4(r30)
 1421  00002068  64220000	snei	r2,r1,#0
 1422  0000206c  10400010	beqz	r2,L99_LF2
 1423  00002070  54000000	nop; delay slot nop
 1424  00002074  8fc10004	lw	r1,4(r30)
 1425  00002078  8fc20000	lw	r2,(r30)
 1426  0000207c  ac220000	sw	(r1),r2
 1427  00002080          	L99_LF2:
 1428  00002080  8fc1fff4	lw	r1,-12(r30)
 1429  00002084  8fc2ffec	lw	r2,-20(r30)
 1430  00002088  00200035	movi2fp	f0,r1
 1431  0000208c  00400835	movi2fp	f1,r2
 1432  00002090  0401000e	mult	f0,f0,f1
 1433  00002094  00000834	movfp2i	r1,f0
 1434  00002098  afc1fff4	sw	-12(r30),r1
 1435  0000209c  8fc1fff4	lw	r1,-12(r30)
 1436  000020a0  08000004	j	L72_LF2
 1437  000020a4  54000000	nop; delay slot nop
 1438  000020a8          	L72_LF2:
 1439  000020a8  8fa20000	lw	r2,0(r29)
 1440  000020ac  8fdffff8	lw	r31,-8(r30)
 1441  000020b0  001ee820	add	r29,r0,r30
 1442  000020b4  8fdefffc	lw	r30,-4(r30)
 1443  000020b8  4be00000	jr	r31
 1444  000020bc  54000000	nop
 1445  000020c0          	.endproc _dstrtol
 1446  000020c0          	.align 2
 1447  000020c0          	.proc _bcopy
 1448  000020c0          	.global _bcopy
 1449  000020c0          	_bcopy:
 1450                      ;  Function 'bcopy'; 0 bytes of locals, 2 regs to save.
 1451  000020c0  afbefffc	sw	-4(r29),r30; push fp
 1452  000020c4  001df020	add	r30,r0,r29; fp = sp
 1453  000020c8  afbffff8	sw	-8(r29),r31; push ret addr
 1454  000020cc  2fbd0010	subui	r29,r29,#16; alloc local storage
 1455  000020d0  afa20000	sw	0(r29),r2
 1456  000020d4  afa30004	sw	4(r29),r3
 1457  000020d8  54000000	nop
 1458  000020dc          	L101_LF2:
 1459  000020dc  8fc10008	lw	r1,8(r30)
 1460  000020e0  2022ffff	addi	r2,r1,#-1
 1461  000020e4  afc20008	sw	8(r30),r2
 1462  000020e8  6c210000	sgti	r1,r1,#0
 1463  000020ec  1420000c	bnez	r1,L103_LF2
 1464  000020f0  54000000	nop; delay slot nop
 1465  000020f4  0800002c	j	L102_LF2
 1466  000020f8  54000000	nop; delay slot nop
 1467  000020fc          	L103_LF2:
 1468  000020fc  8fc10004	lw	r1,4(r30)
 1469  00002100  20220001	addi	r2,r1,#1
 1470  00002104  afc20004	sw	4(r30),r2
 1471  00002108  8fc20000	lw	r2,(r30)
 1472  0000210c  20430001	addi	r3,r2,#1
 1473  00002110  afc30000	sw	(r30),r3
 1474  00002114  80420000	lb	r2,(r2)
 1475  00002118  a0220000	sb	(r1),r2
 1476  0000211c  0bffffbc	j	L101_LF2
 1477  00002120  54000000	nop; delay slot nop
 1478  00002124          	L102_LF2:
 1479  00002124          	L100_LF2:
 1480  00002124  8fa20000	lw	r2,0(r29)
 1481  00002128  8fa30004	lw	r3,4(r29)
 1482  0000212c  8fdffff8	lw	r31,-8(r30)
 1483  00002130  001ee820	add	r29,r0,r30
 1484  00002134  8fdefffc	lw	r30,-4(r30)
 1485  00002138  4be00000	jr	r31
 1486  0000213c  54000000	nop
 1487  00002140          	.endproc _bcopy
 1488  00002140          	.align 2
 1489  00002140          	.proc _bzero
 1490  00002140          	.global _bzero
 1491  00002140          	_bzero:
 1492                      ;  Function 'bzero'; 0 bytes of locals, 1 regs to save.
 1493  00002140  afbefffc	sw	-4(r29),r30; push fp
 1494  00002144  001df020	add	r30,r0,r29; fp = sp
 1495  00002148  afbffff8	sw	-8(r29),r31; push ret addr
 1496  0000214c  2fbd0010	subui	r29,r29,#16; alloc local storage
 1497  00002150  afa20000	sw	0(r29),r2
 1498  00002154  54000000	nop
 1499  00002158          	L105_LF2:
 1500  00002158  8fc10004	lw	r1,4(r30)
 1501  0000215c  2022ffff	addi	r2,r1,#-1
 1502  00002160  afc20004	sw	4(r30),r2
 1503  00002164  6c210000	sgti	r1,r1,#0
 1504  00002168  1420000c	bnez	r1,L107_LF2
 1505  0000216c  54000000	nop; delay slot nop
 1506  00002170  08000020	j	L106_LF2
 1507  00002174  54000000	nop; delay slot nop
 1508  00002178          	L107_LF2:
 1509  00002178  8fc10000	lw	r1,(r30)
 1510  0000217c  20220001	addi	r2,r1,#1
 1511  00002180  afc20000	sw	(r30),r2
 1512  00002184  20020000	addi	r2,r0,(#0x0)&0xff
 1513  00002188  a0220000	sb	(r1),r2
 1514  0000218c  0bffffc8	j	L105_LF2
 1515  00002190  54000000	nop; delay slot nop
 1516  00002194          	L106_LF2:
 1517  00002194          	L104_LF2:
 1518  00002194  8fa20000	lw	r2,0(r29)
 1519  00002198  8fdffff8	lw	r31,-8(r30)
 1520  0000219c  001ee820	add	r29,r0,r30
 1521  000021a0  8fdefffc	lw	r30,-4(r30)
 1522  000021a4  4be00000	jr	r31
 1523  000021a8  54000000	nop
 1524  000021ac          	.endproc _bzero
 1525  000021ac          	.align 2
 1526  000021ac          	.proc _min
 1527  000021ac          	.global _min
 1528  000021ac          	_min:
 1529                      ;  Function 'min'; 0 bytes of locals, 2 regs to save.
 1530  000021ac  afbefffc	sw	-4(r29),r30; push fp
 1531  000021b0  001df020	add	r30,r0,r29; fp = sp
 1532  000021b4  afbffff8	sw	-8(r29),r31; push ret addr
 1533  000021b8  2fbd0010	subui	r29,r29,#16; alloc local storage
 1534  000021bc  afa20000	sw	0(r29),r2
 1535  000021c0  afa30004	sw	4(r29),r3
 1536  000021c4  8fc10000	lw	r1,(r30)
 1537  000021c8  8fc20004	lw	r2,4(r30)
 1538  000021cc  0022182c	sle	r3,r1,r2
 1539  000021d0  14600008	bnez	r3,L109_LF2
 1540  000021d4  54000000	nop; delay slot nop
 1541  000021d8  8fc10004	lw	r1,4(r30)
 1542  000021dc          	L109_LF2:
 1543  000021dc  08000004	j	L108_LF2
 1544  000021e0  54000000	nop; delay slot nop
 1545  000021e4          	L108_LF2:
 1546  000021e4  8fa20000	lw	r2,0(r29)
 1547  000021e8  8fa30004	lw	r3,4(r29)
 1548  000021ec  8fdffff8	lw	r31,-8(r30)
 1549  000021f0  001ee820	add	r29,r0,r30
 1550  000021f4  8fdefffc	lw	r30,-4(r30)
 1551  000021f8  4be00000	jr	r31
 1552  000021fc  54000000	nop
 1553  00002200          	.endproc _min
 1554                      ;;; Ethan L. Miller, 1999.  Released to the public domain
 1555                      ;;;
 1556                      ;;; Most of the traps are called in files from libtraps.
 1559  00002200          	.align 2
 1560  00002200          	.proc _exit
 1561  00002200          	.global _exit
 1562  00002200          	_exit:
 1563  00002200  44000300	trap	#0x300
 1564  00002204  4be00000	jr	r31
 1565  00002208  54000000	nop
 1566  0000220c          	.endproc _exit
 1568                      ; for the benefit of gcc.
 1569  0000220c          	.proc ___main
 1570  0000220c          	.global ___main
 1571  0000220c          	___main:
 1572  0000220c  4be00000	jr	r31
 1573  00002210  54000000	nop
 1574  00002214          	.endproc ___main
 1575  00002214          	.text
 1576  00002214          	.global _etext
 1577  00002214          	_etext:
 1578  00002214          	.align 3
 1579  00002218          	.data
 1580  00003166          	.global _edata
 1581  00003166          	_edata:
