 line   address	contents
    1                      ; Linked by DLX-LD.
    2                      ; MemSize 24576
    3                      ; Data size: 430
    4                      ; Text size: 4860
    5                      ; Stack size: 8192
    6  00000000          	.text 0x1000
    7  00001000          	.data 0x3000
    8                      ; Compiled by GCC
    9  00003000          	.text
   10  00001000          	.align 2
   11  00001000          	.proc _isspace
   12  00001000          	.global _isspace
   13  00001000          	_isspace:
   14                      ;  Function 'isspace'; 0 bytes of locals, 1 regs to save.
   15  00001000  afbefffc	sw	-4(r29),r30; push fp
   16  00001004  001df020	add	r30,r0,r29; fp = sp
   17  00001008  afbffff8	sw	-8(r29),r31; push ret addr
   18  0000100c  2fbd0010	subui	r29,r29,#16; alloc local storage
   19  00001010  afa20000	sw	0(r29),r2
   20  00001014  83c20003	lb	r2,3(r30)
   21  00001018  201f0000	addi	r31,r0,#0
   22  0000101c  304100ff	andi	r1,r2,#0x00ff
   23  00001020  60210020	seqi	r1,r1,#32
   24  00001024  14200018	bnez	r1,L6_LF0
   25  00001028  54000000	nop; not filled.
   26  0000102c  2041fff7	addi	r1,r2,#-9
   27  00001030  302100ff	andi	r1,r1,#0x00ff
   28  00001034  70210001	sleui	r1,r1,#1
   29  00001038  10200008	beqz	r1,L5_LF0
   30  0000103c  54000000	nop; not filled.
   31  00001040          	L6_LF0:
   32  00001040  201f0001	addi	r31,r0,#1
   33  00001044          	L5_LF0:
   34  00001044  001f0820	add	r1,r0,r31
   35  00001048  8fa20000	lw	r2,0(r29)
   36  0000104c  8fdffff8	lw	r31,-8(r30)
   37  00001050  001ee820	add	r29,r0,r30
   38  00001054  8fdefffc	lw	r30,-4(r30)
   39  00001058  4be00000	jr	r31
   40  0000105c  54000000	nop
   41  00001060          	.endproc _isspace
   42  00001060          	.align 2
   43  00001060          	.proc _isxdigit
   44  00001060          	.global _isxdigit
   45  00001060          	_isxdigit:
   46                      ;  Function 'isxdigit'; 0 bytes of locals, 1 regs to save.
   47  00001060  afbefffc	sw	-4(r29),r30; push fp
   48  00001064  001df020	add	r30,r0,r29; fp = sp
   49  00001068  afbffff8	sw	-8(r29),r31; push ret addr
   50  0000106c  2fbd0010	subui	r29,r29,#16; alloc local storage
   51  00001070  afa20000	sw	0(r29),r2
   52  00001074  83df0003	lb	r31,3(r30)
   53  00001078  20020000	addi	r2,r0,#0
   54  0000107c  23e1ffd0	addi	r1,r31,#-48
   55  00001080  302100ff	andi	r1,r1,#0x00ff
   56  00001084  70210009	sleui	r1,r1,#9
   57  00001088  14200028	bnez	r1,L12_LF0
   58  0000108c  54000000	nop; not filled.
   59  00001090  23e1ff9f	addi	r1,r31,#-97
   60  00001094  302100ff	andi	r1,r1,#0x00ff
   61  00001098  70210005	sleui	r1,r1,#5
   62  0000109c  14200014	bnez	r1,L12_LF0
   63  000010a0  54000000	nop; not filled.
   64  000010a4  33e100ff	andi	r1,r31,#0x00ff
   65  000010a8  64210041	snei	r1,r1,#65
   66  000010ac  14200008	bnez	r1,L11_LF0
   67  000010b0  54000000	nop; not filled.
   68  000010b4          	L12_LF0:
   69  000010b4  20020001	addi	r2,r0,#1
   70  000010b8          	L11_LF0:
   71  000010b8  00020820	add	r1,r0,r2
   72  000010bc  8fa20000	lw	r2,0(r29)
   73  000010c0  8fdffff8	lw	r31,-8(r30)
   74  000010c4  001ee820	add	r29,r0,r30
   75  000010c8  8fdefffc	lw	r30,-4(r30)
   76  000010cc  4be00000	jr	r31
   77  000010d0  54000000	nop
   78  000010d4          	.endproc _isxdigit
   79  000010d4          	.data
   80  00003000          	.align 2
   81  00003000          	LC0_LF0:
   82  00003000  55736167	.ascii "Usage: \000"
   82  00003004  653a2000	
   83  00003008          	.align 2
   84  00003008          	LC1_LF0:
   85  00003008  203c6e75	.ascii " <number of processes to create>\n\000"
   85  0000300c  6d626572	
   85  00003010  206f6620	
   85  00003014  70726f63	
   85  00003018  65737365	
   85  0000301c  7320746f	
   85  00003020  20637265	
   85  00003024  6174653e	
   85  00003028  0a00    	
   86  0000302a          	.align 2
   87  0000302c          	LC2_LF0:
   88  0000302c  676f7420	.ascii "got to here 1\n\000"
   88  00003030  746f2068	
   88  00003034  65726520	
   88  00003038  310a00  	
   89  0000303b          	.align 2
   90  0000303c          	LC3_LF0:
   91  0000303c  43726561	.ascii "Creating %d processes\n\000"
   91  00003040  74696e67	
   91  00003044  20256420	
   91  00003048  70726f63	
   91  0000304c  65737365	
   91  00003050  730a00  	
   92  00003053          	.align 2
   93  00003054          	LC4_LF0:
   94  00003054  4552524f	.ascii "ERROR: could not allocate shared memory page in \000"
   94  00003058  523a2063	
   94  0000305c  6f756c64	
   94  00003060  206e6f74	
   94  00003064  20616c6c	
   94  00003068  6f636174	
   94  0000306c  65207368	
   94  00003070  61726564	
   94  00003074  206d656d	
   94  00003078  6f727920	
   94  0000307c  70616765	
   94  00003080  20696e20	
   94  00003084  00      	
   95  00003085          	.align 2
   96  00003088          	LC5_LF0:
   97  00003088  2c206578	.ascii ", exiting...\n\000"
   97  0000308c  6974696e	
   97  00003090  672e2e2e	
   97  00003094  0a00    	
   98  00003096          	.align 2
   99  00003098          	LC6_LF0:
  100  00003098  436f756c	.ascii "Could not map the shared page to virtual address in \000"
  100  0000309c  64206e6f	
  100  000030a0  74206d61	
  100  000030a4  70207468	
  100  000030a8  65207368	
  100  000030ac  61726564	
  100  000030b0  20706167	
  100  000030b4  6520746f	
  100  000030b8  20766972	
  100  000030bc  7475616c	
  100  000030c0  20616464	
  100  000030c4  72657373	
  100  000030c8  20696e20	
  100  000030cc  00      	
  101  000030cd          	.align 2
  102  000030d0          	LC7_LF0:
  103  000030d0  2c206578	.ascii ", exiting..\n\000"
  103  000030d4  6974696e	
  103  000030d8  672e2e0a	
  103  000030dc  00      	
  104  000030dd          	.align 2
  105  000030e0          	LC8_LF0:
  106  000030e0  42616420	.ascii "Bad sem_create in \000"
  106  000030e4  73656d5f	
  106  000030e8  63726561	
  106  000030ec  74652069	
  106  000030f0  6e2000  	
  107  000030f3          	.align 2
  108  000030f4          	LC9_LF0:
  109  000030f4  0a00    	.ascii "\n\000"
  110  000030f6          	.align 2
  111  000030f8          	LC10_LF0:
  112  000030f8  42616420	.ascii "Bad lock in \000"
  112  000030fc  6c6f636b	
  112  00003100  20696e20	
  112  00003104  00      	
  113  00003105          	.align 2
  114  00003108          	LC11_LF0:
  115  00003108  62696e2f	.ascii "bin/producer.dlx.obj\000"
  115  0000310c  70726f64	
  115  00003110  75636572	
  115  00003114  2e646c78	
  115  00003118  2e6f626a	
  115  0000311c  00      	
  116  0000311d          	.align 2
  117  00003120          	LC12_LF0:
  118  00003120  62696e2f	.ascii "bin/consumer.dlx.obj\000"
  118  00003124  636f6e73	
  118  00003128  756d6572	
  118  0000312c  2e646c78	
  118  00003130  2e6f626a	
  118  00003134  00      	
  119  00003135          	.align 2
  120  00003138          	LC13_LF0:
  121  00003138  50726f63	.ascii "Process %d created\n\000"
  121  0000313c  65737320	
  121  00003140  25642063	
  121  00003144  72656174	
  121  00003148  65640a00	
  122  0000314c          	.align 2
  123  0000314c          	LC14_LF0:
  124  0000314c  42616420	.ascii "Bad semaphore s_procs_completed (%d) in \000"
  124  00003150  73656d61	
  124  00003154  70686f72	
  124  00003158  6520735f	
  124  0000315c  70726f63	
  124  00003160  735f636f	
  124  00003164  6d706c65	
  124  00003168  74656420	
  124  0000316c  28256429	
  124  00003170  20696e20	
  124  00003174  00      	
  125  00003175          	.align 2
  126  00003178          	LC15_LF0:
  127  00003178  416c6c20	.ascii "All other processes completed, exiting main process.\n\000"
  127  0000317c  6f746865	
  127  00003180  72207072	
  127  00003184  6f636573	
  127  00003188  73657320	
  127  0000318c  636f6d70	
  127  00003190  6c657465	
  127  00003194  642c2065	
  127  00003198  78697469	
  127  0000319c  6e67206d	
  127  000031a0  61696e20	
  127  000031a4  70726f63	
  127  000031a8  6573732e	
  127  000031ac  0a00    	
  128  000031ae          	.text
  129  000010d4          	.align 2
  130  000010d4          	.proc _main
  131  000010d4          	.global _main
  132  000010d4          	_main:
  133                      ;  Function 'main'; 48 bytes of locals, 0 regs to save.
  134  000010d4  afbefffc	sw	-4(r29),r30; push fp
  135  000010d8  001df020	add	r30,r0,r29; fp = sp
  136  000010dc  afbffff8	sw	-8(r29),r31; push ret addr
  137  000010e0  2fbd0038	subui	r29,r29,#56; alloc local storage
  138  000010e4  8fc20000	lw	r2,(r30)
  139  000010e8  8fc80004	lw	r8,4(r30)
  140  000010ec  0c001204	jal	___main
  141  000010f0  54000000	nop; not filled.
  142  000010f4  64410002	snei	r1,r2,#2
  143  000010f8  1020004c	beqz	r1,L14_LF0
  144  000010fc  54000000	nop; not filled.
  145  00001100  23bdfff8	addi	r29,r29,#-8
  146  00001104  3c090000	lhi	r9,((LC0_LF0)>>16)&0xffff
  147  00001108  25293000	addui	r9,r9,(LC0_LF0)&0xffff
  148  0000110c  afa90000	sw	(r29),r9
  149  00001110  0c0003d8	jal	_Printf
  150  00001114  54000000	nop; not filled.
  151  00001118  8d090000	lw	r9,(r8)
  152  0000111c  afa90000	sw	(r29),r9
  153  00001120  0c0003c8	jal	_Printf
  154  00001124  54000000	nop; not filled.
  155  00001128  3c090000	lhi	r9,((LC1_LF0)>>16)&0xffff
  156  0000112c  25293008	addui	r9,r9,(LC1_LF0)&0xffff
  157  00001130  afa90000	sw	(r29),r9
  158  00001134  0c0003b4	jal	_Printf
  159  00001138  54000000	nop; not filled.
  160  0000113c  0c000460	jal	_Exit
  161  00001140  54000000	nop; not filled.
  162  00001144  23bd0008	addi	r29,r29,#8
  163  00001148          	L14_LF0:
  164  00001148  23bdfff8	addi	r29,r29,#-8
  165  0000114c  3c090000	lhi	r9,((LC2_LF0)>>16)&0xffff
  166  00001150  2529302c	addui	r9,r9,(LC2_LF0)&0xffff
  167  00001154  afa90000	sw	(r29),r9
  168  00001158  0c000390	jal	_Printf
  169  0000115c  54000000	nop; not filled.
  170  00001160  23bdfff8	addi	r29,r29,#-8
  171  00001164  8d090004	lw	r9,4(r8)
  172  00001168  afa90000	sw	(r29),r9
  173  0000116c  20090000	addi	r9,r0,#0
  174  00001170  afa90004	sw	4(r29),r9
  175  00001174  2009000a	addi	r9,r0,#10
  176  00001178  afa90008	sw	8(r29),r9
  177  0000117c  0c000ccc	jal	_dstrtol
  178  00001180  54000000	nop; not filled.
  179  00001184  00013820	add	r7,r0,r1
  180  00001188  3c090000	lhi	r9,((LC3_LF0)>>16)&0xffff
  181  0000118c  2529303c	addui	r9,r9,(LC3_LF0)&0xffff
  182  00001190  afa90000	sw	(r29),r9
  183  00001194  afa70004	sw	4(r29),r7
  184  00001198  0c000350	jal	_Printf
  185  0000119c  54000000	nop; not filled.
  186  000011a0  0c00036c	jal	_shmget
  187  000011a4  54000000	nop; not filled.
  188  000011a8  00011820	add	r3,r0,r1
  189  000011ac  23bd0010	addi	r29,r29,#16
  190  000011b0  64610000	snei	r1,r3,#0
  191  000011b4  1420004c	bnez	r1,L15_LF0
  192  000011b8  54000000	nop; not filled.
  193  000011bc  23bdfff8	addi	r29,r29,#-8
  194  000011c0  3c090000	lhi	r9,((LC4_LF0)>>16)&0xffff
  195  000011c4  25293054	addui	r9,r9,(LC4_LF0)&0xffff
  196  000011c8  afa90000	sw	(r29),r9
  197  000011cc  0c00031c	jal	_Printf
  198  000011d0  54000000	nop; not filled.
  199  000011d4  8d090000	lw	r9,(r8)
  200  000011d8  afa90000	sw	(r29),r9
  201  000011dc  0c00030c	jal	_Printf
  202  000011e0  54000000	nop; not filled.
  203  000011e4  3c090000	lhi	r9,((LC5_LF0)>>16)&0xffff
  204  000011e8  25293088	addui	r9,r9,(LC5_LF0)&0xffff
  205  000011ec  afa90000	sw	(r29),r9
  206  000011f0  0c0002f8	jal	_Printf
  207  000011f4  54000000	nop; not filled.
  208  000011f8  0c0003a4	jal	_Exit
  209  000011fc  54000000	nop; not filled.
  210  00001200  23bd0008	addi	r29,r29,#8
  211  00001204          	L15_LF0:
  212  00001204  23bdfff8	addi	r29,r29,#-8
  213  00001208  afa30000	sw	(r29),r3
  214  0000120c  0c00030c	jal	_shmat
  215  00001210  54000000	nop; not filled.
  216  00001214  00011020	add	r2,r0,r1
  217  00001218  23bd0008	addi	r29,r29,#8
  218  0000121c  64410000	snei	r1,r2,#0
  219  00001220  1420004c	bnez	r1,L16_LF0
  220  00001224  54000000	nop; not filled.
  221  00001228  23bdfff8	addi	r29,r29,#-8
  222  0000122c  3c090000	lhi	r9,((LC6_LF0)>>16)&0xffff
  223  00001230  25293098	addui	r9,r9,(LC6_LF0)&0xffff
  224  00001234  afa90000	sw	(r29),r9
  225  00001238  0c0002b0	jal	_Printf
  226  0000123c  54000000	nop; not filled.
  227  00001240  8d090000	lw	r9,(r8)
  228  00001244  afa90000	sw	(r29),r9
  229  00001248  0c0002a0	jal	_Printf
  230  0000124c  54000000	nop; not filled.
  231  00001250  3c090000	lhi	r9,((LC7_LF0)>>16)&0xffff
  232  00001254  252930d0	addui	r9,r9,(LC7_LF0)&0xffff
  233  00001258  afa90000	sw	(r29),r9
  234  0000125c  0c00028c	jal	_Printf
  235  00001260  54000000	nop; not filled.
  236  00001264  0c000338	jal	_Exit
  237  00001268  54000000	nop; not filled.
  238  0000126c  23bd0008	addi	r29,r29,#8
  239  00001270          	L16_LF0:
  240  00001270  20090000	addi	r9,r0,#0
  241  00001274  ac49000c	sw	12(r2),r9
  242  00001278  ac490010	sw	16(r2),r9
  243  0000127c  23bdfff8	addi	r29,r29,#-8
  244  00001280  20010001	addi	r1,r0,#1
  245  00001284  00270822	sub	r1,r1,r7
  246  00001288  afa10000	sw	(r29),r1
  247  0000128c  0c000298	jal	_sem_create
  248  00001290  54000000	nop; not filled.
  249  00001294  00013020	add	r6,r0,r1
  250  00001298  23bd0008	addi	r29,r29,#8
  251  0000129c  60c1ffff	seqi	r1,r6,#-1
  252  000012a0  1020004c	beqz	r1,L17_LF0
  253  000012a4  54000000	nop; not filled.
  254  000012a8  23bdfff8	addi	r29,r29,#-8
  255  000012ac  3c090000	lhi	r9,((LC8_LF0)>>16)&0xffff
  256  000012b0  252930e0	addui	r9,r9,(LC8_LF0)&0xffff
  257  000012b4  afa90000	sw	(r29),r9
  258  000012b8  0c000230	jal	_Printf
  259  000012bc  54000000	nop; not filled.
  260  000012c0  8d090000	lw	r9,(r8)
  261  000012c4  afa90000	sw	(r29),r9
  262  000012c8  0c000220	jal	_Printf
  263  000012cc  54000000	nop; not filled.
  264  000012d0  3c090000	lhi	r9,((LC9_LF0)>>16)&0xffff
  265  000012d4  252930f4	addui	r9,r9,(LC9_LF0)&0xffff
  266  000012d8  afa90000	sw	(r29),r9
  267  000012dc  0c00020c	jal	_Printf
  268  000012e0  54000000	nop; not filled.
  269  000012e4  0c0002b8	jal	_Exit
  270  000012e8  54000000	nop; not filled.
  271  000012ec  23bd0008	addi	r29,r29,#8
  272  000012f0          	L17_LF0:
  273  000012f0  0c000258	jal	_lock_create
  274  000012f4  54000000	nop; not filled.
  275  000012f8  00011020	add	r2,r0,r1
  276  000012fc  6041ffff	seqi	r1,r2,#-1
  277  00001300  1020004c	beqz	r1,L18_LF0
  278  00001304  54000000	nop; not filled.
  279  00001308  23bdfff8	addi	r29,r29,#-8
  280  0000130c  3c090000	lhi	r9,((LC10_LF0)>>16)&0xffff
  281  00001310  252930f8	addui	r9,r9,(LC10_LF0)&0xffff
  282  00001314  afa90000	sw	(r29),r9
  283  00001318  0c0001d0	jal	_Printf
  284  0000131c  54000000	nop; not filled.
  285  00001320  8d090000	lw	r9,(r8)
  286  00001324  afa90000	sw	(r29),r9
  287  00001328  0c0001c0	jal	_Printf
  288  0000132c  54000000	nop; not filled.
  289  00001330  3c090000	lhi	r9,((LC9_LF0)>>16)&0xffff
  290  00001334  252930f4	addui	r9,r9,(LC9_LF0)&0xffff
  291  00001338  afa90000	sw	(r29),r9
  292  0000133c  0c0001ac	jal	_Printf
  293  00001340  54000000	nop; not filled.
  294  00001344  0c000258	jal	_Exit
  295  00001348  54000000	nop; not filled.
  296  0000134c  23bd0008	addi	r29,r29,#8
  297  00001350          	L18_LF0:
  298  00001350  23bdfff8	addi	r29,r29,#-8
  299  00001354  afa30000	sw	(r29),r3
  300  00001358  23c5ffe8	addi	r5,r30,#-24
  301  0000135c  afa50004	sw	4(r29),r5
  302  00001360  0c00095c	jal	_ditoa
  303  00001364  54000000	nop; not filled.
  304  00001368  afa60000	sw	(r29),r6
  305  0000136c  23c4ffd8	addi	r4,r30,#-40
  306  00001370  afa40004	sw	4(r29),r4
  307  00001374  0c000948	jal	_ditoa
  308  00001378  54000000	nop; not filled.
  309  0000137c  afa20000	sw	(r29),r2
  310  00001380  23c3ffc8	addi	r3,r30,#-56
  311  00001384  afa30004	sw	4(r29),r3
  312  00001388  0c000934	jal	_ditoa
  313  0000138c  54000000	nop; not filled.
  314  00001390  20020000	addi	r2,r0,#0
  315  00001394  23bd0008	addi	r29,r29,#8
  316  00001398  0047082a	slt	r1,r2,r7
  317  0000139c  10200074	beqz	r1,L20_LF0
  318  000013a0  54000000	nop; not filled.
  319  000013a4          	L22_LF0:
  320  000013a4  23bdfff0	addi	r29,r29,#-16
  321  000013a8  3c090000	lhi	r9,((LC11_LF0)>>16)&0xffff
  322  000013ac  25293108	addui	r9,r9,(LC11_LF0)&0xffff
  323  000013b0  afa90000	sw	(r29),r9
  324  000013b4  afa50004	sw	4(r29),r5
  325  000013b8  afa40008	sw	8(r29),r4
  326  000013bc  afa3000c	sw	12(r29),r3
  327  000013c0  0c000140	jal	_process_create
  328  000013c4  54000000	nop; not filled.
  329  000013c8  3c090000	lhi	r9,((LC12_LF0)>>16)&0xffff
  330  000013cc  25293120	addui	r9,r9,(LC12_LF0)&0xffff
  331  000013d0  afa90000	sw	(r29),r9
  332  000013d4  afa50004	sw	4(r29),r5
  333  000013d8  afa40008	sw	8(r29),r4
  334  000013dc  afa3000c	sw	12(r29),r3
  335  000013e0  0c000120	jal	_process_create
  336  000013e4  54000000	nop; not filled.
  337  000013e8  3c090000	lhi	r9,((LC13_LF0)>>16)&0xffff
  338  000013ec  25293138	addui	r9,r9,(LC13_LF0)&0xffff
  339  000013f0  afa90000	sw	(r29),r9
  340  000013f4  afa20004	sw	4(r29),r2
  341  000013f8  0c0000f0	jal	_Printf
  342  000013fc  54000000	nop; not filled.
  343  00001400  23bd0010	addi	r29,r29,#16
  344  00001404  20420001	addi	r2,r2,#1
  345  00001408  0047082a	slt	r1,r2,r7
  346  0000140c  1420ff94	bnez	r1,L22_LF0
  347  00001410  54000000	nop; not filled.
  348  00001414          	L20_LF0:
  349  00001414  23bdfff8	addi	r29,r29,#-8
  350  00001418  afa60000	sw	(r29),r6
  351  0000141c  0c000114	jal	_sem_wait
  352  00001420  54000000	nop; not filled.
  353  00001424  23bd0008	addi	r29,r29,#8
  354  00001428  64210001	snei	r1,r1,#1
  355  0000142c  10200050	beqz	r1,L24_LF0
  356  00001430  54000000	nop; not filled.
  357  00001434  23bdfff8	addi	r29,r29,#-8
  358  00001438  3c090000	lhi	r9,((LC14_LF0)>>16)&0xffff
  359  0000143c  2529314c	addui	r9,r9,(LC14_LF0)&0xffff
  360  00001440  afa90000	sw	(r29),r9
  361  00001444  afa60004	sw	4(r29),r6
  362  00001448  0c0000a0	jal	_Printf
  363  0000144c  54000000	nop; not filled.
  364  00001450  8d080000	lw	r8,(r8)
  365  00001454  afa80000	sw	(r29),r8
  366  00001458  0c000090	jal	_Printf
  367  0000145c  54000000	nop; not filled.
  368  00001460  3c090000	lhi	r9,((LC9_LF0)>>16)&0xffff
  369  00001464  252930f4	addui	r9,r9,(LC9_LF0)&0xffff
  370  00001468  afa90000	sw	(r29),r9
  371  0000146c  0c00007c	jal	_Printf
  372  00001470  54000000	nop; not filled.
  373  00001474  0c000128	jal	_Exit
  374  00001478  54000000	nop; not filled.
  375  0000147c  23bd0008	addi	r29,r29,#8
  376  00001480          	L24_LF0:
  377  00001480  23bdfff8	addi	r29,r29,#-8
  378  00001484  3c090000	lhi	r9,((LC15_LF0)>>16)&0xffff
  379  00001488  25293178	addui	r9,r9,(LC15_LF0)&0xffff
  380  0000148c  afa90000	sw	(r29),r9
  381  00001490  0c000058	jal	_Printf
  382  00001494  54000000	nop; not filled.
  383  00001498  23bd0008	addi	r29,r29,#8
  384  0000149c  0c000e48	jal	_exit
  385  000014a0  54000000	nop
  386  000014a4          	.endproc _main
  387                      ;;;
  388                      ;;; Stub functions for DLX traps.
  389                      ;;;
  390                      ;;; Ethan L. Miller, 1999.  Released to the public domain.
  391                      ;;;
  392                      ;;; The traps such as Open and Close
  393                      ;;; (note the capital letters) are for use by user programs.  The traps
  394                      ;;; with names such as open and close (lower case) are for use by the OS.
  395                      ;;;
  398  000014a4          	.align 2
  400                      ;;; The following are the traps to be used by user-level programs
  401                      ;;;
  403  000014a4          	.align 2
  404  000014a4          	.proc _Open
  405  000014a4          	.global _Open
  406  000014a4          	_Open:
  407                      ;;; Note that trap #0x213 actually causes a trap vector in the OS of
  408                      ;;; 0x1213.  The same is true for other user traps.  Thus, a user trap
  409                      ;;; with trap #0x240 will result in a trap vector of 0x1240 in the OS.
  410  000014a4  44000213	trap	#0x213
  411  000014a8  4be00000	jr	r31
  412  000014ac  54000000	nop
  413  000014b0          	.endproc _Open
  415  000014b0          	.proc _Close
  416  000014b0          	.global _Close
  417  000014b0          	_Close:
  418  000014b0  44000214	trap	#0x214
  419  000014b4  4be00000	jr	r31
  420  000014b8  54000000	nop
  421  000014bc          	.endproc _Close
  423  000014bc          	.proc _Read
  424  000014bc          	.global _Read
  425  000014bc          	_Read:
  426  000014bc  44000210	trap	#0x210
  427  000014c0  4be00000	jr	r31
  428  000014c4  54000000	nop
  429  000014c8          	.endproc _Read
  431  000014c8          	.proc _Write
  432  000014c8          	.global _Write
  433  000014c8          	_Write:
  434  000014c8  44000211	trap	#0x211
  435  000014cc  4be00000	jr	r31
  436  000014d0  54000000	nop
  437  000014d4          	.endproc _Write
  439  000014d4          	.proc _Lseek
  440  000014d4          	.global _Lseek
  441  000014d4          	_Lseek:
  442  000014d4  44000212	trap	#0x212
  443  000014d8  4be00000	jr	r31
  444  000014dc  54000000	nop
  445  000014e0          	.endproc _Lseek
  447  000014e0          	.proc _Putchar
  448  000014e0          	.global _Putchar
  449  000014e0          	_Putchar:
  450  000014e0  44000280	trap	#0x280
  451  000014e4  4be00000	jr	r31
  452  000014e8  54000000	nop
  453  000014ec          	.endproc _Putchar
  455  000014ec          	.proc _Printf
  456  000014ec          	.global _Printf
  457  000014ec          	_Printf:
  458  000014ec  44000201	trap	#0x201
  459  000014f0  4be00000	jr	r31
  460  000014f4  54000000	nop
  461  000014f8          	.endproc _Printf
  463  000014f8          	.proc _getpid
  464  000014f8          	.global _getpid
  465  000014f8          	_getpid:
  466  000014f8  44000431	trap	#0x431
  467  000014fc  4be00000	jr	r31
  468  00001500  54000000	nop
  469  00001504          	.endproc _getpid
  471  00001504          	.proc _process_create
  472  00001504          	.global _process_create
  473  00001504          	_process_create:
  474  00001504  44000432	trap	#0x432
  475  00001508  4be00000	jr	r31
  476  0000150c  54000000	nop
  477  00001510          	.endproc _process_create
  479  00001510          	.proc _shmget
  480  00001510          	.global _shmget
  481  00001510          	_shmget:
  482  00001510  44000440	trap	#0x440
  483  00001514  4be00000	jr	r31
  484  00001518  54000000	nop
  485  0000151c          	.endproc _shmget
  487  0000151c          	.proc _shmat
  488  0000151c          	.global _shmat
  489  0000151c          	_shmat:
  490  0000151c  44000441	trap	#0x441
  491  00001520  4be00000	jr	r31
  492  00001524  54000000	nop
  493  00001528          	.endproc _shmat
  495  00001528          	.proc _sem_create
  496  00001528          	.global _sem_create
  497  00001528          	_sem_create:
  498  00001528  44000450	trap	#0x450
  499  0000152c  4be00000	jr	r31
  500  00001530  54000000	nop
  501  00001534          	.endproc _sem_create
  503  00001534          	.proc _sem_wait
  504  00001534          	.global _sem_wait
  505  00001534          	_sem_wait:
  506  00001534  44000451	trap	#0x451
  507  00001538  4be00000	jr	r31
  508  0000153c  54000000	nop
  509  00001540          	.endproc _sem_wait
  511  00001540          	.proc _sem_signal
  512  00001540          	.global _sem_signal
  513  00001540          	_sem_signal:
  514  00001540  44000452	trap	#0x452
  515  00001544  4be00000	jr	r31
  516  00001548  54000000	nop
  517  0000154c          	.endproc _sem_signal
  519  0000154c          	.proc _lock_create
  520  0000154c          	.global _lock_create
  521  0000154c          	_lock_create:
  522  0000154c  44000453	trap	#0x453
  523  00001550  4be00000	jr	r31
  524  00001554  54000000	nop
  525  00001558          	.endproc _lock_create
  527  00001558          	.proc _lock_acquire
  528  00001558          	.global _lock_acquire
  529  00001558          	_lock_acquire:
  530  00001558  44000454	trap	#0x454
  531  0000155c  4be00000	jr	r31
  532  00001560  54000000	nop
  533  00001564          	.endproc _lock_acquire
  535  00001564          	.proc _lock_release
  536  00001564          	.global _lock_release
  537  00001564          	_lock_release:
  538  00001564  44000455	trap	#0x455
  539  00001568  4be00000	jr	r31
  540  0000156c  54000000	nop
  541  00001570          	.endproc _lock_release
  543  00001570          	.proc _cond_create
  544  00001570          	.global _cond_create
  545  00001570          	_cond_create:
  546  00001570  44000456	trap	#0x456
  547  00001574  4be00000	jr	r31
  548  00001578  54000000	nop
  549  0000157c          	.endproc _cond_create
  551  0000157c          	.proc _cond_wait
  552  0000157c          	.global _cond_wait
  553  0000157c          	_cond_wait:
  554  0000157c  44000457	trap	#0x457
  555  00001580  4be00000	jr	r31
  556  00001584  54000000	nop
  557  00001588          	.endproc _cond_wait
  559  00001588          	.proc _cond_signal
  560  00001588          	.global _cond_signal
  561  00001588          	_cond_signal:
  562  00001588  44000458	trap	#0x458
  563  0000158c  4be00000	jr	r31
  564  00001590  54000000	nop
  565  00001594          	.endproc _cond_signal
  567  00001594          	.proc _cond_broadcast
  568  00001594          	.global _cond_broadcast
  569  00001594          	_cond_broadcast:
  570  00001594  44000455	trap	#0x455
  571  00001598  4be00000	jr	r31
  572  0000159c  54000000	nop
  573  000015a0          	.endproc _cond_broadcast
  575  000015a0          	.proc _Exit
  576  000015a0          	.global _Exit
  577  000015a0          	_Exit:
  578  000015a0  44000500	trap	#0x500
  579  000015a4  4be00000	jr	r31
  580  000015a8  54000000	nop
  581  000015ac          	.endproc _Exit
  582                      ; Compiled by GCC
  584  000015ac          	.align 2
  585  000015ac          	.proc _isspace
  586  000015ac          	.global _isspace
  587  000015ac          	_isspace:
  588                      ;  Function 'isspace'; 0 bytes of locals, 3 regs to save.
  589  000015ac  afbefffc	sw	-4(r29),r30; push fp
  590  000015b0  001df020	add	r30,r0,r29; fp = sp
  591  000015b4  afbffff8	sw	-8(r29),r31; push ret addr
  592  000015b8  2fbd0018	subui	r29,r29,#24; alloc local storage
  593  000015bc  afa20000	sw	0(r29),r2
  594  000015c0  afa30004	sw	4(r29),r3
  595  000015c4  afa40008	sw	8(r29),r4
  596  000015c8  83c20003	lb	r2,3(r30)
  597  000015cc  20010000	addi	r1,r0,#0
  598  000015d0  304300ff	andi	r3,r2,#0x00ff
  599  000015d4  60640020	seqi	r4,r3,#32
  600  000015d8  1480002c	bnez	r4,L3_LF2
  601  000015dc  54000000	nop; delay slot nop
  602  000015e0  304300ff	andi	r3,r2,#0x00ff
  603  000015e4  60640009	seqi	r4,r3,#9
  604  000015e8  1480001c	bnez	r4,L3_LF2
  605  000015ec  54000000	nop; delay slot nop
  606  000015f0  304300ff	andi	r3,r2,#0x00ff
  607  000015f4  6064000a	seqi	r4,r3,#10
  608  000015f8  1480000c	bnez	r4,L3_LF2
  609  000015fc  54000000	nop; delay slot nop
  610  00001600  08000008	j	L2_LF2
  611  00001604  54000000	nop; delay slot nop
  612  00001608          	L3_LF2:
  613  00001608  20010001	addi	r1,r0,#1
  614  0000160c          	L2_LF2:
  615  0000160c  08000004	j	L1_LF2
  616  00001610  54000000	nop; delay slot nop
  617  00001614          	L1_LF2:
  618  00001614  8fa20000	lw	r2,0(r29)
  619  00001618  8fa30004	lw	r3,4(r29)
  620  0000161c  8fa40008	lw	r4,8(r29)
  621  00001620  8fdffff8	lw	r31,-8(r30)
  622  00001624  001ee820	add	r29,r0,r30
  623  00001628  8fdefffc	lw	r30,-4(r30)
  624  0000162c  4be00000	jr	r31
  625  00001630  54000000	nop
  626  00001634          	.endproc _isspace
  627  00001634          	.align 2
  628  00001634          	.proc _isxdigit
  629  00001634          	.global _isxdigit
  630  00001634          	_isxdigit:
  631                      ;  Function 'isxdigit'; 0 bytes of locals, 3 regs to save.
  632  00001634  afbefffc	sw	-4(r29),r30; push fp
  633  00001638  001df020	add	r30,r0,r29; fp = sp
  634  0000163c  afbffff8	sw	-8(r29),r31; push ret addr
  635  00001640  2fbd0018	subui	r29,r29,#24; alloc local storage
  636  00001644  afa20000	sw	0(r29),r2
  637  00001648  afa30004	sw	4(r29),r3
  638  0000164c  afa40008	sw	8(r29),r4
  639  00001650  83c20003	lb	r2,3(r30)
  640  00001654  20010000	addi	r1,r0,#0
  641  00001658  304300ff	andi	r3,r2,#0x00ff
  642  0000165c  6c64002f	sgtui	r4,r3,#47
  643  00001660  1080001c	beqz	r4,L7_LF2
  644  00001664  54000000	nop; delay slot nop
  645  00001668  304300ff	andi	r3,r2,#0x00ff
  646  0000166c  70640039	sleui	r4,r3,#57
  647  00001670  1480005c	bnez	r4,L6_LF2
  648  00001674  54000000	nop; delay slot nop
  649  00001678  08000004	j	L7_LF2
  650  0000167c  54000000	nop; delay slot nop
  651  00001680          	L7_LF2:
  652  00001680  304300ff	andi	r3,r2,#0x00ff
  653  00001684  6c640060	sgtui	r4,r3,#96
  654  00001688  1080001c	beqz	r4,L8_LF2
  655  0000168c  54000000	nop; delay slot nop
  656  00001690  304300ff	andi	r3,r2,#0x00ff
  657  00001694  70640066	sleui	r4,r3,#102
  658  00001698  14800034	bnez	r4,L6_LF2
  659  0000169c  54000000	nop; delay slot nop
  660  000016a0  08000004	j	L8_LF2
  661  000016a4  54000000	nop; delay slot nop
  662  000016a8          	L8_LF2:
  663  000016a8  304300ff	andi	r3,r2,#0x00ff
  664  000016ac  6c640040	sgtui	r4,r3,#64
  665  000016b0  10800020	beqz	r4,L5_LF2
  666  000016b4  54000000	nop; delay slot nop
  667  000016b8  304300ff	andi	r3,r2,#0x00ff
  668  000016bc  70640041	sleui	r4,r3,#65
  669  000016c0  1480000c	bnez	r4,L6_LF2
  670  000016c4  54000000	nop; delay slot nop
  671  000016c8  08000008	j	L5_LF2
  672  000016cc  54000000	nop; delay slot nop
  673  000016d0          	L6_LF2:
  674  000016d0  20010001	addi	r1,r0,#1
  675  000016d4          	L5_LF2:
  676  000016d4  08000004	j	L4_LF2
  677  000016d8  54000000	nop; delay slot nop
  678  000016dc          	L4_LF2:
  679  000016dc  8fa20000	lw	r2,0(r29)
  680  000016e0  8fa30004	lw	r3,4(r29)
  681  000016e4  8fa40008	lw	r4,8(r29)
  682  000016e8  8fdffff8	lw	r31,-8(r30)
  683  000016ec  001ee820	add	r29,r0,r30
  684  000016f0  8fdefffc	lw	r30,-4(r30)
  685  000016f4  4be00000	jr	r31
  686  000016f8  54000000	nop
  687  000016fc          	.endproc _isxdigit
  688  000016fc          	.align 2
  689  000016fc          	.proc _dstrcpy
  690  000016fc          	.global _dstrcpy
  691  000016fc          	_dstrcpy:
  692                      ;  Function 'dstrcpy'; 8 bytes of locals, 2 regs to save.
  693  000016fc  afbefffc	sw	-4(r29),r30; push fp
  694  00001700  001df020	add	r30,r0,r29; fp = sp
  695  00001704  afbffff8	sw	-8(r29),r31; push ret addr
  696  00001708  2fbd0018	subui	r29,r29,#24; alloc local storage
  697  0000170c  afa20000	sw	0(r29),r2
  698  00001710  afa30004	sw	4(r29),r3
  699  00001714  8fc10000	lw	r1,(r30)
  700  00001718  afc1fff4	sw	-12(r30),r1
  701  0000171c          	L10_LF2:
  702  0000171c  8fc10000	lw	r1,(r30)
  703  00001720  20220001	addi	r2,r1,#1
  704  00001724  afc20000	sw	(r30),r2
  705  00001728  8fc20004	lw	r2,4(r30)
  706  0000172c  20430001	addi	r3,r2,#1
  707  00001730  afc30004	sw	4(r30),r3
  708  00001734  80420000	lb	r2,(r2)
  709  00001738  a0220000	sb	(r1),r2
  710  0000173c  a3c2fff3	sb	-13(r30),r2
  711  00001740          	L12_LF2:
  712  00001740  93c1fff3	lbu	r1,-13(r30)
  713  00001744  64220000	snei	r2,r1,#0
  714  00001748  1440000c	bnez	r2,L13_LF2
  715  0000174c  54000000	nop; delay slot nop
  716  00001750  0800000c	j	L11_LF2
  717  00001754  54000000	nop; delay slot nop
  718  00001758          	L13_LF2:
  719  00001758  0bffffc0	j	L10_LF2
  720  0000175c  54000000	nop; delay slot nop
  721  00001760          	L11_LF2:
  722  00001760  8fc1fff4	lw	r1,-12(r30)
  723  00001764  08000004	j	L9_LF2
  724  00001768  54000000	nop; delay slot nop
  725  0000176c          	L9_LF2:
  726  0000176c  8fa20000	lw	r2,0(r29)
  727  00001770  8fa30004	lw	r3,4(r29)
  728  00001774  8fdffff8	lw	r31,-8(r30)
  729  00001778  001ee820	add	r29,r0,r30
  730  0000177c  8fdefffc	lw	r30,-4(r30)
  731  00001780  4be00000	jr	r31
  732  00001784  54000000	nop
  733  00001788          	.endproc _dstrcpy
  734  00001788          	.align 2
  735  00001788          	.proc _dstrncpy
  736  00001788          	.global _dstrncpy
  737  00001788          	_dstrncpy:
  738                      ;  Function 'dstrncpy'; 8 bytes of locals, 2 regs to save.
  739  00001788  afbefffc	sw	-4(r29),r30; push fp
  740  0000178c  001df020	add	r30,r0,r29; fp = sp
  741  00001790  afbffff8	sw	-8(r29),r31; push ret addr
  742  00001794  2fbd0018	subui	r29,r29,#24; alloc local storage
  743  00001798  afa20000	sw	0(r29),r2
  744  0000179c  afa30004	sw	4(r29),r3
  745  000017a0  8fc10000	lw	r1,(r30)
  746  000017a4  afc1fff4	sw	-12(r30),r1
  747  000017a8          	L15_LF2:
  748  000017a8  8fc10008	lw	r1,8(r30)
  749  000017ac  2022ffff	addi	r2,r1,#-1
  750  000017b0  afc20008	sw	8(r30),r2
  751  000017b4  70210000	slei	r1,r1,#0
  752  000017b8  1020000c	beqz	r1,L18_LF2
  753  000017bc  54000000	nop; delay slot nop
  754  000017c0  08000048	j	L16_LF2
  755  000017c4  54000000	nop; delay slot nop
  756  000017c8          	L18_LF2:
  757  000017c8  8fc10000	lw	r1,(r30)
  758  000017cc  20220001	addi	r2,r1,#1
  759  000017d0  afc20000	sw	(r30),r2
  760  000017d4  8fc20004	lw	r2,4(r30)
  761  000017d8  20430001	addi	r3,r2,#1
  762  000017dc  afc30004	sw	4(r30),r3
  763  000017e0  80420000	lb	r2,(r2)
  764  000017e4  a0220000	sb	(r1),r2
  765  000017e8  a3c2fff3	sb	-13(r30),r2
  766  000017ec          	L17_LF2:
  767  000017ec  93c1fff3	lbu	r1,-13(r30)
  768  000017f0  64220000	snei	r2,r1,#0
  769  000017f4  1440000c	bnez	r2,L19_LF2
  770  000017f8  54000000	nop; delay slot nop
  771  000017fc  0800000c	j	L16_LF2
  772  00001800  54000000	nop; delay slot nop
  773  00001804          	L19_LF2:
  774  00001804  0bffffa0	j	L15_LF2
  775  00001808  54000000	nop; delay slot nop
  776  0000180c          	L16_LF2:
  777  0000180c  8fc1fff4	lw	r1,-12(r30)
  778  00001810  08000004	j	L14_LF2
  779  00001814  54000000	nop; delay slot nop
  780  00001818          	L14_LF2:
  781  00001818  8fa20000	lw	r2,0(r29)
  782  0000181c  8fa30004	lw	r3,4(r29)
  783  00001820  8fdffff8	lw	r31,-8(r30)
  784  00001824  001ee820	add	r29,r0,r30
  785  00001828  8fdefffc	lw	r30,-4(r30)
  786  0000182c  4be00000	jr	r31
  787  00001830  54000000	nop
  788  00001834          	.endproc _dstrncpy
  789  00001834          	.align 2
  790  00001834          	.proc _dstrcat
  791  00001834          	.global _dstrcat
  792  00001834          	_dstrcat:
  793                      ;  Function 'dstrcat'; 8 bytes of locals, 1 regs to save.
  794  00001834  afbefffc	sw	-4(r29),r30; push fp
  795  00001838  001df020	add	r30,r0,r29; fp = sp
  796  0000183c  afbffff8	sw	-8(r29),r31; push ret addr
  797  00001840  2fbd0018	subui	r29,r29,#24; alloc local storage
  798  00001844  afa20000	sw	0(r29),r2
  799  00001848  8fc10000	lw	r1,(r30)
  800  0000184c  afc1fff4	sw	-12(r30),r1
  801  00001850          	L21_LF2:
  802  00001850  8fc10000	lw	r1,(r30)
  803  00001854  90220000	lbu	r2,(r1)
  804  00001858  64410000	snei	r1,r2,#0
  805  0000185c  1420000c	bnez	r1,L23_LF2
  806  00001860  54000000	nop; delay slot nop
  807  00001864  0800001c	j	L22_LF2
  808  00001868  54000000	nop; delay slot nop
  809  0000186c          	L23_LF2:
  810  0000186c  8fc20000	lw	r2,(r30)
  811  00001870  20410001	addi	r1,r2,#1
  812  00001874  00011020	add	r2,r0,r1
  813  00001878  afc20000	sw	(r30),r2
  814  0000187c  0bffffd0	j	L21_LF2
  815  00001880  54000000	nop; delay slot nop
  816  00001884          	L22_LF2:
  817  00001884  23bdfff8	addi	r29,r29,#-8
  818  00001888  001d0820	add	r1,r0,r29
  819  0000188c  8fc20000	lw	r2,(r30)
  820  00001890  ac220000	sw	(r1),r2
  821  00001894  8fc20004	lw	r2,4(r30)
  822  00001898  ac220004	sw	4(r1),r2
  823  0000189c  0ffffe5c	jal	_dstrcpy
  824  000018a0  54000000	nop; delay slot nop
  825  000018a4  23bd0008	addi	r29,r29,#8
  826  000018a8  8fc1fff4	lw	r1,-12(r30)
  827  000018ac  08000004	j	L20_LF2
  828  000018b0  54000000	nop; delay slot nop
  829  000018b4          	L20_LF2:
  830  000018b4  8fa20000	lw	r2,0(r29)
  831  000018b8  8fdffff8	lw	r31,-8(r30)
  832  000018bc  001ee820	add	r29,r0,r30
  833  000018c0  8fdefffc	lw	r30,-4(r30)
  834  000018c4  4be00000	jr	r31
  835  000018c8  54000000	nop
  836  000018cc          	.endproc _dstrcat
  837  000018cc          	.align 2
  838  000018cc          	.proc _dstrncmp
  839  000018cc          	.global _dstrncmp
  840  000018cc          	_dstrncmp:
  841                      ;  Function 'dstrncmp'; 8 bytes of locals, 2 regs to save.
  842  000018cc  afbefffc	sw	-4(r29),r30; push fp
  843  000018d0  001df020	add	r30,r0,r29; fp = sp
  844  000018d4  afbffff8	sw	-8(r29),r31; push ret addr
  845  000018d8  2fbd0018	subui	r29,r29,#24; alloc local storage
  846  000018dc  afa20000	sw	0(r29),r2
  847  000018e0  afa30004	sw	4(r29),r3
  848  000018e4  54000000	nop
  849  000018e8  20010000	addi	r1,r0,#0
  850  000018ec  afc1fff4	sw	-12(r30),r1
  851  000018f0          	L25_LF2:
  852  000018f0  8fc1fff4	lw	r1,-12(r30)
  853  000018f4  8fc20008	lw	r2,8(r30)
  854  000018f8  0022082a	slt	r1,r1,r2
  855  000018fc  1420000c	bnez	r1,L28_LF2
  856  00001900  54000000	nop; delay slot nop
  857  00001904  08000088	j	L26_LF2
  858  00001908  54000000	nop; delay slot nop
  859  0000190c          	L28_LF2:
  860  0000190c  8fc10004	lw	r1,4(r30)
  861  00001910  90220000	lbu	r2,(r1)
  862  00001914  64410000	snei	r1,r2,#0
  863  00001918  14200018	bnez	r1,L29_LF2
  864  0000191c  54000000	nop; delay slot nop
  865  00001920  20010000	addi	r1,r0,#0
  866  00001924  080000d8	j	L24_LF2
  867  00001928  54000000	nop; delay slot nop
  868  0000192c  08000028	j	L30_LF2
  869  00001930  54000000	nop; delay slot nop
  870  00001934          	L29_LF2:
  871  00001934  8fc10000	lw	r1,(r30)
  872  00001938  8fc20004	lw	r2,4(r30)
  873  0000193c  90210000	lbu	r1,(r1)
  874  00001940  90420000	lbu	r2,(r2)
  875  00001944  00220829	sne	r1,r1,r2
  876  00001948  1020000c	beqz	r1,L30_LF2
  877  0000194c  54000000	nop; delay slot nop
  878  00001950  0800003c	j	L26_LF2
  879  00001954  54000000	nop; delay slot nop
  880  00001958          	L31_LF2:
  881  00001958          	L30_LF2:
  882  00001958  8fc20000	lw	r2,(r30)
  883  0000195c  20410001	addi	r1,r2,#1
  884  00001960  00011020	add	r2,r0,r1
  885  00001964  afc20000	sw	(r30),r2
  886  00001968  8fc20004	lw	r2,4(r30)
  887  0000196c  20410001	addi	r1,r2,#1
  888  00001970  00011020	add	r2,r0,r1
  889  00001974  afc20004	sw	4(r30),r2
  890  00001978          	L27_LF2:
  891  00001978  8fc2fff4	lw	r2,-12(r30)
  892  0000197c  20410001	addi	r1,r2,#1
  893  00001980  00011020	add	r2,r0,r1
  894  00001984  afc2fff4	sw	-12(r30),r2
  895  00001988  0bffff64	j	L25_LF2
  896  0000198c  54000000	nop; delay slot nop
  897  00001990          	L26_LF2:
  898  00001990  8fc1fff4	lw	r1,-12(r30)
  899  00001994  8fc20008	lw	r2,8(r30)
  900  00001998  00220828	seq	r1,r1,r2
  901  0000199c  10200018	beqz	r1,L32_LF2
  902  000019a0  54000000	nop; delay slot nop
  903  000019a4  20010000	addi	r1,r0,#0
  904  000019a8  08000054	j	L24_LF2
  905  000019ac  54000000	nop; delay slot nop
  906  000019b0  0800004c	j	L33_LF2
  907  000019b4  54000000	nop; delay slot nop
  908  000019b8          	L32_LF2:
  909  000019b8  8fc20000	lw	r2,(r30)
  910  000019bc  90410000	lbu	r1,(r2)
  911  000019c0  8fc20004	lw	r2,4(r30)
  912  000019c4  90430000	lbu	r3,(r2)
  913  000019c8  00230822	sub	r1,r1,r3
  914  000019cc  74220000	sgei	r2,r1,#0
  915  000019d0  10400020	beqz	r2,L34_LF2
  916  000019d4  54000000	nop; delay slot nop
  917  000019d8  8fc10000	lw	r1,(r30)
  918  000019dc  8fc20004	lw	r2,4(r30)
  919  000019e0  90210000	lbu	r1,(r1)
  920  000019e4  90420000	lbu	r2,(r2)
  921  000019e8  00220829	sne	r1,r1,r2
  922  000019ec  08000008	j	L35_LF2
  923  000019f0  54000000	nop; delay slot nop
  924  000019f4          	L34_LF2:
  925  000019f4  2001ffff	addi	r1,r0,#-1
  926  000019f8          	L35_LF2:
  927  000019f8  08000004	j	L24_LF2
  928  000019fc  54000000	nop; delay slot nop
  929  00001a00          	L33_LF2:
  930  00001a00          	L24_LF2:
  931  00001a00  8fa20000	lw	r2,0(r29)
  932  00001a04  8fa30004	lw	r3,4(r29)
  933  00001a08  8fdffff8	lw	r31,-8(r30)
  934  00001a0c  001ee820	add	r29,r0,r30
  935  00001a10  8fdefffc	lw	r30,-4(r30)
  936  00001a14  4be00000	jr	r31
  937  00001a18  54000000	nop
  938  00001a1c          	.endproc _dstrncmp
  939  00001a1c          	.align 2
  940  00001a1c          	.proc _dstrlen
  941  00001a1c          	.global _dstrlen
  942  00001a1c          	_dstrlen:
  943                      ;  Function 'dstrlen'; 8 bytes of locals, 1 regs to save.
  944  00001a1c  afbefffc	sw	-4(r29),r30; push fp
  945  00001a20  001df020	add	r30,r0,r29; fp = sp
  946  00001a24  afbffff8	sw	-8(r29),r31; push ret addr
  947  00001a28  2fbd0018	subui	r29,r29,#24; alloc local storage
  948  00001a2c  afa20000	sw	0(r29),r2
  949  00001a30  20010000	addi	r1,r0,#0
  950  00001a34  afc1fff4	sw	-12(r30),r1
  951  00001a38          	L37_LF2:
  952  00001a38  8fc10000	lw	r1,(r30)
  953  00001a3c  20220001	addi	r2,r1,#1
  954  00001a40  afc20000	sw	(r30),r2
  955  00001a44  90210000	lbu	r1,(r1)
  956  00001a48  64220000	snei	r2,r1,#0
  957  00001a4c  1440000c	bnez	r2,L39_LF2
  958  00001a50  54000000	nop; delay slot nop
  959  00001a54  0800001c	j	L38_LF2
  960  00001a58  54000000	nop; delay slot nop
  961  00001a5c          	L39_LF2:
  962  00001a5c  8fc2fff4	lw	r2,-12(r30)
  963  00001a60  20410001	addi	r1,r2,#1
  964  00001a64  00011020	add	r2,r0,r1
  965  00001a68  afc2fff4	sw	-12(r30),r2
  966  00001a6c  0bffffc8	j	L37_LF2
  967  00001a70  54000000	nop; delay slot nop
  968  00001a74          	L38_LF2:
  969  00001a74  8fc1fff4	lw	r1,-12(r30)
  970  00001a78  08000004	j	L36_LF2
  971  00001a7c  54000000	nop; delay slot nop
  972  00001a80          	L36_LF2:
  973  00001a80  8fa20000	lw	r2,0(r29)
  974  00001a84  8fdffff8	lw	r31,-8(r30)
  975  00001a88  001ee820	add	r29,r0,r30
  976  00001a8c  8fdefffc	lw	r30,-4(r30)
  977  00001a90  4be00000	jr	r31
  978  00001a94  54000000	nop
  979  00001a98          	.endproc _dstrlen
  980  00001a98          	.align 2
  981  00001a98          	.proc _dstrstr
  982  00001a98          	.global _dstrstr
  983  00001a98          	_dstrstr:
  984                      ;  Function 'dstrstr'; 8 bytes of locals, 1 regs to save.
  985  00001a98  afbefffc	sw	-4(r29),r30; push fp
  986  00001a9c  001df020	add	r30,r0,r29; fp = sp
  987  00001aa0  afbffff8	sw	-8(r29),r31; push ret addr
  988  00001aa4  2fbd0018	subui	r29,r29,#24; alloc local storage
  989  00001aa8  afa20000	sw	0(r29),r2
  990  00001aac  23bdfff8	addi	r29,r29,#-8
  991  00001ab0  001d0820	add	r1,r0,r29
  992  00001ab4  8fc20004	lw	r2,4(r30)
  993  00001ab8  ac220000	sw	(r1),r2
  994  00001abc  0fffff5c	jal	_dstrlen
  995  00001ac0  54000000	nop; delay slot nop
  996  00001ac4  23bd0008	addi	r29,r29,#8
  997  00001ac8  afc1fff4	sw	-12(r30),r1
  998  00001acc          	L41_LF2:
  999  00001acc  8fc10000	lw	r1,(r30)
 1000  00001ad0  90220000	lbu	r2,(r1)
 1001  00001ad4  64410000	snei	r1,r2,#0
 1002  00001ad8  1420000c	bnez	r1,L43_LF2
 1003  00001adc  54000000	nop; delay slot nop
 1004  00001ae0  08000060	j	L42_LF2
 1005  00001ae4  54000000	nop; delay slot nop
 1006  00001ae8          	L43_LF2:
 1007  00001ae8  23bdfff0	addi	r29,r29,#-16
 1008  00001aec  001d0820	add	r1,r0,r29
 1009  00001af0  8fc20000	lw	r2,(r30)
 1010  00001af4  ac220000	sw	(r1),r2
 1011  00001af8  8fc20004	lw	r2,4(r30)
 1012  00001afc  ac220004	sw	4(r1),r2
 1013  00001b00  8fc2fff4	lw	r2,-12(r30)
 1014  00001b04  ac220008	sw	8(r1),r2
 1015  00001b08  0ffffdc0	jal	_dstrncmp
 1016  00001b0c  54000000	nop; delay slot nop
 1017  00001b10  23bd0010	addi	r29,r29,#16
 1018  00001b14  64220000	snei	r2,r1,#0
 1019  00001b18  14400010	bnez	r2,L44_LF2
 1020  00001b1c  54000000	nop; delay slot nop
 1021  00001b20  8fc10000	lw	r1,(r30)
 1022  00001b24  08000028	j	L40_LF2
 1023  00001b28  54000000	nop; delay slot nop
 1024  00001b2c          	L44_LF2:
 1025  00001b2c  8fc20000	lw	r2,(r30)
 1026  00001b30  20410001	addi	r1,r2,#1
 1027  00001b34  00011020	add	r2,r0,r1
 1028  00001b38  afc20000	sw	(r30),r2
 1029  00001b3c  0bffff8c	j	L41_LF2
 1030  00001b40  54000000	nop; delay slot nop
 1031  00001b44          	L42_LF2:
 1032  00001b44  20010000	addi	r1,r0,#0
 1033  00001b48  08000004	j	L40_LF2
 1034  00001b4c  54000000	nop; delay slot nop
 1035  00001b50          	L40_LF2:
 1036  00001b50  8fa20000	lw	r2,0(r29)
 1037  00001b54  8fdffff8	lw	r31,-8(r30)
 1038  00001b58  001ee820	add	r29,r0,r30
 1039  00001b5c  8fdefffc	lw	r30,-4(r30)
 1040  00001b60  4be00000	jr	r31
 1041  00001b64  54000000	nop
 1042  00001b68          	.endproc _dstrstr
 1043  00001b68          	.align 2
 1044  00001b68          	.proc _dmindex
 1045  00001b68          	.global _dmindex
 1046  00001b68          	_dmindex:
 1047                      ;  Function 'dmindex'; 8 bytes of locals, 1 regs to save.
 1048  00001b68  afbefffc	sw	-4(r29),r30; push fp
 1049  00001b6c  001df020	add	r30,r0,r29; fp = sp
 1050  00001b70  afbffff8	sw	-8(r29),r31; push ret addr
 1051  00001b74  2fbd0018	subui	r29,r29,#24; alloc local storage
 1052  00001b78  afa20000	sw	0(r29),r2
 1053  00001b7c  54000000	nop
 1054  00001b80          	L46_LF2:
 1055  00001b80  8fc10000	lw	r1,(r30)
 1056  00001b84  90220000	lbu	r2,(r1)
 1057  00001b88  64410000	snei	r1,r2,#0
 1058  00001b8c  1420000c	bnez	r1,L48_LF2
 1059  00001b90  54000000	nop; delay slot nop
 1060  00001b94  08000070	j	L47_LF2
 1061  00001b98  54000000	nop; delay slot nop
 1062  00001b9c          	L48_LF2:
 1063  00001b9c  8fc10004	lw	r1,4(r30)
 1064  00001ba0  afc1fff4	sw	-12(r30),r1
 1065  00001ba4          	L49_LF2:
 1066  00001ba4  8fc1fff4	lw	r1,-12(r30)
 1067  00001ba8  90220000	lbu	r2,(r1)
 1068  00001bac  64410000	snei	r1,r2,#0
 1069  00001bb0  1420000c	bnez	r1,L52_LF2
 1070  00001bb4  54000000	nop; delay slot nop
 1071  00001bb8  08000044	j	L50_LF2
 1072  00001bbc  54000000	nop; delay slot nop
 1073  00001bc0          	L52_LF2:
 1074  00001bc0  8fc10000	lw	r1,(r30)
 1075  00001bc4  8fc2fff4	lw	r2,-12(r30)
 1076  00001bc8  90210000	lbu	r1,(r1)
 1077  00001bcc  90420000	lbu	r2,(r2)
 1078  00001bd0  00220828	seq	r1,r1,r2
 1079  00001bd4  10200010	beqz	r1,L51_LF2
 1080  00001bd8  54000000	nop; delay slot nop
 1081  00001bdc  8fc10000	lw	r1,(r30)
 1082  00001be0  08000030	j	L45_LF2
 1083  00001be4  54000000	nop; delay slot nop
 1084  00001be8          	L53_LF2:
 1085  00001be8          	L51_LF2:
 1086  00001be8  8fc2fff4	lw	r2,-12(r30)
 1087  00001bec  20410001	addi	r1,r2,#1
 1088  00001bf0  00011020	add	r2,r0,r1
 1089  00001bf4  afc2fff4	sw	-12(r30),r2
 1090  00001bf8  0bffffa8	j	L49_LF2
 1091  00001bfc  54000000	nop; delay slot nop
 1092  00001c00          	L50_LF2:
 1093  00001c00  0bffff7c	j	L46_LF2
 1094  00001c04  54000000	nop; delay slot nop
 1095  00001c08          	L47_LF2:
 1096  00001c08  20010000	addi	r1,r0,#0
 1097  00001c0c  08000004	j	L45_LF2
 1098  00001c10  54000000	nop; delay slot nop
 1099  00001c14          	L45_LF2:
 1100  00001c14  8fa20000	lw	r2,0(r29)
 1101  00001c18  8fdffff8	lw	r31,-8(r30)
 1102  00001c1c  001ee820	add	r29,r0,r30
 1103  00001c20  8fdefffc	lw	r30,-4(r30)
 1104  00001c24  4be00000	jr	r31
 1105  00001c28  54000000	nop
 1106  00001c2c          	.endproc _dmindex
 1107  00001c2c          	.align 2
 1108  00001c2c          	.proc _dindex
 1109  00001c2c          	.global _dindex
 1110  00001c2c          	_dindex:
 1111                      ;  Function 'dindex'; 0 bytes of locals, 1 regs to save.
 1112  00001c2c  afbefffc	sw	-4(r29),r30; push fp
 1113  00001c30  001df020	add	r30,r0,r29; fp = sp
 1114  00001c34  afbffff8	sw	-8(r29),r31; push ret addr
 1115  00001c38  2fbd0010	subui	r29,r29,#16; alloc local storage
 1116  00001c3c  afa20000	sw	0(r29),r2
 1117  00001c40  54000000	nop
 1118  00001c44          	L55_LF2:
 1119  00001c44  8fc10000	lw	r1,(r30)
 1120  00001c48  90220000	lbu	r2,(r1)
 1121  00001c4c  64410000	snei	r1,r2,#0
 1122  00001c50  1420000c	bnez	r1,L57_LF2
 1123  00001c54  54000000	nop; delay slot nop
 1124  00001c58  08000040	j	L56_LF2
 1125  00001c5c  54000000	nop; delay slot nop
 1126  00001c60          	L57_LF2:
 1127  00001c60  8fc10000	lw	r1,(r30)
 1128  00001c64  90220000	lbu	r2,(r1)
 1129  00001c68  8fc10004	lw	r1,4(r30)
 1130  00001c6c  00411028	seq	r2,r2,r1
 1131  00001c70  10400010	beqz	r2,L58_LF2
 1132  00001c74  54000000	nop; delay slot nop
 1133  00001c78  8fc10000	lw	r1,(r30)
 1134  00001c7c  08000028	j	L54_LF2
 1135  00001c80  54000000	nop; delay slot nop
 1136  00001c84          	L58_LF2:
 1137  00001c84  8fc20000	lw	r2,(r30)
 1138  00001c88  20410001	addi	r1,r2,#1
 1139  00001c8c  00011020	add	r2,r0,r1
 1140  00001c90  afc20000	sw	(r30),r2
 1141  00001c94  0bffffac	j	L55_LF2
 1142  00001c98  54000000	nop; delay slot nop
 1143  00001c9c          	L56_LF2:
 1144  00001c9c  20010000	addi	r1,r0,#0
 1145  00001ca0  08000004	j	L54_LF2
 1146  00001ca4  54000000	nop; delay slot nop
 1147  00001ca8          	L54_LF2:
 1148  00001ca8  8fa20000	lw	r2,0(r29)
 1149  00001cac  8fdffff8	lw	r31,-8(r30)
 1150  00001cb0  001ee820	add	r29,r0,r30
 1151  00001cb4  8fdefffc	lw	r30,-4(r30)
 1152  00001cb8  4be00000	jr	r31
 1153  00001cbc  54000000	nop
 1154  00001cc0          	.endproc _dindex
 1155  00001cc0          	.align 2
 1156  00001cc0          	.proc _ditoa
 1157  00001cc0          	.global _ditoa
 1158  00001cc0          	_ditoa:
 1159                      ;  Function 'ditoa'; 8 bytes of locals, 2 regs to save.
 1160  00001cc0  afbefffc	sw	-4(r29),r30; push fp
 1161  00001cc4  001df020	add	r30,r0,r29; fp = sp
 1162  00001cc8  afbffff8	sw	-8(r29),r31; push ret addr
 1163  00001ccc  2fbd0018	subui	r29,r29,#24; alloc local storage
 1164  00001cd0  afa20000	sw	0(r29),r2
 1165  00001cd4  afa30004	sw	4(r29),r3
 1166  00001cd8  8fc10000	lw	r1,(r30)
 1167  00001cdc  68220000	slti	r2,r1,#0
 1168  00001ce0  1040002c	beqz	r2,L60_LF2
 1169  00001ce4  54000000	nop; delay slot nop
 1170  00001ce8  8fc10004	lw	r1,4(r30)
 1171  00001cec  20220001	addi	r2,r1,#1
 1172  00001cf0  afc20004	sw	4(r30),r2
 1173  00001cf4  2002002d	addi	r2,r0,(#0x2d)&0xff
 1174  00001cf8  a0220000	sb	(r1),r2
 1175  00001cfc  8fc10000	lw	r1,(r30)
 1176  00001d00  00011022	sub	r2,r0,r1
 1177  00001d04  afc20000	sw	(r30),r2
 1178  00001d08  08000118	j	L61_LF2
 1179  00001d0c  54000000	nop; delay slot nop
 1180  00001d10          	L60_LF2:
 1181  00001d10  8fc10000	lw	r1,(r30)
 1182  00001d14  64220000	snei	r2,r1,#0
 1183  00001d18  14400020	bnez	r2,L62_LF2
 1184  00001d1c  54000000	nop; delay slot nop
 1185  00001d20  8fc10004	lw	r1,4(r30)
 1186  00001d24  20220001	addi	r2,r1,#1
 1187  00001d28  afc20004	sw	4(r30),r2
 1188  00001d2c  20020030	addi	r2,r0,(#0x30)&0xff
 1189  00001d30  a0220000	sb	(r1),r2
 1190  00001d34  080000ec	j	L61_LF2
 1191  00001d38  54000000	nop; delay slot nop
 1192  00001d3c          	L62_LF2:
 1193  00001d3c  20010001	addi	r1,r0,#1
 1194  00001d40  afc1fff4	sw	-12(r30),r1
 1195  00001d44          	L64_LF2:
 1196  00001d44  8fc1fff4	lw	r1,-12(r30)
 1197  00001d48  8fc20000	lw	r2,(r30)
 1198  00001d4c  0022082c	sle	r1,r1,r2
 1199  00001d50  1420000c	bnez	r1,L66_LF2
 1200  00001d54  54000000	nop; delay slot nop
 1201  00001d58  08000024	j	L65_LF2
 1202  00001d5c  54000000	nop; delay slot nop
 1203  00001d60          	L67_LF2:
 1204  00001d60          	L66_LF2:
 1205  00001d60  8fc1fff4	lw	r1,-12(r30)
 1206  00001d64  00011820	add	r3,r0,r1
 1207  00001d68  50620002	slli	r2,r3,#0x2
 1208  00001d6c  00411020	add	r2,r2,r1
 1209  00001d70  50410001	slli	r1,r2,#0x1
 1210  00001d74  afc1fff4	sw	-12(r30),r1
 1211  00001d78  0bffffc8	j	L64_LF2
 1212  00001d7c  54000000	nop; delay slot nop
 1213  00001d80          	L65_LF2:
 1214  00001d80  54000000	nop
 1215  00001d84          	L68_LF2:
 1216  00001d84  8fc1fff4	lw	r1,-12(r30)
 1217  00001d88  2002000a	addi	r2,r0,#10
 1218  00001d8c  00200035	movi2fp	f0,r1
 1219  00001d90  00400835	movi2fp	f1,r2
 1220  00001d94  0401000f	div	f0,f0,f1
 1221  00001d98  00000834	movfp2i	r1,f0
 1222  00001d9c  afc1fff4	sw	-12(r30),r1
 1223  00001da0  8fc10004	lw	r1,4(r30)
 1224  00001da4  20220001	addi	r2,r1,#1
 1225  00001da8  afc20004	sw	4(r30),r2
 1226  00001dac  8fc20000	lw	r2,(r30)
 1227  00001db0  8fc3fff4	lw	r3,-12(r30)
 1228  00001db4  00400035	movi2fp	f0,r2
 1229  00001db8  00600835	movi2fp	f1,r3
 1230  00001dbc  0401000f	div	f0,f0,f1
 1231  00001dc0  00001034	movfp2i	r2,f0
 1232  00001dc4  00021820	add	r3,r0,r2
 1233  00001dc8  20620030	addi	r2,r3,#48
 1234  00001dcc  a0220000	sb	(r1),r2
 1235  00001dd0  8fc10000	lw	r1,(r30)
 1236  00001dd4  8fc3fff4	lw	r3,-12(r30)
 1237  00001dd8  00200035	movi2fp	f0,r1
 1238  00001ddc  00600835	movi2fp	f1,r3
 1239  00001de0  0401000f	div	f0,f0,f1
 1240  00001de4  00001034	movfp2i	r2,f0
 1241  00001de8  8fc3fff4	lw	r3,-12(r30)
 1242  00001dec  00400035	movi2fp	f0,r2
 1243  00001df0  00600835	movi2fp	f1,r3
 1244  00001df4  0401000e	mult	f0,f0,f1
 1245  00001df8  00001034	movfp2i	r2,f0
 1246  00001dfc  00220822	sub	r1,r1,r2
 1247  00001e00  afc10000	sw	(r30),r1
 1248  00001e04          	L70_LF2:
 1249  00001e04  8fc1fff4	lw	r1,-12(r30)
 1250  00001e08  6c220001	sgti	r2,r1,#1
 1251  00001e0c  1440000c	bnez	r2,L71_LF2
 1252  00001e10  54000000	nop; delay slot nop
 1253  00001e14  0800000c	j	L61_LF2
 1254  00001e18  54000000	nop; delay slot nop
 1255  00001e1c          	L71_LF2:
 1256  00001e1c  0bffff64	j	L68_LF2
 1257  00001e20  54000000	nop; delay slot nop
 1258  00001e24          	L69_LF2:
 1259  00001e24          	L63_LF2:
 1260  00001e24          	L61_LF2:
 1261  00001e24  8fc10004	lw	r1,4(r30)
 1262  00001e28  20020000	addi	r2,r0,(#0x0)&0xff
 1263  00001e2c  a0220000	sb	(r1),r2
 1264  00001e30          	L59_LF2:
 1265  00001e30  8fa20000	lw	r2,0(r29)
 1266  00001e34  8fa30004	lw	r3,4(r29)
 1267  00001e38  8fdffff8	lw	r31,-8(r30)
 1268  00001e3c  001ee820	add	r29,r0,r30
 1269  00001e40  8fdefffc	lw	r30,-4(r30)
 1270  00001e44  4be00000	jr	r31
 1271  00001e48  54000000	nop
 1272  00001e4c          	.endproc _ditoa
 1273  00001e4c          	.align 2
 1274  00001e4c          	.proc _dstrtol
 1275  00001e4c          	.global _dstrtol
 1276  00001e4c          	_dstrtol:
 1277                      ;  Function 'dstrtol'; 16 bytes of locals, 1 regs to save.
 1278  00001e4c  afbefffc	sw	-4(r29),r30; push fp
 1279  00001e50  001df020	add	r30,r0,r29; fp = sp
 1280  00001e54  afbffff8	sw	-8(r29),r31; push ret addr
 1281  00001e58  2fbd0020	subui	r29,r29,#32; alloc local storage
 1282  00001e5c  afa20000	sw	0(r29),r2
 1283  00001e60  20010000	addi	r1,r0,#0
 1284  00001e64  afc1fff4	sw	-12(r30),r1
 1285  00001e68          	L73_LF2:
 1286  00001e68  8fc10000	lw	r1,(r30)
 1287  00001e6c  90220000	lbu	r2,(r1)
 1288  00001e70  60410020	seqi	r1,r2,#32
 1289  00001e74  14200034	bnez	r1,L75_LF2
 1290  00001e78  54000000	nop; delay slot nop
 1291  00001e7c  8fc10000	lw	r1,(r30)
 1292  00001e80  90220000	lbu	r2,(r1)
 1293  00001e84  60410009	seqi	r1,r2,#9
 1294  00001e88  14200020	bnez	r1,L75_LF2
 1295  00001e8c  54000000	nop; delay slot nop
 1296  00001e90  8fc10000	lw	r1,(r30)
 1297  00001e94  90220000	lbu	r2,(r1)
 1298  00001e98  6041000a	seqi	r1,r2,#10
 1299  00001e9c  1420000c	bnez	r1,L75_LF2
 1300  00001ea0  54000000	nop; delay slot nop
 1301  00001ea4  0800001c	j	L74_LF2
 1302  00001ea8  54000000	nop; delay slot nop
 1303  00001eac          	L75_LF2:
 1304  00001eac  8fc20000	lw	r2,(r30)
 1305  00001eb0  20410001	addi	r1,r2,#1
 1306  00001eb4  00011020	add	r2,r0,r1
 1307  00001eb8  afc20000	sw	(r30),r2
 1308  00001ebc  0bffffa8	j	L73_LF2
 1309  00001ec0  54000000	nop; delay slot nop
 1310  00001ec4          	L74_LF2:
 1311  00001ec4  8fc10004	lw	r1,4(r30)
 1312  00001ec8  64220000	snei	r2,r1,#0
 1313  00001ecc  10400010	beqz	r2,L76_LF2
 1314  00001ed0  54000000	nop; delay slot nop
 1315  00001ed4  8fc10004	lw	r1,4(r30)
 1316  00001ed8  8fc20000	lw	r2,(r30)
 1317  00001edc  ac220000	sw	(r1),r2
 1318  00001ee0          	L76_LF2:
 1319  00001ee0  8fc10000	lw	r1,(r30)
 1320  00001ee4  90220000	lbu	r2,(r1)
 1321  00001ee8  64410000	snei	r1,r2,#0
 1322  00001eec  14200010	bnez	r1,L77_LF2
 1323  00001ef0  54000000	nop; delay slot nop
 1324  00001ef4  8fc1fff4	lw	r1,-12(r30)
 1325  00001ef8  08000294	j	L72_LF2
 1326  00001efc  54000000	nop; delay slot nop
 1327  00001f00          	L77_LF2:
 1328  00001f00  8fc10000	lw	r1,(r30)
 1329  00001f04  90220000	lbu	r2,(r1)
 1330  00001f08  6041002d	seqi	r1,r2,#45
 1331  00001f0c  10200024	beqz	r1,L78_LF2
 1332  00001f10  54000000	nop; delay slot nop
 1333  00001f14  2001ffff	addi	r1,r0,#-1
 1334  00001f18  afc1ffec	sw	-20(r30),r1
 1335  00001f1c  8fc20000	lw	r2,(r30)
 1336  00001f20  20410001	addi	r1,r2,#1
 1337  00001f24  00011020	add	r2,r0,r1
 1338  00001f28  afc20000	sw	(r30),r2
 1339  00001f2c  0800000c	j	L79_LF2
 1340  00001f30  54000000	nop; delay slot nop
 1341  00001f34          	L78_LF2:
 1342  00001f34  20010001	addi	r1,r0,#1
 1343  00001f38  afc1ffec	sw	-20(r30),r1
 1344  00001f3c          	L79_LF2:
 1345  00001f3c  8fc10008	lw	r1,8(r30)
 1346  00001f40  64220000	snei	r2,r1,#0
 1347  00001f44  14400090	bnez	r2,L80_LF2
 1348  00001f48  54000000	nop; delay slot nop
 1349  00001f4c  8fc10000	lw	r1,(r30)
 1350  00001f50  90220000	lbu	r2,(r1)
 1351  00001f54  60410030	seqi	r1,r2,#48
 1352  00001f58  10200074	beqz	r1,L81_LF2
 1353  00001f5c  54000000	nop; delay slot nop
 1354  00001f60  8fc20000	lw	r2,(r30)
 1355  00001f64  20410001	addi	r1,r2,#1
 1356  00001f68  00011020	add	r2,r0,r1
 1357  00001f6c  afc20000	sw	(r30),r2
 1358  00001f70  8fc10000	lw	r1,(r30)
 1359  00001f74  90220000	lbu	r2,(r1)
 1360  00001f78  60410078	seqi	r1,r2,#120
 1361  00001f7c  14200020	bnez	r1,L83_LF2
 1362  00001f80  54000000	nop; delay slot nop
 1363  00001f84  8fc10000	lw	r1,(r30)
 1364  00001f88  90220000	lbu	r2,(r1)
 1365  00001f8c  60410058	seqi	r1,r2,#88
 1366  00001f90  1420000c	bnez	r1,L83_LF2
 1367  00001f94  54000000	nop; delay slot nop
 1368  00001f98  08000024	j	L82_LF2
 1369  00001f9c  54000000	nop; delay slot nop
 1370  00001fa0          	L83_LF2:
 1371  00001fa0  20010010	addi	r1,r0,#16
 1372  00001fa4  afc10008	sw	8(r30),r1
 1373  00001fa8  8fc20000	lw	r2,(r30)
 1374  00001fac  20410001	addi	r1,r2,#1
 1375  00001fb0  00011020	add	r2,r0,r1
 1376  00001fb4  afc20000	sw	(r30),r2
 1377  00001fb8  0800000c	j	L84_LF2
 1378  00001fbc  54000000	nop; delay slot nop
 1379  00001fc0          	L82_LF2:
 1380  00001fc0  20010008	addi	r1,r0,#8
 1381  00001fc4  afc10008	sw	8(r30),r1
 1382  00001fc8          	L84_LF2:
 1383  00001fc8  0800000c	j	L80_LF2
 1384  00001fcc  54000000	nop; delay slot nop
 1385  00001fd0          	L81_LF2:
 1386  00001fd0  2001000a	addi	r1,r0,#10
 1387  00001fd4  afc10008	sw	8(r30),r1
 1388  00001fd8          	L85_LF2:
 1389  00001fd8          	L80_LF2:
 1390  00001fd8  8fc10008	lw	r1,8(r30)
 1391  00001fdc  70220000	slei	r2,r1,#0
 1392  00001fe0  1440001c	bnez	r2,L87_LF2
 1393  00001fe4  54000000	nop; delay slot nop
 1394  00001fe8  8fc10008	lw	r1,8(r30)
 1395  00001fec  6c220010	sgti	r2,r1,#16
 1396  00001ff0  1440000c	bnez	r2,L87_LF2
 1397  00001ff4  54000000	nop; delay slot nop
 1398  00001ff8  08000010	j	L86_LF2
 1399  00001ffc  54000000	nop; delay slot nop
 1400  00002000          	L87_LF2:
 1401  00002000  8fc1fff4	lw	r1,-12(r30)
 1402  00002004  08000188	j	L72_LF2
 1403  00002008  54000000	nop; delay slot nop
 1404  0000200c          	L86_LF2:
 1405  0000200c  54000000	nop
 1406  00002010          	L88_LF2:
 1407  00002010  8fc10000	lw	r1,(r30)
 1408  00002014  90220000	lbu	r2,(r1)
 1409  00002018  6c41002f	sgtui	r1,r2,#47
 1410  0000201c  10200030	beqz	r1,L91_LF2
 1411  00002020  54000000	nop; delay slot nop
 1412  00002024  8fc10000	lw	r1,(r30)
 1413  00002028  90220000	lbu	r2,(r1)
 1414  0000202c  70410039	sleui	r1,r2,#57
 1415  00002030  1020001c	beqz	r1,L91_LF2
 1416  00002034  54000000	nop; delay slot nop
 1417  00002038  8fc10000	lw	r1,(r30)
 1418  0000203c  90220000	lbu	r2,(r1)
 1419  00002040  2041ffd0	addi	r1,r2,#-48
 1420  00002044  afc1fff0	sw	-16(r30),r1
 1421  00002048  0800008c	j	L92_LF2
 1422  0000204c  54000000	nop; delay slot nop
 1423  00002050          	L91_LF2:
 1424  00002050  8fc10000	lw	r1,(r30)
 1425  00002054  90220000	lbu	r2,(r1)
 1426  00002058  6c410060	sgtui	r1,r2,#96
 1427  0000205c  10200030	beqz	r1,L93_LF2
 1428  00002060  54000000	nop; delay slot nop
 1429  00002064  8fc10000	lw	r1,(r30)
 1430  00002068  90220000	lbu	r2,(r1)
 1431  0000206c  7041007a	sleui	r1,r2,#122
 1432  00002070  1020001c	beqz	r1,L93_LF2
 1433  00002074  54000000	nop; delay slot nop
 1434  00002078  8fc10000	lw	r1,(r30)
 1435  0000207c  90220000	lbu	r2,(r1)
 1436  00002080  2041ffa9	addi	r1,r2,#-87
 1437  00002084  afc1fff0	sw	-16(r30),r1
 1438  00002088  0800004c	j	L92_LF2
 1439  0000208c  54000000	nop; delay slot nop
 1440  00002090          	L93_LF2:
 1441  00002090  8fc10000	lw	r1,(r30)
 1442  00002094  90220000	lbu	r2,(r1)
 1443  00002098  6c410040	sgtui	r1,r2,#64
 1444  0000209c  10200030	beqz	r1,L95_LF2
 1445  000020a0  54000000	nop; delay slot nop
 1446  000020a4  8fc10000	lw	r1,(r30)
 1447  000020a8  90220000	lbu	r2,(r1)
 1448  000020ac  7041005a	sleui	r1,r2,#90
 1449  000020b0  1020001c	beqz	r1,L95_LF2
 1450  000020b4  54000000	nop; delay slot nop
 1451  000020b8  8fc10000	lw	r1,(r30)
 1452  000020bc  90220000	lbu	r2,(r1)
 1453  000020c0  2041ffc9	addi	r1,r2,#-55
 1454  000020c4  afc1fff0	sw	-16(r30),r1
 1455  000020c8  0800000c	j	L92_LF2
 1456  000020cc  54000000	nop; delay slot nop
 1457  000020d0          	L95_LF2:
 1458  000020d0  200103e8	addi	r1,r0,#1000
 1459  000020d4  afc1fff0	sw	-16(r30),r1
 1460  000020d8          	L96_LF2:
 1461  000020d8          	L94_LF2:
 1462  000020d8          	L92_LF2:
 1463  000020d8  8fc1fff0	lw	r1,-16(r30)
 1464  000020dc  8fc20008	lw	r2,8(r30)
 1465  000020e0  0022082a	slt	r1,r1,r2
 1466  000020e4  10200040	beqz	r1,L90_LF2
 1467  000020e8  54000000	nop; delay slot nop
 1468  000020ec  8fc1fff4	lw	r1,-12(r30)
 1469  000020f0  8fc20008	lw	r2,8(r30)
 1470  000020f4  00200035	movi2fp	f0,r1
 1471  000020f8  00400835	movi2fp	f1,r2
 1472  000020fc  0401000e	mult	f0,f0,f1
 1473  00002100  00000834	movfp2i	r1,f0
 1474  00002104  afc1fff4	sw	-12(r30),r1
 1475  00002108  8fc1fff4	lw	r1,-12(r30)
 1476  0000210c  8fc2fff0	lw	r2,-16(r30)
 1477  00002110  00220820	add	r1,r1,r2
 1478  00002114  afc1fff4	sw	-12(r30),r1
 1479  00002118  8fc20000	lw	r2,(r30)
 1480  0000211c  20410001	addi	r1,r2,#1
 1481  00002120  00011020	add	r2,r0,r1
 1482  00002124  afc20000	sw	(r30),r2
 1483  00002128          	L97_LF2:
 1484  00002128          	L90_LF2:
 1485  00002128  8fc1fff0	lw	r1,-16(r30)
 1486  0000212c  8fc20008	lw	r2,8(r30)
 1487  00002130  0022082a	slt	r1,r1,r2
 1488  00002134  1420000c	bnez	r1,L98_LF2
 1489  00002138  54000000	nop; delay slot nop
 1490  0000213c  0800000c	j	L89_LF2
 1491  00002140  54000000	nop; delay slot nop
 1492  00002144          	L98_LF2:
 1493  00002144  0bfffec8	j	L88_LF2
 1494  00002148  54000000	nop; delay slot nop
 1495  0000214c          	L89_LF2:
 1496  0000214c  8fc10004	lw	r1,4(r30)
 1497  00002150  64220000	snei	r2,r1,#0
 1498  00002154  10400010	beqz	r2,L99_LF2
 1499  00002158  54000000	nop; delay slot nop
 1500  0000215c  8fc10004	lw	r1,4(r30)
 1501  00002160  8fc20000	lw	r2,(r30)
 1502  00002164  ac220000	sw	(r1),r2
 1503  00002168          	L99_LF2:
 1504  00002168  8fc1fff4	lw	r1,-12(r30)
 1505  0000216c  8fc2ffec	lw	r2,-20(r30)
 1506  00002170  00200035	movi2fp	f0,r1
 1507  00002174  00400835	movi2fp	f1,r2
 1508  00002178  0401000e	mult	f0,f0,f1
 1509  0000217c  00000834	movfp2i	r1,f0
 1510  00002180  afc1fff4	sw	-12(r30),r1
 1511  00002184  8fc1fff4	lw	r1,-12(r30)
 1512  00002188  08000004	j	L72_LF2
 1513  0000218c  54000000	nop; delay slot nop
 1514  00002190          	L72_LF2:
 1515  00002190  8fa20000	lw	r2,0(r29)
 1516  00002194  8fdffff8	lw	r31,-8(r30)
 1517  00002198  001ee820	add	r29,r0,r30
 1518  0000219c  8fdefffc	lw	r30,-4(r30)
 1519  000021a0  4be00000	jr	r31
 1520  000021a4  54000000	nop
 1521  000021a8          	.endproc _dstrtol
 1522  000021a8          	.align 2
 1523  000021a8          	.proc _bcopy
 1524  000021a8          	.global _bcopy
 1525  000021a8          	_bcopy:
 1526                      ;  Function 'bcopy'; 0 bytes of locals, 2 regs to save.
 1527  000021a8  afbefffc	sw	-4(r29),r30; push fp
 1528  000021ac  001df020	add	r30,r0,r29; fp = sp
 1529  000021b0  afbffff8	sw	-8(r29),r31; push ret addr
 1530  000021b4  2fbd0010	subui	r29,r29,#16; alloc local storage
 1531  000021b8  afa20000	sw	0(r29),r2
 1532  000021bc  afa30004	sw	4(r29),r3
 1533  000021c0  54000000	nop
 1534  000021c4          	L101_LF2:
 1535  000021c4  8fc10008	lw	r1,8(r30)
 1536  000021c8  2022ffff	addi	r2,r1,#-1
 1537  000021cc  afc20008	sw	8(r30),r2
 1538  000021d0  6c210000	sgti	r1,r1,#0
 1539  000021d4  1420000c	bnez	r1,L103_LF2
 1540  000021d8  54000000	nop; delay slot nop
 1541  000021dc  0800002c	j	L102_LF2
 1542  000021e0  54000000	nop; delay slot nop
 1543  000021e4          	L103_LF2:
 1544  000021e4  8fc10004	lw	r1,4(r30)
 1545  000021e8  20220001	addi	r2,r1,#1
 1546  000021ec  afc20004	sw	4(r30),r2
 1547  000021f0  8fc20000	lw	r2,(r30)
 1548  000021f4  20430001	addi	r3,r2,#1
 1549  000021f8  afc30000	sw	(r30),r3
 1550  000021fc  80420000	lb	r2,(r2)
 1551  00002200  a0220000	sb	(r1),r2
 1552  00002204  0bffffbc	j	L101_LF2
 1553  00002208  54000000	nop; delay slot nop
 1554  0000220c          	L102_LF2:
 1555  0000220c          	L100_LF2:
 1556  0000220c  8fa20000	lw	r2,0(r29)
 1557  00002210  8fa30004	lw	r3,4(r29)
 1558  00002214  8fdffff8	lw	r31,-8(r30)
 1559  00002218  001ee820	add	r29,r0,r30
 1560  0000221c  8fdefffc	lw	r30,-4(r30)
 1561  00002220  4be00000	jr	r31
 1562  00002224  54000000	nop
 1563  00002228          	.endproc _bcopy
 1564  00002228          	.align 2
 1565  00002228          	.proc _bzero
 1566  00002228          	.global _bzero
 1567  00002228          	_bzero:
 1568                      ;  Function 'bzero'; 0 bytes of locals, 1 regs to save.
 1569  00002228  afbefffc	sw	-4(r29),r30; push fp
 1570  0000222c  001df020	add	r30,r0,r29; fp = sp
 1571  00002230  afbffff8	sw	-8(r29),r31; push ret addr
 1572  00002234  2fbd0010	subui	r29,r29,#16; alloc local storage
 1573  00002238  afa20000	sw	0(r29),r2
 1574  0000223c  54000000	nop
 1575  00002240          	L105_LF2:
 1576  00002240  8fc10004	lw	r1,4(r30)
 1577  00002244  2022ffff	addi	r2,r1,#-1
 1578  00002248  afc20004	sw	4(r30),r2
 1579  0000224c  6c210000	sgti	r1,r1,#0
 1580  00002250  1420000c	bnez	r1,L107_LF2
 1581  00002254  54000000	nop; delay slot nop
 1582  00002258  08000020	j	L106_LF2
 1583  0000225c  54000000	nop; delay slot nop
 1584  00002260          	L107_LF2:
 1585  00002260  8fc10000	lw	r1,(r30)
 1586  00002264  20220001	addi	r2,r1,#1
 1587  00002268  afc20000	sw	(r30),r2
 1588  0000226c  20020000	addi	r2,r0,(#0x0)&0xff
 1589  00002270  a0220000	sb	(r1),r2
 1590  00002274  0bffffc8	j	L105_LF2
 1591  00002278  54000000	nop; delay slot nop
 1592  0000227c          	L106_LF2:
 1593  0000227c          	L104_LF2:
 1594  0000227c  8fa20000	lw	r2,0(r29)
 1595  00002280  8fdffff8	lw	r31,-8(r30)
 1596  00002284  001ee820	add	r29,r0,r30
 1597  00002288  8fdefffc	lw	r30,-4(r30)
 1598  0000228c  4be00000	jr	r31
 1599  00002290  54000000	nop
 1600  00002294          	.endproc _bzero
 1601  00002294          	.align 2
 1602  00002294          	.proc _min
 1603  00002294          	.global _min
 1604  00002294          	_min:
 1605                      ;  Function 'min'; 0 bytes of locals, 2 regs to save.
 1606  00002294  afbefffc	sw	-4(r29),r30; push fp
 1607  00002298  001df020	add	r30,r0,r29; fp = sp
 1608  0000229c  afbffff8	sw	-8(r29),r31; push ret addr
 1609  000022a0  2fbd0010	subui	r29,r29,#16; alloc local storage
 1610  000022a4  afa20000	sw	0(r29),r2
 1611  000022a8  afa30004	sw	4(r29),r3
 1612  000022ac  8fc10000	lw	r1,(r30)
 1613  000022b0  8fc20004	lw	r2,4(r30)
 1614  000022b4  0022182c	sle	r3,r1,r2
 1615  000022b8  14600008	bnez	r3,L109_LF2
 1616  000022bc  54000000	nop; delay slot nop
 1617  000022c0  8fc10004	lw	r1,4(r30)
 1618  000022c4          	L109_LF2:
 1619  000022c4  08000004	j	L108_LF2
 1620  000022c8  54000000	nop; delay slot nop
 1621  000022cc          	L108_LF2:
 1622  000022cc  8fa20000	lw	r2,0(r29)
 1623  000022d0  8fa30004	lw	r3,4(r29)
 1624  000022d4  8fdffff8	lw	r31,-8(r30)
 1625  000022d8  001ee820	add	r29,r0,r30
 1626  000022dc  8fdefffc	lw	r30,-4(r30)
 1627  000022e0  4be00000	jr	r31
 1628  000022e4  54000000	nop
 1629  000022e8          	.endproc _min
 1630                      ;;; Ethan L. Miller, 1999.  Released to the public domain
 1631                      ;;;
 1632                      ;;; Most of the traps are called in files from libtraps.
 1635  000022e8          	.align 2
 1636  000022e8          	.proc _exit
 1637  000022e8          	.global _exit
 1638  000022e8          	_exit:
 1639  000022e8  44000300	trap	#0x300
 1640  000022ec  4be00000	jr	r31
 1641  000022f0  54000000	nop
 1642  000022f4          	.endproc _exit
 1644                      ; for the benefit of gcc.
 1645  000022f4          	.proc ___main
 1646  000022f4          	.global ___main
 1647  000022f4          	___main:
 1648  000022f4  4be00000	jr	r31
 1649  000022f8  54000000	nop
 1650  000022fc          	.endproc ___main
 1651  000022fc          	.text
 1652  000022fc          	.global _etext
 1653  000022fc          	_etext:
 1654  000022fc          	.align 3
 1655  00002300          	.data
 1656  000031ae          	.global _edata
 1657  000031ae          	_edata:
