 line   address	contents
    1                      ; Linked by DLX-LD.
    2                      ; MemSize 24576
    3                      ; Data size: 458
    4                      ; Text size: 5088
    5                      ; Stack size: 8192
    6  00000000          	.text 0x1000
    7  00001000          	.data 0x3000
    8                      ; Compiled by GCC
    9  00003000          	.text
   10  00001000          	.align 2
   11  00001000          	.proc _isspace
   12  00001000          	.global _isspace
   13  00001000          	_isspace:
   14                      ;  Function 'isspace'; 0 bytes of locals, 1 regs to save.
   15  00001000  afbefffc	sw	-4(r29),r30; push fp
   16  00001004  001df020	add	r30,r0,r29; fp = sp
   17  00001008  afbffff8	sw	-8(r29),r31; push ret addr
   18  0000100c  2fbd0010	subui	r29,r29,#16; alloc local storage
   19  00001010  afa20000	sw	0(r29),r2
   20  00001014  83c20003	lb	r2,3(r30)
   21  00001018  201f0000	addi	r31,r0,#0
   22  0000101c  304100ff	andi	r1,r2,#0x00ff
   23  00001020  60210020	seqi	r1,r1,#32
   24  00001024  14200018	bnez	r1,L6_LF0
   25  00001028  54000000	nop; not filled.
   26  0000102c  2041fff7	addi	r1,r2,#-9
   27  00001030  302100ff	andi	r1,r1,#0x00ff
   28  00001034  70210001	sleui	r1,r1,#1
   29  00001038  10200008	beqz	r1,L5_LF0
   30  0000103c  54000000	nop; not filled.
   31  00001040          	L6_LF0:
   32  00001040  201f0001	addi	r31,r0,#1
   33  00001044          	L5_LF0:
   34  00001044  001f0820	add	r1,r0,r31
   35  00001048  8fa20000	lw	r2,0(r29)
   36  0000104c  8fdffff8	lw	r31,-8(r30)
   37  00001050  001ee820	add	r29,r0,r30
   38  00001054  8fdefffc	lw	r30,-4(r30)
   39  00001058  4be00000	jr	r31
   40  0000105c  54000000	nop
   41  00001060          	.endproc _isspace
   42  00001060          	.align 2
   43  00001060          	.proc _isxdigit
   44  00001060          	.global _isxdigit
   45  00001060          	_isxdigit:
   46                      ;  Function 'isxdigit'; 0 bytes of locals, 1 regs to save.
   47  00001060  afbefffc	sw	-4(r29),r30; push fp
   48  00001064  001df020	add	r30,r0,r29; fp = sp
   49  00001068  afbffff8	sw	-8(r29),r31; push ret addr
   50  0000106c  2fbd0010	subui	r29,r29,#16; alloc local storage
   51  00001070  afa20000	sw	0(r29),r2
   52  00001074  83df0003	lb	r31,3(r30)
   53  00001078  20020000	addi	r2,r0,#0
   54  0000107c  23e1ffd0	addi	r1,r31,#-48
   55  00001080  302100ff	andi	r1,r1,#0x00ff
   56  00001084  70210009	sleui	r1,r1,#9
   57  00001088  14200028	bnez	r1,L12_LF0
   58  0000108c  54000000	nop; not filled.
   59  00001090  23e1ff9f	addi	r1,r31,#-97
   60  00001094  302100ff	andi	r1,r1,#0x00ff
   61  00001098  70210005	sleui	r1,r1,#5
   62  0000109c  14200014	bnez	r1,L12_LF0
   63  000010a0  54000000	nop; not filled.
   64  000010a4  33e100ff	andi	r1,r31,#0x00ff
   65  000010a8  64210041	snei	r1,r1,#65
   66  000010ac  14200008	bnez	r1,L11_LF0
   67  000010b0  54000000	nop; not filled.
   68  000010b4          	L12_LF0:
   69  000010b4  20020001	addi	r2,r0,#1
   70  000010b8          	L11_LF0:
   71  000010b8  00020820	add	r1,r0,r2
   72  000010bc  8fa20000	lw	r2,0(r29)
   73  000010c0  8fdffff8	lw	r31,-8(r30)
   74  000010c4  001ee820	add	r29,r0,r30
   75  000010c8  8fdefffc	lw	r30,-4(r30)
   76  000010cc  4be00000	jr	r31
   77  000010d0  54000000	nop
   78  000010d4          	.endproc _isxdigit
   79  000010d4          	.data
   80  00003000          	.align 2
   81  00003000          	LC0_LF0:
   82  00003000  52656163	.ascii "Reaction 2: starting\n\000"
   82  00003004  74696f6e	
   82  00003008  20323a20	
   82  0000300c  73746172	
   82  00003010  74696e67	
   82  00003014  0a00    	
   83  00003016          	.align 2
   84  00003018          	LC1_LF0:
   85  00003018  55736167	.ascii "Usage: \000"
   85  0000301c  653a2000	
   86  00003020          	.align 2
   87  00003020          	LC2_LF0:
   88  00003020  203c6861	.ascii " <handle_to_proc_semaphore> <handle_to_H2O_mailbox> <handle_to_H2_mail"
   88  00003024  6e646c65	
   88  00003028  5f746f5f	
   88  0000302c  70726f63	
   88  00003030  5f73656d	
   88  00003034  6170686f	
   88  00003038  72653e20	
   88  0000303c  3c68616e	
   88  00003040  646c655f	
   88  00003044  746f5f48	
   88  00003048  324f5f6d	
   88  0000304c  61696c62	
   88  00003050  6f783e20	
   88  00003054  3c68616e	
   88  00003058  646c655f	
   88  0000305c  746f5f48	
   88  00003060  325f6d61	
   88  00003064  696c    	
   89  00003066  626f783e	.ascii "box> <handle_to_O2_mailbox>\n\000"
   89  0000306a  203c6861	
   89  0000306e  6e646c65	
   89  00003072  5f746f5f	
   89  00003076  4f325f6d	
   89  0000307a  61696c62	
   89  0000307e  6f783e0a	
   89  00003082  00      	
   90  00003083          	.align 2
   91  00003084          	LC3_LF0:
   92  00003084  42616420	.ascii "Bad mailbox open mb_h2o\n\000"
   92  00003088  6d61696c	
   92  0000308c  626f7820	
   92  00003090  6f70656e	
   92  00003094  206d625f	
   92  00003098  68326f0a	
   92  0000309c  00      	
   93  0000309d          	.align 2
   94  000030a0          	LC4_LF0:
   95  000030a0  42616420	.ascii "Bad mailbox open mb_h2\n\000"
   95  000030a4  6d61696c	
   95  000030a8  626f7820	
   95  000030ac  6f70656e	
   95  000030b0  206d625f	
   95  000030b4  68320a00	
   96  000030b8          	.align 2
   97  000030b8          	LC5_LF0:
   98  000030b8  42616420	.ascii "Bad mailbox open mb_o2\n\000"
   98  000030bc  6d61696c	
   98  000030c0  626f7820	
   98  000030c4  6f70656e	
   98  000030c8  206d625f	
   98  000030cc  6f320a00	
   99  000030d0          	.align 2
  100  000030d0          	LC6_LF0:
  101  000030d0  52656376	.ascii "Recv H2O from mb_h2o\n\000"
  101  000030d4  2048324f	
  101  000030d8  2066726f	
  101  000030dc  6d206d62	
  101  000030e0  5f68326f	
  101  000030e4  0a00    	
  102  000030e6          	.align 2
  103  000030e8          	LC7_LF0:
  104  000030e8  483200  	.ascii "H2\000"
  105  000030eb          	.align 2
  106  000030ec          	LC8_LF0:
  107  000030ec  53656e74	.ascii "Sent H2 to mb_h2\n\000"
  107  000030f0  20483220	
  107  000030f4  746f206d	
  107  000030f8  625f6832	
  107  000030fc  0a00    	
  108  000030fe          	.align 2
  109  00003100          	LC9_LF0:
  110  00003100  4f3200  	.ascii "O2\000"
  111  00003103          	.align 2
  112  00003104          	LC10_LF0:
  113  00003104  53656e74	.ascii "Sent O2 to mb_o2\n\000"
  113  00003108  204f3220	
  113  0000310c  746f206d	
  113  00003110  625f6f32	
  113  00003114  0a00    	
  114  00003116          	.align 2
  115  00003118          	LC11_LF0:
  116  00003118  42616420	.ascii "Bad mailbox close mb_h2o\n\000"
  116  0000311c  6d61696c	
  116  00003120  626f7820	
  116  00003124  636c6f73	
  116  00003128  65206d62	
  116  0000312c  5f68326f	
  116  00003130  0a00    	
  117  00003132          	.align 2
  118  00003134          	LC12_LF0:
  119  00003134  42616420	.ascii "Bad mailbox close mb_h2\n\000"
  119  00003138  6d61696c	
  119  0000313c  626f7820	
  119  00003140  636c6f73	
  119  00003144  65206d62	
  119  00003148  5f68320a	
  119  0000314c  00      	
  120  0000314d          	.align 2
  121  00003150          	LC13_LF0:
  122  00003150  42616420	.ascii "Bad mailbox close mb_o2\n\000"
  122  00003154  6d61696c	
  122  00003158  626f7820	
  122  0000315c  636c6f73	
  122  00003160  65206d62	
  122  00003164  5f6f320a	
  122  00003168  00      	
  123  00003169          	.align 2
  124  0000316c          	LC14_LF0:
  125  0000316c  52656163	.ascii "Reaction 2: PID %d is complete.\n\000"
  125  00003170  74696f6e	
  125  00003174  20323a20	
  125  00003178  50494420	
  125  0000317c  25642069	
  125  00003180  7320636f	
  125  00003184  6d706c65	
  125  00003188  74652e0a	
  125  0000318c  00      	
  126  0000318d          	.align 2
  127  00003190          	LC15_LF0:
  128  00003190  42616420	.ascii "Bad semaphore s_procs_completed (%d) in \000"
  128  00003194  73656d61	
  128  00003198  70686f72	
  128  0000319c  6520735f	
  128  000031a0  70726f63	
  128  000031a4  735f636f	
  128  000031a8  6d706c65	
  128  000031ac  74656420	
  128  000031b0  28256429	
  128  000031b4  20696e20	
  128  000031b8  00      	
  129  000031b9          	.align 2
  130  000031bc          	LC16_LF0:
  131  000031bc  2c206578	.ascii ", exiting...\n\000"
  131  000031c0  6974696e	
  131  000031c4  672e2e2e	
  131  000031c8  0a00    	
  132  000031ca          	.text
  133  000010d4          	.align 2
  134  000010d4          	.proc _main
  135  000010d4          	.global _main
  136  000010d4          	_main:
  137                      ;  Function 'main'; 8 bytes of locals, 0 regs to save.
  138  000010d4  afbefffc	sw	-4(r29),r30; push fp
  139  000010d8  001df020	add	r30,r0,r29; fp = sp
  140  000010dc  afbffff8	sw	-8(r29),r31; push ret addr
  141  000010e0  2fbd0010	subui	r29,r29,#16; alloc local storage
  142  000010e4  8fc20000	lw	r2,(r30)
  143  000010e8  8fc60004	lw	r6,4(r30)
  144  000010ec  0c0012e8	jal	___main
  145  000010f0  54000000	nop; not filled.
  146  000010f4  23bdfff8	addi	r29,r29,#-8
  147  000010f8  3c080000	lhi	r8,((LC0_LF0)>>16)&0xffff
  148  000010fc  25083000	addui	r8,r8,(LC0_LF0)&0xffff
  149  00001100  afa80000	sw	(r29),r8
  150  00001104  0c000420	jal	_Printf
  151  00001108  54000000	nop; not filled.
  152  0000110c  23bd0008	addi	r29,r29,#8
  153  00001110  64410005	snei	r1,r2,#5
  154  00001114  1020004c	beqz	r1,L14_LF0
  155  00001118  54000000	nop; not filled.
  156  0000111c  23bdfff8	addi	r29,r29,#-8
  157  00001120  3c080000	lhi	r8,((LC1_LF0)>>16)&0xffff
  158  00001124  25083018	addui	r8,r8,(LC1_LF0)&0xffff
  159  00001128  afa80000	sw	(r29),r8
  160  0000112c  0c0003f8	jal	_Printf
  161  00001130  54000000	nop; not filled.
  162  00001134  8cc80000	lw	r8,(r6)
  163  00001138  afa80000	sw	(r29),r8
  164  0000113c  0c0003e8	jal	_Printf
  165  00001140  54000000	nop; not filled.
  166  00001144  3c080000	lhi	r8,((LC2_LF0)>>16)&0xffff
  167  00001148  25083020	addui	r8,r8,(LC2_LF0)&0xffff
  168  0000114c  afa80000	sw	(r29),r8
  169  00001150  0c0003d4	jal	_Printf
  170  00001154  54000000	nop; not filled.
  171  00001158  0c0004d4	jal	_Exit
  172  0000115c  54000000	nop; not filled.
  173  00001160  23bd0008	addi	r29,r29,#8
  174  00001164          	L14_LF0:
  175  00001164  23bdfff0	addi	r29,r29,#-16
  176  00001168  8cc80004	lw	r8,4(r6)
  177  0000116c  afa80000	sw	(r29),r8
  178  00001170  20080000	addi	r8,r0,#0
  179  00001174  afa80004	sw	4(r29),r8
  180  00001178  2008000a	addi	r8,r0,#10
  181  0000117c  afa80008	sw	8(r29),r8
  182  00001180  0c000d58	jal	_dstrtol
  183  00001184  54000000	nop; not filled.
  184  00001188  00013820	add	r7,r0,r1
  185  0000118c  8cc80008	lw	r8,8(r6)
  186  00001190  afa80000	sw	(r29),r8
  187  00001194  20080000	addi	r8,r0,#0
  188  00001198  afa80004	sw	4(r29),r8
  189  0000119c  2008000a	addi	r8,r0,#10
  190  000011a0  afa80008	sw	8(r29),r8
  191  000011a4  0c000d34	jal	_dstrtol
  192  000011a8  54000000	nop; not filled.
  193  000011ac  00011820	add	r3,r0,r1
  194  000011b0  8cc8000c	lw	r8,12(r6)
  195  000011b4  afa80000	sw	(r29),r8
  196  000011b8  20080000	addi	r8,r0,#0
  197  000011bc  afa80004	sw	4(r29),r8
  198  000011c0  2008000a	addi	r8,r0,#10
  199  000011c4  afa80008	sw	8(r29),r8
  200  000011c8  0c000d10	jal	_dstrtol
  201  000011cc  54000000	nop; not filled.
  202  000011d0  00012020	add	r4,r0,r1
  203  000011d4  8cc80010	lw	r8,16(r6)
  204  000011d8  afa80000	sw	(r29),r8
  205  000011dc  20080000	addi	r8,r0,#0
  206  000011e0  afa80004	sw	4(r29),r8
  207  000011e4  2008000a	addi	r8,r0,#10
  208  000011e8  afa80008	sw	8(r29),r8
  209  000011ec  0c000cec	jal	_dstrtol
  210  000011f0  54000000	nop; not filled.
  211  000011f4  00012820	add	r5,r0,r1
  212  000011f8  afa30000	sw	(r29),r3
  213  000011fc  0c0003e8	jal	_mbox_open
  214  00001200  54000000	nop; not filled.
  215  00001204  23bd0010	addi	r29,r29,#16
  216  00001208  64210000	snei	r1,r1,#0
  217  0000120c  14200028	bnez	r1,L15_LF0
  218  00001210  54000000	nop; not filled.
  219  00001214  23bdfff8	addi	r29,r29,#-8
  220  00001218  3c080000	lhi	r8,((LC3_LF0)>>16)&0xffff
  221  0000121c  25083084	addui	r8,r8,(LC3_LF0)&0xffff
  222  00001220  afa80000	sw	(r29),r8
  223  00001224  0c000300	jal	_Printf
  224  00001228  54000000	nop; not filled.
  225  0000122c  0c000400	jal	_Exit
  226  00001230  54000000	nop; not filled.
  227  00001234  23bd0008	addi	r29,r29,#8
  228  00001238          	L15_LF0:
  229  00001238  23bdfff8	addi	r29,r29,#-8
  230  0000123c  afa40000	sw	(r29),r4
  231  00001240  0c0003a4	jal	_mbox_open
  232  00001244  54000000	nop; not filled.
  233  00001248  23bd0008	addi	r29,r29,#8
  234  0000124c  64210000	snei	r1,r1,#0
  235  00001250  14200028	bnez	r1,L16_LF0
  236  00001254  54000000	nop; not filled.
  237  00001258  23bdfff8	addi	r29,r29,#-8
  238  0000125c  3c080000	lhi	r8,((LC4_LF0)>>16)&0xffff
  239  00001260  250830a0	addui	r8,r8,(LC4_LF0)&0xffff
  240  00001264  afa80000	sw	(r29),r8
  241  00001268  0c0002bc	jal	_Printf
  242  0000126c  54000000	nop; not filled.
  243  00001270  0c0003bc	jal	_Exit
  244  00001274  54000000	nop; not filled.
  245  00001278  23bd0008	addi	r29,r29,#8
  246  0000127c          	L16_LF0:
  247  0000127c  23bdfff8	addi	r29,r29,#-8
  248  00001280  afa50000	sw	(r29),r5
  249  00001284  0c000360	jal	_mbox_open
  250  00001288  54000000	nop; not filled.
  251  0000128c  23bd0008	addi	r29,r29,#8
  252  00001290  64210000	snei	r1,r1,#0
  253  00001294  14200028	bnez	r1,L17_LF0
  254  00001298  54000000	nop; not filled.
  255  0000129c  23bdfff8	addi	r29,r29,#-8
  256  000012a0  3c080000	lhi	r8,((LC5_LF0)>>16)&0xffff
  257  000012a4  250830b8	addui	r8,r8,(LC5_LF0)&0xffff
  258  000012a8  afa80000	sw	(r29),r8
  259  000012ac  0c000278	jal	_Printf
  260  000012b0  54000000	nop; not filled.
  261  000012b4  0c000378	jal	_Exit
  262  000012b8  54000000	nop; not filled.
  263  000012bc  23bd0008	addi	r29,r29,#8
  264  000012c0          	L17_LF0:
  265  000012c0  23bdfff0	addi	r29,r29,#-16
  266  000012c4  afa30000	sw	(r29),r3
  267  000012c8  20080003	addi	r8,r0,#3
  268  000012cc  afa80004	sw	4(r29),r8
  269  000012d0  23c2fff0	addi	r2,r30,#-16
  270  000012d4  afa20008	sw	8(r29),r2
  271  000012d8  0c000330	jal	_mbox_recv
  272  000012dc  54000000	nop; not filled.
  273  000012e0  afa30000	sw	(r29),r3
  274  000012e4  afa80004	sw	4(r29),r8
  275  000012e8  afa20008	sw	8(r29),r2
  276  000012ec  0c00031c	jal	_mbox_recv
  277  000012f0  54000000	nop; not filled.
  278  000012f4  3c080000	lhi	r8,((LC6_LF0)>>16)&0xffff
  279  000012f8  250830d0	addui	r8,r8,(LC6_LF0)&0xffff
  280  000012fc  afa80000	sw	(r29),r8
  281  00001300  0c000224	jal	_Printf
  282  00001304  54000000	nop; not filled.
  283  00001308  afa40000	sw	(r29),r4
  284  0000130c  20080002	addi	r8,r0,#2
  285  00001310  afa80004	sw	4(r29),r8
  286  00001314  3c020000	lhi	r2,((LC7_LF0)>>16)&0xffff
  287  00001318  244230e8	addui	r2,r2,(LC7_LF0)&0xffff
  288  0000131c  afa20008	sw	8(r29),r2
  289  00001320  0c0002dc	jal	_mbox_send
  290  00001324  54000000	nop; not filled.
  291  00001328  afa40000	sw	(r29),r4
  292  0000132c  afa80004	sw	4(r29),r8
  293  00001330  afa20008	sw	8(r29),r2
  294  00001334  0c0002c8	jal	_mbox_send
  295  00001338  54000000	nop; not filled.
  296  0000133c  3c080000	lhi	r8,((LC8_LF0)>>16)&0xffff
  297  00001340  250830ec	addui	r8,r8,(LC8_LF0)&0xffff
  298  00001344  afa80000	sw	(r29),r8
  299  00001348  0c0001dc	jal	_Printf
  300  0000134c  54000000	nop; not filled.
  301  00001350  afa50000	sw	(r29),r5
  302  00001354  20080002	addi	r8,r0,#2
  303  00001358  afa80004	sw	4(r29),r8
  304  0000135c  3c080000	lhi	r8,((LC9_LF0)>>16)&0xffff
  305  00001360  25083100	addui	r8,r8,(LC9_LF0)&0xffff
  306  00001364  afa80008	sw	8(r29),r8
  307  00001368  0c000294	jal	_mbox_send
  308  0000136c  54000000	nop; not filled.
  309  00001370  3c080000	lhi	r8,((LC10_LF0)>>16)&0xffff
  310  00001374  25083104	addui	r8,r8,(LC10_LF0)&0xffff
  311  00001378  afa80000	sw	(r29),r8
  312  0000137c  0c0001a8	jal	_Printf
  313  00001380  54000000	nop; not filled.
  314  00001384  afa30000	sw	(r29),r3
  315  00001388  0c000268	jal	_mbox_close
  316  0000138c  54000000	nop; not filled.
  317  00001390  23bd0010	addi	r29,r29,#16
  318  00001394  64210000	snei	r1,r1,#0
  319  00001398  14200028	bnez	r1,L18_LF0
  320  0000139c  54000000	nop; not filled.
  321  000013a0  23bdfff8	addi	r29,r29,#-8
  322  000013a4  3c080000	lhi	r8,((LC11_LF0)>>16)&0xffff
  323  000013a8  25083118	addui	r8,r8,(LC11_LF0)&0xffff
  324  000013ac  afa80000	sw	(r29),r8
  325  000013b0  0c000174	jal	_Printf
  326  000013b4  54000000	nop; not filled.
  327  000013b8  0c000274	jal	_Exit
  328  000013bc  54000000	nop; not filled.
  329  000013c0  23bd0008	addi	r29,r29,#8
  330  000013c4          	L18_LF0:
  331  000013c4  23bdfff8	addi	r29,r29,#-8
  332  000013c8  afa40000	sw	(r29),r4
  333  000013cc  0c000224	jal	_mbox_close
  334  000013d0  54000000	nop; not filled.
  335  000013d4  23bd0008	addi	r29,r29,#8
  336  000013d8  64210000	snei	r1,r1,#0
  337  000013dc  14200028	bnez	r1,L19_LF0
  338  000013e0  54000000	nop; not filled.
  339  000013e4  23bdfff8	addi	r29,r29,#-8
  340  000013e8  3c080000	lhi	r8,((LC12_LF0)>>16)&0xffff
  341  000013ec  25083134	addui	r8,r8,(LC12_LF0)&0xffff
  342  000013f0  afa80000	sw	(r29),r8
  343  000013f4  0c000130	jal	_Printf
  344  000013f8  54000000	nop; not filled.
  345  000013fc  0c000230	jal	_Exit
  346  00001400  54000000	nop; not filled.
  347  00001404  23bd0008	addi	r29,r29,#8
  348  00001408          	L19_LF0:
  349  00001408  23bdfff8	addi	r29,r29,#-8
  350  0000140c  afa50000	sw	(r29),r5
  351  00001410  0c0001e0	jal	_mbox_close
  352  00001414  54000000	nop; not filled.
  353  00001418  23bd0008	addi	r29,r29,#8
  354  0000141c  64210000	snei	r1,r1,#0
  355  00001420  14200028	bnez	r1,L20_LF0
  356  00001424  54000000	nop; not filled.
  357  00001428  23bdfff8	addi	r29,r29,#-8
  358  0000142c  3c080000	lhi	r8,((LC13_LF0)>>16)&0xffff
  359  00001430  25083150	addui	r8,r8,(LC13_LF0)&0xffff
  360  00001434  afa80000	sw	(r29),r8
  361  00001438  0c0000ec	jal	_Printf
  362  0000143c  54000000	nop; not filled.
  363  00001440  0c0001ec	jal	_Exit
  364  00001444  54000000	nop; not filled.
  365  00001448  23bd0008	addi	r29,r29,#8
  366  0000144c          	L20_LF0:
  367  0000144c  0c0000e4	jal	_getpid
  368  00001450  54000000	nop; not filled.
  369  00001454  23bdfff8	addi	r29,r29,#-8
  370  00001458  3c080000	lhi	r8,((LC14_LF0)>>16)&0xffff
  371  0000145c  2508316c	addui	r8,r8,(LC14_LF0)&0xffff
  372  00001460  afa80000	sw	(r29),r8
  373  00001464  afa10004	sw	4(r29),r1
  374  00001468  0c0000bc	jal	_Printf
  375  0000146c  54000000	nop; not filled.
  376  00001470  afa70000	sw	(r29),r7
  377  00001474  0c000104	jal	_sem_signal
  378  00001478  54000000	nop; not filled.
  379  0000147c  23bd0008	addi	r29,r29,#8
  380  00001480  64210001	snei	r1,r1,#1
  381  00001484  10200050	beqz	r1,L21_LF0
  382  00001488  54000000	nop; not filled.
  383  0000148c  23bdfff8	addi	r29,r29,#-8
  384  00001490  3c080000	lhi	r8,((LC15_LF0)>>16)&0xffff
  385  00001494  25083190	addui	r8,r8,(LC15_LF0)&0xffff
  386  00001498  afa80000	sw	(r29),r8
  387  0000149c  afa70004	sw	4(r29),r7
  388  000014a0  0c000084	jal	_Printf
  389  000014a4  54000000	nop; not filled.
  390  000014a8  8cc60000	lw	r6,(r6)
  391  000014ac  afa60000	sw	(r29),r6
  392  000014b0  0c000074	jal	_Printf
  393  000014b4  54000000	nop; not filled.
  394  000014b8  3c080000	lhi	r8,((LC16_LF0)>>16)&0xffff
  395  000014bc  250831bc	addui	r8,r8,(LC16_LF0)&0xffff
  396  000014c0  afa80000	sw	(r29),r8
  397  000014c4  0c000060	jal	_Printf
  398  000014c8  54000000	nop; not filled.
  399  000014cc  0c000160	jal	_Exit
  400  000014d0  54000000	nop; not filled.
  401  000014d4  23bd0008	addi	r29,r29,#8
  402  000014d8          	L21_LF0:
  403  000014d8  0c000ef0	jal	_exit
  404  000014dc  54000000	nop
  405  000014e0          	.endproc _main
  406                      ;;;
  407                      ;;; Stub functions for DLX traps.
  408                      ;;;
  409                      ;;; Ethan L. Miller, 1999.  Released to the public domain.
  410                      ;;;
  411                      ;;; The traps such as Open and Close
  412                      ;;; (note the capital letters) are for use by user programs.  The traps
  413                      ;;; with names such as open and close (lower case) are for use by the OS.
  414                      ;;;
  417  000014e0          	.align 2
  419                      ;;; The following are the traps to be used by user-level programs
  420                      ;;;
  422  000014e0          	.align 2
  423  000014e0          	.proc _Open
  424  000014e0          	.global _Open
  425  000014e0          	_Open:
  426                      ;;; Note that trap #0x213 actually causes a trap vector in the OS of
  427                      ;;; 0x1213.  The same is true for other user traps.  Thus, a user trap
  428                      ;;; with trap #0x240 will result in a trap vector of 0x1240 in the OS.
  429  000014e0  44000213	trap	#0x213
  430  000014e4  4be00000	jr	r31
  431  000014e8  54000000	nop
  432  000014ec          	.endproc _Open
  434  000014ec          	.proc _Close
  435  000014ec          	.global _Close
  436  000014ec          	_Close:
  437  000014ec  44000214	trap	#0x214
  438  000014f0  4be00000	jr	r31
  439  000014f4  54000000	nop
  440  000014f8          	.endproc _Close
  442  000014f8          	.proc _Read
  443  000014f8          	.global _Read
  444  000014f8          	_Read:
  445  000014f8  44000210	trap	#0x210
  446  000014fc  4be00000	jr	r31
  447  00001500  54000000	nop
  448  00001504          	.endproc _Read
  450  00001504          	.proc _Write
  451  00001504          	.global _Write
  452  00001504          	_Write:
  453  00001504  44000211	trap	#0x211
  454  00001508  4be00000	jr	r31
  455  0000150c  54000000	nop
  456  00001510          	.endproc _Write
  458  00001510          	.proc _Lseek
  459  00001510          	.global _Lseek
  460  00001510          	_Lseek:
  461  00001510  44000212	trap	#0x212
  462  00001514  4be00000	jr	r31
  463  00001518  54000000	nop
  464  0000151c          	.endproc _Lseek
  466  0000151c          	.proc _Putchar
  467  0000151c          	.global _Putchar
  468  0000151c          	_Putchar:
  469  0000151c  44000280	trap	#0x280
  470  00001520  4be00000	jr	r31
  471  00001524  54000000	nop
  472  00001528          	.endproc _Putchar
  474  00001528          	.proc _Printf
  475  00001528          	.global _Printf
  476  00001528          	_Printf:
  477  00001528  44000201	trap	#0x201
  478  0000152c  4be00000	jr	r31
  479  00001530  54000000	nop
  480  00001534          	.endproc _Printf
  482  00001534          	.proc _getpid
  483  00001534          	.global _getpid
  484  00001534          	_getpid:
  485  00001534  44000431	trap	#0x431
  486  00001538  4be00000	jr	r31
  487  0000153c  54000000	nop
  488  00001540          	.endproc _getpid
  490  00001540          	.proc _process_create
  491  00001540          	.global _process_create
  492  00001540          	_process_create:
  493  00001540  44000432	trap	#0x432
  494  00001544  4be00000	jr	r31
  495  00001548  54000000	nop
  496  0000154c          	.endproc _process_create
  498  0000154c          	.proc _shmget
  499  0000154c          	.global _shmget
  500  0000154c          	_shmget:
  501  0000154c  44000440	trap	#0x440
  502  00001550  4be00000	jr	r31
  503  00001554  54000000	nop
  504  00001558          	.endproc _shmget
  506  00001558          	.proc _shmat
  507  00001558          	.global _shmat
  508  00001558          	_shmat:
  509  00001558  44000441	trap	#0x441
  510  0000155c  4be00000	jr	r31
  511  00001560  54000000	nop
  512  00001564          	.endproc _shmat
  514  00001564          	.proc _sem_create
  515  00001564          	.global _sem_create
  516  00001564          	_sem_create:
  517  00001564  44000450	trap	#0x450
  518  00001568  4be00000	jr	r31
  519  0000156c  54000000	nop
  520  00001570          	.endproc _sem_create
  522  00001570          	.proc _sem_wait
  523  00001570          	.global _sem_wait
  524  00001570          	_sem_wait:
  525  00001570  44000451	trap	#0x451
  526  00001574  4be00000	jr	r31
  527  00001578  54000000	nop
  528  0000157c          	.endproc _sem_wait
  530  0000157c          	.proc _sem_signal
  531  0000157c          	.global _sem_signal
  532  0000157c          	_sem_signal:
  533  0000157c  44000452	trap	#0x452
  534  00001580  4be00000	jr	r31
  535  00001584  54000000	nop
  536  00001588          	.endproc _sem_signal
  538  00001588          	.proc _lock_create
  539  00001588          	.global _lock_create
  540  00001588          	_lock_create:
  541  00001588  44000453	trap	#0x453
  542  0000158c  4be00000	jr	r31
  543  00001590  54000000	nop
  544  00001594          	.endproc _lock_create
  546  00001594          	.proc _lock_acquire
  547  00001594          	.global _lock_acquire
  548  00001594          	_lock_acquire:
  549  00001594  44000454	trap	#0x454
  550  00001598  4be00000	jr	r31
  551  0000159c  54000000	nop
  552  000015a0          	.endproc _lock_acquire
  554  000015a0          	.proc _lock_release
  555  000015a0          	.global _lock_release
  556  000015a0          	_lock_release:
  557  000015a0  44000455	trap	#0x455
  558  000015a4  4be00000	jr	r31
  559  000015a8  54000000	nop
  560  000015ac          	.endproc _lock_release
  562  000015ac          	.proc _cond_create
  563  000015ac          	.global _cond_create
  564  000015ac          	_cond_create:
  565  000015ac  44000456	trap	#0x456
  566  000015b0  4be00000	jr	r31
  567  000015b4  54000000	nop
  568  000015b8          	.endproc _cond_create
  570  000015b8          	.proc _cond_wait
  571  000015b8          	.global _cond_wait
  572  000015b8          	_cond_wait:
  573  000015b8  44000457	trap	#0x457
  574  000015bc  4be00000	jr	r31
  575  000015c0  54000000	nop
  576  000015c4          	.endproc _cond_wait
  578  000015c4          	.proc _cond_signal
  579  000015c4          	.global _cond_signal
  580  000015c4          	_cond_signal:
  581  000015c4  44000458	trap	#0x458
  582  000015c8  4be00000	jr	r31
  583  000015cc  54000000	nop
  584  000015d0          	.endproc _cond_signal
  586  000015d0          	.proc _cond_broadcast
  587  000015d0          	.global _cond_broadcast
  588  000015d0          	_cond_broadcast:
  589  000015d0  44000459	trap	#0x459
  590  000015d4  4be00000	jr	r31
  591  000015d8  54000000	nop
  592  000015dc          	.endproc _cond_broadcast
  594  000015dc          	.proc _mbox_create
  595  000015dc          	.global _mbox_create
  596  000015dc          	_mbox_create:
  597  000015dc  44000460	trap	#0x460
  598  000015e0  4be00000	jr	r31
  599  000015e4  54000000	nop
  600  000015e8          	.endproc _mbox_create
  602  000015e8          	.proc _mbox_open
  603  000015e8          	.global _mbox_open
  604  000015e8          	_mbox_open:
  605  000015e8  44000461	trap	#0x461
  606  000015ec  4be00000	jr	r31
  607  000015f0  54000000	nop
  608  000015f4          	.endproc _mbox_open
  610  000015f4          	.proc _mbox_close
  611  000015f4          	.global _mbox_close
  612  000015f4          	_mbox_close:
  613  000015f4  44000462	trap	#0x462
  614  000015f8  4be00000	jr	r31
  615  000015fc  54000000	nop
  616  00001600          	.endproc _mbox_close
  618  00001600          	.proc _mbox_send
  619  00001600          	.global _mbox_send
  620  00001600          	_mbox_send:
  621  00001600  44000463	trap	#0x463
  622  00001604  4be00000	jr	r31
  623  00001608  54000000	nop
  624  0000160c          	.endproc _mbox_send
  626  0000160c          	.proc _mbox_recv
  627  0000160c          	.global _mbox_recv
  628  0000160c          	_mbox_recv:
  629  0000160c  44000464	trap	#0x464
  630  00001610  4be00000	jr	r31
  631  00001614  54000000	nop
  632  00001618          	.endproc _mbox_recv
  634  00001618          	.proc _sleep
  635  00001618          	.global _sleep
  636  00001618          	_sleep:
  637  00001618  44000465	trap	#0x465
  638  0000161c  4be00000	jr	r31
  639  00001620  54000000	nop
  640  00001624          	.endproc _sleep
  642  00001624          	.proc _yield
  643  00001624          	.global _yield
  644  00001624          	_yield:
  645  00001624  44000466	trap	#0x466
  646  00001628  4be00000	jr	r31
  647  0000162c  54000000	nop
  648  00001630          	.endproc _yield
  651  00001630          	.proc _Exit
  652  00001630          	.global _Exit
  653  00001630          	_Exit:
  654  00001630  44000500	trap	#0x500
  655  00001634  4be00000	jr	r31
  656  00001638  54000000	nop
  657  0000163c          	.endproc _Exit
  658                      ; Compiled by GCC
  660  0000163c          	.align 2
  661  0000163c          	.proc _isspace
  662  0000163c          	.global _isspace
  663  0000163c          	_isspace:
  664                      ;  Function 'isspace'; 0 bytes of locals, 3 regs to save.
  665  0000163c  afbefffc	sw	-4(r29),r30; push fp
  666  00001640  001df020	add	r30,r0,r29; fp = sp
  667  00001644  afbffff8	sw	-8(r29),r31; push ret addr
  668  00001648  2fbd0018	subui	r29,r29,#24; alloc local storage
  669  0000164c  afa20000	sw	0(r29),r2
  670  00001650  afa30004	sw	4(r29),r3
  671  00001654  afa40008	sw	8(r29),r4
  672  00001658  83c20003	lb	r2,3(r30)
  673  0000165c  20010000	addi	r1,r0,#0
  674  00001660  304300ff	andi	r3,r2,#0x00ff
  675  00001664  60640020	seqi	r4,r3,#32
  676  00001668  1480002c	bnez	r4,L3_LF2
  677  0000166c  54000000	nop; delay slot nop
  678  00001670  304300ff	andi	r3,r2,#0x00ff
  679  00001674  60640009	seqi	r4,r3,#9
  680  00001678  1480001c	bnez	r4,L3_LF2
  681  0000167c  54000000	nop; delay slot nop
  682  00001680  304300ff	andi	r3,r2,#0x00ff
  683  00001684  6064000a	seqi	r4,r3,#10
  684  00001688  1480000c	bnez	r4,L3_LF2
  685  0000168c  54000000	nop; delay slot nop
  686  00001690  08000008	j	L2_LF2
  687  00001694  54000000	nop; delay slot nop
  688  00001698          	L3_LF2:
  689  00001698  20010001	addi	r1,r0,#1
  690  0000169c          	L2_LF2:
  691  0000169c  08000004	j	L1_LF2
  692  000016a0  54000000	nop; delay slot nop
  693  000016a4          	L1_LF2:
  694  000016a4  8fa20000	lw	r2,0(r29)
  695  000016a8  8fa30004	lw	r3,4(r29)
  696  000016ac  8fa40008	lw	r4,8(r29)
  697  000016b0  8fdffff8	lw	r31,-8(r30)
  698  000016b4  001ee820	add	r29,r0,r30
  699  000016b8  8fdefffc	lw	r30,-4(r30)
  700  000016bc  4be00000	jr	r31
  701  000016c0  54000000	nop
  702  000016c4          	.endproc _isspace
  703  000016c4          	.align 2
  704  000016c4          	.proc _isxdigit
  705  000016c4          	.global _isxdigit
  706  000016c4          	_isxdigit:
  707                      ;  Function 'isxdigit'; 0 bytes of locals, 3 regs to save.
  708  000016c4  afbefffc	sw	-4(r29),r30; push fp
  709  000016c8  001df020	add	r30,r0,r29; fp = sp
  710  000016cc  afbffff8	sw	-8(r29),r31; push ret addr
  711  000016d0  2fbd0018	subui	r29,r29,#24; alloc local storage
  712  000016d4  afa20000	sw	0(r29),r2
  713  000016d8  afa30004	sw	4(r29),r3
  714  000016dc  afa40008	sw	8(r29),r4
  715  000016e0  83c20003	lb	r2,3(r30)
  716  000016e4  20010000	addi	r1,r0,#0
  717  000016e8  304300ff	andi	r3,r2,#0x00ff
  718  000016ec  6c64002f	sgtui	r4,r3,#47
  719  000016f0  1080001c	beqz	r4,L7_LF2
  720  000016f4  54000000	nop; delay slot nop
  721  000016f8  304300ff	andi	r3,r2,#0x00ff
  722  000016fc  70640039	sleui	r4,r3,#57
  723  00001700  1480005c	bnez	r4,L6_LF2
  724  00001704  54000000	nop; delay slot nop
  725  00001708  08000004	j	L7_LF2
  726  0000170c  54000000	nop; delay slot nop
  727  00001710          	L7_LF2:
  728  00001710  304300ff	andi	r3,r2,#0x00ff
  729  00001714  6c640060	sgtui	r4,r3,#96
  730  00001718  1080001c	beqz	r4,L8_LF2
  731  0000171c  54000000	nop; delay slot nop
  732  00001720  304300ff	andi	r3,r2,#0x00ff
  733  00001724  70640066	sleui	r4,r3,#102
  734  00001728  14800034	bnez	r4,L6_LF2
  735  0000172c  54000000	nop; delay slot nop
  736  00001730  08000004	j	L8_LF2
  737  00001734  54000000	nop; delay slot nop
  738  00001738          	L8_LF2:
  739  00001738  304300ff	andi	r3,r2,#0x00ff
  740  0000173c  6c640040	sgtui	r4,r3,#64
  741  00001740  10800020	beqz	r4,L5_LF2
  742  00001744  54000000	nop; delay slot nop
  743  00001748  304300ff	andi	r3,r2,#0x00ff
  744  0000174c  70640041	sleui	r4,r3,#65
  745  00001750  1480000c	bnez	r4,L6_LF2
  746  00001754  54000000	nop; delay slot nop
  747  00001758  08000008	j	L5_LF2
  748  0000175c  54000000	nop; delay slot nop
  749  00001760          	L6_LF2:
  750  00001760  20010001	addi	r1,r0,#1
  751  00001764          	L5_LF2:
  752  00001764  08000004	j	L4_LF2
  753  00001768  54000000	nop; delay slot nop
  754  0000176c          	L4_LF2:
  755  0000176c  8fa20000	lw	r2,0(r29)
  756  00001770  8fa30004	lw	r3,4(r29)
  757  00001774  8fa40008	lw	r4,8(r29)
  758  00001778  8fdffff8	lw	r31,-8(r30)
  759  0000177c  001ee820	add	r29,r0,r30
  760  00001780  8fdefffc	lw	r30,-4(r30)
  761  00001784  4be00000	jr	r31
  762  00001788  54000000	nop
  763  0000178c          	.endproc _isxdigit
  764  0000178c          	.align 2
  765  0000178c          	.proc _dstrcpy
  766  0000178c          	.global _dstrcpy
  767  0000178c          	_dstrcpy:
  768                      ;  Function 'dstrcpy'; 8 bytes of locals, 2 regs to save.
  769  0000178c  afbefffc	sw	-4(r29),r30; push fp
  770  00001790  001df020	add	r30,r0,r29; fp = sp
  771  00001794  afbffff8	sw	-8(r29),r31; push ret addr
  772  00001798  2fbd0018	subui	r29,r29,#24; alloc local storage
  773  0000179c  afa20000	sw	0(r29),r2
  774  000017a0  afa30004	sw	4(r29),r3
  775  000017a4  8fc10000	lw	r1,(r30)
  776  000017a8  afc1fff4	sw	-12(r30),r1
  777  000017ac          	L10_LF2:
  778  000017ac  8fc10000	lw	r1,(r30)
  779  000017b0  20220001	addi	r2,r1,#1
  780  000017b4  afc20000	sw	(r30),r2
  781  000017b8  8fc20004	lw	r2,4(r30)
  782  000017bc  20430001	addi	r3,r2,#1
  783  000017c0  afc30004	sw	4(r30),r3
  784  000017c4  80420000	lb	r2,(r2)
  785  000017c8  a0220000	sb	(r1),r2
  786  000017cc  a3c2fff3	sb	-13(r30),r2
  787  000017d0          	L12_LF2:
  788  000017d0  93c1fff3	lbu	r1,-13(r30)
  789  000017d4  64220000	snei	r2,r1,#0
  790  000017d8  1440000c	bnez	r2,L13_LF2
  791  000017dc  54000000	nop; delay slot nop
  792  000017e0  0800000c	j	L11_LF2
  793  000017e4  54000000	nop; delay slot nop
  794  000017e8          	L13_LF2:
  795  000017e8  0bffffc0	j	L10_LF2
  796  000017ec  54000000	nop; delay slot nop
  797  000017f0          	L11_LF2:
  798  000017f0  8fc1fff4	lw	r1,-12(r30)
  799  000017f4  08000004	j	L9_LF2
  800  000017f8  54000000	nop; delay slot nop
  801  000017fc          	L9_LF2:
  802  000017fc  8fa20000	lw	r2,0(r29)
  803  00001800  8fa30004	lw	r3,4(r29)
  804  00001804  8fdffff8	lw	r31,-8(r30)
  805  00001808  001ee820	add	r29,r0,r30
  806  0000180c  8fdefffc	lw	r30,-4(r30)
  807  00001810  4be00000	jr	r31
  808  00001814  54000000	nop
  809  00001818          	.endproc _dstrcpy
  810  00001818          	.align 2
  811  00001818          	.proc _dstrncpy
  812  00001818          	.global _dstrncpy
  813  00001818          	_dstrncpy:
  814                      ;  Function 'dstrncpy'; 8 bytes of locals, 2 regs to save.
  815  00001818  afbefffc	sw	-4(r29),r30; push fp
  816  0000181c  001df020	add	r30,r0,r29; fp = sp
  817  00001820  afbffff8	sw	-8(r29),r31; push ret addr
  818  00001824  2fbd0018	subui	r29,r29,#24; alloc local storage
  819  00001828  afa20000	sw	0(r29),r2
  820  0000182c  afa30004	sw	4(r29),r3
  821  00001830  8fc10000	lw	r1,(r30)
  822  00001834  afc1fff4	sw	-12(r30),r1
  823  00001838          	L15_LF2:
  824  00001838  8fc10008	lw	r1,8(r30)
  825  0000183c  2022ffff	addi	r2,r1,#-1
  826  00001840  afc20008	sw	8(r30),r2
  827  00001844  70210000	slei	r1,r1,#0
  828  00001848  1020000c	beqz	r1,L18_LF2
  829  0000184c  54000000	nop; delay slot nop
  830  00001850  08000048	j	L16_LF2
  831  00001854  54000000	nop; delay slot nop
  832  00001858          	L18_LF2:
  833  00001858  8fc10000	lw	r1,(r30)
  834  0000185c  20220001	addi	r2,r1,#1
  835  00001860  afc20000	sw	(r30),r2
  836  00001864  8fc20004	lw	r2,4(r30)
  837  00001868  20430001	addi	r3,r2,#1
  838  0000186c  afc30004	sw	4(r30),r3
  839  00001870  80420000	lb	r2,(r2)
  840  00001874  a0220000	sb	(r1),r2
  841  00001878  a3c2fff3	sb	-13(r30),r2
  842  0000187c          	L17_LF2:
  843  0000187c  93c1fff3	lbu	r1,-13(r30)
  844  00001880  64220000	snei	r2,r1,#0
  845  00001884  1440000c	bnez	r2,L19_LF2
  846  00001888  54000000	nop; delay slot nop
  847  0000188c  0800000c	j	L16_LF2
  848  00001890  54000000	nop; delay slot nop
  849  00001894          	L19_LF2:
  850  00001894  0bffffa0	j	L15_LF2
  851  00001898  54000000	nop; delay slot nop
  852  0000189c          	L16_LF2:
  853  0000189c  8fc1fff4	lw	r1,-12(r30)
  854  000018a0  08000004	j	L14_LF2
  855  000018a4  54000000	nop; delay slot nop
  856  000018a8          	L14_LF2:
  857  000018a8  8fa20000	lw	r2,0(r29)
  858  000018ac  8fa30004	lw	r3,4(r29)
  859  000018b0  8fdffff8	lw	r31,-8(r30)
  860  000018b4  001ee820	add	r29,r0,r30
  861  000018b8  8fdefffc	lw	r30,-4(r30)
  862  000018bc  4be00000	jr	r31
  863  000018c0  54000000	nop
  864  000018c4          	.endproc _dstrncpy
  865  000018c4          	.align 2
  866  000018c4          	.proc _dstrcat
  867  000018c4          	.global _dstrcat
  868  000018c4          	_dstrcat:
  869                      ;  Function 'dstrcat'; 8 bytes of locals, 1 regs to save.
  870  000018c4  afbefffc	sw	-4(r29),r30; push fp
  871  000018c8  001df020	add	r30,r0,r29; fp = sp
  872  000018cc  afbffff8	sw	-8(r29),r31; push ret addr
  873  000018d0  2fbd0018	subui	r29,r29,#24; alloc local storage
  874  000018d4  afa20000	sw	0(r29),r2
  875  000018d8  8fc10000	lw	r1,(r30)
  876  000018dc  afc1fff4	sw	-12(r30),r1
  877  000018e0          	L21_LF2:
  878  000018e0  8fc10000	lw	r1,(r30)
  879  000018e4  90220000	lbu	r2,(r1)
  880  000018e8  64410000	snei	r1,r2,#0
  881  000018ec  1420000c	bnez	r1,L23_LF2
  882  000018f0  54000000	nop; delay slot nop
  883  000018f4  0800001c	j	L22_LF2
  884  000018f8  54000000	nop; delay slot nop
  885  000018fc          	L23_LF2:
  886  000018fc  8fc20000	lw	r2,(r30)
  887  00001900  20410001	addi	r1,r2,#1
  888  00001904  00011020	add	r2,r0,r1
  889  00001908  afc20000	sw	(r30),r2
  890  0000190c  0bffffd0	j	L21_LF2
  891  00001910  54000000	nop; delay slot nop
  892  00001914          	L22_LF2:
  893  00001914  23bdfff8	addi	r29,r29,#-8
  894  00001918  001d0820	add	r1,r0,r29
  895  0000191c  8fc20000	lw	r2,(r30)
  896  00001920  ac220000	sw	(r1),r2
  897  00001924  8fc20004	lw	r2,4(r30)
  898  00001928  ac220004	sw	4(r1),r2
  899  0000192c  0ffffe5c	jal	_dstrcpy
  900  00001930  54000000	nop; delay slot nop
  901  00001934  23bd0008	addi	r29,r29,#8
  902  00001938  8fc1fff4	lw	r1,-12(r30)
  903  0000193c  08000004	j	L20_LF2
  904  00001940  54000000	nop; delay slot nop
  905  00001944          	L20_LF2:
  906  00001944  8fa20000	lw	r2,0(r29)
  907  00001948  8fdffff8	lw	r31,-8(r30)
  908  0000194c  001ee820	add	r29,r0,r30
  909  00001950  8fdefffc	lw	r30,-4(r30)
  910  00001954  4be00000	jr	r31
  911  00001958  54000000	nop
  912  0000195c          	.endproc _dstrcat
  913  0000195c          	.align 2
  914  0000195c          	.proc _dstrncmp
  915  0000195c          	.global _dstrncmp
  916  0000195c          	_dstrncmp:
  917                      ;  Function 'dstrncmp'; 8 bytes of locals, 2 regs to save.
  918  0000195c  afbefffc	sw	-4(r29),r30; push fp
  919  00001960  001df020	add	r30,r0,r29; fp = sp
  920  00001964  afbffff8	sw	-8(r29),r31; push ret addr
  921  00001968  2fbd0018	subui	r29,r29,#24; alloc local storage
  922  0000196c  afa20000	sw	0(r29),r2
  923  00001970  afa30004	sw	4(r29),r3
  924  00001974  54000000	nop
  925  00001978  20010000	addi	r1,r0,#0
  926  0000197c  afc1fff4	sw	-12(r30),r1
  927  00001980          	L25_LF2:
  928  00001980  8fc1fff4	lw	r1,-12(r30)
  929  00001984  8fc20008	lw	r2,8(r30)
  930  00001988  0022082a	slt	r1,r1,r2
  931  0000198c  1420000c	bnez	r1,L28_LF2
  932  00001990  54000000	nop; delay slot nop
  933  00001994  08000088	j	L26_LF2
  934  00001998  54000000	nop; delay slot nop
  935  0000199c          	L28_LF2:
  936  0000199c  8fc10004	lw	r1,4(r30)
  937  000019a0  90220000	lbu	r2,(r1)
  938  000019a4  64410000	snei	r1,r2,#0
  939  000019a8  14200018	bnez	r1,L29_LF2
  940  000019ac  54000000	nop; delay slot nop
  941  000019b0  20010000	addi	r1,r0,#0
  942  000019b4  080000d8	j	L24_LF2
  943  000019b8  54000000	nop; delay slot nop
  944  000019bc  08000028	j	L30_LF2
  945  000019c0  54000000	nop; delay slot nop
  946  000019c4          	L29_LF2:
  947  000019c4  8fc10000	lw	r1,(r30)
  948  000019c8  8fc20004	lw	r2,4(r30)
  949  000019cc  90210000	lbu	r1,(r1)
  950  000019d0  90420000	lbu	r2,(r2)
  951  000019d4  00220829	sne	r1,r1,r2
  952  000019d8  1020000c	beqz	r1,L30_LF2
  953  000019dc  54000000	nop; delay slot nop
  954  000019e0  0800003c	j	L26_LF2
  955  000019e4  54000000	nop; delay slot nop
  956  000019e8          	L31_LF2:
  957  000019e8          	L30_LF2:
  958  000019e8  8fc20000	lw	r2,(r30)
  959  000019ec  20410001	addi	r1,r2,#1
  960  000019f0  00011020	add	r2,r0,r1
  961  000019f4  afc20000	sw	(r30),r2
  962  000019f8  8fc20004	lw	r2,4(r30)
  963  000019fc  20410001	addi	r1,r2,#1
  964  00001a00  00011020	add	r2,r0,r1
  965  00001a04  afc20004	sw	4(r30),r2
  966  00001a08          	L27_LF2:
  967  00001a08  8fc2fff4	lw	r2,-12(r30)
  968  00001a0c  20410001	addi	r1,r2,#1
  969  00001a10  00011020	add	r2,r0,r1
  970  00001a14  afc2fff4	sw	-12(r30),r2
  971  00001a18  0bffff64	j	L25_LF2
  972  00001a1c  54000000	nop; delay slot nop
  973  00001a20          	L26_LF2:
  974  00001a20  8fc1fff4	lw	r1,-12(r30)
  975  00001a24  8fc20008	lw	r2,8(r30)
  976  00001a28  00220828	seq	r1,r1,r2
  977  00001a2c  10200018	beqz	r1,L32_LF2
  978  00001a30  54000000	nop; delay slot nop
  979  00001a34  20010000	addi	r1,r0,#0
  980  00001a38  08000054	j	L24_LF2
  981  00001a3c  54000000	nop; delay slot nop
  982  00001a40  0800004c	j	L33_LF2
  983  00001a44  54000000	nop; delay slot nop
  984  00001a48          	L32_LF2:
  985  00001a48  8fc20000	lw	r2,(r30)
  986  00001a4c  90410000	lbu	r1,(r2)
  987  00001a50  8fc20004	lw	r2,4(r30)
  988  00001a54  90430000	lbu	r3,(r2)
  989  00001a58  00230822	sub	r1,r1,r3
  990  00001a5c  74220000	sgei	r2,r1,#0
  991  00001a60  10400020	beqz	r2,L34_LF2
  992  00001a64  54000000	nop; delay slot nop
  993  00001a68  8fc10000	lw	r1,(r30)
  994  00001a6c  8fc20004	lw	r2,4(r30)
  995  00001a70  90210000	lbu	r1,(r1)
  996  00001a74  90420000	lbu	r2,(r2)
  997  00001a78  00220829	sne	r1,r1,r2
  998  00001a7c  08000008	j	L35_LF2
  999  00001a80  54000000	nop; delay slot nop
 1000  00001a84          	L34_LF2:
 1001  00001a84  2001ffff	addi	r1,r0,#-1
 1002  00001a88          	L35_LF2:
 1003  00001a88  08000004	j	L24_LF2
 1004  00001a8c  54000000	nop; delay slot nop
 1005  00001a90          	L33_LF2:
 1006  00001a90          	L24_LF2:
 1007  00001a90  8fa20000	lw	r2,0(r29)
 1008  00001a94  8fa30004	lw	r3,4(r29)
 1009  00001a98  8fdffff8	lw	r31,-8(r30)
 1010  00001a9c  001ee820	add	r29,r0,r30
 1011  00001aa0  8fdefffc	lw	r30,-4(r30)
 1012  00001aa4  4be00000	jr	r31
 1013  00001aa8  54000000	nop
 1014  00001aac          	.endproc _dstrncmp
 1015  00001aac          	.align 2
 1016  00001aac          	.proc _dstrlen
 1017  00001aac          	.global _dstrlen
 1018  00001aac          	_dstrlen:
 1019                      ;  Function 'dstrlen'; 8 bytes of locals, 1 regs to save.
 1020  00001aac  afbefffc	sw	-4(r29),r30; push fp
 1021  00001ab0  001df020	add	r30,r0,r29; fp = sp
 1022  00001ab4  afbffff8	sw	-8(r29),r31; push ret addr
 1023  00001ab8  2fbd0018	subui	r29,r29,#24; alloc local storage
 1024  00001abc  afa20000	sw	0(r29),r2
 1025  00001ac0  20010000	addi	r1,r0,#0
 1026  00001ac4  afc1fff4	sw	-12(r30),r1
 1027  00001ac8          	L37_LF2:
 1028  00001ac8  8fc10000	lw	r1,(r30)
 1029  00001acc  20220001	addi	r2,r1,#1
 1030  00001ad0  afc20000	sw	(r30),r2
 1031  00001ad4  90210000	lbu	r1,(r1)
 1032  00001ad8  64220000	snei	r2,r1,#0
 1033  00001adc  1440000c	bnez	r2,L39_LF2
 1034  00001ae0  54000000	nop; delay slot nop
 1035  00001ae4  0800001c	j	L38_LF2
 1036  00001ae8  54000000	nop; delay slot nop
 1037  00001aec          	L39_LF2:
 1038  00001aec  8fc2fff4	lw	r2,-12(r30)
 1039  00001af0  20410001	addi	r1,r2,#1
 1040  00001af4  00011020	add	r2,r0,r1
 1041  00001af8  afc2fff4	sw	-12(r30),r2
 1042  00001afc  0bffffc8	j	L37_LF2
 1043  00001b00  54000000	nop; delay slot nop
 1044  00001b04          	L38_LF2:
 1045  00001b04  8fc1fff4	lw	r1,-12(r30)
 1046  00001b08  08000004	j	L36_LF2
 1047  00001b0c  54000000	nop; delay slot nop
 1048  00001b10          	L36_LF2:
 1049  00001b10  8fa20000	lw	r2,0(r29)
 1050  00001b14  8fdffff8	lw	r31,-8(r30)
 1051  00001b18  001ee820	add	r29,r0,r30
 1052  00001b1c  8fdefffc	lw	r30,-4(r30)
 1053  00001b20  4be00000	jr	r31
 1054  00001b24  54000000	nop
 1055  00001b28          	.endproc _dstrlen
 1056  00001b28          	.align 2
 1057  00001b28          	.proc _dstrstr
 1058  00001b28          	.global _dstrstr
 1059  00001b28          	_dstrstr:
 1060                      ;  Function 'dstrstr'; 8 bytes of locals, 1 regs to save.
 1061  00001b28  afbefffc	sw	-4(r29),r30; push fp
 1062  00001b2c  001df020	add	r30,r0,r29; fp = sp
 1063  00001b30  afbffff8	sw	-8(r29),r31; push ret addr
 1064  00001b34  2fbd0018	subui	r29,r29,#24; alloc local storage
 1065  00001b38  afa20000	sw	0(r29),r2
 1066  00001b3c  23bdfff8	addi	r29,r29,#-8
 1067  00001b40  001d0820	add	r1,r0,r29
 1068  00001b44  8fc20004	lw	r2,4(r30)
 1069  00001b48  ac220000	sw	(r1),r2
 1070  00001b4c  0fffff5c	jal	_dstrlen
 1071  00001b50  54000000	nop; delay slot nop
 1072  00001b54  23bd0008	addi	r29,r29,#8
 1073  00001b58  afc1fff4	sw	-12(r30),r1
 1074  00001b5c          	L41_LF2:
 1075  00001b5c  8fc10000	lw	r1,(r30)
 1076  00001b60  90220000	lbu	r2,(r1)
 1077  00001b64  64410000	snei	r1,r2,#0
 1078  00001b68  1420000c	bnez	r1,L43_LF2
 1079  00001b6c  54000000	nop; delay slot nop
 1080  00001b70  08000060	j	L42_LF2
 1081  00001b74  54000000	nop; delay slot nop
 1082  00001b78          	L43_LF2:
 1083  00001b78  23bdfff0	addi	r29,r29,#-16
 1084  00001b7c  001d0820	add	r1,r0,r29
 1085  00001b80  8fc20000	lw	r2,(r30)
 1086  00001b84  ac220000	sw	(r1),r2
 1087  00001b88  8fc20004	lw	r2,4(r30)
 1088  00001b8c  ac220004	sw	4(r1),r2
 1089  00001b90  8fc2fff4	lw	r2,-12(r30)
 1090  00001b94  ac220008	sw	8(r1),r2
 1091  00001b98  0ffffdc0	jal	_dstrncmp
 1092  00001b9c  54000000	nop; delay slot nop
 1093  00001ba0  23bd0010	addi	r29,r29,#16
 1094  00001ba4  64220000	snei	r2,r1,#0
 1095  00001ba8  14400010	bnez	r2,L44_LF2
 1096  00001bac  54000000	nop; delay slot nop
 1097  00001bb0  8fc10000	lw	r1,(r30)
 1098  00001bb4  08000028	j	L40_LF2
 1099  00001bb8  54000000	nop; delay slot nop
 1100  00001bbc          	L44_LF2:
 1101  00001bbc  8fc20000	lw	r2,(r30)
 1102  00001bc0  20410001	addi	r1,r2,#1
 1103  00001bc4  00011020	add	r2,r0,r1
 1104  00001bc8  afc20000	sw	(r30),r2
 1105  00001bcc  0bffff8c	j	L41_LF2
 1106  00001bd0  54000000	nop; delay slot nop
 1107  00001bd4          	L42_LF2:
 1108  00001bd4  20010000	addi	r1,r0,#0
 1109  00001bd8  08000004	j	L40_LF2
 1110  00001bdc  54000000	nop; delay slot nop
 1111  00001be0          	L40_LF2:
 1112  00001be0  8fa20000	lw	r2,0(r29)
 1113  00001be4  8fdffff8	lw	r31,-8(r30)
 1114  00001be8  001ee820	add	r29,r0,r30
 1115  00001bec  8fdefffc	lw	r30,-4(r30)
 1116  00001bf0  4be00000	jr	r31
 1117  00001bf4  54000000	nop
 1118  00001bf8          	.endproc _dstrstr
 1119  00001bf8          	.align 2
 1120  00001bf8          	.proc _dmindex
 1121  00001bf8          	.global _dmindex
 1122  00001bf8          	_dmindex:
 1123                      ;  Function 'dmindex'; 8 bytes of locals, 1 regs to save.
 1124  00001bf8  afbefffc	sw	-4(r29),r30; push fp
 1125  00001bfc  001df020	add	r30,r0,r29; fp = sp
 1126  00001c00  afbffff8	sw	-8(r29),r31; push ret addr
 1127  00001c04  2fbd0018	subui	r29,r29,#24; alloc local storage
 1128  00001c08  afa20000	sw	0(r29),r2
 1129  00001c0c  54000000	nop
 1130  00001c10          	L46_LF2:
 1131  00001c10  8fc10000	lw	r1,(r30)
 1132  00001c14  90220000	lbu	r2,(r1)
 1133  00001c18  64410000	snei	r1,r2,#0
 1134  00001c1c  1420000c	bnez	r1,L48_LF2
 1135  00001c20  54000000	nop; delay slot nop
 1136  00001c24  08000070	j	L47_LF2
 1137  00001c28  54000000	nop; delay slot nop
 1138  00001c2c          	L48_LF2:
 1139  00001c2c  8fc10004	lw	r1,4(r30)
 1140  00001c30  afc1fff4	sw	-12(r30),r1
 1141  00001c34          	L49_LF2:
 1142  00001c34  8fc1fff4	lw	r1,-12(r30)
 1143  00001c38  90220000	lbu	r2,(r1)
 1144  00001c3c  64410000	snei	r1,r2,#0
 1145  00001c40  1420000c	bnez	r1,L52_LF2
 1146  00001c44  54000000	nop; delay slot nop
 1147  00001c48  08000044	j	L50_LF2
 1148  00001c4c  54000000	nop; delay slot nop
 1149  00001c50          	L52_LF2:
 1150  00001c50  8fc10000	lw	r1,(r30)
 1151  00001c54  8fc2fff4	lw	r2,-12(r30)
 1152  00001c58  90210000	lbu	r1,(r1)
 1153  00001c5c  90420000	lbu	r2,(r2)
 1154  00001c60  00220828	seq	r1,r1,r2
 1155  00001c64  10200010	beqz	r1,L51_LF2
 1156  00001c68  54000000	nop; delay slot nop
 1157  00001c6c  8fc10000	lw	r1,(r30)
 1158  00001c70  08000030	j	L45_LF2
 1159  00001c74  54000000	nop; delay slot nop
 1160  00001c78          	L53_LF2:
 1161  00001c78          	L51_LF2:
 1162  00001c78  8fc2fff4	lw	r2,-12(r30)
 1163  00001c7c  20410001	addi	r1,r2,#1
 1164  00001c80  00011020	add	r2,r0,r1
 1165  00001c84  afc2fff4	sw	-12(r30),r2
 1166  00001c88  0bffffa8	j	L49_LF2
 1167  00001c8c  54000000	nop; delay slot nop
 1168  00001c90          	L50_LF2:
 1169  00001c90  0bffff7c	j	L46_LF2
 1170  00001c94  54000000	nop; delay slot nop
 1171  00001c98          	L47_LF2:
 1172  00001c98  20010000	addi	r1,r0,#0
 1173  00001c9c  08000004	j	L45_LF2
 1174  00001ca0  54000000	nop; delay slot nop
 1175  00001ca4          	L45_LF2:
 1176  00001ca4  8fa20000	lw	r2,0(r29)
 1177  00001ca8  8fdffff8	lw	r31,-8(r30)
 1178  00001cac  001ee820	add	r29,r0,r30
 1179  00001cb0  8fdefffc	lw	r30,-4(r30)
 1180  00001cb4  4be00000	jr	r31
 1181  00001cb8  54000000	nop
 1182  00001cbc          	.endproc _dmindex
 1183  00001cbc          	.align 2
 1184  00001cbc          	.proc _dindex
 1185  00001cbc          	.global _dindex
 1186  00001cbc          	_dindex:
 1187                      ;  Function 'dindex'; 0 bytes of locals, 1 regs to save.
 1188  00001cbc  afbefffc	sw	-4(r29),r30; push fp
 1189  00001cc0  001df020	add	r30,r0,r29; fp = sp
 1190  00001cc4  afbffff8	sw	-8(r29),r31; push ret addr
 1191  00001cc8  2fbd0010	subui	r29,r29,#16; alloc local storage
 1192  00001ccc  afa20000	sw	0(r29),r2
 1193  00001cd0  54000000	nop
 1194  00001cd4          	L55_LF2:
 1195  00001cd4  8fc10000	lw	r1,(r30)
 1196  00001cd8  90220000	lbu	r2,(r1)
 1197  00001cdc  64410000	snei	r1,r2,#0
 1198  00001ce0  1420000c	bnez	r1,L57_LF2
 1199  00001ce4  54000000	nop; delay slot nop
 1200  00001ce8  08000040	j	L56_LF2
 1201  00001cec  54000000	nop; delay slot nop
 1202  00001cf0          	L57_LF2:
 1203  00001cf0  8fc10000	lw	r1,(r30)
 1204  00001cf4  90220000	lbu	r2,(r1)
 1205  00001cf8  8fc10004	lw	r1,4(r30)
 1206  00001cfc  00411028	seq	r2,r2,r1
 1207  00001d00  10400010	beqz	r2,L58_LF2
 1208  00001d04  54000000	nop; delay slot nop
 1209  00001d08  8fc10000	lw	r1,(r30)
 1210  00001d0c  08000028	j	L54_LF2
 1211  00001d10  54000000	nop; delay slot nop
 1212  00001d14          	L58_LF2:
 1213  00001d14  8fc20000	lw	r2,(r30)
 1214  00001d18  20410001	addi	r1,r2,#1
 1215  00001d1c  00011020	add	r2,r0,r1
 1216  00001d20  afc20000	sw	(r30),r2
 1217  00001d24  0bffffac	j	L55_LF2
 1218  00001d28  54000000	nop; delay slot nop
 1219  00001d2c          	L56_LF2:
 1220  00001d2c  20010000	addi	r1,r0,#0
 1221  00001d30  08000004	j	L54_LF2
 1222  00001d34  54000000	nop; delay slot nop
 1223  00001d38          	L54_LF2:
 1224  00001d38  8fa20000	lw	r2,0(r29)
 1225  00001d3c  8fdffff8	lw	r31,-8(r30)
 1226  00001d40  001ee820	add	r29,r0,r30
 1227  00001d44  8fdefffc	lw	r30,-4(r30)
 1228  00001d48  4be00000	jr	r31
 1229  00001d4c  54000000	nop
 1230  00001d50          	.endproc _dindex
 1231  00001d50          	.align 2
 1232  00001d50          	.proc _ditoa
 1233  00001d50          	.global _ditoa
 1234  00001d50          	_ditoa:
 1235                      ;  Function 'ditoa'; 8 bytes of locals, 2 regs to save.
 1236  00001d50  afbefffc	sw	-4(r29),r30; push fp
 1237  00001d54  001df020	add	r30,r0,r29; fp = sp
 1238  00001d58  afbffff8	sw	-8(r29),r31; push ret addr
 1239  00001d5c  2fbd0018	subui	r29,r29,#24; alloc local storage
 1240  00001d60  afa20000	sw	0(r29),r2
 1241  00001d64  afa30004	sw	4(r29),r3
 1242  00001d68  8fc10000	lw	r1,(r30)
 1243  00001d6c  68220000	slti	r2,r1,#0
 1244  00001d70  1040002c	beqz	r2,L60_LF2
 1245  00001d74  54000000	nop; delay slot nop
 1246  00001d78  8fc10004	lw	r1,4(r30)
 1247  00001d7c  20220001	addi	r2,r1,#1
 1248  00001d80  afc20004	sw	4(r30),r2
 1249  00001d84  2002002d	addi	r2,r0,(#0x2d)&0xff
 1250  00001d88  a0220000	sb	(r1),r2
 1251  00001d8c  8fc10000	lw	r1,(r30)
 1252  00001d90  00011022	sub	r2,r0,r1
 1253  00001d94  afc20000	sw	(r30),r2
 1254  00001d98  08000118	j	L61_LF2
 1255  00001d9c  54000000	nop; delay slot nop
 1256  00001da0          	L60_LF2:
 1257  00001da0  8fc10000	lw	r1,(r30)
 1258  00001da4  64220000	snei	r2,r1,#0
 1259  00001da8  14400020	bnez	r2,L62_LF2
 1260  00001dac  54000000	nop; delay slot nop
 1261  00001db0  8fc10004	lw	r1,4(r30)
 1262  00001db4  20220001	addi	r2,r1,#1
 1263  00001db8  afc20004	sw	4(r30),r2
 1264  00001dbc  20020030	addi	r2,r0,(#0x30)&0xff
 1265  00001dc0  a0220000	sb	(r1),r2
 1266  00001dc4  080000ec	j	L61_LF2
 1267  00001dc8  54000000	nop; delay slot nop
 1268  00001dcc          	L62_LF2:
 1269  00001dcc  20010001	addi	r1,r0,#1
 1270  00001dd0  afc1fff4	sw	-12(r30),r1
 1271  00001dd4          	L64_LF2:
 1272  00001dd4  8fc1fff4	lw	r1,-12(r30)
 1273  00001dd8  8fc20000	lw	r2,(r30)
 1274  00001ddc  0022082c	sle	r1,r1,r2
 1275  00001de0  1420000c	bnez	r1,L66_LF2
 1276  00001de4  54000000	nop; delay slot nop
 1277  00001de8  08000024	j	L65_LF2
 1278  00001dec  54000000	nop; delay slot nop
 1279  00001df0          	L67_LF2:
 1280  00001df0          	L66_LF2:
 1281  00001df0  8fc1fff4	lw	r1,-12(r30)
 1282  00001df4  00011820	add	r3,r0,r1
 1283  00001df8  50620002	slli	r2,r3,#0x2
 1284  00001dfc  00411020	add	r2,r2,r1
 1285  00001e00  50410001	slli	r1,r2,#0x1
 1286  00001e04  afc1fff4	sw	-12(r30),r1
 1287  00001e08  0bffffc8	j	L64_LF2
 1288  00001e0c  54000000	nop; delay slot nop
 1289  00001e10          	L65_LF2:
 1290  00001e10  54000000	nop
 1291  00001e14          	L68_LF2:
 1292  00001e14  8fc1fff4	lw	r1,-12(r30)
 1293  00001e18  2002000a	addi	r2,r0,#10
 1294  00001e1c  00200035	movi2fp	f0,r1
 1295  00001e20  00400835	movi2fp	f1,r2
 1296  00001e24  0401000f	div	f0,f0,f1
 1297  00001e28  00000834	movfp2i	r1,f0
 1298  00001e2c  afc1fff4	sw	-12(r30),r1
 1299  00001e30  8fc10004	lw	r1,4(r30)
 1300  00001e34  20220001	addi	r2,r1,#1
 1301  00001e38  afc20004	sw	4(r30),r2
 1302  00001e3c  8fc20000	lw	r2,(r30)
 1303  00001e40  8fc3fff4	lw	r3,-12(r30)
 1304  00001e44  00400035	movi2fp	f0,r2
 1305  00001e48  00600835	movi2fp	f1,r3
 1306  00001e4c  0401000f	div	f0,f0,f1
 1307  00001e50  00001034	movfp2i	r2,f0
 1308  00001e54  00021820	add	r3,r0,r2
 1309  00001e58  20620030	addi	r2,r3,#48
 1310  00001e5c  a0220000	sb	(r1),r2
 1311  00001e60  8fc10000	lw	r1,(r30)
 1312  00001e64  8fc3fff4	lw	r3,-12(r30)
 1313  00001e68  00200035	movi2fp	f0,r1
 1314  00001e6c  00600835	movi2fp	f1,r3
 1315  00001e70  0401000f	div	f0,f0,f1
 1316  00001e74  00001034	movfp2i	r2,f0
 1317  00001e78  8fc3fff4	lw	r3,-12(r30)
 1318  00001e7c  00400035	movi2fp	f0,r2
 1319  00001e80  00600835	movi2fp	f1,r3
 1320  00001e84  0401000e	mult	f0,f0,f1
 1321  00001e88  00001034	movfp2i	r2,f0
 1322  00001e8c  00220822	sub	r1,r1,r2
 1323  00001e90  afc10000	sw	(r30),r1
 1324  00001e94          	L70_LF2:
 1325  00001e94  8fc1fff4	lw	r1,-12(r30)
 1326  00001e98  6c220001	sgti	r2,r1,#1
 1327  00001e9c  1440000c	bnez	r2,L71_LF2
 1328  00001ea0  54000000	nop; delay slot nop
 1329  00001ea4  0800000c	j	L61_LF2
 1330  00001ea8  54000000	nop; delay slot nop
 1331  00001eac          	L71_LF2:
 1332  00001eac  0bffff64	j	L68_LF2
 1333  00001eb0  54000000	nop; delay slot nop
 1334  00001eb4          	L69_LF2:
 1335  00001eb4          	L63_LF2:
 1336  00001eb4          	L61_LF2:
 1337  00001eb4  8fc10004	lw	r1,4(r30)
 1338  00001eb8  20020000	addi	r2,r0,(#0x0)&0xff
 1339  00001ebc  a0220000	sb	(r1),r2
 1340  00001ec0          	L59_LF2:
 1341  00001ec0  8fa20000	lw	r2,0(r29)
 1342  00001ec4  8fa30004	lw	r3,4(r29)
 1343  00001ec8  8fdffff8	lw	r31,-8(r30)
 1344  00001ecc  001ee820	add	r29,r0,r30
 1345  00001ed0  8fdefffc	lw	r30,-4(r30)
 1346  00001ed4  4be00000	jr	r31
 1347  00001ed8  54000000	nop
 1348  00001edc          	.endproc _ditoa
 1349  00001edc          	.align 2
 1350  00001edc          	.proc _dstrtol
 1351  00001edc          	.global _dstrtol
 1352  00001edc          	_dstrtol:
 1353                      ;  Function 'dstrtol'; 16 bytes of locals, 1 regs to save.
 1354  00001edc  afbefffc	sw	-4(r29),r30; push fp
 1355  00001ee0  001df020	add	r30,r0,r29; fp = sp
 1356  00001ee4  afbffff8	sw	-8(r29),r31; push ret addr
 1357  00001ee8  2fbd0020	subui	r29,r29,#32; alloc local storage
 1358  00001eec  afa20000	sw	0(r29),r2
 1359  00001ef0  20010000	addi	r1,r0,#0
 1360  00001ef4  afc1fff4	sw	-12(r30),r1
 1361  00001ef8          	L73_LF2:
 1362  00001ef8  8fc10000	lw	r1,(r30)
 1363  00001efc  90220000	lbu	r2,(r1)
 1364  00001f00  60410020	seqi	r1,r2,#32
 1365  00001f04  14200034	bnez	r1,L75_LF2
 1366  00001f08  54000000	nop; delay slot nop
 1367  00001f0c  8fc10000	lw	r1,(r30)
 1368  00001f10  90220000	lbu	r2,(r1)
 1369  00001f14  60410009	seqi	r1,r2,#9
 1370  00001f18  14200020	bnez	r1,L75_LF2
 1371  00001f1c  54000000	nop; delay slot nop
 1372  00001f20  8fc10000	lw	r1,(r30)
 1373  00001f24  90220000	lbu	r2,(r1)
 1374  00001f28  6041000a	seqi	r1,r2,#10
 1375  00001f2c  1420000c	bnez	r1,L75_LF2
 1376  00001f30  54000000	nop; delay slot nop
 1377  00001f34  0800001c	j	L74_LF2
 1378  00001f38  54000000	nop; delay slot nop
 1379  00001f3c          	L75_LF2:
 1380  00001f3c  8fc20000	lw	r2,(r30)
 1381  00001f40  20410001	addi	r1,r2,#1
 1382  00001f44  00011020	add	r2,r0,r1
 1383  00001f48  afc20000	sw	(r30),r2
 1384  00001f4c  0bffffa8	j	L73_LF2
 1385  00001f50  54000000	nop; delay slot nop
 1386  00001f54          	L74_LF2:
 1387  00001f54  8fc10004	lw	r1,4(r30)
 1388  00001f58  64220000	snei	r2,r1,#0
 1389  00001f5c  10400010	beqz	r2,L76_LF2
 1390  00001f60  54000000	nop; delay slot nop
 1391  00001f64  8fc10004	lw	r1,4(r30)
 1392  00001f68  8fc20000	lw	r2,(r30)
 1393  00001f6c  ac220000	sw	(r1),r2
 1394  00001f70          	L76_LF2:
 1395  00001f70  8fc10000	lw	r1,(r30)
 1396  00001f74  90220000	lbu	r2,(r1)
 1397  00001f78  64410000	snei	r1,r2,#0
 1398  00001f7c  14200010	bnez	r1,L77_LF2
 1399  00001f80  54000000	nop; delay slot nop
 1400  00001f84  8fc1fff4	lw	r1,-12(r30)
 1401  00001f88  08000294	j	L72_LF2
 1402  00001f8c  54000000	nop; delay slot nop
 1403  00001f90          	L77_LF2:
 1404  00001f90  8fc10000	lw	r1,(r30)
 1405  00001f94  90220000	lbu	r2,(r1)
 1406  00001f98  6041002d	seqi	r1,r2,#45
 1407  00001f9c  10200024	beqz	r1,L78_LF2
 1408  00001fa0  54000000	nop; delay slot nop
 1409  00001fa4  2001ffff	addi	r1,r0,#-1
 1410  00001fa8  afc1ffec	sw	-20(r30),r1
 1411  00001fac  8fc20000	lw	r2,(r30)
 1412  00001fb0  20410001	addi	r1,r2,#1
 1413  00001fb4  00011020	add	r2,r0,r1
 1414  00001fb8  afc20000	sw	(r30),r2
 1415  00001fbc  0800000c	j	L79_LF2
 1416  00001fc0  54000000	nop; delay slot nop
 1417  00001fc4          	L78_LF2:
 1418  00001fc4  20010001	addi	r1,r0,#1
 1419  00001fc8  afc1ffec	sw	-20(r30),r1
 1420  00001fcc          	L79_LF2:
 1421  00001fcc  8fc10008	lw	r1,8(r30)
 1422  00001fd0  64220000	snei	r2,r1,#0
 1423  00001fd4  14400090	bnez	r2,L80_LF2
 1424  00001fd8  54000000	nop; delay slot nop
 1425  00001fdc  8fc10000	lw	r1,(r30)
 1426  00001fe0  90220000	lbu	r2,(r1)
 1427  00001fe4  60410030	seqi	r1,r2,#48
 1428  00001fe8  10200074	beqz	r1,L81_LF2
 1429  00001fec  54000000	nop; delay slot nop
 1430  00001ff0  8fc20000	lw	r2,(r30)
 1431  00001ff4  20410001	addi	r1,r2,#1
 1432  00001ff8  00011020	add	r2,r0,r1
 1433  00001ffc  afc20000	sw	(r30),r2
 1434  00002000  8fc10000	lw	r1,(r30)
 1435  00002004  90220000	lbu	r2,(r1)
 1436  00002008  60410078	seqi	r1,r2,#120
 1437  0000200c  14200020	bnez	r1,L83_LF2
 1438  00002010  54000000	nop; delay slot nop
 1439  00002014  8fc10000	lw	r1,(r30)
 1440  00002018  90220000	lbu	r2,(r1)
 1441  0000201c  60410058	seqi	r1,r2,#88
 1442  00002020  1420000c	bnez	r1,L83_LF2
 1443  00002024  54000000	nop; delay slot nop
 1444  00002028  08000024	j	L82_LF2
 1445  0000202c  54000000	nop; delay slot nop
 1446  00002030          	L83_LF2:
 1447  00002030  20010010	addi	r1,r0,#16
 1448  00002034  afc10008	sw	8(r30),r1
 1449  00002038  8fc20000	lw	r2,(r30)
 1450  0000203c  20410001	addi	r1,r2,#1
 1451  00002040  00011020	add	r2,r0,r1
 1452  00002044  afc20000	sw	(r30),r2
 1453  00002048  0800000c	j	L84_LF2
 1454  0000204c  54000000	nop; delay slot nop
 1455  00002050          	L82_LF2:
 1456  00002050  20010008	addi	r1,r0,#8
 1457  00002054  afc10008	sw	8(r30),r1
 1458  00002058          	L84_LF2:
 1459  00002058  0800000c	j	L80_LF2
 1460  0000205c  54000000	nop; delay slot nop
 1461  00002060          	L81_LF2:
 1462  00002060  2001000a	addi	r1,r0,#10
 1463  00002064  afc10008	sw	8(r30),r1
 1464  00002068          	L85_LF2:
 1465  00002068          	L80_LF2:
 1466  00002068  8fc10008	lw	r1,8(r30)
 1467  0000206c  70220000	slei	r2,r1,#0
 1468  00002070  1440001c	bnez	r2,L87_LF2
 1469  00002074  54000000	nop; delay slot nop
 1470  00002078  8fc10008	lw	r1,8(r30)
 1471  0000207c  6c220010	sgti	r2,r1,#16
 1472  00002080  1440000c	bnez	r2,L87_LF2
 1473  00002084  54000000	nop; delay slot nop
 1474  00002088  08000010	j	L86_LF2
 1475  0000208c  54000000	nop; delay slot nop
 1476  00002090          	L87_LF2:
 1477  00002090  8fc1fff4	lw	r1,-12(r30)
 1478  00002094  08000188	j	L72_LF2
 1479  00002098  54000000	nop; delay slot nop
 1480  0000209c          	L86_LF2:
 1481  0000209c  54000000	nop
 1482  000020a0          	L88_LF2:
 1483  000020a0  8fc10000	lw	r1,(r30)
 1484  000020a4  90220000	lbu	r2,(r1)
 1485  000020a8  6c41002f	sgtui	r1,r2,#47
 1486  000020ac  10200030	beqz	r1,L91_LF2
 1487  000020b0  54000000	nop; delay slot nop
 1488  000020b4  8fc10000	lw	r1,(r30)
 1489  000020b8  90220000	lbu	r2,(r1)
 1490  000020bc  70410039	sleui	r1,r2,#57
 1491  000020c0  1020001c	beqz	r1,L91_LF2
 1492  000020c4  54000000	nop; delay slot nop
 1493  000020c8  8fc10000	lw	r1,(r30)
 1494  000020cc  90220000	lbu	r2,(r1)
 1495  000020d0  2041ffd0	addi	r1,r2,#-48
 1496  000020d4  afc1fff0	sw	-16(r30),r1
 1497  000020d8  0800008c	j	L92_LF2
 1498  000020dc  54000000	nop; delay slot nop
 1499  000020e0          	L91_LF2:
 1500  000020e0  8fc10000	lw	r1,(r30)
 1501  000020e4  90220000	lbu	r2,(r1)
 1502  000020e8  6c410060	sgtui	r1,r2,#96
 1503  000020ec  10200030	beqz	r1,L93_LF2
 1504  000020f0  54000000	nop; delay slot nop
 1505  000020f4  8fc10000	lw	r1,(r30)
 1506  000020f8  90220000	lbu	r2,(r1)
 1507  000020fc  7041007a	sleui	r1,r2,#122
 1508  00002100  1020001c	beqz	r1,L93_LF2
 1509  00002104  54000000	nop; delay slot nop
 1510  00002108  8fc10000	lw	r1,(r30)
 1511  0000210c  90220000	lbu	r2,(r1)
 1512  00002110  2041ffa9	addi	r1,r2,#-87
 1513  00002114  afc1fff0	sw	-16(r30),r1
 1514  00002118  0800004c	j	L92_LF2
 1515  0000211c  54000000	nop; delay slot nop
 1516  00002120          	L93_LF2:
 1517  00002120  8fc10000	lw	r1,(r30)
 1518  00002124  90220000	lbu	r2,(r1)
 1519  00002128  6c410040	sgtui	r1,r2,#64
 1520  0000212c  10200030	beqz	r1,L95_LF2
 1521  00002130  54000000	nop; delay slot nop
 1522  00002134  8fc10000	lw	r1,(r30)
 1523  00002138  90220000	lbu	r2,(r1)
 1524  0000213c  7041005a	sleui	r1,r2,#90
 1525  00002140  1020001c	beqz	r1,L95_LF2
 1526  00002144  54000000	nop; delay slot nop
 1527  00002148  8fc10000	lw	r1,(r30)
 1528  0000214c  90220000	lbu	r2,(r1)
 1529  00002150  2041ffc9	addi	r1,r2,#-55
 1530  00002154  afc1fff0	sw	-16(r30),r1
 1531  00002158  0800000c	j	L92_LF2
 1532  0000215c  54000000	nop; delay slot nop
 1533  00002160          	L95_LF2:
 1534  00002160  200103e8	addi	r1,r0,#1000
 1535  00002164  afc1fff0	sw	-16(r30),r1
 1536  00002168          	L96_LF2:
 1537  00002168          	L94_LF2:
 1538  00002168          	L92_LF2:
 1539  00002168  8fc1fff0	lw	r1,-16(r30)
 1540  0000216c  8fc20008	lw	r2,8(r30)
 1541  00002170  0022082a	slt	r1,r1,r2
 1542  00002174  10200040	beqz	r1,L90_LF2
 1543  00002178  54000000	nop; delay slot nop
 1544  0000217c  8fc1fff4	lw	r1,-12(r30)
 1545  00002180  8fc20008	lw	r2,8(r30)
 1546  00002184  00200035	movi2fp	f0,r1
 1547  00002188  00400835	movi2fp	f1,r2
 1548  0000218c  0401000e	mult	f0,f0,f1
 1549  00002190  00000834	movfp2i	r1,f0
 1550  00002194  afc1fff4	sw	-12(r30),r1
 1551  00002198  8fc1fff4	lw	r1,-12(r30)
 1552  0000219c  8fc2fff0	lw	r2,-16(r30)
 1553  000021a0  00220820	add	r1,r1,r2
 1554  000021a4  afc1fff4	sw	-12(r30),r1
 1555  000021a8  8fc20000	lw	r2,(r30)
 1556  000021ac  20410001	addi	r1,r2,#1
 1557  000021b0  00011020	add	r2,r0,r1
 1558  000021b4  afc20000	sw	(r30),r2
 1559  000021b8          	L97_LF2:
 1560  000021b8          	L90_LF2:
 1561  000021b8  8fc1fff0	lw	r1,-16(r30)
 1562  000021bc  8fc20008	lw	r2,8(r30)
 1563  000021c0  0022082a	slt	r1,r1,r2
 1564  000021c4  1420000c	bnez	r1,L98_LF2
 1565  000021c8  54000000	nop; delay slot nop
 1566  000021cc  0800000c	j	L89_LF2
 1567  000021d0  54000000	nop; delay slot nop
 1568  000021d4          	L98_LF2:
 1569  000021d4  0bfffec8	j	L88_LF2
 1570  000021d8  54000000	nop; delay slot nop
 1571  000021dc          	L89_LF2:
 1572  000021dc  8fc10004	lw	r1,4(r30)
 1573  000021e0  64220000	snei	r2,r1,#0
 1574  000021e4  10400010	beqz	r2,L99_LF2
 1575  000021e8  54000000	nop; delay slot nop
 1576  000021ec  8fc10004	lw	r1,4(r30)
 1577  000021f0  8fc20000	lw	r2,(r30)
 1578  000021f4  ac220000	sw	(r1),r2
 1579  000021f8          	L99_LF2:
 1580  000021f8  8fc1fff4	lw	r1,-12(r30)
 1581  000021fc  8fc2ffec	lw	r2,-20(r30)
 1582  00002200  00200035	movi2fp	f0,r1
 1583  00002204  00400835	movi2fp	f1,r2
 1584  00002208  0401000e	mult	f0,f0,f1
 1585  0000220c  00000834	movfp2i	r1,f0
 1586  00002210  afc1fff4	sw	-12(r30),r1
 1587  00002214  8fc1fff4	lw	r1,-12(r30)
 1588  00002218  08000004	j	L72_LF2
 1589  0000221c  54000000	nop; delay slot nop
 1590  00002220          	L72_LF2:
 1591  00002220  8fa20000	lw	r2,0(r29)
 1592  00002224  8fdffff8	lw	r31,-8(r30)
 1593  00002228  001ee820	add	r29,r0,r30
 1594  0000222c  8fdefffc	lw	r30,-4(r30)
 1595  00002230  4be00000	jr	r31
 1596  00002234  54000000	nop
 1597  00002238          	.endproc _dstrtol
 1598  00002238          	.align 2
 1599  00002238          	.proc _bcopy
 1600  00002238          	.global _bcopy
 1601  00002238          	_bcopy:
 1602                      ;  Function 'bcopy'; 0 bytes of locals, 2 regs to save.
 1603  00002238  afbefffc	sw	-4(r29),r30; push fp
 1604  0000223c  001df020	add	r30,r0,r29; fp = sp
 1605  00002240  afbffff8	sw	-8(r29),r31; push ret addr
 1606  00002244  2fbd0010	subui	r29,r29,#16; alloc local storage
 1607  00002248  afa20000	sw	0(r29),r2
 1608  0000224c  afa30004	sw	4(r29),r3
 1609  00002250  54000000	nop
 1610  00002254          	L101_LF2:
 1611  00002254  8fc10008	lw	r1,8(r30)
 1612  00002258  2022ffff	addi	r2,r1,#-1
 1613  0000225c  afc20008	sw	8(r30),r2
 1614  00002260  6c210000	sgti	r1,r1,#0
 1615  00002264  1420000c	bnez	r1,L103_LF2
 1616  00002268  54000000	nop; delay slot nop
 1617  0000226c  0800002c	j	L102_LF2
 1618  00002270  54000000	nop; delay slot nop
 1619  00002274          	L103_LF2:
 1620  00002274  8fc10004	lw	r1,4(r30)
 1621  00002278  20220001	addi	r2,r1,#1
 1622  0000227c  afc20004	sw	4(r30),r2
 1623  00002280  8fc20000	lw	r2,(r30)
 1624  00002284  20430001	addi	r3,r2,#1
 1625  00002288  afc30000	sw	(r30),r3
 1626  0000228c  80420000	lb	r2,(r2)
 1627  00002290  a0220000	sb	(r1),r2
 1628  00002294  0bffffbc	j	L101_LF2
 1629  00002298  54000000	nop; delay slot nop
 1630  0000229c          	L102_LF2:
 1631  0000229c          	L100_LF2:
 1632  0000229c  8fa20000	lw	r2,0(r29)
 1633  000022a0  8fa30004	lw	r3,4(r29)
 1634  000022a4  8fdffff8	lw	r31,-8(r30)
 1635  000022a8  001ee820	add	r29,r0,r30
 1636  000022ac  8fdefffc	lw	r30,-4(r30)
 1637  000022b0  4be00000	jr	r31
 1638  000022b4  54000000	nop
 1639  000022b8          	.endproc _bcopy
 1640  000022b8          	.align 2
 1641  000022b8          	.proc _bzero
 1642  000022b8          	.global _bzero
 1643  000022b8          	_bzero:
 1644                      ;  Function 'bzero'; 0 bytes of locals, 1 regs to save.
 1645  000022b8  afbefffc	sw	-4(r29),r30; push fp
 1646  000022bc  001df020	add	r30,r0,r29; fp = sp
 1647  000022c0  afbffff8	sw	-8(r29),r31; push ret addr
 1648  000022c4  2fbd0010	subui	r29,r29,#16; alloc local storage
 1649  000022c8  afa20000	sw	0(r29),r2
 1650  000022cc  54000000	nop
 1651  000022d0          	L105_LF2:
 1652  000022d0  8fc10004	lw	r1,4(r30)
 1653  000022d4  2022ffff	addi	r2,r1,#-1
 1654  000022d8  afc20004	sw	4(r30),r2
 1655  000022dc  6c210000	sgti	r1,r1,#0
 1656  000022e0  1420000c	bnez	r1,L107_LF2
 1657  000022e4  54000000	nop; delay slot nop
 1658  000022e8  08000020	j	L106_LF2
 1659  000022ec  54000000	nop; delay slot nop
 1660  000022f0          	L107_LF2:
 1661  000022f0  8fc10000	lw	r1,(r30)
 1662  000022f4  20220001	addi	r2,r1,#1
 1663  000022f8  afc20000	sw	(r30),r2
 1664  000022fc  20020000	addi	r2,r0,(#0x0)&0xff
 1665  00002300  a0220000	sb	(r1),r2
 1666  00002304  0bffffc8	j	L105_LF2
 1667  00002308  54000000	nop; delay slot nop
 1668  0000230c          	L106_LF2:
 1669  0000230c          	L104_LF2:
 1670  0000230c  8fa20000	lw	r2,0(r29)
 1671  00002310  8fdffff8	lw	r31,-8(r30)
 1672  00002314  001ee820	add	r29,r0,r30
 1673  00002318  8fdefffc	lw	r30,-4(r30)
 1674  0000231c  4be00000	jr	r31
 1675  00002320  54000000	nop
 1676  00002324          	.endproc _bzero
 1677  00002324          	.align 2
 1678  00002324          	.proc _min
 1679  00002324          	.global _min
 1680  00002324          	_min:
 1681                      ;  Function 'min'; 0 bytes of locals, 2 regs to save.
 1682  00002324  afbefffc	sw	-4(r29),r30; push fp
 1683  00002328  001df020	add	r30,r0,r29; fp = sp
 1684  0000232c  afbffff8	sw	-8(r29),r31; push ret addr
 1685  00002330  2fbd0010	subui	r29,r29,#16; alloc local storage
 1686  00002334  afa20000	sw	0(r29),r2
 1687  00002338  afa30004	sw	4(r29),r3
 1688  0000233c  8fc10000	lw	r1,(r30)
 1689  00002340  8fc20004	lw	r2,4(r30)
 1690  00002344  0022182c	sle	r3,r1,r2
 1691  00002348  14600008	bnez	r3,L109_LF2
 1692  0000234c  54000000	nop; delay slot nop
 1693  00002350  8fc10004	lw	r1,4(r30)
 1694  00002354          	L109_LF2:
 1695  00002354  08000004	j	L108_LF2
 1696  00002358  54000000	nop; delay slot nop
 1697  0000235c          	L108_LF2:
 1698  0000235c  8fa20000	lw	r2,0(r29)
 1699  00002360  8fa30004	lw	r3,4(r29)
 1700  00002364  8fdffff8	lw	r31,-8(r30)
 1701  00002368  001ee820	add	r29,r0,r30
 1702  0000236c  8fdefffc	lw	r30,-4(r30)
 1703  00002370  4be00000	jr	r31
 1704  00002374  54000000	nop
 1705  00002378          	.endproc _min
 1706  00002378          	.align 2
 1707  00002378          	.proc _max
 1708  00002378          	.global _max
 1709  00002378          	_max:
 1710                      ;  Function 'max'; 0 bytes of locals, 2 regs to save.
 1711  00002378  afbefffc	sw	-4(r29),r30; push fp
 1712  0000237c  001df020	add	r30,r0,r29; fp = sp
 1713  00002380  afbffff8	sw	-8(r29),r31; push ret addr
 1714  00002384  2fbd0010	subui	r29,r29,#16; alloc local storage
 1715  00002388  afa20000	sw	0(r29),r2
 1716  0000238c  afa30004	sw	4(r29),r3
 1717  00002390  8fc10000	lw	r1,(r30)
 1718  00002394  8fc20004	lw	r2,4(r30)
 1719  00002398  0022182d	sge	r3,r1,r2
 1720  0000239c  14600008	bnez	r3,L111_LF2
 1721  000023a0  54000000	nop; delay slot nop
 1722  000023a4  8fc10004	lw	r1,4(r30)
 1723  000023a8          	L111_LF2:
 1724  000023a8  08000004	j	L110_LF2
 1725  000023ac  54000000	nop; delay slot nop
 1726  000023b0          	L110_LF2:
 1727  000023b0  8fa20000	lw	r2,0(r29)
 1728  000023b4  8fa30004	lw	r3,4(r29)
 1729  000023b8  8fdffff8	lw	r31,-8(r30)
 1730  000023bc  001ee820	add	r29,r0,r30
 1731  000023c0  8fdefffc	lw	r30,-4(r30)
 1732  000023c4  4be00000	jr	r31
 1733  000023c8  54000000	nop
 1734  000023cc          	.endproc _max
 1735                      ;;; Ethan L. Miller, 1999.  Released to the public domain
 1736                      ;;;
 1737                      ;;; Most of the traps are called in files from libtraps.
 1740  000023cc          	.align 2
 1741  000023cc          	.proc _exit
 1742  000023cc          	.global _exit
 1743  000023cc          	_exit:
 1744  000023cc  44000300	trap	#0x300
 1745  000023d0  4be00000	jr	r31
 1746  000023d4  54000000	nop
 1747  000023d8          	.endproc _exit
 1749                      ; for the benefit of gcc.
 1750  000023d8          	.proc ___main
 1751  000023d8          	.global ___main
 1752  000023d8          	___main:
 1753  000023d8  4be00000	jr	r31
 1754  000023dc  54000000	nop
 1755  000023e0          	.endproc ___main
 1756  000023e0          	.text
 1757  000023e0          	.global _etext
 1758  000023e0          	_etext:
 1759  000023e0          	.align 3
 1760  000023e0          	.data
 1761  000031ca          	.global _edata
 1762  000031ca          	_edata:
