 line   address	contents
    1                      ; Linked by DLX-LD.
    2                      ; MemSize 24576
    3                      ; Data size: 397
    4                      ; Text size: 5196
    5                      ; Stack size: 8192
    6  00000000          	.text 0x1000
    7  00001000          	.data 0x3000
    8                      ; Compiled by GCC
    9  00003000          	.text
   10  00001000          	.align 2
   11  00001000          	.proc _isspace
   12  00001000          	.global _isspace
   13  00001000          	_isspace:
   14                      ;  Function 'isspace'; 0 bytes of locals, 1 regs to save.
   15  00001000  afbefffc	sw	-4(r29),r30; push fp
   16  00001004  001df020	add	r30,r0,r29; fp = sp
   17  00001008  afbffff8	sw	-8(r29),r31; push ret addr
   18  0000100c  2fbd0010	subui	r29,r29,#16; alloc local storage
   19  00001010  afa20000	sw	0(r29),r2
   20  00001014  83c20003	lb	r2,3(r30)
   21  00001018  201f0000	addi	r31,r0,#0
   22  0000101c  304100ff	andi	r1,r2,#0x00ff
   23  00001020  60210020	seqi	r1,r1,#32
   24  00001024  14200018	bnez	r1,L6_LF0
   25  00001028  54000000	nop; not filled.
   26  0000102c  2041fff7	addi	r1,r2,#-9
   27  00001030  302100ff	andi	r1,r1,#0x00ff
   28  00001034  70210001	sleui	r1,r1,#1
   29  00001038  10200008	beqz	r1,L5_LF0
   30  0000103c  54000000	nop; not filled.
   31  00001040          	L6_LF0:
   32  00001040  201f0001	addi	r31,r0,#1
   33  00001044          	L5_LF0:
   34  00001044  001f0820	add	r1,r0,r31
   35  00001048  8fa20000	lw	r2,0(r29)
   36  0000104c  8fdffff8	lw	r31,-8(r30)
   37  00001050  001ee820	add	r29,r0,r30
   38  00001054  8fdefffc	lw	r30,-4(r30)
   39  00001058  4be00000	jr	r31
   40  0000105c  54000000	nop
   41  00001060          	.endproc _isspace
   42  00001060          	.align 2
   43  00001060          	.proc _isxdigit
   44  00001060          	.global _isxdigit
   45  00001060          	_isxdigit:
   46                      ;  Function 'isxdigit'; 0 bytes of locals, 1 regs to save.
   47  00001060  afbefffc	sw	-4(r29),r30; push fp
   48  00001064  001df020	add	r30,r0,r29; fp = sp
   49  00001068  afbffff8	sw	-8(r29),r31; push ret addr
   50  0000106c  2fbd0010	subui	r29,r29,#16; alloc local storage
   51  00001070  afa20000	sw	0(r29),r2
   52  00001074  83df0003	lb	r31,3(r30)
   53  00001078  20020000	addi	r2,r0,#0
   54  0000107c  23e1ffd0	addi	r1,r31,#-48
   55  00001080  302100ff	andi	r1,r1,#0x00ff
   56  00001084  70210009	sleui	r1,r1,#9
   57  00001088  14200028	bnez	r1,L12_LF0
   58  0000108c  54000000	nop; not filled.
   59  00001090  23e1ff9f	addi	r1,r31,#-97
   60  00001094  302100ff	andi	r1,r1,#0x00ff
   61  00001098  70210005	sleui	r1,r1,#5
   62  0000109c  14200014	bnez	r1,L12_LF0
   63  000010a0  54000000	nop; not filled.
   64  000010a4  33e100ff	andi	r1,r31,#0x00ff
   65  000010a8  64210041	snei	r1,r1,#65
   66  000010ac  14200008	bnez	r1,L11_LF0
   67  000010b0  54000000	nop; not filled.
   68  000010b4          	L12_LF0:
   69  000010b4  20020001	addi	r2,r0,#1
   70  000010b8          	L11_LF0:
   71  000010b8  00020820	add	r1,r0,r2
   72  000010bc  8fa20000	lw	r2,0(r29)
   73  000010c0  8fdffff8	lw	r31,-8(r30)
   74  000010c4  001ee820	add	r29,r0,r30
   75  000010c8  8fdefffc	lw	r30,-4(r30)
   76  000010cc  4be00000	jr	r31
   77  000010d0  54000000	nop
   78  000010d4          	.endproc _isxdigit
   79  000010d4          	.data
   80  00003000          	.align 2
   81  00003000          	LC0_LF0:
   82  00003000  48656c6c	.ascii "Hello World\000"
   82  00003004  6f20576f	
   82  00003008  726c6400	
   83  0000300c          	.align 2
   84  0000300c          	LC1_LF0:
   85  0000300c  676f7420	.ascii "got to producer\n\000"
   85  00003010  746f2070	
   85  00003014  726f6475	
   85  00003018  6365720a	
   85  0000301c  00      	
   86  0000301d          	.align 2
   87  00003020          	LC2_LF0:
   88  00003020  55736167	.ascii "Usage: \000"
   88  00003024  653a2000	
   89  00003028          	.align 2
   90  00003028          	LC3_LF0:
   91  00003028  203c6861	.ascii " <handle_to_shared_memory_page> <handle_to_page_mapped_semaphore>\n\000"
   91  0000302c  6e646c65	
   91  00003030  5f746f5f	
   91  00003034  73686172	
   91  00003038  65645f6d	
   91  0000303c  656d6f72	
   91  00003040  795f7061	
   91  00003044  67653e20	
   91  00003048  3c68616e	
   91  0000304c  646c655f	
   91  00003050  746f5f70	
   91  00003054  6167655f	
   91  00003058  6d617070	
   91  0000305c  65645f73	
   91  00003060  656d6170	
   91  00003064  686f7265	
   91  00003068  3e0a00  	
   92  0000306b          	.align 2
   93  0000306c          	LC4_LF0:
   94  0000306c  436f756c	.ascii "Could not map the virtual address to the memory in \000"
   94  00003070  64206e6f	
   94  00003074  74206d61	
   94  00003078  70207468	
   94  0000307c  65207669	
   94  00003080  72747561	
   94  00003084  6c206164	
   94  00003088  64726573	
   94  0000308c  7320746f	
   94  00003090  20746865	
   94  00003094  206d656d	
   94  00003098  6f727920	
   94  0000309c  696e2000	
   95  000030a0          	.align 2
   96  000030a0          	LC5_LF0:
   97  000030a0  2c206578	.ascii ", exiting...\n\000"
   97  000030a4  6974696e	
   97  000030a8  672e2e2e	
   97  000030ac  0a00    	
   98  000030ae          	.align 2
   99  000030b0          	LC6_LF0:
  100  000030b0  42616420	.ascii "Bad lock acquire (%d) in \000"
  100  000030b4  6c6f636b	
  100  000030b8  20616371	
  100  000030bc  75697265	
  100  000030c0  20282564	
  100  000030c4  2920696e	
  100  000030c8  2000    	
  101  000030ca          	.align 2
  102  000030cc          	LC7_LF0:
  103  000030cc  0a00    	.ascii "\n\000"
  104  000030ce          	.align 2
  105  000030d0          	LC8_LF0:
  106  000030d0  42616420	.ascii "Bad CV c_emptyslots (%d) in PID: %d \n\000"
  106  000030d4  43562063	
  106  000030d8  5f656d70	
  106  000030dc  7479736c	
  106  000030e0  6f747320	
  106  000030e4  28256429	
  106  000030e8  20696e20	
  106  000030ec  5049443a	
  106  000030f0  20256420	
  106  000030f4  0a00    	
  107  000030f6          	.align 2
  108  000030f8          	LC9_LF0:
  109  000030f8  50726f64	.ascii "Producer %d inserted: %c\n\000"
  109  000030fc  75636572	
  109  00003100  20256420	
  109  00003104  696e7365	
  109  00003108  72746564	
  109  0000310c  3a202563	
  109  00003110  0a00    	
  110  00003112          	.align 2
  111  00003114          	LC10_LF0:
  112  00003114  42616420	.ascii "Bad CV c_fullslots\n\000"
  112  00003118  43562063	
  112  0000311c  5f66756c	
  112  00003120  6c736c6f	
  112  00003124  74730a00	
  113  00003128          	.align 2
  114  00003128          	LC11_LF0:
  115  00003128  42616420	.ascii "Bad lock release (%d) in \000"
  115  0000312c  6c6f636b	
  115  00003130  2072656c	
  115  00003134  65617365	
  115  00003138  20282564	
  115  0000313c  2920696e	
  115  00003140  2000    	
  116  00003142          	.align 2
  117  00003144          	LC12_LF0:
  118  00003144  70726f64	.ascii "producer: PID %d is complete.\n\000"
  118  00003148  75636572	
  118  0000314c  3a205049	
  118  00003150  44202564	
  118  00003154  20697320	
  118  00003158  636f6d70	
  118  0000315c  6c657465	
  118  00003160  2e0a00  	
  119  00003163          	.align 2
  120  00003164          	LC13_LF0:
  121  00003164  42616420	.ascii "Bad semaphore s_procs_completed (%d) in \000"
  121  00003168  73656d61	
  121  0000316c  70686f72	
  121  00003170  6520735f	
  121  00003174  70726f63	
  121  00003178  735f636f	
  121  0000317c  6d706c65	
  121  00003180  74656420	
  121  00003184  28256429	
  121  00003188  20696e20	
  121  0000318c  00      	
  122  0000318d          	.text
  123  000010d4          	.align 2
  124  000010d4          	.proc _main
  125  000010d4          	.global _main
  126  000010d4          	_main:
  127                      ;  Function 'main'; 16 bytes of locals, 0 regs to save.
  128  000010d4  afbefffc	sw	-4(r29),r30; push fp
  129  000010d8  001df020	add	r30,r0,r29; fp = sp
  130  000010dc  afbffff8	sw	-8(r29),r31; push ret addr
  131  000010e0  2fbd0018	subui	r29,r29,#24; alloc local storage
  132  000010e4  8fc20000	lw	r2,(r30)
  133  000010e8  8fc90004	lw	r9,4(r30)
  134  000010ec  0c001354	jal	___main
  135  000010f0  54000000	nop; not filled.
  136  000010f4  3c010000	lhi	r1,((LC0_LF0)>>16)&0xffff
  137  000010f8  24213000	addui	r1,r1,(LC0_LF0)&0xffff
  138  000010fc  802d0000	lb	r13,(r1)
  139  00001100  a3cdffe8	sb	-24(r30),r13
  140  00001104  802d0001	lb	r13,1(r1)
  141  00001108  a3cdffe9	sb	-23(r30),r13
  142  0000110c  802d0002	lb	r13,2(r1)
  143  00001110  a3cdffea	sb	-22(r30),r13
  144  00001114  802d0003	lb	r13,3(r1)
  145  00001118  a3cdffeb	sb	-21(r30),r13
  146  0000111c  802d0004	lb	r13,4(r1)
  147  00001120  a3cdffec	sb	-20(r30),r13
  148  00001124  802d0005	lb	r13,5(r1)
  149  00001128  a3cdffed	sb	-19(r30),r13
  150  0000112c  802d0006	lb	r13,6(r1)
  151  00001130  a3cdffee	sb	-18(r30),r13
  152  00001134  802d0007	lb	r13,7(r1)
  153  00001138  a3cdffef	sb	-17(r30),r13
  154  0000113c  802d0008	lb	r13,8(r1)
  155  00001140  a3cdfff0	sb	-16(r30),r13
  156  00001144  802d0009	lb	r13,9(r1)
  157  00001148  a3cdfff1	sb	-15(r30),r13
  158  0000114c  802d000a	lb	r13,10(r1)
  159  00001150  a3cdfff2	sb	-14(r30),r13
  160  00001154  8021000b	lb	r1,11(r1)
  161  00001158  a3c1fff3	sb	-13(r30),r1
  162  0000115c  20070000	addi	r7,r0,#0
  163  00001160  23bdfff8	addi	r29,r29,#-8
  164  00001164  3c0d0000	lhi	r13,((LC1_LF0)>>16)&0xffff
  165  00001168  25ad300c	addui	r13,r13,(LC1_LF0)&0xffff
  166  0000116c  afad0000	sw	(r29),r13
  167  00001170  0c0004c8	jal	_Printf
  168  00001174  54000000	nop; not filled.
  169  00001178  23bd0008	addi	r29,r29,#8
  170  0000117c  64410006	snei	r1,r2,#6
  171  00001180  1020004c	beqz	r1,L14_LF0
  172  00001184  54000000	nop; not filled.
  173  00001188  23bdfff8	addi	r29,r29,#-8
  174  0000118c  3c0d0000	lhi	r13,((LC2_LF0)>>16)&0xffff
  175  00001190  25ad3020	addui	r13,r13,(LC2_LF0)&0xffff
  176  00001194  afad0000	sw	(r29),r13
  177  00001198  0c0004a0	jal	_Printf
  178  0000119c  54000000	nop; not filled.
  179  000011a0  8d2d0000	lw	r13,(r9)
  180  000011a4  afad0000	sw	(r29),r13
  181  000011a8  0c000490	jal	_Printf
  182  000011ac  54000000	nop; not filled.
  183  000011b0  3c0d0000	lhi	r13,((LC3_LF0)>>16)&0xffff
  184  000011b4  25ad3028	addui	r13,r13,(LC3_LF0)&0xffff
  185  000011b8  afad0000	sw	(r29),r13
  186  000011bc  0c00047c	jal	_Printf
  187  000011c0  54000000	nop; not filled.
  188  000011c4  0c000528	jal	_Exit
  189  000011c8  54000000	nop; not filled.
  190  000011cc  23bd0008	addi	r29,r29,#8
  191  000011d0          	L14_LF0:
  192  000011d0  23bdfff0	addi	r29,r29,#-16
  193  000011d4  8d2d0004	lw	r13,4(r9)
  194  000011d8  afad0000	sw	(r29),r13
  195  000011dc  200d0000	addi	r13,r0,#0
  196  000011e0  afad0004	sw	4(r29),r13
  197  000011e4  200d000a	addi	r13,r0,#10
  198  000011e8  afad0008	sw	8(r29),r13
  199  000011ec  0c000dac	jal	_dstrtol
  200  000011f0  54000000	nop; not filled.
  201  000011f4  00011020	add	r2,r0,r1
  202  000011f8  8d2d0008	lw	r13,8(r9)
  203  000011fc  afad0000	sw	(r29),r13
  204  00001200  200d0000	addi	r13,r0,#0
  205  00001204  afad0004	sw	4(r29),r13
  206  00001208  200d000a	addi	r13,r0,#10
  207  0000120c  afad0008	sw	8(r29),r13
  208  00001210  0c000d88	jal	_dstrtol
  209  00001214  54000000	nop; not filled.
  210  00001218  00016020	add	r12,r0,r1
  211  0000121c  8d2d000c	lw	r13,12(r9)
  212  00001220  afad0000	sw	(r29),r13
  213  00001224  200d0000	addi	r13,r0,#0
  214  00001228  afad0004	sw	4(r29),r13
  215  0000122c  200d000a	addi	r13,r0,#10
  216  00001230  afad0008	sw	8(r29),r13
  217  00001234  0c000d64	jal	_dstrtol
  218  00001238  54000000	nop; not filled.
  219  0000123c  00013020	add	r6,r0,r1
  220  00001240  8d2d0010	lw	r13,16(r9)
  221  00001244  afad0000	sw	(r29),r13
  222  00001248  200d0000	addi	r13,r0,#0
  223  0000124c  afad0004	sw	4(r29),r13
  224  00001250  200d000a	addi	r13,r0,#10
  225  00001254  afad0008	sw	8(r29),r13
  226  00001258  0c000d40	jal	_dstrtol
  227  0000125c  54000000	nop; not filled.
  228  00001260  00015820	add	r11,r0,r1
  229  00001264  8d2d0014	lw	r13,20(r9)
  230  00001268  afad0000	sw	(r29),r13
  231  0000126c  200d0000	addi	r13,r0,#0
  232  00001270  afad0004	sw	4(r29),r13
  233  00001274  200d000a	addi	r13,r0,#10
  234  00001278  afad0008	sw	8(r29),r13
  235  0000127c  0c000d1c	jal	_dstrtol
  236  00001280  54000000	nop; not filled.
  237  00001284  00014020	add	r8,r0,r1
  238  00001288  afa20000	sw	(r29),r2
  239  0000128c  0c0003dc	jal	_shmat
  240  00001290  54000000	nop; not filled.
  241  00001294  00012820	add	r5,r0,r1
  242  00001298  23bd0010	addi	r29,r29,#16
  243  0000129c  64a10000	snei	r1,r5,#0
  244  000012a0  1420004c	bnez	r1,L15_LF0
  245  000012a4  54000000	nop; not filled.
  246  000012a8  23bdfff8	addi	r29,r29,#-8
  247  000012ac  3c0d0000	lhi	r13,((LC4_LF0)>>16)&0xffff
  248  000012b0  25ad306c	addui	r13,r13,(LC4_LF0)&0xffff
  249  000012b4  afad0000	sw	(r29),r13
  250  000012b8  0c000380	jal	_Printf
  251  000012bc  54000000	nop; not filled.
  252  000012c0  8d2d0000	lw	r13,(r9)
  253  000012c4  afad0000	sw	(r29),r13
  254  000012c8  0c000370	jal	_Printf
  255  000012cc  54000000	nop; not filled.
  256  000012d0  3c0d0000	lhi	r13,((LC5_LF0)>>16)&0xffff
  257  000012d4  25ad30a0	addui	r13,r13,(LC5_LF0)&0xffff
  258  000012d8  afad0000	sw	(r29),r13
  259  000012dc  0c00035c	jal	_Printf
  260  000012e0  54000000	nop; not filled.
  261  000012e4  0c000408	jal	_Exit
  262  000012e8  54000000	nop; not filled.
  263  000012ec  23bd0008	addi	r29,r29,#8
  264  000012f0          	L15_LF0:
  265  000012f0  200a000b	addi	r10,r0,#11
  266  000012f4          	L18_LF0:
  267  000012f4  23bdfff8	addi	r29,r29,#-8
  268  000012f8  afa60000	sw	(r29),r6
  269  000012fc  0c0003a8	jal	_lock_acquire
  270  00001300  54000000	nop; not filled.
  271  00001304  23bd0008	addi	r29,r29,#8
  272  00001308  64210001	snei	r1,r1,#1
  273  0000130c  10200050	beqz	r1,L19_LF0
  274  00001310  54000000	nop; not filled.
  275  00001314  23bdfff8	addi	r29,r29,#-8
  276  00001318  3c0d0000	lhi	r13,((LC6_LF0)>>16)&0xffff
  277  0000131c  25ad30b0	addui	r13,r13,(LC6_LF0)&0xffff
  278  00001320  afad0000	sw	(r29),r13
  279  00001324  afa60004	sw	4(r29),r6
  280  00001328  0c000310	jal	_Printf
  281  0000132c  54000000	nop; not filled.
  282  00001330  8d2d0000	lw	r13,(r9)
  283  00001334  afad0000	sw	(r29),r13
  284  00001338  0c000300	jal	_Printf
  285  0000133c  54000000	nop; not filled.
  286  00001340  3c0d0000	lhi	r13,((LC7_LF0)>>16)&0xffff
  287  00001344  25ad30cc	addui	r13,r13,(LC7_LF0)&0xffff
  288  00001348  afad0000	sw	(r29),r13
  289  0000134c  0c0002ec	jal	_Printf
  290  00001350  54000000	nop; not filled.
  291  00001354  0c000398	jal	_Exit
  292  00001358  54000000	nop; not filled.
  293  0000135c  23bd0008	addi	r29,r29,#8
  294  00001360          	L19_LF0:
  295  00001360  8ca10010	lw	r1,16(r5)
  296  00001364  20230001	addi	r3,r1,#1
  297  00001368  00600035	movi2fp	f0,r3
  298  0000136c  01400835	movi2fp	f1,r10
  299  00001370  0401000f	div	f0,f0,f1
  300  00001374  00001034	movfp2i	r2,f0
  301  00001378  50410001	slli	r1,r2,#0x1
  302  0000137c  00220820	add	r1,r1,r2
  303  00001380  50210002	slli	r1,r1,#0x2
  304  00001384  00220822	sub	r1,r1,r2
  305  00001388  00611022	sub	r2,r3,r1
  306  0000138c  8ca1000c	lw	r1,12(r5)
  307  00001390  00410828	seq	r1,r2,r1
  308  00001394  10200098	beqz	r1,L21_LF0
  309  00001398  54000000	nop; not filled.
  310  0000139c  2004000b	addi	r4,r0,#11
  311  000013a0          	L22_LF0:
  312  000013a0  23bdfff8	addi	r29,r29,#-8
  313  000013a4  afa80000	sw	(r29),r8
  314  000013a8  0c000320	jal	_cond_wait
  315  000013ac  54000000	nop; not filled.
  316  000013b0  23bd0008	addi	r29,r29,#8
  317  000013b4  64210001	snei	r1,r1,#1
  318  000013b8  10200038	beqz	r1,L20_LF0
  319  000013bc  54000000	nop; not filled.
  320  000013c0  0c000284	jal	_getpid
  321  000013c4  54000000	nop; not filled.
  322  000013c8  23bdfff0	addi	r29,r29,#-16
  323  000013cc  3c0d0000	lhi	r13,((LC8_LF0)>>16)&0xffff
  324  000013d0  25ad30d0	addui	r13,r13,(LC8_LF0)&0xffff
  325  000013d4  afad0000	sw	(r29),r13
  326  000013d8  afa80004	sw	4(r29),r8
  327  000013dc  afa10008	sw	8(r29),r1
  328  000013e0  0c000258	jal	_Printf
  329  000013e4  54000000	nop; not filled.
  330  000013e8  0c000304	jal	_Exit
  331  000013ec  54000000	nop; not filled.
  332  000013f0  23bd0010	addi	r29,r29,#16
  333  000013f4          	L20_LF0:
  334  000013f4  8ca10010	lw	r1,16(r5)
  335  000013f8  20230001	addi	r3,r1,#1
  336  000013fc  00600035	movi2fp	f0,r3
  337  00001400  00800835	movi2fp	f1,r4
  338  00001404  0401000f	div	f0,f0,f1
  339  00001408  00001034	movfp2i	r2,f0
  340  0000140c  50410001	slli	r1,r2,#0x1
  341  00001410  00220820	add	r1,r1,r2
  342  00001414  50210002	slli	r1,r1,#0x2
  343  00001418  00220822	sub	r1,r1,r2
  344  0000141c  00611022	sub	r2,r3,r1
  345  00001420  8ca1000c	lw	r1,12(r5)
  346  00001424  00410828	seq	r1,r2,r1
  347  00001428  1420ff74	bnez	r1,L22_LF0
  348  0000142c  54000000	nop; not filled.
  349  00001430          	L21_LF0:
  350  00001430  8ca10010	lw	r1,16(r5)
  351  00001434  00a11020	add	r2,r5,r1
  352  00001438  23c1ffe8	addi	r1,r30,#-24
  353  0000143c  00272020	add	r4,r1,r7
  354  00001440  808d0000	lb	r13,(r4)
  355  00001444  a04d0000	sb	(r2),r13
  356  00001448  8ca10010	lw	r1,16(r5)
  357  0000144c  20230001	addi	r3,r1,#1
  358  00001450  00600035	movi2fp	f0,r3
  359  00001454  01400835	movi2fp	f1,r10
  360  00001458  0401000f	div	f0,f0,f1
  361  0000145c  00001034	movfp2i	r2,f0
  362  00001460  50410001	slli	r1,r2,#0x1
  363  00001464  00220820	add	r1,r1,r2
  364  00001468  50210002	slli	r1,r1,#0x2
  365  0000146c  00220822	sub	r1,r1,r2
  366  00001470  00610822	sub	r1,r3,r1
  367  00001474  aca10010	sw	16(r5),r1
  368  00001478  0c0001cc	jal	_getpid
  369  0000147c  54000000	nop; not filled.
  370  00001480  23bdfff0	addi	r29,r29,#-16
  371  00001484  3c0d0000	lhi	r13,((LC9_LF0)>>16)&0xffff
  372  00001488  25ad30f8	addui	r13,r13,(LC9_LF0)&0xffff
  373  0000148c  afad0000	sw	(r29),r13
  374  00001490  afa10004	sw	4(r29),r1
  375  00001494  90810000	lbu	r1,(r4)
  376  00001498  afa10008	sw	8(r29),r1
  377  0000149c  0c00019c	jal	_Printf
  378  000014a0  54000000	nop; not filled.
  379  000014a4  20e70001	addi	r7,r7,#1
  380  000014a8  afab0000	sw	(r29),r11
  381  000014ac  0c000228	jal	_cond_signal
  382  000014b0  54000000	nop; not filled.
  383  000014b4  23bd0010	addi	r29,r29,#16
  384  000014b8  64210001	snei	r1,r1,#1
  385  000014bc  10200028	beqz	r1,L25_LF0
  386  000014c0  54000000	nop; not filled.
  387  000014c4  23bdfff8	addi	r29,r29,#-8
  388  000014c8  3c0d0000	lhi	r13,((LC10_LF0)>>16)&0xffff
  389  000014cc  25ad3114	addui	r13,r13,(LC10_LF0)&0xffff
  390  000014d0  afad0000	sw	(r29),r13
  391  000014d4  0c000164	jal	_Printf
  392  000014d8  54000000	nop; not filled.
  393  000014dc  0c000210	jal	_Exit
  394  000014e0  54000000	nop; not filled.
  395  000014e4  23bd0008	addi	r29,r29,#8
  396  000014e8          	L25_LF0:
  397  000014e8  23bdfff8	addi	r29,r29,#-8
  398  000014ec  afa60000	sw	(r29),r6
  399  000014f0  0c0001c0	jal	_lock_release
  400  000014f4  54000000	nop; not filled.
  401  000014f8  23bd0008	addi	r29,r29,#8
  402  000014fc  64210001	snei	r1,r1,#1
  403  00001500  10200050	beqz	r1,L16_LF0
  404  00001504  54000000	nop; not filled.
  405  00001508  23bdfff8	addi	r29,r29,#-8
  406  0000150c  3c0d0000	lhi	r13,((LC11_LF0)>>16)&0xffff
  407  00001510  25ad3128	addui	r13,r13,(LC11_LF0)&0xffff
  408  00001514  afad0000	sw	(r29),r13
  409  00001518  afa60004	sw	4(r29),r6
  410  0000151c  0c00011c	jal	_Printf
  411  00001520  54000000	nop; not filled.
  412  00001524  8d2d0000	lw	r13,(r9)
  413  00001528  afad0000	sw	(r29),r13
  414  0000152c  0c00010c	jal	_Printf
  415  00001530  54000000	nop; not filled.
  416  00001534  3c0d0000	lhi	r13,((LC7_LF0)>>16)&0xffff
  417  00001538  25ad30cc	addui	r13,r13,(LC7_LF0)&0xffff
  418  0000153c  afad0000	sw	(r29),r13
  419  00001540  0c0000f8	jal	_Printf
  420  00001544  54000000	nop; not filled.
  421  00001548  0c0001a4	jal	_Exit
  422  0000154c  54000000	nop; not filled.
  423  00001550  23bd0008	addi	r29,r29,#8
  424  00001554          	L16_LF0:
  425  00001554  70e1000a	slei	r1,r7,#10
  426  00001558  1420fd98	bnez	r1,L18_LF0
  427  0000155c  54000000	nop; not filled.
  428  00001560  0c0000e4	jal	_getpid
  429  00001564  54000000	nop; not filled.
  430  00001568  23bdfff8	addi	r29,r29,#-8
  431  0000156c  3c0d0000	lhi	r13,((LC12_LF0)>>16)&0xffff
  432  00001570  25ad3144	addui	r13,r13,(LC12_LF0)&0xffff
  433  00001574  afad0000	sw	(r29),r13
  434  00001578  afa10004	sw	4(r29),r1
  435  0000157c  0c0000bc	jal	_Printf
  436  00001580  54000000	nop; not filled.
  437  00001584  afac0000	sw	(r29),r12
  438  00001588  0c000104	jal	_sem_signal
  439  0000158c  54000000	nop; not filled.
  440  00001590  23bd0008	addi	r29,r29,#8
  441  00001594  64210001	snei	r1,r1,#1
  442  00001598  10200050	beqz	r1,L28_LF0
  443  0000159c  54000000	nop; not filled.
  444  000015a0  23bdfff8	addi	r29,r29,#-8
  445  000015a4  3c0d0000	lhi	r13,((LC13_LF0)>>16)&0xffff
  446  000015a8  25ad3164	addui	r13,r13,(LC13_LF0)&0xffff
  447  000015ac  afad0000	sw	(r29),r13
  448  000015b0  afac0004	sw	4(r29),r12
  449  000015b4  0c000084	jal	_Printf
  450  000015b8  54000000	nop; not filled.
  451  000015bc  8d290000	lw	r9,(r9)
  452  000015c0  afa90000	sw	(r29),r9
  453  000015c4  0c000074	jal	_Printf
  454  000015c8  54000000	nop; not filled.
  455  000015cc  3c0d0000	lhi	r13,((LC5_LF0)>>16)&0xffff
  456  000015d0  25ad30a0	addui	r13,r13,(LC5_LF0)&0xffff
  457  000015d4  afad0000	sw	(r29),r13
  458  000015d8  0c000060	jal	_Printf
  459  000015dc  54000000	nop; not filled.
  460  000015e0  0c00010c	jal	_Exit
  461  000015e4  54000000	nop; not filled.
  462  000015e8  23bd0008	addi	r29,r29,#8
  463  000015ec          	L28_LF0:
  464  000015ec  0c000e48	jal	_exit
  465  000015f0  54000000	nop
  466  000015f4          	.endproc _main
  467                      ;;;
  468                      ;;; Stub functions for DLX traps.
  469                      ;;;
  470                      ;;; Ethan L. Miller, 1999.  Released to the public domain.
  471                      ;;;
  472                      ;;; The traps such as Open and Close
  473                      ;;; (note the capital letters) are for use by user programs.  The traps
  474                      ;;; with names such as open and close (lower case) are for use by the OS.
  475                      ;;;
  478  000015f4          	.align 2
  480                      ;;; The following are the traps to be used by user-level programs
  481                      ;;;
  483  000015f4          	.align 2
  484  000015f4          	.proc _Open
  485  000015f4          	.global _Open
  486  000015f4          	_Open:
  487                      ;;; Note that trap #0x213 actually causes a trap vector in the OS of
  488                      ;;; 0x1213.  The same is true for other user traps.  Thus, a user trap
  489                      ;;; with trap #0x240 will result in a trap vector of 0x1240 in the OS.
  490  000015f4  44000213	trap	#0x213
  491  000015f8  4be00000	jr	r31
  492  000015fc  54000000	nop
  493  00001600          	.endproc _Open
  495  00001600          	.proc _Close
  496  00001600          	.global _Close
  497  00001600          	_Close:
  498  00001600  44000214	trap	#0x214
  499  00001604  4be00000	jr	r31
  500  00001608  54000000	nop
  501  0000160c          	.endproc _Close
  503  0000160c          	.proc _Read
  504  0000160c          	.global _Read
  505  0000160c          	_Read:
  506  0000160c  44000210	trap	#0x210
  507  00001610  4be00000	jr	r31
  508  00001614  54000000	nop
  509  00001618          	.endproc _Read
  511  00001618          	.proc _Write
  512  00001618          	.global _Write
  513  00001618          	_Write:
  514  00001618  44000211	trap	#0x211
  515  0000161c  4be00000	jr	r31
  516  00001620  54000000	nop
  517  00001624          	.endproc _Write
  519  00001624          	.proc _Lseek
  520  00001624          	.global _Lseek
  521  00001624          	_Lseek:
  522  00001624  44000212	trap	#0x212
  523  00001628  4be00000	jr	r31
  524  0000162c  54000000	nop
  525  00001630          	.endproc _Lseek
  527  00001630          	.proc _Putchar
  528  00001630          	.global _Putchar
  529  00001630          	_Putchar:
  530  00001630  44000280	trap	#0x280
  531  00001634  4be00000	jr	r31
  532  00001638  54000000	nop
  533  0000163c          	.endproc _Putchar
  535  0000163c          	.proc _Printf
  536  0000163c          	.global _Printf
  537  0000163c          	_Printf:
  538  0000163c  44000201	trap	#0x201
  539  00001640  4be00000	jr	r31
  540  00001644  54000000	nop
  541  00001648          	.endproc _Printf
  543  00001648          	.proc _getpid
  544  00001648          	.global _getpid
  545  00001648          	_getpid:
  546  00001648  44000431	trap	#0x431
  547  0000164c  4be00000	jr	r31
  548  00001650  54000000	nop
  549  00001654          	.endproc _getpid
  551  00001654          	.proc _process_create
  552  00001654          	.global _process_create
  553  00001654          	_process_create:
  554  00001654  44000432	trap	#0x432
  555  00001658  4be00000	jr	r31
  556  0000165c  54000000	nop
  557  00001660          	.endproc _process_create
  559  00001660          	.proc _shmget
  560  00001660          	.global _shmget
  561  00001660          	_shmget:
  562  00001660  44000440	trap	#0x440
  563  00001664  4be00000	jr	r31
  564  00001668  54000000	nop
  565  0000166c          	.endproc _shmget
  567  0000166c          	.proc _shmat
  568  0000166c          	.global _shmat
  569  0000166c          	_shmat:
  570  0000166c  44000441	trap	#0x441
  571  00001670  4be00000	jr	r31
  572  00001674  54000000	nop
  573  00001678          	.endproc _shmat
  575  00001678          	.proc _sem_create
  576  00001678          	.global _sem_create
  577  00001678          	_sem_create:
  578  00001678  44000450	trap	#0x450
  579  0000167c  4be00000	jr	r31
  580  00001680  54000000	nop
  581  00001684          	.endproc _sem_create
  583  00001684          	.proc _sem_wait
  584  00001684          	.global _sem_wait
  585  00001684          	_sem_wait:
  586  00001684  44000451	trap	#0x451
  587  00001688  4be00000	jr	r31
  588  0000168c  54000000	nop
  589  00001690          	.endproc _sem_wait
  591  00001690          	.proc _sem_signal
  592  00001690          	.global _sem_signal
  593  00001690          	_sem_signal:
  594  00001690  44000452	trap	#0x452
  595  00001694  4be00000	jr	r31
  596  00001698  54000000	nop
  597  0000169c          	.endproc _sem_signal
  599  0000169c          	.proc _lock_create
  600  0000169c          	.global _lock_create
  601  0000169c          	_lock_create:
  602  0000169c  44000453	trap	#0x453
  603  000016a0  4be00000	jr	r31
  604  000016a4  54000000	nop
  605  000016a8          	.endproc _lock_create
  607  000016a8          	.proc _lock_acquire
  608  000016a8          	.global _lock_acquire
  609  000016a8          	_lock_acquire:
  610  000016a8  44000454	trap	#0x454
  611  000016ac  4be00000	jr	r31
  612  000016b0  54000000	nop
  613  000016b4          	.endproc _lock_acquire
  615  000016b4          	.proc _lock_release
  616  000016b4          	.global _lock_release
  617  000016b4          	_lock_release:
  618  000016b4  44000455	trap	#0x455
  619  000016b8  4be00000	jr	r31
  620  000016bc  54000000	nop
  621  000016c0          	.endproc _lock_release
  623  000016c0          	.proc _cond_create
  624  000016c0          	.global _cond_create
  625  000016c0          	_cond_create:
  626  000016c0  44000456	trap	#0x456
  627  000016c4  4be00000	jr	r31
  628  000016c8  54000000	nop
  629  000016cc          	.endproc _cond_create
  631  000016cc          	.proc _cond_wait
  632  000016cc          	.global _cond_wait
  633  000016cc          	_cond_wait:
  634  000016cc  44000457	trap	#0x457
  635  000016d0  4be00000	jr	r31
  636  000016d4  54000000	nop
  637  000016d8          	.endproc _cond_wait
  639  000016d8          	.proc _cond_signal
  640  000016d8          	.global _cond_signal
  641  000016d8          	_cond_signal:
  642  000016d8  44000458	trap	#0x458
  643  000016dc  4be00000	jr	r31
  644  000016e0  54000000	nop
  645  000016e4          	.endproc _cond_signal
  647  000016e4          	.proc _cond_broadcast
  648  000016e4          	.global _cond_broadcast
  649  000016e4          	_cond_broadcast:
  650  000016e4  44000455	trap	#0x455
  651  000016e8  4be00000	jr	r31
  652  000016ec  54000000	nop
  653  000016f0          	.endproc _cond_broadcast
  655  000016f0          	.proc _Exit
  656  000016f0          	.global _Exit
  657  000016f0          	_Exit:
  658  000016f0  44000500	trap	#0x500
  659  000016f4  4be00000	jr	r31
  660  000016f8  54000000	nop
  661  000016fc          	.endproc _Exit
  662                      ; Compiled by GCC
  664  000016fc          	.align 2
  665  000016fc          	.proc _isspace
  666  000016fc          	.global _isspace
  667  000016fc          	_isspace:
  668                      ;  Function 'isspace'; 0 bytes of locals, 3 regs to save.
  669  000016fc  afbefffc	sw	-4(r29),r30; push fp
  670  00001700  001df020	add	r30,r0,r29; fp = sp
  671  00001704  afbffff8	sw	-8(r29),r31; push ret addr
  672  00001708  2fbd0018	subui	r29,r29,#24; alloc local storage
  673  0000170c  afa20000	sw	0(r29),r2
  674  00001710  afa30004	sw	4(r29),r3
  675  00001714  afa40008	sw	8(r29),r4
  676  00001718  83c20003	lb	r2,3(r30)
  677  0000171c  20010000	addi	r1,r0,#0
  678  00001720  304300ff	andi	r3,r2,#0x00ff
  679  00001724  60640020	seqi	r4,r3,#32
  680  00001728  1480002c	bnez	r4,L3_LF2
  681  0000172c  54000000	nop; delay slot nop
  682  00001730  304300ff	andi	r3,r2,#0x00ff
  683  00001734  60640009	seqi	r4,r3,#9
  684  00001738  1480001c	bnez	r4,L3_LF2
  685  0000173c  54000000	nop; delay slot nop
  686  00001740  304300ff	andi	r3,r2,#0x00ff
  687  00001744  6064000a	seqi	r4,r3,#10
  688  00001748  1480000c	bnez	r4,L3_LF2
  689  0000174c  54000000	nop; delay slot nop
  690  00001750  08000008	j	L2_LF2
  691  00001754  54000000	nop; delay slot nop
  692  00001758          	L3_LF2:
  693  00001758  20010001	addi	r1,r0,#1
  694  0000175c          	L2_LF2:
  695  0000175c  08000004	j	L1_LF2
  696  00001760  54000000	nop; delay slot nop
  697  00001764          	L1_LF2:
  698  00001764  8fa20000	lw	r2,0(r29)
  699  00001768  8fa30004	lw	r3,4(r29)
  700  0000176c  8fa40008	lw	r4,8(r29)
  701  00001770  8fdffff8	lw	r31,-8(r30)
  702  00001774  001ee820	add	r29,r0,r30
  703  00001778  8fdefffc	lw	r30,-4(r30)
  704  0000177c  4be00000	jr	r31
  705  00001780  54000000	nop
  706  00001784          	.endproc _isspace
  707  00001784          	.align 2
  708  00001784          	.proc _isxdigit
  709  00001784          	.global _isxdigit
  710  00001784          	_isxdigit:
  711                      ;  Function 'isxdigit'; 0 bytes of locals, 3 regs to save.
  712  00001784  afbefffc	sw	-4(r29),r30; push fp
  713  00001788  001df020	add	r30,r0,r29; fp = sp
  714  0000178c  afbffff8	sw	-8(r29),r31; push ret addr
  715  00001790  2fbd0018	subui	r29,r29,#24; alloc local storage
  716  00001794  afa20000	sw	0(r29),r2
  717  00001798  afa30004	sw	4(r29),r3
  718  0000179c  afa40008	sw	8(r29),r4
  719  000017a0  83c20003	lb	r2,3(r30)
  720  000017a4  20010000	addi	r1,r0,#0
  721  000017a8  304300ff	andi	r3,r2,#0x00ff
  722  000017ac  6c64002f	sgtui	r4,r3,#47
  723  000017b0  1080001c	beqz	r4,L7_LF2
  724  000017b4  54000000	nop; delay slot nop
  725  000017b8  304300ff	andi	r3,r2,#0x00ff
  726  000017bc  70640039	sleui	r4,r3,#57
  727  000017c0  1480005c	bnez	r4,L6_LF2
  728  000017c4  54000000	nop; delay slot nop
  729  000017c8  08000004	j	L7_LF2
  730  000017cc  54000000	nop; delay slot nop
  731  000017d0          	L7_LF2:
  732  000017d0  304300ff	andi	r3,r2,#0x00ff
  733  000017d4  6c640060	sgtui	r4,r3,#96
  734  000017d8  1080001c	beqz	r4,L8_LF2
  735  000017dc  54000000	nop; delay slot nop
  736  000017e0  304300ff	andi	r3,r2,#0x00ff
  737  000017e4  70640066	sleui	r4,r3,#102
  738  000017e8  14800034	bnez	r4,L6_LF2
  739  000017ec  54000000	nop; delay slot nop
  740  000017f0  08000004	j	L8_LF2
  741  000017f4  54000000	nop; delay slot nop
  742  000017f8          	L8_LF2:
  743  000017f8  304300ff	andi	r3,r2,#0x00ff
  744  000017fc  6c640040	sgtui	r4,r3,#64
  745  00001800  10800020	beqz	r4,L5_LF2
  746  00001804  54000000	nop; delay slot nop
  747  00001808  304300ff	andi	r3,r2,#0x00ff
  748  0000180c  70640041	sleui	r4,r3,#65
  749  00001810  1480000c	bnez	r4,L6_LF2
  750  00001814  54000000	nop; delay slot nop
  751  00001818  08000008	j	L5_LF2
  752  0000181c  54000000	nop; delay slot nop
  753  00001820          	L6_LF2:
  754  00001820  20010001	addi	r1,r0,#1
  755  00001824          	L5_LF2:
  756  00001824  08000004	j	L4_LF2
  757  00001828  54000000	nop; delay slot nop
  758  0000182c          	L4_LF2:
  759  0000182c  8fa20000	lw	r2,0(r29)
  760  00001830  8fa30004	lw	r3,4(r29)
  761  00001834  8fa40008	lw	r4,8(r29)
  762  00001838  8fdffff8	lw	r31,-8(r30)
  763  0000183c  001ee820	add	r29,r0,r30
  764  00001840  8fdefffc	lw	r30,-4(r30)
  765  00001844  4be00000	jr	r31
  766  00001848  54000000	nop
  767  0000184c          	.endproc _isxdigit
  768  0000184c          	.align 2
  769  0000184c          	.proc _dstrcpy
  770  0000184c          	.global _dstrcpy
  771  0000184c          	_dstrcpy:
  772                      ;  Function 'dstrcpy'; 8 bytes of locals, 2 regs to save.
  773  0000184c  afbefffc	sw	-4(r29),r30; push fp
  774  00001850  001df020	add	r30,r0,r29; fp = sp
  775  00001854  afbffff8	sw	-8(r29),r31; push ret addr
  776  00001858  2fbd0018	subui	r29,r29,#24; alloc local storage
  777  0000185c  afa20000	sw	0(r29),r2
  778  00001860  afa30004	sw	4(r29),r3
  779  00001864  8fc10000	lw	r1,(r30)
  780  00001868  afc1fff4	sw	-12(r30),r1
  781  0000186c          	L10_LF2:
  782  0000186c  8fc10000	lw	r1,(r30)
  783  00001870  20220001	addi	r2,r1,#1
  784  00001874  afc20000	sw	(r30),r2
  785  00001878  8fc20004	lw	r2,4(r30)
  786  0000187c  20430001	addi	r3,r2,#1
  787  00001880  afc30004	sw	4(r30),r3
  788  00001884  80420000	lb	r2,(r2)
  789  00001888  a0220000	sb	(r1),r2
  790  0000188c  a3c2fff3	sb	-13(r30),r2
  791  00001890          	L12_LF2:
  792  00001890  93c1fff3	lbu	r1,-13(r30)
  793  00001894  64220000	snei	r2,r1,#0
  794  00001898  1440000c	bnez	r2,L13_LF2
  795  0000189c  54000000	nop; delay slot nop
  796  000018a0  0800000c	j	L11_LF2
  797  000018a4  54000000	nop; delay slot nop
  798  000018a8          	L13_LF2:
  799  000018a8  0bffffc0	j	L10_LF2
  800  000018ac  54000000	nop; delay slot nop
  801  000018b0          	L11_LF2:
  802  000018b0  8fc1fff4	lw	r1,-12(r30)
  803  000018b4  08000004	j	L9_LF2
  804  000018b8  54000000	nop; delay slot nop
  805  000018bc          	L9_LF2:
  806  000018bc  8fa20000	lw	r2,0(r29)
  807  000018c0  8fa30004	lw	r3,4(r29)
  808  000018c4  8fdffff8	lw	r31,-8(r30)
  809  000018c8  001ee820	add	r29,r0,r30
  810  000018cc  8fdefffc	lw	r30,-4(r30)
  811  000018d0  4be00000	jr	r31
  812  000018d4  54000000	nop
  813  000018d8          	.endproc _dstrcpy
  814  000018d8          	.align 2
  815  000018d8          	.proc _dstrncpy
  816  000018d8          	.global _dstrncpy
  817  000018d8          	_dstrncpy:
  818                      ;  Function 'dstrncpy'; 8 bytes of locals, 2 regs to save.
  819  000018d8  afbefffc	sw	-4(r29),r30; push fp
  820  000018dc  001df020	add	r30,r0,r29; fp = sp
  821  000018e0  afbffff8	sw	-8(r29),r31; push ret addr
  822  000018e4  2fbd0018	subui	r29,r29,#24; alloc local storage
  823  000018e8  afa20000	sw	0(r29),r2
  824  000018ec  afa30004	sw	4(r29),r3
  825  000018f0  8fc10000	lw	r1,(r30)
  826  000018f4  afc1fff4	sw	-12(r30),r1
  827  000018f8          	L15_LF2:
  828  000018f8  8fc10008	lw	r1,8(r30)
  829  000018fc  2022ffff	addi	r2,r1,#-1
  830  00001900  afc20008	sw	8(r30),r2
  831  00001904  70210000	slei	r1,r1,#0
  832  00001908  1020000c	beqz	r1,L18_LF2
  833  0000190c  54000000	nop; delay slot nop
  834  00001910  08000048	j	L16_LF2
  835  00001914  54000000	nop; delay slot nop
  836  00001918          	L18_LF2:
  837  00001918  8fc10000	lw	r1,(r30)
  838  0000191c  20220001	addi	r2,r1,#1
  839  00001920  afc20000	sw	(r30),r2
  840  00001924  8fc20004	lw	r2,4(r30)
  841  00001928  20430001	addi	r3,r2,#1
  842  0000192c  afc30004	sw	4(r30),r3
  843  00001930  80420000	lb	r2,(r2)
  844  00001934  a0220000	sb	(r1),r2
  845  00001938  a3c2fff3	sb	-13(r30),r2
  846  0000193c          	L17_LF2:
  847  0000193c  93c1fff3	lbu	r1,-13(r30)
  848  00001940  64220000	snei	r2,r1,#0
  849  00001944  1440000c	bnez	r2,L19_LF2
  850  00001948  54000000	nop; delay slot nop
  851  0000194c  0800000c	j	L16_LF2
  852  00001950  54000000	nop; delay slot nop
  853  00001954          	L19_LF2:
  854  00001954  0bffffa0	j	L15_LF2
  855  00001958  54000000	nop; delay slot nop
  856  0000195c          	L16_LF2:
  857  0000195c  8fc1fff4	lw	r1,-12(r30)
  858  00001960  08000004	j	L14_LF2
  859  00001964  54000000	nop; delay slot nop
  860  00001968          	L14_LF2:
  861  00001968  8fa20000	lw	r2,0(r29)
  862  0000196c  8fa30004	lw	r3,4(r29)
  863  00001970  8fdffff8	lw	r31,-8(r30)
  864  00001974  001ee820	add	r29,r0,r30
  865  00001978  8fdefffc	lw	r30,-4(r30)
  866  0000197c  4be00000	jr	r31
  867  00001980  54000000	nop
  868  00001984          	.endproc _dstrncpy
  869  00001984          	.align 2
  870  00001984          	.proc _dstrcat
  871  00001984          	.global _dstrcat
  872  00001984          	_dstrcat:
  873                      ;  Function 'dstrcat'; 8 bytes of locals, 1 regs to save.
  874  00001984  afbefffc	sw	-4(r29),r30; push fp
  875  00001988  001df020	add	r30,r0,r29; fp = sp
  876  0000198c  afbffff8	sw	-8(r29),r31; push ret addr
  877  00001990  2fbd0018	subui	r29,r29,#24; alloc local storage
  878  00001994  afa20000	sw	0(r29),r2
  879  00001998  8fc10000	lw	r1,(r30)
  880  0000199c  afc1fff4	sw	-12(r30),r1
  881  000019a0          	L21_LF2:
  882  000019a0  8fc10000	lw	r1,(r30)
  883  000019a4  90220000	lbu	r2,(r1)
  884  000019a8  64410000	snei	r1,r2,#0
  885  000019ac  1420000c	bnez	r1,L23_LF2
  886  000019b0  54000000	nop; delay slot nop
  887  000019b4  0800001c	j	L22_LF2
  888  000019b8  54000000	nop; delay slot nop
  889  000019bc          	L23_LF2:
  890  000019bc  8fc20000	lw	r2,(r30)
  891  000019c0  20410001	addi	r1,r2,#1
  892  000019c4  00011020	add	r2,r0,r1
  893  000019c8  afc20000	sw	(r30),r2
  894  000019cc  0bffffd0	j	L21_LF2
  895  000019d0  54000000	nop; delay slot nop
  896  000019d4          	L22_LF2:
  897  000019d4  23bdfff8	addi	r29,r29,#-8
  898  000019d8  001d0820	add	r1,r0,r29
  899  000019dc  8fc20000	lw	r2,(r30)
  900  000019e0  ac220000	sw	(r1),r2
  901  000019e4  8fc20004	lw	r2,4(r30)
  902  000019e8  ac220004	sw	4(r1),r2
  903  000019ec  0ffffe5c	jal	_dstrcpy
  904  000019f0  54000000	nop; delay slot nop
  905  000019f4  23bd0008	addi	r29,r29,#8
  906  000019f8  8fc1fff4	lw	r1,-12(r30)
  907  000019fc  08000004	j	L20_LF2
  908  00001a00  54000000	nop; delay slot nop
  909  00001a04          	L20_LF2:
  910  00001a04  8fa20000	lw	r2,0(r29)
  911  00001a08  8fdffff8	lw	r31,-8(r30)
  912  00001a0c  001ee820	add	r29,r0,r30
  913  00001a10  8fdefffc	lw	r30,-4(r30)
  914  00001a14  4be00000	jr	r31
  915  00001a18  54000000	nop
  916  00001a1c          	.endproc _dstrcat
  917  00001a1c          	.align 2
  918  00001a1c          	.proc _dstrncmp
  919  00001a1c          	.global _dstrncmp
  920  00001a1c          	_dstrncmp:
  921                      ;  Function 'dstrncmp'; 8 bytes of locals, 2 regs to save.
  922  00001a1c  afbefffc	sw	-4(r29),r30; push fp
  923  00001a20  001df020	add	r30,r0,r29; fp = sp
  924  00001a24  afbffff8	sw	-8(r29),r31; push ret addr
  925  00001a28  2fbd0018	subui	r29,r29,#24; alloc local storage
  926  00001a2c  afa20000	sw	0(r29),r2
  927  00001a30  afa30004	sw	4(r29),r3
  928  00001a34  54000000	nop
  929  00001a38  20010000	addi	r1,r0,#0
  930  00001a3c  afc1fff4	sw	-12(r30),r1
  931  00001a40          	L25_LF2:
  932  00001a40  8fc1fff4	lw	r1,-12(r30)
  933  00001a44  8fc20008	lw	r2,8(r30)
  934  00001a48  0022082a	slt	r1,r1,r2
  935  00001a4c  1420000c	bnez	r1,L28_LF2
  936  00001a50  54000000	nop; delay slot nop
  937  00001a54  08000088	j	L26_LF2
  938  00001a58  54000000	nop; delay slot nop
  939  00001a5c          	L28_LF2:
  940  00001a5c  8fc10004	lw	r1,4(r30)
  941  00001a60  90220000	lbu	r2,(r1)
  942  00001a64  64410000	snei	r1,r2,#0
  943  00001a68  14200018	bnez	r1,L29_LF2
  944  00001a6c  54000000	nop; delay slot nop
  945  00001a70  20010000	addi	r1,r0,#0
  946  00001a74  080000d8	j	L24_LF2
  947  00001a78  54000000	nop; delay slot nop
  948  00001a7c  08000028	j	L30_LF2
  949  00001a80  54000000	nop; delay slot nop
  950  00001a84          	L29_LF2:
  951  00001a84  8fc10000	lw	r1,(r30)
  952  00001a88  8fc20004	lw	r2,4(r30)
  953  00001a8c  90210000	lbu	r1,(r1)
  954  00001a90  90420000	lbu	r2,(r2)
  955  00001a94  00220829	sne	r1,r1,r2
  956  00001a98  1020000c	beqz	r1,L30_LF2
  957  00001a9c  54000000	nop; delay slot nop
  958  00001aa0  0800003c	j	L26_LF2
  959  00001aa4  54000000	nop; delay slot nop
  960  00001aa8          	L31_LF2:
  961  00001aa8          	L30_LF2:
  962  00001aa8  8fc20000	lw	r2,(r30)
  963  00001aac  20410001	addi	r1,r2,#1
  964  00001ab0  00011020	add	r2,r0,r1
  965  00001ab4  afc20000	sw	(r30),r2
  966  00001ab8  8fc20004	lw	r2,4(r30)
  967  00001abc  20410001	addi	r1,r2,#1
  968  00001ac0  00011020	add	r2,r0,r1
  969  00001ac4  afc20004	sw	4(r30),r2
  970  00001ac8          	L27_LF2:
  971  00001ac8  8fc2fff4	lw	r2,-12(r30)
  972  00001acc  20410001	addi	r1,r2,#1
  973  00001ad0  00011020	add	r2,r0,r1
  974  00001ad4  afc2fff4	sw	-12(r30),r2
  975  00001ad8  0bffff64	j	L25_LF2
  976  00001adc  54000000	nop; delay slot nop
  977  00001ae0          	L26_LF2:
  978  00001ae0  8fc1fff4	lw	r1,-12(r30)
  979  00001ae4  8fc20008	lw	r2,8(r30)
  980  00001ae8  00220828	seq	r1,r1,r2
  981  00001aec  10200018	beqz	r1,L32_LF2
  982  00001af0  54000000	nop; delay slot nop
  983  00001af4  20010000	addi	r1,r0,#0
  984  00001af8  08000054	j	L24_LF2
  985  00001afc  54000000	nop; delay slot nop
  986  00001b00  0800004c	j	L33_LF2
  987  00001b04  54000000	nop; delay slot nop
  988  00001b08          	L32_LF2:
  989  00001b08  8fc20000	lw	r2,(r30)
  990  00001b0c  90410000	lbu	r1,(r2)
  991  00001b10  8fc20004	lw	r2,4(r30)
  992  00001b14  90430000	lbu	r3,(r2)
  993  00001b18  00230822	sub	r1,r1,r3
  994  00001b1c  74220000	sgei	r2,r1,#0
  995  00001b20  10400020	beqz	r2,L34_LF2
  996  00001b24  54000000	nop; delay slot nop
  997  00001b28  8fc10000	lw	r1,(r30)
  998  00001b2c  8fc20004	lw	r2,4(r30)
  999  00001b30  90210000	lbu	r1,(r1)
 1000  00001b34  90420000	lbu	r2,(r2)
 1001  00001b38  00220829	sne	r1,r1,r2
 1002  00001b3c  08000008	j	L35_LF2
 1003  00001b40  54000000	nop; delay slot nop
 1004  00001b44          	L34_LF2:
 1005  00001b44  2001ffff	addi	r1,r0,#-1
 1006  00001b48          	L35_LF2:
 1007  00001b48  08000004	j	L24_LF2
 1008  00001b4c  54000000	nop; delay slot nop
 1009  00001b50          	L33_LF2:
 1010  00001b50          	L24_LF2:
 1011  00001b50  8fa20000	lw	r2,0(r29)
 1012  00001b54  8fa30004	lw	r3,4(r29)
 1013  00001b58  8fdffff8	lw	r31,-8(r30)
 1014  00001b5c  001ee820	add	r29,r0,r30
 1015  00001b60  8fdefffc	lw	r30,-4(r30)
 1016  00001b64  4be00000	jr	r31
 1017  00001b68  54000000	nop
 1018  00001b6c          	.endproc _dstrncmp
 1019  00001b6c          	.align 2
 1020  00001b6c          	.proc _dstrlen
 1021  00001b6c          	.global _dstrlen
 1022  00001b6c          	_dstrlen:
 1023                      ;  Function 'dstrlen'; 8 bytes of locals, 1 regs to save.
 1024  00001b6c  afbefffc	sw	-4(r29),r30; push fp
 1025  00001b70  001df020	add	r30,r0,r29; fp = sp
 1026  00001b74  afbffff8	sw	-8(r29),r31; push ret addr
 1027  00001b78  2fbd0018	subui	r29,r29,#24; alloc local storage
 1028  00001b7c  afa20000	sw	0(r29),r2
 1029  00001b80  20010000	addi	r1,r0,#0
 1030  00001b84  afc1fff4	sw	-12(r30),r1
 1031  00001b88          	L37_LF2:
 1032  00001b88  8fc10000	lw	r1,(r30)
 1033  00001b8c  20220001	addi	r2,r1,#1
 1034  00001b90  afc20000	sw	(r30),r2
 1035  00001b94  90210000	lbu	r1,(r1)
 1036  00001b98  64220000	snei	r2,r1,#0
 1037  00001b9c  1440000c	bnez	r2,L39_LF2
 1038  00001ba0  54000000	nop; delay slot nop
 1039  00001ba4  0800001c	j	L38_LF2
 1040  00001ba8  54000000	nop; delay slot nop
 1041  00001bac          	L39_LF2:
 1042  00001bac  8fc2fff4	lw	r2,-12(r30)
 1043  00001bb0  20410001	addi	r1,r2,#1
 1044  00001bb4  00011020	add	r2,r0,r1
 1045  00001bb8  afc2fff4	sw	-12(r30),r2
 1046  00001bbc  0bffffc8	j	L37_LF2
 1047  00001bc0  54000000	nop; delay slot nop
 1048  00001bc4          	L38_LF2:
 1049  00001bc4  8fc1fff4	lw	r1,-12(r30)
 1050  00001bc8  08000004	j	L36_LF2
 1051  00001bcc  54000000	nop; delay slot nop
 1052  00001bd0          	L36_LF2:
 1053  00001bd0  8fa20000	lw	r2,0(r29)
 1054  00001bd4  8fdffff8	lw	r31,-8(r30)
 1055  00001bd8  001ee820	add	r29,r0,r30
 1056  00001bdc  8fdefffc	lw	r30,-4(r30)
 1057  00001be0  4be00000	jr	r31
 1058  00001be4  54000000	nop
 1059  00001be8          	.endproc _dstrlen
 1060  00001be8          	.align 2
 1061  00001be8          	.proc _dstrstr
 1062  00001be8          	.global _dstrstr
 1063  00001be8          	_dstrstr:
 1064                      ;  Function 'dstrstr'; 8 bytes of locals, 1 regs to save.
 1065  00001be8  afbefffc	sw	-4(r29),r30; push fp
 1066  00001bec  001df020	add	r30,r0,r29; fp = sp
 1067  00001bf0  afbffff8	sw	-8(r29),r31; push ret addr
 1068  00001bf4  2fbd0018	subui	r29,r29,#24; alloc local storage
 1069  00001bf8  afa20000	sw	0(r29),r2
 1070  00001bfc  23bdfff8	addi	r29,r29,#-8
 1071  00001c00  001d0820	add	r1,r0,r29
 1072  00001c04  8fc20004	lw	r2,4(r30)
 1073  00001c08  ac220000	sw	(r1),r2
 1074  00001c0c  0fffff5c	jal	_dstrlen
 1075  00001c10  54000000	nop; delay slot nop
 1076  00001c14  23bd0008	addi	r29,r29,#8
 1077  00001c18  afc1fff4	sw	-12(r30),r1
 1078  00001c1c          	L41_LF2:
 1079  00001c1c  8fc10000	lw	r1,(r30)
 1080  00001c20  90220000	lbu	r2,(r1)
 1081  00001c24  64410000	snei	r1,r2,#0
 1082  00001c28  1420000c	bnez	r1,L43_LF2
 1083  00001c2c  54000000	nop; delay slot nop
 1084  00001c30  08000060	j	L42_LF2
 1085  00001c34  54000000	nop; delay slot nop
 1086  00001c38          	L43_LF2:
 1087  00001c38  23bdfff0	addi	r29,r29,#-16
 1088  00001c3c  001d0820	add	r1,r0,r29
 1089  00001c40  8fc20000	lw	r2,(r30)
 1090  00001c44  ac220000	sw	(r1),r2
 1091  00001c48  8fc20004	lw	r2,4(r30)
 1092  00001c4c  ac220004	sw	4(r1),r2
 1093  00001c50  8fc2fff4	lw	r2,-12(r30)
 1094  00001c54  ac220008	sw	8(r1),r2
 1095  00001c58  0ffffdc0	jal	_dstrncmp
 1096  00001c5c  54000000	nop; delay slot nop
 1097  00001c60  23bd0010	addi	r29,r29,#16
 1098  00001c64  64220000	snei	r2,r1,#0
 1099  00001c68  14400010	bnez	r2,L44_LF2
 1100  00001c6c  54000000	nop; delay slot nop
 1101  00001c70  8fc10000	lw	r1,(r30)
 1102  00001c74  08000028	j	L40_LF2
 1103  00001c78  54000000	nop; delay slot nop
 1104  00001c7c          	L44_LF2:
 1105  00001c7c  8fc20000	lw	r2,(r30)
 1106  00001c80  20410001	addi	r1,r2,#1
 1107  00001c84  00011020	add	r2,r0,r1
 1108  00001c88  afc20000	sw	(r30),r2
 1109  00001c8c  0bffff8c	j	L41_LF2
 1110  00001c90  54000000	nop; delay slot nop
 1111  00001c94          	L42_LF2:
 1112  00001c94  20010000	addi	r1,r0,#0
 1113  00001c98  08000004	j	L40_LF2
 1114  00001c9c  54000000	nop; delay slot nop
 1115  00001ca0          	L40_LF2:
 1116  00001ca0  8fa20000	lw	r2,0(r29)
 1117  00001ca4  8fdffff8	lw	r31,-8(r30)
 1118  00001ca8  001ee820	add	r29,r0,r30
 1119  00001cac  8fdefffc	lw	r30,-4(r30)
 1120  00001cb0  4be00000	jr	r31
 1121  00001cb4  54000000	nop
 1122  00001cb8          	.endproc _dstrstr
 1123  00001cb8          	.align 2
 1124  00001cb8          	.proc _dmindex
 1125  00001cb8          	.global _dmindex
 1126  00001cb8          	_dmindex:
 1127                      ;  Function 'dmindex'; 8 bytes of locals, 1 regs to save.
 1128  00001cb8  afbefffc	sw	-4(r29),r30; push fp
 1129  00001cbc  001df020	add	r30,r0,r29; fp = sp
 1130  00001cc0  afbffff8	sw	-8(r29),r31; push ret addr
 1131  00001cc4  2fbd0018	subui	r29,r29,#24; alloc local storage
 1132  00001cc8  afa20000	sw	0(r29),r2
 1133  00001ccc  54000000	nop
 1134  00001cd0          	L46_LF2:
 1135  00001cd0  8fc10000	lw	r1,(r30)
 1136  00001cd4  90220000	lbu	r2,(r1)
 1137  00001cd8  64410000	snei	r1,r2,#0
 1138  00001cdc  1420000c	bnez	r1,L48_LF2
 1139  00001ce0  54000000	nop; delay slot nop
 1140  00001ce4  08000070	j	L47_LF2
 1141  00001ce8  54000000	nop; delay slot nop
 1142  00001cec          	L48_LF2:
 1143  00001cec  8fc10004	lw	r1,4(r30)
 1144  00001cf0  afc1fff4	sw	-12(r30),r1
 1145  00001cf4          	L49_LF2:
 1146  00001cf4  8fc1fff4	lw	r1,-12(r30)
 1147  00001cf8  90220000	lbu	r2,(r1)
 1148  00001cfc  64410000	snei	r1,r2,#0
 1149  00001d00  1420000c	bnez	r1,L52_LF2
 1150  00001d04  54000000	nop; delay slot nop
 1151  00001d08  08000044	j	L50_LF2
 1152  00001d0c  54000000	nop; delay slot nop
 1153  00001d10          	L52_LF2:
 1154  00001d10  8fc10000	lw	r1,(r30)
 1155  00001d14  8fc2fff4	lw	r2,-12(r30)
 1156  00001d18  90210000	lbu	r1,(r1)
 1157  00001d1c  90420000	lbu	r2,(r2)
 1158  00001d20  00220828	seq	r1,r1,r2
 1159  00001d24  10200010	beqz	r1,L51_LF2
 1160  00001d28  54000000	nop; delay slot nop
 1161  00001d2c  8fc10000	lw	r1,(r30)
 1162  00001d30  08000030	j	L45_LF2
 1163  00001d34  54000000	nop; delay slot nop
 1164  00001d38          	L53_LF2:
 1165  00001d38          	L51_LF2:
 1166  00001d38  8fc2fff4	lw	r2,-12(r30)
 1167  00001d3c  20410001	addi	r1,r2,#1
 1168  00001d40  00011020	add	r2,r0,r1
 1169  00001d44  afc2fff4	sw	-12(r30),r2
 1170  00001d48  0bffffa8	j	L49_LF2
 1171  00001d4c  54000000	nop; delay slot nop
 1172  00001d50          	L50_LF2:
 1173  00001d50  0bffff7c	j	L46_LF2
 1174  00001d54  54000000	nop; delay slot nop
 1175  00001d58          	L47_LF2:
 1176  00001d58  20010000	addi	r1,r0,#0
 1177  00001d5c  08000004	j	L45_LF2
 1178  00001d60  54000000	nop; delay slot nop
 1179  00001d64          	L45_LF2:
 1180  00001d64  8fa20000	lw	r2,0(r29)
 1181  00001d68  8fdffff8	lw	r31,-8(r30)
 1182  00001d6c  001ee820	add	r29,r0,r30
 1183  00001d70  8fdefffc	lw	r30,-4(r30)
 1184  00001d74  4be00000	jr	r31
 1185  00001d78  54000000	nop
 1186  00001d7c          	.endproc _dmindex
 1187  00001d7c          	.align 2
 1188  00001d7c          	.proc _dindex
 1189  00001d7c          	.global _dindex
 1190  00001d7c          	_dindex:
 1191                      ;  Function 'dindex'; 0 bytes of locals, 1 regs to save.
 1192  00001d7c  afbefffc	sw	-4(r29),r30; push fp
 1193  00001d80  001df020	add	r30,r0,r29; fp = sp
 1194  00001d84  afbffff8	sw	-8(r29),r31; push ret addr
 1195  00001d88  2fbd0010	subui	r29,r29,#16; alloc local storage
 1196  00001d8c  afa20000	sw	0(r29),r2
 1197  00001d90  54000000	nop
 1198  00001d94          	L55_LF2:
 1199  00001d94  8fc10000	lw	r1,(r30)
 1200  00001d98  90220000	lbu	r2,(r1)
 1201  00001d9c  64410000	snei	r1,r2,#0
 1202  00001da0  1420000c	bnez	r1,L57_LF2
 1203  00001da4  54000000	nop; delay slot nop
 1204  00001da8  08000040	j	L56_LF2
 1205  00001dac  54000000	nop; delay slot nop
 1206  00001db0          	L57_LF2:
 1207  00001db0  8fc10000	lw	r1,(r30)
 1208  00001db4  90220000	lbu	r2,(r1)
 1209  00001db8  8fc10004	lw	r1,4(r30)
 1210  00001dbc  00411028	seq	r2,r2,r1
 1211  00001dc0  10400010	beqz	r2,L58_LF2
 1212  00001dc4  54000000	nop; delay slot nop
 1213  00001dc8  8fc10000	lw	r1,(r30)
 1214  00001dcc  08000028	j	L54_LF2
 1215  00001dd0  54000000	nop; delay slot nop
 1216  00001dd4          	L58_LF2:
 1217  00001dd4  8fc20000	lw	r2,(r30)
 1218  00001dd8  20410001	addi	r1,r2,#1
 1219  00001ddc  00011020	add	r2,r0,r1
 1220  00001de0  afc20000	sw	(r30),r2
 1221  00001de4  0bffffac	j	L55_LF2
 1222  00001de8  54000000	nop; delay slot nop
 1223  00001dec          	L56_LF2:
 1224  00001dec  20010000	addi	r1,r0,#0
 1225  00001df0  08000004	j	L54_LF2
 1226  00001df4  54000000	nop; delay slot nop
 1227  00001df8          	L54_LF2:
 1228  00001df8  8fa20000	lw	r2,0(r29)
 1229  00001dfc  8fdffff8	lw	r31,-8(r30)
 1230  00001e00  001ee820	add	r29,r0,r30
 1231  00001e04  8fdefffc	lw	r30,-4(r30)
 1232  00001e08  4be00000	jr	r31
 1233  00001e0c  54000000	nop
 1234  00001e10          	.endproc _dindex
 1235  00001e10          	.align 2
 1236  00001e10          	.proc _ditoa
 1237  00001e10          	.global _ditoa
 1238  00001e10          	_ditoa:
 1239                      ;  Function 'ditoa'; 8 bytes of locals, 2 regs to save.
 1240  00001e10  afbefffc	sw	-4(r29),r30; push fp
 1241  00001e14  001df020	add	r30,r0,r29; fp = sp
 1242  00001e18  afbffff8	sw	-8(r29),r31; push ret addr
 1243  00001e1c  2fbd0018	subui	r29,r29,#24; alloc local storage
 1244  00001e20  afa20000	sw	0(r29),r2
 1245  00001e24  afa30004	sw	4(r29),r3
 1246  00001e28  8fc10000	lw	r1,(r30)
 1247  00001e2c  68220000	slti	r2,r1,#0
 1248  00001e30  1040002c	beqz	r2,L60_LF2
 1249  00001e34  54000000	nop; delay slot nop
 1250  00001e38  8fc10004	lw	r1,4(r30)
 1251  00001e3c  20220001	addi	r2,r1,#1
 1252  00001e40  afc20004	sw	4(r30),r2
 1253  00001e44  2002002d	addi	r2,r0,(#0x2d)&0xff
 1254  00001e48  a0220000	sb	(r1),r2
 1255  00001e4c  8fc10000	lw	r1,(r30)
 1256  00001e50  00011022	sub	r2,r0,r1
 1257  00001e54  afc20000	sw	(r30),r2
 1258  00001e58  08000118	j	L61_LF2
 1259  00001e5c  54000000	nop; delay slot nop
 1260  00001e60          	L60_LF2:
 1261  00001e60  8fc10000	lw	r1,(r30)
 1262  00001e64  64220000	snei	r2,r1,#0
 1263  00001e68  14400020	bnez	r2,L62_LF2
 1264  00001e6c  54000000	nop; delay slot nop
 1265  00001e70  8fc10004	lw	r1,4(r30)
 1266  00001e74  20220001	addi	r2,r1,#1
 1267  00001e78  afc20004	sw	4(r30),r2
 1268  00001e7c  20020030	addi	r2,r0,(#0x30)&0xff
 1269  00001e80  a0220000	sb	(r1),r2
 1270  00001e84  080000ec	j	L61_LF2
 1271  00001e88  54000000	nop; delay slot nop
 1272  00001e8c          	L62_LF2:
 1273  00001e8c  20010001	addi	r1,r0,#1
 1274  00001e90  afc1fff4	sw	-12(r30),r1
 1275  00001e94          	L64_LF2:
 1276  00001e94  8fc1fff4	lw	r1,-12(r30)
 1277  00001e98  8fc20000	lw	r2,(r30)
 1278  00001e9c  0022082c	sle	r1,r1,r2
 1279  00001ea0  1420000c	bnez	r1,L66_LF2
 1280  00001ea4  54000000	nop; delay slot nop
 1281  00001ea8  08000024	j	L65_LF2
 1282  00001eac  54000000	nop; delay slot nop
 1283  00001eb0          	L67_LF2:
 1284  00001eb0          	L66_LF2:
 1285  00001eb0  8fc1fff4	lw	r1,-12(r30)
 1286  00001eb4  00011820	add	r3,r0,r1
 1287  00001eb8  50620002	slli	r2,r3,#0x2
 1288  00001ebc  00411020	add	r2,r2,r1
 1289  00001ec0  50410001	slli	r1,r2,#0x1
 1290  00001ec4  afc1fff4	sw	-12(r30),r1
 1291  00001ec8  0bffffc8	j	L64_LF2
 1292  00001ecc  54000000	nop; delay slot nop
 1293  00001ed0          	L65_LF2:
 1294  00001ed0  54000000	nop
 1295  00001ed4          	L68_LF2:
 1296  00001ed4  8fc1fff4	lw	r1,-12(r30)
 1297  00001ed8  2002000a	addi	r2,r0,#10
 1298  00001edc  00200035	movi2fp	f0,r1
 1299  00001ee0  00400835	movi2fp	f1,r2
 1300  00001ee4  0401000f	div	f0,f0,f1
 1301  00001ee8  00000834	movfp2i	r1,f0
 1302  00001eec  afc1fff4	sw	-12(r30),r1
 1303  00001ef0  8fc10004	lw	r1,4(r30)
 1304  00001ef4  20220001	addi	r2,r1,#1
 1305  00001ef8  afc20004	sw	4(r30),r2
 1306  00001efc  8fc20000	lw	r2,(r30)
 1307  00001f00  8fc3fff4	lw	r3,-12(r30)
 1308  00001f04  00400035	movi2fp	f0,r2
 1309  00001f08  00600835	movi2fp	f1,r3
 1310  00001f0c  0401000f	div	f0,f0,f1
 1311  00001f10  00001034	movfp2i	r2,f0
 1312  00001f14  00021820	add	r3,r0,r2
 1313  00001f18  20620030	addi	r2,r3,#48
 1314  00001f1c  a0220000	sb	(r1),r2
 1315  00001f20  8fc10000	lw	r1,(r30)
 1316  00001f24  8fc3fff4	lw	r3,-12(r30)
 1317  00001f28  00200035	movi2fp	f0,r1
 1318  00001f2c  00600835	movi2fp	f1,r3
 1319  00001f30  0401000f	div	f0,f0,f1
 1320  00001f34  00001034	movfp2i	r2,f0
 1321  00001f38  8fc3fff4	lw	r3,-12(r30)
 1322  00001f3c  00400035	movi2fp	f0,r2
 1323  00001f40  00600835	movi2fp	f1,r3
 1324  00001f44  0401000e	mult	f0,f0,f1
 1325  00001f48  00001034	movfp2i	r2,f0
 1326  00001f4c  00220822	sub	r1,r1,r2
 1327  00001f50  afc10000	sw	(r30),r1
 1328  00001f54          	L70_LF2:
 1329  00001f54  8fc1fff4	lw	r1,-12(r30)
 1330  00001f58  6c220001	sgti	r2,r1,#1
 1331  00001f5c  1440000c	bnez	r2,L71_LF2
 1332  00001f60  54000000	nop; delay slot nop
 1333  00001f64  0800000c	j	L61_LF2
 1334  00001f68  54000000	nop; delay slot nop
 1335  00001f6c          	L71_LF2:
 1336  00001f6c  0bffff64	j	L68_LF2
 1337  00001f70  54000000	nop; delay slot nop
 1338  00001f74          	L69_LF2:
 1339  00001f74          	L63_LF2:
 1340  00001f74          	L61_LF2:
 1341  00001f74  8fc10004	lw	r1,4(r30)
 1342  00001f78  20020000	addi	r2,r0,(#0x0)&0xff
 1343  00001f7c  a0220000	sb	(r1),r2
 1344  00001f80          	L59_LF2:
 1345  00001f80  8fa20000	lw	r2,0(r29)
 1346  00001f84  8fa30004	lw	r3,4(r29)
 1347  00001f88  8fdffff8	lw	r31,-8(r30)
 1348  00001f8c  001ee820	add	r29,r0,r30
 1349  00001f90  8fdefffc	lw	r30,-4(r30)
 1350  00001f94  4be00000	jr	r31
 1351  00001f98  54000000	nop
 1352  00001f9c          	.endproc _ditoa
 1353  00001f9c          	.align 2
 1354  00001f9c          	.proc _dstrtol
 1355  00001f9c          	.global _dstrtol
 1356  00001f9c          	_dstrtol:
 1357                      ;  Function 'dstrtol'; 16 bytes of locals, 1 regs to save.
 1358  00001f9c  afbefffc	sw	-4(r29),r30; push fp
 1359  00001fa0  001df020	add	r30,r0,r29; fp = sp
 1360  00001fa4  afbffff8	sw	-8(r29),r31; push ret addr
 1361  00001fa8  2fbd0020	subui	r29,r29,#32; alloc local storage
 1362  00001fac  afa20000	sw	0(r29),r2
 1363  00001fb0  20010000	addi	r1,r0,#0
 1364  00001fb4  afc1fff4	sw	-12(r30),r1
 1365  00001fb8          	L73_LF2:
 1366  00001fb8  8fc10000	lw	r1,(r30)
 1367  00001fbc  90220000	lbu	r2,(r1)
 1368  00001fc0  60410020	seqi	r1,r2,#32
 1369  00001fc4  14200034	bnez	r1,L75_LF2
 1370  00001fc8  54000000	nop; delay slot nop
 1371  00001fcc  8fc10000	lw	r1,(r30)
 1372  00001fd0  90220000	lbu	r2,(r1)
 1373  00001fd4  60410009	seqi	r1,r2,#9
 1374  00001fd8  14200020	bnez	r1,L75_LF2
 1375  00001fdc  54000000	nop; delay slot nop
 1376  00001fe0  8fc10000	lw	r1,(r30)
 1377  00001fe4  90220000	lbu	r2,(r1)
 1378  00001fe8  6041000a	seqi	r1,r2,#10
 1379  00001fec  1420000c	bnez	r1,L75_LF2
 1380  00001ff0  54000000	nop; delay slot nop
 1381  00001ff4  0800001c	j	L74_LF2
 1382  00001ff8  54000000	nop; delay slot nop
 1383  00001ffc          	L75_LF2:
 1384  00001ffc  8fc20000	lw	r2,(r30)
 1385  00002000  20410001	addi	r1,r2,#1
 1386  00002004  00011020	add	r2,r0,r1
 1387  00002008  afc20000	sw	(r30),r2
 1388  0000200c  0bffffa8	j	L73_LF2
 1389  00002010  54000000	nop; delay slot nop
 1390  00002014          	L74_LF2:
 1391  00002014  8fc10004	lw	r1,4(r30)
 1392  00002018  64220000	snei	r2,r1,#0
 1393  0000201c  10400010	beqz	r2,L76_LF2
 1394  00002020  54000000	nop; delay slot nop
 1395  00002024  8fc10004	lw	r1,4(r30)
 1396  00002028  8fc20000	lw	r2,(r30)
 1397  0000202c  ac220000	sw	(r1),r2
 1398  00002030          	L76_LF2:
 1399  00002030  8fc10000	lw	r1,(r30)
 1400  00002034  90220000	lbu	r2,(r1)
 1401  00002038  64410000	snei	r1,r2,#0
 1402  0000203c  14200010	bnez	r1,L77_LF2
 1403  00002040  54000000	nop; delay slot nop
 1404  00002044  8fc1fff4	lw	r1,-12(r30)
 1405  00002048  08000294	j	L72_LF2
 1406  0000204c  54000000	nop; delay slot nop
 1407  00002050          	L77_LF2:
 1408  00002050  8fc10000	lw	r1,(r30)
 1409  00002054  90220000	lbu	r2,(r1)
 1410  00002058  6041002d	seqi	r1,r2,#45
 1411  0000205c  10200024	beqz	r1,L78_LF2
 1412  00002060  54000000	nop; delay slot nop
 1413  00002064  2001ffff	addi	r1,r0,#-1
 1414  00002068  afc1ffec	sw	-20(r30),r1
 1415  0000206c  8fc20000	lw	r2,(r30)
 1416  00002070  20410001	addi	r1,r2,#1
 1417  00002074  00011020	add	r2,r0,r1
 1418  00002078  afc20000	sw	(r30),r2
 1419  0000207c  0800000c	j	L79_LF2
 1420  00002080  54000000	nop; delay slot nop
 1421  00002084          	L78_LF2:
 1422  00002084  20010001	addi	r1,r0,#1
 1423  00002088  afc1ffec	sw	-20(r30),r1
 1424  0000208c          	L79_LF2:
 1425  0000208c  8fc10008	lw	r1,8(r30)
 1426  00002090  64220000	snei	r2,r1,#0
 1427  00002094  14400090	bnez	r2,L80_LF2
 1428  00002098  54000000	nop; delay slot nop
 1429  0000209c  8fc10000	lw	r1,(r30)
 1430  000020a0  90220000	lbu	r2,(r1)
 1431  000020a4  60410030	seqi	r1,r2,#48
 1432  000020a8  10200074	beqz	r1,L81_LF2
 1433  000020ac  54000000	nop; delay slot nop
 1434  000020b0  8fc20000	lw	r2,(r30)
 1435  000020b4  20410001	addi	r1,r2,#1
 1436  000020b8  00011020	add	r2,r0,r1
 1437  000020bc  afc20000	sw	(r30),r2
 1438  000020c0  8fc10000	lw	r1,(r30)
 1439  000020c4  90220000	lbu	r2,(r1)
 1440  000020c8  60410078	seqi	r1,r2,#120
 1441  000020cc  14200020	bnez	r1,L83_LF2
 1442  000020d0  54000000	nop; delay slot nop
 1443  000020d4  8fc10000	lw	r1,(r30)
 1444  000020d8  90220000	lbu	r2,(r1)
 1445  000020dc  60410058	seqi	r1,r2,#88
 1446  000020e0  1420000c	bnez	r1,L83_LF2
 1447  000020e4  54000000	nop; delay slot nop
 1448  000020e8  08000024	j	L82_LF2
 1449  000020ec  54000000	nop; delay slot nop
 1450  000020f0          	L83_LF2:
 1451  000020f0  20010010	addi	r1,r0,#16
 1452  000020f4  afc10008	sw	8(r30),r1
 1453  000020f8  8fc20000	lw	r2,(r30)
 1454  000020fc  20410001	addi	r1,r2,#1
 1455  00002100  00011020	add	r2,r0,r1
 1456  00002104  afc20000	sw	(r30),r2
 1457  00002108  0800000c	j	L84_LF2
 1458  0000210c  54000000	nop; delay slot nop
 1459  00002110          	L82_LF2:
 1460  00002110  20010008	addi	r1,r0,#8
 1461  00002114  afc10008	sw	8(r30),r1
 1462  00002118          	L84_LF2:
 1463  00002118  0800000c	j	L80_LF2
 1464  0000211c  54000000	nop; delay slot nop
 1465  00002120          	L81_LF2:
 1466  00002120  2001000a	addi	r1,r0,#10
 1467  00002124  afc10008	sw	8(r30),r1
 1468  00002128          	L85_LF2:
 1469  00002128          	L80_LF2:
 1470  00002128  8fc10008	lw	r1,8(r30)
 1471  0000212c  70220000	slei	r2,r1,#0
 1472  00002130  1440001c	bnez	r2,L87_LF2
 1473  00002134  54000000	nop; delay slot nop
 1474  00002138  8fc10008	lw	r1,8(r30)
 1475  0000213c  6c220010	sgti	r2,r1,#16
 1476  00002140  1440000c	bnez	r2,L87_LF2
 1477  00002144  54000000	nop; delay slot nop
 1478  00002148  08000010	j	L86_LF2
 1479  0000214c  54000000	nop; delay slot nop
 1480  00002150          	L87_LF2:
 1481  00002150  8fc1fff4	lw	r1,-12(r30)
 1482  00002154  08000188	j	L72_LF2
 1483  00002158  54000000	nop; delay slot nop
 1484  0000215c          	L86_LF2:
 1485  0000215c  54000000	nop
 1486  00002160          	L88_LF2:
 1487  00002160  8fc10000	lw	r1,(r30)
 1488  00002164  90220000	lbu	r2,(r1)
 1489  00002168  6c41002f	sgtui	r1,r2,#47
 1490  0000216c  10200030	beqz	r1,L91_LF2
 1491  00002170  54000000	nop; delay slot nop
 1492  00002174  8fc10000	lw	r1,(r30)
 1493  00002178  90220000	lbu	r2,(r1)
 1494  0000217c  70410039	sleui	r1,r2,#57
 1495  00002180  1020001c	beqz	r1,L91_LF2
 1496  00002184  54000000	nop; delay slot nop
 1497  00002188  8fc10000	lw	r1,(r30)
 1498  0000218c  90220000	lbu	r2,(r1)
 1499  00002190  2041ffd0	addi	r1,r2,#-48
 1500  00002194  afc1fff0	sw	-16(r30),r1
 1501  00002198  0800008c	j	L92_LF2
 1502  0000219c  54000000	nop; delay slot nop
 1503  000021a0          	L91_LF2:
 1504  000021a0  8fc10000	lw	r1,(r30)
 1505  000021a4  90220000	lbu	r2,(r1)
 1506  000021a8  6c410060	sgtui	r1,r2,#96
 1507  000021ac  10200030	beqz	r1,L93_LF2
 1508  000021b0  54000000	nop; delay slot nop
 1509  000021b4  8fc10000	lw	r1,(r30)
 1510  000021b8  90220000	lbu	r2,(r1)
 1511  000021bc  7041007a	sleui	r1,r2,#122
 1512  000021c0  1020001c	beqz	r1,L93_LF2
 1513  000021c4  54000000	nop; delay slot nop
 1514  000021c8  8fc10000	lw	r1,(r30)
 1515  000021cc  90220000	lbu	r2,(r1)
 1516  000021d0  2041ffa9	addi	r1,r2,#-87
 1517  000021d4  afc1fff0	sw	-16(r30),r1
 1518  000021d8  0800004c	j	L92_LF2
 1519  000021dc  54000000	nop; delay slot nop
 1520  000021e0          	L93_LF2:
 1521  000021e0  8fc10000	lw	r1,(r30)
 1522  000021e4  90220000	lbu	r2,(r1)
 1523  000021e8  6c410040	sgtui	r1,r2,#64
 1524  000021ec  10200030	beqz	r1,L95_LF2
 1525  000021f0  54000000	nop; delay slot nop
 1526  000021f4  8fc10000	lw	r1,(r30)
 1527  000021f8  90220000	lbu	r2,(r1)
 1528  000021fc  7041005a	sleui	r1,r2,#90
 1529  00002200  1020001c	beqz	r1,L95_LF2
 1530  00002204  54000000	nop; delay slot nop
 1531  00002208  8fc10000	lw	r1,(r30)
 1532  0000220c  90220000	lbu	r2,(r1)
 1533  00002210  2041ffc9	addi	r1,r2,#-55
 1534  00002214  afc1fff0	sw	-16(r30),r1
 1535  00002218  0800000c	j	L92_LF2
 1536  0000221c  54000000	nop; delay slot nop
 1537  00002220          	L95_LF2:
 1538  00002220  200103e8	addi	r1,r0,#1000
 1539  00002224  afc1fff0	sw	-16(r30),r1
 1540  00002228          	L96_LF2:
 1541  00002228          	L94_LF2:
 1542  00002228          	L92_LF2:
 1543  00002228  8fc1fff0	lw	r1,-16(r30)
 1544  0000222c  8fc20008	lw	r2,8(r30)
 1545  00002230  0022082a	slt	r1,r1,r2
 1546  00002234  10200040	beqz	r1,L90_LF2
 1547  00002238  54000000	nop; delay slot nop
 1548  0000223c  8fc1fff4	lw	r1,-12(r30)
 1549  00002240  8fc20008	lw	r2,8(r30)
 1550  00002244  00200035	movi2fp	f0,r1
 1551  00002248  00400835	movi2fp	f1,r2
 1552  0000224c  0401000e	mult	f0,f0,f1
 1553  00002250  00000834	movfp2i	r1,f0
 1554  00002254  afc1fff4	sw	-12(r30),r1
 1555  00002258  8fc1fff4	lw	r1,-12(r30)
 1556  0000225c  8fc2fff0	lw	r2,-16(r30)
 1557  00002260  00220820	add	r1,r1,r2
 1558  00002264  afc1fff4	sw	-12(r30),r1
 1559  00002268  8fc20000	lw	r2,(r30)
 1560  0000226c  20410001	addi	r1,r2,#1
 1561  00002270  00011020	add	r2,r0,r1
 1562  00002274  afc20000	sw	(r30),r2
 1563  00002278          	L97_LF2:
 1564  00002278          	L90_LF2:
 1565  00002278  8fc1fff0	lw	r1,-16(r30)
 1566  0000227c  8fc20008	lw	r2,8(r30)
 1567  00002280  0022082a	slt	r1,r1,r2
 1568  00002284  1420000c	bnez	r1,L98_LF2
 1569  00002288  54000000	nop; delay slot nop
 1570  0000228c  0800000c	j	L89_LF2
 1571  00002290  54000000	nop; delay slot nop
 1572  00002294          	L98_LF2:
 1573  00002294  0bfffec8	j	L88_LF2
 1574  00002298  54000000	nop; delay slot nop
 1575  0000229c          	L89_LF2:
 1576  0000229c  8fc10004	lw	r1,4(r30)
 1577  000022a0  64220000	snei	r2,r1,#0
 1578  000022a4  10400010	beqz	r2,L99_LF2
 1579  000022a8  54000000	nop; delay slot nop
 1580  000022ac  8fc10004	lw	r1,4(r30)
 1581  000022b0  8fc20000	lw	r2,(r30)
 1582  000022b4  ac220000	sw	(r1),r2
 1583  000022b8          	L99_LF2:
 1584  000022b8  8fc1fff4	lw	r1,-12(r30)
 1585  000022bc  8fc2ffec	lw	r2,-20(r30)
 1586  000022c0  00200035	movi2fp	f0,r1
 1587  000022c4  00400835	movi2fp	f1,r2
 1588  000022c8  0401000e	mult	f0,f0,f1
 1589  000022cc  00000834	movfp2i	r1,f0
 1590  000022d0  afc1fff4	sw	-12(r30),r1
 1591  000022d4  8fc1fff4	lw	r1,-12(r30)
 1592  000022d8  08000004	j	L72_LF2
 1593  000022dc  54000000	nop; delay slot nop
 1594  000022e0          	L72_LF2:
 1595  000022e0  8fa20000	lw	r2,0(r29)
 1596  000022e4  8fdffff8	lw	r31,-8(r30)
 1597  000022e8  001ee820	add	r29,r0,r30
 1598  000022ec  8fdefffc	lw	r30,-4(r30)
 1599  000022f0  4be00000	jr	r31
 1600  000022f4  54000000	nop
 1601  000022f8          	.endproc _dstrtol
 1602  000022f8          	.align 2
 1603  000022f8          	.proc _bcopy
 1604  000022f8          	.global _bcopy
 1605  000022f8          	_bcopy:
 1606                      ;  Function 'bcopy'; 0 bytes of locals, 2 regs to save.
 1607  000022f8  afbefffc	sw	-4(r29),r30; push fp
 1608  000022fc  001df020	add	r30,r0,r29; fp = sp
 1609  00002300  afbffff8	sw	-8(r29),r31; push ret addr
 1610  00002304  2fbd0010	subui	r29,r29,#16; alloc local storage
 1611  00002308  afa20000	sw	0(r29),r2
 1612  0000230c  afa30004	sw	4(r29),r3
 1613  00002310  54000000	nop
 1614  00002314          	L101_LF2:
 1615  00002314  8fc10008	lw	r1,8(r30)
 1616  00002318  2022ffff	addi	r2,r1,#-1
 1617  0000231c  afc20008	sw	8(r30),r2
 1618  00002320  6c210000	sgti	r1,r1,#0
 1619  00002324  1420000c	bnez	r1,L103_LF2
 1620  00002328  54000000	nop; delay slot nop
 1621  0000232c  0800002c	j	L102_LF2
 1622  00002330  54000000	nop; delay slot nop
 1623  00002334          	L103_LF2:
 1624  00002334  8fc10004	lw	r1,4(r30)
 1625  00002338  20220001	addi	r2,r1,#1
 1626  0000233c  afc20004	sw	4(r30),r2
 1627  00002340  8fc20000	lw	r2,(r30)
 1628  00002344  20430001	addi	r3,r2,#1
 1629  00002348  afc30000	sw	(r30),r3
 1630  0000234c  80420000	lb	r2,(r2)
 1631  00002350  a0220000	sb	(r1),r2
 1632  00002354  0bffffbc	j	L101_LF2
 1633  00002358  54000000	nop; delay slot nop
 1634  0000235c          	L102_LF2:
 1635  0000235c          	L100_LF2:
 1636  0000235c  8fa20000	lw	r2,0(r29)
 1637  00002360  8fa30004	lw	r3,4(r29)
 1638  00002364  8fdffff8	lw	r31,-8(r30)
 1639  00002368  001ee820	add	r29,r0,r30
 1640  0000236c  8fdefffc	lw	r30,-4(r30)
 1641  00002370  4be00000	jr	r31
 1642  00002374  54000000	nop
 1643  00002378          	.endproc _bcopy
 1644  00002378          	.align 2
 1645  00002378          	.proc _bzero
 1646  00002378          	.global _bzero
 1647  00002378          	_bzero:
 1648                      ;  Function 'bzero'; 0 bytes of locals, 1 regs to save.
 1649  00002378  afbefffc	sw	-4(r29),r30; push fp
 1650  0000237c  001df020	add	r30,r0,r29; fp = sp
 1651  00002380  afbffff8	sw	-8(r29),r31; push ret addr
 1652  00002384  2fbd0010	subui	r29,r29,#16; alloc local storage
 1653  00002388  afa20000	sw	0(r29),r2
 1654  0000238c  54000000	nop
 1655  00002390          	L105_LF2:
 1656  00002390  8fc10004	lw	r1,4(r30)
 1657  00002394  2022ffff	addi	r2,r1,#-1
 1658  00002398  afc20004	sw	4(r30),r2
 1659  0000239c  6c210000	sgti	r1,r1,#0
 1660  000023a0  1420000c	bnez	r1,L107_LF2
 1661  000023a4  54000000	nop; delay slot nop
 1662  000023a8  08000020	j	L106_LF2
 1663  000023ac  54000000	nop; delay slot nop
 1664  000023b0          	L107_LF2:
 1665  000023b0  8fc10000	lw	r1,(r30)
 1666  000023b4  20220001	addi	r2,r1,#1
 1667  000023b8  afc20000	sw	(r30),r2
 1668  000023bc  20020000	addi	r2,r0,(#0x0)&0xff
 1669  000023c0  a0220000	sb	(r1),r2
 1670  000023c4  0bffffc8	j	L105_LF2
 1671  000023c8  54000000	nop; delay slot nop
 1672  000023cc          	L106_LF2:
 1673  000023cc          	L104_LF2:
 1674  000023cc  8fa20000	lw	r2,0(r29)
 1675  000023d0  8fdffff8	lw	r31,-8(r30)
 1676  000023d4  001ee820	add	r29,r0,r30
 1677  000023d8  8fdefffc	lw	r30,-4(r30)
 1678  000023dc  4be00000	jr	r31
 1679  000023e0  54000000	nop
 1680  000023e4          	.endproc _bzero
 1681  000023e4          	.align 2
 1682  000023e4          	.proc _min
 1683  000023e4          	.global _min
 1684  000023e4          	_min:
 1685                      ;  Function 'min'; 0 bytes of locals, 2 regs to save.
 1686  000023e4  afbefffc	sw	-4(r29),r30; push fp
 1687  000023e8  001df020	add	r30,r0,r29; fp = sp
 1688  000023ec  afbffff8	sw	-8(r29),r31; push ret addr
 1689  000023f0  2fbd0010	subui	r29,r29,#16; alloc local storage
 1690  000023f4  afa20000	sw	0(r29),r2
 1691  000023f8  afa30004	sw	4(r29),r3
 1692  000023fc  8fc10000	lw	r1,(r30)
 1693  00002400  8fc20004	lw	r2,4(r30)
 1694  00002404  0022182c	sle	r3,r1,r2
 1695  00002408  14600008	bnez	r3,L109_LF2
 1696  0000240c  54000000	nop; delay slot nop
 1697  00002410  8fc10004	lw	r1,4(r30)
 1698  00002414          	L109_LF2:
 1699  00002414  08000004	j	L108_LF2
 1700  00002418  54000000	nop; delay slot nop
 1701  0000241c          	L108_LF2:
 1702  0000241c  8fa20000	lw	r2,0(r29)
 1703  00002420  8fa30004	lw	r3,4(r29)
 1704  00002424  8fdffff8	lw	r31,-8(r30)
 1705  00002428  001ee820	add	r29,r0,r30
 1706  0000242c  8fdefffc	lw	r30,-4(r30)
 1707  00002430  4be00000	jr	r31
 1708  00002434  54000000	nop
 1709  00002438          	.endproc _min
 1710                      ;;; Ethan L. Miller, 1999.  Released to the public domain
 1711                      ;;;
 1712                      ;;; Most of the traps are called in files from libtraps.
 1715  00002438          	.align 2
 1716  00002438          	.proc _exit
 1717  00002438          	.global _exit
 1718  00002438          	_exit:
 1719  00002438  44000300	trap	#0x300
 1720  0000243c  4be00000	jr	r31
 1721  00002440  54000000	nop
 1722  00002444          	.endproc _exit
 1724                      ; for the benefit of gcc.
 1725  00002444          	.proc ___main
 1726  00002444          	.global ___main
 1727  00002444          	___main:
 1728  00002444  4be00000	jr	r31
 1729  00002448  54000000	nop
 1730  0000244c          	.endproc ___main
 1731  0000244c          	.text
 1732  0000244c          	.global _etext
 1733  0000244c          	_etext:
 1734  0000244c          	.align 3
 1735  00002450          	.data
 1736  0000318d          	.global _edata
 1737  0000318d          	_edata:
