 line   address	contents
    1                      ; Linked by DLX-LD.
    2                      ; MemSize 24576
    3                      ; Data size: 390
    4                      ; Text size: 4724
    5                      ; Stack size: 8192
    6  00000000          	.text 0x1000
    7  00001000          	.data 0x3000
    8                      ; Compiled by GCC
    9  00003000          	.text
   10  00001000          	.align 2
   11  00001000          	.proc _isspace
   12  00001000          	.global _isspace
   13  00001000          	_isspace:
   14                      ;  Function 'isspace'; 0 bytes of locals, 1 regs to save.
   15  00001000  afbefffc	sw	-4(r29),r30; push fp
   16  00001004  001df020	add	r30,r0,r29; fp = sp
   17  00001008  afbffff8	sw	-8(r29),r31; push ret addr
   18  0000100c  2fbd0010	subui	r29,r29,#16; alloc local storage
   19  00001010  afa20000	sw	0(r29),r2
   20  00001014  83c20003	lb	r2,3(r30)
   21  00001018  201f0000	addi	r31,r0,#0
   22  0000101c  304100ff	andi	r1,r2,#0x00ff
   23  00001020  60210020	seqi	r1,r1,#32
   24  00001024  14200018	bnez	r1,L6_LF0
   25  00001028  54000000	nop; not filled.
   26  0000102c  2041fff7	addi	r1,r2,#-9
   27  00001030  302100ff	andi	r1,r1,#0x00ff
   28  00001034  70210001	sleui	r1,r1,#1
   29  00001038  10200008	beqz	r1,L5_LF0
   30  0000103c  54000000	nop; not filled.
   31  00001040          	L6_LF0:
   32  00001040  201f0001	addi	r31,r0,#1
   33  00001044          	L5_LF0:
   34  00001044  001f0820	add	r1,r0,r31
   35  00001048  8fa20000	lw	r2,0(r29)
   36  0000104c  8fdffff8	lw	r31,-8(r30)
   37  00001050  001ee820	add	r29,r0,r30
   38  00001054  8fdefffc	lw	r30,-4(r30)
   39  00001058  4be00000	jr	r31
   40  0000105c  54000000	nop
   41  00001060          	.endproc _isspace
   42  00001060          	.align 2
   43  00001060          	.proc _isxdigit
   44  00001060          	.global _isxdigit
   45  00001060          	_isxdigit:
   46                      ;  Function 'isxdigit'; 0 bytes of locals, 1 regs to save.
   47  00001060  afbefffc	sw	-4(r29),r30; push fp
   48  00001064  001df020	add	r30,r0,r29; fp = sp
   49  00001068  afbffff8	sw	-8(r29),r31; push ret addr
   50  0000106c  2fbd0010	subui	r29,r29,#16; alloc local storage
   51  00001070  afa20000	sw	0(r29),r2
   52  00001074  83df0003	lb	r31,3(r30)
   53  00001078  20020000	addi	r2,r0,#0
   54  0000107c  23e1ffd0	addi	r1,r31,#-48
   55  00001080  302100ff	andi	r1,r1,#0x00ff
   56  00001084  70210009	sleui	r1,r1,#9
   57  00001088  14200028	bnez	r1,L12_LF0
   58  0000108c  54000000	nop; not filled.
   59  00001090  23e1ff9f	addi	r1,r31,#-97
   60  00001094  302100ff	andi	r1,r1,#0x00ff
   61  00001098  70210005	sleui	r1,r1,#5
   62  0000109c  14200014	bnez	r1,L12_LF0
   63  000010a0  54000000	nop; not filled.
   64  000010a4  33e100ff	andi	r1,r31,#0x00ff
   65  000010a8  64210041	snei	r1,r1,#65
   66  000010ac  14200008	bnez	r1,L11_LF0
   67  000010b0  54000000	nop; not filled.
   68  000010b4          	L12_LF0:
   69  000010b4  20020001	addi	r2,r0,#1
   70  000010b8          	L11_LF0:
   71  000010b8  00020820	add	r1,r0,r2
   72  000010bc  8fa20000	lw	r2,0(r29)
   73  000010c0  8fdffff8	lw	r31,-8(r30)
   74  000010c4  001ee820	add	r29,r0,r30
   75  000010c8  8fdefffc	lw	r30,-4(r30)
   76  000010cc  4be00000	jr	r31
   77  000010d0  54000000	nop
   78  000010d4          	.endproc _isxdigit
   79  000010d4          	.data
   80  00003000          	.align 2
   81  00003000          	LC0_LF0:
   82  00003000  55736167	.ascii "Usage: \000"
   82  00003004  653a2000	
   83  00003008          	.align 2
   84  00003008          	LC1_LF0:
   85  00003008  203c6e75	.ascii " <number of processes to create>\n\000"
   85  0000300c  6d626572	
   85  00003010  206f6620	
   85  00003014  70726f63	
   85  00003018  65737365	
   85  0000301c  7320746f	
   85  00003020  20637265	
   85  00003024  6174653e	
   85  00003028  0a00    	
   86  0000302a          	.align 2
   87  0000302c          	LC2_LF0:
   88  0000302c  43726561	.ascii "Creating %d processes\n\000"
   88  00003030  74696e67	
   88  00003034  20256420	
   88  00003038  70726f63	
   88  0000303c  65737365	
   88  00003040  730a00  	
   89  00003043          	.align 2
   90  00003044          	LC3_LF0:
   91  00003044  4552524f	.ascii "ERROR: could not allocate shared memory page in \000"
   91  00003048  523a2063	
   91  0000304c  6f756c64	
   91  00003050  206e6f74	
   91  00003054  20616c6c	
   91  00003058  6f636174	
   91  0000305c  65207368	
   91  00003060  61726564	
   91  00003064  206d656d	
   91  00003068  6f727920	
   91  0000306c  70616765	
   91  00003070  20696e20	
   91  00003074  00      	
   92  00003075          	.align 2
   93  00003078          	LC4_LF0:
   94  00003078  2c206578	.ascii ", exiting...\n\000"
   94  0000307c  6974696e	
   94  00003080  672e2e2e	
   94  00003084  0a00    	
   95  00003086          	.align 2
   96  00003088          	LC5_LF0:
   97  00003088  436f756c	.ascii "Could not map the shared page to virtual address in \000"
   97  0000308c  64206e6f	
   97  00003090  74206d61	
   97  00003094  70207468	
   97  00003098  65207368	
   97  0000309c  61726564	
   97  000030a0  20706167	
   97  000030a4  6520746f	
   97  000030a8  20766972	
   97  000030ac  7475616c	
   97  000030b0  20616464	
   97  000030b4  72657373	
   97  000030b8  20696e20	
   97  000030bc  00      	
   98  000030bd          	.align 2
   99  000030c0          	LC6_LF0:
  100  000030c0  2c206578	.ascii ", exiting..\n\000"
  100  000030c4  6974696e	
  100  000030c8  672e2e0a	
  100  000030cc  00      	
  101  000030cd          	.align 2
  102  000030d0          	LC7_LF0:
  103  000030d0  42616420	.ascii "Bad sem_create in \000"
  103  000030d4  73656d5f	
  103  000030d8  63726561	
  103  000030dc  74652069	
  103  000030e0  6e2000  	
  104  000030e3          	.align 2
  105  000030e4          	LC8_LF0:
  106  000030e4  0a00    	.ascii "\n\000"
  107  000030e6          	.align 2
  108  000030e8          	LC9_LF0:
  109  000030e8  68206d65	.ascii "h mem str:  %s \n\000"
  109  000030ec  6d207374	
  109  000030f0  723a2020	
  109  000030f4  2573200a	
  109  000030f8  00      	
  110  000030f9          	.align 2
  111  000030fc          	LC10_LF0:
  112  000030fc  73706177	.ascii "spawn_me.dlx.obj\000"
  112  00003100  6e5f6d65	
  112  00003104  2e646c78	
  112  00003108  2e6f626a	
  112  0000310c  00      	
  113  0000310d          	.align 2
  114  00003110          	LC11_LF0:
  115  00003110  50726f63	.ascii "Process %d created\n\000"
  115  00003114  65737320	
  115  00003118  25642063	
  115  0000311c  72656174	
  115  00003120  65640a00	
  116  00003124          	.align 2
  117  00003124          	LC12_LF0:
  118  00003124  42616420	.ascii "Bad semaphore s_procs_completed (%d) in \000"
  118  00003128  73656d61	
  118  0000312c  70686f72	
  118  00003130  6520735f	
  118  00003134  70726f63	
  118  00003138  735f636f	
  118  0000313c  6d706c65	
  118  00003140  74656420	
  118  00003144  28256429	
  118  00003148  20696e20	
  118  0000314c  00      	
  119  0000314d          	.align 2
  120  00003150          	LC13_LF0:
  121  00003150  416c6c20	.ascii "All other processes completed, exiting main process.\n\000"
  121  00003154  6f746865	
  121  00003158  72207072	
  121  0000315c  6f636573	
  121  00003160  73657320	
  121  00003164  636f6d70	
  121  00003168  6c657465	
  121  0000316c  642c2065	
  121  00003170  78697469	
  121  00003174  6e67206d	
  121  00003178  61696e20	
  121  0000317c  70726f63	
  121  00003180  6573732e	
  121  00003184  0a00    	
  122  00003186          	.text
  123  000010d4          	.align 2
  124  000010d4          	.proc _main
  125  000010d4          	.global _main
  126  000010d4          	_main:
  127                      ;  Function 'main'; 32 bytes of locals, 0 regs to save.
  128  000010d4  afbefffc	sw	-4(r29),r30; push fp
  129  000010d8  001df020	add	r30,r0,r29; fp = sp
  130  000010dc  afbffff8	sw	-8(r29),r31; push ret addr
  131  000010e0  2fbd0028	subui	r29,r29,#40; alloc local storage
  132  000010e4  8fc20000	lw	r2,(r30)
  133  000010e8  8fc80004	lw	r8,4(r30)
  134  000010ec  0c00117c	jal	___main
  135  000010f0  54000000	nop; not filled.
  136  000010f4  64410002	snei	r1,r2,#2
  137  000010f8  1020004c	beqz	r1,L14_LF0
  138  000010fc  54000000	nop; not filled.
  139  00001100  23bdfff8	addi	r29,r29,#-8
  140  00001104  3c090000	lhi	r9,((LC0_LF0)>>16)&0xffff
  141  00001108  25293000	addui	r9,r9,(LC0_LF0)&0xffff
  142  0000110c  afa90000	sw	(r29),r9
  143  00001110  0c000350	jal	_Printf
  144  00001114  54000000	nop; not filled.
  145  00001118  8d090000	lw	r9,(r8)
  146  0000111c  afa90000	sw	(r29),r9
  147  00001120  0c000340	jal	_Printf
  148  00001124  54000000	nop; not filled.
  149  00001128  3c090000	lhi	r9,((LC1_LF0)>>16)&0xffff
  150  0000112c  25293008	addui	r9,r9,(LC1_LF0)&0xffff
  151  00001130  afa90000	sw	(r29),r9
  152  00001134  0c00032c	jal	_Printf
  153  00001138  54000000	nop; not filled.
  154  0000113c  0c0003d8	jal	_Exit
  155  00001140  54000000	nop; not filled.
  156  00001144  23bd0008	addi	r29,r29,#8
  157  00001148          	L14_LF0:
  158  00001148  23bdfff0	addi	r29,r29,#-16
  159  0000114c  8d090004	lw	r9,4(r8)
  160  00001150  afa90000	sw	(r29),r9
  161  00001154  20090000	addi	r9,r0,#0
  162  00001158  afa90004	sw	4(r29),r9
  163  0000115c  2009000a	addi	r9,r0,#10
  164  00001160  afa90008	sw	8(r29),r9
  165  00001164  0c000c5c	jal	_dstrtol
  166  00001168  54000000	nop; not filled.
  167  0000116c  00013820	add	r7,r0,r1
  168  00001170  3c090000	lhi	r9,((LC2_LF0)>>16)&0xffff
  169  00001174  2529302c	addui	r9,r9,(LC2_LF0)&0xffff
  170  00001178  afa90000	sw	(r29),r9
  171  0000117c  afa70004	sw	4(r29),r7
  172  00001180  0c0002e0	jal	_Printf
  173  00001184  54000000	nop; not filled.
  174  00001188  0c0002fc	jal	_shmget
  175  0000118c  54000000	nop; not filled.
  176  00001190  00012020	add	r4,r0,r1
  177  00001194  23bd0010	addi	r29,r29,#16
  178  00001198  64810000	snei	r1,r4,#0
  179  0000119c  1420004c	bnez	r1,L15_LF0
  180  000011a0  54000000	nop; not filled.
  181  000011a4  23bdfff8	addi	r29,r29,#-8
  182  000011a8  3c090000	lhi	r9,((LC3_LF0)>>16)&0xffff
  183  000011ac  25293044	addui	r9,r9,(LC3_LF0)&0xffff
  184  000011b0  afa90000	sw	(r29),r9
  185  000011b4  0c0002ac	jal	_Printf
  186  000011b8  54000000	nop; not filled.
  187  000011bc  8d090000	lw	r9,(r8)
  188  000011c0  afa90000	sw	(r29),r9
  189  000011c4  0c00029c	jal	_Printf
  190  000011c8  54000000	nop; not filled.
  191  000011cc  3c090000	lhi	r9,((LC4_LF0)>>16)&0xffff
  192  000011d0  25293078	addui	r9,r9,(LC4_LF0)&0xffff
  193  000011d4  afa90000	sw	(r29),r9
  194  000011d8  0c000288	jal	_Printf
  195  000011dc  54000000	nop; not filled.
  196  000011e0  0c000334	jal	_Exit
  197  000011e4  54000000	nop; not filled.
  198  000011e8  23bd0008	addi	r29,r29,#8
  199  000011ec          	L15_LF0:
  200  000011ec  23bdfff8	addi	r29,r29,#-8
  201  000011f0  afa40000	sw	(r29),r4
  202  000011f4  0c00029c	jal	_shmat
  203  000011f8  54000000	nop; not filled.
  204  000011fc  00011020	add	r2,r0,r1
  205  00001200  23bd0008	addi	r29,r29,#8
  206  00001204  64410000	snei	r1,r2,#0
  207  00001208  1420004c	bnez	r1,L16_LF0
  208  0000120c  54000000	nop; not filled.
  209  00001210  23bdfff8	addi	r29,r29,#-8
  210  00001214  3c090000	lhi	r9,((LC5_LF0)>>16)&0xffff
  211  00001218  25293088	addui	r9,r9,(LC5_LF0)&0xffff
  212  0000121c  afa90000	sw	(r29),r9
  213  00001220  0c000240	jal	_Printf
  214  00001224  54000000	nop; not filled.
  215  00001228  8d090000	lw	r9,(r8)
  216  0000122c  afa90000	sw	(r29),r9
  217  00001230  0c000230	jal	_Printf
  218  00001234  54000000	nop; not filled.
  219  00001238  3c090000	lhi	r9,((LC6_LF0)>>16)&0xffff
  220  0000123c  252930c0	addui	r9,r9,(LC6_LF0)&0xffff
  221  00001240  afa90000	sw	(r29),r9
  222  00001244  0c00021c	jal	_Printf
  223  00001248  54000000	nop; not filled.
  224  0000124c  0c0002c8	jal	_Exit
  225  00001250  54000000	nop; not filled.
  226  00001254  23bd0008	addi	r29,r29,#8
  227  00001258          	L16_LF0:
  228  00001258  ac470000	sw	(r2),r7
  229  0000125c  20090041	addi	r9,r0,(#0x41)&0xff
  230  00001260  a0490004	sb	4(r2),r9
  231  00001264  23bdfff8	addi	r29,r29,#-8
  232  00001268  20010001	addi	r1,r0,#1
  233  0000126c  00270822	sub	r1,r1,r7
  234  00001270  afa10000	sw	(r29),r1
  235  00001274  0c000228	jal	_sem_create
  236  00001278  54000000	nop; not filled.
  237  0000127c  00013020	add	r6,r0,r1
  238  00001280  23bd0008	addi	r29,r29,#8
  239  00001284  60c1ffff	seqi	r1,r6,#-1
  240  00001288  1020004c	beqz	r1,L17_LF0
  241  0000128c  54000000	nop; not filled.
  242  00001290  23bdfff8	addi	r29,r29,#-8
  243  00001294  3c090000	lhi	r9,((LC7_LF0)>>16)&0xffff
  244  00001298  252930d0	addui	r9,r9,(LC7_LF0)&0xffff
  245  0000129c  afa90000	sw	(r29),r9
  246  000012a0  0c0001c0	jal	_Printf
  247  000012a4  54000000	nop; not filled.
  248  000012a8  8d090000	lw	r9,(r8)
  249  000012ac  afa90000	sw	(r29),r9
  250  000012b0  0c0001b0	jal	_Printf
  251  000012b4  54000000	nop; not filled.
  252  000012b8  3c090000	lhi	r9,((LC8_LF0)>>16)&0xffff
  253  000012bc  252930e4	addui	r9,r9,(LC8_LF0)&0xffff
  254  000012c0  afa90000	sw	(r29),r9
  255  000012c4  0c00019c	jal	_Printf
  256  000012c8  54000000	nop; not filled.
  257  000012cc  0c000248	jal	_Exit
  258  000012d0  54000000	nop; not filled.
  259  000012d4  23bd0008	addi	r29,r29,#8
  260  000012d8          	L17_LF0:
  261  000012d8  23bdfff8	addi	r29,r29,#-8
  262  000012dc  3c090000	lhi	r9,((LC9_LF0)>>16)&0xffff
  263  000012e0  252930e8	addui	r9,r9,(LC9_LF0)&0xffff
  264  000012e4  afa90000	sw	(r29),r9
  265  000012e8  23c3ffe8	addi	r3,r30,#-24
  266  000012ec  afa30004	sw	4(r29),r3
  267  000012f0  0c000170	jal	_Printf
  268  000012f4  54000000	nop; not filled.
  269  000012f8  afa40000	sw	(r29),r4
  270  000012fc  afa30004	sw	4(r29),r3
  271  00001300  0c000934	jal	_ditoa
  272  00001304  54000000	nop; not filled.
  273  00001308  afa60000	sw	(r29),r6
  274  0000130c  23c4ffd8	addi	r4,r30,#-40
  275  00001310  afa40004	sw	4(r29),r4
  276  00001314  0c000920	jal	_ditoa
  277  00001318  54000000	nop; not filled.
  278  0000131c  20020000	addi	r2,r0,#0
  279  00001320  23bd0008	addi	r29,r29,#8
  280  00001324  0047082a	slt	r1,r2,r7
  281  00001328  10200060	beqz	r1,L19_LF0
  282  0000132c  54000000	nop; not filled.
  283  00001330  00032820	add	r5,r0,r3
  284  00001334  00041820	add	r3,r0,r4
  285  00001338          	L21_LF0:
  286  00001338  23bdfff0	addi	r29,r29,#-16
  287  0000133c  3c090000	lhi	r9,((LC10_LF0)>>16)&0xffff
  288  00001340  252930fc	addui	r9,r9,(LC10_LF0)&0xffff
  289  00001344  afa90000	sw	(r29),r9
  290  00001348  afa50004	sw	4(r29),r5
  291  0000134c  afa30008	sw	8(r29),r3
  292  00001350  20090000	addi	r9,r0,#0
  293  00001354  afa9000c	sw	12(r29),r9
  294  00001358  0c000120	jal	_process_create
  295  0000135c  54000000	nop; not filled.
  296  00001360  3c090000	lhi	r9,((LC11_LF0)>>16)&0xffff
  297  00001364  25293110	addui	r9,r9,(LC11_LF0)&0xffff
  298  00001368  afa90000	sw	(r29),r9
  299  0000136c  afa20004	sw	4(r29),r2
  300  00001370  0c0000f0	jal	_Printf
  301  00001374  54000000	nop; not filled.
  302  00001378  23bd0010	addi	r29,r29,#16
  303  0000137c  20420001	addi	r2,r2,#1
  304  00001380  0047082a	slt	r1,r2,r7
  305  00001384  1420ffb0	bnez	r1,L21_LF0
  306  00001388  54000000	nop; not filled.
  307  0000138c          	L19_LF0:
  308  0000138c  23bdfff8	addi	r29,r29,#-8
  309  00001390  afa60000	sw	(r29),r6
  310  00001394  0c000114	jal	_sem_wait
  311  00001398  54000000	nop; not filled.
  312  0000139c  23bd0008	addi	r29,r29,#8
  313  000013a0  64210001	snei	r1,r1,#1
  314  000013a4  10200050	beqz	r1,L23_LF0
  315  000013a8  54000000	nop; not filled.
  316  000013ac  23bdfff8	addi	r29,r29,#-8
  317  000013b0  3c090000	lhi	r9,((LC12_LF0)>>16)&0xffff
  318  000013b4  25293124	addui	r9,r9,(LC12_LF0)&0xffff
  319  000013b8  afa90000	sw	(r29),r9
  320  000013bc  afa60004	sw	4(r29),r6
  321  000013c0  0c0000a0	jal	_Printf
  322  000013c4  54000000	nop; not filled.
  323  000013c8  8d080000	lw	r8,(r8)
  324  000013cc  afa80000	sw	(r29),r8
  325  000013d0  0c000090	jal	_Printf
  326  000013d4  54000000	nop; not filled.
  327  000013d8  3c090000	lhi	r9,((LC8_LF0)>>16)&0xffff
  328  000013dc  252930e4	addui	r9,r9,(LC8_LF0)&0xffff
  329  000013e0  afa90000	sw	(r29),r9
  330  000013e4  0c00007c	jal	_Printf
  331  000013e8  54000000	nop; not filled.
  332  000013ec  0c000128	jal	_Exit
  333  000013f0  54000000	nop; not filled.
  334  000013f4  23bd0008	addi	r29,r29,#8
  335  000013f8          	L23_LF0:
  336  000013f8  23bdfff8	addi	r29,r29,#-8
  337  000013fc  3c090000	lhi	r9,((LC13_LF0)>>16)&0xffff
  338  00001400  25293150	addui	r9,r9,(LC13_LF0)&0xffff
  339  00001404  afa90000	sw	(r29),r9
  340  00001408  0c000058	jal	_Printf
  341  0000140c  54000000	nop; not filled.
  342  00001410  23bd0008	addi	r29,r29,#8
  343  00001414  0c000e48	jal	_exit
  344  00001418  54000000	nop
  345  0000141c          	.endproc _main
  346                      ;;;
  347                      ;;; Stub functions for DLX traps.
  348                      ;;;
  349                      ;;; Ethan L. Miller, 1999.  Released to the public domain.
  350                      ;;;
  351                      ;;; The traps such as Open and Close
  352                      ;;; (note the capital letters) are for use by user programs.  The traps
  353                      ;;; with names such as open and close (lower case) are for use by the OS.
  354                      ;;;
  357  0000141c          	.align 2
  359                      ;;; The following are the traps to be used by user-level programs
  360                      ;;;
  362  0000141c          	.align 2
  363  0000141c          	.proc _Open
  364  0000141c          	.global _Open
  365  0000141c          	_Open:
  366                      ;;; Note that trap #0x213 actually causes a trap vector in the OS of
  367                      ;;; 0x1213.  The same is true for other user traps.  Thus, a user trap
  368                      ;;; with trap #0x240 will result in a trap vector of 0x1240 in the OS.
  369  0000141c  44000213	trap	#0x213
  370  00001420  4be00000	jr	r31
  371  00001424  54000000	nop
  372  00001428          	.endproc _Open
  374  00001428          	.proc _Close
  375  00001428          	.global _Close
  376  00001428          	_Close:
  377  00001428  44000214	trap	#0x214
  378  0000142c  4be00000	jr	r31
  379  00001430  54000000	nop
  380  00001434          	.endproc _Close
  382  00001434          	.proc _Read
  383  00001434          	.global _Read
  384  00001434          	_Read:
  385  00001434  44000210	trap	#0x210
  386  00001438  4be00000	jr	r31
  387  0000143c  54000000	nop
  388  00001440          	.endproc _Read
  390  00001440          	.proc _Write
  391  00001440          	.global _Write
  392  00001440          	_Write:
  393  00001440  44000211	trap	#0x211
  394  00001444  4be00000	jr	r31
  395  00001448  54000000	nop
  396  0000144c          	.endproc _Write
  398  0000144c          	.proc _Lseek
  399  0000144c          	.global _Lseek
  400  0000144c          	_Lseek:
  401  0000144c  44000212	trap	#0x212
  402  00001450  4be00000	jr	r31
  403  00001454  54000000	nop
  404  00001458          	.endproc _Lseek
  406  00001458          	.proc _Putchar
  407  00001458          	.global _Putchar
  408  00001458          	_Putchar:
  409  00001458  44000280	trap	#0x280
  410  0000145c  4be00000	jr	r31
  411  00001460  54000000	nop
  412  00001464          	.endproc _Putchar
  414  00001464          	.proc _Printf
  415  00001464          	.global _Printf
  416  00001464          	_Printf:
  417  00001464  44000201	trap	#0x201
  418  00001468  4be00000	jr	r31
  419  0000146c  54000000	nop
  420  00001470          	.endproc _Printf
  422  00001470          	.proc _getpid
  423  00001470          	.global _getpid
  424  00001470          	_getpid:
  425  00001470  44000431	trap	#0x431
  426  00001474  4be00000	jr	r31
  427  00001478  54000000	nop
  428  0000147c          	.endproc _getpid
  430  0000147c          	.proc _process_create
  431  0000147c          	.global _process_create
  432  0000147c          	_process_create:
  433  0000147c  44000432	trap	#0x432
  434  00001480  4be00000	jr	r31
  435  00001484  54000000	nop
  436  00001488          	.endproc _process_create
  438  00001488          	.proc _shmget
  439  00001488          	.global _shmget
  440  00001488          	_shmget:
  441  00001488  44000440	trap	#0x440
  442  0000148c  4be00000	jr	r31
  443  00001490  54000000	nop
  444  00001494          	.endproc _shmget
  446  00001494          	.proc _shmat
  447  00001494          	.global _shmat
  448  00001494          	_shmat:
  449  00001494  44000441	trap	#0x441
  450  00001498  4be00000	jr	r31
  451  0000149c  54000000	nop
  452  000014a0          	.endproc _shmat
  454  000014a0          	.proc _sem_create
  455  000014a0          	.global _sem_create
  456  000014a0          	_sem_create:
  457  000014a0  44000450	trap	#0x450
  458  000014a4  4be00000	jr	r31
  459  000014a8  54000000	nop
  460  000014ac          	.endproc _sem_create
  462  000014ac          	.proc _sem_wait
  463  000014ac          	.global _sem_wait
  464  000014ac          	_sem_wait:
  465  000014ac  44000451	trap	#0x451
  466  000014b0  4be00000	jr	r31
  467  000014b4  54000000	nop
  468  000014b8          	.endproc _sem_wait
  470  000014b8          	.proc _sem_signal
  471  000014b8          	.global _sem_signal
  472  000014b8          	_sem_signal:
  473  000014b8  44000452	trap	#0x452
  474  000014bc  4be00000	jr	r31
  475  000014c0  54000000	nop
  476  000014c4          	.endproc _sem_signal
  478  000014c4          	.proc _lock_create
  479  000014c4          	.global _lock_create
  480  000014c4          	_lock_create:
  481  000014c4  44000453	trap	#0x453
  482  000014c8  4be00000	jr	r31
  483  000014cc  54000000	nop
  484  000014d0          	.endproc _lock_create
  486  000014d0          	.proc _lock_acquire
  487  000014d0          	.global _lock_acquire
  488  000014d0          	_lock_acquire:
  489  000014d0  44000454	trap	#0x454
  490  000014d4  4be00000	jr	r31
  491  000014d8  54000000	nop
  492  000014dc          	.endproc _lock_acquire
  494  000014dc          	.proc _lock_release
  495  000014dc          	.global _lock_release
  496  000014dc          	_lock_release:
  497  000014dc  44000455	trap	#0x455
  498  000014e0  4be00000	jr	r31
  499  000014e4  54000000	nop
  500  000014e8          	.endproc _lock_release
  502  000014e8          	.proc _cond_create
  503  000014e8          	.global _cond_create
  504  000014e8          	_cond_create:
  505  000014e8  44000456	trap	#0x456
  506  000014ec  4be00000	jr	r31
  507  000014f0  54000000	nop
  508  000014f4          	.endproc _cond_create
  510  000014f4          	.proc _cond_wait
  511  000014f4          	.global _cond_wait
  512  000014f4          	_cond_wait:
  513  000014f4  44000457	trap	#0x457
  514  000014f8  4be00000	jr	r31
  515  000014fc  54000000	nop
  516  00001500          	.endproc _cond_wait
  518  00001500          	.proc _cond_signal
  519  00001500          	.global _cond_signal
  520  00001500          	_cond_signal:
  521  00001500  44000458	trap	#0x458
  522  00001504  4be00000	jr	r31
  523  00001508  54000000	nop
  524  0000150c          	.endproc _cond_signal
  526  0000150c          	.proc _cond_broadcast
  527  0000150c          	.global _cond_broadcast
  528  0000150c          	_cond_broadcast:
  529  0000150c  44000455	trap	#0x455
  530  00001510  4be00000	jr	r31
  531  00001514  54000000	nop
  532  00001518          	.endproc _cond_broadcast
  534  00001518          	.proc _Exit
  535  00001518          	.global _Exit
  536  00001518          	_Exit:
  537  00001518  44000500	trap	#0x500
  538  0000151c  4be00000	jr	r31
  539  00001520  54000000	nop
  540  00001524          	.endproc _Exit
  541                      ; Compiled by GCC
  543  00001524          	.align 2
  544  00001524          	.proc _isspace
  545  00001524          	.global _isspace
  546  00001524          	_isspace:
  547                      ;  Function 'isspace'; 0 bytes of locals, 3 regs to save.
  548  00001524  afbefffc	sw	-4(r29),r30; push fp
  549  00001528  001df020	add	r30,r0,r29; fp = sp
  550  0000152c  afbffff8	sw	-8(r29),r31; push ret addr
  551  00001530  2fbd0018	subui	r29,r29,#24; alloc local storage
  552  00001534  afa20000	sw	0(r29),r2
  553  00001538  afa30004	sw	4(r29),r3
  554  0000153c  afa40008	sw	8(r29),r4
  555  00001540  83c20003	lb	r2,3(r30)
  556  00001544  20010000	addi	r1,r0,#0
  557  00001548  304300ff	andi	r3,r2,#0x00ff
  558  0000154c  60640020	seqi	r4,r3,#32
  559  00001550  1480002c	bnez	r4,L3_LF2
  560  00001554  54000000	nop; delay slot nop
  561  00001558  304300ff	andi	r3,r2,#0x00ff
  562  0000155c  60640009	seqi	r4,r3,#9
  563  00001560  1480001c	bnez	r4,L3_LF2
  564  00001564  54000000	nop; delay slot nop
  565  00001568  304300ff	andi	r3,r2,#0x00ff
  566  0000156c  6064000a	seqi	r4,r3,#10
  567  00001570  1480000c	bnez	r4,L3_LF2
  568  00001574  54000000	nop; delay slot nop
  569  00001578  08000008	j	L2_LF2
  570  0000157c  54000000	nop; delay slot nop
  571  00001580          	L3_LF2:
  572  00001580  20010001	addi	r1,r0,#1
  573  00001584          	L2_LF2:
  574  00001584  08000004	j	L1_LF2
  575  00001588  54000000	nop; delay slot nop
  576  0000158c          	L1_LF2:
  577  0000158c  8fa20000	lw	r2,0(r29)
  578  00001590  8fa30004	lw	r3,4(r29)
  579  00001594  8fa40008	lw	r4,8(r29)
  580  00001598  8fdffff8	lw	r31,-8(r30)
  581  0000159c  001ee820	add	r29,r0,r30
  582  000015a0  8fdefffc	lw	r30,-4(r30)
  583  000015a4  4be00000	jr	r31
  584  000015a8  54000000	nop
  585  000015ac          	.endproc _isspace
  586  000015ac          	.align 2
  587  000015ac          	.proc _isxdigit
  588  000015ac          	.global _isxdigit
  589  000015ac          	_isxdigit:
  590                      ;  Function 'isxdigit'; 0 bytes of locals, 3 regs to save.
  591  000015ac  afbefffc	sw	-4(r29),r30; push fp
  592  000015b0  001df020	add	r30,r0,r29; fp = sp
  593  000015b4  afbffff8	sw	-8(r29),r31; push ret addr
  594  000015b8  2fbd0018	subui	r29,r29,#24; alloc local storage
  595  000015bc  afa20000	sw	0(r29),r2
  596  000015c0  afa30004	sw	4(r29),r3
  597  000015c4  afa40008	sw	8(r29),r4
  598  000015c8  83c20003	lb	r2,3(r30)
  599  000015cc  20010000	addi	r1,r0,#0
  600  000015d0  304300ff	andi	r3,r2,#0x00ff
  601  000015d4  6c64002f	sgtui	r4,r3,#47
  602  000015d8  1080001c	beqz	r4,L7_LF2
  603  000015dc  54000000	nop; delay slot nop
  604  000015e0  304300ff	andi	r3,r2,#0x00ff
  605  000015e4  70640039	sleui	r4,r3,#57
  606  000015e8  1480005c	bnez	r4,L6_LF2
  607  000015ec  54000000	nop; delay slot nop
  608  000015f0  08000004	j	L7_LF2
  609  000015f4  54000000	nop; delay slot nop
  610  000015f8          	L7_LF2:
  611  000015f8  304300ff	andi	r3,r2,#0x00ff
  612  000015fc  6c640060	sgtui	r4,r3,#96
  613  00001600  1080001c	beqz	r4,L8_LF2
  614  00001604  54000000	nop; delay slot nop
  615  00001608  304300ff	andi	r3,r2,#0x00ff
  616  0000160c  70640066	sleui	r4,r3,#102
  617  00001610  14800034	bnez	r4,L6_LF2
  618  00001614  54000000	nop; delay slot nop
  619  00001618  08000004	j	L8_LF2
  620  0000161c  54000000	nop; delay slot nop
  621  00001620          	L8_LF2:
  622  00001620  304300ff	andi	r3,r2,#0x00ff
  623  00001624  6c640040	sgtui	r4,r3,#64
  624  00001628  10800020	beqz	r4,L5_LF2
  625  0000162c  54000000	nop; delay slot nop
  626  00001630  304300ff	andi	r3,r2,#0x00ff
  627  00001634  70640041	sleui	r4,r3,#65
  628  00001638  1480000c	bnez	r4,L6_LF2
  629  0000163c  54000000	nop; delay slot nop
  630  00001640  08000008	j	L5_LF2
  631  00001644  54000000	nop; delay slot nop
  632  00001648          	L6_LF2:
  633  00001648  20010001	addi	r1,r0,#1
  634  0000164c          	L5_LF2:
  635  0000164c  08000004	j	L4_LF2
  636  00001650  54000000	nop; delay slot nop
  637  00001654          	L4_LF2:
  638  00001654  8fa20000	lw	r2,0(r29)
  639  00001658  8fa30004	lw	r3,4(r29)
  640  0000165c  8fa40008	lw	r4,8(r29)
  641  00001660  8fdffff8	lw	r31,-8(r30)
  642  00001664  001ee820	add	r29,r0,r30
  643  00001668  8fdefffc	lw	r30,-4(r30)
  644  0000166c  4be00000	jr	r31
  645  00001670  54000000	nop
  646  00001674          	.endproc _isxdigit
  647  00001674          	.align 2
  648  00001674          	.proc _dstrcpy
  649  00001674          	.global _dstrcpy
  650  00001674          	_dstrcpy:
  651                      ;  Function 'dstrcpy'; 8 bytes of locals, 2 regs to save.
  652  00001674  afbefffc	sw	-4(r29),r30; push fp
  653  00001678  001df020	add	r30,r0,r29; fp = sp
  654  0000167c  afbffff8	sw	-8(r29),r31; push ret addr
  655  00001680  2fbd0018	subui	r29,r29,#24; alloc local storage
  656  00001684  afa20000	sw	0(r29),r2
  657  00001688  afa30004	sw	4(r29),r3
  658  0000168c  8fc10000	lw	r1,(r30)
  659  00001690  afc1fff4	sw	-12(r30),r1
  660  00001694          	L10_LF2:
  661  00001694  8fc10000	lw	r1,(r30)
  662  00001698  20220001	addi	r2,r1,#1
  663  0000169c  afc20000	sw	(r30),r2
  664  000016a0  8fc20004	lw	r2,4(r30)
  665  000016a4  20430001	addi	r3,r2,#1
  666  000016a8  afc30004	sw	4(r30),r3
  667  000016ac  80420000	lb	r2,(r2)
  668  000016b0  a0220000	sb	(r1),r2
  669  000016b4  a3c2fff3	sb	-13(r30),r2
  670  000016b8          	L12_LF2:
  671  000016b8  93c1fff3	lbu	r1,-13(r30)
  672  000016bc  64220000	snei	r2,r1,#0
  673  000016c0  1440000c	bnez	r2,L13_LF2
  674  000016c4  54000000	nop; delay slot nop
  675  000016c8  0800000c	j	L11_LF2
  676  000016cc  54000000	nop; delay slot nop
  677  000016d0          	L13_LF2:
  678  000016d0  0bffffc0	j	L10_LF2
  679  000016d4  54000000	nop; delay slot nop
  680  000016d8          	L11_LF2:
  681  000016d8  8fc1fff4	lw	r1,-12(r30)
  682  000016dc  08000004	j	L9_LF2
  683  000016e0  54000000	nop; delay slot nop
  684  000016e4          	L9_LF2:
  685  000016e4  8fa20000	lw	r2,0(r29)
  686  000016e8  8fa30004	lw	r3,4(r29)
  687  000016ec  8fdffff8	lw	r31,-8(r30)
  688  000016f0  001ee820	add	r29,r0,r30
  689  000016f4  8fdefffc	lw	r30,-4(r30)
  690  000016f8  4be00000	jr	r31
  691  000016fc  54000000	nop
  692  00001700          	.endproc _dstrcpy
  693  00001700          	.align 2
  694  00001700          	.proc _dstrncpy
  695  00001700          	.global _dstrncpy
  696  00001700          	_dstrncpy:
  697                      ;  Function 'dstrncpy'; 8 bytes of locals, 2 regs to save.
  698  00001700  afbefffc	sw	-4(r29),r30; push fp
  699  00001704  001df020	add	r30,r0,r29; fp = sp
  700  00001708  afbffff8	sw	-8(r29),r31; push ret addr
  701  0000170c  2fbd0018	subui	r29,r29,#24; alloc local storage
  702  00001710  afa20000	sw	0(r29),r2
  703  00001714  afa30004	sw	4(r29),r3
  704  00001718  8fc10000	lw	r1,(r30)
  705  0000171c  afc1fff4	sw	-12(r30),r1
  706  00001720          	L15_LF2:
  707  00001720  8fc10008	lw	r1,8(r30)
  708  00001724  2022ffff	addi	r2,r1,#-1
  709  00001728  afc20008	sw	8(r30),r2
  710  0000172c  70210000	slei	r1,r1,#0
  711  00001730  1020000c	beqz	r1,L18_LF2
  712  00001734  54000000	nop; delay slot nop
  713  00001738  08000048	j	L16_LF2
  714  0000173c  54000000	nop; delay slot nop
  715  00001740          	L18_LF2:
  716  00001740  8fc10000	lw	r1,(r30)
  717  00001744  20220001	addi	r2,r1,#1
  718  00001748  afc20000	sw	(r30),r2
  719  0000174c  8fc20004	lw	r2,4(r30)
  720  00001750  20430001	addi	r3,r2,#1
  721  00001754  afc30004	sw	4(r30),r3
  722  00001758  80420000	lb	r2,(r2)
  723  0000175c  a0220000	sb	(r1),r2
  724  00001760  a3c2fff3	sb	-13(r30),r2
  725  00001764          	L17_LF2:
  726  00001764  93c1fff3	lbu	r1,-13(r30)
  727  00001768  64220000	snei	r2,r1,#0
  728  0000176c  1440000c	bnez	r2,L19_LF2
  729  00001770  54000000	nop; delay slot nop
  730  00001774  0800000c	j	L16_LF2
  731  00001778  54000000	nop; delay slot nop
  732  0000177c          	L19_LF2:
  733  0000177c  0bffffa0	j	L15_LF2
  734  00001780  54000000	nop; delay slot nop
  735  00001784          	L16_LF2:
  736  00001784  8fc1fff4	lw	r1,-12(r30)
  737  00001788  08000004	j	L14_LF2
  738  0000178c  54000000	nop; delay slot nop
  739  00001790          	L14_LF2:
  740  00001790  8fa20000	lw	r2,0(r29)
  741  00001794  8fa30004	lw	r3,4(r29)
  742  00001798  8fdffff8	lw	r31,-8(r30)
  743  0000179c  001ee820	add	r29,r0,r30
  744  000017a0  8fdefffc	lw	r30,-4(r30)
  745  000017a4  4be00000	jr	r31
  746  000017a8  54000000	nop
  747  000017ac          	.endproc _dstrncpy
  748  000017ac          	.align 2
  749  000017ac          	.proc _dstrcat
  750  000017ac          	.global _dstrcat
  751  000017ac          	_dstrcat:
  752                      ;  Function 'dstrcat'; 8 bytes of locals, 1 regs to save.
  753  000017ac  afbefffc	sw	-4(r29),r30; push fp
  754  000017b0  001df020	add	r30,r0,r29; fp = sp
  755  000017b4  afbffff8	sw	-8(r29),r31; push ret addr
  756  000017b8  2fbd0018	subui	r29,r29,#24; alloc local storage
  757  000017bc  afa20000	sw	0(r29),r2
  758  000017c0  8fc10000	lw	r1,(r30)
  759  000017c4  afc1fff4	sw	-12(r30),r1
  760  000017c8          	L21_LF2:
  761  000017c8  8fc10000	lw	r1,(r30)
  762  000017cc  90220000	lbu	r2,(r1)
  763  000017d0  64410000	snei	r1,r2,#0
  764  000017d4  1420000c	bnez	r1,L23_LF2
  765  000017d8  54000000	nop; delay slot nop
  766  000017dc  0800001c	j	L22_LF2
  767  000017e0  54000000	nop; delay slot nop
  768  000017e4          	L23_LF2:
  769  000017e4  8fc20000	lw	r2,(r30)
  770  000017e8  20410001	addi	r1,r2,#1
  771  000017ec  00011020	add	r2,r0,r1
  772  000017f0  afc20000	sw	(r30),r2
  773  000017f4  0bffffd0	j	L21_LF2
  774  000017f8  54000000	nop; delay slot nop
  775  000017fc          	L22_LF2:
  776  000017fc  23bdfff8	addi	r29,r29,#-8
  777  00001800  001d0820	add	r1,r0,r29
  778  00001804  8fc20000	lw	r2,(r30)
  779  00001808  ac220000	sw	(r1),r2
  780  0000180c  8fc20004	lw	r2,4(r30)
  781  00001810  ac220004	sw	4(r1),r2
  782  00001814  0ffffe5c	jal	_dstrcpy
  783  00001818  54000000	nop; delay slot nop
  784  0000181c  23bd0008	addi	r29,r29,#8
  785  00001820  8fc1fff4	lw	r1,-12(r30)
  786  00001824  08000004	j	L20_LF2
  787  00001828  54000000	nop; delay slot nop
  788  0000182c          	L20_LF2:
  789  0000182c  8fa20000	lw	r2,0(r29)
  790  00001830  8fdffff8	lw	r31,-8(r30)
  791  00001834  001ee820	add	r29,r0,r30
  792  00001838  8fdefffc	lw	r30,-4(r30)
  793  0000183c  4be00000	jr	r31
  794  00001840  54000000	nop
  795  00001844          	.endproc _dstrcat
  796  00001844          	.align 2
  797  00001844          	.proc _dstrncmp
  798  00001844          	.global _dstrncmp
  799  00001844          	_dstrncmp:
  800                      ;  Function 'dstrncmp'; 8 bytes of locals, 2 regs to save.
  801  00001844  afbefffc	sw	-4(r29),r30; push fp
  802  00001848  001df020	add	r30,r0,r29; fp = sp
  803  0000184c  afbffff8	sw	-8(r29),r31; push ret addr
  804  00001850  2fbd0018	subui	r29,r29,#24; alloc local storage
  805  00001854  afa20000	sw	0(r29),r2
  806  00001858  afa30004	sw	4(r29),r3
  807  0000185c  54000000	nop
  808  00001860  20010000	addi	r1,r0,#0
  809  00001864  afc1fff4	sw	-12(r30),r1
  810  00001868          	L25_LF2:
  811  00001868  8fc1fff4	lw	r1,-12(r30)
  812  0000186c  8fc20008	lw	r2,8(r30)
  813  00001870  0022082a	slt	r1,r1,r2
  814  00001874  1420000c	bnez	r1,L28_LF2
  815  00001878  54000000	nop; delay slot nop
  816  0000187c  08000088	j	L26_LF2
  817  00001880  54000000	nop; delay slot nop
  818  00001884          	L28_LF2:
  819  00001884  8fc10004	lw	r1,4(r30)
  820  00001888  90220000	lbu	r2,(r1)
  821  0000188c  64410000	snei	r1,r2,#0
  822  00001890  14200018	bnez	r1,L29_LF2
  823  00001894  54000000	nop; delay slot nop
  824  00001898  20010000	addi	r1,r0,#0
  825  0000189c  080000d8	j	L24_LF2
  826  000018a0  54000000	nop; delay slot nop
  827  000018a4  08000028	j	L30_LF2
  828  000018a8  54000000	nop; delay slot nop
  829  000018ac          	L29_LF2:
  830  000018ac  8fc10000	lw	r1,(r30)
  831  000018b0  8fc20004	lw	r2,4(r30)
  832  000018b4  90210000	lbu	r1,(r1)
  833  000018b8  90420000	lbu	r2,(r2)
  834  000018bc  00220829	sne	r1,r1,r2
  835  000018c0  1020000c	beqz	r1,L30_LF2
  836  000018c4  54000000	nop; delay slot nop
  837  000018c8  0800003c	j	L26_LF2
  838  000018cc  54000000	nop; delay slot nop
  839  000018d0          	L31_LF2:
  840  000018d0          	L30_LF2:
  841  000018d0  8fc20000	lw	r2,(r30)
  842  000018d4  20410001	addi	r1,r2,#1
  843  000018d8  00011020	add	r2,r0,r1
  844  000018dc  afc20000	sw	(r30),r2
  845  000018e0  8fc20004	lw	r2,4(r30)
  846  000018e4  20410001	addi	r1,r2,#1
  847  000018e8  00011020	add	r2,r0,r1
  848  000018ec  afc20004	sw	4(r30),r2
  849  000018f0          	L27_LF2:
  850  000018f0  8fc2fff4	lw	r2,-12(r30)
  851  000018f4  20410001	addi	r1,r2,#1
  852  000018f8  00011020	add	r2,r0,r1
  853  000018fc  afc2fff4	sw	-12(r30),r2
  854  00001900  0bffff64	j	L25_LF2
  855  00001904  54000000	nop; delay slot nop
  856  00001908          	L26_LF2:
  857  00001908  8fc1fff4	lw	r1,-12(r30)
  858  0000190c  8fc20008	lw	r2,8(r30)
  859  00001910  00220828	seq	r1,r1,r2
  860  00001914  10200018	beqz	r1,L32_LF2
  861  00001918  54000000	nop; delay slot nop
  862  0000191c  20010000	addi	r1,r0,#0
  863  00001920  08000054	j	L24_LF2
  864  00001924  54000000	nop; delay slot nop
  865  00001928  0800004c	j	L33_LF2
  866  0000192c  54000000	nop; delay slot nop
  867  00001930          	L32_LF2:
  868  00001930  8fc20000	lw	r2,(r30)
  869  00001934  90410000	lbu	r1,(r2)
  870  00001938  8fc20004	lw	r2,4(r30)
  871  0000193c  90430000	lbu	r3,(r2)
  872  00001940  00230822	sub	r1,r1,r3
  873  00001944  74220000	sgei	r2,r1,#0
  874  00001948  10400020	beqz	r2,L34_LF2
  875  0000194c  54000000	nop; delay slot nop
  876  00001950  8fc10000	lw	r1,(r30)
  877  00001954  8fc20004	lw	r2,4(r30)
  878  00001958  90210000	lbu	r1,(r1)
  879  0000195c  90420000	lbu	r2,(r2)
  880  00001960  00220829	sne	r1,r1,r2
  881  00001964  08000008	j	L35_LF2
  882  00001968  54000000	nop; delay slot nop
  883  0000196c          	L34_LF2:
  884  0000196c  2001ffff	addi	r1,r0,#-1
  885  00001970          	L35_LF2:
  886  00001970  08000004	j	L24_LF2
  887  00001974  54000000	nop; delay slot nop
  888  00001978          	L33_LF2:
  889  00001978          	L24_LF2:
  890  00001978  8fa20000	lw	r2,0(r29)
  891  0000197c  8fa30004	lw	r3,4(r29)
  892  00001980  8fdffff8	lw	r31,-8(r30)
  893  00001984  001ee820	add	r29,r0,r30
  894  00001988  8fdefffc	lw	r30,-4(r30)
  895  0000198c  4be00000	jr	r31
  896  00001990  54000000	nop
  897  00001994          	.endproc _dstrncmp
  898  00001994          	.align 2
  899  00001994          	.proc _dstrlen
  900  00001994          	.global _dstrlen
  901  00001994          	_dstrlen:
  902                      ;  Function 'dstrlen'; 8 bytes of locals, 1 regs to save.
  903  00001994  afbefffc	sw	-4(r29),r30; push fp
  904  00001998  001df020	add	r30,r0,r29; fp = sp
  905  0000199c  afbffff8	sw	-8(r29),r31; push ret addr
  906  000019a0  2fbd0018	subui	r29,r29,#24; alloc local storage
  907  000019a4  afa20000	sw	0(r29),r2
  908  000019a8  20010000	addi	r1,r0,#0
  909  000019ac  afc1fff4	sw	-12(r30),r1
  910  000019b0          	L37_LF2:
  911  000019b0  8fc10000	lw	r1,(r30)
  912  000019b4  20220001	addi	r2,r1,#1
  913  000019b8  afc20000	sw	(r30),r2
  914  000019bc  90210000	lbu	r1,(r1)
  915  000019c0  64220000	snei	r2,r1,#0
  916  000019c4  1440000c	bnez	r2,L39_LF2
  917  000019c8  54000000	nop; delay slot nop
  918  000019cc  0800001c	j	L38_LF2
  919  000019d0  54000000	nop; delay slot nop
  920  000019d4          	L39_LF2:
  921  000019d4  8fc2fff4	lw	r2,-12(r30)
  922  000019d8  20410001	addi	r1,r2,#1
  923  000019dc  00011020	add	r2,r0,r1
  924  000019e0  afc2fff4	sw	-12(r30),r2
  925  000019e4  0bffffc8	j	L37_LF2
  926  000019e8  54000000	nop; delay slot nop
  927  000019ec          	L38_LF2:
  928  000019ec  8fc1fff4	lw	r1,-12(r30)
  929  000019f0  08000004	j	L36_LF2
  930  000019f4  54000000	nop; delay slot nop
  931  000019f8          	L36_LF2:
  932  000019f8  8fa20000	lw	r2,0(r29)
  933  000019fc  8fdffff8	lw	r31,-8(r30)
  934  00001a00  001ee820	add	r29,r0,r30
  935  00001a04  8fdefffc	lw	r30,-4(r30)
  936  00001a08  4be00000	jr	r31
  937  00001a0c  54000000	nop
  938  00001a10          	.endproc _dstrlen
  939  00001a10          	.align 2
  940  00001a10          	.proc _dstrstr
  941  00001a10          	.global _dstrstr
  942  00001a10          	_dstrstr:
  943                      ;  Function 'dstrstr'; 8 bytes of locals, 1 regs to save.
  944  00001a10  afbefffc	sw	-4(r29),r30; push fp
  945  00001a14  001df020	add	r30,r0,r29; fp = sp
  946  00001a18  afbffff8	sw	-8(r29),r31; push ret addr
  947  00001a1c  2fbd0018	subui	r29,r29,#24; alloc local storage
  948  00001a20  afa20000	sw	0(r29),r2
  949  00001a24  23bdfff8	addi	r29,r29,#-8
  950  00001a28  001d0820	add	r1,r0,r29
  951  00001a2c  8fc20004	lw	r2,4(r30)
  952  00001a30  ac220000	sw	(r1),r2
  953  00001a34  0fffff5c	jal	_dstrlen
  954  00001a38  54000000	nop; delay slot nop
  955  00001a3c  23bd0008	addi	r29,r29,#8
  956  00001a40  afc1fff4	sw	-12(r30),r1
  957  00001a44          	L41_LF2:
  958  00001a44  8fc10000	lw	r1,(r30)
  959  00001a48  90220000	lbu	r2,(r1)
  960  00001a4c  64410000	snei	r1,r2,#0
  961  00001a50  1420000c	bnez	r1,L43_LF2
  962  00001a54  54000000	nop; delay slot nop
  963  00001a58  08000060	j	L42_LF2
  964  00001a5c  54000000	nop; delay slot nop
  965  00001a60          	L43_LF2:
  966  00001a60  23bdfff0	addi	r29,r29,#-16
  967  00001a64  001d0820	add	r1,r0,r29
  968  00001a68  8fc20000	lw	r2,(r30)
  969  00001a6c  ac220000	sw	(r1),r2
  970  00001a70  8fc20004	lw	r2,4(r30)
  971  00001a74  ac220004	sw	4(r1),r2
  972  00001a78  8fc2fff4	lw	r2,-12(r30)
  973  00001a7c  ac220008	sw	8(r1),r2
  974  00001a80  0ffffdc0	jal	_dstrncmp
  975  00001a84  54000000	nop; delay slot nop
  976  00001a88  23bd0010	addi	r29,r29,#16
  977  00001a8c  64220000	snei	r2,r1,#0
  978  00001a90  14400010	bnez	r2,L44_LF2
  979  00001a94  54000000	nop; delay slot nop
  980  00001a98  8fc10000	lw	r1,(r30)
  981  00001a9c  08000028	j	L40_LF2
  982  00001aa0  54000000	nop; delay slot nop
  983  00001aa4          	L44_LF2:
  984  00001aa4  8fc20000	lw	r2,(r30)
  985  00001aa8  20410001	addi	r1,r2,#1
  986  00001aac  00011020	add	r2,r0,r1
  987  00001ab0  afc20000	sw	(r30),r2
  988  00001ab4  0bffff8c	j	L41_LF2
  989  00001ab8  54000000	nop; delay slot nop
  990  00001abc          	L42_LF2:
  991  00001abc  20010000	addi	r1,r0,#0
  992  00001ac0  08000004	j	L40_LF2
  993  00001ac4  54000000	nop; delay slot nop
  994  00001ac8          	L40_LF2:
  995  00001ac8  8fa20000	lw	r2,0(r29)
  996  00001acc  8fdffff8	lw	r31,-8(r30)
  997  00001ad0  001ee820	add	r29,r0,r30
  998  00001ad4  8fdefffc	lw	r30,-4(r30)
  999  00001ad8  4be00000	jr	r31
 1000  00001adc  54000000	nop
 1001  00001ae0          	.endproc _dstrstr
 1002  00001ae0          	.align 2
 1003  00001ae0          	.proc _dmindex
 1004  00001ae0          	.global _dmindex
 1005  00001ae0          	_dmindex:
 1006                      ;  Function 'dmindex'; 8 bytes of locals, 1 regs to save.
 1007  00001ae0  afbefffc	sw	-4(r29),r30; push fp
 1008  00001ae4  001df020	add	r30,r0,r29; fp = sp
 1009  00001ae8  afbffff8	sw	-8(r29),r31; push ret addr
 1010  00001aec  2fbd0018	subui	r29,r29,#24; alloc local storage
 1011  00001af0  afa20000	sw	0(r29),r2
 1012  00001af4  54000000	nop
 1013  00001af8          	L46_LF2:
 1014  00001af8  8fc10000	lw	r1,(r30)
 1015  00001afc  90220000	lbu	r2,(r1)
 1016  00001b00  64410000	snei	r1,r2,#0
 1017  00001b04  1420000c	bnez	r1,L48_LF2
 1018  00001b08  54000000	nop; delay slot nop
 1019  00001b0c  08000070	j	L47_LF2
 1020  00001b10  54000000	nop; delay slot nop
 1021  00001b14          	L48_LF2:
 1022  00001b14  8fc10004	lw	r1,4(r30)
 1023  00001b18  afc1fff4	sw	-12(r30),r1
 1024  00001b1c          	L49_LF2:
 1025  00001b1c  8fc1fff4	lw	r1,-12(r30)
 1026  00001b20  90220000	lbu	r2,(r1)
 1027  00001b24  64410000	snei	r1,r2,#0
 1028  00001b28  1420000c	bnez	r1,L52_LF2
 1029  00001b2c  54000000	nop; delay slot nop
 1030  00001b30  08000044	j	L50_LF2
 1031  00001b34  54000000	nop; delay slot nop
 1032  00001b38          	L52_LF2:
 1033  00001b38  8fc10000	lw	r1,(r30)
 1034  00001b3c  8fc2fff4	lw	r2,-12(r30)
 1035  00001b40  90210000	lbu	r1,(r1)
 1036  00001b44  90420000	lbu	r2,(r2)
 1037  00001b48  00220828	seq	r1,r1,r2
 1038  00001b4c  10200010	beqz	r1,L51_LF2
 1039  00001b50  54000000	nop; delay slot nop
 1040  00001b54  8fc10000	lw	r1,(r30)
 1041  00001b58  08000030	j	L45_LF2
 1042  00001b5c  54000000	nop; delay slot nop
 1043  00001b60          	L53_LF2:
 1044  00001b60          	L51_LF2:
 1045  00001b60  8fc2fff4	lw	r2,-12(r30)
 1046  00001b64  20410001	addi	r1,r2,#1
 1047  00001b68  00011020	add	r2,r0,r1
 1048  00001b6c  afc2fff4	sw	-12(r30),r2
 1049  00001b70  0bffffa8	j	L49_LF2
 1050  00001b74  54000000	nop; delay slot nop
 1051  00001b78          	L50_LF2:
 1052  00001b78  0bffff7c	j	L46_LF2
 1053  00001b7c  54000000	nop; delay slot nop
 1054  00001b80          	L47_LF2:
 1055  00001b80  20010000	addi	r1,r0,#0
 1056  00001b84  08000004	j	L45_LF2
 1057  00001b88  54000000	nop; delay slot nop
 1058  00001b8c          	L45_LF2:
 1059  00001b8c  8fa20000	lw	r2,0(r29)
 1060  00001b90  8fdffff8	lw	r31,-8(r30)
 1061  00001b94  001ee820	add	r29,r0,r30
 1062  00001b98  8fdefffc	lw	r30,-4(r30)
 1063  00001b9c  4be00000	jr	r31
 1064  00001ba0  54000000	nop
 1065  00001ba4          	.endproc _dmindex
 1066  00001ba4          	.align 2
 1067  00001ba4          	.proc _dindex
 1068  00001ba4          	.global _dindex
 1069  00001ba4          	_dindex:
 1070                      ;  Function 'dindex'; 0 bytes of locals, 1 regs to save.
 1071  00001ba4  afbefffc	sw	-4(r29),r30; push fp
 1072  00001ba8  001df020	add	r30,r0,r29; fp = sp
 1073  00001bac  afbffff8	sw	-8(r29),r31; push ret addr
 1074  00001bb0  2fbd0010	subui	r29,r29,#16; alloc local storage
 1075  00001bb4  afa20000	sw	0(r29),r2
 1076  00001bb8  54000000	nop
 1077  00001bbc          	L55_LF2:
 1078  00001bbc  8fc10000	lw	r1,(r30)
 1079  00001bc0  90220000	lbu	r2,(r1)
 1080  00001bc4  64410000	snei	r1,r2,#0
 1081  00001bc8  1420000c	bnez	r1,L57_LF2
 1082  00001bcc  54000000	nop; delay slot nop
 1083  00001bd0  08000040	j	L56_LF2
 1084  00001bd4  54000000	nop; delay slot nop
 1085  00001bd8          	L57_LF2:
 1086  00001bd8  8fc10000	lw	r1,(r30)
 1087  00001bdc  90220000	lbu	r2,(r1)
 1088  00001be0  8fc10004	lw	r1,4(r30)
 1089  00001be4  00411028	seq	r2,r2,r1
 1090  00001be8  10400010	beqz	r2,L58_LF2
 1091  00001bec  54000000	nop; delay slot nop
 1092  00001bf0  8fc10000	lw	r1,(r30)
 1093  00001bf4  08000028	j	L54_LF2
 1094  00001bf8  54000000	nop; delay slot nop
 1095  00001bfc          	L58_LF2:
 1096  00001bfc  8fc20000	lw	r2,(r30)
 1097  00001c00  20410001	addi	r1,r2,#1
 1098  00001c04  00011020	add	r2,r0,r1
 1099  00001c08  afc20000	sw	(r30),r2
 1100  00001c0c  0bffffac	j	L55_LF2
 1101  00001c10  54000000	nop; delay slot nop
 1102  00001c14          	L56_LF2:
 1103  00001c14  20010000	addi	r1,r0,#0
 1104  00001c18  08000004	j	L54_LF2
 1105  00001c1c  54000000	nop; delay slot nop
 1106  00001c20          	L54_LF2:
 1107  00001c20  8fa20000	lw	r2,0(r29)
 1108  00001c24  8fdffff8	lw	r31,-8(r30)
 1109  00001c28  001ee820	add	r29,r0,r30
 1110  00001c2c  8fdefffc	lw	r30,-4(r30)
 1111  00001c30  4be00000	jr	r31
 1112  00001c34  54000000	nop
 1113  00001c38          	.endproc _dindex
 1114  00001c38          	.align 2
 1115  00001c38          	.proc _ditoa
 1116  00001c38          	.global _ditoa
 1117  00001c38          	_ditoa:
 1118                      ;  Function 'ditoa'; 8 bytes of locals, 2 regs to save.
 1119  00001c38  afbefffc	sw	-4(r29),r30; push fp
 1120  00001c3c  001df020	add	r30,r0,r29; fp = sp
 1121  00001c40  afbffff8	sw	-8(r29),r31; push ret addr
 1122  00001c44  2fbd0018	subui	r29,r29,#24; alloc local storage
 1123  00001c48  afa20000	sw	0(r29),r2
 1124  00001c4c  afa30004	sw	4(r29),r3
 1125  00001c50  8fc10000	lw	r1,(r30)
 1126  00001c54  68220000	slti	r2,r1,#0
 1127  00001c58  1040002c	beqz	r2,L60_LF2
 1128  00001c5c  54000000	nop; delay slot nop
 1129  00001c60  8fc10004	lw	r1,4(r30)
 1130  00001c64  20220001	addi	r2,r1,#1
 1131  00001c68  afc20004	sw	4(r30),r2
 1132  00001c6c  2002002d	addi	r2,r0,(#0x2d)&0xff
 1133  00001c70  a0220000	sb	(r1),r2
 1134  00001c74  8fc10000	lw	r1,(r30)
 1135  00001c78  00011022	sub	r2,r0,r1
 1136  00001c7c  afc20000	sw	(r30),r2
 1137  00001c80  08000118	j	L61_LF2
 1138  00001c84  54000000	nop; delay slot nop
 1139  00001c88          	L60_LF2:
 1140  00001c88  8fc10000	lw	r1,(r30)
 1141  00001c8c  64220000	snei	r2,r1,#0
 1142  00001c90  14400020	bnez	r2,L62_LF2
 1143  00001c94  54000000	nop; delay slot nop
 1144  00001c98  8fc10004	lw	r1,4(r30)
 1145  00001c9c  20220001	addi	r2,r1,#1
 1146  00001ca0  afc20004	sw	4(r30),r2
 1147  00001ca4  20020030	addi	r2,r0,(#0x30)&0xff
 1148  00001ca8  a0220000	sb	(r1),r2
 1149  00001cac  080000ec	j	L61_LF2
 1150  00001cb0  54000000	nop; delay slot nop
 1151  00001cb4          	L62_LF2:
 1152  00001cb4  20010001	addi	r1,r0,#1
 1153  00001cb8  afc1fff4	sw	-12(r30),r1
 1154  00001cbc          	L64_LF2:
 1155  00001cbc  8fc1fff4	lw	r1,-12(r30)
 1156  00001cc0  8fc20000	lw	r2,(r30)
 1157  00001cc4  0022082c	sle	r1,r1,r2
 1158  00001cc8  1420000c	bnez	r1,L66_LF2
 1159  00001ccc  54000000	nop; delay slot nop
 1160  00001cd0  08000024	j	L65_LF2
 1161  00001cd4  54000000	nop; delay slot nop
 1162  00001cd8          	L67_LF2:
 1163  00001cd8          	L66_LF2:
 1164  00001cd8  8fc1fff4	lw	r1,-12(r30)
 1165  00001cdc  00011820	add	r3,r0,r1
 1166  00001ce0  50620002	slli	r2,r3,#0x2
 1167  00001ce4  00411020	add	r2,r2,r1
 1168  00001ce8  50410001	slli	r1,r2,#0x1
 1169  00001cec  afc1fff4	sw	-12(r30),r1
 1170  00001cf0  0bffffc8	j	L64_LF2
 1171  00001cf4  54000000	nop; delay slot nop
 1172  00001cf8          	L65_LF2:
 1173  00001cf8  54000000	nop
 1174  00001cfc          	L68_LF2:
 1175  00001cfc  8fc1fff4	lw	r1,-12(r30)
 1176  00001d00  2002000a	addi	r2,r0,#10
 1177  00001d04  00200035	movi2fp	f0,r1
 1178  00001d08  00400835	movi2fp	f1,r2
 1179  00001d0c  0401000f	div	f0,f0,f1
 1180  00001d10  00000834	movfp2i	r1,f0
 1181  00001d14  afc1fff4	sw	-12(r30),r1
 1182  00001d18  8fc10004	lw	r1,4(r30)
 1183  00001d1c  20220001	addi	r2,r1,#1
 1184  00001d20  afc20004	sw	4(r30),r2
 1185  00001d24  8fc20000	lw	r2,(r30)
 1186  00001d28  8fc3fff4	lw	r3,-12(r30)
 1187  00001d2c  00400035	movi2fp	f0,r2
 1188  00001d30  00600835	movi2fp	f1,r3
 1189  00001d34  0401000f	div	f0,f0,f1
 1190  00001d38  00001034	movfp2i	r2,f0
 1191  00001d3c  00021820	add	r3,r0,r2
 1192  00001d40  20620030	addi	r2,r3,#48
 1193  00001d44  a0220000	sb	(r1),r2
 1194  00001d48  8fc10000	lw	r1,(r30)
 1195  00001d4c  8fc3fff4	lw	r3,-12(r30)
 1196  00001d50  00200035	movi2fp	f0,r1
 1197  00001d54  00600835	movi2fp	f1,r3
 1198  00001d58  0401000f	div	f0,f0,f1
 1199  00001d5c  00001034	movfp2i	r2,f0
 1200  00001d60  8fc3fff4	lw	r3,-12(r30)
 1201  00001d64  00400035	movi2fp	f0,r2
 1202  00001d68  00600835	movi2fp	f1,r3
 1203  00001d6c  0401000e	mult	f0,f0,f1
 1204  00001d70  00001034	movfp2i	r2,f0
 1205  00001d74  00220822	sub	r1,r1,r2
 1206  00001d78  afc10000	sw	(r30),r1
 1207  00001d7c          	L70_LF2:
 1208  00001d7c  8fc1fff4	lw	r1,-12(r30)
 1209  00001d80  6c220001	sgti	r2,r1,#1
 1210  00001d84  1440000c	bnez	r2,L71_LF2
 1211  00001d88  54000000	nop; delay slot nop
 1212  00001d8c  0800000c	j	L61_LF2
 1213  00001d90  54000000	nop; delay slot nop
 1214  00001d94          	L71_LF2:
 1215  00001d94  0bffff64	j	L68_LF2
 1216  00001d98  54000000	nop; delay slot nop
 1217  00001d9c          	L69_LF2:
 1218  00001d9c          	L63_LF2:
 1219  00001d9c          	L61_LF2:
 1220  00001d9c  8fc10004	lw	r1,4(r30)
 1221  00001da0  20020000	addi	r2,r0,(#0x0)&0xff
 1222  00001da4  a0220000	sb	(r1),r2
 1223  00001da8          	L59_LF2:
 1224  00001da8  8fa20000	lw	r2,0(r29)
 1225  00001dac  8fa30004	lw	r3,4(r29)
 1226  00001db0  8fdffff8	lw	r31,-8(r30)
 1227  00001db4  001ee820	add	r29,r0,r30
 1228  00001db8  8fdefffc	lw	r30,-4(r30)
 1229  00001dbc  4be00000	jr	r31
 1230  00001dc0  54000000	nop
 1231  00001dc4          	.endproc _ditoa
 1232  00001dc4          	.align 2
 1233  00001dc4          	.proc _dstrtol
 1234  00001dc4          	.global _dstrtol
 1235  00001dc4          	_dstrtol:
 1236                      ;  Function 'dstrtol'; 16 bytes of locals, 1 regs to save.
 1237  00001dc4  afbefffc	sw	-4(r29),r30; push fp
 1238  00001dc8  001df020	add	r30,r0,r29; fp = sp
 1239  00001dcc  afbffff8	sw	-8(r29),r31; push ret addr
 1240  00001dd0  2fbd0020	subui	r29,r29,#32; alloc local storage
 1241  00001dd4  afa20000	sw	0(r29),r2
 1242  00001dd8  20010000	addi	r1,r0,#0
 1243  00001ddc  afc1fff4	sw	-12(r30),r1
 1244  00001de0          	L73_LF2:
 1245  00001de0  8fc10000	lw	r1,(r30)
 1246  00001de4  90220000	lbu	r2,(r1)
 1247  00001de8  60410020	seqi	r1,r2,#32
 1248  00001dec  14200034	bnez	r1,L75_LF2
 1249  00001df0  54000000	nop; delay slot nop
 1250  00001df4  8fc10000	lw	r1,(r30)
 1251  00001df8  90220000	lbu	r2,(r1)
 1252  00001dfc  60410009	seqi	r1,r2,#9
 1253  00001e00  14200020	bnez	r1,L75_LF2
 1254  00001e04  54000000	nop; delay slot nop
 1255  00001e08  8fc10000	lw	r1,(r30)
 1256  00001e0c  90220000	lbu	r2,(r1)
 1257  00001e10  6041000a	seqi	r1,r2,#10
 1258  00001e14  1420000c	bnez	r1,L75_LF2
 1259  00001e18  54000000	nop; delay slot nop
 1260  00001e1c  0800001c	j	L74_LF2
 1261  00001e20  54000000	nop; delay slot nop
 1262  00001e24          	L75_LF2:
 1263  00001e24  8fc20000	lw	r2,(r30)
 1264  00001e28  20410001	addi	r1,r2,#1
 1265  00001e2c  00011020	add	r2,r0,r1
 1266  00001e30  afc20000	sw	(r30),r2
 1267  00001e34  0bffffa8	j	L73_LF2
 1268  00001e38  54000000	nop; delay slot nop
 1269  00001e3c          	L74_LF2:
 1270  00001e3c  8fc10004	lw	r1,4(r30)
 1271  00001e40  64220000	snei	r2,r1,#0
 1272  00001e44  10400010	beqz	r2,L76_LF2
 1273  00001e48  54000000	nop; delay slot nop
 1274  00001e4c  8fc10004	lw	r1,4(r30)
 1275  00001e50  8fc20000	lw	r2,(r30)
 1276  00001e54  ac220000	sw	(r1),r2
 1277  00001e58          	L76_LF2:
 1278  00001e58  8fc10000	lw	r1,(r30)
 1279  00001e5c  90220000	lbu	r2,(r1)
 1280  00001e60  64410000	snei	r1,r2,#0
 1281  00001e64  14200010	bnez	r1,L77_LF2
 1282  00001e68  54000000	nop; delay slot nop
 1283  00001e6c  8fc1fff4	lw	r1,-12(r30)
 1284  00001e70  08000294	j	L72_LF2
 1285  00001e74  54000000	nop; delay slot nop
 1286  00001e78          	L77_LF2:
 1287  00001e78  8fc10000	lw	r1,(r30)
 1288  00001e7c  90220000	lbu	r2,(r1)
 1289  00001e80  6041002d	seqi	r1,r2,#45
 1290  00001e84  10200024	beqz	r1,L78_LF2
 1291  00001e88  54000000	nop; delay slot nop
 1292  00001e8c  2001ffff	addi	r1,r0,#-1
 1293  00001e90  afc1ffec	sw	-20(r30),r1
 1294  00001e94  8fc20000	lw	r2,(r30)
 1295  00001e98  20410001	addi	r1,r2,#1
 1296  00001e9c  00011020	add	r2,r0,r1
 1297  00001ea0  afc20000	sw	(r30),r2
 1298  00001ea4  0800000c	j	L79_LF2
 1299  00001ea8  54000000	nop; delay slot nop
 1300  00001eac          	L78_LF2:
 1301  00001eac  20010001	addi	r1,r0,#1
 1302  00001eb0  afc1ffec	sw	-20(r30),r1
 1303  00001eb4          	L79_LF2:
 1304  00001eb4  8fc10008	lw	r1,8(r30)
 1305  00001eb8  64220000	snei	r2,r1,#0
 1306  00001ebc  14400090	bnez	r2,L80_LF2
 1307  00001ec0  54000000	nop; delay slot nop
 1308  00001ec4  8fc10000	lw	r1,(r30)
 1309  00001ec8  90220000	lbu	r2,(r1)
 1310  00001ecc  60410030	seqi	r1,r2,#48
 1311  00001ed0  10200074	beqz	r1,L81_LF2
 1312  00001ed4  54000000	nop; delay slot nop
 1313  00001ed8  8fc20000	lw	r2,(r30)
 1314  00001edc  20410001	addi	r1,r2,#1
 1315  00001ee0  00011020	add	r2,r0,r1
 1316  00001ee4  afc20000	sw	(r30),r2
 1317  00001ee8  8fc10000	lw	r1,(r30)
 1318  00001eec  90220000	lbu	r2,(r1)
 1319  00001ef0  60410078	seqi	r1,r2,#120
 1320  00001ef4  14200020	bnez	r1,L83_LF2
 1321  00001ef8  54000000	nop; delay slot nop
 1322  00001efc  8fc10000	lw	r1,(r30)
 1323  00001f00  90220000	lbu	r2,(r1)
 1324  00001f04  60410058	seqi	r1,r2,#88
 1325  00001f08  1420000c	bnez	r1,L83_LF2
 1326  00001f0c  54000000	nop; delay slot nop
 1327  00001f10  08000024	j	L82_LF2
 1328  00001f14  54000000	nop; delay slot nop
 1329  00001f18          	L83_LF2:
 1330  00001f18  20010010	addi	r1,r0,#16
 1331  00001f1c  afc10008	sw	8(r30),r1
 1332  00001f20  8fc20000	lw	r2,(r30)
 1333  00001f24  20410001	addi	r1,r2,#1
 1334  00001f28  00011020	add	r2,r0,r1
 1335  00001f2c  afc20000	sw	(r30),r2
 1336  00001f30  0800000c	j	L84_LF2
 1337  00001f34  54000000	nop; delay slot nop
 1338  00001f38          	L82_LF2:
 1339  00001f38  20010008	addi	r1,r0,#8
 1340  00001f3c  afc10008	sw	8(r30),r1
 1341  00001f40          	L84_LF2:
 1342  00001f40  0800000c	j	L80_LF2
 1343  00001f44  54000000	nop; delay slot nop
 1344  00001f48          	L81_LF2:
 1345  00001f48  2001000a	addi	r1,r0,#10
 1346  00001f4c  afc10008	sw	8(r30),r1
 1347  00001f50          	L85_LF2:
 1348  00001f50          	L80_LF2:
 1349  00001f50  8fc10008	lw	r1,8(r30)
 1350  00001f54  70220000	slei	r2,r1,#0
 1351  00001f58  1440001c	bnez	r2,L87_LF2
 1352  00001f5c  54000000	nop; delay slot nop
 1353  00001f60  8fc10008	lw	r1,8(r30)
 1354  00001f64  6c220010	sgti	r2,r1,#16
 1355  00001f68  1440000c	bnez	r2,L87_LF2
 1356  00001f6c  54000000	nop; delay slot nop
 1357  00001f70  08000010	j	L86_LF2
 1358  00001f74  54000000	nop; delay slot nop
 1359  00001f78          	L87_LF2:
 1360  00001f78  8fc1fff4	lw	r1,-12(r30)
 1361  00001f7c  08000188	j	L72_LF2
 1362  00001f80  54000000	nop; delay slot nop
 1363  00001f84          	L86_LF2:
 1364  00001f84  54000000	nop
 1365  00001f88          	L88_LF2:
 1366  00001f88  8fc10000	lw	r1,(r30)
 1367  00001f8c  90220000	lbu	r2,(r1)
 1368  00001f90  6c41002f	sgtui	r1,r2,#47
 1369  00001f94  10200030	beqz	r1,L91_LF2
 1370  00001f98  54000000	nop; delay slot nop
 1371  00001f9c  8fc10000	lw	r1,(r30)
 1372  00001fa0  90220000	lbu	r2,(r1)
 1373  00001fa4  70410039	sleui	r1,r2,#57
 1374  00001fa8  1020001c	beqz	r1,L91_LF2
 1375  00001fac  54000000	nop; delay slot nop
 1376  00001fb0  8fc10000	lw	r1,(r30)
 1377  00001fb4  90220000	lbu	r2,(r1)
 1378  00001fb8  2041ffd0	addi	r1,r2,#-48
 1379  00001fbc  afc1fff0	sw	-16(r30),r1
 1380  00001fc0  0800008c	j	L92_LF2
 1381  00001fc4  54000000	nop; delay slot nop
 1382  00001fc8          	L91_LF2:
 1383  00001fc8  8fc10000	lw	r1,(r30)
 1384  00001fcc  90220000	lbu	r2,(r1)
 1385  00001fd0  6c410060	sgtui	r1,r2,#96
 1386  00001fd4  10200030	beqz	r1,L93_LF2
 1387  00001fd8  54000000	nop; delay slot nop
 1388  00001fdc  8fc10000	lw	r1,(r30)
 1389  00001fe0  90220000	lbu	r2,(r1)
 1390  00001fe4  7041007a	sleui	r1,r2,#122
 1391  00001fe8  1020001c	beqz	r1,L93_LF2
 1392  00001fec  54000000	nop; delay slot nop
 1393  00001ff0  8fc10000	lw	r1,(r30)
 1394  00001ff4  90220000	lbu	r2,(r1)
 1395  00001ff8  2041ffa9	addi	r1,r2,#-87
 1396  00001ffc  afc1fff0	sw	-16(r30),r1
 1397  00002000  0800004c	j	L92_LF2
 1398  00002004  54000000	nop; delay slot nop
 1399  00002008          	L93_LF2:
 1400  00002008  8fc10000	lw	r1,(r30)
 1401  0000200c  90220000	lbu	r2,(r1)
 1402  00002010  6c410040	sgtui	r1,r2,#64
 1403  00002014  10200030	beqz	r1,L95_LF2
 1404  00002018  54000000	nop; delay slot nop
 1405  0000201c  8fc10000	lw	r1,(r30)
 1406  00002020  90220000	lbu	r2,(r1)
 1407  00002024  7041005a	sleui	r1,r2,#90
 1408  00002028  1020001c	beqz	r1,L95_LF2
 1409  0000202c  54000000	nop; delay slot nop
 1410  00002030  8fc10000	lw	r1,(r30)
 1411  00002034  90220000	lbu	r2,(r1)
 1412  00002038  2041ffc9	addi	r1,r2,#-55
 1413  0000203c  afc1fff0	sw	-16(r30),r1
 1414  00002040  0800000c	j	L92_LF2
 1415  00002044  54000000	nop; delay slot nop
 1416  00002048          	L95_LF2:
 1417  00002048  200103e8	addi	r1,r0,#1000
 1418  0000204c  afc1fff0	sw	-16(r30),r1
 1419  00002050          	L96_LF2:
 1420  00002050          	L94_LF2:
 1421  00002050          	L92_LF2:
 1422  00002050  8fc1fff0	lw	r1,-16(r30)
 1423  00002054  8fc20008	lw	r2,8(r30)
 1424  00002058  0022082a	slt	r1,r1,r2
 1425  0000205c  10200040	beqz	r1,L90_LF2
 1426  00002060  54000000	nop; delay slot nop
 1427  00002064  8fc1fff4	lw	r1,-12(r30)
 1428  00002068  8fc20008	lw	r2,8(r30)
 1429  0000206c  00200035	movi2fp	f0,r1
 1430  00002070  00400835	movi2fp	f1,r2
 1431  00002074  0401000e	mult	f0,f0,f1
 1432  00002078  00000834	movfp2i	r1,f0
 1433  0000207c  afc1fff4	sw	-12(r30),r1
 1434  00002080  8fc1fff4	lw	r1,-12(r30)
 1435  00002084  8fc2fff0	lw	r2,-16(r30)
 1436  00002088  00220820	add	r1,r1,r2
 1437  0000208c  afc1fff4	sw	-12(r30),r1
 1438  00002090  8fc20000	lw	r2,(r30)
 1439  00002094  20410001	addi	r1,r2,#1
 1440  00002098  00011020	add	r2,r0,r1
 1441  0000209c  afc20000	sw	(r30),r2
 1442  000020a0          	L97_LF2:
 1443  000020a0          	L90_LF2:
 1444  000020a0  8fc1fff0	lw	r1,-16(r30)
 1445  000020a4  8fc20008	lw	r2,8(r30)
 1446  000020a8  0022082a	slt	r1,r1,r2
 1447  000020ac  1420000c	bnez	r1,L98_LF2
 1448  000020b0  54000000	nop; delay slot nop
 1449  000020b4  0800000c	j	L89_LF2
 1450  000020b8  54000000	nop; delay slot nop
 1451  000020bc          	L98_LF2:
 1452  000020bc  0bfffec8	j	L88_LF2
 1453  000020c0  54000000	nop; delay slot nop
 1454  000020c4          	L89_LF2:
 1455  000020c4  8fc10004	lw	r1,4(r30)
 1456  000020c8  64220000	snei	r2,r1,#0
 1457  000020cc  10400010	beqz	r2,L99_LF2
 1458  000020d0  54000000	nop; delay slot nop
 1459  000020d4  8fc10004	lw	r1,4(r30)
 1460  000020d8  8fc20000	lw	r2,(r30)
 1461  000020dc  ac220000	sw	(r1),r2
 1462  000020e0          	L99_LF2:
 1463  000020e0  8fc1fff4	lw	r1,-12(r30)
 1464  000020e4  8fc2ffec	lw	r2,-20(r30)
 1465  000020e8  00200035	movi2fp	f0,r1
 1466  000020ec  00400835	movi2fp	f1,r2
 1467  000020f0  0401000e	mult	f0,f0,f1
 1468  000020f4  00000834	movfp2i	r1,f0
 1469  000020f8  afc1fff4	sw	-12(r30),r1
 1470  000020fc  8fc1fff4	lw	r1,-12(r30)
 1471  00002100  08000004	j	L72_LF2
 1472  00002104  54000000	nop; delay slot nop
 1473  00002108          	L72_LF2:
 1474  00002108  8fa20000	lw	r2,0(r29)
 1475  0000210c  8fdffff8	lw	r31,-8(r30)
 1476  00002110  001ee820	add	r29,r0,r30
 1477  00002114  8fdefffc	lw	r30,-4(r30)
 1478  00002118  4be00000	jr	r31
 1479  0000211c  54000000	nop
 1480  00002120          	.endproc _dstrtol
 1481  00002120          	.align 2
 1482  00002120          	.proc _bcopy
 1483  00002120          	.global _bcopy
 1484  00002120          	_bcopy:
 1485                      ;  Function 'bcopy'; 0 bytes of locals, 2 regs to save.
 1486  00002120  afbefffc	sw	-4(r29),r30; push fp
 1487  00002124  001df020	add	r30,r0,r29; fp = sp
 1488  00002128  afbffff8	sw	-8(r29),r31; push ret addr
 1489  0000212c  2fbd0010	subui	r29,r29,#16; alloc local storage
 1490  00002130  afa20000	sw	0(r29),r2
 1491  00002134  afa30004	sw	4(r29),r3
 1492  00002138  54000000	nop
 1493  0000213c          	L101_LF2:
 1494  0000213c  8fc10008	lw	r1,8(r30)
 1495  00002140  2022ffff	addi	r2,r1,#-1
 1496  00002144  afc20008	sw	8(r30),r2
 1497  00002148  6c210000	sgti	r1,r1,#0
 1498  0000214c  1420000c	bnez	r1,L103_LF2
 1499  00002150  54000000	nop; delay slot nop
 1500  00002154  0800002c	j	L102_LF2
 1501  00002158  54000000	nop; delay slot nop
 1502  0000215c          	L103_LF2:
 1503  0000215c  8fc10004	lw	r1,4(r30)
 1504  00002160  20220001	addi	r2,r1,#1
 1505  00002164  afc20004	sw	4(r30),r2
 1506  00002168  8fc20000	lw	r2,(r30)
 1507  0000216c  20430001	addi	r3,r2,#1
 1508  00002170  afc30000	sw	(r30),r3
 1509  00002174  80420000	lb	r2,(r2)
 1510  00002178  a0220000	sb	(r1),r2
 1511  0000217c  0bffffbc	j	L101_LF2
 1512  00002180  54000000	nop; delay slot nop
 1513  00002184          	L102_LF2:
 1514  00002184          	L100_LF2:
 1515  00002184  8fa20000	lw	r2,0(r29)
 1516  00002188  8fa30004	lw	r3,4(r29)
 1517  0000218c  8fdffff8	lw	r31,-8(r30)
 1518  00002190  001ee820	add	r29,r0,r30
 1519  00002194  8fdefffc	lw	r30,-4(r30)
 1520  00002198  4be00000	jr	r31
 1521  0000219c  54000000	nop
 1522  000021a0          	.endproc _bcopy
 1523  000021a0          	.align 2
 1524  000021a0          	.proc _bzero
 1525  000021a0          	.global _bzero
 1526  000021a0          	_bzero:
 1527                      ;  Function 'bzero'; 0 bytes of locals, 1 regs to save.
 1528  000021a0  afbefffc	sw	-4(r29),r30; push fp
 1529  000021a4  001df020	add	r30,r0,r29; fp = sp
 1530  000021a8  afbffff8	sw	-8(r29),r31; push ret addr
 1531  000021ac  2fbd0010	subui	r29,r29,#16; alloc local storage
 1532  000021b0  afa20000	sw	0(r29),r2
 1533  000021b4  54000000	nop
 1534  000021b8          	L105_LF2:
 1535  000021b8  8fc10004	lw	r1,4(r30)
 1536  000021bc  2022ffff	addi	r2,r1,#-1
 1537  000021c0  afc20004	sw	4(r30),r2
 1538  000021c4  6c210000	sgti	r1,r1,#0
 1539  000021c8  1420000c	bnez	r1,L107_LF2
 1540  000021cc  54000000	nop; delay slot nop
 1541  000021d0  08000020	j	L106_LF2
 1542  000021d4  54000000	nop; delay slot nop
 1543  000021d8          	L107_LF2:
 1544  000021d8  8fc10000	lw	r1,(r30)
 1545  000021dc  20220001	addi	r2,r1,#1
 1546  000021e0  afc20000	sw	(r30),r2
 1547  000021e4  20020000	addi	r2,r0,(#0x0)&0xff
 1548  000021e8  a0220000	sb	(r1),r2
 1549  000021ec  0bffffc8	j	L105_LF2
 1550  000021f0  54000000	nop; delay slot nop
 1551  000021f4          	L106_LF2:
 1552  000021f4          	L104_LF2:
 1553  000021f4  8fa20000	lw	r2,0(r29)
 1554  000021f8  8fdffff8	lw	r31,-8(r30)
 1555  000021fc  001ee820	add	r29,r0,r30
 1556  00002200  8fdefffc	lw	r30,-4(r30)
 1557  00002204  4be00000	jr	r31
 1558  00002208  54000000	nop
 1559  0000220c          	.endproc _bzero
 1560  0000220c          	.align 2
 1561  0000220c          	.proc _min
 1562  0000220c          	.global _min
 1563  0000220c          	_min:
 1564                      ;  Function 'min'; 0 bytes of locals, 2 regs to save.
 1565  0000220c  afbefffc	sw	-4(r29),r30; push fp
 1566  00002210  001df020	add	r30,r0,r29; fp = sp
 1567  00002214  afbffff8	sw	-8(r29),r31; push ret addr
 1568  00002218  2fbd0010	subui	r29,r29,#16; alloc local storage
 1569  0000221c  afa20000	sw	0(r29),r2
 1570  00002220  afa30004	sw	4(r29),r3
 1571  00002224  8fc10000	lw	r1,(r30)
 1572  00002228  8fc20004	lw	r2,4(r30)
 1573  0000222c  0022182c	sle	r3,r1,r2
 1574  00002230  14600008	bnez	r3,L109_LF2
 1575  00002234  54000000	nop; delay slot nop
 1576  00002238  8fc10004	lw	r1,4(r30)
 1577  0000223c          	L109_LF2:
 1578  0000223c  08000004	j	L108_LF2
 1579  00002240  54000000	nop; delay slot nop
 1580  00002244          	L108_LF2:
 1581  00002244  8fa20000	lw	r2,0(r29)
 1582  00002248  8fa30004	lw	r3,4(r29)
 1583  0000224c  8fdffff8	lw	r31,-8(r30)
 1584  00002250  001ee820	add	r29,r0,r30
 1585  00002254  8fdefffc	lw	r30,-4(r30)
 1586  00002258  4be00000	jr	r31
 1587  0000225c  54000000	nop
 1588  00002260          	.endproc _min
 1589                      ;;; Ethan L. Miller, 1999.  Released to the public domain
 1590                      ;;;
 1591                      ;;; Most of the traps are called in files from libtraps.
 1594  00002260          	.align 2
 1595  00002260          	.proc _exit
 1596  00002260          	.global _exit
 1597  00002260          	_exit:
 1598  00002260  44000300	trap	#0x300
 1599  00002264  4be00000	jr	r31
 1600  00002268  54000000	nop
 1601  0000226c          	.endproc _exit
 1603                      ; for the benefit of gcc.
 1604  0000226c          	.proc ___main
 1605  0000226c          	.global ___main
 1606  0000226c          	___main:
 1607  0000226c  4be00000	jr	r31
 1608  00002270  54000000	nop
 1609  00002274          	.endproc ___main
 1610  00002274          	.text
 1611  00002274          	.global _etext
 1612  00002274          	_etext:
 1613  00002274          	.align 3
 1614  00002278          	.data
 1615  00003186          	.global _edata
 1616  00003186          	_edata:
