 line   address	contents
    1                      ; Linked by DLX-LD.
    2                      ; MemSize 24576
    3                      ; Data size: 386
    4                      ; Text size: 4708
    5                      ; Stack size: 8192
    6  00000000          	.text 0x1000
    7  00001000          	.data 0x3000
    8                      ; Compiled by GCC
    9  00003000          	.text
   10  00001000          	.align 2
   11  00001000          	.proc _isspace
   12  00001000          	.global _isspace
   13  00001000          	_isspace:
   14                      ;  Function 'isspace'; 0 bytes of locals, 1 regs to save.
   15  00001000  afbefffc	sw	-4(r29),r30; push fp
   16  00001004  001df020	add	r30,r0,r29; fp = sp
   17  00001008  afbffff8	sw	-8(r29),r31; push ret addr
   18  0000100c  2fbd0010	subui	r29,r29,#16; alloc local storage
   19  00001010  afa20000	sw	0(r29),r2
   20  00001014  83c20003	lb	r2,3(r30)
   21  00001018  201f0000	addi	r31,r0,#0
   22  0000101c  304100ff	andi	r1,r2,#0x00ff
   23  00001020  60210020	seqi	r1,r1,#32
   24  00001024  14200018	bnez	r1,L6_LF0
   25  00001028  54000000	nop; not filled.
   26  0000102c  2041fff7	addi	r1,r2,#-9
   27  00001030  302100ff	andi	r1,r1,#0x00ff
   28  00001034  70210001	sleui	r1,r1,#1
   29  00001038  10200008	beqz	r1,L5_LF0
   30  0000103c  54000000	nop; not filled.
   31  00001040          	L6_LF0:
   32  00001040  201f0001	addi	r31,r0,#1
   33  00001044          	L5_LF0:
   34  00001044  001f0820	add	r1,r0,r31
   35  00001048  8fa20000	lw	r2,0(r29)
   36  0000104c  8fdffff8	lw	r31,-8(r30)
   37  00001050  001ee820	add	r29,r0,r30
   38  00001054  8fdefffc	lw	r30,-4(r30)
   39  00001058  4be00000	jr	r31
   40  0000105c  54000000	nop
   41  00001060          	.endproc _isspace
   42  00001060          	.align 2
   43  00001060          	.proc _isxdigit
   44  00001060          	.global _isxdigit
   45  00001060          	_isxdigit:
   46                      ;  Function 'isxdigit'; 0 bytes of locals, 1 regs to save.
   47  00001060  afbefffc	sw	-4(r29),r30; push fp
   48  00001064  001df020	add	r30,r0,r29; fp = sp
   49  00001068  afbffff8	sw	-8(r29),r31; push ret addr
   50  0000106c  2fbd0010	subui	r29,r29,#16; alloc local storage
   51  00001070  afa20000	sw	0(r29),r2
   52  00001074  83df0003	lb	r31,3(r30)
   53  00001078  20020000	addi	r2,r0,#0
   54  0000107c  23e1ffd0	addi	r1,r31,#-48
   55  00001080  302100ff	andi	r1,r1,#0x00ff
   56  00001084  70210009	sleui	r1,r1,#9
   57  00001088  14200028	bnez	r1,L12_LF0
   58  0000108c  54000000	nop; not filled.
   59  00001090  23e1ff9f	addi	r1,r31,#-97
   60  00001094  302100ff	andi	r1,r1,#0x00ff
   61  00001098  70210005	sleui	r1,r1,#5
   62  0000109c  14200014	bnez	r1,L12_LF0
   63  000010a0  54000000	nop; not filled.
   64  000010a4  33e100ff	andi	r1,r31,#0x00ff
   65  000010a8  64210041	snei	r1,r1,#65
   66  000010ac  14200008	bnez	r1,L11_LF0
   67  000010b0  54000000	nop; not filled.
   68  000010b4          	L12_LF0:
   69  000010b4  20020001	addi	r2,r0,#1
   70  000010b8          	L11_LF0:
   71  000010b8  00020820	add	r1,r0,r2
   72  000010bc  8fa20000	lw	r2,0(r29)
   73  000010c0  8fdffff8	lw	r31,-8(r30)
   74  000010c4  001ee820	add	r29,r0,r30
   75  000010c8  8fdefffc	lw	r30,-4(r30)
   76  000010cc  4be00000	jr	r31
   77  000010d0  54000000	nop
   78  000010d4          	.endproc _isxdigit
   79  000010d4          	.data
   80  00003000          	.align 2
   81  00003000          	LC0_LF0:
   82  00003000  52656163	.ascii "Reaction 2: starting\n\000"
   82  00003004  74696f6e	
   82  00003008  20323a20	
   82  0000300c  73746172	
   82  00003010  74696e67	
   82  00003014  0a00    	
   83  00003016          	.align 2
   84  00003018          	LC1_LF0:
   85  00003018  55736167	.ascii "Usage: \000"
   85  0000301c  653a2000	
   86  00003020          	.align 2
   87  00003020          	LC2_LF0:
   88  00003020  203c6861	.ascii " <handle_to_proc_semaphore> <handle_to_H2O_semaphore> <handle_to_H2_se"
   88  00003024  6e646c65	
   88  00003028  5f746f5f	
   88  0000302c  70726f63	
   88  00003030  5f73656d	
   88  00003034  6170686f	
   88  00003038  72653e20	
   88  0000303c  3c68616e	
   88  00003040  646c655f	
   88  00003044  746f5f48	
   88  00003048  324f5f73	
   88  0000304c  656d6170	
   88  00003050  686f7265	
   88  00003054  3e203c68	
   88  00003058  616e646c	
   88  0000305c  655f746f	
   88  00003060  5f48325f	
   88  00003064  7365    	
   89  00003066  6d617068	.ascii "maphore> <handle_to_O2_semaphore> <number of reactions to complete> \n"
   89  0000306a  6f72653e	
   89  0000306e  203c6861	
   89  00003072  6e646c65	
   89  00003076  5f746f5f	
   89  0000307a  4f325f73	
   89  0000307e  656d6170	
   89  00003082  686f7265	
   89  00003086  3e203c6e	
   89  0000308a  756d6265	
   89  0000308e  72206f66	
   89  00003092  20726561	
   89  00003096  6374696f	
   89  0000309a  6e732074	
   89  0000309e  6f20636f	
   89  000030a2  6d706c65	
   89  000030a6  74653e20	
   89  000030aa  0a      	
   90  000030ab  00      	.ascii "\000"
   91  000030ac          	.align 2
   92  000030ac          	LC3_LF0:
   93  000030ac  42616420	.ascii "Bad Semaphore s_h2o\n\000"
   93  000030b0  53656d61	
   93  000030b4  70686f72	
   93  000030b8  6520735f	
   93  000030bc  68326f0a	
   93  000030c0  00      	
   94  000030c1          	.align 2
   95  000030c4          	LC4_LF0:
   96  000030c4  42616420	.ascii "Bad semaphore s_h2\n\000"
   96  000030c8  73656d61	
   96  000030cc  70686f72	
   96  000030d0  6520735f	
   96  000030d4  68320a00	
   97  000030d8          	.align 2
   98  000030d8          	LC5_LF0:
   99  000030d8  52656163	.ascii "Reaction 2: H2 produced\n\000"
   99  000030dc  74696f6e	
   99  000030e0  20323a20	
   99  000030e4  48322070	
   99  000030e8  726f6475	
   99  000030ec  6365640a	
   99  000030f0  00      	
  100  000030f1          	.align 2
  101  000030f4          	LC6_LF0:
  102  000030f4  42616420	.ascii "Bad semaphore s_o2\n\000"
  102  000030f8  73656d61	
  102  000030fc  70686f72	
  102  00003100  6520735f	
  102  00003104  6f320a00	
  103  00003108          	.align 2
  104  00003108          	LC7_LF0:
  105  00003108  52656163	.ascii "Reaction 2: O2 produced\n\000"
  105  0000310c  74696f6e	
  105  00003110  20323a20	
  105  00003114  4f322070	
  105  00003118  726f6475	
  105  0000311c  6365640a	
  105  00003120  00      	
  106  00003121          	.align 2
  107  00003124          	LC8_LF0:
  108  00003124  52656163	.ascii "Reaction 2: PID %d is complete.\n\000"
  108  00003128  74696f6e	
  108  0000312c  20323a20	
  108  00003130  50494420	
  108  00003134  25642069	
  108  00003138  7320636f	
  108  0000313c  6d706c65	
  108  00003140  74652e0a	
  108  00003144  00      	
  109  00003145          	.align 2
  110  00003148          	LC9_LF0:
  111  00003148  42616420	.ascii "Bad semaphore s_procs_completed (%d) in \000"
  111  0000314c  73656d61	
  111  00003150  70686f72	
  111  00003154  6520735f	
  111  00003158  70726f63	
  111  0000315c  735f636f	
  111  00003160  6d706c65	
  111  00003164  74656420	
  111  00003168  28256429	
  111  0000316c  20696e20	
  111  00003170  00      	
  112  00003171          	.align 2
  113  00003174          	LC10_LF0:
  114  00003174  2c206578	.ascii ", exiting...\n\000"
  114  00003178  6974696e	
  114  0000317c  672e2e2e	
  114  00003180  0a00    	
  115  00003182          	.text
  116  000010d4          	.align 2
  117  000010d4          	.proc _main
  118  000010d4          	.global _main
  119  000010d4          	_main:
  120                      ;  Function 'main'; 0 bytes of locals, 0 regs to save.
  121  000010d4  afbefffc	sw	-4(r29),r30; push fp
  122  000010d8  001df020	add	r30,r0,r29; fp = sp
  123  000010dc  afbffff8	sw	-8(r29),r31; push ret addr
  124  000010e0  2fbd0008	subui	r29,r29,#8; alloc local storage
  125  000010e4  8fc20000	lw	r2,(r30)
  126  000010e8  8fc60004	lw	r6,4(r30)
  127  000010ec  0c00116c	jal	___main
  128  000010f0  54000000	nop; not filled.
  129  000010f4  20030000	addi	r3,r0,#0
  130  000010f8  23bdfff8	addi	r29,r29,#-8
  131  000010fc  3c0a0000	lhi	r10,((LC0_LF0)>>16)&0xffff
  132  00001100  254a3000	addui	r10,r10,(LC0_LF0)&0xffff
  133  00001104  afaa0000	sw	(r29),r10
  134  00001108  0c000348	jal	_Printf
  135  0000110c  54000000	nop; not filled.
  136  00001110  23bd0008	addi	r29,r29,#8
  137  00001114  64410006	snei	r1,r2,#6
  138  00001118  1020004c	beqz	r1,L14_LF0
  139  0000111c  54000000	nop; not filled.
  140  00001120  23bdfff8	addi	r29,r29,#-8
  141  00001124  3c0a0000	lhi	r10,((LC1_LF0)>>16)&0xffff
  142  00001128  254a3018	addui	r10,r10,(LC1_LF0)&0xffff
  143  0000112c  afaa0000	sw	(r29),r10
  144  00001130  0c000320	jal	_Printf
  145  00001134  54000000	nop; not filled.
  146  00001138  8cca0000	lw	r10,(r6)
  147  0000113c  afaa0000	sw	(r29),r10
  148  00001140  0c000310	jal	_Printf
  149  00001144  54000000	nop; not filled.
  150  00001148  3c0a0000	lhi	r10,((LC2_LF0)>>16)&0xffff
  151  0000114c  254a3020	addui	r10,r10,(LC2_LF0)&0xffff
  152  00001150  afaa0000	sw	(r29),r10
  153  00001154  0c0002fc	jal	_Printf
  154  00001158  54000000	nop; not filled.
  155  0000115c  0c0003a8	jal	_Exit
  156  00001160  54000000	nop; not filled.
  157  00001164  23bd0008	addi	r29,r29,#8
  158  00001168          	L14_LF0:
  159  00001168  23bdfff0	addi	r29,r29,#-16
  160  0000116c  8cca0004	lw	r10,4(r6)
  161  00001170  afaa0000	sw	(r29),r10
  162  00001174  200a0000	addi	r10,r0,#0
  163  00001178  afaa0004	sw	4(r29),r10
  164  0000117c  200a000a	addi	r10,r0,#10
  165  00001180  afaa0008	sw	8(r29),r10
  166  00001184  0c000c2c	jal	_dstrtol
  167  00001188  54000000	nop; not filled.
  168  0000118c  00014820	add	r9,r0,r1
  169  00001190  8cca0008	lw	r10,8(r6)
  170  00001194  afaa0000	sw	(r29),r10
  171  00001198  200a0000	addi	r10,r0,#0
  172  0000119c  afaa0004	sw	4(r29),r10
  173  000011a0  200a000a	addi	r10,r0,#10
  174  000011a4  afaa0008	sw	8(r29),r10
  175  000011a8  0c000c08	jal	_dstrtol
  176  000011ac  54000000	nop; not filled.
  177  000011b0  00012820	add	r5,r0,r1
  178  000011b4  8cca000c	lw	r10,12(r6)
  179  000011b8  afaa0000	sw	(r29),r10
  180  000011bc  200a0000	addi	r10,r0,#0
  181  000011c0  afaa0004	sw	4(r29),r10
  182  000011c4  200a000a	addi	r10,r0,#10
  183  000011c8  afaa0008	sw	8(r29),r10
  184  000011cc  0c000be4	jal	_dstrtol
  185  000011d0  54000000	nop; not filled.
  186  000011d4  00012020	add	r4,r0,r1
  187  000011d8  8cca0010	lw	r10,16(r6)
  188  000011dc  afaa0000	sw	(r29),r10
  189  000011e0  200a0000	addi	r10,r0,#0
  190  000011e4  afaa0004	sw	4(r29),r10
  191  000011e8  200a000a	addi	r10,r0,#10
  192  000011ec  afaa0008	sw	8(r29),r10
  193  000011f0  0c000bc0	jal	_dstrtol
  194  000011f4  54000000	nop; not filled.
  195  000011f8  00014020	add	r8,r0,r1
  196  000011fc  8cca0014	lw	r10,20(r6)
  197  00001200  afaa0000	sw	(r29),r10
  198  00001204  200a0000	addi	r10,r0,#0
  199  00001208  afaa0004	sw	4(r29),r10
  200  0000120c  200a000a	addi	r10,r0,#10
  201  00001210  afaa0008	sw	8(r29),r10
  202  00001214  0c000b9c	jal	_dstrtol
  203  00001218  54000000	nop; not filled.
  204  0000121c  23bd0010	addi	r29,r29,#16
  205  00001220  5822001f	srli	r2,r1,#0x1f
  206  00001224  00410820	add	r1,r2,r1
  207  00001228  5c220001	srai	r2,r1,#0x1
  208  0000122c  0062082a	slt	r1,r3,r2
  209  00001230  10200144	beqz	r1,L16_LF0
  210  00001234  54000000	nop; not filled.
  211  00001238  00023820	add	r7,r0,r2
  212  0000123c          	L17_LF0:
  213  0000123c  20020000	addi	r2,r0,#0
  214  00001240          	L21_LF0:
  215  00001240  23bdfff8	addi	r29,r29,#-8
  216  00001244  afa50000	sw	(r29),r5
  217  00001248  0c000250	jal	_sem_wait
  218  0000124c  54000000	nop; not filled.
  219  00001250  23bd0008	addi	r29,r29,#8
  220  00001254  64210001	snei	r1,r1,#1
  221  00001258  10200028	beqz	r1,L20_LF0
  222  0000125c  54000000	nop; not filled.
  223  00001260  23bdfff8	addi	r29,r29,#-8
  224  00001264  3c0a0000	lhi	r10,((LC3_LF0)>>16)&0xffff
  225  00001268  254a30ac	addui	r10,r10,(LC3_LF0)&0xffff
  226  0000126c  afaa0000	sw	(r29),r10
  227  00001270  0c0001e0	jal	_Printf
  228  00001274  54000000	nop; not filled.
  229  00001278  0c00028c	jal	_Exit
  230  0000127c  54000000	nop; not filled.
  231  00001280  23bd0008	addi	r29,r29,#8
  232  00001284          	L20_LF0:
  233  00001284  20420001	addi	r2,r2,#1
  234  00001288  70410001	slei	r1,r2,#1
  235  0000128c  1420ffb0	bnez	r1,L21_LF0
  236  00001290  54000000	nop; not filled.
  237  00001294  20020000	addi	r2,r0,#0
  238  00001298          	L27_LF0:
  239  00001298  23bdfff8	addi	r29,r29,#-8
  240  0000129c  afa40000	sw	(r29),r4
  241  000012a0  0c000204	jal	_sem_signal
  242  000012a4  54000000	nop; not filled.
  243  000012a8  23bd0008	addi	r29,r29,#8
  244  000012ac  64210001	snei	r1,r1,#1
  245  000012b0  10200028	beqz	r1,L28_LF0
  246  000012b4  54000000	nop; not filled.
  247  000012b8  23bdfff8	addi	r29,r29,#-8
  248  000012bc  3c0a0000	lhi	r10,((LC4_LF0)>>16)&0xffff
  249  000012c0  254a30c4	addui	r10,r10,(LC4_LF0)&0xffff
  250  000012c4  afaa0000	sw	(r29),r10
  251  000012c8  0c000188	jal	_Printf
  252  000012cc  54000000	nop; not filled.
  253  000012d0  0c000234	jal	_Exit
  254  000012d4  54000000	nop; not filled.
  255  000012d8  23bd0008	addi	r29,r29,#8
  256  000012dc          	L28_LF0:
  257  000012dc  23bdfff8	addi	r29,r29,#-8
  258  000012e0  3c0a0000	lhi	r10,((LC5_LF0)>>16)&0xffff
  259  000012e4  254a30d8	addui	r10,r10,(LC5_LF0)&0xffff
  260  000012e8  afaa0000	sw	(r29),r10
  261  000012ec  0c000164	jal	_Printf
  262  000012f0  54000000	nop; not filled.
  263  000012f4  23bd0008	addi	r29,r29,#8
  264  000012f8  20420001	addi	r2,r2,#1
  265  000012fc  70410001	slei	r1,r2,#1
  266  00001300  1420ff94	bnez	r1,L27_LF0
  267  00001304  54000000	nop; not filled.
  268  00001308  23bdfff8	addi	r29,r29,#-8
  269  0000130c  afa80000	sw	(r29),r8
  270  00001310  0c000194	jal	_sem_signal
  271  00001314  54000000	nop; not filled.
  272  00001318  23bd0008	addi	r29,r29,#8
  273  0000131c  64210001	snei	r1,r1,#1
  274  00001320  10200028	beqz	r1,L30_LF0
  275  00001324  54000000	nop; not filled.
  276  00001328  23bdfff8	addi	r29,r29,#-8
  277  0000132c  3c0a0000	lhi	r10,((LC6_LF0)>>16)&0xffff
  278  00001330  254a30f4	addui	r10,r10,(LC6_LF0)&0xffff
  279  00001334  afaa0000	sw	(r29),r10
  280  00001338  0c000118	jal	_Printf
  281  0000133c  54000000	nop; not filled.
  282  00001340  0c0001c4	jal	_Exit
  283  00001344  54000000	nop; not filled.
  284  00001348  23bd0008	addi	r29,r29,#8
  285  0000134c          	L30_LF0:
  286  0000134c  23bdfff8	addi	r29,r29,#-8
  287  00001350  3c0a0000	lhi	r10,((LC7_LF0)>>16)&0xffff
  288  00001354  254a3108	addui	r10,r10,(LC7_LF0)&0xffff
  289  00001358  afaa0000	sw	(r29),r10
  290  0000135c  0c0000f4	jal	_Printf
  291  00001360  54000000	nop; not filled.
  292  00001364  20630001	addi	r3,r3,#1
  293  00001368  23bd0008	addi	r29,r29,#8
  294  0000136c  0067082a	slt	r1,r3,r7
  295  00001370  1420fec8	bnez	r1,L17_LF0
  296  00001374  54000000	nop; not filled.
  297  00001378          	L16_LF0:
  298  00001378  0c0000e4	jal	_getpid
  299  0000137c  54000000	nop; not filled.
  300  00001380  23bdfff8	addi	r29,r29,#-8
  301  00001384  3c0a0000	lhi	r10,((LC8_LF0)>>16)&0xffff
  302  00001388  254a3124	addui	r10,r10,(LC8_LF0)&0xffff
  303  0000138c  afaa0000	sw	(r29),r10
  304  00001390  afa10004	sw	4(r29),r1
  305  00001394  0c0000bc	jal	_Printf
  306  00001398  54000000	nop; not filled.
  307  0000139c  afa90000	sw	(r29),r9
  308  000013a0  0c000104	jal	_sem_signal
  309  000013a4  54000000	nop; not filled.
  310  000013a8  23bd0008	addi	r29,r29,#8
  311  000013ac  64210001	snei	r1,r1,#1
  312  000013b0  10200050	beqz	r1,L32_LF0
  313  000013b4  54000000	nop; not filled.
  314  000013b8  23bdfff8	addi	r29,r29,#-8
  315  000013bc  3c0a0000	lhi	r10,((LC9_LF0)>>16)&0xffff
  316  000013c0  254a3148	addui	r10,r10,(LC9_LF0)&0xffff
  317  000013c4  afaa0000	sw	(r29),r10
  318  000013c8  afa90004	sw	4(r29),r9
  319  000013cc  0c000084	jal	_Printf
  320  000013d0  54000000	nop; not filled.
  321  000013d4  8cc60000	lw	r6,(r6)
  322  000013d8  afa60000	sw	(r29),r6
  323  000013dc  0c000074	jal	_Printf
  324  000013e0  54000000	nop; not filled.
  325  000013e4  3c0a0000	lhi	r10,((LC10_LF0)>>16)&0xffff
  326  000013e8  254a3174	addui	r10,r10,(LC10_LF0)&0xffff
  327  000013ec  afaa0000	sw	(r29),r10
  328  000013f0  0c000060	jal	_Printf
  329  000013f4  54000000	nop; not filled.
  330  000013f8  0c00010c	jal	_Exit
  331  000013fc  54000000	nop; not filled.
  332  00001400  23bd0008	addi	r29,r29,#8
  333  00001404          	L32_LF0:
  334  00001404  0c000e48	jal	_exit
  335  00001408  54000000	nop
  336  0000140c          	.endproc _main
  337                      ;;;
  338                      ;;; Stub functions for DLX traps.
  339                      ;;;
  340                      ;;; Ethan L. Miller, 1999.  Released to the public domain.
  341                      ;;;
  342                      ;;; The traps such as Open and Close
  343                      ;;; (note the capital letters) are for use by user programs.  The traps
  344                      ;;; with names such as open and close (lower case) are for use by the OS.
  345                      ;;;
  348  0000140c          	.align 2
  350                      ;;; The following are the traps to be used by user-level programs
  351                      ;;;
  353  0000140c          	.align 2
  354  0000140c          	.proc _Open
  355  0000140c          	.global _Open
  356  0000140c          	_Open:
  357                      ;;; Note that trap #0x213 actually causes a trap vector in the OS of
  358                      ;;; 0x1213.  The same is true for other user traps.  Thus, a user trap
  359                      ;;; with trap #0x240 will result in a trap vector of 0x1240 in the OS.
  360  0000140c  44000213	trap	#0x213
  361  00001410  4be00000	jr	r31
  362  00001414  54000000	nop
  363  00001418          	.endproc _Open
  365  00001418          	.proc _Close
  366  00001418          	.global _Close
  367  00001418          	_Close:
  368  00001418  44000214	trap	#0x214
  369  0000141c  4be00000	jr	r31
  370  00001420  54000000	nop
  371  00001424          	.endproc _Close
  373  00001424          	.proc _Read
  374  00001424          	.global _Read
  375  00001424          	_Read:
  376  00001424  44000210	trap	#0x210
  377  00001428  4be00000	jr	r31
  378  0000142c  54000000	nop
  379  00001430          	.endproc _Read
  381  00001430          	.proc _Write
  382  00001430          	.global _Write
  383  00001430          	_Write:
  384  00001430  44000211	trap	#0x211
  385  00001434  4be00000	jr	r31
  386  00001438  54000000	nop
  387  0000143c          	.endproc _Write
  389  0000143c          	.proc _Lseek
  390  0000143c          	.global _Lseek
  391  0000143c          	_Lseek:
  392  0000143c  44000212	trap	#0x212
  393  00001440  4be00000	jr	r31
  394  00001444  54000000	nop
  395  00001448          	.endproc _Lseek
  397  00001448          	.proc _Putchar
  398  00001448          	.global _Putchar
  399  00001448          	_Putchar:
  400  00001448  44000280	trap	#0x280
  401  0000144c  4be00000	jr	r31
  402  00001450  54000000	nop
  403  00001454          	.endproc _Putchar
  405  00001454          	.proc _Printf
  406  00001454          	.global _Printf
  407  00001454          	_Printf:
  408  00001454  44000201	trap	#0x201
  409  00001458  4be00000	jr	r31
  410  0000145c  54000000	nop
  411  00001460          	.endproc _Printf
  413  00001460          	.proc _getpid
  414  00001460          	.global _getpid
  415  00001460          	_getpid:
  416  00001460  44000431	trap	#0x431
  417  00001464  4be00000	jr	r31
  418  00001468  54000000	nop
  419  0000146c          	.endproc _getpid
  421  0000146c          	.proc _process_create
  422  0000146c          	.global _process_create
  423  0000146c          	_process_create:
  424  0000146c  44000432	trap	#0x432
  425  00001470  4be00000	jr	r31
  426  00001474  54000000	nop
  427  00001478          	.endproc _process_create
  429  00001478          	.proc _shmget
  430  00001478          	.global _shmget
  431  00001478          	_shmget:
  432  00001478  44000440	trap	#0x440
  433  0000147c  4be00000	jr	r31
  434  00001480  54000000	nop
  435  00001484          	.endproc _shmget
  437  00001484          	.proc _shmat
  438  00001484          	.global _shmat
  439  00001484          	_shmat:
  440  00001484  44000441	trap	#0x441
  441  00001488  4be00000	jr	r31
  442  0000148c  54000000	nop
  443  00001490          	.endproc _shmat
  445  00001490          	.proc _sem_create
  446  00001490          	.global _sem_create
  447  00001490          	_sem_create:
  448  00001490  44000450	trap	#0x450
  449  00001494  4be00000	jr	r31
  450  00001498  54000000	nop
  451  0000149c          	.endproc _sem_create
  453  0000149c          	.proc _sem_wait
  454  0000149c          	.global _sem_wait
  455  0000149c          	_sem_wait:
  456  0000149c  44000451	trap	#0x451
  457  000014a0  4be00000	jr	r31
  458  000014a4  54000000	nop
  459  000014a8          	.endproc _sem_wait
  461  000014a8          	.proc _sem_signal
  462  000014a8          	.global _sem_signal
  463  000014a8          	_sem_signal:
  464  000014a8  44000452	trap	#0x452
  465  000014ac  4be00000	jr	r31
  466  000014b0  54000000	nop
  467  000014b4          	.endproc _sem_signal
  469  000014b4          	.proc _lock_create
  470  000014b4          	.global _lock_create
  471  000014b4          	_lock_create:
  472  000014b4  44000453	trap	#0x453
  473  000014b8  4be00000	jr	r31
  474  000014bc  54000000	nop
  475  000014c0          	.endproc _lock_create
  477  000014c0          	.proc _lock_acquire
  478  000014c0          	.global _lock_acquire
  479  000014c0          	_lock_acquire:
  480  000014c0  44000454	trap	#0x454
  481  000014c4  4be00000	jr	r31
  482  000014c8  54000000	nop
  483  000014cc          	.endproc _lock_acquire
  485  000014cc          	.proc _lock_release
  486  000014cc          	.global _lock_release
  487  000014cc          	_lock_release:
  488  000014cc  44000455	trap	#0x455
  489  000014d0  4be00000	jr	r31
  490  000014d4  54000000	nop
  491  000014d8          	.endproc _lock_release
  493  000014d8          	.proc _cond_create
  494  000014d8          	.global _cond_create
  495  000014d8          	_cond_create:
  496  000014d8  44000456	trap	#0x456
  497  000014dc  4be00000	jr	r31
  498  000014e0  54000000	nop
  499  000014e4          	.endproc _cond_create
  501  000014e4          	.proc _cond_wait
  502  000014e4          	.global _cond_wait
  503  000014e4          	_cond_wait:
  504  000014e4  44000457	trap	#0x457
  505  000014e8  4be00000	jr	r31
  506  000014ec  54000000	nop
  507  000014f0          	.endproc _cond_wait
  509  000014f0          	.proc _cond_signal
  510  000014f0          	.global _cond_signal
  511  000014f0          	_cond_signal:
  512  000014f0  44000458	trap	#0x458
  513  000014f4  4be00000	jr	r31
  514  000014f8  54000000	nop
  515  000014fc          	.endproc _cond_signal
  517  000014fc          	.proc _cond_broadcast
  518  000014fc          	.global _cond_broadcast
  519  000014fc          	_cond_broadcast:
  520  000014fc  44000455	trap	#0x455
  521  00001500  4be00000	jr	r31
  522  00001504  54000000	nop
  523  00001508          	.endproc _cond_broadcast
  525  00001508          	.proc _Exit
  526  00001508          	.global _Exit
  527  00001508          	_Exit:
  528  00001508  44000500	trap	#0x500
  529  0000150c  4be00000	jr	r31
  530  00001510  54000000	nop
  531  00001514          	.endproc _Exit
  532                      ; Compiled by GCC
  534  00001514          	.align 2
  535  00001514          	.proc _isspace
  536  00001514          	.global _isspace
  537  00001514          	_isspace:
  538                      ;  Function 'isspace'; 0 bytes of locals, 3 regs to save.
  539  00001514  afbefffc	sw	-4(r29),r30; push fp
  540  00001518  001df020	add	r30,r0,r29; fp = sp
  541  0000151c  afbffff8	sw	-8(r29),r31; push ret addr
  542  00001520  2fbd0018	subui	r29,r29,#24; alloc local storage
  543  00001524  afa20000	sw	0(r29),r2
  544  00001528  afa30004	sw	4(r29),r3
  545  0000152c  afa40008	sw	8(r29),r4
  546  00001530  83c20003	lb	r2,3(r30)
  547  00001534  20010000	addi	r1,r0,#0
  548  00001538  304300ff	andi	r3,r2,#0x00ff
  549  0000153c  60640020	seqi	r4,r3,#32
  550  00001540  1480002c	bnez	r4,L3_LF2
  551  00001544  54000000	nop; delay slot nop
  552  00001548  304300ff	andi	r3,r2,#0x00ff
  553  0000154c  60640009	seqi	r4,r3,#9
  554  00001550  1480001c	bnez	r4,L3_LF2
  555  00001554  54000000	nop; delay slot nop
  556  00001558  304300ff	andi	r3,r2,#0x00ff
  557  0000155c  6064000a	seqi	r4,r3,#10
  558  00001560  1480000c	bnez	r4,L3_LF2
  559  00001564  54000000	nop; delay slot nop
  560  00001568  08000008	j	L2_LF2
  561  0000156c  54000000	nop; delay slot nop
  562  00001570          	L3_LF2:
  563  00001570  20010001	addi	r1,r0,#1
  564  00001574          	L2_LF2:
  565  00001574  08000004	j	L1_LF2
  566  00001578  54000000	nop; delay slot nop
  567  0000157c          	L1_LF2:
  568  0000157c  8fa20000	lw	r2,0(r29)
  569  00001580  8fa30004	lw	r3,4(r29)
  570  00001584  8fa40008	lw	r4,8(r29)
  571  00001588  8fdffff8	lw	r31,-8(r30)
  572  0000158c  001ee820	add	r29,r0,r30
  573  00001590  8fdefffc	lw	r30,-4(r30)
  574  00001594  4be00000	jr	r31
  575  00001598  54000000	nop
  576  0000159c          	.endproc _isspace
  577  0000159c          	.align 2
  578  0000159c          	.proc _isxdigit
  579  0000159c          	.global _isxdigit
  580  0000159c          	_isxdigit:
  581                      ;  Function 'isxdigit'; 0 bytes of locals, 3 regs to save.
  582  0000159c  afbefffc	sw	-4(r29),r30; push fp
  583  000015a0  001df020	add	r30,r0,r29; fp = sp
  584  000015a4  afbffff8	sw	-8(r29),r31; push ret addr
  585  000015a8  2fbd0018	subui	r29,r29,#24; alloc local storage
  586  000015ac  afa20000	sw	0(r29),r2
  587  000015b0  afa30004	sw	4(r29),r3
  588  000015b4  afa40008	sw	8(r29),r4
  589  000015b8  83c20003	lb	r2,3(r30)
  590  000015bc  20010000	addi	r1,r0,#0
  591  000015c0  304300ff	andi	r3,r2,#0x00ff
  592  000015c4  6c64002f	sgtui	r4,r3,#47
  593  000015c8  1080001c	beqz	r4,L7_LF2
  594  000015cc  54000000	nop; delay slot nop
  595  000015d0  304300ff	andi	r3,r2,#0x00ff
  596  000015d4  70640039	sleui	r4,r3,#57
  597  000015d8  1480005c	bnez	r4,L6_LF2
  598  000015dc  54000000	nop; delay slot nop
  599  000015e0  08000004	j	L7_LF2
  600  000015e4  54000000	nop; delay slot nop
  601  000015e8          	L7_LF2:
  602  000015e8  304300ff	andi	r3,r2,#0x00ff
  603  000015ec  6c640060	sgtui	r4,r3,#96
  604  000015f0  1080001c	beqz	r4,L8_LF2
  605  000015f4  54000000	nop; delay slot nop
  606  000015f8  304300ff	andi	r3,r2,#0x00ff
  607  000015fc  70640066	sleui	r4,r3,#102
  608  00001600  14800034	bnez	r4,L6_LF2
  609  00001604  54000000	nop; delay slot nop
  610  00001608  08000004	j	L8_LF2
  611  0000160c  54000000	nop; delay slot nop
  612  00001610          	L8_LF2:
  613  00001610  304300ff	andi	r3,r2,#0x00ff
  614  00001614  6c640040	sgtui	r4,r3,#64
  615  00001618  10800020	beqz	r4,L5_LF2
  616  0000161c  54000000	nop; delay slot nop
  617  00001620  304300ff	andi	r3,r2,#0x00ff
  618  00001624  70640041	sleui	r4,r3,#65
  619  00001628  1480000c	bnez	r4,L6_LF2
  620  0000162c  54000000	nop; delay slot nop
  621  00001630  08000008	j	L5_LF2
  622  00001634  54000000	nop; delay slot nop
  623  00001638          	L6_LF2:
  624  00001638  20010001	addi	r1,r0,#1
  625  0000163c          	L5_LF2:
  626  0000163c  08000004	j	L4_LF2
  627  00001640  54000000	nop; delay slot nop
  628  00001644          	L4_LF2:
  629  00001644  8fa20000	lw	r2,0(r29)
  630  00001648  8fa30004	lw	r3,4(r29)
  631  0000164c  8fa40008	lw	r4,8(r29)
  632  00001650  8fdffff8	lw	r31,-8(r30)
  633  00001654  001ee820	add	r29,r0,r30
  634  00001658  8fdefffc	lw	r30,-4(r30)
  635  0000165c  4be00000	jr	r31
  636  00001660  54000000	nop
  637  00001664          	.endproc _isxdigit
  638  00001664          	.align 2
  639  00001664          	.proc _dstrcpy
  640  00001664          	.global _dstrcpy
  641  00001664          	_dstrcpy:
  642                      ;  Function 'dstrcpy'; 8 bytes of locals, 2 regs to save.
  643  00001664  afbefffc	sw	-4(r29),r30; push fp
  644  00001668  001df020	add	r30,r0,r29; fp = sp
  645  0000166c  afbffff8	sw	-8(r29),r31; push ret addr
  646  00001670  2fbd0018	subui	r29,r29,#24; alloc local storage
  647  00001674  afa20000	sw	0(r29),r2
  648  00001678  afa30004	sw	4(r29),r3
  649  0000167c  8fc10000	lw	r1,(r30)
  650  00001680  afc1fff4	sw	-12(r30),r1
  651  00001684          	L10_LF2:
  652  00001684  8fc10000	lw	r1,(r30)
  653  00001688  20220001	addi	r2,r1,#1
  654  0000168c  afc20000	sw	(r30),r2
  655  00001690  8fc20004	lw	r2,4(r30)
  656  00001694  20430001	addi	r3,r2,#1
  657  00001698  afc30004	sw	4(r30),r3
  658  0000169c  80420000	lb	r2,(r2)
  659  000016a0  a0220000	sb	(r1),r2
  660  000016a4  a3c2fff3	sb	-13(r30),r2
  661  000016a8          	L12_LF2:
  662  000016a8  93c1fff3	lbu	r1,-13(r30)
  663  000016ac  64220000	snei	r2,r1,#0
  664  000016b0  1440000c	bnez	r2,L13_LF2
  665  000016b4  54000000	nop; delay slot nop
  666  000016b8  0800000c	j	L11_LF2
  667  000016bc  54000000	nop; delay slot nop
  668  000016c0          	L13_LF2:
  669  000016c0  0bffffc0	j	L10_LF2
  670  000016c4  54000000	nop; delay slot nop
  671  000016c8          	L11_LF2:
  672  000016c8  8fc1fff4	lw	r1,-12(r30)
  673  000016cc  08000004	j	L9_LF2
  674  000016d0  54000000	nop; delay slot nop
  675  000016d4          	L9_LF2:
  676  000016d4  8fa20000	lw	r2,0(r29)
  677  000016d8  8fa30004	lw	r3,4(r29)
  678  000016dc  8fdffff8	lw	r31,-8(r30)
  679  000016e0  001ee820	add	r29,r0,r30
  680  000016e4  8fdefffc	lw	r30,-4(r30)
  681  000016e8  4be00000	jr	r31
  682  000016ec  54000000	nop
  683  000016f0          	.endproc _dstrcpy
  684  000016f0          	.align 2
  685  000016f0          	.proc _dstrncpy
  686  000016f0          	.global _dstrncpy
  687  000016f0          	_dstrncpy:
  688                      ;  Function 'dstrncpy'; 8 bytes of locals, 2 regs to save.
  689  000016f0  afbefffc	sw	-4(r29),r30; push fp
  690  000016f4  001df020	add	r30,r0,r29; fp = sp
  691  000016f8  afbffff8	sw	-8(r29),r31; push ret addr
  692  000016fc  2fbd0018	subui	r29,r29,#24; alloc local storage
  693  00001700  afa20000	sw	0(r29),r2
  694  00001704  afa30004	sw	4(r29),r3
  695  00001708  8fc10000	lw	r1,(r30)
  696  0000170c  afc1fff4	sw	-12(r30),r1
  697  00001710          	L15_LF2:
  698  00001710  8fc10008	lw	r1,8(r30)
  699  00001714  2022ffff	addi	r2,r1,#-1
  700  00001718  afc20008	sw	8(r30),r2
  701  0000171c  70210000	slei	r1,r1,#0
  702  00001720  1020000c	beqz	r1,L18_LF2
  703  00001724  54000000	nop; delay slot nop
  704  00001728  08000048	j	L16_LF2
  705  0000172c  54000000	nop; delay slot nop
  706  00001730          	L18_LF2:
  707  00001730  8fc10000	lw	r1,(r30)
  708  00001734  20220001	addi	r2,r1,#1
  709  00001738  afc20000	sw	(r30),r2
  710  0000173c  8fc20004	lw	r2,4(r30)
  711  00001740  20430001	addi	r3,r2,#1
  712  00001744  afc30004	sw	4(r30),r3
  713  00001748  80420000	lb	r2,(r2)
  714  0000174c  a0220000	sb	(r1),r2
  715  00001750  a3c2fff3	sb	-13(r30),r2
  716  00001754          	L17_LF2:
  717  00001754  93c1fff3	lbu	r1,-13(r30)
  718  00001758  64220000	snei	r2,r1,#0
  719  0000175c  1440000c	bnez	r2,L19_LF2
  720  00001760  54000000	nop; delay slot nop
  721  00001764  0800000c	j	L16_LF2
  722  00001768  54000000	nop; delay slot nop
  723  0000176c          	L19_LF2:
  724  0000176c  0bffffa0	j	L15_LF2
  725  00001770  54000000	nop; delay slot nop
  726  00001774          	L16_LF2:
  727  00001774  8fc1fff4	lw	r1,-12(r30)
  728  00001778  08000004	j	L14_LF2
  729  0000177c  54000000	nop; delay slot nop
  730  00001780          	L14_LF2:
  731  00001780  8fa20000	lw	r2,0(r29)
  732  00001784  8fa30004	lw	r3,4(r29)
  733  00001788  8fdffff8	lw	r31,-8(r30)
  734  0000178c  001ee820	add	r29,r0,r30
  735  00001790  8fdefffc	lw	r30,-4(r30)
  736  00001794  4be00000	jr	r31
  737  00001798  54000000	nop
  738  0000179c          	.endproc _dstrncpy
  739  0000179c          	.align 2
  740  0000179c          	.proc _dstrcat
  741  0000179c          	.global _dstrcat
  742  0000179c          	_dstrcat:
  743                      ;  Function 'dstrcat'; 8 bytes of locals, 1 regs to save.
  744  0000179c  afbefffc	sw	-4(r29),r30; push fp
  745  000017a0  001df020	add	r30,r0,r29; fp = sp
  746  000017a4  afbffff8	sw	-8(r29),r31; push ret addr
  747  000017a8  2fbd0018	subui	r29,r29,#24; alloc local storage
  748  000017ac  afa20000	sw	0(r29),r2
  749  000017b0  8fc10000	lw	r1,(r30)
  750  000017b4  afc1fff4	sw	-12(r30),r1
  751  000017b8          	L21_LF2:
  752  000017b8  8fc10000	lw	r1,(r30)
  753  000017bc  90220000	lbu	r2,(r1)
  754  000017c0  64410000	snei	r1,r2,#0
  755  000017c4  1420000c	bnez	r1,L23_LF2
  756  000017c8  54000000	nop; delay slot nop
  757  000017cc  0800001c	j	L22_LF2
  758  000017d0  54000000	nop; delay slot nop
  759  000017d4          	L23_LF2:
  760  000017d4  8fc20000	lw	r2,(r30)
  761  000017d8  20410001	addi	r1,r2,#1
  762  000017dc  00011020	add	r2,r0,r1
  763  000017e0  afc20000	sw	(r30),r2
  764  000017e4  0bffffd0	j	L21_LF2
  765  000017e8  54000000	nop; delay slot nop
  766  000017ec          	L22_LF2:
  767  000017ec  23bdfff8	addi	r29,r29,#-8
  768  000017f0  001d0820	add	r1,r0,r29
  769  000017f4  8fc20000	lw	r2,(r30)
  770  000017f8  ac220000	sw	(r1),r2
  771  000017fc  8fc20004	lw	r2,4(r30)
  772  00001800  ac220004	sw	4(r1),r2
  773  00001804  0ffffe5c	jal	_dstrcpy
  774  00001808  54000000	nop; delay slot nop
  775  0000180c  23bd0008	addi	r29,r29,#8
  776  00001810  8fc1fff4	lw	r1,-12(r30)
  777  00001814  08000004	j	L20_LF2
  778  00001818  54000000	nop; delay slot nop
  779  0000181c          	L20_LF2:
  780  0000181c  8fa20000	lw	r2,0(r29)
  781  00001820  8fdffff8	lw	r31,-8(r30)
  782  00001824  001ee820	add	r29,r0,r30
  783  00001828  8fdefffc	lw	r30,-4(r30)
  784  0000182c  4be00000	jr	r31
  785  00001830  54000000	nop
  786  00001834          	.endproc _dstrcat
  787  00001834          	.align 2
  788  00001834          	.proc _dstrncmp
  789  00001834          	.global _dstrncmp
  790  00001834          	_dstrncmp:
  791                      ;  Function 'dstrncmp'; 8 bytes of locals, 2 regs to save.
  792  00001834  afbefffc	sw	-4(r29),r30; push fp
  793  00001838  001df020	add	r30,r0,r29; fp = sp
  794  0000183c  afbffff8	sw	-8(r29),r31; push ret addr
  795  00001840  2fbd0018	subui	r29,r29,#24; alloc local storage
  796  00001844  afa20000	sw	0(r29),r2
  797  00001848  afa30004	sw	4(r29),r3
  798  0000184c  54000000	nop
  799  00001850  20010000	addi	r1,r0,#0
  800  00001854  afc1fff4	sw	-12(r30),r1
  801  00001858          	L25_LF2:
  802  00001858  8fc1fff4	lw	r1,-12(r30)
  803  0000185c  8fc20008	lw	r2,8(r30)
  804  00001860  0022082a	slt	r1,r1,r2
  805  00001864  1420000c	bnez	r1,L28_LF2
  806  00001868  54000000	nop; delay slot nop
  807  0000186c  08000088	j	L26_LF2
  808  00001870  54000000	nop; delay slot nop
  809  00001874          	L28_LF2:
  810  00001874  8fc10004	lw	r1,4(r30)
  811  00001878  90220000	lbu	r2,(r1)
  812  0000187c  64410000	snei	r1,r2,#0
  813  00001880  14200018	bnez	r1,L29_LF2
  814  00001884  54000000	nop; delay slot nop
  815  00001888  20010000	addi	r1,r0,#0
  816  0000188c  080000d8	j	L24_LF2
  817  00001890  54000000	nop; delay slot nop
  818  00001894  08000028	j	L30_LF2
  819  00001898  54000000	nop; delay slot nop
  820  0000189c          	L29_LF2:
  821  0000189c  8fc10000	lw	r1,(r30)
  822  000018a0  8fc20004	lw	r2,4(r30)
  823  000018a4  90210000	lbu	r1,(r1)
  824  000018a8  90420000	lbu	r2,(r2)
  825  000018ac  00220829	sne	r1,r1,r2
  826  000018b0  1020000c	beqz	r1,L30_LF2
  827  000018b4  54000000	nop; delay slot nop
  828  000018b8  0800003c	j	L26_LF2
  829  000018bc  54000000	nop; delay slot nop
  830  000018c0          	L31_LF2:
  831  000018c0          	L30_LF2:
  832  000018c0  8fc20000	lw	r2,(r30)
  833  000018c4  20410001	addi	r1,r2,#1
  834  000018c8  00011020	add	r2,r0,r1
  835  000018cc  afc20000	sw	(r30),r2
  836  000018d0  8fc20004	lw	r2,4(r30)
  837  000018d4  20410001	addi	r1,r2,#1
  838  000018d8  00011020	add	r2,r0,r1
  839  000018dc  afc20004	sw	4(r30),r2
  840  000018e0          	L27_LF2:
  841  000018e0  8fc2fff4	lw	r2,-12(r30)
  842  000018e4  20410001	addi	r1,r2,#1
  843  000018e8  00011020	add	r2,r0,r1
  844  000018ec  afc2fff4	sw	-12(r30),r2
  845  000018f0  0bffff64	j	L25_LF2
  846  000018f4  54000000	nop; delay slot nop
  847  000018f8          	L26_LF2:
  848  000018f8  8fc1fff4	lw	r1,-12(r30)
  849  000018fc  8fc20008	lw	r2,8(r30)
  850  00001900  00220828	seq	r1,r1,r2
  851  00001904  10200018	beqz	r1,L32_LF2
  852  00001908  54000000	nop; delay slot nop
  853  0000190c  20010000	addi	r1,r0,#0
  854  00001910  08000054	j	L24_LF2
  855  00001914  54000000	nop; delay slot nop
  856  00001918  0800004c	j	L33_LF2
  857  0000191c  54000000	nop; delay slot nop
  858  00001920          	L32_LF2:
  859  00001920  8fc20000	lw	r2,(r30)
  860  00001924  90410000	lbu	r1,(r2)
  861  00001928  8fc20004	lw	r2,4(r30)
  862  0000192c  90430000	lbu	r3,(r2)
  863  00001930  00230822	sub	r1,r1,r3
  864  00001934  74220000	sgei	r2,r1,#0
  865  00001938  10400020	beqz	r2,L34_LF2
  866  0000193c  54000000	nop; delay slot nop
  867  00001940  8fc10000	lw	r1,(r30)
  868  00001944  8fc20004	lw	r2,4(r30)
  869  00001948  90210000	lbu	r1,(r1)
  870  0000194c  90420000	lbu	r2,(r2)
  871  00001950  00220829	sne	r1,r1,r2
  872  00001954  08000008	j	L35_LF2
  873  00001958  54000000	nop; delay slot nop
  874  0000195c          	L34_LF2:
  875  0000195c  2001ffff	addi	r1,r0,#-1
  876  00001960          	L35_LF2:
  877  00001960  08000004	j	L24_LF2
  878  00001964  54000000	nop; delay slot nop
  879  00001968          	L33_LF2:
  880  00001968          	L24_LF2:
  881  00001968  8fa20000	lw	r2,0(r29)
  882  0000196c  8fa30004	lw	r3,4(r29)
  883  00001970  8fdffff8	lw	r31,-8(r30)
  884  00001974  001ee820	add	r29,r0,r30
  885  00001978  8fdefffc	lw	r30,-4(r30)
  886  0000197c  4be00000	jr	r31
  887  00001980  54000000	nop
  888  00001984          	.endproc _dstrncmp
  889  00001984          	.align 2
  890  00001984          	.proc _dstrlen
  891  00001984          	.global _dstrlen
  892  00001984          	_dstrlen:
  893                      ;  Function 'dstrlen'; 8 bytes of locals, 1 regs to save.
  894  00001984  afbefffc	sw	-4(r29),r30; push fp
  895  00001988  001df020	add	r30,r0,r29; fp = sp
  896  0000198c  afbffff8	sw	-8(r29),r31; push ret addr
  897  00001990  2fbd0018	subui	r29,r29,#24; alloc local storage
  898  00001994  afa20000	sw	0(r29),r2
  899  00001998  20010000	addi	r1,r0,#0
  900  0000199c  afc1fff4	sw	-12(r30),r1
  901  000019a0          	L37_LF2:
  902  000019a0  8fc10000	lw	r1,(r30)
  903  000019a4  20220001	addi	r2,r1,#1
  904  000019a8  afc20000	sw	(r30),r2
  905  000019ac  90210000	lbu	r1,(r1)
  906  000019b0  64220000	snei	r2,r1,#0
  907  000019b4  1440000c	bnez	r2,L39_LF2
  908  000019b8  54000000	nop; delay slot nop
  909  000019bc  0800001c	j	L38_LF2
  910  000019c0  54000000	nop; delay slot nop
  911  000019c4          	L39_LF2:
  912  000019c4  8fc2fff4	lw	r2,-12(r30)
  913  000019c8  20410001	addi	r1,r2,#1
  914  000019cc  00011020	add	r2,r0,r1
  915  000019d0  afc2fff4	sw	-12(r30),r2
  916  000019d4  0bffffc8	j	L37_LF2
  917  000019d8  54000000	nop; delay slot nop
  918  000019dc          	L38_LF2:
  919  000019dc  8fc1fff4	lw	r1,-12(r30)
  920  000019e0  08000004	j	L36_LF2
  921  000019e4  54000000	nop; delay slot nop
  922  000019e8          	L36_LF2:
  923  000019e8  8fa20000	lw	r2,0(r29)
  924  000019ec  8fdffff8	lw	r31,-8(r30)
  925  000019f0  001ee820	add	r29,r0,r30
  926  000019f4  8fdefffc	lw	r30,-4(r30)
  927  000019f8  4be00000	jr	r31
  928  000019fc  54000000	nop
  929  00001a00          	.endproc _dstrlen
  930  00001a00          	.align 2
  931  00001a00          	.proc _dstrstr
  932  00001a00          	.global _dstrstr
  933  00001a00          	_dstrstr:
  934                      ;  Function 'dstrstr'; 8 bytes of locals, 1 regs to save.
  935  00001a00  afbefffc	sw	-4(r29),r30; push fp
  936  00001a04  001df020	add	r30,r0,r29; fp = sp
  937  00001a08  afbffff8	sw	-8(r29),r31; push ret addr
  938  00001a0c  2fbd0018	subui	r29,r29,#24; alloc local storage
  939  00001a10  afa20000	sw	0(r29),r2
  940  00001a14  23bdfff8	addi	r29,r29,#-8
  941  00001a18  001d0820	add	r1,r0,r29
  942  00001a1c  8fc20004	lw	r2,4(r30)
  943  00001a20  ac220000	sw	(r1),r2
  944  00001a24  0fffff5c	jal	_dstrlen
  945  00001a28  54000000	nop; delay slot nop
  946  00001a2c  23bd0008	addi	r29,r29,#8
  947  00001a30  afc1fff4	sw	-12(r30),r1
  948  00001a34          	L41_LF2:
  949  00001a34  8fc10000	lw	r1,(r30)
  950  00001a38  90220000	lbu	r2,(r1)
  951  00001a3c  64410000	snei	r1,r2,#0
  952  00001a40  1420000c	bnez	r1,L43_LF2
  953  00001a44  54000000	nop; delay slot nop
  954  00001a48  08000060	j	L42_LF2
  955  00001a4c  54000000	nop; delay slot nop
  956  00001a50          	L43_LF2:
  957  00001a50  23bdfff0	addi	r29,r29,#-16
  958  00001a54  001d0820	add	r1,r0,r29
  959  00001a58  8fc20000	lw	r2,(r30)
  960  00001a5c  ac220000	sw	(r1),r2
  961  00001a60  8fc20004	lw	r2,4(r30)
  962  00001a64  ac220004	sw	4(r1),r2
  963  00001a68  8fc2fff4	lw	r2,-12(r30)
  964  00001a6c  ac220008	sw	8(r1),r2
  965  00001a70  0ffffdc0	jal	_dstrncmp
  966  00001a74  54000000	nop; delay slot nop
  967  00001a78  23bd0010	addi	r29,r29,#16
  968  00001a7c  64220000	snei	r2,r1,#0
  969  00001a80  14400010	bnez	r2,L44_LF2
  970  00001a84  54000000	nop; delay slot nop
  971  00001a88  8fc10000	lw	r1,(r30)
  972  00001a8c  08000028	j	L40_LF2
  973  00001a90  54000000	nop; delay slot nop
  974  00001a94          	L44_LF2:
  975  00001a94  8fc20000	lw	r2,(r30)
  976  00001a98  20410001	addi	r1,r2,#1
  977  00001a9c  00011020	add	r2,r0,r1
  978  00001aa0  afc20000	sw	(r30),r2
  979  00001aa4  0bffff8c	j	L41_LF2
  980  00001aa8  54000000	nop; delay slot nop
  981  00001aac          	L42_LF2:
  982  00001aac  20010000	addi	r1,r0,#0
  983  00001ab0  08000004	j	L40_LF2
  984  00001ab4  54000000	nop; delay slot nop
  985  00001ab8          	L40_LF2:
  986  00001ab8  8fa20000	lw	r2,0(r29)
  987  00001abc  8fdffff8	lw	r31,-8(r30)
  988  00001ac0  001ee820	add	r29,r0,r30
  989  00001ac4  8fdefffc	lw	r30,-4(r30)
  990  00001ac8  4be00000	jr	r31
  991  00001acc  54000000	nop
  992  00001ad0          	.endproc _dstrstr
  993  00001ad0          	.align 2
  994  00001ad0          	.proc _dmindex
  995  00001ad0          	.global _dmindex
  996  00001ad0          	_dmindex:
  997                      ;  Function 'dmindex'; 8 bytes of locals, 1 regs to save.
  998  00001ad0  afbefffc	sw	-4(r29),r30; push fp
  999  00001ad4  001df020	add	r30,r0,r29; fp = sp
 1000  00001ad8  afbffff8	sw	-8(r29),r31; push ret addr
 1001  00001adc  2fbd0018	subui	r29,r29,#24; alloc local storage
 1002  00001ae0  afa20000	sw	0(r29),r2
 1003  00001ae4  54000000	nop
 1004  00001ae8          	L46_LF2:
 1005  00001ae8  8fc10000	lw	r1,(r30)
 1006  00001aec  90220000	lbu	r2,(r1)
 1007  00001af0  64410000	snei	r1,r2,#0
 1008  00001af4  1420000c	bnez	r1,L48_LF2
 1009  00001af8  54000000	nop; delay slot nop
 1010  00001afc  08000070	j	L47_LF2
 1011  00001b00  54000000	nop; delay slot nop
 1012  00001b04          	L48_LF2:
 1013  00001b04  8fc10004	lw	r1,4(r30)
 1014  00001b08  afc1fff4	sw	-12(r30),r1
 1015  00001b0c          	L49_LF2:
 1016  00001b0c  8fc1fff4	lw	r1,-12(r30)
 1017  00001b10  90220000	lbu	r2,(r1)
 1018  00001b14  64410000	snei	r1,r2,#0
 1019  00001b18  1420000c	bnez	r1,L52_LF2
 1020  00001b1c  54000000	nop; delay slot nop
 1021  00001b20  08000044	j	L50_LF2
 1022  00001b24  54000000	nop; delay slot nop
 1023  00001b28          	L52_LF2:
 1024  00001b28  8fc10000	lw	r1,(r30)
 1025  00001b2c  8fc2fff4	lw	r2,-12(r30)
 1026  00001b30  90210000	lbu	r1,(r1)
 1027  00001b34  90420000	lbu	r2,(r2)
 1028  00001b38  00220828	seq	r1,r1,r2
 1029  00001b3c  10200010	beqz	r1,L51_LF2
 1030  00001b40  54000000	nop; delay slot nop
 1031  00001b44  8fc10000	lw	r1,(r30)
 1032  00001b48  08000030	j	L45_LF2
 1033  00001b4c  54000000	nop; delay slot nop
 1034  00001b50          	L53_LF2:
 1035  00001b50          	L51_LF2:
 1036  00001b50  8fc2fff4	lw	r2,-12(r30)
 1037  00001b54  20410001	addi	r1,r2,#1
 1038  00001b58  00011020	add	r2,r0,r1
 1039  00001b5c  afc2fff4	sw	-12(r30),r2
 1040  00001b60  0bffffa8	j	L49_LF2
 1041  00001b64  54000000	nop; delay slot nop
 1042  00001b68          	L50_LF2:
 1043  00001b68  0bffff7c	j	L46_LF2
 1044  00001b6c  54000000	nop; delay slot nop
 1045  00001b70          	L47_LF2:
 1046  00001b70  20010000	addi	r1,r0,#0
 1047  00001b74  08000004	j	L45_LF2
 1048  00001b78  54000000	nop; delay slot nop
 1049  00001b7c          	L45_LF2:
 1050  00001b7c  8fa20000	lw	r2,0(r29)
 1051  00001b80  8fdffff8	lw	r31,-8(r30)
 1052  00001b84  001ee820	add	r29,r0,r30
 1053  00001b88  8fdefffc	lw	r30,-4(r30)
 1054  00001b8c  4be00000	jr	r31
 1055  00001b90  54000000	nop
 1056  00001b94          	.endproc _dmindex
 1057  00001b94          	.align 2
 1058  00001b94          	.proc _dindex
 1059  00001b94          	.global _dindex
 1060  00001b94          	_dindex:
 1061                      ;  Function 'dindex'; 0 bytes of locals, 1 regs to save.
 1062  00001b94  afbefffc	sw	-4(r29),r30; push fp
 1063  00001b98  001df020	add	r30,r0,r29; fp = sp
 1064  00001b9c  afbffff8	sw	-8(r29),r31; push ret addr
 1065  00001ba0  2fbd0010	subui	r29,r29,#16; alloc local storage
 1066  00001ba4  afa20000	sw	0(r29),r2
 1067  00001ba8  54000000	nop
 1068  00001bac          	L55_LF2:
 1069  00001bac  8fc10000	lw	r1,(r30)
 1070  00001bb0  90220000	lbu	r2,(r1)
 1071  00001bb4  64410000	snei	r1,r2,#0
 1072  00001bb8  1420000c	bnez	r1,L57_LF2
 1073  00001bbc  54000000	nop; delay slot nop
 1074  00001bc0  08000040	j	L56_LF2
 1075  00001bc4  54000000	nop; delay slot nop
 1076  00001bc8          	L57_LF2:
 1077  00001bc8  8fc10000	lw	r1,(r30)
 1078  00001bcc  90220000	lbu	r2,(r1)
 1079  00001bd0  8fc10004	lw	r1,4(r30)
 1080  00001bd4  00411028	seq	r2,r2,r1
 1081  00001bd8  10400010	beqz	r2,L58_LF2
 1082  00001bdc  54000000	nop; delay slot nop
 1083  00001be0  8fc10000	lw	r1,(r30)
 1084  00001be4  08000028	j	L54_LF2
 1085  00001be8  54000000	nop; delay slot nop
 1086  00001bec          	L58_LF2:
 1087  00001bec  8fc20000	lw	r2,(r30)
 1088  00001bf0  20410001	addi	r1,r2,#1
 1089  00001bf4  00011020	add	r2,r0,r1
 1090  00001bf8  afc20000	sw	(r30),r2
 1091  00001bfc  0bffffac	j	L55_LF2
 1092  00001c00  54000000	nop; delay slot nop
 1093  00001c04          	L56_LF2:
 1094  00001c04  20010000	addi	r1,r0,#0
 1095  00001c08  08000004	j	L54_LF2
 1096  00001c0c  54000000	nop; delay slot nop
 1097  00001c10          	L54_LF2:
 1098  00001c10  8fa20000	lw	r2,0(r29)
 1099  00001c14  8fdffff8	lw	r31,-8(r30)
 1100  00001c18  001ee820	add	r29,r0,r30
 1101  00001c1c  8fdefffc	lw	r30,-4(r30)
 1102  00001c20  4be00000	jr	r31
 1103  00001c24  54000000	nop
 1104  00001c28          	.endproc _dindex
 1105  00001c28          	.align 2
 1106  00001c28          	.proc _ditoa
 1107  00001c28          	.global _ditoa
 1108  00001c28          	_ditoa:
 1109                      ;  Function 'ditoa'; 8 bytes of locals, 2 regs to save.
 1110  00001c28  afbefffc	sw	-4(r29),r30; push fp
 1111  00001c2c  001df020	add	r30,r0,r29; fp = sp
 1112  00001c30  afbffff8	sw	-8(r29),r31; push ret addr
 1113  00001c34  2fbd0018	subui	r29,r29,#24; alloc local storage
 1114  00001c38  afa20000	sw	0(r29),r2
 1115  00001c3c  afa30004	sw	4(r29),r3
 1116  00001c40  8fc10000	lw	r1,(r30)
 1117  00001c44  68220000	slti	r2,r1,#0
 1118  00001c48  1040002c	beqz	r2,L60_LF2
 1119  00001c4c  54000000	nop; delay slot nop
 1120  00001c50  8fc10004	lw	r1,4(r30)
 1121  00001c54  20220001	addi	r2,r1,#1
 1122  00001c58  afc20004	sw	4(r30),r2
 1123  00001c5c  2002002d	addi	r2,r0,(#0x2d)&0xff
 1124  00001c60  a0220000	sb	(r1),r2
 1125  00001c64  8fc10000	lw	r1,(r30)
 1126  00001c68  00011022	sub	r2,r0,r1
 1127  00001c6c  afc20000	sw	(r30),r2
 1128  00001c70  08000118	j	L61_LF2
 1129  00001c74  54000000	nop; delay slot nop
 1130  00001c78          	L60_LF2:
 1131  00001c78  8fc10000	lw	r1,(r30)
 1132  00001c7c  64220000	snei	r2,r1,#0
 1133  00001c80  14400020	bnez	r2,L62_LF2
 1134  00001c84  54000000	nop; delay slot nop
 1135  00001c88  8fc10004	lw	r1,4(r30)
 1136  00001c8c  20220001	addi	r2,r1,#1
 1137  00001c90  afc20004	sw	4(r30),r2
 1138  00001c94  20020030	addi	r2,r0,(#0x30)&0xff
 1139  00001c98  a0220000	sb	(r1),r2
 1140  00001c9c  080000ec	j	L61_LF2
 1141  00001ca0  54000000	nop; delay slot nop
 1142  00001ca4          	L62_LF2:
 1143  00001ca4  20010001	addi	r1,r0,#1
 1144  00001ca8  afc1fff4	sw	-12(r30),r1
 1145  00001cac          	L64_LF2:
 1146  00001cac  8fc1fff4	lw	r1,-12(r30)
 1147  00001cb0  8fc20000	lw	r2,(r30)
 1148  00001cb4  0022082c	sle	r1,r1,r2
 1149  00001cb8  1420000c	bnez	r1,L66_LF2
 1150  00001cbc  54000000	nop; delay slot nop
 1151  00001cc0  08000024	j	L65_LF2
 1152  00001cc4  54000000	nop; delay slot nop
 1153  00001cc8          	L67_LF2:
 1154  00001cc8          	L66_LF2:
 1155  00001cc8  8fc1fff4	lw	r1,-12(r30)
 1156  00001ccc  00011820	add	r3,r0,r1
 1157  00001cd0  50620002	slli	r2,r3,#0x2
 1158  00001cd4  00411020	add	r2,r2,r1
 1159  00001cd8  50410001	slli	r1,r2,#0x1
 1160  00001cdc  afc1fff4	sw	-12(r30),r1
 1161  00001ce0  0bffffc8	j	L64_LF2
 1162  00001ce4  54000000	nop; delay slot nop
 1163  00001ce8          	L65_LF2:
 1164  00001ce8  54000000	nop
 1165  00001cec          	L68_LF2:
 1166  00001cec  8fc1fff4	lw	r1,-12(r30)
 1167  00001cf0  2002000a	addi	r2,r0,#10
 1168  00001cf4  00200035	movi2fp	f0,r1
 1169  00001cf8  00400835	movi2fp	f1,r2
 1170  00001cfc  0401000f	div	f0,f0,f1
 1171  00001d00  00000834	movfp2i	r1,f0
 1172  00001d04  afc1fff4	sw	-12(r30),r1
 1173  00001d08  8fc10004	lw	r1,4(r30)
 1174  00001d0c  20220001	addi	r2,r1,#1
 1175  00001d10  afc20004	sw	4(r30),r2
 1176  00001d14  8fc20000	lw	r2,(r30)
 1177  00001d18  8fc3fff4	lw	r3,-12(r30)
 1178  00001d1c  00400035	movi2fp	f0,r2
 1179  00001d20  00600835	movi2fp	f1,r3
 1180  00001d24  0401000f	div	f0,f0,f1
 1181  00001d28  00001034	movfp2i	r2,f0
 1182  00001d2c  00021820	add	r3,r0,r2
 1183  00001d30  20620030	addi	r2,r3,#48
 1184  00001d34  a0220000	sb	(r1),r2
 1185  00001d38  8fc10000	lw	r1,(r30)
 1186  00001d3c  8fc3fff4	lw	r3,-12(r30)
 1187  00001d40  00200035	movi2fp	f0,r1
 1188  00001d44  00600835	movi2fp	f1,r3
 1189  00001d48  0401000f	div	f0,f0,f1
 1190  00001d4c  00001034	movfp2i	r2,f0
 1191  00001d50  8fc3fff4	lw	r3,-12(r30)
 1192  00001d54  00400035	movi2fp	f0,r2
 1193  00001d58  00600835	movi2fp	f1,r3
 1194  00001d5c  0401000e	mult	f0,f0,f1
 1195  00001d60  00001034	movfp2i	r2,f0
 1196  00001d64  00220822	sub	r1,r1,r2
 1197  00001d68  afc10000	sw	(r30),r1
 1198  00001d6c          	L70_LF2:
 1199  00001d6c  8fc1fff4	lw	r1,-12(r30)
 1200  00001d70  6c220001	sgti	r2,r1,#1
 1201  00001d74  1440000c	bnez	r2,L71_LF2
 1202  00001d78  54000000	nop; delay slot nop
 1203  00001d7c  0800000c	j	L61_LF2
 1204  00001d80  54000000	nop; delay slot nop
 1205  00001d84          	L71_LF2:
 1206  00001d84  0bffff64	j	L68_LF2
 1207  00001d88  54000000	nop; delay slot nop
 1208  00001d8c          	L69_LF2:
 1209  00001d8c          	L63_LF2:
 1210  00001d8c          	L61_LF2:
 1211  00001d8c  8fc10004	lw	r1,4(r30)
 1212  00001d90  20020000	addi	r2,r0,(#0x0)&0xff
 1213  00001d94  a0220000	sb	(r1),r2
 1214  00001d98          	L59_LF2:
 1215  00001d98  8fa20000	lw	r2,0(r29)
 1216  00001d9c  8fa30004	lw	r3,4(r29)
 1217  00001da0  8fdffff8	lw	r31,-8(r30)
 1218  00001da4  001ee820	add	r29,r0,r30
 1219  00001da8  8fdefffc	lw	r30,-4(r30)
 1220  00001dac  4be00000	jr	r31
 1221  00001db0  54000000	nop
 1222  00001db4          	.endproc _ditoa
 1223  00001db4          	.align 2
 1224  00001db4          	.proc _dstrtol
 1225  00001db4          	.global _dstrtol
 1226  00001db4          	_dstrtol:
 1227                      ;  Function 'dstrtol'; 16 bytes of locals, 1 regs to save.
 1228  00001db4  afbefffc	sw	-4(r29),r30; push fp
 1229  00001db8  001df020	add	r30,r0,r29; fp = sp
 1230  00001dbc  afbffff8	sw	-8(r29),r31; push ret addr
 1231  00001dc0  2fbd0020	subui	r29,r29,#32; alloc local storage
 1232  00001dc4  afa20000	sw	0(r29),r2
 1233  00001dc8  20010000	addi	r1,r0,#0
 1234  00001dcc  afc1fff4	sw	-12(r30),r1
 1235  00001dd0          	L73_LF2:
 1236  00001dd0  8fc10000	lw	r1,(r30)
 1237  00001dd4  90220000	lbu	r2,(r1)
 1238  00001dd8  60410020	seqi	r1,r2,#32
 1239  00001ddc  14200034	bnez	r1,L75_LF2
 1240  00001de0  54000000	nop; delay slot nop
 1241  00001de4  8fc10000	lw	r1,(r30)
 1242  00001de8  90220000	lbu	r2,(r1)
 1243  00001dec  60410009	seqi	r1,r2,#9
 1244  00001df0  14200020	bnez	r1,L75_LF2
 1245  00001df4  54000000	nop; delay slot nop
 1246  00001df8  8fc10000	lw	r1,(r30)
 1247  00001dfc  90220000	lbu	r2,(r1)
 1248  00001e00  6041000a	seqi	r1,r2,#10
 1249  00001e04  1420000c	bnez	r1,L75_LF2
 1250  00001e08  54000000	nop; delay slot nop
 1251  00001e0c  0800001c	j	L74_LF2
 1252  00001e10  54000000	nop; delay slot nop
 1253  00001e14          	L75_LF2:
 1254  00001e14  8fc20000	lw	r2,(r30)
 1255  00001e18  20410001	addi	r1,r2,#1
 1256  00001e1c  00011020	add	r2,r0,r1
 1257  00001e20  afc20000	sw	(r30),r2
 1258  00001e24  0bffffa8	j	L73_LF2
 1259  00001e28  54000000	nop; delay slot nop
 1260  00001e2c          	L74_LF2:
 1261  00001e2c  8fc10004	lw	r1,4(r30)
 1262  00001e30  64220000	snei	r2,r1,#0
 1263  00001e34  10400010	beqz	r2,L76_LF2
 1264  00001e38  54000000	nop; delay slot nop
 1265  00001e3c  8fc10004	lw	r1,4(r30)
 1266  00001e40  8fc20000	lw	r2,(r30)
 1267  00001e44  ac220000	sw	(r1),r2
 1268  00001e48          	L76_LF2:
 1269  00001e48  8fc10000	lw	r1,(r30)
 1270  00001e4c  90220000	lbu	r2,(r1)
 1271  00001e50  64410000	snei	r1,r2,#0
 1272  00001e54  14200010	bnez	r1,L77_LF2
 1273  00001e58  54000000	nop; delay slot nop
 1274  00001e5c  8fc1fff4	lw	r1,-12(r30)
 1275  00001e60  08000294	j	L72_LF2
 1276  00001e64  54000000	nop; delay slot nop
 1277  00001e68          	L77_LF2:
 1278  00001e68  8fc10000	lw	r1,(r30)
 1279  00001e6c  90220000	lbu	r2,(r1)
 1280  00001e70  6041002d	seqi	r1,r2,#45
 1281  00001e74  10200024	beqz	r1,L78_LF2
 1282  00001e78  54000000	nop; delay slot nop
 1283  00001e7c  2001ffff	addi	r1,r0,#-1
 1284  00001e80  afc1ffec	sw	-20(r30),r1
 1285  00001e84  8fc20000	lw	r2,(r30)
 1286  00001e88  20410001	addi	r1,r2,#1
 1287  00001e8c  00011020	add	r2,r0,r1
 1288  00001e90  afc20000	sw	(r30),r2
 1289  00001e94  0800000c	j	L79_LF2
 1290  00001e98  54000000	nop; delay slot nop
 1291  00001e9c          	L78_LF2:
 1292  00001e9c  20010001	addi	r1,r0,#1
 1293  00001ea0  afc1ffec	sw	-20(r30),r1
 1294  00001ea4          	L79_LF2:
 1295  00001ea4  8fc10008	lw	r1,8(r30)
 1296  00001ea8  64220000	snei	r2,r1,#0
 1297  00001eac  14400090	bnez	r2,L80_LF2
 1298  00001eb0  54000000	nop; delay slot nop
 1299  00001eb4  8fc10000	lw	r1,(r30)
 1300  00001eb8  90220000	lbu	r2,(r1)
 1301  00001ebc  60410030	seqi	r1,r2,#48
 1302  00001ec0  10200074	beqz	r1,L81_LF2
 1303  00001ec4  54000000	nop; delay slot nop
 1304  00001ec8  8fc20000	lw	r2,(r30)
 1305  00001ecc  20410001	addi	r1,r2,#1
 1306  00001ed0  00011020	add	r2,r0,r1
 1307  00001ed4  afc20000	sw	(r30),r2
 1308  00001ed8  8fc10000	lw	r1,(r30)
 1309  00001edc  90220000	lbu	r2,(r1)
 1310  00001ee0  60410078	seqi	r1,r2,#120
 1311  00001ee4  14200020	bnez	r1,L83_LF2
 1312  00001ee8  54000000	nop; delay slot nop
 1313  00001eec  8fc10000	lw	r1,(r30)
 1314  00001ef0  90220000	lbu	r2,(r1)
 1315  00001ef4  60410058	seqi	r1,r2,#88
 1316  00001ef8  1420000c	bnez	r1,L83_LF2
 1317  00001efc  54000000	nop; delay slot nop
 1318  00001f00  08000024	j	L82_LF2
 1319  00001f04  54000000	nop; delay slot nop
 1320  00001f08          	L83_LF2:
 1321  00001f08  20010010	addi	r1,r0,#16
 1322  00001f0c  afc10008	sw	8(r30),r1
 1323  00001f10  8fc20000	lw	r2,(r30)
 1324  00001f14  20410001	addi	r1,r2,#1
 1325  00001f18  00011020	add	r2,r0,r1
 1326  00001f1c  afc20000	sw	(r30),r2
 1327  00001f20  0800000c	j	L84_LF2
 1328  00001f24  54000000	nop; delay slot nop
 1329  00001f28          	L82_LF2:
 1330  00001f28  20010008	addi	r1,r0,#8
 1331  00001f2c  afc10008	sw	8(r30),r1
 1332  00001f30          	L84_LF2:
 1333  00001f30  0800000c	j	L80_LF2
 1334  00001f34  54000000	nop; delay slot nop
 1335  00001f38          	L81_LF2:
 1336  00001f38  2001000a	addi	r1,r0,#10
 1337  00001f3c  afc10008	sw	8(r30),r1
 1338  00001f40          	L85_LF2:
 1339  00001f40          	L80_LF2:
 1340  00001f40  8fc10008	lw	r1,8(r30)
 1341  00001f44  70220000	slei	r2,r1,#0
 1342  00001f48  1440001c	bnez	r2,L87_LF2
 1343  00001f4c  54000000	nop; delay slot nop
 1344  00001f50  8fc10008	lw	r1,8(r30)
 1345  00001f54  6c220010	sgti	r2,r1,#16
 1346  00001f58  1440000c	bnez	r2,L87_LF2
 1347  00001f5c  54000000	nop; delay slot nop
 1348  00001f60  08000010	j	L86_LF2
 1349  00001f64  54000000	nop; delay slot nop
 1350  00001f68          	L87_LF2:
 1351  00001f68  8fc1fff4	lw	r1,-12(r30)
 1352  00001f6c  08000188	j	L72_LF2
 1353  00001f70  54000000	nop; delay slot nop
 1354  00001f74          	L86_LF2:
 1355  00001f74  54000000	nop
 1356  00001f78          	L88_LF2:
 1357  00001f78  8fc10000	lw	r1,(r30)
 1358  00001f7c  90220000	lbu	r2,(r1)
 1359  00001f80  6c41002f	sgtui	r1,r2,#47
 1360  00001f84  10200030	beqz	r1,L91_LF2
 1361  00001f88  54000000	nop; delay slot nop
 1362  00001f8c  8fc10000	lw	r1,(r30)
 1363  00001f90  90220000	lbu	r2,(r1)
 1364  00001f94  70410039	sleui	r1,r2,#57
 1365  00001f98  1020001c	beqz	r1,L91_LF2
 1366  00001f9c  54000000	nop; delay slot nop
 1367  00001fa0  8fc10000	lw	r1,(r30)
 1368  00001fa4  90220000	lbu	r2,(r1)
 1369  00001fa8  2041ffd0	addi	r1,r2,#-48
 1370  00001fac  afc1fff0	sw	-16(r30),r1
 1371  00001fb0  0800008c	j	L92_LF2
 1372  00001fb4  54000000	nop; delay slot nop
 1373  00001fb8          	L91_LF2:
 1374  00001fb8  8fc10000	lw	r1,(r30)
 1375  00001fbc  90220000	lbu	r2,(r1)
 1376  00001fc0  6c410060	sgtui	r1,r2,#96
 1377  00001fc4  10200030	beqz	r1,L93_LF2
 1378  00001fc8  54000000	nop; delay slot nop
 1379  00001fcc  8fc10000	lw	r1,(r30)
 1380  00001fd0  90220000	lbu	r2,(r1)
 1381  00001fd4  7041007a	sleui	r1,r2,#122
 1382  00001fd8  1020001c	beqz	r1,L93_LF2
 1383  00001fdc  54000000	nop; delay slot nop
 1384  00001fe0  8fc10000	lw	r1,(r30)
 1385  00001fe4  90220000	lbu	r2,(r1)
 1386  00001fe8  2041ffa9	addi	r1,r2,#-87
 1387  00001fec  afc1fff0	sw	-16(r30),r1
 1388  00001ff0  0800004c	j	L92_LF2
 1389  00001ff4  54000000	nop; delay slot nop
 1390  00001ff8          	L93_LF2:
 1391  00001ff8  8fc10000	lw	r1,(r30)
 1392  00001ffc  90220000	lbu	r2,(r1)
 1393  00002000  6c410040	sgtui	r1,r2,#64
 1394  00002004  10200030	beqz	r1,L95_LF2
 1395  00002008  54000000	nop; delay slot nop
 1396  0000200c  8fc10000	lw	r1,(r30)
 1397  00002010  90220000	lbu	r2,(r1)
 1398  00002014  7041005a	sleui	r1,r2,#90
 1399  00002018  1020001c	beqz	r1,L95_LF2
 1400  0000201c  54000000	nop; delay slot nop
 1401  00002020  8fc10000	lw	r1,(r30)
 1402  00002024  90220000	lbu	r2,(r1)
 1403  00002028  2041ffc9	addi	r1,r2,#-55
 1404  0000202c  afc1fff0	sw	-16(r30),r1
 1405  00002030  0800000c	j	L92_LF2
 1406  00002034  54000000	nop; delay slot nop
 1407  00002038          	L95_LF2:
 1408  00002038  200103e8	addi	r1,r0,#1000
 1409  0000203c  afc1fff0	sw	-16(r30),r1
 1410  00002040          	L96_LF2:
 1411  00002040          	L94_LF2:
 1412  00002040          	L92_LF2:
 1413  00002040  8fc1fff0	lw	r1,-16(r30)
 1414  00002044  8fc20008	lw	r2,8(r30)
 1415  00002048  0022082a	slt	r1,r1,r2
 1416  0000204c  10200040	beqz	r1,L90_LF2
 1417  00002050  54000000	nop; delay slot nop
 1418  00002054  8fc1fff4	lw	r1,-12(r30)
 1419  00002058  8fc20008	lw	r2,8(r30)
 1420  0000205c  00200035	movi2fp	f0,r1
 1421  00002060  00400835	movi2fp	f1,r2
 1422  00002064  0401000e	mult	f0,f0,f1
 1423  00002068  00000834	movfp2i	r1,f0
 1424  0000206c  afc1fff4	sw	-12(r30),r1
 1425  00002070  8fc1fff4	lw	r1,-12(r30)
 1426  00002074  8fc2fff0	lw	r2,-16(r30)
 1427  00002078  00220820	add	r1,r1,r2
 1428  0000207c  afc1fff4	sw	-12(r30),r1
 1429  00002080  8fc20000	lw	r2,(r30)
 1430  00002084  20410001	addi	r1,r2,#1
 1431  00002088  00011020	add	r2,r0,r1
 1432  0000208c  afc20000	sw	(r30),r2
 1433  00002090          	L97_LF2:
 1434  00002090          	L90_LF2:
 1435  00002090  8fc1fff0	lw	r1,-16(r30)
 1436  00002094  8fc20008	lw	r2,8(r30)
 1437  00002098  0022082a	slt	r1,r1,r2
 1438  0000209c  1420000c	bnez	r1,L98_LF2
 1439  000020a0  54000000	nop; delay slot nop
 1440  000020a4  0800000c	j	L89_LF2
 1441  000020a8  54000000	nop; delay slot nop
 1442  000020ac          	L98_LF2:
 1443  000020ac  0bfffec8	j	L88_LF2
 1444  000020b0  54000000	nop; delay slot nop
 1445  000020b4          	L89_LF2:
 1446  000020b4  8fc10004	lw	r1,4(r30)
 1447  000020b8  64220000	snei	r2,r1,#0
 1448  000020bc  10400010	beqz	r2,L99_LF2
 1449  000020c0  54000000	nop; delay slot nop
 1450  000020c4  8fc10004	lw	r1,4(r30)
 1451  000020c8  8fc20000	lw	r2,(r30)
 1452  000020cc  ac220000	sw	(r1),r2
 1453  000020d0          	L99_LF2:
 1454  000020d0  8fc1fff4	lw	r1,-12(r30)
 1455  000020d4  8fc2ffec	lw	r2,-20(r30)
 1456  000020d8  00200035	movi2fp	f0,r1
 1457  000020dc  00400835	movi2fp	f1,r2
 1458  000020e0  0401000e	mult	f0,f0,f1
 1459  000020e4  00000834	movfp2i	r1,f0
 1460  000020e8  afc1fff4	sw	-12(r30),r1
 1461  000020ec  8fc1fff4	lw	r1,-12(r30)
 1462  000020f0  08000004	j	L72_LF2
 1463  000020f4  54000000	nop; delay slot nop
 1464  000020f8          	L72_LF2:
 1465  000020f8  8fa20000	lw	r2,0(r29)
 1466  000020fc  8fdffff8	lw	r31,-8(r30)
 1467  00002100  001ee820	add	r29,r0,r30
 1468  00002104  8fdefffc	lw	r30,-4(r30)
 1469  00002108  4be00000	jr	r31
 1470  0000210c  54000000	nop
 1471  00002110          	.endproc _dstrtol
 1472  00002110          	.align 2
 1473  00002110          	.proc _bcopy
 1474  00002110          	.global _bcopy
 1475  00002110          	_bcopy:
 1476                      ;  Function 'bcopy'; 0 bytes of locals, 2 regs to save.
 1477  00002110  afbefffc	sw	-4(r29),r30; push fp
 1478  00002114  001df020	add	r30,r0,r29; fp = sp
 1479  00002118  afbffff8	sw	-8(r29),r31; push ret addr
 1480  0000211c  2fbd0010	subui	r29,r29,#16; alloc local storage
 1481  00002120  afa20000	sw	0(r29),r2
 1482  00002124  afa30004	sw	4(r29),r3
 1483  00002128  54000000	nop
 1484  0000212c          	L101_LF2:
 1485  0000212c  8fc10008	lw	r1,8(r30)
 1486  00002130  2022ffff	addi	r2,r1,#-1
 1487  00002134  afc20008	sw	8(r30),r2
 1488  00002138  6c210000	sgti	r1,r1,#0
 1489  0000213c  1420000c	bnez	r1,L103_LF2
 1490  00002140  54000000	nop; delay slot nop
 1491  00002144  0800002c	j	L102_LF2
 1492  00002148  54000000	nop; delay slot nop
 1493  0000214c          	L103_LF2:
 1494  0000214c  8fc10004	lw	r1,4(r30)
 1495  00002150  20220001	addi	r2,r1,#1
 1496  00002154  afc20004	sw	4(r30),r2
 1497  00002158  8fc20000	lw	r2,(r30)
 1498  0000215c  20430001	addi	r3,r2,#1
 1499  00002160  afc30000	sw	(r30),r3
 1500  00002164  80420000	lb	r2,(r2)
 1501  00002168  a0220000	sb	(r1),r2
 1502  0000216c  0bffffbc	j	L101_LF2
 1503  00002170  54000000	nop; delay slot nop
 1504  00002174          	L102_LF2:
 1505  00002174          	L100_LF2:
 1506  00002174  8fa20000	lw	r2,0(r29)
 1507  00002178  8fa30004	lw	r3,4(r29)
 1508  0000217c  8fdffff8	lw	r31,-8(r30)
 1509  00002180  001ee820	add	r29,r0,r30
 1510  00002184  8fdefffc	lw	r30,-4(r30)
 1511  00002188  4be00000	jr	r31
 1512  0000218c  54000000	nop
 1513  00002190          	.endproc _bcopy
 1514  00002190          	.align 2
 1515  00002190          	.proc _bzero
 1516  00002190          	.global _bzero
 1517  00002190          	_bzero:
 1518                      ;  Function 'bzero'; 0 bytes of locals, 1 regs to save.
 1519  00002190  afbefffc	sw	-4(r29),r30; push fp
 1520  00002194  001df020	add	r30,r0,r29; fp = sp
 1521  00002198  afbffff8	sw	-8(r29),r31; push ret addr
 1522  0000219c  2fbd0010	subui	r29,r29,#16; alloc local storage
 1523  000021a0  afa20000	sw	0(r29),r2
 1524  000021a4  54000000	nop
 1525  000021a8          	L105_LF2:
 1526  000021a8  8fc10004	lw	r1,4(r30)
 1527  000021ac  2022ffff	addi	r2,r1,#-1
 1528  000021b0  afc20004	sw	4(r30),r2
 1529  000021b4  6c210000	sgti	r1,r1,#0
 1530  000021b8  1420000c	bnez	r1,L107_LF2
 1531  000021bc  54000000	nop; delay slot nop
 1532  000021c0  08000020	j	L106_LF2
 1533  000021c4  54000000	nop; delay slot nop
 1534  000021c8          	L107_LF2:
 1535  000021c8  8fc10000	lw	r1,(r30)
 1536  000021cc  20220001	addi	r2,r1,#1
 1537  000021d0  afc20000	sw	(r30),r2
 1538  000021d4  20020000	addi	r2,r0,(#0x0)&0xff
 1539  000021d8  a0220000	sb	(r1),r2
 1540  000021dc  0bffffc8	j	L105_LF2
 1541  000021e0  54000000	nop; delay slot nop
 1542  000021e4          	L106_LF2:
 1543  000021e4          	L104_LF2:
 1544  000021e4  8fa20000	lw	r2,0(r29)
 1545  000021e8  8fdffff8	lw	r31,-8(r30)
 1546  000021ec  001ee820	add	r29,r0,r30
 1547  000021f0  8fdefffc	lw	r30,-4(r30)
 1548  000021f4  4be00000	jr	r31
 1549  000021f8  54000000	nop
 1550  000021fc          	.endproc _bzero
 1551  000021fc          	.align 2
 1552  000021fc          	.proc _min
 1553  000021fc          	.global _min
 1554  000021fc          	_min:
 1555                      ;  Function 'min'; 0 bytes of locals, 2 regs to save.
 1556  000021fc  afbefffc	sw	-4(r29),r30; push fp
 1557  00002200  001df020	add	r30,r0,r29; fp = sp
 1558  00002204  afbffff8	sw	-8(r29),r31; push ret addr
 1559  00002208  2fbd0010	subui	r29,r29,#16; alloc local storage
 1560  0000220c  afa20000	sw	0(r29),r2
 1561  00002210  afa30004	sw	4(r29),r3
 1562  00002214  8fc10000	lw	r1,(r30)
 1563  00002218  8fc20004	lw	r2,4(r30)
 1564  0000221c  0022182c	sle	r3,r1,r2
 1565  00002220  14600008	bnez	r3,L109_LF2
 1566  00002224  54000000	nop; delay slot nop
 1567  00002228  8fc10004	lw	r1,4(r30)
 1568  0000222c          	L109_LF2:
 1569  0000222c  08000004	j	L108_LF2
 1570  00002230  54000000	nop; delay slot nop
 1571  00002234          	L108_LF2:
 1572  00002234  8fa20000	lw	r2,0(r29)
 1573  00002238  8fa30004	lw	r3,4(r29)
 1574  0000223c  8fdffff8	lw	r31,-8(r30)
 1575  00002240  001ee820	add	r29,r0,r30
 1576  00002244  8fdefffc	lw	r30,-4(r30)
 1577  00002248  4be00000	jr	r31
 1578  0000224c  54000000	nop
 1579  00002250          	.endproc _min
 1580                      ;;; Ethan L. Miller, 1999.  Released to the public domain
 1581                      ;;;
 1582                      ;;; Most of the traps are called in files from libtraps.
 1585  00002250          	.align 2
 1586  00002250          	.proc _exit
 1587  00002250          	.global _exit
 1588  00002250          	_exit:
 1589  00002250  44000300	trap	#0x300
 1590  00002254  4be00000	jr	r31
 1591  00002258  54000000	nop
 1592  0000225c          	.endproc _exit
 1594                      ; for the benefit of gcc.
 1595  0000225c          	.proc ___main
 1596  0000225c          	.global ___main
 1597  0000225c          	___main:
 1598  0000225c  4be00000	jr	r31
 1599  00002260  54000000	nop
 1600  00002264          	.endproc ___main
 1601  00002264          	.text
 1602  00002264          	.global _etext
 1603  00002264          	_etext:
 1604  00002264          	.align 3
 1605  00002268          	.data
 1606  00003182          	.global _edata
 1607  00003182          	_edata:
