 line   address	contents
    1                      ; Linked by DLX-LD.
    2                      ; MemSize 24576
    3                      ; Data size: 390
    4                      ; Text size: 6564
    5                      ; Stack size: 8192
    6  00000000          	.text 0x1000
    7  00001000          	.data 0x3000
    8                      ; Compiled by GCC
    9  00003000          	.text
   10  00001000          	.align 2
   11  00001000          	.proc _isspace
   12  00001000          	.global _isspace
   13  00001000          	_isspace:
   14                      ;  Function 'isspace'; 0 bytes of locals, 1 regs to save.
   15  00001000  afbefffc	sw	-4(r29),r30; push fp
   16  00001004  001df020	add	r30,r0,r29; fp = sp
   17  00001008  afbffff8	sw	-8(r29),r31; push ret addr
   18  0000100c  2fbd0010	subui	r29,r29,#16; alloc local storage
   19  00001010  afa20000	sw	0(r29),r2
   20  00001014  83c20003	lb	r2,3(r30)
   21  00001018  201f0000	addi	r31,r0,#0
   22  0000101c  304100ff	andi	r1,r2,#0x00ff
   23  00001020  60210020	seqi	r1,r1,#32
   24  00001024  14200018	bnez	r1,L6_LF0
   25  00001028  54000000	nop; not filled.
   26  0000102c  2041fff7	addi	r1,r2,#-9
   27  00001030  302100ff	andi	r1,r1,#0x00ff
   28  00001034  70210001	sleui	r1,r1,#1
   29  00001038  10200008	beqz	r1,L5_LF0
   30  0000103c  54000000	nop; not filled.
   31  00001040          	L6_LF0:
   32  00001040  201f0001	addi	r31,r0,#1
   33  00001044          	L5_LF0:
   34  00001044  001f0820	add	r1,r0,r31
   35  00001048  8fa20000	lw	r2,0(r29)
   36  0000104c  8fdffff8	lw	r31,-8(r30)
   37  00001050  001ee820	add	r29,r0,r30
   38  00001054  8fdefffc	lw	r30,-4(r30)
   39  00001058  4be00000	jr	r31
   40  0000105c  54000000	nop
   41  00001060          	.endproc _isspace
   42  00001060          	.align 2
   43  00001060          	.proc _isxdigit
   44  00001060          	.global _isxdigit
   45  00001060          	_isxdigit:
   46                      ;  Function 'isxdigit'; 0 bytes of locals, 1 regs to save.
   47  00001060  afbefffc	sw	-4(r29),r30; push fp
   48  00001064  001df020	add	r30,r0,r29; fp = sp
   49  00001068  afbffff8	sw	-8(r29),r31; push ret addr
   50  0000106c  2fbd0010	subui	r29,r29,#16; alloc local storage
   51  00001070  afa20000	sw	0(r29),r2
   52  00001074  83df0003	lb	r31,3(r30)
   53  00001078  20020000	addi	r2,r0,#0
   54  0000107c  23e1ffd0	addi	r1,r31,#-48
   55  00001080  302100ff	andi	r1,r1,#0x00ff
   56  00001084  70210009	sleui	r1,r1,#9
   57  00001088  14200028	bnez	r1,L12_LF0
   58  0000108c  54000000	nop; not filled.
   59  00001090  23e1ff9f	addi	r1,r31,#-97
   60  00001094  302100ff	andi	r1,r1,#0x00ff
   61  00001098  70210005	sleui	r1,r1,#5
   62  0000109c  14200014	bnez	r1,L12_LF0
   63  000010a0  54000000	nop; not filled.
   64  000010a4  33e100ff	andi	r1,r31,#0x00ff
   65  000010a8  64210041	snei	r1,r1,#65
   66  000010ac  14200008	bnez	r1,L11_LF0
   67  000010b0  54000000	nop; not filled.
   68  000010b4          	L12_LF0:
   69  000010b4  20020001	addi	r2,r0,#1
   70  000010b8          	L11_LF0:
   71  000010b8  00020820	add	r1,r0,r2
   72  000010bc  8fa20000	lw	r2,0(r29)
   73  000010c0  8fdffff8	lw	r31,-8(r30)
   74  000010c4  001ee820	add	r29,r0,r30
   75  000010c8  8fdefffc	lw	r30,-4(r30)
   76  000010cc  4be00000	jr	r31
   77  000010d0  54000000	nop
   78  000010d4          	.endproc _isxdigit
   79  000010d4          	.data
   80  00003000          	.align 2
   81  00003000          	LC0_LF0:
   82  00003000  55736167	.ascii "Usage: \000"
   82  00003004  653a2000	
   83  00003008          	.align 2
   84  00003008          	LC1_LF0:
   85  00003008  203c6e75	.ascii " <number of N2 molecules> <number of H2O molecules\n\000"
   85  0000300c  6d626572	
   85  00003010  206f6620	
   85  00003014  4e32206d	
   85  00003018  6f6c6563	
   85  0000301c  756c6573	
   85  00003020  3e203c6e	
   85  00003024  756d6265	
   85  00003028  72206f66	
   85  0000302c  2048324f	
   85  00003030  206d6f6c	
   85  00003034  6563756c	
   85  00003038  65730a00	
   86  0000303c          	.align 2
   87  0000303c          	LC2_LF0:
   88  0000303c  43726561	.ascii "Creating processes\n\000"
   88  00003040  74696e67	
   88  00003044  2070726f	
   88  00003048  63657373	
   88  0000304c  65730a00	
   89  00003050          	.align 2
   90  00003050          	LC3_LF0:
   91  00003050  42616420	.ascii "Bad sem_create in \000"
   91  00003054  73656d5f	
   91  00003058  63726561	
   91  0000305c  74652069	
   91  00003060  6e2000  	
   92  00003063          	.align 2
   93  00003064          	LC4_LF0:
   94  00003064  0a00    	.ascii "\n\000"
   95  00003066          	.align 2
   96  00003068          	LC5_LF0:
   97  00003068  42616420	.ascii "Bad mbox_create in \000"
   97  0000306c  6d626f78	
   97  00003070  5f637265	
   97  00003074  61746520	
   97  00003078  696e2000	
   98  0000307c          	.align 2
   99  0000307c          	LC6_LF0:
  100  0000307c  42616420	.ascii "Bad mbox_open in \000"
  100  00003080  6d626f78	
  100  00003084  5f6f7065	
  100  00003088  6e20696e	
  100  0000308c  2000    	
  101  0000308e          	.align 2
  102  00003090          	LC7_LF0:
  103  00003090  62696e2f	.ascii "bin/injectN2.dlx.obj\000"
  103  00003094  696e6a65	
  103  00003098  63744e32	
  103  0000309c  2e646c78	
  103  000030a0  2e6f626a	
  103  000030a4  00      	
  104  000030a5          	.align 2
  105  000030a8          	LC8_LF0:
  106  000030a8  62696e2f	.ascii "bin/react1.dlx.obj\000"
  106  000030ac  72656163	
  106  000030b0  74312e64	
  106  000030b4  6c782e6f	
  106  000030b8  626a00  	
  107  000030bb          	.align 2
  108  000030bc          	LC9_LF0:
  109  000030bc  62696e2f	.ascii "bin/injectH2O.dlx.obj\000"
  109  000030c0  696e6a65	
  109  000030c4  63744832	
  109  000030c8  4f2e646c	
  109  000030cc  782e6f62	
  109  000030d0  6a00    	
  110  000030d2          	.align 2
  111  000030d4          	LC10_LF0:
  112  000030d4  62696e2f	.ascii "bin/react2.dlx.obj\000"
  112  000030d8  72656163	
  112  000030dc  74322e64	
  112  000030e0  6c782e6f	
  112  000030e4  626a00  	
  113  000030e7          	.align 2
  114  000030e8          	LC11_LF0:
  115  000030e8  62696e2f	.ascii "bin/react3.dlx.obj\000"
  115  000030ec  72656163	
  115  000030f0  74332e64	
  115  000030f4  6c782e6f	
  115  000030f8  626a00  	
  116  000030fb          	.align 2
  117  000030fc          	LC12_LF0:
  118  000030fc  50726f63	.ascii "Processes created\n\000"
  118  00003100  65737365	
  118  00003104  73206372	
  118  00003108  65617465	
  118  0000310c  640a00  	
  119  0000310f          	.align 2
  120  00003110          	LC13_LF0:
  121  00003110  42616420	.ascii "Bad semaphore s_procs_completed (%d) in \000"
  121  00003114  73656d61	
  121  00003118  70686f72	
  121  0000311c  6520735f	
  121  00003120  70726f63	
  121  00003124  735f636f	
  121  00003128  6d706c65	
  121  0000312c  74656420	
  121  00003130  28256429	
  121  00003134  20696e20	
  121  00003138  00      	
  122  00003139          	.align 2
  123  0000313c          	LC14_LF0:
  124  0000313c  42616420	.ascii "Bad mbox_close in \000"
  124  00003140  6d626f78	
  124  00003144  5f636c6f	
  124  00003148  73652069	
  124  0000314c  6e2000  	
  125  0000314f          	.align 2
  126  00003150          	LC15_LF0:
  127  00003150  416c6c20	.ascii "All other processes completed, exiting main process.\n\000"
  127  00003154  6f746865	
  127  00003158  72207072	
  127  0000315c  6f636573	
  127  00003160  73657320	
  127  00003164  636f6d70	
  127  00003168  6c657465	
  127  0000316c  642c2065	
  127  00003170  78697469	
  127  00003174  6e67206d	
  127  00003178  61696e20	
  127  0000317c  70726f63	
  127  00003180  6573732e	
  127  00003184  0a00    	
  128  00003186          	.text
  129  000010d4          	.align 2
  130  000010d4          	.proc _main
  131  000010d4          	.global _main
  132  000010d4          	_main:
  133                      ;  Function 'main'; 96 bytes of locals, 0 regs to save.
  134  000010d4  afbefffc	sw	-4(r29),r30; push fp
  135  000010d8  001df020	add	r30,r0,r29; fp = sp
  136  000010dc  afbffff8	sw	-8(r29),r31; push ret addr
  137  000010e0  2fbd0068	subui	r29,r29,#104; alloc local storage
  138  000010e4  8fc20000	lw	r2,(r30)
  139  000010e8  8fc70004	lw	r7,4(r30)
  140  000010ec  0c0018ac	jal	___main
  141  000010f0  54000000	nop; not filled.
  142  000010f4  64410003	snei	r1,r2,#3
  143  000010f8  1020004c	beqz	r1,L14_LF0
  144  000010fc  54000000	nop; not filled.
  145  00001100  23bdfff8	addi	r29,r29,#-8
  146  00001104  3c100000	lhi	r16,((LC0_LF0)>>16)&0xffff
  147  00001108  26103000	addui	r16,r16,(LC0_LF0)&0xffff
  148  0000110c  afb00000	sw	(r29),r16
  149  00001110  0c0009d8	jal	_Printf
  150  00001114  54000000	nop; not filled.
  151  00001118  8cf00000	lw	r16,(r7)
  152  0000111c  afb00000	sw	(r29),r16
  153  00001120  0c0009c8	jal	_Printf
  154  00001124  54000000	nop; not filled.
  155  00001128  3c100000	lhi	r16,((LC1_LF0)>>16)&0xffff
  156  0000112c  26103008	addui	r16,r16,(LC1_LF0)&0xffff
  157  00001130  afb00000	sw	(r29),r16
  158  00001134  0c0009b4	jal	_Printf
  159  00001138  54000000	nop; not filled.
  160  0000113c  0c000ab4	jal	_Exit
  161  00001140  54000000	nop; not filled.
  162  00001144  23bd0008	addi	r29,r29,#8
  163  00001148          	L14_LF0:
  164  00001148  23bdfff0	addi	r29,r29,#-16
  165  0000114c  8cf00004	lw	r16,4(r7)
  166  00001150  afb00000	sw	(r29),r16
  167  00001154  20100000	addi	r16,r0,#0
  168  00001158  afb00004	sw	4(r29),r16
  169  0000115c  2010000a	addi	r16,r0,#10
  170  00001160  afb00008	sw	8(r29),r16
  171  00001164  0c001338	jal	_dstrtol
  172  00001168  54000000	nop; not filled.
  173  0000116c  00014020	add	r8,r0,r1
  174  00001170  8cf00008	lw	r16,8(r7)
  175  00001174  afb00000	sw	(r29),r16
  176  00001178  20100000	addi	r16,r0,#0
  177  0000117c  afb00004	sw	4(r29),r16
  178  00001180  2010000a	addi	r16,r0,#10
  179  00001184  afb00008	sw	8(r29),r16
  180  00001188  0c001314	jal	_dstrtol
  181  0000118c  54000000	nop; not filled.
  182  00001190  00013020	add	r6,r0,r1
  183  00001194  3c100000	lhi	r16,((LC2_LF0)>>16)&0xffff
  184  00001198  2610303c	addui	r16,r16,(LC2_LF0)&0xffff
  185  0000119c  afb00000	sw	(r29),r16
  186  000011a0  0c000948	jal	_Printf
  187  000011a4  54000000	nop; not filled.
  188  000011a8  51030001	slli	r3,r8,#0x1
  189  000011ac  58c1001f	srli	r1,r6,#0x1f
  190  000011b0  00c10820	add	r1,r6,r1
  191  000011b4  5c220001	srai	r2,r1,#0x1
  192  000011b8  23bd0010	addi	r29,r29,#16
  193  000011bc  0062082a	slt	r1,r3,r2
  194  000011c0  10200010	beqz	r1,L15_LF0
  195  000011c4  54000000	nop; not filled.
  196  000011c8  00034820	add	r9,r0,r3
  197  000011cc  08000008	j	L16_LF0
  198  000011d0  54000000	nop; not filled.
  199  000011d4          	L15_LF0:
  200  000011d4  00024820	add	r9,r0,r2
  201  000011d8          	L16_LF0:
  202  000011d8  23bdfff8	addi	r29,r29,#-8
  203  000011dc  01060820	add	r1,r8,r6
  204  000011e0  50210001	slli	r1,r1,#0x1
  205  000011e4  00291020	add	r2,r1,r9
  206  000011e8  20010001	addi	r1,r0,#1
  207  000011ec  00220822	sub	r1,r1,r2
  208  000011f0  afa10000	sw	(r29),r1
  209  000011f4  0c000930	jal	_sem_create
  210  000011f8  54000000	nop; not filled.
  211  000011fc  00016020	add	r12,r0,r1
  212  00001200  23bd0008	addi	r29,r29,#8
  213  00001204  6181ffff	seqi	r1,r12,#-1
  214  00001208  1020004c	beqz	r1,L17_LF0
  215  0000120c  54000000	nop; not filled.
  216  00001210  23bdfff8	addi	r29,r29,#-8
  217  00001214  3c100000	lhi	r16,((LC3_LF0)>>16)&0xffff
  218  00001218  26103050	addui	r16,r16,(LC3_LF0)&0xffff
  219  0000121c  afb00000	sw	(r29),r16
  220  00001220  0c0008c8	jal	_Printf
  221  00001224  54000000	nop; not filled.
  222  00001228  8cf00000	lw	r16,(r7)
  223  0000122c  afb00000	sw	(r29),r16
  224  00001230  0c0008b8	jal	_Printf
  225  00001234  54000000	nop; not filled.
  226  00001238  3c100000	lhi	r16,((LC4_LF0)>>16)&0xffff
  227  0000123c  26103064	addui	r16,r16,(LC4_LF0)&0xffff
  228  00001240  afb00000	sw	(r29),r16
  229  00001244  0c0008a4	jal	_Printf
  230  00001248  54000000	nop; not filled.
  231  0000124c  0c0009a4	jal	_Exit
  232  00001250  54000000	nop; not filled.
  233  00001254  23bd0008	addi	r29,r29,#8
  234  00001258          	L17_LF0:
  235  00001258  0c000944	jal	_mbox_create
  236  0000125c  54000000	nop; not filled.
  237  00001260  00015020	add	r10,r0,r1
  238  00001264  6141ffff	seqi	r1,r10,#-1
  239  00001268  1020004c	beqz	r1,L18_LF0
  240  0000126c  54000000	nop; not filled.
  241  00001270  23bdfff8	addi	r29,r29,#-8
  242  00001274  3c100000	lhi	r16,((LC5_LF0)>>16)&0xffff
  243  00001278  26103068	addui	r16,r16,(LC5_LF0)&0xffff
  244  0000127c  afb00000	sw	(r29),r16
  245  00001280  0c000868	jal	_Printf
  246  00001284  54000000	nop; not filled.
  247  00001288  8cf00000	lw	r16,(r7)
  248  0000128c  afb00000	sw	(r29),r16
  249  00001290  0c000858	jal	_Printf
  250  00001294  54000000	nop; not filled.
  251  00001298  3c100000	lhi	r16,((LC4_LF0)>>16)&0xffff
  252  0000129c  26103064	addui	r16,r16,(LC4_LF0)&0xffff
  253  000012a0  afb00000	sw	(r29),r16
  254  000012a4  0c000844	jal	_Printf
  255  000012a8  54000000	nop; not filled.
  256  000012ac  0c000944	jal	_Exit
  257  000012b0  54000000	nop; not filled.
  258  000012b4  23bd0008	addi	r29,r29,#8
  259  000012b8          	L18_LF0:
  260  000012b8  0c0008e4	jal	_mbox_create
  261  000012bc  54000000	nop; not filled.
  262  000012c0  00015820	add	r11,r0,r1
  263  000012c4  6161ffff	seqi	r1,r11,#-1
  264  000012c8  1020004c	beqz	r1,L19_LF0
  265  000012cc  54000000	nop; not filled.
  266  000012d0  23bdfff8	addi	r29,r29,#-8
  267  000012d4  3c100000	lhi	r16,((LC5_LF0)>>16)&0xffff
  268  000012d8  26103068	addui	r16,r16,(LC5_LF0)&0xffff
  269  000012dc  afb00000	sw	(r29),r16
  270  000012e0  0c000808	jal	_Printf
  271  000012e4  54000000	nop; not filled.
  272  000012e8  8cf00000	lw	r16,(r7)
  273  000012ec  afb00000	sw	(r29),r16
  274  000012f0  0c0007f8	jal	_Printf
  275  000012f4  54000000	nop; not filled.
  276  000012f8  3c100000	lhi	r16,((LC4_LF0)>>16)&0xffff
  277  000012fc  26103064	addui	r16,r16,(LC4_LF0)&0xffff
  278  00001300  afb00000	sw	(r29),r16
  279  00001304  0c0007e4	jal	_Printf
  280  00001308  54000000	nop; not filled.
  281  0000130c  0c0008e4	jal	_Exit
  282  00001310  54000000	nop; not filled.
  283  00001314  23bd0008	addi	r29,r29,#8
  284  00001318          	L19_LF0:
  285  00001318  0c000884	jal	_mbox_create
  286  0000131c  54000000	nop; not filled.
  287  00001320  00016820	add	r13,r0,r1
  288  00001324  61a1ffff	seqi	r1,r13,#-1
  289  00001328  1020004c	beqz	r1,L20_LF0
  290  0000132c  54000000	nop; not filled.
  291  00001330  23bdfff8	addi	r29,r29,#-8
  292  00001334  3c100000	lhi	r16,((LC5_LF0)>>16)&0xffff
  293  00001338  26103068	addui	r16,r16,(LC5_LF0)&0xffff
  294  0000133c  afb00000	sw	(r29),r16
  295  00001340  0c0007a8	jal	_Printf
  296  00001344  54000000	nop; not filled.
  297  00001348  8cf00000	lw	r16,(r7)
  298  0000134c  afb00000	sw	(r29),r16
  299  00001350  0c000798	jal	_Printf
  300  00001354  54000000	nop; not filled.
  301  00001358  3c100000	lhi	r16,((LC4_LF0)>>16)&0xffff
  302  0000135c  26103064	addui	r16,r16,(LC4_LF0)&0xffff
  303  00001360  afb00000	sw	(r29),r16
  304  00001364  0c000784	jal	_Printf
  305  00001368  54000000	nop; not filled.
  306  0000136c  0c000884	jal	_Exit
  307  00001370  54000000	nop; not filled.
  308  00001374  23bd0008	addi	r29,r29,#8
  309  00001378          	L20_LF0:
  310  00001378  0c000824	jal	_mbox_create
  311  0000137c  54000000	nop; not filled.
  312  00001380  00017020	add	r14,r0,r1
  313  00001384  61c1ffff	seqi	r1,r14,#-1
  314  00001388  1020004c	beqz	r1,L21_LF0
  315  0000138c  54000000	nop; not filled.
  316  00001390  23bdfff8	addi	r29,r29,#-8
  317  00001394  3c100000	lhi	r16,((LC5_LF0)>>16)&0xffff
  318  00001398  26103068	addui	r16,r16,(LC5_LF0)&0xffff
  319  0000139c  afb00000	sw	(r29),r16
  320  000013a0  0c000748	jal	_Printf
  321  000013a4  54000000	nop; not filled.
  322  000013a8  8cf00000	lw	r16,(r7)
  323  000013ac  afb00000	sw	(r29),r16
  324  000013b0  0c000738	jal	_Printf
  325  000013b4  54000000	nop; not filled.
  326  000013b8  3c100000	lhi	r16,((LC4_LF0)>>16)&0xffff
  327  000013bc  26103064	addui	r16,r16,(LC4_LF0)&0xffff
  328  000013c0  afb00000	sw	(r29),r16
  329  000013c4  0c000724	jal	_Printf
  330  000013c8  54000000	nop; not filled.
  331  000013cc  0c000824	jal	_Exit
  332  000013d0  54000000	nop; not filled.
  333  000013d4  23bd0008	addi	r29,r29,#8
  334  000013d8          	L21_LF0:
  335  000013d8  0c0007c4	jal	_mbox_create
  336  000013dc  54000000	nop; not filled.
  337  000013e0  00017820	add	r15,r0,r1
  338  000013e4  61e1ffff	seqi	r1,r15,#-1
  339  000013e8  1020004c	beqz	r1,L22_LF0
  340  000013ec  54000000	nop; not filled.
  341  000013f0  23bdfff8	addi	r29,r29,#-8
  342  000013f4  3c100000	lhi	r16,((LC5_LF0)>>16)&0xffff
  343  000013f8  26103068	addui	r16,r16,(LC5_LF0)&0xffff
  344  000013fc  afb00000	sw	(r29),r16
  345  00001400  0c0006e8	jal	_Printf
  346  00001404  54000000	nop; not filled.
  347  00001408  8cf00000	lw	r16,(r7)
  348  0000140c  afb00000	sw	(r29),r16
  349  00001410  0c0006d8	jal	_Printf
  350  00001414  54000000	nop; not filled.
  351  00001418  3c100000	lhi	r16,((LC4_LF0)>>16)&0xffff
  352  0000141c  26103064	addui	r16,r16,(LC4_LF0)&0xffff
  353  00001420  afb00000	sw	(r29),r16
  354  00001424  0c0006c4	jal	_Printf
  355  00001428  54000000	nop; not filled.
  356  0000142c  0c0007c4	jal	_Exit
  357  00001430  54000000	nop; not filled.
  358  00001434  23bd0008	addi	r29,r29,#8
  359  00001438          	L22_LF0:
  360  00001438  23bdfff8	addi	r29,r29,#-8
  361  0000143c  afaa0000	sw	(r29),r10
  362  00001440  0c000768	jal	_mbox_open
  363  00001444  54000000	nop; not filled.
  364  00001448  23bd0008	addi	r29,r29,#8
  365  0000144c  6021ffff	seqi	r1,r1,#-1
  366  00001450  1020004c	beqz	r1,L23_LF0
  367  00001454  54000000	nop; not filled.
  368  00001458  23bdfff8	addi	r29,r29,#-8
  369  0000145c  3c100000	lhi	r16,((LC6_LF0)>>16)&0xffff
  370  00001460  2610307c	addui	r16,r16,(LC6_LF0)&0xffff
  371  00001464  afb00000	sw	(r29),r16
  372  00001468  0c000680	jal	_Printf
  373  0000146c  54000000	nop; not filled.
  374  00001470  8cf00000	lw	r16,(r7)
  375  00001474  afb00000	sw	(r29),r16
  376  00001478  0c000670	jal	_Printf
  377  0000147c  54000000	nop; not filled.
  378  00001480  3c100000	lhi	r16,((LC4_LF0)>>16)&0xffff
  379  00001484  26103064	addui	r16,r16,(LC4_LF0)&0xffff
  380  00001488  afb00000	sw	(r29),r16
  381  0000148c  0c00065c	jal	_Printf
  382  00001490  54000000	nop; not filled.
  383  00001494  0c00075c	jal	_Exit
  384  00001498  54000000	nop; not filled.
  385  0000149c  23bd0008	addi	r29,r29,#8
  386  000014a0          	L23_LF0:
  387  000014a0  23bdfff8	addi	r29,r29,#-8
  388  000014a4  afab0000	sw	(r29),r11
  389  000014a8  0c000700	jal	_mbox_open
  390  000014ac  54000000	nop; not filled.
  391  000014b0  23bd0008	addi	r29,r29,#8
  392  000014b4  6021ffff	seqi	r1,r1,#-1
  393  000014b8  1020004c	beqz	r1,L24_LF0
  394  000014bc  54000000	nop; not filled.
  395  000014c0  23bdfff8	addi	r29,r29,#-8
  396  000014c4  3c100000	lhi	r16,((LC6_LF0)>>16)&0xffff
  397  000014c8  2610307c	addui	r16,r16,(LC6_LF0)&0xffff
  398  000014cc  afb00000	sw	(r29),r16
  399  000014d0  0c000618	jal	_Printf
  400  000014d4  54000000	nop; not filled.
  401  000014d8  8cf00000	lw	r16,(r7)
  402  000014dc  afb00000	sw	(r29),r16
  403  000014e0  0c000608	jal	_Printf
  404  000014e4  54000000	nop; not filled.
  405  000014e8  3c100000	lhi	r16,((LC4_LF0)>>16)&0xffff
  406  000014ec  26103064	addui	r16,r16,(LC4_LF0)&0xffff
  407  000014f0  afb00000	sw	(r29),r16
  408  000014f4  0c0005f4	jal	_Printf
  409  000014f8  54000000	nop; not filled.
  410  000014fc  0c0006f4	jal	_Exit
  411  00001500  54000000	nop; not filled.
  412  00001504  23bd0008	addi	r29,r29,#8
  413  00001508          	L24_LF0:
  414  00001508  23bdfff8	addi	r29,r29,#-8
  415  0000150c  afad0000	sw	(r29),r13
  416  00001510  0c000698	jal	_mbox_open
  417  00001514  54000000	nop; not filled.
  418  00001518  23bd0008	addi	r29,r29,#8
  419  0000151c  6021ffff	seqi	r1,r1,#-1
  420  00001520  1020004c	beqz	r1,L25_LF0
  421  00001524  54000000	nop; not filled.
  422  00001528  23bdfff8	addi	r29,r29,#-8
  423  0000152c  3c100000	lhi	r16,((LC6_LF0)>>16)&0xffff
  424  00001530  2610307c	addui	r16,r16,(LC6_LF0)&0xffff
  425  00001534  afb00000	sw	(r29),r16
  426  00001538  0c0005b0	jal	_Printf
  427  0000153c  54000000	nop; not filled.
  428  00001540  8cf00000	lw	r16,(r7)
  429  00001544  afb00000	sw	(r29),r16
  430  00001548  0c0005a0	jal	_Printf
  431  0000154c  54000000	nop; not filled.
  432  00001550  3c100000	lhi	r16,((LC4_LF0)>>16)&0xffff
  433  00001554  26103064	addui	r16,r16,(LC4_LF0)&0xffff
  434  00001558  afb00000	sw	(r29),r16
  435  0000155c  0c00058c	jal	_Printf
  436  00001560  54000000	nop; not filled.
  437  00001564  0c00068c	jal	_Exit
  438  00001568  54000000	nop; not filled.
  439  0000156c  23bd0008	addi	r29,r29,#8
  440  00001570          	L25_LF0:
  441  00001570  23bdfff8	addi	r29,r29,#-8
  442  00001574  afae0000	sw	(r29),r14
  443  00001578  0c000630	jal	_mbox_open
  444  0000157c  54000000	nop; not filled.
  445  00001580  23bd0008	addi	r29,r29,#8
  446  00001584  6021ffff	seqi	r1,r1,#-1
  447  00001588  1020004c	beqz	r1,L26_LF0
  448  0000158c  54000000	nop; not filled.
  449  00001590  23bdfff8	addi	r29,r29,#-8
  450  00001594  3c100000	lhi	r16,((LC6_LF0)>>16)&0xffff
  451  00001598  2610307c	addui	r16,r16,(LC6_LF0)&0xffff
  452  0000159c  afb00000	sw	(r29),r16
  453  000015a0  0c000548	jal	_Printf
  454  000015a4  54000000	nop; not filled.
  455  000015a8  8cf00000	lw	r16,(r7)
  456  000015ac  afb00000	sw	(r29),r16
  457  000015b0  0c000538	jal	_Printf
  458  000015b4  54000000	nop; not filled.
  459  000015b8  3c100000	lhi	r16,((LC4_LF0)>>16)&0xffff
  460  000015bc  26103064	addui	r16,r16,(LC4_LF0)&0xffff
  461  000015c0  afb00000	sw	(r29),r16
  462  000015c4  0c000524	jal	_Printf
  463  000015c8  54000000	nop; not filled.
  464  000015cc  0c000624	jal	_Exit
  465  000015d0  54000000	nop; not filled.
  466  000015d4  23bd0008	addi	r29,r29,#8
  467  000015d8          	L26_LF0:
  468  000015d8  23bdfff8	addi	r29,r29,#-8
  469  000015dc  afaf0000	sw	(r29),r15
  470  000015e0  0c0005c8	jal	_mbox_open
  471  000015e4  54000000	nop; not filled.
  472  000015e8  23bd0008	addi	r29,r29,#8
  473  000015ec  6021ffff	seqi	r1,r1,#-1
  474  000015f0  1020004c	beqz	r1,L27_LF0
  475  000015f4  54000000	nop; not filled.
  476  000015f8  23bdfff8	addi	r29,r29,#-8
  477  000015fc  3c100000	lhi	r16,((LC6_LF0)>>16)&0xffff
  478  00001600  2610307c	addui	r16,r16,(LC6_LF0)&0xffff
  479  00001604  afb00000	sw	(r29),r16
  480  00001608  0c0004e0	jal	_Printf
  481  0000160c  54000000	nop; not filled.
  482  00001610  8cf00000	lw	r16,(r7)
  483  00001614  afb00000	sw	(r29),r16
  484  00001618  0c0004d0	jal	_Printf
  485  0000161c  54000000	nop; not filled.
  486  00001620  3c100000	lhi	r16,((LC4_LF0)>>16)&0xffff
  487  00001624  26103064	addui	r16,r16,(LC4_LF0)&0xffff
  488  00001628  afb00000	sw	(r29),r16
  489  0000162c  0c0004bc	jal	_Printf
  490  00001630  54000000	nop; not filled.
  491  00001634  0c0005bc	jal	_Exit
  492  00001638  54000000	nop; not filled.
  493  0000163c  23bd0008	addi	r29,r29,#8
  494  00001640          	L27_LF0:
  495  00001640  23bdfff8	addi	r29,r29,#-8
  496  00001644  afac0000	sw	(r29),r12
  497  00001648  23c4ffe8	addi	r4,r30,#-24
  498  0000164c  afa40004	sw	4(r29),r4
  499  00001650  0c000cc0	jal	_ditoa
  500  00001654  54000000	nop; not filled.
  501  00001658  afaa0000	sw	(r29),r10
  502  0000165c  23c3ffd8	addi	r3,r30,#-40
  503  00001660  afa30004	sw	4(r29),r3
  504  00001664  0c000cac	jal	_ditoa
  505  00001668  54000000	nop; not filled.
  506  0000166c  afab0000	sw	(r29),r11
  507  00001670  23c1ffc8	addi	r1,r30,#-56
  508  00001674  afa10004	sw	4(r29),r1
  509  00001678  0c000c98	jal	_ditoa
  510  0000167c  54000000	nop; not filled.
  511  00001680  afad0000	sw	(r29),r13
  512  00001684  23c5ffb8	addi	r5,r30,#-72
  513  00001688  afa50004	sw	4(r29),r5
  514  0000168c  0c000c84	jal	_ditoa
  515  00001690  54000000	nop; not filled.
  516  00001694  afae0000	sw	(r29),r14
  517  00001698  23c1ffa8	addi	r1,r30,#-88
  518  0000169c  afa10004	sw	4(r29),r1
  519  000016a0  0c000c70	jal	_ditoa
  520  000016a4  54000000	nop; not filled.
  521  000016a8  afaf0000	sw	(r29),r15
  522  000016ac  23c1ff98	addi	r1,r30,#-104
  523  000016b0  afa10004	sw	4(r29),r1
  524  000016b4  0c000c5c	jal	_ditoa
  525  000016b8  54000000	nop; not filled.
  526  000016bc  20020000	addi	r2,r0,#0
  527  000016c0  23bd0008	addi	r29,r29,#8
  528  000016c4  0048082a	slt	r1,r2,r8
  529  000016c8  10200064	beqz	r1,L49_LF0
  530  000016cc  54000000	nop; not filled.
  531  000016d0          	L31_LF0:
  532  000016d0  23bdfff0	addi	r29,r29,#-16
  533  000016d4  3c100000	lhi	r16,((LC7_LF0)>>16)&0xffff
  534  000016d8  26103090	addui	r16,r16,(LC7_LF0)&0xffff
  535  000016dc  afb00000	sw	(r29),r16
  536  000016e0  afa40004	sw	4(r29),r4
  537  000016e4  afa30008	sw	8(r29),r3
  538  000016e8  20100000	addi	r16,r0,#0
  539  000016ec  afb0000c	sw	12(r29),r16
  540  000016f0  0c000410	jal	_process_create
  541  000016f4  54000000	nop; not filled.
  542  000016f8  3c100000	lhi	r16,((LC8_LF0)>>16)&0xffff
  543  000016fc  261030a8	addui	r16,r16,(LC8_LF0)&0xffff
  544  00001700  afb00000	sw	(r29),r16
  545  00001704  afa40004	sw	4(r29),r4
  546  00001708  afa30008	sw	8(r29),r3
  547  0000170c  afa5000c	sw	12(r29),r5
  548  00001710  0c0003f0	jal	_process_create
  549  00001714  54000000	nop; not filled.
  550  00001718  23bd0010	addi	r29,r29,#16
  551  0000171c  20420001	addi	r2,r2,#1
  552  00001720  0048082a	slt	r1,r2,r8
  553  00001724  1420ffa8	bnez	r1,L31_LF0
  554  00001728  54000000	nop; not filled.
  555  0000172c  20020000	addi	r2,r0,#0
  556  00001730          	L49_LF0:
  557  00001730  0046082a	slt	r1,r2,r6
  558  00001734  10200064	beqz	r1,L34_LF0
  559  00001738  54000000	nop; not filled.
  560  0000173c  23c4ffe8	addi	r4,r30,#-24
  561  00001740  23c3ffc8	addi	r3,r30,#-56
  562  00001744  23c5ffa8	addi	r5,r30,#-88
  563  00001748          	L36_LF0:
  564  00001748  23bdfff0	addi	r29,r29,#-16
  565  0000174c  3c100000	lhi	r16,((LC9_LF0)>>16)&0xffff
  566  00001750  261030bc	addui	r16,r16,(LC9_LF0)&0xffff
  567  00001754  afb00000	sw	(r29),r16
  568  00001758  afa40004	sw	4(r29),r4
  569  0000175c  afa30008	sw	8(r29),r3
  570  00001760  0c0003a0	jal	_process_create
  571  00001764  54000000	nop; not filled.
  572  00001768  3c100000	lhi	r16,((LC10_LF0)>>16)&0xffff
  573  0000176c  261030d4	addui	r16,r16,(LC10_LF0)&0xffff
  574  00001770  afb00000	sw	(r29),r16
  575  00001774  afa40004	sw	4(r29),r4
  576  00001778  afa30008	sw	8(r29),r3
  577  0000177c  afa5000c	sw	12(r29),r5
  578  00001780  0c000380	jal	_process_create
  579  00001784  54000000	nop; not filled.
  580  00001788  23bd0010	addi	r29,r29,#16
  581  0000178c  20420001	addi	r2,r2,#1
  582  00001790  0046082a	slt	r1,r2,r6
  583  00001794  1420ffb0	bnez	r1,L36_LF0
  584  00001798  54000000	nop; not filled.
  585  0000179c          	L34_LF0:
  586  0000179c  20020000	addi	r2,r0,#0
  587  000017a0  0049082a	slt	r1,r2,r9
  588  000017a4  10200050	beqz	r1,L39_LF0
  589  000017a8  54000000	nop; not filled.
  590  000017ac  23c6ffe8	addi	r6,r30,#-24
  591  000017b0  23c5ffb8	addi	r5,r30,#-72
  592  000017b4  23c4ffa8	addi	r4,r30,#-88
  593  000017b8  23c3ff98	addi	r3,r30,#-104
  594  000017bc          	L41_LF0:
  595  000017bc  23bdffe8	addi	r29,r29,#-24
  596  000017c0  3c100000	lhi	r16,((LC11_LF0)>>16)&0xffff
  597  000017c4  261030e8	addui	r16,r16,(LC11_LF0)&0xffff
  598  000017c8  afb00000	sw	(r29),r16
  599  000017cc  afa60004	sw	4(r29),r6
  600  000017d0  afa50008	sw	8(r29),r5
  601  000017d4  afa4000c	sw	12(r29),r4
  602  000017d8  afa30010	sw	16(r29),r3
  603  000017dc  0c000324	jal	_process_create
  604  000017e0  54000000	nop; not filled.
  605  000017e4  23bd0018	addi	r29,r29,#24
  606  000017e8  20420001	addi	r2,r2,#1
  607  000017ec  0049082a	slt	r1,r2,r9
  608  000017f0  1420ffc8	bnez	r1,L41_LF0
  609  000017f4  54000000	nop; not filled.
  610  000017f8          	L39_LF0:
  611  000017f8  23bdfff8	addi	r29,r29,#-8
  612  000017fc  3c100000	lhi	r16,((LC12_LF0)>>16)&0xffff
  613  00001800  261030fc	addui	r16,r16,(LC12_LF0)&0xffff
  614  00001804  afb00000	sw	(r29),r16
  615  00001808  0c0002e0	jal	_Printf
  616  0000180c  54000000	nop; not filled.
  617  00001810  afac0000	sw	(r29),r12
  618  00001814  0c00031c	jal	_sem_wait
  619  00001818  54000000	nop; not filled.
  620  0000181c  23bd0008	addi	r29,r29,#8
  621  00001820  64210001	snei	r1,r1,#1
  622  00001824  10200050	beqz	r1,L43_LF0
  623  00001828  54000000	nop; not filled.
  624  0000182c  23bdfff8	addi	r29,r29,#-8
  625  00001830  3c100000	lhi	r16,((LC13_LF0)>>16)&0xffff
  626  00001834  26103110	addui	r16,r16,(LC13_LF0)&0xffff
  627  00001838  afb00000	sw	(r29),r16
  628  0000183c  afac0004	sw	4(r29),r12
  629  00001840  0c0002a8	jal	_Printf
  630  00001844  54000000	nop; not filled.
  631  00001848  8cf00000	lw	r16,(r7)
  632  0000184c  afb00000	sw	(r29),r16
  633  00001850  0c000298	jal	_Printf
  634  00001854  54000000	nop; not filled.
  635  00001858  3c100000	lhi	r16,((LC4_LF0)>>16)&0xffff
  636  0000185c  26103064	addui	r16,r16,(LC4_LF0)&0xffff
  637  00001860  afb00000	sw	(r29),r16
  638  00001864  0c000284	jal	_Printf
  639  00001868  54000000	nop; not filled.
  640  0000186c  0c000384	jal	_Exit
  641  00001870  54000000	nop; not filled.
  642  00001874  23bd0008	addi	r29,r29,#8
  643  00001878          	L43_LF0:
  644  00001878  23bdfff8	addi	r29,r29,#-8
  645  0000187c  afaa0000	sw	(r29),r10
  646  00001880  0c000334	jal	_mbox_close
  647  00001884  54000000	nop; not filled.
  648  00001888  23bd0008	addi	r29,r29,#8
  649  0000188c  6021ffff	seqi	r1,r1,#-1
  650  00001890  1020004c	beqz	r1,L44_LF0
  651  00001894  54000000	nop; not filled.
  652  00001898  23bdfff8	addi	r29,r29,#-8
  653  0000189c  3c100000	lhi	r16,((LC14_LF0)>>16)&0xffff
  654  000018a0  2610313c	addui	r16,r16,(LC14_LF0)&0xffff
  655  000018a4  afb00000	sw	(r29),r16
  656  000018a8  0c000240	jal	_Printf
  657  000018ac  54000000	nop; not filled.
  658  000018b0  8cf00000	lw	r16,(r7)
  659  000018b4  afb00000	sw	(r29),r16
  660  000018b8  0c000230	jal	_Printf
  661  000018bc  54000000	nop; not filled.
  662  000018c0  3c100000	lhi	r16,((LC4_LF0)>>16)&0xffff
  663  000018c4  26103064	addui	r16,r16,(LC4_LF0)&0xffff
  664  000018c8  afb00000	sw	(r29),r16
  665  000018cc  0c00021c	jal	_Printf
  666  000018d0  54000000	nop; not filled.
  667  000018d4  0c00031c	jal	_Exit
  668  000018d8  54000000	nop; not filled.
  669  000018dc  23bd0008	addi	r29,r29,#8
  670  000018e0          	L44_LF0:
  671  000018e0  23bdfff8	addi	r29,r29,#-8
  672  000018e4  afab0000	sw	(r29),r11
  673  000018e8  0c0002cc	jal	_mbox_close
  674  000018ec  54000000	nop; not filled.
  675  000018f0  23bd0008	addi	r29,r29,#8
  676  000018f4  6021ffff	seqi	r1,r1,#-1
  677  000018f8  1020004c	beqz	r1,L45_LF0
  678  000018fc  54000000	nop; not filled.
  679  00001900  23bdfff8	addi	r29,r29,#-8
  680  00001904  3c100000	lhi	r16,((LC14_LF0)>>16)&0xffff
  681  00001908  2610313c	addui	r16,r16,(LC14_LF0)&0xffff
  682  0000190c  afb00000	sw	(r29),r16
  683  00001910  0c0001d8	jal	_Printf
  684  00001914  54000000	nop; not filled.
  685  00001918  8cf00000	lw	r16,(r7)
  686  0000191c  afb00000	sw	(r29),r16
  687  00001920  0c0001c8	jal	_Printf
  688  00001924  54000000	nop; not filled.
  689  00001928  3c100000	lhi	r16,((LC4_LF0)>>16)&0xffff
  690  0000192c  26103064	addui	r16,r16,(LC4_LF0)&0xffff
  691  00001930  afb00000	sw	(r29),r16
  692  00001934  0c0001b4	jal	_Printf
  693  00001938  54000000	nop; not filled.
  694  0000193c  0c0002b4	jal	_Exit
  695  00001940  54000000	nop; not filled.
  696  00001944  23bd0008	addi	r29,r29,#8
  697  00001948          	L45_LF0:
  698  00001948  23bdfff8	addi	r29,r29,#-8
  699  0000194c  afad0000	sw	(r29),r13
  700  00001950  0c000264	jal	_mbox_close
  701  00001954  54000000	nop; not filled.
  702  00001958  23bd0008	addi	r29,r29,#8
  703  0000195c  6021ffff	seqi	r1,r1,#-1
  704  00001960  1020004c	beqz	r1,L46_LF0
  705  00001964  54000000	nop; not filled.
  706  00001968  23bdfff8	addi	r29,r29,#-8
  707  0000196c  3c100000	lhi	r16,((LC14_LF0)>>16)&0xffff
  708  00001970  2610313c	addui	r16,r16,(LC14_LF0)&0xffff
  709  00001974  afb00000	sw	(r29),r16
  710  00001978  0c000170	jal	_Printf
  711  0000197c  54000000	nop; not filled.
  712  00001980  8cf00000	lw	r16,(r7)
  713  00001984  afb00000	sw	(r29),r16
  714  00001988  0c000160	jal	_Printf
  715  0000198c  54000000	nop; not filled.
  716  00001990  3c100000	lhi	r16,((LC4_LF0)>>16)&0xffff
  717  00001994  26103064	addui	r16,r16,(LC4_LF0)&0xffff
  718  00001998  afb00000	sw	(r29),r16
  719  0000199c  0c00014c	jal	_Printf
  720  000019a0  54000000	nop; not filled.
  721  000019a4  0c00024c	jal	_Exit
  722  000019a8  54000000	nop; not filled.
  723  000019ac  23bd0008	addi	r29,r29,#8
  724  000019b0          	L46_LF0:
  725  000019b0  23bdfff8	addi	r29,r29,#-8
  726  000019b4  afae0000	sw	(r29),r14
  727  000019b8  0c0001fc	jal	_mbox_close
  728  000019bc  54000000	nop; not filled.
  729  000019c0  23bd0008	addi	r29,r29,#8
  730  000019c4  6021ffff	seqi	r1,r1,#-1
  731  000019c8  1020004c	beqz	r1,L47_LF0
  732  000019cc  54000000	nop; not filled.
  733  000019d0  23bdfff8	addi	r29,r29,#-8
  734  000019d4  3c100000	lhi	r16,((LC14_LF0)>>16)&0xffff
  735  000019d8  2610313c	addui	r16,r16,(LC14_LF0)&0xffff
  736  000019dc  afb00000	sw	(r29),r16
  737  000019e0  0c000108	jal	_Printf
  738  000019e4  54000000	nop; not filled.
  739  000019e8  8cf00000	lw	r16,(r7)
  740  000019ec  afb00000	sw	(r29),r16
  741  000019f0  0c0000f8	jal	_Printf
  742  000019f4  54000000	nop; not filled.
  743  000019f8  3c100000	lhi	r16,((LC4_LF0)>>16)&0xffff
  744  000019fc  26103064	addui	r16,r16,(LC4_LF0)&0xffff
  745  00001a00  afb00000	sw	(r29),r16
  746  00001a04  0c0000e4	jal	_Printf
  747  00001a08  54000000	nop; not filled.
  748  00001a0c  0c0001e4	jal	_Exit
  749  00001a10  54000000	nop; not filled.
  750  00001a14  23bd0008	addi	r29,r29,#8
  751  00001a18          	L47_LF0:
  752  00001a18  23bdfff8	addi	r29,r29,#-8
  753  00001a1c  afaf0000	sw	(r29),r15
  754  00001a20  0c000194	jal	_mbox_close
  755  00001a24  54000000	nop; not filled.
  756  00001a28  23bd0008	addi	r29,r29,#8
  757  00001a2c  6021ffff	seqi	r1,r1,#-1
  758  00001a30  1020004c	beqz	r1,L48_LF0
  759  00001a34  54000000	nop; not filled.
  760  00001a38  23bdfff8	addi	r29,r29,#-8
  761  00001a3c  3c100000	lhi	r16,((LC14_LF0)>>16)&0xffff
  762  00001a40  2610313c	addui	r16,r16,(LC14_LF0)&0xffff
  763  00001a44  afb00000	sw	(r29),r16
  764  00001a48  0c0000a0	jal	_Printf
  765  00001a4c  54000000	nop; not filled.
  766  00001a50  8ce70000	lw	r7,(r7)
  767  00001a54  afa70000	sw	(r29),r7
  768  00001a58  0c000090	jal	_Printf
  769  00001a5c  54000000	nop; not filled.
  770  00001a60  3c100000	lhi	r16,((LC4_LF0)>>16)&0xffff
  771  00001a64  26103064	addui	r16,r16,(LC4_LF0)&0xffff
  772  00001a68  afb00000	sw	(r29),r16
  773  00001a6c  0c00007c	jal	_Printf
  774  00001a70  54000000	nop; not filled.
  775  00001a74  0c00017c	jal	_Exit
  776  00001a78  54000000	nop; not filled.
  777  00001a7c  23bd0008	addi	r29,r29,#8
  778  00001a80          	L48_LF0:
  779  00001a80  23bdfff8	addi	r29,r29,#-8
  780  00001a84  3c100000	lhi	r16,((LC15_LF0)>>16)&0xffff
  781  00001a88  26103150	addui	r16,r16,(LC15_LF0)&0xffff
  782  00001a8c  afb00000	sw	(r29),r16
  783  00001a90  0c000058	jal	_Printf
  784  00001a94  54000000	nop; not filled.
  785  00001a98  23bd0008	addi	r29,r29,#8
  786  00001a9c  0c000ef0	jal	_exit
  787  00001aa0  54000000	nop
  788  00001aa4          	.endproc _main
  789                      ;;;
  790                      ;;; Stub functions for DLX traps.
  791                      ;;;
  792                      ;;; Ethan L. Miller, 1999.  Released to the public domain.
  793                      ;;;
  794                      ;;; The traps such as Open and Close
  795                      ;;; (note the capital letters) are for use by user programs.  The traps
  796                      ;;; with names such as open and close (lower case) are for use by the OS.
  797                      ;;;
  800  00001aa4          	.align 2
  802                      ;;; The following are the traps to be used by user-level programs
  803                      ;;;
  805  00001aa4          	.align 2
  806  00001aa4          	.proc _Open
  807  00001aa4          	.global _Open
  808  00001aa4          	_Open:
  809                      ;;; Note that trap #0x213 actually causes a trap vector in the OS of
  810                      ;;; 0x1213.  The same is true for other user traps.  Thus, a user trap
  811                      ;;; with trap #0x240 will result in a trap vector of 0x1240 in the OS.
  812  00001aa4  44000213	trap	#0x213
  813  00001aa8  4be00000	jr	r31
  814  00001aac  54000000	nop
  815  00001ab0          	.endproc _Open
  817  00001ab0          	.proc _Close
  818  00001ab0          	.global _Close
  819  00001ab0          	_Close:
  820  00001ab0  44000214	trap	#0x214
  821  00001ab4  4be00000	jr	r31
  822  00001ab8  54000000	nop
  823  00001abc          	.endproc _Close
  825  00001abc          	.proc _Read
  826  00001abc          	.global _Read
  827  00001abc          	_Read:
  828  00001abc  44000210	trap	#0x210
  829  00001ac0  4be00000	jr	r31
  830  00001ac4  54000000	nop
  831  00001ac8          	.endproc _Read
  833  00001ac8          	.proc _Write
  834  00001ac8          	.global _Write
  835  00001ac8          	_Write:
  836  00001ac8  44000211	trap	#0x211
  837  00001acc  4be00000	jr	r31
  838  00001ad0  54000000	nop
  839  00001ad4          	.endproc _Write
  841  00001ad4          	.proc _Lseek
  842  00001ad4          	.global _Lseek
  843  00001ad4          	_Lseek:
  844  00001ad4  44000212	trap	#0x212
  845  00001ad8  4be00000	jr	r31
  846  00001adc  54000000	nop
  847  00001ae0          	.endproc _Lseek
  849  00001ae0          	.proc _Putchar
  850  00001ae0          	.global _Putchar
  851  00001ae0          	_Putchar:
  852  00001ae0  44000280	trap	#0x280
  853  00001ae4  4be00000	jr	r31
  854  00001ae8  54000000	nop
  855  00001aec          	.endproc _Putchar
  857  00001aec          	.proc _Printf
  858  00001aec          	.global _Printf
  859  00001aec          	_Printf:
  860  00001aec  44000201	trap	#0x201
  861  00001af0  4be00000	jr	r31
  862  00001af4  54000000	nop
  863  00001af8          	.endproc _Printf
  865  00001af8          	.proc _getpid
  866  00001af8          	.global _getpid
  867  00001af8          	_getpid:
  868  00001af8  44000431	trap	#0x431
  869  00001afc  4be00000	jr	r31
  870  00001b00  54000000	nop
  871  00001b04          	.endproc _getpid
  873  00001b04          	.proc _process_create
  874  00001b04          	.global _process_create
  875  00001b04          	_process_create:
  876  00001b04  44000432	trap	#0x432
  877  00001b08  4be00000	jr	r31
  878  00001b0c  54000000	nop
  879  00001b10          	.endproc _process_create
  881  00001b10          	.proc _shmget
  882  00001b10          	.global _shmget
  883  00001b10          	_shmget:
  884  00001b10  44000440	trap	#0x440
  885  00001b14  4be00000	jr	r31
  886  00001b18  54000000	nop
  887  00001b1c          	.endproc _shmget
  889  00001b1c          	.proc _shmat
  890  00001b1c          	.global _shmat
  891  00001b1c          	_shmat:
  892  00001b1c  44000441	trap	#0x441
  893  00001b20  4be00000	jr	r31
  894  00001b24  54000000	nop
  895  00001b28          	.endproc _shmat
  897  00001b28          	.proc _sem_create
  898  00001b28          	.global _sem_create
  899  00001b28          	_sem_create:
  900  00001b28  44000450	trap	#0x450
  901  00001b2c  4be00000	jr	r31
  902  00001b30  54000000	nop
  903  00001b34          	.endproc _sem_create
  905  00001b34          	.proc _sem_wait
  906  00001b34          	.global _sem_wait
  907  00001b34          	_sem_wait:
  908  00001b34  44000451	trap	#0x451
  909  00001b38  4be00000	jr	r31
  910  00001b3c  54000000	nop
  911  00001b40          	.endproc _sem_wait
  913  00001b40          	.proc _sem_signal
  914  00001b40          	.global _sem_signal
  915  00001b40          	_sem_signal:
  916  00001b40  44000452	trap	#0x452
  917  00001b44  4be00000	jr	r31
  918  00001b48  54000000	nop
  919  00001b4c          	.endproc _sem_signal
  921  00001b4c          	.proc _lock_create
  922  00001b4c          	.global _lock_create
  923  00001b4c          	_lock_create:
  924  00001b4c  44000453	trap	#0x453
  925  00001b50  4be00000	jr	r31
  926  00001b54  54000000	nop
  927  00001b58          	.endproc _lock_create
  929  00001b58          	.proc _lock_acquire
  930  00001b58          	.global _lock_acquire
  931  00001b58          	_lock_acquire:
  932  00001b58  44000454	trap	#0x454
  933  00001b5c  4be00000	jr	r31
  934  00001b60  54000000	nop
  935  00001b64          	.endproc _lock_acquire
  937  00001b64          	.proc _lock_release
  938  00001b64          	.global _lock_release
  939  00001b64          	_lock_release:
  940  00001b64  44000455	trap	#0x455
  941  00001b68  4be00000	jr	r31
  942  00001b6c  54000000	nop
  943  00001b70          	.endproc _lock_release
  945  00001b70          	.proc _cond_create
  946  00001b70          	.global _cond_create
  947  00001b70          	_cond_create:
  948  00001b70  44000456	trap	#0x456
  949  00001b74  4be00000	jr	r31
  950  00001b78  54000000	nop
  951  00001b7c          	.endproc _cond_create
  953  00001b7c          	.proc _cond_wait
  954  00001b7c          	.global _cond_wait
  955  00001b7c          	_cond_wait:
  956  00001b7c  44000457	trap	#0x457
  957  00001b80  4be00000	jr	r31
  958  00001b84  54000000	nop
  959  00001b88          	.endproc _cond_wait
  961  00001b88          	.proc _cond_signal
  962  00001b88          	.global _cond_signal
  963  00001b88          	_cond_signal:
  964  00001b88  44000458	trap	#0x458
  965  00001b8c  4be00000	jr	r31
  966  00001b90  54000000	nop
  967  00001b94          	.endproc _cond_signal
  969  00001b94          	.proc _cond_broadcast
  970  00001b94          	.global _cond_broadcast
  971  00001b94          	_cond_broadcast:
  972  00001b94  44000459	trap	#0x459
  973  00001b98  4be00000	jr	r31
  974  00001b9c  54000000	nop
  975  00001ba0          	.endproc _cond_broadcast
  977  00001ba0          	.proc _mbox_create
  978  00001ba0          	.global _mbox_create
  979  00001ba0          	_mbox_create:
  980  00001ba0  44000460	trap	#0x460
  981  00001ba4  4be00000	jr	r31
  982  00001ba8  54000000	nop
  983  00001bac          	.endproc _mbox_create
  985  00001bac          	.proc _mbox_open
  986  00001bac          	.global _mbox_open
  987  00001bac          	_mbox_open:
  988  00001bac  44000461	trap	#0x461
  989  00001bb0  4be00000	jr	r31
  990  00001bb4  54000000	nop
  991  00001bb8          	.endproc _mbox_open
  993  00001bb8          	.proc _mbox_close
  994  00001bb8          	.global _mbox_close
  995  00001bb8          	_mbox_close:
  996  00001bb8  44000462	trap	#0x462
  997  00001bbc  4be00000	jr	r31
  998  00001bc0  54000000	nop
  999  00001bc4          	.endproc _mbox_close
 1001  00001bc4          	.proc _mbox_send
 1002  00001bc4          	.global _mbox_send
 1003  00001bc4          	_mbox_send:
 1004  00001bc4  44000463	trap	#0x463
 1005  00001bc8  4be00000	jr	r31
 1006  00001bcc  54000000	nop
 1007  00001bd0          	.endproc _mbox_send
 1009  00001bd0          	.proc _mbox_recv
 1010  00001bd0          	.global _mbox_recv
 1011  00001bd0          	_mbox_recv:
 1012  00001bd0  44000464	trap	#0x464
 1013  00001bd4  4be00000	jr	r31
 1014  00001bd8  54000000	nop
 1015  00001bdc          	.endproc _mbox_recv
 1017  00001bdc          	.proc _sleep
 1018  00001bdc          	.global _sleep
 1019  00001bdc          	_sleep:
 1020  00001bdc  44000465	trap	#0x465
 1021  00001be0  4be00000	jr	r31
 1022  00001be4  54000000	nop
 1023  00001be8          	.endproc _sleep
 1025  00001be8          	.proc _yield
 1026  00001be8          	.global _yield
 1027  00001be8          	_yield:
 1028  00001be8  44000466	trap	#0x466
 1029  00001bec  4be00000	jr	r31
 1030  00001bf0  54000000	nop
 1031  00001bf4          	.endproc _yield
 1034  00001bf4          	.proc _Exit
 1035  00001bf4          	.global _Exit
 1036  00001bf4          	_Exit:
 1037  00001bf4  44000500	trap	#0x500
 1038  00001bf8  4be00000	jr	r31
 1039  00001bfc  54000000	nop
 1040  00001c00          	.endproc _Exit
 1041                      ; Compiled by GCC
 1043  00001c00          	.align 2
 1044  00001c00          	.proc _isspace
 1045  00001c00          	.global _isspace
 1046  00001c00          	_isspace:
 1047                      ;  Function 'isspace'; 0 bytes of locals, 3 regs to save.
 1048  00001c00  afbefffc	sw	-4(r29),r30; push fp
 1049  00001c04  001df020	add	r30,r0,r29; fp = sp
 1050  00001c08  afbffff8	sw	-8(r29),r31; push ret addr
 1051  00001c0c  2fbd0018	subui	r29,r29,#24; alloc local storage
 1052  00001c10  afa20000	sw	0(r29),r2
 1053  00001c14  afa30004	sw	4(r29),r3
 1054  00001c18  afa40008	sw	8(r29),r4
 1055  00001c1c  83c20003	lb	r2,3(r30)
 1056  00001c20  20010000	addi	r1,r0,#0
 1057  00001c24  304300ff	andi	r3,r2,#0x00ff
 1058  00001c28  60640020	seqi	r4,r3,#32
 1059  00001c2c  1480002c	bnez	r4,L3_LF2
 1060  00001c30  54000000	nop; delay slot nop
 1061  00001c34  304300ff	andi	r3,r2,#0x00ff
 1062  00001c38  60640009	seqi	r4,r3,#9
 1063  00001c3c  1480001c	bnez	r4,L3_LF2
 1064  00001c40  54000000	nop; delay slot nop
 1065  00001c44  304300ff	andi	r3,r2,#0x00ff
 1066  00001c48  6064000a	seqi	r4,r3,#10
 1067  00001c4c  1480000c	bnez	r4,L3_LF2
 1068  00001c50  54000000	nop; delay slot nop
 1069  00001c54  08000008	j	L2_LF2
 1070  00001c58  54000000	nop; delay slot nop
 1071  00001c5c          	L3_LF2:
 1072  00001c5c  20010001	addi	r1,r0,#1
 1073  00001c60          	L2_LF2:
 1074  00001c60  08000004	j	L1_LF2
 1075  00001c64  54000000	nop; delay slot nop
 1076  00001c68          	L1_LF2:
 1077  00001c68  8fa20000	lw	r2,0(r29)
 1078  00001c6c  8fa30004	lw	r3,4(r29)
 1079  00001c70  8fa40008	lw	r4,8(r29)
 1080  00001c74  8fdffff8	lw	r31,-8(r30)
 1081  00001c78  001ee820	add	r29,r0,r30
 1082  00001c7c  8fdefffc	lw	r30,-4(r30)
 1083  00001c80  4be00000	jr	r31
 1084  00001c84  54000000	nop
 1085  00001c88          	.endproc _isspace
 1086  00001c88          	.align 2
 1087  00001c88          	.proc _isxdigit
 1088  00001c88          	.global _isxdigit
 1089  00001c88          	_isxdigit:
 1090                      ;  Function 'isxdigit'; 0 bytes of locals, 3 regs to save.
 1091  00001c88  afbefffc	sw	-4(r29),r30; push fp
 1092  00001c8c  001df020	add	r30,r0,r29; fp = sp
 1093  00001c90  afbffff8	sw	-8(r29),r31; push ret addr
 1094  00001c94  2fbd0018	subui	r29,r29,#24; alloc local storage
 1095  00001c98  afa20000	sw	0(r29),r2
 1096  00001c9c  afa30004	sw	4(r29),r3
 1097  00001ca0  afa40008	sw	8(r29),r4
 1098  00001ca4  83c20003	lb	r2,3(r30)
 1099  00001ca8  20010000	addi	r1,r0,#0
 1100  00001cac  304300ff	andi	r3,r2,#0x00ff
 1101  00001cb0  6c64002f	sgtui	r4,r3,#47
 1102  00001cb4  1080001c	beqz	r4,L7_LF2
 1103  00001cb8  54000000	nop; delay slot nop
 1104  00001cbc  304300ff	andi	r3,r2,#0x00ff
 1105  00001cc0  70640039	sleui	r4,r3,#57
 1106  00001cc4  1480005c	bnez	r4,L6_LF2
 1107  00001cc8  54000000	nop; delay slot nop
 1108  00001ccc  08000004	j	L7_LF2
 1109  00001cd0  54000000	nop; delay slot nop
 1110  00001cd4          	L7_LF2:
 1111  00001cd4  304300ff	andi	r3,r2,#0x00ff
 1112  00001cd8  6c640060	sgtui	r4,r3,#96
 1113  00001cdc  1080001c	beqz	r4,L8_LF2
 1114  00001ce0  54000000	nop; delay slot nop
 1115  00001ce4  304300ff	andi	r3,r2,#0x00ff
 1116  00001ce8  70640066	sleui	r4,r3,#102
 1117  00001cec  14800034	bnez	r4,L6_LF2
 1118  00001cf0  54000000	nop; delay slot nop
 1119  00001cf4  08000004	j	L8_LF2
 1120  00001cf8  54000000	nop; delay slot nop
 1121  00001cfc          	L8_LF2:
 1122  00001cfc  304300ff	andi	r3,r2,#0x00ff
 1123  00001d00  6c640040	sgtui	r4,r3,#64
 1124  00001d04  10800020	beqz	r4,L5_LF2
 1125  00001d08  54000000	nop; delay slot nop
 1126  00001d0c  304300ff	andi	r3,r2,#0x00ff
 1127  00001d10  70640041	sleui	r4,r3,#65
 1128  00001d14  1480000c	bnez	r4,L6_LF2
 1129  00001d18  54000000	nop; delay slot nop
 1130  00001d1c  08000008	j	L5_LF2
 1131  00001d20  54000000	nop; delay slot nop
 1132  00001d24          	L6_LF2:
 1133  00001d24  20010001	addi	r1,r0,#1
 1134  00001d28          	L5_LF2:
 1135  00001d28  08000004	j	L4_LF2
 1136  00001d2c  54000000	nop; delay slot nop
 1137  00001d30          	L4_LF2:
 1138  00001d30  8fa20000	lw	r2,0(r29)
 1139  00001d34  8fa30004	lw	r3,4(r29)
 1140  00001d38  8fa40008	lw	r4,8(r29)
 1141  00001d3c  8fdffff8	lw	r31,-8(r30)
 1142  00001d40  001ee820	add	r29,r0,r30
 1143  00001d44  8fdefffc	lw	r30,-4(r30)
 1144  00001d48  4be00000	jr	r31
 1145  00001d4c  54000000	nop
 1146  00001d50          	.endproc _isxdigit
 1147  00001d50          	.align 2
 1148  00001d50          	.proc _dstrcpy
 1149  00001d50          	.global _dstrcpy
 1150  00001d50          	_dstrcpy:
 1151                      ;  Function 'dstrcpy'; 8 bytes of locals, 2 regs to save.
 1152  00001d50  afbefffc	sw	-4(r29),r30; push fp
 1153  00001d54  001df020	add	r30,r0,r29; fp = sp
 1154  00001d58  afbffff8	sw	-8(r29),r31; push ret addr
 1155  00001d5c  2fbd0018	subui	r29,r29,#24; alloc local storage
 1156  00001d60  afa20000	sw	0(r29),r2
 1157  00001d64  afa30004	sw	4(r29),r3
 1158  00001d68  8fc10000	lw	r1,(r30)
 1159  00001d6c  afc1fff4	sw	-12(r30),r1
 1160  00001d70          	L10_LF2:
 1161  00001d70  8fc10000	lw	r1,(r30)
 1162  00001d74  20220001	addi	r2,r1,#1
 1163  00001d78  afc20000	sw	(r30),r2
 1164  00001d7c  8fc20004	lw	r2,4(r30)
 1165  00001d80  20430001	addi	r3,r2,#1
 1166  00001d84  afc30004	sw	4(r30),r3
 1167  00001d88  80420000	lb	r2,(r2)
 1168  00001d8c  a0220000	sb	(r1),r2
 1169  00001d90  a3c2fff3	sb	-13(r30),r2
 1170  00001d94          	L12_LF2:
 1171  00001d94  93c1fff3	lbu	r1,-13(r30)
 1172  00001d98  64220000	snei	r2,r1,#0
 1173  00001d9c  1440000c	bnez	r2,L13_LF2
 1174  00001da0  54000000	nop; delay slot nop
 1175  00001da4  0800000c	j	L11_LF2
 1176  00001da8  54000000	nop; delay slot nop
 1177  00001dac          	L13_LF2:
 1178  00001dac  0bffffc0	j	L10_LF2
 1179  00001db0  54000000	nop; delay slot nop
 1180  00001db4          	L11_LF2:
 1181  00001db4  8fc1fff4	lw	r1,-12(r30)
 1182  00001db8  08000004	j	L9_LF2
 1183  00001dbc  54000000	nop; delay slot nop
 1184  00001dc0          	L9_LF2:
 1185  00001dc0  8fa20000	lw	r2,0(r29)
 1186  00001dc4  8fa30004	lw	r3,4(r29)
 1187  00001dc8  8fdffff8	lw	r31,-8(r30)
 1188  00001dcc  001ee820	add	r29,r0,r30
 1189  00001dd0  8fdefffc	lw	r30,-4(r30)
 1190  00001dd4  4be00000	jr	r31
 1191  00001dd8  54000000	nop
 1192  00001ddc          	.endproc _dstrcpy
 1193  00001ddc          	.align 2
 1194  00001ddc          	.proc _dstrncpy
 1195  00001ddc          	.global _dstrncpy
 1196  00001ddc          	_dstrncpy:
 1197                      ;  Function 'dstrncpy'; 8 bytes of locals, 2 regs to save.
 1198  00001ddc  afbefffc	sw	-4(r29),r30; push fp
 1199  00001de0  001df020	add	r30,r0,r29; fp = sp
 1200  00001de4  afbffff8	sw	-8(r29),r31; push ret addr
 1201  00001de8  2fbd0018	subui	r29,r29,#24; alloc local storage
 1202  00001dec  afa20000	sw	0(r29),r2
 1203  00001df0  afa30004	sw	4(r29),r3
 1204  00001df4  8fc10000	lw	r1,(r30)
 1205  00001df8  afc1fff4	sw	-12(r30),r1
 1206  00001dfc          	L15_LF2:
 1207  00001dfc  8fc10008	lw	r1,8(r30)
 1208  00001e00  2022ffff	addi	r2,r1,#-1
 1209  00001e04  afc20008	sw	8(r30),r2
 1210  00001e08  70210000	slei	r1,r1,#0
 1211  00001e0c  1020000c	beqz	r1,L18_LF2
 1212  00001e10  54000000	nop; delay slot nop
 1213  00001e14  08000048	j	L16_LF2
 1214  00001e18  54000000	nop; delay slot nop
 1215  00001e1c          	L18_LF2:
 1216  00001e1c  8fc10000	lw	r1,(r30)
 1217  00001e20  20220001	addi	r2,r1,#1
 1218  00001e24  afc20000	sw	(r30),r2
 1219  00001e28  8fc20004	lw	r2,4(r30)
 1220  00001e2c  20430001	addi	r3,r2,#1
 1221  00001e30  afc30004	sw	4(r30),r3
 1222  00001e34  80420000	lb	r2,(r2)
 1223  00001e38  a0220000	sb	(r1),r2
 1224  00001e3c  a3c2fff3	sb	-13(r30),r2
 1225  00001e40          	L17_LF2:
 1226  00001e40  93c1fff3	lbu	r1,-13(r30)
 1227  00001e44  64220000	snei	r2,r1,#0
 1228  00001e48  1440000c	bnez	r2,L19_LF2
 1229  00001e4c  54000000	nop; delay slot nop
 1230  00001e50  0800000c	j	L16_LF2
 1231  00001e54  54000000	nop; delay slot nop
 1232  00001e58          	L19_LF2:
 1233  00001e58  0bffffa0	j	L15_LF2
 1234  00001e5c  54000000	nop; delay slot nop
 1235  00001e60          	L16_LF2:
 1236  00001e60  8fc1fff4	lw	r1,-12(r30)
 1237  00001e64  08000004	j	L14_LF2
 1238  00001e68  54000000	nop; delay slot nop
 1239  00001e6c          	L14_LF2:
 1240  00001e6c  8fa20000	lw	r2,0(r29)
 1241  00001e70  8fa30004	lw	r3,4(r29)
 1242  00001e74  8fdffff8	lw	r31,-8(r30)
 1243  00001e78  001ee820	add	r29,r0,r30
 1244  00001e7c  8fdefffc	lw	r30,-4(r30)
 1245  00001e80  4be00000	jr	r31
 1246  00001e84  54000000	nop
 1247  00001e88          	.endproc _dstrncpy
 1248  00001e88          	.align 2
 1249  00001e88          	.proc _dstrcat
 1250  00001e88          	.global _dstrcat
 1251  00001e88          	_dstrcat:
 1252                      ;  Function 'dstrcat'; 8 bytes of locals, 1 regs to save.
 1253  00001e88  afbefffc	sw	-4(r29),r30; push fp
 1254  00001e8c  001df020	add	r30,r0,r29; fp = sp
 1255  00001e90  afbffff8	sw	-8(r29),r31; push ret addr
 1256  00001e94  2fbd0018	subui	r29,r29,#24; alloc local storage
 1257  00001e98  afa20000	sw	0(r29),r2
 1258  00001e9c  8fc10000	lw	r1,(r30)
 1259  00001ea0  afc1fff4	sw	-12(r30),r1
 1260  00001ea4          	L21_LF2:
 1261  00001ea4  8fc10000	lw	r1,(r30)
 1262  00001ea8  90220000	lbu	r2,(r1)
 1263  00001eac  64410000	snei	r1,r2,#0
 1264  00001eb0  1420000c	bnez	r1,L23_LF2
 1265  00001eb4  54000000	nop; delay slot nop
 1266  00001eb8  0800001c	j	L22_LF2
 1267  00001ebc  54000000	nop; delay slot nop
 1268  00001ec0          	L23_LF2:
 1269  00001ec0  8fc20000	lw	r2,(r30)
 1270  00001ec4  20410001	addi	r1,r2,#1
 1271  00001ec8  00011020	add	r2,r0,r1
 1272  00001ecc  afc20000	sw	(r30),r2
 1273  00001ed0  0bffffd0	j	L21_LF2
 1274  00001ed4  54000000	nop; delay slot nop
 1275  00001ed8          	L22_LF2:
 1276  00001ed8  23bdfff8	addi	r29,r29,#-8
 1277  00001edc  001d0820	add	r1,r0,r29
 1278  00001ee0  8fc20000	lw	r2,(r30)
 1279  00001ee4  ac220000	sw	(r1),r2
 1280  00001ee8  8fc20004	lw	r2,4(r30)
 1281  00001eec  ac220004	sw	4(r1),r2
 1282  00001ef0  0ffffe5c	jal	_dstrcpy
 1283  00001ef4  54000000	nop; delay slot nop
 1284  00001ef8  23bd0008	addi	r29,r29,#8
 1285  00001efc  8fc1fff4	lw	r1,-12(r30)
 1286  00001f00  08000004	j	L20_LF2
 1287  00001f04  54000000	nop; delay slot nop
 1288  00001f08          	L20_LF2:
 1289  00001f08  8fa20000	lw	r2,0(r29)
 1290  00001f0c  8fdffff8	lw	r31,-8(r30)
 1291  00001f10  001ee820	add	r29,r0,r30
 1292  00001f14  8fdefffc	lw	r30,-4(r30)
 1293  00001f18  4be00000	jr	r31
 1294  00001f1c  54000000	nop
 1295  00001f20          	.endproc _dstrcat
 1296  00001f20          	.align 2
 1297  00001f20          	.proc _dstrncmp
 1298  00001f20          	.global _dstrncmp
 1299  00001f20          	_dstrncmp:
 1300                      ;  Function 'dstrncmp'; 8 bytes of locals, 2 regs to save.
 1301  00001f20  afbefffc	sw	-4(r29),r30; push fp
 1302  00001f24  001df020	add	r30,r0,r29; fp = sp
 1303  00001f28  afbffff8	sw	-8(r29),r31; push ret addr
 1304  00001f2c  2fbd0018	subui	r29,r29,#24; alloc local storage
 1305  00001f30  afa20000	sw	0(r29),r2
 1306  00001f34  afa30004	sw	4(r29),r3
 1307  00001f38  54000000	nop
 1308  00001f3c  20010000	addi	r1,r0,#0
 1309  00001f40  afc1fff4	sw	-12(r30),r1
 1310  00001f44          	L25_LF2:
 1311  00001f44  8fc1fff4	lw	r1,-12(r30)
 1312  00001f48  8fc20008	lw	r2,8(r30)
 1313  00001f4c  0022082a	slt	r1,r1,r2
 1314  00001f50  1420000c	bnez	r1,L28_LF2
 1315  00001f54  54000000	nop; delay slot nop
 1316  00001f58  08000088	j	L26_LF2
 1317  00001f5c  54000000	nop; delay slot nop
 1318  00001f60          	L28_LF2:
 1319  00001f60  8fc10004	lw	r1,4(r30)
 1320  00001f64  90220000	lbu	r2,(r1)
 1321  00001f68  64410000	snei	r1,r2,#0
 1322  00001f6c  14200018	bnez	r1,L29_LF2
 1323  00001f70  54000000	nop; delay slot nop
 1324  00001f74  20010000	addi	r1,r0,#0
 1325  00001f78  080000d8	j	L24_LF2
 1326  00001f7c  54000000	nop; delay slot nop
 1327  00001f80  08000028	j	L30_LF2
 1328  00001f84  54000000	nop; delay slot nop
 1329  00001f88          	L29_LF2:
 1330  00001f88  8fc10000	lw	r1,(r30)
 1331  00001f8c  8fc20004	lw	r2,4(r30)
 1332  00001f90  90210000	lbu	r1,(r1)
 1333  00001f94  90420000	lbu	r2,(r2)
 1334  00001f98  00220829	sne	r1,r1,r2
 1335  00001f9c  1020000c	beqz	r1,L30_LF2
 1336  00001fa0  54000000	nop; delay slot nop
 1337  00001fa4  0800003c	j	L26_LF2
 1338  00001fa8  54000000	nop; delay slot nop
 1339  00001fac          	L31_LF2:
 1340  00001fac          	L30_LF2:
 1341  00001fac  8fc20000	lw	r2,(r30)
 1342  00001fb0  20410001	addi	r1,r2,#1
 1343  00001fb4  00011020	add	r2,r0,r1
 1344  00001fb8  afc20000	sw	(r30),r2
 1345  00001fbc  8fc20004	lw	r2,4(r30)
 1346  00001fc0  20410001	addi	r1,r2,#1
 1347  00001fc4  00011020	add	r2,r0,r1
 1348  00001fc8  afc20004	sw	4(r30),r2
 1349  00001fcc          	L27_LF2:
 1350  00001fcc  8fc2fff4	lw	r2,-12(r30)
 1351  00001fd0  20410001	addi	r1,r2,#1
 1352  00001fd4  00011020	add	r2,r0,r1
 1353  00001fd8  afc2fff4	sw	-12(r30),r2
 1354  00001fdc  0bffff64	j	L25_LF2
 1355  00001fe0  54000000	nop; delay slot nop
 1356  00001fe4          	L26_LF2:
 1357  00001fe4  8fc1fff4	lw	r1,-12(r30)
 1358  00001fe8  8fc20008	lw	r2,8(r30)
 1359  00001fec  00220828	seq	r1,r1,r2
 1360  00001ff0  10200018	beqz	r1,L32_LF2
 1361  00001ff4  54000000	nop; delay slot nop
 1362  00001ff8  20010000	addi	r1,r0,#0
 1363  00001ffc  08000054	j	L24_LF2
 1364  00002000  54000000	nop; delay slot nop
 1365  00002004  0800004c	j	L33_LF2
 1366  00002008  54000000	nop; delay slot nop
 1367  0000200c          	L32_LF2:
 1368  0000200c  8fc20000	lw	r2,(r30)
 1369  00002010  90410000	lbu	r1,(r2)
 1370  00002014  8fc20004	lw	r2,4(r30)
 1371  00002018  90430000	lbu	r3,(r2)
 1372  0000201c  00230822	sub	r1,r1,r3
 1373  00002020  74220000	sgei	r2,r1,#0
 1374  00002024  10400020	beqz	r2,L34_LF2
 1375  00002028  54000000	nop; delay slot nop
 1376  0000202c  8fc10000	lw	r1,(r30)
 1377  00002030  8fc20004	lw	r2,4(r30)
 1378  00002034  90210000	lbu	r1,(r1)
 1379  00002038  90420000	lbu	r2,(r2)
 1380  0000203c  00220829	sne	r1,r1,r2
 1381  00002040  08000008	j	L35_LF2
 1382  00002044  54000000	nop; delay slot nop
 1383  00002048          	L34_LF2:
 1384  00002048  2001ffff	addi	r1,r0,#-1
 1385  0000204c          	L35_LF2:
 1386  0000204c  08000004	j	L24_LF2
 1387  00002050  54000000	nop; delay slot nop
 1388  00002054          	L33_LF2:
 1389  00002054          	L24_LF2:
 1390  00002054  8fa20000	lw	r2,0(r29)
 1391  00002058  8fa30004	lw	r3,4(r29)
 1392  0000205c  8fdffff8	lw	r31,-8(r30)
 1393  00002060  001ee820	add	r29,r0,r30
 1394  00002064  8fdefffc	lw	r30,-4(r30)
 1395  00002068  4be00000	jr	r31
 1396  0000206c  54000000	nop
 1397  00002070          	.endproc _dstrncmp
 1398  00002070          	.align 2
 1399  00002070          	.proc _dstrlen
 1400  00002070          	.global _dstrlen
 1401  00002070          	_dstrlen:
 1402                      ;  Function 'dstrlen'; 8 bytes of locals, 1 regs to save.
 1403  00002070  afbefffc	sw	-4(r29),r30; push fp
 1404  00002074  001df020	add	r30,r0,r29; fp = sp
 1405  00002078  afbffff8	sw	-8(r29),r31; push ret addr
 1406  0000207c  2fbd0018	subui	r29,r29,#24; alloc local storage
 1407  00002080  afa20000	sw	0(r29),r2
 1408  00002084  20010000	addi	r1,r0,#0
 1409  00002088  afc1fff4	sw	-12(r30),r1
 1410  0000208c          	L37_LF2:
 1411  0000208c  8fc10000	lw	r1,(r30)
 1412  00002090  20220001	addi	r2,r1,#1
 1413  00002094  afc20000	sw	(r30),r2
 1414  00002098  90210000	lbu	r1,(r1)
 1415  0000209c  64220000	snei	r2,r1,#0
 1416  000020a0  1440000c	bnez	r2,L39_LF2
 1417  000020a4  54000000	nop; delay slot nop
 1418  000020a8  0800001c	j	L38_LF2
 1419  000020ac  54000000	nop; delay slot nop
 1420  000020b0          	L39_LF2:
 1421  000020b0  8fc2fff4	lw	r2,-12(r30)
 1422  000020b4  20410001	addi	r1,r2,#1
 1423  000020b8  00011020	add	r2,r0,r1
 1424  000020bc  afc2fff4	sw	-12(r30),r2
 1425  000020c0  0bffffc8	j	L37_LF2
 1426  000020c4  54000000	nop; delay slot nop
 1427  000020c8          	L38_LF2:
 1428  000020c8  8fc1fff4	lw	r1,-12(r30)
 1429  000020cc  08000004	j	L36_LF2
 1430  000020d0  54000000	nop; delay slot nop
 1431  000020d4          	L36_LF2:
 1432  000020d4  8fa20000	lw	r2,0(r29)
 1433  000020d8  8fdffff8	lw	r31,-8(r30)
 1434  000020dc  001ee820	add	r29,r0,r30
 1435  000020e0  8fdefffc	lw	r30,-4(r30)
 1436  000020e4  4be00000	jr	r31
 1437  000020e8  54000000	nop
 1438  000020ec          	.endproc _dstrlen
 1439  000020ec          	.align 2
 1440  000020ec          	.proc _dstrstr
 1441  000020ec          	.global _dstrstr
 1442  000020ec          	_dstrstr:
 1443                      ;  Function 'dstrstr'; 8 bytes of locals, 1 regs to save.
 1444  000020ec  afbefffc	sw	-4(r29),r30; push fp
 1445  000020f0  001df020	add	r30,r0,r29; fp = sp
 1446  000020f4  afbffff8	sw	-8(r29),r31; push ret addr
 1447  000020f8  2fbd0018	subui	r29,r29,#24; alloc local storage
 1448  000020fc  afa20000	sw	0(r29),r2
 1449  00002100  23bdfff8	addi	r29,r29,#-8
 1450  00002104  001d0820	add	r1,r0,r29
 1451  00002108  8fc20004	lw	r2,4(r30)
 1452  0000210c  ac220000	sw	(r1),r2
 1453  00002110  0fffff5c	jal	_dstrlen
 1454  00002114  54000000	nop; delay slot nop
 1455  00002118  23bd0008	addi	r29,r29,#8
 1456  0000211c  afc1fff4	sw	-12(r30),r1
 1457  00002120          	L41_LF2:
 1458  00002120  8fc10000	lw	r1,(r30)
 1459  00002124  90220000	lbu	r2,(r1)
 1460  00002128  64410000	snei	r1,r2,#0
 1461  0000212c  1420000c	bnez	r1,L43_LF2
 1462  00002130  54000000	nop; delay slot nop
 1463  00002134  08000060	j	L42_LF2
 1464  00002138  54000000	nop; delay slot nop
 1465  0000213c          	L43_LF2:
 1466  0000213c  23bdfff0	addi	r29,r29,#-16
 1467  00002140  001d0820	add	r1,r0,r29
 1468  00002144  8fc20000	lw	r2,(r30)
 1469  00002148  ac220000	sw	(r1),r2
 1470  0000214c  8fc20004	lw	r2,4(r30)
 1471  00002150  ac220004	sw	4(r1),r2
 1472  00002154  8fc2fff4	lw	r2,-12(r30)
 1473  00002158  ac220008	sw	8(r1),r2
 1474  0000215c  0ffffdc0	jal	_dstrncmp
 1475  00002160  54000000	nop; delay slot nop
 1476  00002164  23bd0010	addi	r29,r29,#16
 1477  00002168  64220000	snei	r2,r1,#0
 1478  0000216c  14400010	bnez	r2,L44_LF2
 1479  00002170  54000000	nop; delay slot nop
 1480  00002174  8fc10000	lw	r1,(r30)
 1481  00002178  08000028	j	L40_LF2
 1482  0000217c  54000000	nop; delay slot nop
 1483  00002180          	L44_LF2:
 1484  00002180  8fc20000	lw	r2,(r30)
 1485  00002184  20410001	addi	r1,r2,#1
 1486  00002188  00011020	add	r2,r0,r1
 1487  0000218c  afc20000	sw	(r30),r2
 1488  00002190  0bffff8c	j	L41_LF2
 1489  00002194  54000000	nop; delay slot nop
 1490  00002198          	L42_LF2:
 1491  00002198  20010000	addi	r1,r0,#0
 1492  0000219c  08000004	j	L40_LF2
 1493  000021a0  54000000	nop; delay slot nop
 1494  000021a4          	L40_LF2:
 1495  000021a4  8fa20000	lw	r2,0(r29)
 1496  000021a8  8fdffff8	lw	r31,-8(r30)
 1497  000021ac  001ee820	add	r29,r0,r30
 1498  000021b0  8fdefffc	lw	r30,-4(r30)
 1499  000021b4  4be00000	jr	r31
 1500  000021b8  54000000	nop
 1501  000021bc          	.endproc _dstrstr
 1502  000021bc          	.align 2
 1503  000021bc          	.proc _dmindex
 1504  000021bc          	.global _dmindex
 1505  000021bc          	_dmindex:
 1506                      ;  Function 'dmindex'; 8 bytes of locals, 1 regs to save.
 1507  000021bc  afbefffc	sw	-4(r29),r30; push fp
 1508  000021c0  001df020	add	r30,r0,r29; fp = sp
 1509  000021c4  afbffff8	sw	-8(r29),r31; push ret addr
 1510  000021c8  2fbd0018	subui	r29,r29,#24; alloc local storage
 1511  000021cc  afa20000	sw	0(r29),r2
 1512  000021d0  54000000	nop
 1513  000021d4          	L46_LF2:
 1514  000021d4  8fc10000	lw	r1,(r30)
 1515  000021d8  90220000	lbu	r2,(r1)
 1516  000021dc  64410000	snei	r1,r2,#0
 1517  000021e0  1420000c	bnez	r1,L48_LF2
 1518  000021e4  54000000	nop; delay slot nop
 1519  000021e8  08000070	j	L47_LF2
 1520  000021ec  54000000	nop; delay slot nop
 1521  000021f0          	L48_LF2:
 1522  000021f0  8fc10004	lw	r1,4(r30)
 1523  000021f4  afc1fff4	sw	-12(r30),r1
 1524  000021f8          	L49_LF2:
 1525  000021f8  8fc1fff4	lw	r1,-12(r30)
 1526  000021fc  90220000	lbu	r2,(r1)
 1527  00002200  64410000	snei	r1,r2,#0
 1528  00002204  1420000c	bnez	r1,L52_LF2
 1529  00002208  54000000	nop; delay slot nop
 1530  0000220c  08000044	j	L50_LF2
 1531  00002210  54000000	nop; delay slot nop
 1532  00002214          	L52_LF2:
 1533  00002214  8fc10000	lw	r1,(r30)
 1534  00002218  8fc2fff4	lw	r2,-12(r30)
 1535  0000221c  90210000	lbu	r1,(r1)
 1536  00002220  90420000	lbu	r2,(r2)
 1537  00002224  00220828	seq	r1,r1,r2
 1538  00002228  10200010	beqz	r1,L51_LF2
 1539  0000222c  54000000	nop; delay slot nop
 1540  00002230  8fc10000	lw	r1,(r30)
 1541  00002234  08000030	j	L45_LF2
 1542  00002238  54000000	nop; delay slot nop
 1543  0000223c          	L53_LF2:
 1544  0000223c          	L51_LF2:
 1545  0000223c  8fc2fff4	lw	r2,-12(r30)
 1546  00002240  20410001	addi	r1,r2,#1
 1547  00002244  00011020	add	r2,r0,r1
 1548  00002248  afc2fff4	sw	-12(r30),r2
 1549  0000224c  0bffffa8	j	L49_LF2
 1550  00002250  54000000	nop; delay slot nop
 1551  00002254          	L50_LF2:
 1552  00002254  0bffff7c	j	L46_LF2
 1553  00002258  54000000	nop; delay slot nop
 1554  0000225c          	L47_LF2:
 1555  0000225c  20010000	addi	r1,r0,#0
 1556  00002260  08000004	j	L45_LF2
 1557  00002264  54000000	nop; delay slot nop
 1558  00002268          	L45_LF2:
 1559  00002268  8fa20000	lw	r2,0(r29)
 1560  0000226c  8fdffff8	lw	r31,-8(r30)
 1561  00002270  001ee820	add	r29,r0,r30
 1562  00002274  8fdefffc	lw	r30,-4(r30)
 1563  00002278  4be00000	jr	r31
 1564  0000227c  54000000	nop
 1565  00002280          	.endproc _dmindex
 1566  00002280          	.align 2
 1567  00002280          	.proc _dindex
 1568  00002280          	.global _dindex
 1569  00002280          	_dindex:
 1570                      ;  Function 'dindex'; 0 bytes of locals, 1 regs to save.
 1571  00002280  afbefffc	sw	-4(r29),r30; push fp
 1572  00002284  001df020	add	r30,r0,r29; fp = sp
 1573  00002288  afbffff8	sw	-8(r29),r31; push ret addr
 1574  0000228c  2fbd0010	subui	r29,r29,#16; alloc local storage
 1575  00002290  afa20000	sw	0(r29),r2
 1576  00002294  54000000	nop
 1577  00002298          	L55_LF2:
 1578  00002298  8fc10000	lw	r1,(r30)
 1579  0000229c  90220000	lbu	r2,(r1)
 1580  000022a0  64410000	snei	r1,r2,#0
 1581  000022a4  1420000c	bnez	r1,L57_LF2
 1582  000022a8  54000000	nop; delay slot nop
 1583  000022ac  08000040	j	L56_LF2
 1584  000022b0  54000000	nop; delay slot nop
 1585  000022b4          	L57_LF2:
 1586  000022b4  8fc10000	lw	r1,(r30)
 1587  000022b8  90220000	lbu	r2,(r1)
 1588  000022bc  8fc10004	lw	r1,4(r30)
 1589  000022c0  00411028	seq	r2,r2,r1
 1590  000022c4  10400010	beqz	r2,L58_LF2
 1591  000022c8  54000000	nop; delay slot nop
 1592  000022cc  8fc10000	lw	r1,(r30)
 1593  000022d0  08000028	j	L54_LF2
 1594  000022d4  54000000	nop; delay slot nop
 1595  000022d8          	L58_LF2:
 1596  000022d8  8fc20000	lw	r2,(r30)
 1597  000022dc  20410001	addi	r1,r2,#1
 1598  000022e0  00011020	add	r2,r0,r1
 1599  000022e4  afc20000	sw	(r30),r2
 1600  000022e8  0bffffac	j	L55_LF2
 1601  000022ec  54000000	nop; delay slot nop
 1602  000022f0          	L56_LF2:
 1603  000022f0  20010000	addi	r1,r0,#0
 1604  000022f4  08000004	j	L54_LF2
 1605  000022f8  54000000	nop; delay slot nop
 1606  000022fc          	L54_LF2:
 1607  000022fc  8fa20000	lw	r2,0(r29)
 1608  00002300  8fdffff8	lw	r31,-8(r30)
 1609  00002304  001ee820	add	r29,r0,r30
 1610  00002308  8fdefffc	lw	r30,-4(r30)
 1611  0000230c  4be00000	jr	r31
 1612  00002310  54000000	nop
 1613  00002314          	.endproc _dindex
 1614  00002314          	.align 2
 1615  00002314          	.proc _ditoa
 1616  00002314          	.global _ditoa
 1617  00002314          	_ditoa:
 1618                      ;  Function 'ditoa'; 8 bytes of locals, 2 regs to save.
 1619  00002314  afbefffc	sw	-4(r29),r30; push fp
 1620  00002318  001df020	add	r30,r0,r29; fp = sp
 1621  0000231c  afbffff8	sw	-8(r29),r31; push ret addr
 1622  00002320  2fbd0018	subui	r29,r29,#24; alloc local storage
 1623  00002324  afa20000	sw	0(r29),r2
 1624  00002328  afa30004	sw	4(r29),r3
 1625  0000232c  8fc10000	lw	r1,(r30)
 1626  00002330  68220000	slti	r2,r1,#0
 1627  00002334  1040002c	beqz	r2,L60_LF2
 1628  00002338  54000000	nop; delay slot nop
 1629  0000233c  8fc10004	lw	r1,4(r30)
 1630  00002340  20220001	addi	r2,r1,#1
 1631  00002344  afc20004	sw	4(r30),r2
 1632  00002348  2002002d	addi	r2,r0,(#0x2d)&0xff
 1633  0000234c  a0220000	sb	(r1),r2
 1634  00002350  8fc10000	lw	r1,(r30)
 1635  00002354  00011022	sub	r2,r0,r1
 1636  00002358  afc20000	sw	(r30),r2
 1637  0000235c  08000118	j	L61_LF2
 1638  00002360  54000000	nop; delay slot nop
 1639  00002364          	L60_LF2:
 1640  00002364  8fc10000	lw	r1,(r30)
 1641  00002368  64220000	snei	r2,r1,#0
 1642  0000236c  14400020	bnez	r2,L62_LF2
 1643  00002370  54000000	nop; delay slot nop
 1644  00002374  8fc10004	lw	r1,4(r30)
 1645  00002378  20220001	addi	r2,r1,#1
 1646  0000237c  afc20004	sw	4(r30),r2
 1647  00002380  20020030	addi	r2,r0,(#0x30)&0xff
 1648  00002384  a0220000	sb	(r1),r2
 1649  00002388  080000ec	j	L61_LF2
 1650  0000238c  54000000	nop; delay slot nop
 1651  00002390          	L62_LF2:
 1652  00002390  20010001	addi	r1,r0,#1
 1653  00002394  afc1fff4	sw	-12(r30),r1
 1654  00002398          	L64_LF2:
 1655  00002398  8fc1fff4	lw	r1,-12(r30)
 1656  0000239c  8fc20000	lw	r2,(r30)
 1657  000023a0  0022082c	sle	r1,r1,r2
 1658  000023a4  1420000c	bnez	r1,L66_LF2
 1659  000023a8  54000000	nop; delay slot nop
 1660  000023ac  08000024	j	L65_LF2
 1661  000023b0  54000000	nop; delay slot nop
 1662  000023b4          	L67_LF2:
 1663  000023b4          	L66_LF2:
 1664  000023b4  8fc1fff4	lw	r1,-12(r30)
 1665  000023b8  00011820	add	r3,r0,r1
 1666  000023bc  50620002	slli	r2,r3,#0x2
 1667  000023c0  00411020	add	r2,r2,r1
 1668  000023c4  50410001	slli	r1,r2,#0x1
 1669  000023c8  afc1fff4	sw	-12(r30),r1
 1670  000023cc  0bffffc8	j	L64_LF2
 1671  000023d0  54000000	nop; delay slot nop
 1672  000023d4          	L65_LF2:
 1673  000023d4  54000000	nop
 1674  000023d8          	L68_LF2:
 1675  000023d8  8fc1fff4	lw	r1,-12(r30)
 1676  000023dc  2002000a	addi	r2,r0,#10
 1677  000023e0  00200035	movi2fp	f0,r1
 1678  000023e4  00400835	movi2fp	f1,r2
 1679  000023e8  0401000f	div	f0,f0,f1
 1680  000023ec  00000834	movfp2i	r1,f0
 1681  000023f0  afc1fff4	sw	-12(r30),r1
 1682  000023f4  8fc10004	lw	r1,4(r30)
 1683  000023f8  20220001	addi	r2,r1,#1
 1684  000023fc  afc20004	sw	4(r30),r2
 1685  00002400  8fc20000	lw	r2,(r30)
 1686  00002404  8fc3fff4	lw	r3,-12(r30)
 1687  00002408  00400035	movi2fp	f0,r2
 1688  0000240c  00600835	movi2fp	f1,r3
 1689  00002410  0401000f	div	f0,f0,f1
 1690  00002414  00001034	movfp2i	r2,f0
 1691  00002418  00021820	add	r3,r0,r2
 1692  0000241c  20620030	addi	r2,r3,#48
 1693  00002420  a0220000	sb	(r1),r2
 1694  00002424  8fc10000	lw	r1,(r30)
 1695  00002428  8fc3fff4	lw	r3,-12(r30)
 1696  0000242c  00200035	movi2fp	f0,r1
 1697  00002430  00600835	movi2fp	f1,r3
 1698  00002434  0401000f	div	f0,f0,f1
 1699  00002438  00001034	movfp2i	r2,f0
 1700  0000243c  8fc3fff4	lw	r3,-12(r30)
 1701  00002440  00400035	movi2fp	f0,r2
 1702  00002444  00600835	movi2fp	f1,r3
 1703  00002448  0401000e	mult	f0,f0,f1
 1704  0000244c  00001034	movfp2i	r2,f0
 1705  00002450  00220822	sub	r1,r1,r2
 1706  00002454  afc10000	sw	(r30),r1
 1707  00002458          	L70_LF2:
 1708  00002458  8fc1fff4	lw	r1,-12(r30)
 1709  0000245c  6c220001	sgti	r2,r1,#1
 1710  00002460  1440000c	bnez	r2,L71_LF2
 1711  00002464  54000000	nop; delay slot nop
 1712  00002468  0800000c	j	L61_LF2
 1713  0000246c  54000000	nop; delay slot nop
 1714  00002470          	L71_LF2:
 1715  00002470  0bffff64	j	L68_LF2
 1716  00002474  54000000	nop; delay slot nop
 1717  00002478          	L69_LF2:
 1718  00002478          	L63_LF2:
 1719  00002478          	L61_LF2:
 1720  00002478  8fc10004	lw	r1,4(r30)
 1721  0000247c  20020000	addi	r2,r0,(#0x0)&0xff
 1722  00002480  a0220000	sb	(r1),r2
 1723  00002484          	L59_LF2:
 1724  00002484  8fa20000	lw	r2,0(r29)
 1725  00002488  8fa30004	lw	r3,4(r29)
 1726  0000248c  8fdffff8	lw	r31,-8(r30)
 1727  00002490  001ee820	add	r29,r0,r30
 1728  00002494  8fdefffc	lw	r30,-4(r30)
 1729  00002498  4be00000	jr	r31
 1730  0000249c  54000000	nop
 1731  000024a0          	.endproc _ditoa
 1732  000024a0          	.align 2
 1733  000024a0          	.proc _dstrtol
 1734  000024a0          	.global _dstrtol
 1735  000024a0          	_dstrtol:
 1736                      ;  Function 'dstrtol'; 16 bytes of locals, 1 regs to save.
 1737  000024a0  afbefffc	sw	-4(r29),r30; push fp
 1738  000024a4  001df020	add	r30,r0,r29; fp = sp
 1739  000024a8  afbffff8	sw	-8(r29),r31; push ret addr
 1740  000024ac  2fbd0020	subui	r29,r29,#32; alloc local storage
 1741  000024b0  afa20000	sw	0(r29),r2
 1742  000024b4  20010000	addi	r1,r0,#0
 1743  000024b8  afc1fff4	sw	-12(r30),r1
 1744  000024bc          	L73_LF2:
 1745  000024bc  8fc10000	lw	r1,(r30)
 1746  000024c0  90220000	lbu	r2,(r1)
 1747  000024c4  60410020	seqi	r1,r2,#32
 1748  000024c8  14200034	bnez	r1,L75_LF2
 1749  000024cc  54000000	nop; delay slot nop
 1750  000024d0  8fc10000	lw	r1,(r30)
 1751  000024d4  90220000	lbu	r2,(r1)
 1752  000024d8  60410009	seqi	r1,r2,#9
 1753  000024dc  14200020	bnez	r1,L75_LF2
 1754  000024e0  54000000	nop; delay slot nop
 1755  000024e4  8fc10000	lw	r1,(r30)
 1756  000024e8  90220000	lbu	r2,(r1)
 1757  000024ec  6041000a	seqi	r1,r2,#10
 1758  000024f0  1420000c	bnez	r1,L75_LF2
 1759  000024f4  54000000	nop; delay slot nop
 1760  000024f8  0800001c	j	L74_LF2
 1761  000024fc  54000000	nop; delay slot nop
 1762  00002500          	L75_LF2:
 1763  00002500  8fc20000	lw	r2,(r30)
 1764  00002504  20410001	addi	r1,r2,#1
 1765  00002508  00011020	add	r2,r0,r1
 1766  0000250c  afc20000	sw	(r30),r2
 1767  00002510  0bffffa8	j	L73_LF2
 1768  00002514  54000000	nop; delay slot nop
 1769  00002518          	L74_LF2:
 1770  00002518  8fc10004	lw	r1,4(r30)
 1771  0000251c  64220000	snei	r2,r1,#0
 1772  00002520  10400010	beqz	r2,L76_LF2
 1773  00002524  54000000	nop; delay slot nop
 1774  00002528  8fc10004	lw	r1,4(r30)
 1775  0000252c  8fc20000	lw	r2,(r30)
 1776  00002530  ac220000	sw	(r1),r2
 1777  00002534          	L76_LF2:
 1778  00002534  8fc10000	lw	r1,(r30)
 1779  00002538  90220000	lbu	r2,(r1)
 1780  0000253c  64410000	snei	r1,r2,#0
 1781  00002540  14200010	bnez	r1,L77_LF2
 1782  00002544  54000000	nop; delay slot nop
 1783  00002548  8fc1fff4	lw	r1,-12(r30)
 1784  0000254c  08000294	j	L72_LF2
 1785  00002550  54000000	nop; delay slot nop
 1786  00002554          	L77_LF2:
 1787  00002554  8fc10000	lw	r1,(r30)
 1788  00002558  90220000	lbu	r2,(r1)
 1789  0000255c  6041002d	seqi	r1,r2,#45
 1790  00002560  10200024	beqz	r1,L78_LF2
 1791  00002564  54000000	nop; delay slot nop
 1792  00002568  2001ffff	addi	r1,r0,#-1
 1793  0000256c  afc1ffec	sw	-20(r30),r1
 1794  00002570  8fc20000	lw	r2,(r30)
 1795  00002574  20410001	addi	r1,r2,#1
 1796  00002578  00011020	add	r2,r0,r1
 1797  0000257c  afc20000	sw	(r30),r2
 1798  00002580  0800000c	j	L79_LF2
 1799  00002584  54000000	nop; delay slot nop
 1800  00002588          	L78_LF2:
 1801  00002588  20010001	addi	r1,r0,#1
 1802  0000258c  afc1ffec	sw	-20(r30),r1
 1803  00002590          	L79_LF2:
 1804  00002590  8fc10008	lw	r1,8(r30)
 1805  00002594  64220000	snei	r2,r1,#0
 1806  00002598  14400090	bnez	r2,L80_LF2
 1807  0000259c  54000000	nop; delay slot nop
 1808  000025a0  8fc10000	lw	r1,(r30)
 1809  000025a4  90220000	lbu	r2,(r1)
 1810  000025a8  60410030	seqi	r1,r2,#48
 1811  000025ac  10200074	beqz	r1,L81_LF2
 1812  000025b0  54000000	nop; delay slot nop
 1813  000025b4  8fc20000	lw	r2,(r30)
 1814  000025b8  20410001	addi	r1,r2,#1
 1815  000025bc  00011020	add	r2,r0,r1
 1816  000025c0  afc20000	sw	(r30),r2
 1817  000025c4  8fc10000	lw	r1,(r30)
 1818  000025c8  90220000	lbu	r2,(r1)
 1819  000025cc  60410078	seqi	r1,r2,#120
 1820  000025d0  14200020	bnez	r1,L83_LF2
 1821  000025d4  54000000	nop; delay slot nop
 1822  000025d8  8fc10000	lw	r1,(r30)
 1823  000025dc  90220000	lbu	r2,(r1)
 1824  000025e0  60410058	seqi	r1,r2,#88
 1825  000025e4  1420000c	bnez	r1,L83_LF2
 1826  000025e8  54000000	nop; delay slot nop
 1827  000025ec  08000024	j	L82_LF2
 1828  000025f0  54000000	nop; delay slot nop
 1829  000025f4          	L83_LF2:
 1830  000025f4  20010010	addi	r1,r0,#16
 1831  000025f8  afc10008	sw	8(r30),r1
 1832  000025fc  8fc20000	lw	r2,(r30)
 1833  00002600  20410001	addi	r1,r2,#1
 1834  00002604  00011020	add	r2,r0,r1
 1835  00002608  afc20000	sw	(r30),r2
 1836  0000260c  0800000c	j	L84_LF2
 1837  00002610  54000000	nop; delay slot nop
 1838  00002614          	L82_LF2:
 1839  00002614  20010008	addi	r1,r0,#8
 1840  00002618  afc10008	sw	8(r30),r1
 1841  0000261c          	L84_LF2:
 1842  0000261c  0800000c	j	L80_LF2
 1843  00002620  54000000	nop; delay slot nop
 1844  00002624          	L81_LF2:
 1845  00002624  2001000a	addi	r1,r0,#10
 1846  00002628  afc10008	sw	8(r30),r1
 1847  0000262c          	L85_LF2:
 1848  0000262c          	L80_LF2:
 1849  0000262c  8fc10008	lw	r1,8(r30)
 1850  00002630  70220000	slei	r2,r1,#0
 1851  00002634  1440001c	bnez	r2,L87_LF2
 1852  00002638  54000000	nop; delay slot nop
 1853  0000263c  8fc10008	lw	r1,8(r30)
 1854  00002640  6c220010	sgti	r2,r1,#16
 1855  00002644  1440000c	bnez	r2,L87_LF2
 1856  00002648  54000000	nop; delay slot nop
 1857  0000264c  08000010	j	L86_LF2
 1858  00002650  54000000	nop; delay slot nop
 1859  00002654          	L87_LF2:
 1860  00002654  8fc1fff4	lw	r1,-12(r30)
 1861  00002658  08000188	j	L72_LF2
 1862  0000265c  54000000	nop; delay slot nop
 1863  00002660          	L86_LF2:
 1864  00002660  54000000	nop
 1865  00002664          	L88_LF2:
 1866  00002664  8fc10000	lw	r1,(r30)
 1867  00002668  90220000	lbu	r2,(r1)
 1868  0000266c  6c41002f	sgtui	r1,r2,#47
 1869  00002670  10200030	beqz	r1,L91_LF2
 1870  00002674  54000000	nop; delay slot nop
 1871  00002678  8fc10000	lw	r1,(r30)
 1872  0000267c  90220000	lbu	r2,(r1)
 1873  00002680  70410039	sleui	r1,r2,#57
 1874  00002684  1020001c	beqz	r1,L91_LF2
 1875  00002688  54000000	nop; delay slot nop
 1876  0000268c  8fc10000	lw	r1,(r30)
 1877  00002690  90220000	lbu	r2,(r1)
 1878  00002694  2041ffd0	addi	r1,r2,#-48
 1879  00002698  afc1fff0	sw	-16(r30),r1
 1880  0000269c  0800008c	j	L92_LF2
 1881  000026a0  54000000	nop; delay slot nop
 1882  000026a4          	L91_LF2:
 1883  000026a4  8fc10000	lw	r1,(r30)
 1884  000026a8  90220000	lbu	r2,(r1)
 1885  000026ac  6c410060	sgtui	r1,r2,#96
 1886  000026b0  10200030	beqz	r1,L93_LF2
 1887  000026b4  54000000	nop; delay slot nop
 1888  000026b8  8fc10000	lw	r1,(r30)
 1889  000026bc  90220000	lbu	r2,(r1)
 1890  000026c0  7041007a	sleui	r1,r2,#122
 1891  000026c4  1020001c	beqz	r1,L93_LF2
 1892  000026c8  54000000	nop; delay slot nop
 1893  000026cc  8fc10000	lw	r1,(r30)
 1894  000026d0  90220000	lbu	r2,(r1)
 1895  000026d4  2041ffa9	addi	r1,r2,#-87
 1896  000026d8  afc1fff0	sw	-16(r30),r1
 1897  000026dc  0800004c	j	L92_LF2
 1898  000026e0  54000000	nop; delay slot nop
 1899  000026e4          	L93_LF2:
 1900  000026e4  8fc10000	lw	r1,(r30)
 1901  000026e8  90220000	lbu	r2,(r1)
 1902  000026ec  6c410040	sgtui	r1,r2,#64
 1903  000026f0  10200030	beqz	r1,L95_LF2
 1904  000026f4  54000000	nop; delay slot nop
 1905  000026f8  8fc10000	lw	r1,(r30)
 1906  000026fc  90220000	lbu	r2,(r1)
 1907  00002700  7041005a	sleui	r1,r2,#90
 1908  00002704  1020001c	beqz	r1,L95_LF2
 1909  00002708  54000000	nop; delay slot nop
 1910  0000270c  8fc10000	lw	r1,(r30)
 1911  00002710  90220000	lbu	r2,(r1)
 1912  00002714  2041ffc9	addi	r1,r2,#-55
 1913  00002718  afc1fff0	sw	-16(r30),r1
 1914  0000271c  0800000c	j	L92_LF2
 1915  00002720  54000000	nop; delay slot nop
 1916  00002724          	L95_LF2:
 1917  00002724  200103e8	addi	r1,r0,#1000
 1918  00002728  afc1fff0	sw	-16(r30),r1
 1919  0000272c          	L96_LF2:
 1920  0000272c          	L94_LF2:
 1921  0000272c          	L92_LF2:
 1922  0000272c  8fc1fff0	lw	r1,-16(r30)
 1923  00002730  8fc20008	lw	r2,8(r30)
 1924  00002734  0022082a	slt	r1,r1,r2
 1925  00002738  10200040	beqz	r1,L90_LF2
 1926  0000273c  54000000	nop; delay slot nop
 1927  00002740  8fc1fff4	lw	r1,-12(r30)
 1928  00002744  8fc20008	lw	r2,8(r30)
 1929  00002748  00200035	movi2fp	f0,r1
 1930  0000274c  00400835	movi2fp	f1,r2
 1931  00002750  0401000e	mult	f0,f0,f1
 1932  00002754  00000834	movfp2i	r1,f0
 1933  00002758  afc1fff4	sw	-12(r30),r1
 1934  0000275c  8fc1fff4	lw	r1,-12(r30)
 1935  00002760  8fc2fff0	lw	r2,-16(r30)
 1936  00002764  00220820	add	r1,r1,r2
 1937  00002768  afc1fff4	sw	-12(r30),r1
 1938  0000276c  8fc20000	lw	r2,(r30)
 1939  00002770  20410001	addi	r1,r2,#1
 1940  00002774  00011020	add	r2,r0,r1
 1941  00002778  afc20000	sw	(r30),r2
 1942  0000277c          	L97_LF2:
 1943  0000277c          	L90_LF2:
 1944  0000277c  8fc1fff0	lw	r1,-16(r30)
 1945  00002780  8fc20008	lw	r2,8(r30)
 1946  00002784  0022082a	slt	r1,r1,r2
 1947  00002788  1420000c	bnez	r1,L98_LF2
 1948  0000278c  54000000	nop; delay slot nop
 1949  00002790  0800000c	j	L89_LF2
 1950  00002794  54000000	nop; delay slot nop
 1951  00002798          	L98_LF2:
 1952  00002798  0bfffec8	j	L88_LF2
 1953  0000279c  54000000	nop; delay slot nop
 1954  000027a0          	L89_LF2:
 1955  000027a0  8fc10004	lw	r1,4(r30)
 1956  000027a4  64220000	snei	r2,r1,#0
 1957  000027a8  10400010	beqz	r2,L99_LF2
 1958  000027ac  54000000	nop; delay slot nop
 1959  000027b0  8fc10004	lw	r1,4(r30)
 1960  000027b4  8fc20000	lw	r2,(r30)
 1961  000027b8  ac220000	sw	(r1),r2
 1962  000027bc          	L99_LF2:
 1963  000027bc  8fc1fff4	lw	r1,-12(r30)
 1964  000027c0  8fc2ffec	lw	r2,-20(r30)
 1965  000027c4  00200035	movi2fp	f0,r1
 1966  000027c8  00400835	movi2fp	f1,r2
 1967  000027cc  0401000e	mult	f0,f0,f1
 1968  000027d0  00000834	movfp2i	r1,f0
 1969  000027d4  afc1fff4	sw	-12(r30),r1
 1970  000027d8  8fc1fff4	lw	r1,-12(r30)
 1971  000027dc  08000004	j	L72_LF2
 1972  000027e0  54000000	nop; delay slot nop
 1973  000027e4          	L72_LF2:
 1974  000027e4  8fa20000	lw	r2,0(r29)
 1975  000027e8  8fdffff8	lw	r31,-8(r30)
 1976  000027ec  001ee820	add	r29,r0,r30
 1977  000027f0  8fdefffc	lw	r30,-4(r30)
 1978  000027f4  4be00000	jr	r31
 1979  000027f8  54000000	nop
 1980  000027fc          	.endproc _dstrtol
 1981  000027fc          	.align 2
 1982  000027fc          	.proc _bcopy
 1983  000027fc          	.global _bcopy
 1984  000027fc          	_bcopy:
 1985                      ;  Function 'bcopy'; 0 bytes of locals, 2 regs to save.
 1986  000027fc  afbefffc	sw	-4(r29),r30; push fp
 1987  00002800  001df020	add	r30,r0,r29; fp = sp
 1988  00002804  afbffff8	sw	-8(r29),r31; push ret addr
 1989  00002808  2fbd0010	subui	r29,r29,#16; alloc local storage
 1990  0000280c  afa20000	sw	0(r29),r2
 1991  00002810  afa30004	sw	4(r29),r3
 1992  00002814  54000000	nop
 1993  00002818          	L101_LF2:
 1994  00002818  8fc10008	lw	r1,8(r30)
 1995  0000281c  2022ffff	addi	r2,r1,#-1
 1996  00002820  afc20008	sw	8(r30),r2
 1997  00002824  6c210000	sgti	r1,r1,#0
 1998  00002828  1420000c	bnez	r1,L103_LF2
 1999  0000282c  54000000	nop; delay slot nop
 2000  00002830  0800002c	j	L102_LF2
 2001  00002834  54000000	nop; delay slot nop
 2002  00002838          	L103_LF2:
 2003  00002838  8fc10004	lw	r1,4(r30)
 2004  0000283c  20220001	addi	r2,r1,#1
 2005  00002840  afc20004	sw	4(r30),r2
 2006  00002844  8fc20000	lw	r2,(r30)
 2007  00002848  20430001	addi	r3,r2,#1
 2008  0000284c  afc30000	sw	(r30),r3
 2009  00002850  80420000	lb	r2,(r2)
 2010  00002854  a0220000	sb	(r1),r2
 2011  00002858  0bffffbc	j	L101_LF2
 2012  0000285c  54000000	nop; delay slot nop
 2013  00002860          	L102_LF2:
 2014  00002860          	L100_LF2:
 2015  00002860  8fa20000	lw	r2,0(r29)
 2016  00002864  8fa30004	lw	r3,4(r29)
 2017  00002868  8fdffff8	lw	r31,-8(r30)
 2018  0000286c  001ee820	add	r29,r0,r30
 2019  00002870  8fdefffc	lw	r30,-4(r30)
 2020  00002874  4be00000	jr	r31
 2021  00002878  54000000	nop
 2022  0000287c          	.endproc _bcopy
 2023  0000287c          	.align 2
 2024  0000287c          	.proc _bzero
 2025  0000287c          	.global _bzero
 2026  0000287c          	_bzero:
 2027                      ;  Function 'bzero'; 0 bytes of locals, 1 regs to save.
 2028  0000287c  afbefffc	sw	-4(r29),r30; push fp
 2029  00002880  001df020	add	r30,r0,r29; fp = sp
 2030  00002884  afbffff8	sw	-8(r29),r31; push ret addr
 2031  00002888  2fbd0010	subui	r29,r29,#16; alloc local storage
 2032  0000288c  afa20000	sw	0(r29),r2
 2033  00002890  54000000	nop
 2034  00002894          	L105_LF2:
 2035  00002894  8fc10004	lw	r1,4(r30)
 2036  00002898  2022ffff	addi	r2,r1,#-1
 2037  0000289c  afc20004	sw	4(r30),r2
 2038  000028a0  6c210000	sgti	r1,r1,#0
 2039  000028a4  1420000c	bnez	r1,L107_LF2
 2040  000028a8  54000000	nop; delay slot nop
 2041  000028ac  08000020	j	L106_LF2
 2042  000028b0  54000000	nop; delay slot nop
 2043  000028b4          	L107_LF2:
 2044  000028b4  8fc10000	lw	r1,(r30)
 2045  000028b8  20220001	addi	r2,r1,#1
 2046  000028bc  afc20000	sw	(r30),r2
 2047  000028c0  20020000	addi	r2,r0,(#0x0)&0xff
 2048  000028c4  a0220000	sb	(r1),r2
 2049  000028c8  0bffffc8	j	L105_LF2
 2050  000028cc  54000000	nop; delay slot nop
 2051  000028d0          	L106_LF2:
 2052  000028d0          	L104_LF2:
 2053  000028d0  8fa20000	lw	r2,0(r29)
 2054  000028d4  8fdffff8	lw	r31,-8(r30)
 2055  000028d8  001ee820	add	r29,r0,r30
 2056  000028dc  8fdefffc	lw	r30,-4(r30)
 2057  000028e0  4be00000	jr	r31
 2058  000028e4  54000000	nop
 2059  000028e8          	.endproc _bzero
 2060  000028e8          	.align 2
 2061  000028e8          	.proc _min
 2062  000028e8          	.global _min
 2063  000028e8          	_min:
 2064                      ;  Function 'min'; 0 bytes of locals, 2 regs to save.
 2065  000028e8  afbefffc	sw	-4(r29),r30; push fp
 2066  000028ec  001df020	add	r30,r0,r29; fp = sp
 2067  000028f0  afbffff8	sw	-8(r29),r31; push ret addr
 2068  000028f4  2fbd0010	subui	r29,r29,#16; alloc local storage
 2069  000028f8  afa20000	sw	0(r29),r2
 2070  000028fc  afa30004	sw	4(r29),r3
 2071  00002900  8fc10000	lw	r1,(r30)
 2072  00002904  8fc20004	lw	r2,4(r30)
 2073  00002908  0022182c	sle	r3,r1,r2
 2074  0000290c  14600008	bnez	r3,L109_LF2
 2075  00002910  54000000	nop; delay slot nop
 2076  00002914  8fc10004	lw	r1,4(r30)
 2077  00002918          	L109_LF2:
 2078  00002918  08000004	j	L108_LF2
 2079  0000291c  54000000	nop; delay slot nop
 2080  00002920          	L108_LF2:
 2081  00002920  8fa20000	lw	r2,0(r29)
 2082  00002924  8fa30004	lw	r3,4(r29)
 2083  00002928  8fdffff8	lw	r31,-8(r30)
 2084  0000292c  001ee820	add	r29,r0,r30
 2085  00002930  8fdefffc	lw	r30,-4(r30)
 2086  00002934  4be00000	jr	r31
 2087  00002938  54000000	nop
 2088  0000293c          	.endproc _min
 2089  0000293c          	.align 2
 2090  0000293c          	.proc _max
 2091  0000293c          	.global _max
 2092  0000293c          	_max:
 2093                      ;  Function 'max'; 0 bytes of locals, 2 regs to save.
 2094  0000293c  afbefffc	sw	-4(r29),r30; push fp
 2095  00002940  001df020	add	r30,r0,r29; fp = sp
 2096  00002944  afbffff8	sw	-8(r29),r31; push ret addr
 2097  00002948  2fbd0010	subui	r29,r29,#16; alloc local storage
 2098  0000294c  afa20000	sw	0(r29),r2
 2099  00002950  afa30004	sw	4(r29),r3
 2100  00002954  8fc10000	lw	r1,(r30)
 2101  00002958  8fc20004	lw	r2,4(r30)
 2102  0000295c  0022182d	sge	r3,r1,r2
 2103  00002960  14600008	bnez	r3,L111_LF2
 2104  00002964  54000000	nop; delay slot nop
 2105  00002968  8fc10004	lw	r1,4(r30)
 2106  0000296c          	L111_LF2:
 2107  0000296c  08000004	j	L110_LF2
 2108  00002970  54000000	nop; delay slot nop
 2109  00002974          	L110_LF2:
 2110  00002974  8fa20000	lw	r2,0(r29)
 2111  00002978  8fa30004	lw	r3,4(r29)
 2112  0000297c  8fdffff8	lw	r31,-8(r30)
 2113  00002980  001ee820	add	r29,r0,r30
 2114  00002984  8fdefffc	lw	r30,-4(r30)
 2115  00002988  4be00000	jr	r31
 2116  0000298c  54000000	nop
 2117  00002990          	.endproc _max
 2118                      ;;; Ethan L. Miller, 1999.  Released to the public domain
 2119                      ;;;
 2120                      ;;; Most of the traps are called in files from libtraps.
 2123  00002990          	.align 2
 2124  00002990          	.proc _exit
 2125  00002990          	.global _exit
 2126  00002990          	_exit:
 2127  00002990  44000300	trap	#0x300
 2128  00002994  4be00000	jr	r31
 2129  00002998  54000000	nop
 2130  0000299c          	.endproc _exit
 2132                      ; for the benefit of gcc.
 2133  0000299c          	.proc ___main
 2134  0000299c          	.global ___main
 2135  0000299c          	___main:
 2136  0000299c  4be00000	jr	r31
 2137  000029a0  54000000	nop
 2138  000029a4          	.endproc ___main
 2139  000029a4          	.text
 2140  000029a4          	.global _etext
 2141  000029a4          	_etext:
 2142  000029a4          	.align 3
 2143  000029a8          	.data
 2144  00003186          	.global _edata
 2145  00003186          	_edata:
