 line   address	contents
    1                      ; Linked by DLX-LD.
    2                      ; MemSize 24576
    3                      ; Data size: 234
    4                      ; Text size: 4604
    5                      ; Stack size: 8192
    6  00000000          	.text 0x1000
    7  00001000          	.data 0x3000
    8                      ; Compiled by GCC
    9  00003000          	.text
   10  00001000          	.align 2
   11  00001000          	.proc _isspace
   12  00001000          	.global _isspace
   13  00001000          	_isspace:
   14                      ;  Function 'isspace'; 0 bytes of locals, 1 regs to save.
   15  00001000  afbefffc	sw	-4(r29),r30; push fp
   16  00001004  001df020	add	r30,r0,r29; fp = sp
   17  00001008  afbffff8	sw	-8(r29),r31; push ret addr
   18  0000100c  2fbd0010	subui	r29,r29,#16; alloc local storage
   19  00001010  afa20000	sw	0(r29),r2
   20  00001014  83c20003	lb	r2,3(r30)
   21  00001018  201f0000	addi	r31,r0,#0
   22  0000101c  304100ff	andi	r1,r2,#0x00ff
   23  00001020  60210020	seqi	r1,r1,#32
   24  00001024  14200018	bnez	r1,L6_LF0
   25  00001028  54000000	nop; not filled.
   26  0000102c  2041fff7	addi	r1,r2,#-9
   27  00001030  302100ff	andi	r1,r1,#0x00ff
   28  00001034  70210001	sleui	r1,r1,#1
   29  00001038  10200008	beqz	r1,L5_LF0
   30  0000103c  54000000	nop; not filled.
   31  00001040          	L6_LF0:
   32  00001040  201f0001	addi	r31,r0,#1
   33  00001044          	L5_LF0:
   34  00001044  001f0820	add	r1,r0,r31
   35  00001048  8fa20000	lw	r2,0(r29)
   36  0000104c  8fdffff8	lw	r31,-8(r30)
   37  00001050  001ee820	add	r29,r0,r30
   38  00001054  8fdefffc	lw	r30,-4(r30)
   39  00001058  4be00000	jr	r31
   40  0000105c  54000000	nop
   41  00001060          	.endproc _isspace
   42  00001060          	.align 2
   43  00001060          	.proc _isxdigit
   44  00001060          	.global _isxdigit
   45  00001060          	_isxdigit:
   46                      ;  Function 'isxdigit'; 0 bytes of locals, 1 regs to save.
   47  00001060  afbefffc	sw	-4(r29),r30; push fp
   48  00001064  001df020	add	r30,r0,r29; fp = sp
   49  00001068  afbffff8	sw	-8(r29),r31; push ret addr
   50  0000106c  2fbd0010	subui	r29,r29,#16; alloc local storage
   51  00001070  afa20000	sw	0(r29),r2
   52  00001074  83df0003	lb	r31,3(r30)
   53  00001078  20020000	addi	r2,r0,#0
   54  0000107c  23e1ffd0	addi	r1,r31,#-48
   55  00001080  302100ff	andi	r1,r1,#0x00ff
   56  00001084  70210009	sleui	r1,r1,#9
   57  00001088  14200028	bnez	r1,L12_LF0
   58  0000108c  54000000	nop; not filled.
   59  00001090  23e1ff9f	addi	r1,r31,#-97
   60  00001094  302100ff	andi	r1,r1,#0x00ff
   61  00001098  70210005	sleui	r1,r1,#5
   62  0000109c  14200014	bnez	r1,L12_LF0
   63  000010a0  54000000	nop; not filled.
   64  000010a4  33e100ff	andi	r1,r31,#0x00ff
   65  000010a8  64210041	snei	r1,r1,#65
   66  000010ac  14200008	bnez	r1,L11_LF0
   67  000010b0  54000000	nop; not filled.
   68  000010b4          	L12_LF0:
   69  000010b4  20020001	addi	r2,r0,#1
   70  000010b8          	L11_LF0:
   71  000010b8  00020820	add	r1,r0,r2
   72  000010bc  8fa20000	lw	r2,0(r29)
   73  000010c0  8fdffff8	lw	r31,-8(r30)
   74  000010c4  001ee820	add	r29,r0,r30
   75  000010c8  8fdefffc	lw	r30,-4(r30)
   76  000010cc  4be00000	jr	r31
   77  000010d0  54000000	nop
   78  000010d4          	.endproc _isxdigit
   79  000010d4          	.data
   80  00003000          	.align 2
   81  00003000          	LC0_LF0:
   82  00003000  53746172	.ascii "Starting H2O Injection\n\000"
   82  00003004  74696e67	
   82  00003008  2048324f	
   82  0000300c  20496e6a	
   82  00003010  65637469	
   82  00003014  6f6e0a00	
   83  00003018          	.align 2
   84  00003018          	LC1_LF0:
   85  00003018  55736167	.ascii "Usage: \000"
   85  0000301c  653a2000	
   86  00003020          	.align 2
   87  00003020          	LC2_LF0:
   88  00003020  203c6861	.ascii " <handle_to_proc_semaphore> <handle_to_H2O_mailbox>\n\000"
   88  00003024  6e646c65	
   88  00003028  5f746f5f	
   88  0000302c  70726f63	
   88  00003030  5f73656d	
   88  00003034  6170686f	
   88  00003038  72653e20	
   88  0000303c  3c68616e	
   88  00003040  646c655f	
   88  00003044  746f5f48	
   88  00003048  324f5f6d	
   88  0000304c  61696c62	
   88  00003050  6f783e0a	
   88  00003054  00      	
   89  00003055          	.align 2
   90  00003058          	LC3_LF0:
   91  00003058  42616420	.ascii "Bad mailbox open mb_h2o\n\000"
   91  0000305c  6d61696c	
   91  00003060  626f7820	
   91  00003064  6f70656e	
   91  00003068  206d625f	
   91  0000306c  68326f0a	
   91  00003070  00      	
   92  00003071          	.align 2
   93  00003074          	LC4_LF0:
   94  00003074  48324f00	.ascii "H2O\000"
   95  00003078          	.align 2
   96  00003078          	LC5_LF0:
   97  00003078  53656e74	.ascii "Sent H2O to mb_h2o\n\000"
   97  0000307c  2048324f	
   97  00003080  20746f20	
   97  00003084  6d625f68	
   97  00003088  326f0a00	
   98  0000308c          	.align 2
   99  0000308c          	LC6_LF0:
  100  0000308c  496e6a65	.ascii "Inject H2O: PID %d is complete.\n\000"
  100  00003090  63742048	
  100  00003094  324f3a20	
  100  00003098  50494420	
  100  0000309c  25642069	
  100  000030a0  7320636f	
  100  000030a4  6d706c65	
  100  000030a8  74652e0a	
  100  000030ac  00      	
  101  000030ad          	.align 2
  102  000030b0          	LC7_LF0:
  103  000030b0  42616420	.ascii "Bad semaphore s_procs_completed (%d) in \000"
  103  000030b4  73656d61	
  103  000030b8  70686f72	
  103  000030bc  6520735f	
  103  000030c0  70726f63	
  103  000030c4  735f636f	
  103  000030c8  6d706c65	
  103  000030cc  74656420	
  103  000030d0  28256429	
  103  000030d4  20696e20	
  103  000030d8  00      	
  104  000030d9          	.align 2
  105  000030dc          	LC8_LF0:
  106  000030dc  2c206578	.ascii ", exiting...\n\000"
  106  000030e0  6974696e	
  106  000030e4  672e2e2e	
  106  000030e8  0a00    	
  107  000030ea          	.text
  108  000010d4          	.align 2
  109  000010d4          	.proc _main
  110  000010d4          	.global _main
  111  000010d4          	_main:
  112                      ;  Function 'main'; 0 bytes of locals, 0 regs to save.
  113  000010d4  afbefffc	sw	-4(r29),r30; push fp
  114  000010d8  001df020	add	r30,r0,r29; fp = sp
  115  000010dc  afbffff8	sw	-8(r29),r31; push ret addr
  116  000010e0  2fbd0008	subui	r29,r29,#8; alloc local storage
  117  000010e4  8fc20000	lw	r2,(r30)
  118  000010e8  8fc30004	lw	r3,4(r30)
  119  000010ec  0c001104	jal	___main
  120  000010f0  54000000	nop; not filled.
  121  000010f4  23bdfff8	addi	r29,r29,#-8
  122  000010f8  3c050000	lhi	r5,((LC0_LF0)>>16)&0xffff
  123  000010fc  24a53000	addui	r5,r5,(LC0_LF0)&0xffff
  124  00001100  afa50000	sw	(r29),r5
  125  00001104  0c00023c	jal	_Printf
  126  00001108  54000000	nop; not filled.
  127  0000110c  23bd0008	addi	r29,r29,#8
  128  00001110  64410003	snei	r1,r2,#3
  129  00001114  1020004c	beqz	r1,L14_LF0
  130  00001118  54000000	nop; not filled.
  131  0000111c  23bdfff8	addi	r29,r29,#-8
  132  00001120  3c050000	lhi	r5,((LC1_LF0)>>16)&0xffff
  133  00001124  24a53018	addui	r5,r5,(LC1_LF0)&0xffff
  134  00001128  afa50000	sw	(r29),r5
  135  0000112c  0c000214	jal	_Printf
  136  00001130  54000000	nop; not filled.
  137  00001134  8c650000	lw	r5,(r3)
  138  00001138  afa50000	sw	(r29),r5
  139  0000113c  0c000204	jal	_Printf
  140  00001140  54000000	nop; not filled.
  141  00001144  3c050000	lhi	r5,((LC2_LF0)>>16)&0xffff
  142  00001148  24a53020	addui	r5,r5,(LC2_LF0)&0xffff
  143  0000114c  afa50000	sw	(r29),r5
  144  00001150  0c0001f0	jal	_Printf
  145  00001154  54000000	nop; not filled.
  146  00001158  0c0002f0	jal	_Exit
  147  0000115c  54000000	nop; not filled.
  148  00001160  23bd0008	addi	r29,r29,#8
  149  00001164          	L14_LF0:
  150  00001164  23bdfff0	addi	r29,r29,#-16
  151  00001168  8c650004	lw	r5,4(r3)
  152  0000116c  afa50000	sw	(r29),r5
  153  00001170  20050000	addi	r5,r0,#0
  154  00001174  afa50004	sw	4(r29),r5
  155  00001178  2005000a	addi	r5,r0,#10
  156  0000117c  afa50008	sw	8(r29),r5
  157  00001180  0c000b74	jal	_dstrtol
  158  00001184  54000000	nop; not filled.
  159  00001188  00012020	add	r4,r0,r1
  160  0000118c  8c650008	lw	r5,8(r3)
  161  00001190  afa50000	sw	(r29),r5
  162  00001194  20050000	addi	r5,r0,#0
  163  00001198  afa50004	sw	4(r29),r5
  164  0000119c  2005000a	addi	r5,r0,#10
  165  000011a0  afa50008	sw	8(r29),r5
  166  000011a4  0c000b50	jal	_dstrtol
  167  000011a8  54000000	nop; not filled.
  168  000011ac  00011020	add	r2,r0,r1
  169  000011b0  afa20000	sw	(r29),r2
  170  000011b4  0c00024c	jal	_mbox_open
  171  000011b8  54000000	nop; not filled.
  172  000011bc  23bd0010	addi	r29,r29,#16
  173  000011c0  64210000	snei	r1,r1,#0
  174  000011c4  14200028	bnez	r1,L15_LF0
  175  000011c8  54000000	nop; not filled.
  176  000011cc  23bdfff8	addi	r29,r29,#-8
  177  000011d0  3c050000	lhi	r5,((LC3_LF0)>>16)&0xffff
  178  000011d4  24a53058	addui	r5,r5,(LC3_LF0)&0xffff
  179  000011d8  afa50000	sw	(r29),r5
  180  000011dc  0c000164	jal	_Printf
  181  000011e0  54000000	nop; not filled.
  182  000011e4  0c000264	jal	_Exit
  183  000011e8  54000000	nop; not filled.
  184  000011ec  23bd0008	addi	r29,r29,#8
  185  000011f0          	L15_LF0:
  186  000011f0  23bdfff0	addi	r29,r29,#-16
  187  000011f4  afa20000	sw	(r29),r2
  188  000011f8  20050003	addi	r5,r0,#3
  189  000011fc  afa50004	sw	4(r29),r5
  190  00001200  3c050000	lhi	r5,((LC4_LF0)>>16)&0xffff
  191  00001204  24a53074	addui	r5,r5,(LC4_LF0)&0xffff
  192  00001208  afa50008	sw	8(r29),r5
  193  0000120c  0c00020c	jal	_mbox_send
  194  00001210  54000000	nop; not filled.
  195  00001214  3c050000	lhi	r5,((LC5_LF0)>>16)&0xffff
  196  00001218  24a53078	addui	r5,r5,(LC5_LF0)&0xffff
  197  0000121c  afa50000	sw	(r29),r5
  198  00001220  0c000120	jal	_Printf
  199  00001224  54000000	nop; not filled.
  200  00001228  afa20000	sw	(r29),r2
  201  0000122c  0c0001e0	jal	_mbox_close
  202  00001230  54000000	nop; not filled.
  203  00001234  23bd0010	addi	r29,r29,#16
  204  00001238  64210000	snei	r1,r1,#0
  205  0000123c  14200028	bnez	r1,L16_LF0
  206  00001240  54000000	nop; not filled.
  207  00001244  23bdfff8	addi	r29,r29,#-8
  208  00001248  3c050000	lhi	r5,((LC3_LF0)>>16)&0xffff
  209  0000124c  24a53058	addui	r5,r5,(LC3_LF0)&0xffff
  210  00001250  afa50000	sw	(r29),r5
  211  00001254  0c0000ec	jal	_Printf
  212  00001258  54000000	nop; not filled.
  213  0000125c  0c0001ec	jal	_Exit
  214  00001260  54000000	nop; not filled.
  215  00001264  23bd0008	addi	r29,r29,#8
  216  00001268          	L16_LF0:
  217  00001268  0c0000e4	jal	_getpid
  218  0000126c  54000000	nop; not filled.
  219  00001270  23bdfff8	addi	r29,r29,#-8
  220  00001274  3c050000	lhi	r5,((LC6_LF0)>>16)&0xffff
  221  00001278  24a5308c	addui	r5,r5,(LC6_LF0)&0xffff
  222  0000127c  afa50000	sw	(r29),r5
  223  00001280  afa10004	sw	4(r29),r1
  224  00001284  0c0000bc	jal	_Printf
  225  00001288  54000000	nop; not filled.
  226  0000128c  afa40000	sw	(r29),r4
  227  00001290  0c000104	jal	_sem_signal
  228  00001294  54000000	nop; not filled.
  229  00001298  23bd0008	addi	r29,r29,#8
  230  0000129c  64210001	snei	r1,r1,#1
  231  000012a0  10200050	beqz	r1,L17_LF0
  232  000012a4  54000000	nop; not filled.
  233  000012a8  23bdfff8	addi	r29,r29,#-8
  234  000012ac  3c050000	lhi	r5,((LC7_LF0)>>16)&0xffff
  235  000012b0  24a530b0	addui	r5,r5,(LC7_LF0)&0xffff
  236  000012b4  afa50000	sw	(r29),r5
  237  000012b8  afa40004	sw	4(r29),r4
  238  000012bc  0c000084	jal	_Printf
  239  000012c0  54000000	nop; not filled.
  240  000012c4  8c630000	lw	r3,(r3)
  241  000012c8  afa30000	sw	(r29),r3
  242  000012cc  0c000074	jal	_Printf
  243  000012d0  54000000	nop; not filled.
  244  000012d4  3c050000	lhi	r5,((LC8_LF0)>>16)&0xffff
  245  000012d8  24a530dc	addui	r5,r5,(LC8_LF0)&0xffff
  246  000012dc  afa50000	sw	(r29),r5
  247  000012e0  0c000060	jal	_Printf
  248  000012e4  54000000	nop; not filled.
  249  000012e8  0c000160	jal	_Exit
  250  000012ec  54000000	nop; not filled.
  251  000012f0  23bd0008	addi	r29,r29,#8
  252  000012f4          	L17_LF0:
  253  000012f4  0c000ef0	jal	_exit
  254  000012f8  54000000	nop
  255  000012fc          	.endproc _main
  256                      ;;;
  257                      ;;; Stub functions for DLX traps.
  258                      ;;;
  259                      ;;; Ethan L. Miller, 1999.  Released to the public domain.
  260                      ;;;
  261                      ;;; The traps such as Open and Close
  262                      ;;; (note the capital letters) are for use by user programs.  The traps
  263                      ;;; with names such as open and close (lower case) are for use by the OS.
  264                      ;;;
  267  000012fc          	.align 2
  269                      ;;; The following are the traps to be used by user-level programs
  270                      ;;;
  272  000012fc          	.align 2
  273  000012fc          	.proc _Open
  274  000012fc          	.global _Open
  275  000012fc          	_Open:
  276                      ;;; Note that trap #0x213 actually causes a trap vector in the OS of
  277                      ;;; 0x1213.  The same is true for other user traps.  Thus, a user trap
  278                      ;;; with trap #0x240 will result in a trap vector of 0x1240 in the OS.
  279  000012fc  44000213	trap	#0x213
  280  00001300  4be00000	jr	r31
  281  00001304  54000000	nop
  282  00001308          	.endproc _Open
  284  00001308          	.proc _Close
  285  00001308          	.global _Close
  286  00001308          	_Close:
  287  00001308  44000214	trap	#0x214
  288  0000130c  4be00000	jr	r31
  289  00001310  54000000	nop
  290  00001314          	.endproc _Close
  292  00001314          	.proc _Read
  293  00001314          	.global _Read
  294  00001314          	_Read:
  295  00001314  44000210	trap	#0x210
  296  00001318  4be00000	jr	r31
  297  0000131c  54000000	nop
  298  00001320          	.endproc _Read
  300  00001320          	.proc _Write
  301  00001320          	.global _Write
  302  00001320          	_Write:
  303  00001320  44000211	trap	#0x211
  304  00001324  4be00000	jr	r31
  305  00001328  54000000	nop
  306  0000132c          	.endproc _Write
  308  0000132c          	.proc _Lseek
  309  0000132c          	.global _Lseek
  310  0000132c          	_Lseek:
  311  0000132c  44000212	trap	#0x212
  312  00001330  4be00000	jr	r31
  313  00001334  54000000	nop
  314  00001338          	.endproc _Lseek
  316  00001338          	.proc _Putchar
  317  00001338          	.global _Putchar
  318  00001338          	_Putchar:
  319  00001338  44000280	trap	#0x280
  320  0000133c  4be00000	jr	r31
  321  00001340  54000000	nop
  322  00001344          	.endproc _Putchar
  324  00001344          	.proc _Printf
  325  00001344          	.global _Printf
  326  00001344          	_Printf:
  327  00001344  44000201	trap	#0x201
  328  00001348  4be00000	jr	r31
  329  0000134c  54000000	nop
  330  00001350          	.endproc _Printf
  332  00001350          	.proc _getpid
  333  00001350          	.global _getpid
  334  00001350          	_getpid:
  335  00001350  44000431	trap	#0x431
  336  00001354  4be00000	jr	r31
  337  00001358  54000000	nop
  338  0000135c          	.endproc _getpid
  340  0000135c          	.proc _process_create
  341  0000135c          	.global _process_create
  342  0000135c          	_process_create:
  343  0000135c  44000432	trap	#0x432
  344  00001360  4be00000	jr	r31
  345  00001364  54000000	nop
  346  00001368          	.endproc _process_create
  348  00001368          	.proc _shmget
  349  00001368          	.global _shmget
  350  00001368          	_shmget:
  351  00001368  44000440	trap	#0x440
  352  0000136c  4be00000	jr	r31
  353  00001370  54000000	nop
  354  00001374          	.endproc _shmget
  356  00001374          	.proc _shmat
  357  00001374          	.global _shmat
  358  00001374          	_shmat:
  359  00001374  44000441	trap	#0x441
  360  00001378  4be00000	jr	r31
  361  0000137c  54000000	nop
  362  00001380          	.endproc _shmat
  364  00001380          	.proc _sem_create
  365  00001380          	.global _sem_create
  366  00001380          	_sem_create:
  367  00001380  44000450	trap	#0x450
  368  00001384  4be00000	jr	r31
  369  00001388  54000000	nop
  370  0000138c          	.endproc _sem_create
  372  0000138c          	.proc _sem_wait
  373  0000138c          	.global _sem_wait
  374  0000138c          	_sem_wait:
  375  0000138c  44000451	trap	#0x451
  376  00001390  4be00000	jr	r31
  377  00001394  54000000	nop
  378  00001398          	.endproc _sem_wait
  380  00001398          	.proc _sem_signal
  381  00001398          	.global _sem_signal
  382  00001398          	_sem_signal:
  383  00001398  44000452	trap	#0x452
  384  0000139c  4be00000	jr	r31
  385  000013a0  54000000	nop
  386  000013a4          	.endproc _sem_signal
  388  000013a4          	.proc _lock_create
  389  000013a4          	.global _lock_create
  390  000013a4          	_lock_create:
  391  000013a4  44000453	trap	#0x453
  392  000013a8  4be00000	jr	r31
  393  000013ac  54000000	nop
  394  000013b0          	.endproc _lock_create
  396  000013b0          	.proc _lock_acquire
  397  000013b0          	.global _lock_acquire
  398  000013b0          	_lock_acquire:
  399  000013b0  44000454	trap	#0x454
  400  000013b4  4be00000	jr	r31
  401  000013b8  54000000	nop
  402  000013bc          	.endproc _lock_acquire
  404  000013bc          	.proc _lock_release
  405  000013bc          	.global _lock_release
  406  000013bc          	_lock_release:
  407  000013bc  44000455	trap	#0x455
  408  000013c0  4be00000	jr	r31
  409  000013c4  54000000	nop
  410  000013c8          	.endproc _lock_release
  412  000013c8          	.proc _cond_create
  413  000013c8          	.global _cond_create
  414  000013c8          	_cond_create:
  415  000013c8  44000456	trap	#0x456
  416  000013cc  4be00000	jr	r31
  417  000013d0  54000000	nop
  418  000013d4          	.endproc _cond_create
  420  000013d4          	.proc _cond_wait
  421  000013d4          	.global _cond_wait
  422  000013d4          	_cond_wait:
  423  000013d4  44000457	trap	#0x457
  424  000013d8  4be00000	jr	r31
  425  000013dc  54000000	nop
  426  000013e0          	.endproc _cond_wait
  428  000013e0          	.proc _cond_signal
  429  000013e0          	.global _cond_signal
  430  000013e0          	_cond_signal:
  431  000013e0  44000458	trap	#0x458
  432  000013e4  4be00000	jr	r31
  433  000013e8  54000000	nop
  434  000013ec          	.endproc _cond_signal
  436  000013ec          	.proc _cond_broadcast
  437  000013ec          	.global _cond_broadcast
  438  000013ec          	_cond_broadcast:
  439  000013ec  44000459	trap	#0x459
  440  000013f0  4be00000	jr	r31
  441  000013f4  54000000	nop
  442  000013f8          	.endproc _cond_broadcast
  444  000013f8          	.proc _mbox_create
  445  000013f8          	.global _mbox_create
  446  000013f8          	_mbox_create:
  447  000013f8  44000460	trap	#0x460
  448  000013fc  4be00000	jr	r31
  449  00001400  54000000	nop
  450  00001404          	.endproc _mbox_create
  452  00001404          	.proc _mbox_open
  453  00001404          	.global _mbox_open
  454  00001404          	_mbox_open:
  455  00001404  44000461	trap	#0x461
  456  00001408  4be00000	jr	r31
  457  0000140c  54000000	nop
  458  00001410          	.endproc _mbox_open
  460  00001410          	.proc _mbox_close
  461  00001410          	.global _mbox_close
  462  00001410          	_mbox_close:
  463  00001410  44000462	trap	#0x462
  464  00001414  4be00000	jr	r31
  465  00001418  54000000	nop
  466  0000141c          	.endproc _mbox_close
  468  0000141c          	.proc _mbox_send
  469  0000141c          	.global _mbox_send
  470  0000141c          	_mbox_send:
  471  0000141c  44000463	trap	#0x463
  472  00001420  4be00000	jr	r31
  473  00001424  54000000	nop
  474  00001428          	.endproc _mbox_send
  476  00001428          	.proc _mbox_recv
  477  00001428          	.global _mbox_recv
  478  00001428          	_mbox_recv:
  479  00001428  44000464	trap	#0x464
  480  0000142c  4be00000	jr	r31
  481  00001430  54000000	nop
  482  00001434          	.endproc _mbox_recv
  484  00001434          	.proc _sleep
  485  00001434          	.global _sleep
  486  00001434          	_sleep:
  487  00001434  44000465	trap	#0x465
  488  00001438  4be00000	jr	r31
  489  0000143c  54000000	nop
  490  00001440          	.endproc _sleep
  492  00001440          	.proc _yield
  493  00001440          	.global _yield
  494  00001440          	_yield:
  495  00001440  44000466	trap	#0x466
  496  00001444  4be00000	jr	r31
  497  00001448  54000000	nop
  498  0000144c          	.endproc _yield
  501  0000144c          	.proc _Exit
  502  0000144c          	.global _Exit
  503  0000144c          	_Exit:
  504  0000144c  44000500	trap	#0x500
  505  00001450  4be00000	jr	r31
  506  00001454  54000000	nop
  507  00001458          	.endproc _Exit
  508                      ; Compiled by GCC
  510  00001458          	.align 2
  511  00001458          	.proc _isspace
  512  00001458          	.global _isspace
  513  00001458          	_isspace:
  514                      ;  Function 'isspace'; 0 bytes of locals, 3 regs to save.
  515  00001458  afbefffc	sw	-4(r29),r30; push fp
  516  0000145c  001df020	add	r30,r0,r29; fp = sp
  517  00001460  afbffff8	sw	-8(r29),r31; push ret addr
  518  00001464  2fbd0018	subui	r29,r29,#24; alloc local storage
  519  00001468  afa20000	sw	0(r29),r2
  520  0000146c  afa30004	sw	4(r29),r3
  521  00001470  afa40008	sw	8(r29),r4
  522  00001474  83c20003	lb	r2,3(r30)
  523  00001478  20010000	addi	r1,r0,#0
  524  0000147c  304300ff	andi	r3,r2,#0x00ff
  525  00001480  60640020	seqi	r4,r3,#32
  526  00001484  1480002c	bnez	r4,L3_LF2
  527  00001488  54000000	nop; delay slot nop
  528  0000148c  304300ff	andi	r3,r2,#0x00ff
  529  00001490  60640009	seqi	r4,r3,#9
  530  00001494  1480001c	bnez	r4,L3_LF2
  531  00001498  54000000	nop; delay slot nop
  532  0000149c  304300ff	andi	r3,r2,#0x00ff
  533  000014a0  6064000a	seqi	r4,r3,#10
  534  000014a4  1480000c	bnez	r4,L3_LF2
  535  000014a8  54000000	nop; delay slot nop
  536  000014ac  08000008	j	L2_LF2
  537  000014b0  54000000	nop; delay slot nop
  538  000014b4          	L3_LF2:
  539  000014b4  20010001	addi	r1,r0,#1
  540  000014b8          	L2_LF2:
  541  000014b8  08000004	j	L1_LF2
  542  000014bc  54000000	nop; delay slot nop
  543  000014c0          	L1_LF2:
  544  000014c0  8fa20000	lw	r2,0(r29)
  545  000014c4  8fa30004	lw	r3,4(r29)
  546  000014c8  8fa40008	lw	r4,8(r29)
  547  000014cc  8fdffff8	lw	r31,-8(r30)
  548  000014d0  001ee820	add	r29,r0,r30
  549  000014d4  8fdefffc	lw	r30,-4(r30)
  550  000014d8  4be00000	jr	r31
  551  000014dc  54000000	nop
  552  000014e0          	.endproc _isspace
  553  000014e0          	.align 2
  554  000014e0          	.proc _isxdigit
  555  000014e0          	.global _isxdigit
  556  000014e0          	_isxdigit:
  557                      ;  Function 'isxdigit'; 0 bytes of locals, 3 regs to save.
  558  000014e0  afbefffc	sw	-4(r29),r30; push fp
  559  000014e4  001df020	add	r30,r0,r29; fp = sp
  560  000014e8  afbffff8	sw	-8(r29),r31; push ret addr
  561  000014ec  2fbd0018	subui	r29,r29,#24; alloc local storage
  562  000014f0  afa20000	sw	0(r29),r2
  563  000014f4  afa30004	sw	4(r29),r3
  564  000014f8  afa40008	sw	8(r29),r4
  565  000014fc  83c20003	lb	r2,3(r30)
  566  00001500  20010000	addi	r1,r0,#0
  567  00001504  304300ff	andi	r3,r2,#0x00ff
  568  00001508  6c64002f	sgtui	r4,r3,#47
  569  0000150c  1080001c	beqz	r4,L7_LF2
  570  00001510  54000000	nop; delay slot nop
  571  00001514  304300ff	andi	r3,r2,#0x00ff
  572  00001518  70640039	sleui	r4,r3,#57
  573  0000151c  1480005c	bnez	r4,L6_LF2
  574  00001520  54000000	nop; delay slot nop
  575  00001524  08000004	j	L7_LF2
  576  00001528  54000000	nop; delay slot nop
  577  0000152c          	L7_LF2:
  578  0000152c  304300ff	andi	r3,r2,#0x00ff
  579  00001530  6c640060	sgtui	r4,r3,#96
  580  00001534  1080001c	beqz	r4,L8_LF2
  581  00001538  54000000	nop; delay slot nop
  582  0000153c  304300ff	andi	r3,r2,#0x00ff
  583  00001540  70640066	sleui	r4,r3,#102
  584  00001544  14800034	bnez	r4,L6_LF2
  585  00001548  54000000	nop; delay slot nop
  586  0000154c  08000004	j	L8_LF2
  587  00001550  54000000	nop; delay slot nop
  588  00001554          	L8_LF2:
  589  00001554  304300ff	andi	r3,r2,#0x00ff
  590  00001558  6c640040	sgtui	r4,r3,#64
  591  0000155c  10800020	beqz	r4,L5_LF2
  592  00001560  54000000	nop; delay slot nop
  593  00001564  304300ff	andi	r3,r2,#0x00ff
  594  00001568  70640041	sleui	r4,r3,#65
  595  0000156c  1480000c	bnez	r4,L6_LF2
  596  00001570  54000000	nop; delay slot nop
  597  00001574  08000008	j	L5_LF2
  598  00001578  54000000	nop; delay slot nop
  599  0000157c          	L6_LF2:
  600  0000157c  20010001	addi	r1,r0,#1
  601  00001580          	L5_LF2:
  602  00001580  08000004	j	L4_LF2
  603  00001584  54000000	nop; delay slot nop
  604  00001588          	L4_LF2:
  605  00001588  8fa20000	lw	r2,0(r29)
  606  0000158c  8fa30004	lw	r3,4(r29)
  607  00001590  8fa40008	lw	r4,8(r29)
  608  00001594  8fdffff8	lw	r31,-8(r30)
  609  00001598  001ee820	add	r29,r0,r30
  610  0000159c  8fdefffc	lw	r30,-4(r30)
  611  000015a0  4be00000	jr	r31
  612  000015a4  54000000	nop
  613  000015a8          	.endproc _isxdigit
  614  000015a8          	.align 2
  615  000015a8          	.proc _dstrcpy
  616  000015a8          	.global _dstrcpy
  617  000015a8          	_dstrcpy:
  618                      ;  Function 'dstrcpy'; 8 bytes of locals, 2 regs to save.
  619  000015a8  afbefffc	sw	-4(r29),r30; push fp
  620  000015ac  001df020	add	r30,r0,r29; fp = sp
  621  000015b0  afbffff8	sw	-8(r29),r31; push ret addr
  622  000015b4  2fbd0018	subui	r29,r29,#24; alloc local storage
  623  000015b8  afa20000	sw	0(r29),r2
  624  000015bc  afa30004	sw	4(r29),r3
  625  000015c0  8fc10000	lw	r1,(r30)
  626  000015c4  afc1fff4	sw	-12(r30),r1
  627  000015c8          	L10_LF2:
  628  000015c8  8fc10000	lw	r1,(r30)
  629  000015cc  20220001	addi	r2,r1,#1
  630  000015d0  afc20000	sw	(r30),r2
  631  000015d4  8fc20004	lw	r2,4(r30)
  632  000015d8  20430001	addi	r3,r2,#1
  633  000015dc  afc30004	sw	4(r30),r3
  634  000015e0  80420000	lb	r2,(r2)
  635  000015e4  a0220000	sb	(r1),r2
  636  000015e8  a3c2fff3	sb	-13(r30),r2
  637  000015ec          	L12_LF2:
  638  000015ec  93c1fff3	lbu	r1,-13(r30)
  639  000015f0  64220000	snei	r2,r1,#0
  640  000015f4  1440000c	bnez	r2,L13_LF2
  641  000015f8  54000000	nop; delay slot nop
  642  000015fc  0800000c	j	L11_LF2
  643  00001600  54000000	nop; delay slot nop
  644  00001604          	L13_LF2:
  645  00001604  0bffffc0	j	L10_LF2
  646  00001608  54000000	nop; delay slot nop
  647  0000160c          	L11_LF2:
  648  0000160c  8fc1fff4	lw	r1,-12(r30)
  649  00001610  08000004	j	L9_LF2
  650  00001614  54000000	nop; delay slot nop
  651  00001618          	L9_LF2:
  652  00001618  8fa20000	lw	r2,0(r29)
  653  0000161c  8fa30004	lw	r3,4(r29)
  654  00001620  8fdffff8	lw	r31,-8(r30)
  655  00001624  001ee820	add	r29,r0,r30
  656  00001628  8fdefffc	lw	r30,-4(r30)
  657  0000162c  4be00000	jr	r31
  658  00001630  54000000	nop
  659  00001634          	.endproc _dstrcpy
  660  00001634          	.align 2
  661  00001634          	.proc _dstrncpy
  662  00001634          	.global _dstrncpy
  663  00001634          	_dstrncpy:
  664                      ;  Function 'dstrncpy'; 8 bytes of locals, 2 regs to save.
  665  00001634  afbefffc	sw	-4(r29),r30; push fp
  666  00001638  001df020	add	r30,r0,r29; fp = sp
  667  0000163c  afbffff8	sw	-8(r29),r31; push ret addr
  668  00001640  2fbd0018	subui	r29,r29,#24; alloc local storage
  669  00001644  afa20000	sw	0(r29),r2
  670  00001648  afa30004	sw	4(r29),r3
  671  0000164c  8fc10000	lw	r1,(r30)
  672  00001650  afc1fff4	sw	-12(r30),r1
  673  00001654          	L15_LF2:
  674  00001654  8fc10008	lw	r1,8(r30)
  675  00001658  2022ffff	addi	r2,r1,#-1
  676  0000165c  afc20008	sw	8(r30),r2
  677  00001660  70210000	slei	r1,r1,#0
  678  00001664  1020000c	beqz	r1,L18_LF2
  679  00001668  54000000	nop; delay slot nop
  680  0000166c  08000048	j	L16_LF2
  681  00001670  54000000	nop; delay slot nop
  682  00001674          	L18_LF2:
  683  00001674  8fc10000	lw	r1,(r30)
  684  00001678  20220001	addi	r2,r1,#1
  685  0000167c  afc20000	sw	(r30),r2
  686  00001680  8fc20004	lw	r2,4(r30)
  687  00001684  20430001	addi	r3,r2,#1
  688  00001688  afc30004	sw	4(r30),r3
  689  0000168c  80420000	lb	r2,(r2)
  690  00001690  a0220000	sb	(r1),r2
  691  00001694  a3c2fff3	sb	-13(r30),r2
  692  00001698          	L17_LF2:
  693  00001698  93c1fff3	lbu	r1,-13(r30)
  694  0000169c  64220000	snei	r2,r1,#0
  695  000016a0  1440000c	bnez	r2,L19_LF2
  696  000016a4  54000000	nop; delay slot nop
  697  000016a8  0800000c	j	L16_LF2
  698  000016ac  54000000	nop; delay slot nop
  699  000016b0          	L19_LF2:
  700  000016b0  0bffffa0	j	L15_LF2
  701  000016b4  54000000	nop; delay slot nop
  702  000016b8          	L16_LF2:
  703  000016b8  8fc1fff4	lw	r1,-12(r30)
  704  000016bc  08000004	j	L14_LF2
  705  000016c0  54000000	nop; delay slot nop
  706  000016c4          	L14_LF2:
  707  000016c4  8fa20000	lw	r2,0(r29)
  708  000016c8  8fa30004	lw	r3,4(r29)
  709  000016cc  8fdffff8	lw	r31,-8(r30)
  710  000016d0  001ee820	add	r29,r0,r30
  711  000016d4  8fdefffc	lw	r30,-4(r30)
  712  000016d8  4be00000	jr	r31
  713  000016dc  54000000	nop
  714  000016e0          	.endproc _dstrncpy
  715  000016e0          	.align 2
  716  000016e0          	.proc _dstrcat
  717  000016e0          	.global _dstrcat
  718  000016e0          	_dstrcat:
  719                      ;  Function 'dstrcat'; 8 bytes of locals, 1 regs to save.
  720  000016e0  afbefffc	sw	-4(r29),r30; push fp
  721  000016e4  001df020	add	r30,r0,r29; fp = sp
  722  000016e8  afbffff8	sw	-8(r29),r31; push ret addr
  723  000016ec  2fbd0018	subui	r29,r29,#24; alloc local storage
  724  000016f0  afa20000	sw	0(r29),r2
  725  000016f4  8fc10000	lw	r1,(r30)
  726  000016f8  afc1fff4	sw	-12(r30),r1
  727  000016fc          	L21_LF2:
  728  000016fc  8fc10000	lw	r1,(r30)
  729  00001700  90220000	lbu	r2,(r1)
  730  00001704  64410000	snei	r1,r2,#0
  731  00001708  1420000c	bnez	r1,L23_LF2
  732  0000170c  54000000	nop; delay slot nop
  733  00001710  0800001c	j	L22_LF2
  734  00001714  54000000	nop; delay slot nop
  735  00001718          	L23_LF2:
  736  00001718  8fc20000	lw	r2,(r30)
  737  0000171c  20410001	addi	r1,r2,#1
  738  00001720  00011020	add	r2,r0,r1
  739  00001724  afc20000	sw	(r30),r2
  740  00001728  0bffffd0	j	L21_LF2
  741  0000172c  54000000	nop; delay slot nop
  742  00001730          	L22_LF2:
  743  00001730  23bdfff8	addi	r29,r29,#-8
  744  00001734  001d0820	add	r1,r0,r29
  745  00001738  8fc20000	lw	r2,(r30)
  746  0000173c  ac220000	sw	(r1),r2
  747  00001740  8fc20004	lw	r2,4(r30)
  748  00001744  ac220004	sw	4(r1),r2
  749  00001748  0ffffe5c	jal	_dstrcpy
  750  0000174c  54000000	nop; delay slot nop
  751  00001750  23bd0008	addi	r29,r29,#8
  752  00001754  8fc1fff4	lw	r1,-12(r30)
  753  00001758  08000004	j	L20_LF2
  754  0000175c  54000000	nop; delay slot nop
  755  00001760          	L20_LF2:
  756  00001760  8fa20000	lw	r2,0(r29)
  757  00001764  8fdffff8	lw	r31,-8(r30)
  758  00001768  001ee820	add	r29,r0,r30
  759  0000176c  8fdefffc	lw	r30,-4(r30)
  760  00001770  4be00000	jr	r31
  761  00001774  54000000	nop
  762  00001778          	.endproc _dstrcat
  763  00001778          	.align 2
  764  00001778          	.proc _dstrncmp
  765  00001778          	.global _dstrncmp
  766  00001778          	_dstrncmp:
  767                      ;  Function 'dstrncmp'; 8 bytes of locals, 2 regs to save.
  768  00001778  afbefffc	sw	-4(r29),r30; push fp
  769  0000177c  001df020	add	r30,r0,r29; fp = sp
  770  00001780  afbffff8	sw	-8(r29),r31; push ret addr
  771  00001784  2fbd0018	subui	r29,r29,#24; alloc local storage
  772  00001788  afa20000	sw	0(r29),r2
  773  0000178c  afa30004	sw	4(r29),r3
  774  00001790  54000000	nop
  775  00001794  20010000	addi	r1,r0,#0
  776  00001798  afc1fff4	sw	-12(r30),r1
  777  0000179c          	L25_LF2:
  778  0000179c  8fc1fff4	lw	r1,-12(r30)
  779  000017a0  8fc20008	lw	r2,8(r30)
  780  000017a4  0022082a	slt	r1,r1,r2
  781  000017a8  1420000c	bnez	r1,L28_LF2
  782  000017ac  54000000	nop; delay slot nop
  783  000017b0  08000088	j	L26_LF2
  784  000017b4  54000000	nop; delay slot nop
  785  000017b8          	L28_LF2:
  786  000017b8  8fc10004	lw	r1,4(r30)
  787  000017bc  90220000	lbu	r2,(r1)
  788  000017c0  64410000	snei	r1,r2,#0
  789  000017c4  14200018	bnez	r1,L29_LF2
  790  000017c8  54000000	nop; delay slot nop
  791  000017cc  20010000	addi	r1,r0,#0
  792  000017d0  080000d8	j	L24_LF2
  793  000017d4  54000000	nop; delay slot nop
  794  000017d8  08000028	j	L30_LF2
  795  000017dc  54000000	nop; delay slot nop
  796  000017e0          	L29_LF2:
  797  000017e0  8fc10000	lw	r1,(r30)
  798  000017e4  8fc20004	lw	r2,4(r30)
  799  000017e8  90210000	lbu	r1,(r1)
  800  000017ec  90420000	lbu	r2,(r2)
  801  000017f0  00220829	sne	r1,r1,r2
  802  000017f4  1020000c	beqz	r1,L30_LF2
  803  000017f8  54000000	nop; delay slot nop
  804  000017fc  0800003c	j	L26_LF2
  805  00001800  54000000	nop; delay slot nop
  806  00001804          	L31_LF2:
  807  00001804          	L30_LF2:
  808  00001804  8fc20000	lw	r2,(r30)
  809  00001808  20410001	addi	r1,r2,#1
  810  0000180c  00011020	add	r2,r0,r1
  811  00001810  afc20000	sw	(r30),r2
  812  00001814  8fc20004	lw	r2,4(r30)
  813  00001818  20410001	addi	r1,r2,#1
  814  0000181c  00011020	add	r2,r0,r1
  815  00001820  afc20004	sw	4(r30),r2
  816  00001824          	L27_LF2:
  817  00001824  8fc2fff4	lw	r2,-12(r30)
  818  00001828  20410001	addi	r1,r2,#1
  819  0000182c  00011020	add	r2,r0,r1
  820  00001830  afc2fff4	sw	-12(r30),r2
  821  00001834  0bffff64	j	L25_LF2
  822  00001838  54000000	nop; delay slot nop
  823  0000183c          	L26_LF2:
  824  0000183c  8fc1fff4	lw	r1,-12(r30)
  825  00001840  8fc20008	lw	r2,8(r30)
  826  00001844  00220828	seq	r1,r1,r2
  827  00001848  10200018	beqz	r1,L32_LF2
  828  0000184c  54000000	nop; delay slot nop
  829  00001850  20010000	addi	r1,r0,#0
  830  00001854  08000054	j	L24_LF2
  831  00001858  54000000	nop; delay slot nop
  832  0000185c  0800004c	j	L33_LF2
  833  00001860  54000000	nop; delay slot nop
  834  00001864          	L32_LF2:
  835  00001864  8fc20000	lw	r2,(r30)
  836  00001868  90410000	lbu	r1,(r2)
  837  0000186c  8fc20004	lw	r2,4(r30)
  838  00001870  90430000	lbu	r3,(r2)
  839  00001874  00230822	sub	r1,r1,r3
  840  00001878  74220000	sgei	r2,r1,#0
  841  0000187c  10400020	beqz	r2,L34_LF2
  842  00001880  54000000	nop; delay slot nop
  843  00001884  8fc10000	lw	r1,(r30)
  844  00001888  8fc20004	lw	r2,4(r30)
  845  0000188c  90210000	lbu	r1,(r1)
  846  00001890  90420000	lbu	r2,(r2)
  847  00001894  00220829	sne	r1,r1,r2
  848  00001898  08000008	j	L35_LF2
  849  0000189c  54000000	nop; delay slot nop
  850  000018a0          	L34_LF2:
  851  000018a0  2001ffff	addi	r1,r0,#-1
  852  000018a4          	L35_LF2:
  853  000018a4  08000004	j	L24_LF2
  854  000018a8  54000000	nop; delay slot nop
  855  000018ac          	L33_LF2:
  856  000018ac          	L24_LF2:
  857  000018ac  8fa20000	lw	r2,0(r29)
  858  000018b0  8fa30004	lw	r3,4(r29)
  859  000018b4  8fdffff8	lw	r31,-8(r30)
  860  000018b8  001ee820	add	r29,r0,r30
  861  000018bc  8fdefffc	lw	r30,-4(r30)
  862  000018c0  4be00000	jr	r31
  863  000018c4  54000000	nop
  864  000018c8          	.endproc _dstrncmp
  865  000018c8          	.align 2
  866  000018c8          	.proc _dstrlen
  867  000018c8          	.global _dstrlen
  868  000018c8          	_dstrlen:
  869                      ;  Function 'dstrlen'; 8 bytes of locals, 1 regs to save.
  870  000018c8  afbefffc	sw	-4(r29),r30; push fp
  871  000018cc  001df020	add	r30,r0,r29; fp = sp
  872  000018d0  afbffff8	sw	-8(r29),r31; push ret addr
  873  000018d4  2fbd0018	subui	r29,r29,#24; alloc local storage
  874  000018d8  afa20000	sw	0(r29),r2
  875  000018dc  20010000	addi	r1,r0,#0
  876  000018e0  afc1fff4	sw	-12(r30),r1
  877  000018e4          	L37_LF2:
  878  000018e4  8fc10000	lw	r1,(r30)
  879  000018e8  20220001	addi	r2,r1,#1
  880  000018ec  afc20000	sw	(r30),r2
  881  000018f0  90210000	lbu	r1,(r1)
  882  000018f4  64220000	snei	r2,r1,#0
  883  000018f8  1440000c	bnez	r2,L39_LF2
  884  000018fc  54000000	nop; delay slot nop
  885  00001900  0800001c	j	L38_LF2
  886  00001904  54000000	nop; delay slot nop
  887  00001908          	L39_LF2:
  888  00001908  8fc2fff4	lw	r2,-12(r30)
  889  0000190c  20410001	addi	r1,r2,#1
  890  00001910  00011020	add	r2,r0,r1
  891  00001914  afc2fff4	sw	-12(r30),r2
  892  00001918  0bffffc8	j	L37_LF2
  893  0000191c  54000000	nop; delay slot nop
  894  00001920          	L38_LF2:
  895  00001920  8fc1fff4	lw	r1,-12(r30)
  896  00001924  08000004	j	L36_LF2
  897  00001928  54000000	nop; delay slot nop
  898  0000192c          	L36_LF2:
  899  0000192c  8fa20000	lw	r2,0(r29)
  900  00001930  8fdffff8	lw	r31,-8(r30)
  901  00001934  001ee820	add	r29,r0,r30
  902  00001938  8fdefffc	lw	r30,-4(r30)
  903  0000193c  4be00000	jr	r31
  904  00001940  54000000	nop
  905  00001944          	.endproc _dstrlen
  906  00001944          	.align 2
  907  00001944          	.proc _dstrstr
  908  00001944          	.global _dstrstr
  909  00001944          	_dstrstr:
  910                      ;  Function 'dstrstr'; 8 bytes of locals, 1 regs to save.
  911  00001944  afbefffc	sw	-4(r29),r30; push fp
  912  00001948  001df020	add	r30,r0,r29; fp = sp
  913  0000194c  afbffff8	sw	-8(r29),r31; push ret addr
  914  00001950  2fbd0018	subui	r29,r29,#24; alloc local storage
  915  00001954  afa20000	sw	0(r29),r2
  916  00001958  23bdfff8	addi	r29,r29,#-8
  917  0000195c  001d0820	add	r1,r0,r29
  918  00001960  8fc20004	lw	r2,4(r30)
  919  00001964  ac220000	sw	(r1),r2
  920  00001968  0fffff5c	jal	_dstrlen
  921  0000196c  54000000	nop; delay slot nop
  922  00001970  23bd0008	addi	r29,r29,#8
  923  00001974  afc1fff4	sw	-12(r30),r1
  924  00001978          	L41_LF2:
  925  00001978  8fc10000	lw	r1,(r30)
  926  0000197c  90220000	lbu	r2,(r1)
  927  00001980  64410000	snei	r1,r2,#0
  928  00001984  1420000c	bnez	r1,L43_LF2
  929  00001988  54000000	nop; delay slot nop
  930  0000198c  08000060	j	L42_LF2
  931  00001990  54000000	nop; delay slot nop
  932  00001994          	L43_LF2:
  933  00001994  23bdfff0	addi	r29,r29,#-16
  934  00001998  001d0820	add	r1,r0,r29
  935  0000199c  8fc20000	lw	r2,(r30)
  936  000019a0  ac220000	sw	(r1),r2
  937  000019a4  8fc20004	lw	r2,4(r30)
  938  000019a8  ac220004	sw	4(r1),r2
  939  000019ac  8fc2fff4	lw	r2,-12(r30)
  940  000019b0  ac220008	sw	8(r1),r2
  941  000019b4  0ffffdc0	jal	_dstrncmp
  942  000019b8  54000000	nop; delay slot nop
  943  000019bc  23bd0010	addi	r29,r29,#16
  944  000019c0  64220000	snei	r2,r1,#0
  945  000019c4  14400010	bnez	r2,L44_LF2
  946  000019c8  54000000	nop; delay slot nop
  947  000019cc  8fc10000	lw	r1,(r30)
  948  000019d0  08000028	j	L40_LF2
  949  000019d4  54000000	nop; delay slot nop
  950  000019d8          	L44_LF2:
  951  000019d8  8fc20000	lw	r2,(r30)
  952  000019dc  20410001	addi	r1,r2,#1
  953  000019e0  00011020	add	r2,r0,r1
  954  000019e4  afc20000	sw	(r30),r2
  955  000019e8  0bffff8c	j	L41_LF2
  956  000019ec  54000000	nop; delay slot nop
  957  000019f0          	L42_LF2:
  958  000019f0  20010000	addi	r1,r0,#0
  959  000019f4  08000004	j	L40_LF2
  960  000019f8  54000000	nop; delay slot nop
  961  000019fc          	L40_LF2:
  962  000019fc  8fa20000	lw	r2,0(r29)
  963  00001a00  8fdffff8	lw	r31,-8(r30)
  964  00001a04  001ee820	add	r29,r0,r30
  965  00001a08  8fdefffc	lw	r30,-4(r30)
  966  00001a0c  4be00000	jr	r31
  967  00001a10  54000000	nop
  968  00001a14          	.endproc _dstrstr
  969  00001a14          	.align 2
  970  00001a14          	.proc _dmindex
  971  00001a14          	.global _dmindex
  972  00001a14          	_dmindex:
  973                      ;  Function 'dmindex'; 8 bytes of locals, 1 regs to save.
  974  00001a14  afbefffc	sw	-4(r29),r30; push fp
  975  00001a18  001df020	add	r30,r0,r29; fp = sp
  976  00001a1c  afbffff8	sw	-8(r29),r31; push ret addr
  977  00001a20  2fbd0018	subui	r29,r29,#24; alloc local storage
  978  00001a24  afa20000	sw	0(r29),r2
  979  00001a28  54000000	nop
  980  00001a2c          	L46_LF2:
  981  00001a2c  8fc10000	lw	r1,(r30)
  982  00001a30  90220000	lbu	r2,(r1)
  983  00001a34  64410000	snei	r1,r2,#0
  984  00001a38  1420000c	bnez	r1,L48_LF2
  985  00001a3c  54000000	nop; delay slot nop
  986  00001a40  08000070	j	L47_LF2
  987  00001a44  54000000	nop; delay slot nop
  988  00001a48          	L48_LF2:
  989  00001a48  8fc10004	lw	r1,4(r30)
  990  00001a4c  afc1fff4	sw	-12(r30),r1
  991  00001a50          	L49_LF2:
  992  00001a50  8fc1fff4	lw	r1,-12(r30)
  993  00001a54  90220000	lbu	r2,(r1)
  994  00001a58  64410000	snei	r1,r2,#0
  995  00001a5c  1420000c	bnez	r1,L52_LF2
  996  00001a60  54000000	nop; delay slot nop
  997  00001a64  08000044	j	L50_LF2
  998  00001a68  54000000	nop; delay slot nop
  999  00001a6c          	L52_LF2:
 1000  00001a6c  8fc10000	lw	r1,(r30)
 1001  00001a70  8fc2fff4	lw	r2,-12(r30)
 1002  00001a74  90210000	lbu	r1,(r1)
 1003  00001a78  90420000	lbu	r2,(r2)
 1004  00001a7c  00220828	seq	r1,r1,r2
 1005  00001a80  10200010	beqz	r1,L51_LF2
 1006  00001a84  54000000	nop; delay slot nop
 1007  00001a88  8fc10000	lw	r1,(r30)
 1008  00001a8c  08000030	j	L45_LF2
 1009  00001a90  54000000	nop; delay slot nop
 1010  00001a94          	L53_LF2:
 1011  00001a94          	L51_LF2:
 1012  00001a94  8fc2fff4	lw	r2,-12(r30)
 1013  00001a98  20410001	addi	r1,r2,#1
 1014  00001a9c  00011020	add	r2,r0,r1
 1015  00001aa0  afc2fff4	sw	-12(r30),r2
 1016  00001aa4  0bffffa8	j	L49_LF2
 1017  00001aa8  54000000	nop; delay slot nop
 1018  00001aac          	L50_LF2:
 1019  00001aac  0bffff7c	j	L46_LF2
 1020  00001ab0  54000000	nop; delay slot nop
 1021  00001ab4          	L47_LF2:
 1022  00001ab4  20010000	addi	r1,r0,#0
 1023  00001ab8  08000004	j	L45_LF2
 1024  00001abc  54000000	nop; delay slot nop
 1025  00001ac0          	L45_LF2:
 1026  00001ac0  8fa20000	lw	r2,0(r29)
 1027  00001ac4  8fdffff8	lw	r31,-8(r30)
 1028  00001ac8  001ee820	add	r29,r0,r30
 1029  00001acc  8fdefffc	lw	r30,-4(r30)
 1030  00001ad0  4be00000	jr	r31
 1031  00001ad4  54000000	nop
 1032  00001ad8          	.endproc _dmindex
 1033  00001ad8          	.align 2
 1034  00001ad8          	.proc _dindex
 1035  00001ad8          	.global _dindex
 1036  00001ad8          	_dindex:
 1037                      ;  Function 'dindex'; 0 bytes of locals, 1 regs to save.
 1038  00001ad8  afbefffc	sw	-4(r29),r30; push fp
 1039  00001adc  001df020	add	r30,r0,r29; fp = sp
 1040  00001ae0  afbffff8	sw	-8(r29),r31; push ret addr
 1041  00001ae4  2fbd0010	subui	r29,r29,#16; alloc local storage
 1042  00001ae8  afa20000	sw	0(r29),r2
 1043  00001aec  54000000	nop
 1044  00001af0          	L55_LF2:
 1045  00001af0  8fc10000	lw	r1,(r30)
 1046  00001af4  90220000	lbu	r2,(r1)
 1047  00001af8  64410000	snei	r1,r2,#0
 1048  00001afc  1420000c	bnez	r1,L57_LF2
 1049  00001b00  54000000	nop; delay slot nop
 1050  00001b04  08000040	j	L56_LF2
 1051  00001b08  54000000	nop; delay slot nop
 1052  00001b0c          	L57_LF2:
 1053  00001b0c  8fc10000	lw	r1,(r30)
 1054  00001b10  90220000	lbu	r2,(r1)
 1055  00001b14  8fc10004	lw	r1,4(r30)
 1056  00001b18  00411028	seq	r2,r2,r1
 1057  00001b1c  10400010	beqz	r2,L58_LF2
 1058  00001b20  54000000	nop; delay slot nop
 1059  00001b24  8fc10000	lw	r1,(r30)
 1060  00001b28  08000028	j	L54_LF2
 1061  00001b2c  54000000	nop; delay slot nop
 1062  00001b30          	L58_LF2:
 1063  00001b30  8fc20000	lw	r2,(r30)
 1064  00001b34  20410001	addi	r1,r2,#1
 1065  00001b38  00011020	add	r2,r0,r1
 1066  00001b3c  afc20000	sw	(r30),r2
 1067  00001b40  0bffffac	j	L55_LF2
 1068  00001b44  54000000	nop; delay slot nop
 1069  00001b48          	L56_LF2:
 1070  00001b48  20010000	addi	r1,r0,#0
 1071  00001b4c  08000004	j	L54_LF2
 1072  00001b50  54000000	nop; delay slot nop
 1073  00001b54          	L54_LF2:
 1074  00001b54  8fa20000	lw	r2,0(r29)
 1075  00001b58  8fdffff8	lw	r31,-8(r30)
 1076  00001b5c  001ee820	add	r29,r0,r30
 1077  00001b60  8fdefffc	lw	r30,-4(r30)
 1078  00001b64  4be00000	jr	r31
 1079  00001b68  54000000	nop
 1080  00001b6c          	.endproc _dindex
 1081  00001b6c          	.align 2
 1082  00001b6c          	.proc _ditoa
 1083  00001b6c          	.global _ditoa
 1084  00001b6c          	_ditoa:
 1085                      ;  Function 'ditoa'; 8 bytes of locals, 2 regs to save.
 1086  00001b6c  afbefffc	sw	-4(r29),r30; push fp
 1087  00001b70  001df020	add	r30,r0,r29; fp = sp
 1088  00001b74  afbffff8	sw	-8(r29),r31; push ret addr
 1089  00001b78  2fbd0018	subui	r29,r29,#24; alloc local storage
 1090  00001b7c  afa20000	sw	0(r29),r2
 1091  00001b80  afa30004	sw	4(r29),r3
 1092  00001b84  8fc10000	lw	r1,(r30)
 1093  00001b88  68220000	slti	r2,r1,#0
 1094  00001b8c  1040002c	beqz	r2,L60_LF2
 1095  00001b90  54000000	nop; delay slot nop
 1096  00001b94  8fc10004	lw	r1,4(r30)
 1097  00001b98  20220001	addi	r2,r1,#1
 1098  00001b9c  afc20004	sw	4(r30),r2
 1099  00001ba0  2002002d	addi	r2,r0,(#0x2d)&0xff
 1100  00001ba4  a0220000	sb	(r1),r2
 1101  00001ba8  8fc10000	lw	r1,(r30)
 1102  00001bac  00011022	sub	r2,r0,r1
 1103  00001bb0  afc20000	sw	(r30),r2
 1104  00001bb4  08000118	j	L61_LF2
 1105  00001bb8  54000000	nop; delay slot nop
 1106  00001bbc          	L60_LF2:
 1107  00001bbc  8fc10000	lw	r1,(r30)
 1108  00001bc0  64220000	snei	r2,r1,#0
 1109  00001bc4  14400020	bnez	r2,L62_LF2
 1110  00001bc8  54000000	nop; delay slot nop
 1111  00001bcc  8fc10004	lw	r1,4(r30)
 1112  00001bd0  20220001	addi	r2,r1,#1
 1113  00001bd4  afc20004	sw	4(r30),r2
 1114  00001bd8  20020030	addi	r2,r0,(#0x30)&0xff
 1115  00001bdc  a0220000	sb	(r1),r2
 1116  00001be0  080000ec	j	L61_LF2
 1117  00001be4  54000000	nop; delay slot nop
 1118  00001be8          	L62_LF2:
 1119  00001be8  20010001	addi	r1,r0,#1
 1120  00001bec  afc1fff4	sw	-12(r30),r1
 1121  00001bf0          	L64_LF2:
 1122  00001bf0  8fc1fff4	lw	r1,-12(r30)
 1123  00001bf4  8fc20000	lw	r2,(r30)
 1124  00001bf8  0022082c	sle	r1,r1,r2
 1125  00001bfc  1420000c	bnez	r1,L66_LF2
 1126  00001c00  54000000	nop; delay slot nop
 1127  00001c04  08000024	j	L65_LF2
 1128  00001c08  54000000	nop; delay slot nop
 1129  00001c0c          	L67_LF2:
 1130  00001c0c          	L66_LF2:
 1131  00001c0c  8fc1fff4	lw	r1,-12(r30)
 1132  00001c10  00011820	add	r3,r0,r1
 1133  00001c14  50620002	slli	r2,r3,#0x2
 1134  00001c18  00411020	add	r2,r2,r1
 1135  00001c1c  50410001	slli	r1,r2,#0x1
 1136  00001c20  afc1fff4	sw	-12(r30),r1
 1137  00001c24  0bffffc8	j	L64_LF2
 1138  00001c28  54000000	nop; delay slot nop
 1139  00001c2c          	L65_LF2:
 1140  00001c2c  54000000	nop
 1141  00001c30          	L68_LF2:
 1142  00001c30  8fc1fff4	lw	r1,-12(r30)
 1143  00001c34  2002000a	addi	r2,r0,#10
 1144  00001c38  00200035	movi2fp	f0,r1
 1145  00001c3c  00400835	movi2fp	f1,r2
 1146  00001c40  0401000f	div	f0,f0,f1
 1147  00001c44  00000834	movfp2i	r1,f0
 1148  00001c48  afc1fff4	sw	-12(r30),r1
 1149  00001c4c  8fc10004	lw	r1,4(r30)
 1150  00001c50  20220001	addi	r2,r1,#1
 1151  00001c54  afc20004	sw	4(r30),r2
 1152  00001c58  8fc20000	lw	r2,(r30)
 1153  00001c5c  8fc3fff4	lw	r3,-12(r30)
 1154  00001c60  00400035	movi2fp	f0,r2
 1155  00001c64  00600835	movi2fp	f1,r3
 1156  00001c68  0401000f	div	f0,f0,f1
 1157  00001c6c  00001034	movfp2i	r2,f0
 1158  00001c70  00021820	add	r3,r0,r2
 1159  00001c74  20620030	addi	r2,r3,#48
 1160  00001c78  a0220000	sb	(r1),r2
 1161  00001c7c  8fc10000	lw	r1,(r30)
 1162  00001c80  8fc3fff4	lw	r3,-12(r30)
 1163  00001c84  00200035	movi2fp	f0,r1
 1164  00001c88  00600835	movi2fp	f1,r3
 1165  00001c8c  0401000f	div	f0,f0,f1
 1166  00001c90  00001034	movfp2i	r2,f0
 1167  00001c94  8fc3fff4	lw	r3,-12(r30)
 1168  00001c98  00400035	movi2fp	f0,r2
 1169  00001c9c  00600835	movi2fp	f1,r3
 1170  00001ca0  0401000e	mult	f0,f0,f1
 1171  00001ca4  00001034	movfp2i	r2,f0
 1172  00001ca8  00220822	sub	r1,r1,r2
 1173  00001cac  afc10000	sw	(r30),r1
 1174  00001cb0          	L70_LF2:
 1175  00001cb0  8fc1fff4	lw	r1,-12(r30)
 1176  00001cb4  6c220001	sgti	r2,r1,#1
 1177  00001cb8  1440000c	bnez	r2,L71_LF2
 1178  00001cbc  54000000	nop; delay slot nop
 1179  00001cc0  0800000c	j	L61_LF2
 1180  00001cc4  54000000	nop; delay slot nop
 1181  00001cc8          	L71_LF2:
 1182  00001cc8  0bffff64	j	L68_LF2
 1183  00001ccc  54000000	nop; delay slot nop
 1184  00001cd0          	L69_LF2:
 1185  00001cd0          	L63_LF2:
 1186  00001cd0          	L61_LF2:
 1187  00001cd0  8fc10004	lw	r1,4(r30)
 1188  00001cd4  20020000	addi	r2,r0,(#0x0)&0xff
 1189  00001cd8  a0220000	sb	(r1),r2
 1190  00001cdc          	L59_LF2:
 1191  00001cdc  8fa20000	lw	r2,0(r29)
 1192  00001ce0  8fa30004	lw	r3,4(r29)
 1193  00001ce4  8fdffff8	lw	r31,-8(r30)
 1194  00001ce8  001ee820	add	r29,r0,r30
 1195  00001cec  8fdefffc	lw	r30,-4(r30)
 1196  00001cf0  4be00000	jr	r31
 1197  00001cf4  54000000	nop
 1198  00001cf8          	.endproc _ditoa
 1199  00001cf8          	.align 2
 1200  00001cf8          	.proc _dstrtol
 1201  00001cf8          	.global _dstrtol
 1202  00001cf8          	_dstrtol:
 1203                      ;  Function 'dstrtol'; 16 bytes of locals, 1 regs to save.
 1204  00001cf8  afbefffc	sw	-4(r29),r30; push fp
 1205  00001cfc  001df020	add	r30,r0,r29; fp = sp
 1206  00001d00  afbffff8	sw	-8(r29),r31; push ret addr
 1207  00001d04  2fbd0020	subui	r29,r29,#32; alloc local storage
 1208  00001d08  afa20000	sw	0(r29),r2
 1209  00001d0c  20010000	addi	r1,r0,#0
 1210  00001d10  afc1fff4	sw	-12(r30),r1
 1211  00001d14          	L73_LF2:
 1212  00001d14  8fc10000	lw	r1,(r30)
 1213  00001d18  90220000	lbu	r2,(r1)
 1214  00001d1c  60410020	seqi	r1,r2,#32
 1215  00001d20  14200034	bnez	r1,L75_LF2
 1216  00001d24  54000000	nop; delay slot nop
 1217  00001d28  8fc10000	lw	r1,(r30)
 1218  00001d2c  90220000	lbu	r2,(r1)
 1219  00001d30  60410009	seqi	r1,r2,#9
 1220  00001d34  14200020	bnez	r1,L75_LF2
 1221  00001d38  54000000	nop; delay slot nop
 1222  00001d3c  8fc10000	lw	r1,(r30)
 1223  00001d40  90220000	lbu	r2,(r1)
 1224  00001d44  6041000a	seqi	r1,r2,#10
 1225  00001d48  1420000c	bnez	r1,L75_LF2
 1226  00001d4c  54000000	nop; delay slot nop
 1227  00001d50  0800001c	j	L74_LF2
 1228  00001d54  54000000	nop; delay slot nop
 1229  00001d58          	L75_LF2:
 1230  00001d58  8fc20000	lw	r2,(r30)
 1231  00001d5c  20410001	addi	r1,r2,#1
 1232  00001d60  00011020	add	r2,r0,r1
 1233  00001d64  afc20000	sw	(r30),r2
 1234  00001d68  0bffffa8	j	L73_LF2
 1235  00001d6c  54000000	nop; delay slot nop
 1236  00001d70          	L74_LF2:
 1237  00001d70  8fc10004	lw	r1,4(r30)
 1238  00001d74  64220000	snei	r2,r1,#0
 1239  00001d78  10400010	beqz	r2,L76_LF2
 1240  00001d7c  54000000	nop; delay slot nop
 1241  00001d80  8fc10004	lw	r1,4(r30)
 1242  00001d84  8fc20000	lw	r2,(r30)
 1243  00001d88  ac220000	sw	(r1),r2
 1244  00001d8c          	L76_LF2:
 1245  00001d8c  8fc10000	lw	r1,(r30)
 1246  00001d90  90220000	lbu	r2,(r1)
 1247  00001d94  64410000	snei	r1,r2,#0
 1248  00001d98  14200010	bnez	r1,L77_LF2
 1249  00001d9c  54000000	nop; delay slot nop
 1250  00001da0  8fc1fff4	lw	r1,-12(r30)
 1251  00001da4  08000294	j	L72_LF2
 1252  00001da8  54000000	nop; delay slot nop
 1253  00001dac          	L77_LF2:
 1254  00001dac  8fc10000	lw	r1,(r30)
 1255  00001db0  90220000	lbu	r2,(r1)
 1256  00001db4  6041002d	seqi	r1,r2,#45
 1257  00001db8  10200024	beqz	r1,L78_LF2
 1258  00001dbc  54000000	nop; delay slot nop
 1259  00001dc0  2001ffff	addi	r1,r0,#-1
 1260  00001dc4  afc1ffec	sw	-20(r30),r1
 1261  00001dc8  8fc20000	lw	r2,(r30)
 1262  00001dcc  20410001	addi	r1,r2,#1
 1263  00001dd0  00011020	add	r2,r0,r1
 1264  00001dd4  afc20000	sw	(r30),r2
 1265  00001dd8  0800000c	j	L79_LF2
 1266  00001ddc  54000000	nop; delay slot nop
 1267  00001de0          	L78_LF2:
 1268  00001de0  20010001	addi	r1,r0,#1
 1269  00001de4  afc1ffec	sw	-20(r30),r1
 1270  00001de8          	L79_LF2:
 1271  00001de8  8fc10008	lw	r1,8(r30)
 1272  00001dec  64220000	snei	r2,r1,#0
 1273  00001df0  14400090	bnez	r2,L80_LF2
 1274  00001df4  54000000	nop; delay slot nop
 1275  00001df8  8fc10000	lw	r1,(r30)
 1276  00001dfc  90220000	lbu	r2,(r1)
 1277  00001e00  60410030	seqi	r1,r2,#48
 1278  00001e04  10200074	beqz	r1,L81_LF2
 1279  00001e08  54000000	nop; delay slot nop
 1280  00001e0c  8fc20000	lw	r2,(r30)
 1281  00001e10  20410001	addi	r1,r2,#1
 1282  00001e14  00011020	add	r2,r0,r1
 1283  00001e18  afc20000	sw	(r30),r2
 1284  00001e1c  8fc10000	lw	r1,(r30)
 1285  00001e20  90220000	lbu	r2,(r1)
 1286  00001e24  60410078	seqi	r1,r2,#120
 1287  00001e28  14200020	bnez	r1,L83_LF2
 1288  00001e2c  54000000	nop; delay slot nop
 1289  00001e30  8fc10000	lw	r1,(r30)
 1290  00001e34  90220000	lbu	r2,(r1)
 1291  00001e38  60410058	seqi	r1,r2,#88
 1292  00001e3c  1420000c	bnez	r1,L83_LF2
 1293  00001e40  54000000	nop; delay slot nop
 1294  00001e44  08000024	j	L82_LF2
 1295  00001e48  54000000	nop; delay slot nop
 1296  00001e4c          	L83_LF2:
 1297  00001e4c  20010010	addi	r1,r0,#16
 1298  00001e50  afc10008	sw	8(r30),r1
 1299  00001e54  8fc20000	lw	r2,(r30)
 1300  00001e58  20410001	addi	r1,r2,#1
 1301  00001e5c  00011020	add	r2,r0,r1
 1302  00001e60  afc20000	sw	(r30),r2
 1303  00001e64  0800000c	j	L84_LF2
 1304  00001e68  54000000	nop; delay slot nop
 1305  00001e6c          	L82_LF2:
 1306  00001e6c  20010008	addi	r1,r0,#8
 1307  00001e70  afc10008	sw	8(r30),r1
 1308  00001e74          	L84_LF2:
 1309  00001e74  0800000c	j	L80_LF2
 1310  00001e78  54000000	nop; delay slot nop
 1311  00001e7c          	L81_LF2:
 1312  00001e7c  2001000a	addi	r1,r0,#10
 1313  00001e80  afc10008	sw	8(r30),r1
 1314  00001e84          	L85_LF2:
 1315  00001e84          	L80_LF2:
 1316  00001e84  8fc10008	lw	r1,8(r30)
 1317  00001e88  70220000	slei	r2,r1,#0
 1318  00001e8c  1440001c	bnez	r2,L87_LF2
 1319  00001e90  54000000	nop; delay slot nop
 1320  00001e94  8fc10008	lw	r1,8(r30)
 1321  00001e98  6c220010	sgti	r2,r1,#16
 1322  00001e9c  1440000c	bnez	r2,L87_LF2
 1323  00001ea0  54000000	nop; delay slot nop
 1324  00001ea4  08000010	j	L86_LF2
 1325  00001ea8  54000000	nop; delay slot nop
 1326  00001eac          	L87_LF2:
 1327  00001eac  8fc1fff4	lw	r1,-12(r30)
 1328  00001eb0  08000188	j	L72_LF2
 1329  00001eb4  54000000	nop; delay slot nop
 1330  00001eb8          	L86_LF2:
 1331  00001eb8  54000000	nop
 1332  00001ebc          	L88_LF2:
 1333  00001ebc  8fc10000	lw	r1,(r30)
 1334  00001ec0  90220000	lbu	r2,(r1)
 1335  00001ec4  6c41002f	sgtui	r1,r2,#47
 1336  00001ec8  10200030	beqz	r1,L91_LF2
 1337  00001ecc  54000000	nop; delay slot nop
 1338  00001ed0  8fc10000	lw	r1,(r30)
 1339  00001ed4  90220000	lbu	r2,(r1)
 1340  00001ed8  70410039	sleui	r1,r2,#57
 1341  00001edc  1020001c	beqz	r1,L91_LF2
 1342  00001ee0  54000000	nop; delay slot nop
 1343  00001ee4  8fc10000	lw	r1,(r30)
 1344  00001ee8  90220000	lbu	r2,(r1)
 1345  00001eec  2041ffd0	addi	r1,r2,#-48
 1346  00001ef0  afc1fff0	sw	-16(r30),r1
 1347  00001ef4  0800008c	j	L92_LF2
 1348  00001ef8  54000000	nop; delay slot nop
 1349  00001efc          	L91_LF2:
 1350  00001efc  8fc10000	lw	r1,(r30)
 1351  00001f00  90220000	lbu	r2,(r1)
 1352  00001f04  6c410060	sgtui	r1,r2,#96
 1353  00001f08  10200030	beqz	r1,L93_LF2
 1354  00001f0c  54000000	nop; delay slot nop
 1355  00001f10  8fc10000	lw	r1,(r30)
 1356  00001f14  90220000	lbu	r2,(r1)
 1357  00001f18  7041007a	sleui	r1,r2,#122
 1358  00001f1c  1020001c	beqz	r1,L93_LF2
 1359  00001f20  54000000	nop; delay slot nop
 1360  00001f24  8fc10000	lw	r1,(r30)
 1361  00001f28  90220000	lbu	r2,(r1)
 1362  00001f2c  2041ffa9	addi	r1,r2,#-87
 1363  00001f30  afc1fff0	sw	-16(r30),r1
 1364  00001f34  0800004c	j	L92_LF2
 1365  00001f38  54000000	nop; delay slot nop
 1366  00001f3c          	L93_LF2:
 1367  00001f3c  8fc10000	lw	r1,(r30)
 1368  00001f40  90220000	lbu	r2,(r1)
 1369  00001f44  6c410040	sgtui	r1,r2,#64
 1370  00001f48  10200030	beqz	r1,L95_LF2
 1371  00001f4c  54000000	nop; delay slot nop
 1372  00001f50  8fc10000	lw	r1,(r30)
 1373  00001f54  90220000	lbu	r2,(r1)
 1374  00001f58  7041005a	sleui	r1,r2,#90
 1375  00001f5c  1020001c	beqz	r1,L95_LF2
 1376  00001f60  54000000	nop; delay slot nop
 1377  00001f64  8fc10000	lw	r1,(r30)
 1378  00001f68  90220000	lbu	r2,(r1)
 1379  00001f6c  2041ffc9	addi	r1,r2,#-55
 1380  00001f70  afc1fff0	sw	-16(r30),r1
 1381  00001f74  0800000c	j	L92_LF2
 1382  00001f78  54000000	nop; delay slot nop
 1383  00001f7c          	L95_LF2:
 1384  00001f7c  200103e8	addi	r1,r0,#1000
 1385  00001f80  afc1fff0	sw	-16(r30),r1
 1386  00001f84          	L96_LF2:
 1387  00001f84          	L94_LF2:
 1388  00001f84          	L92_LF2:
 1389  00001f84  8fc1fff0	lw	r1,-16(r30)
 1390  00001f88  8fc20008	lw	r2,8(r30)
 1391  00001f8c  0022082a	slt	r1,r1,r2
 1392  00001f90  10200040	beqz	r1,L90_LF2
 1393  00001f94  54000000	nop; delay slot nop
 1394  00001f98  8fc1fff4	lw	r1,-12(r30)
 1395  00001f9c  8fc20008	lw	r2,8(r30)
 1396  00001fa0  00200035	movi2fp	f0,r1
 1397  00001fa4  00400835	movi2fp	f1,r2
 1398  00001fa8  0401000e	mult	f0,f0,f1
 1399  00001fac  00000834	movfp2i	r1,f0
 1400  00001fb0  afc1fff4	sw	-12(r30),r1
 1401  00001fb4  8fc1fff4	lw	r1,-12(r30)
 1402  00001fb8  8fc2fff0	lw	r2,-16(r30)
 1403  00001fbc  00220820	add	r1,r1,r2
 1404  00001fc0  afc1fff4	sw	-12(r30),r1
 1405  00001fc4  8fc20000	lw	r2,(r30)
 1406  00001fc8  20410001	addi	r1,r2,#1
 1407  00001fcc  00011020	add	r2,r0,r1
 1408  00001fd0  afc20000	sw	(r30),r2
 1409  00001fd4          	L97_LF2:
 1410  00001fd4          	L90_LF2:
 1411  00001fd4  8fc1fff0	lw	r1,-16(r30)
 1412  00001fd8  8fc20008	lw	r2,8(r30)
 1413  00001fdc  0022082a	slt	r1,r1,r2
 1414  00001fe0  1420000c	bnez	r1,L98_LF2
 1415  00001fe4  54000000	nop; delay slot nop
 1416  00001fe8  0800000c	j	L89_LF2
 1417  00001fec  54000000	nop; delay slot nop
 1418  00001ff0          	L98_LF2:
 1419  00001ff0  0bfffec8	j	L88_LF2
 1420  00001ff4  54000000	nop; delay slot nop
 1421  00001ff8          	L89_LF2:
 1422  00001ff8  8fc10004	lw	r1,4(r30)
 1423  00001ffc  64220000	snei	r2,r1,#0
 1424  00002000  10400010	beqz	r2,L99_LF2
 1425  00002004  54000000	nop; delay slot nop
 1426  00002008  8fc10004	lw	r1,4(r30)
 1427  0000200c  8fc20000	lw	r2,(r30)
 1428  00002010  ac220000	sw	(r1),r2
 1429  00002014          	L99_LF2:
 1430  00002014  8fc1fff4	lw	r1,-12(r30)
 1431  00002018  8fc2ffec	lw	r2,-20(r30)
 1432  0000201c  00200035	movi2fp	f0,r1
 1433  00002020  00400835	movi2fp	f1,r2
 1434  00002024  0401000e	mult	f0,f0,f1
 1435  00002028  00000834	movfp2i	r1,f0
 1436  0000202c  afc1fff4	sw	-12(r30),r1
 1437  00002030  8fc1fff4	lw	r1,-12(r30)
 1438  00002034  08000004	j	L72_LF2
 1439  00002038  54000000	nop; delay slot nop
 1440  0000203c          	L72_LF2:
 1441  0000203c  8fa20000	lw	r2,0(r29)
 1442  00002040  8fdffff8	lw	r31,-8(r30)
 1443  00002044  001ee820	add	r29,r0,r30
 1444  00002048  8fdefffc	lw	r30,-4(r30)
 1445  0000204c  4be00000	jr	r31
 1446  00002050  54000000	nop
 1447  00002054          	.endproc _dstrtol
 1448  00002054          	.align 2
 1449  00002054          	.proc _bcopy
 1450  00002054          	.global _bcopy
 1451  00002054          	_bcopy:
 1452                      ;  Function 'bcopy'; 0 bytes of locals, 2 regs to save.
 1453  00002054  afbefffc	sw	-4(r29),r30; push fp
 1454  00002058  001df020	add	r30,r0,r29; fp = sp
 1455  0000205c  afbffff8	sw	-8(r29),r31; push ret addr
 1456  00002060  2fbd0010	subui	r29,r29,#16; alloc local storage
 1457  00002064  afa20000	sw	0(r29),r2
 1458  00002068  afa30004	sw	4(r29),r3
 1459  0000206c  54000000	nop
 1460  00002070          	L101_LF2:
 1461  00002070  8fc10008	lw	r1,8(r30)
 1462  00002074  2022ffff	addi	r2,r1,#-1
 1463  00002078  afc20008	sw	8(r30),r2
 1464  0000207c  6c210000	sgti	r1,r1,#0
 1465  00002080  1420000c	bnez	r1,L103_LF2
 1466  00002084  54000000	nop; delay slot nop
 1467  00002088  0800002c	j	L102_LF2
 1468  0000208c  54000000	nop; delay slot nop
 1469  00002090          	L103_LF2:
 1470  00002090  8fc10004	lw	r1,4(r30)
 1471  00002094  20220001	addi	r2,r1,#1
 1472  00002098  afc20004	sw	4(r30),r2
 1473  0000209c  8fc20000	lw	r2,(r30)
 1474  000020a0  20430001	addi	r3,r2,#1
 1475  000020a4  afc30000	sw	(r30),r3
 1476  000020a8  80420000	lb	r2,(r2)
 1477  000020ac  a0220000	sb	(r1),r2
 1478  000020b0  0bffffbc	j	L101_LF2
 1479  000020b4  54000000	nop; delay slot nop
 1480  000020b8          	L102_LF2:
 1481  000020b8          	L100_LF2:
 1482  000020b8  8fa20000	lw	r2,0(r29)
 1483  000020bc  8fa30004	lw	r3,4(r29)
 1484  000020c0  8fdffff8	lw	r31,-8(r30)
 1485  000020c4  001ee820	add	r29,r0,r30
 1486  000020c8  8fdefffc	lw	r30,-4(r30)
 1487  000020cc  4be00000	jr	r31
 1488  000020d0  54000000	nop
 1489  000020d4          	.endproc _bcopy
 1490  000020d4          	.align 2
 1491  000020d4          	.proc _bzero
 1492  000020d4          	.global _bzero
 1493  000020d4          	_bzero:
 1494                      ;  Function 'bzero'; 0 bytes of locals, 1 regs to save.
 1495  000020d4  afbefffc	sw	-4(r29),r30; push fp
 1496  000020d8  001df020	add	r30,r0,r29; fp = sp
 1497  000020dc  afbffff8	sw	-8(r29),r31; push ret addr
 1498  000020e0  2fbd0010	subui	r29,r29,#16; alloc local storage
 1499  000020e4  afa20000	sw	0(r29),r2
 1500  000020e8  54000000	nop
 1501  000020ec          	L105_LF2:
 1502  000020ec  8fc10004	lw	r1,4(r30)
 1503  000020f0  2022ffff	addi	r2,r1,#-1
 1504  000020f4  afc20004	sw	4(r30),r2
 1505  000020f8  6c210000	sgti	r1,r1,#0
 1506  000020fc  1420000c	bnez	r1,L107_LF2
 1507  00002100  54000000	nop; delay slot nop
 1508  00002104  08000020	j	L106_LF2
 1509  00002108  54000000	nop; delay slot nop
 1510  0000210c          	L107_LF2:
 1511  0000210c  8fc10000	lw	r1,(r30)
 1512  00002110  20220001	addi	r2,r1,#1
 1513  00002114  afc20000	sw	(r30),r2
 1514  00002118  20020000	addi	r2,r0,(#0x0)&0xff
 1515  0000211c  a0220000	sb	(r1),r2
 1516  00002120  0bffffc8	j	L105_LF2
 1517  00002124  54000000	nop; delay slot nop
 1518  00002128          	L106_LF2:
 1519  00002128          	L104_LF2:
 1520  00002128  8fa20000	lw	r2,0(r29)
 1521  0000212c  8fdffff8	lw	r31,-8(r30)
 1522  00002130  001ee820	add	r29,r0,r30
 1523  00002134  8fdefffc	lw	r30,-4(r30)
 1524  00002138  4be00000	jr	r31
 1525  0000213c  54000000	nop
 1526  00002140          	.endproc _bzero
 1527  00002140          	.align 2
 1528  00002140          	.proc _min
 1529  00002140          	.global _min
 1530  00002140          	_min:
 1531                      ;  Function 'min'; 0 bytes of locals, 2 regs to save.
 1532  00002140  afbefffc	sw	-4(r29),r30; push fp
 1533  00002144  001df020	add	r30,r0,r29; fp = sp
 1534  00002148  afbffff8	sw	-8(r29),r31; push ret addr
 1535  0000214c  2fbd0010	subui	r29,r29,#16; alloc local storage
 1536  00002150  afa20000	sw	0(r29),r2
 1537  00002154  afa30004	sw	4(r29),r3
 1538  00002158  8fc10000	lw	r1,(r30)
 1539  0000215c  8fc20004	lw	r2,4(r30)
 1540  00002160  0022182c	sle	r3,r1,r2
 1541  00002164  14600008	bnez	r3,L109_LF2
 1542  00002168  54000000	nop; delay slot nop
 1543  0000216c  8fc10004	lw	r1,4(r30)
 1544  00002170          	L109_LF2:
 1545  00002170  08000004	j	L108_LF2
 1546  00002174  54000000	nop; delay slot nop
 1547  00002178          	L108_LF2:
 1548  00002178  8fa20000	lw	r2,0(r29)
 1549  0000217c  8fa30004	lw	r3,4(r29)
 1550  00002180  8fdffff8	lw	r31,-8(r30)
 1551  00002184  001ee820	add	r29,r0,r30
 1552  00002188  8fdefffc	lw	r30,-4(r30)
 1553  0000218c  4be00000	jr	r31
 1554  00002190  54000000	nop
 1555  00002194          	.endproc _min
 1556  00002194          	.align 2
 1557  00002194          	.proc _max
 1558  00002194          	.global _max
 1559  00002194          	_max:
 1560                      ;  Function 'max'; 0 bytes of locals, 2 regs to save.
 1561  00002194  afbefffc	sw	-4(r29),r30; push fp
 1562  00002198  001df020	add	r30,r0,r29; fp = sp
 1563  0000219c  afbffff8	sw	-8(r29),r31; push ret addr
 1564  000021a0  2fbd0010	subui	r29,r29,#16; alloc local storage
 1565  000021a4  afa20000	sw	0(r29),r2
 1566  000021a8  afa30004	sw	4(r29),r3
 1567  000021ac  8fc10000	lw	r1,(r30)
 1568  000021b0  8fc20004	lw	r2,4(r30)
 1569  000021b4  0022182d	sge	r3,r1,r2
 1570  000021b8  14600008	bnez	r3,L111_LF2
 1571  000021bc  54000000	nop; delay slot nop
 1572  000021c0  8fc10004	lw	r1,4(r30)
 1573  000021c4          	L111_LF2:
 1574  000021c4  08000004	j	L110_LF2
 1575  000021c8  54000000	nop; delay slot nop
 1576  000021cc          	L110_LF2:
 1577  000021cc  8fa20000	lw	r2,0(r29)
 1578  000021d0  8fa30004	lw	r3,4(r29)
 1579  000021d4  8fdffff8	lw	r31,-8(r30)
 1580  000021d8  001ee820	add	r29,r0,r30
 1581  000021dc  8fdefffc	lw	r30,-4(r30)
 1582  000021e0  4be00000	jr	r31
 1583  000021e4  54000000	nop
 1584  000021e8          	.endproc _max
 1585                      ;;; Ethan L. Miller, 1999.  Released to the public domain
 1586                      ;;;
 1587                      ;;; Most of the traps are called in files from libtraps.
 1590  000021e8          	.align 2
 1591  000021e8          	.proc _exit
 1592  000021e8          	.global _exit
 1593  000021e8          	_exit:
 1594  000021e8  44000300	trap	#0x300
 1595  000021ec  4be00000	jr	r31
 1596  000021f0  54000000	nop
 1597  000021f4          	.endproc _exit
 1599                      ; for the benefit of gcc.
 1600  000021f4          	.proc ___main
 1601  000021f4          	.global ___main
 1602  000021f4          	___main:
 1603  000021f4  4be00000	jr	r31
 1604  000021f8  54000000	nop
 1605  000021fc          	.endproc ___main
 1606  000021fc          	.text
 1607  000021fc          	.global _etext
 1608  000021fc          	_etext:
 1609  000021fc          	.align 3
 1610  00002200          	.data
 1611  000030ea          	.global _edata
 1612  000030ea          	_edata:
