 line   address	contents
    1                      ; Linked by DLX-LD.
    2                      ; MemSize 24576
    3                      ; Data size: 413
    4                      ; Text size: 5072
    5                      ; Stack size: 8192
    6  00000000          	.text 0x1000
    7  00001000          	.data 0x3000
    8                      ; Compiled by GCC
    9  00003000          	.text
   10  00001000          	.align 2
   11  00001000          	.proc _isspace
   12  00001000          	.global _isspace
   13  00001000          	_isspace:
   14                      ;  Function 'isspace'; 0 bytes of locals, 1 regs to save.
   15  00001000  afbefffc	sw	-4(r29),r30; push fp
   16  00001004  001df020	add	r30,r0,r29; fp = sp
   17  00001008  afbffff8	sw	-8(r29),r31; push ret addr
   18  0000100c  2fbd0010	subui	r29,r29,#16; alloc local storage
   19  00001010  afa20000	sw	0(r29),r2
   20  00001014  83c20003	lb	r2,3(r30)
   21  00001018  201f0000	addi	r31,r0,#0
   22  0000101c  304100ff	andi	r1,r2,#0x00ff
   23  00001020  60210020	seqi	r1,r1,#32
   24  00001024  14200018	bnez	r1,L6_LF0
   25  00001028  54000000	nop; not filled.
   26  0000102c  2041fff7	addi	r1,r2,#-9
   27  00001030  302100ff	andi	r1,r1,#0x00ff
   28  00001034  70210001	sleui	r1,r1,#1
   29  00001038  10200008	beqz	r1,L5_LF0
   30  0000103c  54000000	nop; not filled.
   31  00001040          	L6_LF0:
   32  00001040  201f0001	addi	r31,r0,#1
   33  00001044          	L5_LF0:
   34  00001044  001f0820	add	r1,r0,r31
   35  00001048  8fa20000	lw	r2,0(r29)
   36  0000104c  8fdffff8	lw	r31,-8(r30)
   37  00001050  001ee820	add	r29,r0,r30
   38  00001054  8fdefffc	lw	r30,-4(r30)
   39  00001058  4be00000	jr	r31
   40  0000105c  54000000	nop
   41  00001060          	.endproc _isspace
   42  00001060          	.align 2
   43  00001060          	.proc _isxdigit
   44  00001060          	.global _isxdigit
   45  00001060          	_isxdigit:
   46                      ;  Function 'isxdigit'; 0 bytes of locals, 1 regs to save.
   47  00001060  afbefffc	sw	-4(r29),r30; push fp
   48  00001064  001df020	add	r30,r0,r29; fp = sp
   49  00001068  afbffff8	sw	-8(r29),r31; push ret addr
   50  0000106c  2fbd0010	subui	r29,r29,#16; alloc local storage
   51  00001070  afa20000	sw	0(r29),r2
   52  00001074  83df0003	lb	r31,3(r30)
   53  00001078  20020000	addi	r2,r0,#0
   54  0000107c  23e1ffd0	addi	r1,r31,#-48
   55  00001080  302100ff	andi	r1,r1,#0x00ff
   56  00001084  70210009	sleui	r1,r1,#9
   57  00001088  14200028	bnez	r1,L12_LF0
   58  0000108c  54000000	nop; not filled.
   59  00001090  23e1ff9f	addi	r1,r31,#-97
   60  00001094  302100ff	andi	r1,r1,#0x00ff
   61  00001098  70210005	sleui	r1,r1,#5
   62  0000109c  14200014	bnez	r1,L12_LF0
   63  000010a0  54000000	nop; not filled.
   64  000010a4  33e100ff	andi	r1,r31,#0x00ff
   65  000010a8  64210041	snei	r1,r1,#65
   66  000010ac  14200008	bnez	r1,L11_LF0
   67  000010b0  54000000	nop; not filled.
   68  000010b4          	L12_LF0:
   69  000010b4  20020001	addi	r2,r0,#1
   70  000010b8          	L11_LF0:
   71  000010b8  00020820	add	r1,r0,r2
   72  000010bc  8fa20000	lw	r2,0(r29)
   73  000010c0  8fdffff8	lw	r31,-8(r30)
   74  000010c4  001ee820	add	r29,r0,r30
   75  000010c8  8fdefffc	lw	r30,-4(r30)
   76  000010cc  4be00000	jr	r31
   77  000010d0  54000000	nop
   78  000010d4          	.endproc _isxdigit
   79  000010d4          	.data
   80  00003000          	.align 2
   81  00003000          	LC0_LF0:
   82  00003000  48656c6c	.ascii "Hello World\000"
   82  00003004  6f20576f	
   82  00003008  726c6400	
   83  0000300c          	.align 2
   84  0000300c          	LC1_LF0:
   85  0000300c  676f7420	.ascii "got to producer\n\000"
   85  00003010  746f2070	
   85  00003014  726f6475	
   85  00003018  6365720a	
   85  0000301c  00      	
   86  0000301d          	.align 2
   87  00003020          	LC2_LF0:
   88  00003020  55736167	.ascii "Usage: \000"
   88  00003024  653a2000	
   89  00003028          	.align 2
   90  00003028          	LC3_LF0:
   91  00003028  203c6861	.ascii " <handle_to_shared_memory_page> <handle_to_page_mapped_semaphore>\n\000"
   91  0000302c  6e646c65	
   91  00003030  5f746f5f	
   91  00003034  73686172	
   91  00003038  65645f6d	
   91  0000303c  656d6f72	
   91  00003040  795f7061	
   91  00003044  67653e20	
   91  00003048  3c68616e	
   91  0000304c  646c655f	
   91  00003050  746f5f70	
   91  00003054  6167655f	
   91  00003058  6d617070	
   91  0000305c  65645f73	
   91  00003060  656d6170	
   91  00003064  686f7265	
   91  00003068  3e0a00  	
   92  0000306b          	.align 2
   93  0000306c          	LC4_LF0:
   94  0000306c  436f756c	.ascii "Could not map the virtual address to the memory in \000"
   94  00003070  64206e6f	
   94  00003074  74206d61	
   94  00003078  70207468	
   94  0000307c  65207669	
   94  00003080  72747561	
   94  00003084  6c206164	
   94  00003088  64726573	
   94  0000308c  7320746f	
   94  00003090  20746865	
   94  00003094  206d656d	
   94  00003098  6f727920	
   94  0000309c  696e2000	
   95  000030a0          	.align 2
   96  000030a0          	LC5_LF0:
   97  000030a0  2c206578	.ascii ", exiting...\n\000"
   97  000030a4  6974696e	
   97  000030a8  672e2e2e	
   97  000030ac  0a00    	
   98  000030ae          	.align 2
   99  000030b0          	LC6_LF0:
  100  000030b0  42616420	.ascii "Bad semaphore s_emptyslots (%d) in PID: %d \n\000"
  100  000030b4  73656d61	
  100  000030b8  70686f72	
  100  000030bc  6520735f	
  100  000030c0  656d7074	
  100  000030c4  79736c6f	
  100  000030c8  74732028	
  100  000030cc  25642920	
  100  000030d0  696e2050	
  100  000030d4  49443a20	
  100  000030d8  2564200a	
  100  000030dc  00      	
  101  000030dd          	.align 2
  102  000030e0          	LC7_LF0:
  103  000030e0  42616420	.ascii "Bad lock acquire (%d) in \000"
  103  000030e4  6c6f636b	
  103  000030e8  20616371	
  103  000030ec  75697265	
  103  000030f0  20282564	
  103  000030f4  2920696e	
  103  000030f8  2000    	
  104  000030fa          	.align 2
  105  000030fc          	LC8_LF0:
  106  000030fc  0a00    	.ascii "\n\000"
  107  000030fe          	.align 2
  108  00003100          	LC9_LF0:
  109  00003100  50726f64	.ascii "Producer %d inserted: %c\n\000"
  109  00003104  75636572	
  109  00003108  20256420	
  109  0000310c  696e7365	
  109  00003110  72746564	
  109  00003114  3a202563	
  109  00003118  0a00    	
  110  0000311a          	.align 2
  111  0000311c          	LC10_LF0:
  112  0000311c  42616420	.ascii "Bad lock release (%d) in \000"
  112  00003120  6c6f636b	
  112  00003124  2072656c	
  112  00003128  65617365	
  112  0000312c  20282564	
  112  00003130  2920696e	
  112  00003134  2000    	
  113  00003136          	.align 2
  114  00003138          	LC11_LF0:
  115  00003138  42616420	.ascii "Bad semaphore s_fullslots\n\000"
  115  0000313c  73656d61	
  115  00003140  70686f72	
  115  00003144  6520735f	
  115  00003148  66756c6c	
  115  0000314c  736c6f74	
  115  00003150  730a00  	
  116  00003153          	.align 2
  117  00003154          	LC12_LF0:
  118  00003154  70726f64	.ascii "producer: PID %d is complete.\n\000"
  118  00003158  75636572	
  118  0000315c  3a205049	
  118  00003160  44202564	
  118  00003164  20697320	
  118  00003168  636f6d70	
  118  0000316c  6c657465	
  118  00003170  2e0a00  	
  119  00003173          	.align 2
  120  00003174          	LC13_LF0:
  121  00003174  42616420	.ascii "Bad semaphore s_procs_completed (%d) in \000"
  121  00003178  73656d61	
  121  0000317c  70686f72	
  121  00003180  6520735f	
  121  00003184  70726f63	
  121  00003188  735f636f	
  121  0000318c  6d706c65	
  121  00003190  74656420	
  121  00003194  28256429	
  121  00003198  20696e20	
  121  0000319c  00      	
  122  0000319d          	.text
  123  000010d4          	.align 2
  124  000010d4          	.proc _main
  125  000010d4          	.global _main
  126  000010d4          	_main:
  127                      ;  Function 'main'; 16 bytes of locals, 0 regs to save.
  128  000010d4  afbefffc	sw	-4(r29),r30; push fp
  129  000010d8  001df020	add	r30,r0,r29; fp = sp
  130  000010dc  afbffff8	sw	-8(r29),r31; push ret addr
  131  000010e0  2fbd0018	subui	r29,r29,#24; alloc local storage
  132  000010e4  8fc20000	lw	r2,(r30)
  133  000010e8  8fc80004	lw	r8,4(r30)
  134  000010ec  0c0012d8	jal	___main
  135  000010f0  54000000	nop; not filled.
  136  000010f4  3c010000	lhi	r1,((LC0_LF0)>>16)&0xffff
  137  000010f8  24213000	addui	r1,r1,(LC0_LF0)&0xffff
  138  000010fc  802c0000	lb	r12,(r1)
  139  00001100  a3ccffe8	sb	-24(r30),r12
  140  00001104  802c0001	lb	r12,1(r1)
  141  00001108  a3ccffe9	sb	-23(r30),r12
  142  0000110c  802c0002	lb	r12,2(r1)
  143  00001110  a3ccffea	sb	-22(r30),r12
  144  00001114  802c0003	lb	r12,3(r1)
  145  00001118  a3ccffeb	sb	-21(r30),r12
  146  0000111c  802c0004	lb	r12,4(r1)
  147  00001120  a3ccffec	sb	-20(r30),r12
  148  00001124  802c0005	lb	r12,5(r1)
  149  00001128  a3ccffed	sb	-19(r30),r12
  150  0000112c  802c0006	lb	r12,6(r1)
  151  00001130  a3ccffee	sb	-18(r30),r12
  152  00001134  802c0007	lb	r12,7(r1)
  153  00001138  a3ccffef	sb	-17(r30),r12
  154  0000113c  802c0008	lb	r12,8(r1)
  155  00001140  a3ccfff0	sb	-16(r30),r12
  156  00001144  802c0009	lb	r12,9(r1)
  157  00001148  a3ccfff1	sb	-15(r30),r12
  158  0000114c  802c000a	lb	r12,10(r1)
  159  00001150  a3ccfff2	sb	-14(r30),r12
  160  00001154  8021000b	lb	r1,11(r1)
  161  00001158  a3c1fff3	sb	-13(r30),r1
  162  0000115c  20070000	addi	r7,r0,#0
  163  00001160  23bdfff8	addi	r29,r29,#-8
  164  00001164  3c0c0000	lhi	r12,((LC1_LF0)>>16)&0xffff
  165  00001168  258c300c	addui	r12,r12,(LC1_LF0)&0xffff
  166  0000116c  afac0000	sw	(r29),r12
  167  00001170  0c00044c	jal	_Printf
  168  00001174  54000000	nop; not filled.
  169  00001178  23bd0008	addi	r29,r29,#8
  170  0000117c  64410006	snei	r1,r2,#6
  171  00001180  1020004c	beqz	r1,L14_LF0
  172  00001184  54000000	nop; not filled.
  173  00001188  23bdfff8	addi	r29,r29,#-8
  174  0000118c  3c0c0000	lhi	r12,((LC2_LF0)>>16)&0xffff
  175  00001190  258c3020	addui	r12,r12,(LC2_LF0)&0xffff
  176  00001194  afac0000	sw	(r29),r12
  177  00001198  0c000424	jal	_Printf
  178  0000119c  54000000	nop; not filled.
  179  000011a0  8d0c0000	lw	r12,(r8)
  180  000011a4  afac0000	sw	(r29),r12
  181  000011a8  0c000414	jal	_Printf
  182  000011ac  54000000	nop; not filled.
  183  000011b0  3c0c0000	lhi	r12,((LC3_LF0)>>16)&0xffff
  184  000011b4  258c3028	addui	r12,r12,(LC3_LF0)&0xffff
  185  000011b8  afac0000	sw	(r29),r12
  186  000011bc  0c000400	jal	_Printf
  187  000011c0  54000000	nop; not filled.
  188  000011c4  0c0004ac	jal	_Exit
  189  000011c8  54000000	nop; not filled.
  190  000011cc  23bd0008	addi	r29,r29,#8
  191  000011d0          	L14_LF0:
  192  000011d0  23bdfff0	addi	r29,r29,#-16
  193  000011d4  8d0c0004	lw	r12,4(r8)
  194  000011d8  afac0000	sw	(r29),r12
  195  000011dc  200c0000	addi	r12,r0,#0
  196  000011e0  afac0004	sw	4(r29),r12
  197  000011e4  200c000a	addi	r12,r0,#10
  198  000011e8  afac0008	sw	8(r29),r12
  199  000011ec  0c000d30	jal	_dstrtol
  200  000011f0  54000000	nop; not filled.
  201  000011f4  00011020	add	r2,r0,r1
  202  000011f8  8d0c0008	lw	r12,8(r8)
  203  000011fc  afac0000	sw	(r29),r12
  204  00001200  200c0000	addi	r12,r0,#0
  205  00001204  afac0004	sw	4(r29),r12
  206  00001208  200c000a	addi	r12,r0,#10
  207  0000120c  afac0008	sw	8(r29),r12
  208  00001210  0c000d0c	jal	_dstrtol
  209  00001214  54000000	nop; not filled.
  210  00001218  00015820	add	r11,r0,r1
  211  0000121c  8d0c000c	lw	r12,12(r8)
  212  00001220  afac0000	sw	(r29),r12
  213  00001224  200c0000	addi	r12,r0,#0
  214  00001228  afac0004	sw	4(r29),r12
  215  0000122c  200c000a	addi	r12,r0,#10
  216  00001230  afac0008	sw	8(r29),r12
  217  00001234  0c000ce8	jal	_dstrtol
  218  00001238  54000000	nop; not filled.
  219  0000123c  00013020	add	r6,r0,r1
  220  00001240  8d0c0010	lw	r12,16(r8)
  221  00001244  afac0000	sw	(r29),r12
  222  00001248  200c0000	addi	r12,r0,#0
  223  0000124c  afac0004	sw	4(r29),r12
  224  00001250  200c000a	addi	r12,r0,#10
  225  00001254  afac0008	sw	8(r29),r12
  226  00001258  0c000cc4	jal	_dstrtol
  227  0000125c  54000000	nop; not filled.
  228  00001260  00015020	add	r10,r0,r1
  229  00001264  8d0c0014	lw	r12,20(r8)
  230  00001268  afac0000	sw	(r29),r12
  231  0000126c  200c0000	addi	r12,r0,#0
  232  00001270  afac0004	sw	4(r29),r12
  233  00001274  200c000a	addi	r12,r0,#10
  234  00001278  afac0008	sw	8(r29),r12
  235  0000127c  0c000ca0	jal	_dstrtol
  236  00001280  54000000	nop; not filled.
  237  00001284  00014820	add	r9,r0,r1
  238  00001288  afa20000	sw	(r29),r2
  239  0000128c  0c000360	jal	_shmat
  240  00001290  54000000	nop; not filled.
  241  00001294  00012820	add	r5,r0,r1
  242  00001298  23bd0010	addi	r29,r29,#16
  243  0000129c  64a10000	snei	r1,r5,#0
  244  000012a0  1420004c	bnez	r1,L18_LF0
  245  000012a4  54000000	nop; not filled.
  246  000012a8  23bdfff8	addi	r29,r29,#-8
  247  000012ac  3c0c0000	lhi	r12,((LC4_LF0)>>16)&0xffff
  248  000012b0  258c306c	addui	r12,r12,(LC4_LF0)&0xffff
  249  000012b4  afac0000	sw	(r29),r12
  250  000012b8  0c000304	jal	_Printf
  251  000012bc  54000000	nop; not filled.
  252  000012c0  8d0c0000	lw	r12,(r8)
  253  000012c4  afac0000	sw	(r29),r12
  254  000012c8  0c0002f4	jal	_Printf
  255  000012cc  54000000	nop; not filled.
  256  000012d0  3c0c0000	lhi	r12,((LC5_LF0)>>16)&0xffff
  257  000012d4  258c30a0	addui	r12,r12,(LC5_LF0)&0xffff
  258  000012d8  afac0000	sw	(r29),r12
  259  000012dc  0c0002e0	jal	_Printf
  260  000012e0  54000000	nop; not filled.
  261  000012e4  0c00038c	jal	_Exit
  262  000012e8  54000000	nop; not filled.
  263  000012ec  23bd0008	addi	r29,r29,#8
  264  000012f0          	L18_LF0:
  265  000012f0  23bdfff8	addi	r29,r29,#-8
  266  000012f4  afa90000	sw	(r29),r9
  267  000012f8  0c00030c	jal	_sem_wait
  268  000012fc  54000000	nop; not filled.
  269  00001300  23bd0008	addi	r29,r29,#8
  270  00001304  64210001	snei	r1,r1,#1
  271  00001308  10200038	beqz	r1,L19_LF0
  272  0000130c  54000000	nop; not filled.
  273  00001310  0c0002b8	jal	_getpid
  274  00001314  54000000	nop; not filled.
  275  00001318  23bdfff0	addi	r29,r29,#-16
  276  0000131c  3c0c0000	lhi	r12,((LC6_LF0)>>16)&0xffff
  277  00001320  258c30b0	addui	r12,r12,(LC6_LF0)&0xffff
  278  00001324  afac0000	sw	(r29),r12
  279  00001328  afa90004	sw	4(r29),r9
  280  0000132c  afa10008	sw	8(r29),r1
  281  00001330  0c00028c	jal	_Printf
  282  00001334  54000000	nop; not filled.
  283  00001338  0c000338	jal	_Exit
  284  0000133c  54000000	nop; not filled.
  285  00001340  23bd0010	addi	r29,r29,#16
  286  00001344          	L19_LF0:
  287  00001344  23bdfff8	addi	r29,r29,#-8
  288  00001348  afa60000	sw	(r29),r6
  289  0000134c  0c0002dc	jal	_lock_acquire
  290  00001350  54000000	nop; not filled.
  291  00001354  23bd0008	addi	r29,r29,#8
  292  00001358  64210001	snei	r1,r1,#1
  293  0000135c  10200050	beqz	r1,L20_LF0
  294  00001360  54000000	nop; not filled.
  295  00001364  23bdfff8	addi	r29,r29,#-8
  296  00001368  3c0c0000	lhi	r12,((LC7_LF0)>>16)&0xffff
  297  0000136c  258c30e0	addui	r12,r12,(LC7_LF0)&0xffff
  298  00001370  afac0000	sw	(r29),r12
  299  00001374  afa60004	sw	4(r29),r6
  300  00001378  0c000244	jal	_Printf
  301  0000137c  54000000	nop; not filled.
  302  00001380  8d0c0000	lw	r12,(r8)
  303  00001384  afac0000	sw	(r29),r12
  304  00001388  0c000234	jal	_Printf
  305  0000138c  54000000	nop; not filled.
  306  00001390  3c0c0000	lhi	r12,((LC8_LF0)>>16)&0xffff
  307  00001394  258c30fc	addui	r12,r12,(LC8_LF0)&0xffff
  308  00001398  afac0000	sw	(r29),r12
  309  0000139c  0c000220	jal	_Printf
  310  000013a0  54000000	nop; not filled.
  311  000013a4  0c0002cc	jal	_Exit
  312  000013a8  54000000	nop; not filled.
  313  000013ac  23bd0008	addi	r29,r29,#8
  314  000013b0          	L20_LF0:
  315  000013b0  8ca10010	lw	r1,16(r5)
  316  000013b4  00a11020	add	r2,r5,r1
  317  000013b8  23c1ffe8	addi	r1,r30,#-24
  318  000013bc  00272020	add	r4,r1,r7
  319  000013c0  808c0000	lb	r12,(r4)
  320  000013c4  a04c0000	sb	(r2),r12
  321  000013c8  8ca10010	lw	r1,16(r5)
  322  000013cc  20230001	addi	r3,r1,#1
  323  000013d0  2001000b	addi	r1,r0,#11
  324  000013d4  00600035	movi2fp	f0,r3
  325  000013d8  00200835	movi2fp	f1,r1
  326  000013dc  0401000f	div	f0,f0,f1
  327  000013e0  00001034	movfp2i	r2,f0
  328  000013e4  50410001	slli	r1,r2,#0x1
  329  000013e8  00220820	add	r1,r1,r2
  330  000013ec  50210002	slli	r1,r1,#0x2
  331  000013f0  00220822	sub	r1,r1,r2
  332  000013f4  00610822	sub	r1,r3,r1
  333  000013f8  aca10010	sw	16(r5),r1
  334  000013fc  0c0001cc	jal	_getpid
  335  00001400  54000000	nop; not filled.
  336  00001404  23bdfff0	addi	r29,r29,#-16
  337  00001408  3c0c0000	lhi	r12,((LC9_LF0)>>16)&0xffff
  338  0000140c  258c3100	addui	r12,r12,(LC9_LF0)&0xffff
  339  00001410  afac0000	sw	(r29),r12
  340  00001414  afa10004	sw	4(r29),r1
  341  00001418  90810000	lbu	r1,(r4)
  342  0000141c  afa10008	sw	8(r29),r1
  343  00001420  0c00019c	jal	_Printf
  344  00001424  54000000	nop; not filled.
  345  00001428  20e70001	addi	r7,r7,#1
  346  0000142c  afa60000	sw	(r29),r6
  347  00001430  0c000204	jal	_lock_release
  348  00001434  54000000	nop; not filled.
  349  00001438  23bd0010	addi	r29,r29,#16
  350  0000143c  64210001	snei	r1,r1,#1
  351  00001440  10200050	beqz	r1,L21_LF0
  352  00001444  54000000	nop; not filled.
  353  00001448  23bdfff8	addi	r29,r29,#-8
  354  0000144c  3c0c0000	lhi	r12,((LC10_LF0)>>16)&0xffff
  355  00001450  258c311c	addui	r12,r12,(LC10_LF0)&0xffff
  356  00001454  afac0000	sw	(r29),r12
  357  00001458  afa60004	sw	4(r29),r6
  358  0000145c  0c000160	jal	_Printf
  359  00001460  54000000	nop; not filled.
  360  00001464  8d0c0000	lw	r12,(r8)
  361  00001468  afac0000	sw	(r29),r12
  362  0000146c  0c000150	jal	_Printf
  363  00001470  54000000	nop; not filled.
  364  00001474  3c0c0000	lhi	r12,((LC8_LF0)>>16)&0xffff
  365  00001478  258c30fc	addui	r12,r12,(LC8_LF0)&0xffff
  366  0000147c  afac0000	sw	(r29),r12
  367  00001480  0c00013c	jal	_Printf
  368  00001484  54000000	nop; not filled.
  369  00001488  0c0001e8	jal	_Exit
  370  0000148c  54000000	nop; not filled.
  371  00001490  23bd0008	addi	r29,r29,#8
  372  00001494          	L21_LF0:
  373  00001494  23bdfff8	addi	r29,r29,#-8
  374  00001498  afaa0000	sw	(r29),r10
  375  0000149c  0c000174	jal	_sem_signal
  376  000014a0  54000000	nop; not filled.
  377  000014a4  23bd0008	addi	r29,r29,#8
  378  000014a8  64210001	snei	r1,r1,#1
  379  000014ac  10200028	beqz	r1,L16_LF0
  380  000014b0  54000000	nop; not filled.
  381  000014b4  23bdfff8	addi	r29,r29,#-8
  382  000014b8  3c0c0000	lhi	r12,((LC11_LF0)>>16)&0xffff
  383  000014bc  258c3138	addui	r12,r12,(LC11_LF0)&0xffff
  384  000014c0  afac0000	sw	(r29),r12
  385  000014c4  0c0000f8	jal	_Printf
  386  000014c8  54000000	nop; not filled.
  387  000014cc  0c0001a4	jal	_Exit
  388  000014d0  54000000	nop; not filled.
  389  000014d4  23bd0008	addi	r29,r29,#8
  390  000014d8          	L16_LF0:
  391  000014d8  70e1000a	slei	r1,r7,#10
  392  000014dc  1420fe10	bnez	r1,L18_LF0
  393  000014e0  54000000	nop; not filled.
  394  000014e4  0c0000e4	jal	_getpid
  395  000014e8  54000000	nop; not filled.
  396  000014ec  23bdfff8	addi	r29,r29,#-8
  397  000014f0  3c0c0000	lhi	r12,((LC12_LF0)>>16)&0xffff
  398  000014f4  258c3154	addui	r12,r12,(LC12_LF0)&0xffff
  399  000014f8  afac0000	sw	(r29),r12
  400  000014fc  afa10004	sw	4(r29),r1
  401  00001500  0c0000bc	jal	_Printf
  402  00001504  54000000	nop; not filled.
  403  00001508  afab0000	sw	(r29),r11
  404  0000150c  0c000104	jal	_sem_signal
  405  00001510  54000000	nop; not filled.
  406  00001514  23bd0008	addi	r29,r29,#8
  407  00001518  64210001	snei	r1,r1,#1
  408  0000151c  10200050	beqz	r1,L24_LF0
  409  00001520  54000000	nop; not filled.
  410  00001524  23bdfff8	addi	r29,r29,#-8
  411  00001528  3c0c0000	lhi	r12,((LC13_LF0)>>16)&0xffff
  412  0000152c  258c3174	addui	r12,r12,(LC13_LF0)&0xffff
  413  00001530  afac0000	sw	(r29),r12
  414  00001534  afab0004	sw	4(r29),r11
  415  00001538  0c000084	jal	_Printf
  416  0000153c  54000000	nop; not filled.
  417  00001540  8d080000	lw	r8,(r8)
  418  00001544  afa80000	sw	(r29),r8
  419  00001548  0c000074	jal	_Printf
  420  0000154c  54000000	nop; not filled.
  421  00001550  3c0c0000	lhi	r12,((LC5_LF0)>>16)&0xffff
  422  00001554  258c30a0	addui	r12,r12,(LC5_LF0)&0xffff
  423  00001558  afac0000	sw	(r29),r12
  424  0000155c  0c000060	jal	_Printf
  425  00001560  54000000	nop; not filled.
  426  00001564  0c00010c	jal	_Exit
  427  00001568  54000000	nop; not filled.
  428  0000156c  23bd0008	addi	r29,r29,#8
  429  00001570          	L24_LF0:
  430  00001570  0c000e48	jal	_exit
  431  00001574  54000000	nop
  432  00001578          	.endproc _main
  433                      ;;;
  434                      ;;; Stub functions for DLX traps.
  435                      ;;;
  436                      ;;; Ethan L. Miller, 1999.  Released to the public domain.
  437                      ;;;
  438                      ;;; The traps such as Open and Close
  439                      ;;; (note the capital letters) are for use by user programs.  The traps
  440                      ;;; with names such as open and close (lower case) are for use by the OS.
  441                      ;;;
  444  00001578          	.align 2
  446                      ;;; The following are the traps to be used by user-level programs
  447                      ;;;
  449  00001578          	.align 2
  450  00001578          	.proc _Open
  451  00001578          	.global _Open
  452  00001578          	_Open:
  453                      ;;; Note that trap #0x213 actually causes a trap vector in the OS of
  454                      ;;; 0x1213.  The same is true for other user traps.  Thus, a user trap
  455                      ;;; with trap #0x240 will result in a trap vector of 0x1240 in the OS.
  456  00001578  44000213	trap	#0x213
  457  0000157c  4be00000	jr	r31
  458  00001580  54000000	nop
  459  00001584          	.endproc _Open
  461  00001584          	.proc _Close
  462  00001584          	.global _Close
  463  00001584          	_Close:
  464  00001584  44000214	trap	#0x214
  465  00001588  4be00000	jr	r31
  466  0000158c  54000000	nop
  467  00001590          	.endproc _Close
  469  00001590          	.proc _Read
  470  00001590          	.global _Read
  471  00001590          	_Read:
  472  00001590  44000210	trap	#0x210
  473  00001594  4be00000	jr	r31
  474  00001598  54000000	nop
  475  0000159c          	.endproc _Read
  477  0000159c          	.proc _Write
  478  0000159c          	.global _Write
  479  0000159c          	_Write:
  480  0000159c  44000211	trap	#0x211
  481  000015a0  4be00000	jr	r31
  482  000015a4  54000000	nop
  483  000015a8          	.endproc _Write
  485  000015a8          	.proc _Lseek
  486  000015a8          	.global _Lseek
  487  000015a8          	_Lseek:
  488  000015a8  44000212	trap	#0x212
  489  000015ac  4be00000	jr	r31
  490  000015b0  54000000	nop
  491  000015b4          	.endproc _Lseek
  493  000015b4          	.proc _Putchar
  494  000015b4          	.global _Putchar
  495  000015b4          	_Putchar:
  496  000015b4  44000280	trap	#0x280
  497  000015b8  4be00000	jr	r31
  498  000015bc  54000000	nop
  499  000015c0          	.endproc _Putchar
  501  000015c0          	.proc _Printf
  502  000015c0          	.global _Printf
  503  000015c0          	_Printf:
  504  000015c0  44000201	trap	#0x201
  505  000015c4  4be00000	jr	r31
  506  000015c8  54000000	nop
  507  000015cc          	.endproc _Printf
  509  000015cc          	.proc _getpid
  510  000015cc          	.global _getpid
  511  000015cc          	_getpid:
  512  000015cc  44000431	trap	#0x431
  513  000015d0  4be00000	jr	r31
  514  000015d4  54000000	nop
  515  000015d8          	.endproc _getpid
  517  000015d8          	.proc _process_create
  518  000015d8          	.global _process_create
  519  000015d8          	_process_create:
  520  000015d8  44000432	trap	#0x432
  521  000015dc  4be00000	jr	r31
  522  000015e0  54000000	nop
  523  000015e4          	.endproc _process_create
  525  000015e4          	.proc _shmget
  526  000015e4          	.global _shmget
  527  000015e4          	_shmget:
  528  000015e4  44000440	trap	#0x440
  529  000015e8  4be00000	jr	r31
  530  000015ec  54000000	nop
  531  000015f0          	.endproc _shmget
  533  000015f0          	.proc _shmat
  534  000015f0          	.global _shmat
  535  000015f0          	_shmat:
  536  000015f0  44000441	trap	#0x441
  537  000015f4  4be00000	jr	r31
  538  000015f8  54000000	nop
  539  000015fc          	.endproc _shmat
  541  000015fc          	.proc _sem_create
  542  000015fc          	.global _sem_create
  543  000015fc          	_sem_create:
  544  000015fc  44000450	trap	#0x450
  545  00001600  4be00000	jr	r31
  546  00001604  54000000	nop
  547  00001608          	.endproc _sem_create
  549  00001608          	.proc _sem_wait
  550  00001608          	.global _sem_wait
  551  00001608          	_sem_wait:
  552  00001608  44000451	trap	#0x451
  553  0000160c  4be00000	jr	r31
  554  00001610  54000000	nop
  555  00001614          	.endproc _sem_wait
  557  00001614          	.proc _sem_signal
  558  00001614          	.global _sem_signal
  559  00001614          	_sem_signal:
  560  00001614  44000452	trap	#0x452
  561  00001618  4be00000	jr	r31
  562  0000161c  54000000	nop
  563  00001620          	.endproc _sem_signal
  565  00001620          	.proc _lock_create
  566  00001620          	.global _lock_create
  567  00001620          	_lock_create:
  568  00001620  44000453	trap	#0x453
  569  00001624  4be00000	jr	r31
  570  00001628  54000000	nop
  571  0000162c          	.endproc _lock_create
  573  0000162c          	.proc _lock_acquire
  574  0000162c          	.global _lock_acquire
  575  0000162c          	_lock_acquire:
  576  0000162c  44000454	trap	#0x454
  577  00001630  4be00000	jr	r31
  578  00001634  54000000	nop
  579  00001638          	.endproc _lock_acquire
  581  00001638          	.proc _lock_release
  582  00001638          	.global _lock_release
  583  00001638          	_lock_release:
  584  00001638  44000455	trap	#0x455
  585  0000163c  4be00000	jr	r31
  586  00001640  54000000	nop
  587  00001644          	.endproc _lock_release
  589  00001644          	.proc _cond_create
  590  00001644          	.global _cond_create
  591  00001644          	_cond_create:
  592  00001644  44000456	trap	#0x456
  593  00001648  4be00000	jr	r31
  594  0000164c  54000000	nop
  595  00001650          	.endproc _cond_create
  597  00001650          	.proc _cond_wait
  598  00001650          	.global _cond_wait
  599  00001650          	_cond_wait:
  600  00001650  44000457	trap	#0x457
  601  00001654  4be00000	jr	r31
  602  00001658  54000000	nop
  603  0000165c          	.endproc _cond_wait
  605  0000165c          	.proc _cond_signal
  606  0000165c          	.global _cond_signal
  607  0000165c          	_cond_signal:
  608  0000165c  44000458	trap	#0x458
  609  00001660  4be00000	jr	r31
  610  00001664  54000000	nop
  611  00001668          	.endproc _cond_signal
  613  00001668          	.proc _cond_broadcast
  614  00001668          	.global _cond_broadcast
  615  00001668          	_cond_broadcast:
  616  00001668  44000455	trap	#0x455
  617  0000166c  4be00000	jr	r31
  618  00001670  54000000	nop
  619  00001674          	.endproc _cond_broadcast
  621  00001674          	.proc _Exit
  622  00001674          	.global _Exit
  623  00001674          	_Exit:
  624  00001674  44000500	trap	#0x500
  625  00001678  4be00000	jr	r31
  626  0000167c  54000000	nop
  627  00001680          	.endproc _Exit
  628                      ; Compiled by GCC
  630  00001680          	.align 2
  631  00001680          	.proc _isspace
  632  00001680          	.global _isspace
  633  00001680          	_isspace:
  634                      ;  Function 'isspace'; 0 bytes of locals, 3 regs to save.
  635  00001680  afbefffc	sw	-4(r29),r30; push fp
  636  00001684  001df020	add	r30,r0,r29; fp = sp
  637  00001688  afbffff8	sw	-8(r29),r31; push ret addr
  638  0000168c  2fbd0018	subui	r29,r29,#24; alloc local storage
  639  00001690  afa20000	sw	0(r29),r2
  640  00001694  afa30004	sw	4(r29),r3
  641  00001698  afa40008	sw	8(r29),r4
  642  0000169c  83c20003	lb	r2,3(r30)
  643  000016a0  20010000	addi	r1,r0,#0
  644  000016a4  304300ff	andi	r3,r2,#0x00ff
  645  000016a8  60640020	seqi	r4,r3,#32
  646  000016ac  1480002c	bnez	r4,L3_LF2
  647  000016b0  54000000	nop; delay slot nop
  648  000016b4  304300ff	andi	r3,r2,#0x00ff
  649  000016b8  60640009	seqi	r4,r3,#9
  650  000016bc  1480001c	bnez	r4,L3_LF2
  651  000016c0  54000000	nop; delay slot nop
  652  000016c4  304300ff	andi	r3,r2,#0x00ff
  653  000016c8  6064000a	seqi	r4,r3,#10
  654  000016cc  1480000c	bnez	r4,L3_LF2
  655  000016d0  54000000	nop; delay slot nop
  656  000016d4  08000008	j	L2_LF2
  657  000016d8  54000000	nop; delay slot nop
  658  000016dc          	L3_LF2:
  659  000016dc  20010001	addi	r1,r0,#1
  660  000016e0          	L2_LF2:
  661  000016e0  08000004	j	L1_LF2
  662  000016e4  54000000	nop; delay slot nop
  663  000016e8          	L1_LF2:
  664  000016e8  8fa20000	lw	r2,0(r29)
  665  000016ec  8fa30004	lw	r3,4(r29)
  666  000016f0  8fa40008	lw	r4,8(r29)
  667  000016f4  8fdffff8	lw	r31,-8(r30)
  668  000016f8  001ee820	add	r29,r0,r30
  669  000016fc  8fdefffc	lw	r30,-4(r30)
  670  00001700  4be00000	jr	r31
  671  00001704  54000000	nop
  672  00001708          	.endproc _isspace
  673  00001708          	.align 2
  674  00001708          	.proc _isxdigit
  675  00001708          	.global _isxdigit
  676  00001708          	_isxdigit:
  677                      ;  Function 'isxdigit'; 0 bytes of locals, 3 regs to save.
  678  00001708  afbefffc	sw	-4(r29),r30; push fp
  679  0000170c  001df020	add	r30,r0,r29; fp = sp
  680  00001710  afbffff8	sw	-8(r29),r31; push ret addr
  681  00001714  2fbd0018	subui	r29,r29,#24; alloc local storage
  682  00001718  afa20000	sw	0(r29),r2
  683  0000171c  afa30004	sw	4(r29),r3
  684  00001720  afa40008	sw	8(r29),r4
  685  00001724  83c20003	lb	r2,3(r30)
  686  00001728  20010000	addi	r1,r0,#0
  687  0000172c  304300ff	andi	r3,r2,#0x00ff
  688  00001730  6c64002f	sgtui	r4,r3,#47
  689  00001734  1080001c	beqz	r4,L7_LF2
  690  00001738  54000000	nop; delay slot nop
  691  0000173c  304300ff	andi	r3,r2,#0x00ff
  692  00001740  70640039	sleui	r4,r3,#57
  693  00001744  1480005c	bnez	r4,L6_LF2
  694  00001748  54000000	nop; delay slot nop
  695  0000174c  08000004	j	L7_LF2
  696  00001750  54000000	nop; delay slot nop
  697  00001754          	L7_LF2:
  698  00001754  304300ff	andi	r3,r2,#0x00ff
  699  00001758  6c640060	sgtui	r4,r3,#96
  700  0000175c  1080001c	beqz	r4,L8_LF2
  701  00001760  54000000	nop; delay slot nop
  702  00001764  304300ff	andi	r3,r2,#0x00ff
  703  00001768  70640066	sleui	r4,r3,#102
  704  0000176c  14800034	bnez	r4,L6_LF2
  705  00001770  54000000	nop; delay slot nop
  706  00001774  08000004	j	L8_LF2
  707  00001778  54000000	nop; delay slot nop
  708  0000177c          	L8_LF2:
  709  0000177c  304300ff	andi	r3,r2,#0x00ff
  710  00001780  6c640040	sgtui	r4,r3,#64
  711  00001784  10800020	beqz	r4,L5_LF2
  712  00001788  54000000	nop; delay slot nop
  713  0000178c  304300ff	andi	r3,r2,#0x00ff
  714  00001790  70640041	sleui	r4,r3,#65
  715  00001794  1480000c	bnez	r4,L6_LF2
  716  00001798  54000000	nop; delay slot nop
  717  0000179c  08000008	j	L5_LF2
  718  000017a0  54000000	nop; delay slot nop
  719  000017a4          	L6_LF2:
  720  000017a4  20010001	addi	r1,r0,#1
  721  000017a8          	L5_LF2:
  722  000017a8  08000004	j	L4_LF2
  723  000017ac  54000000	nop; delay slot nop
  724  000017b0          	L4_LF2:
  725  000017b0  8fa20000	lw	r2,0(r29)
  726  000017b4  8fa30004	lw	r3,4(r29)
  727  000017b8  8fa40008	lw	r4,8(r29)
  728  000017bc  8fdffff8	lw	r31,-8(r30)
  729  000017c0  001ee820	add	r29,r0,r30
  730  000017c4  8fdefffc	lw	r30,-4(r30)
  731  000017c8  4be00000	jr	r31
  732  000017cc  54000000	nop
  733  000017d0          	.endproc _isxdigit
  734  000017d0          	.align 2
  735  000017d0          	.proc _dstrcpy
  736  000017d0          	.global _dstrcpy
  737  000017d0          	_dstrcpy:
  738                      ;  Function 'dstrcpy'; 8 bytes of locals, 2 regs to save.
  739  000017d0  afbefffc	sw	-4(r29),r30; push fp
  740  000017d4  001df020	add	r30,r0,r29; fp = sp
  741  000017d8  afbffff8	sw	-8(r29),r31; push ret addr
  742  000017dc  2fbd0018	subui	r29,r29,#24; alloc local storage
  743  000017e0  afa20000	sw	0(r29),r2
  744  000017e4  afa30004	sw	4(r29),r3
  745  000017e8  8fc10000	lw	r1,(r30)
  746  000017ec  afc1fff4	sw	-12(r30),r1
  747  000017f0          	L10_LF2:
  748  000017f0  8fc10000	lw	r1,(r30)
  749  000017f4  20220001	addi	r2,r1,#1
  750  000017f8  afc20000	sw	(r30),r2
  751  000017fc  8fc20004	lw	r2,4(r30)
  752  00001800  20430001	addi	r3,r2,#1
  753  00001804  afc30004	sw	4(r30),r3
  754  00001808  80420000	lb	r2,(r2)
  755  0000180c  a0220000	sb	(r1),r2
  756  00001810  a3c2fff3	sb	-13(r30),r2
  757  00001814          	L12_LF2:
  758  00001814  93c1fff3	lbu	r1,-13(r30)
  759  00001818  64220000	snei	r2,r1,#0
  760  0000181c  1440000c	bnez	r2,L13_LF2
  761  00001820  54000000	nop; delay slot nop
  762  00001824  0800000c	j	L11_LF2
  763  00001828  54000000	nop; delay slot nop
  764  0000182c          	L13_LF2:
  765  0000182c  0bffffc0	j	L10_LF2
  766  00001830  54000000	nop; delay slot nop
  767  00001834          	L11_LF2:
  768  00001834  8fc1fff4	lw	r1,-12(r30)
  769  00001838  08000004	j	L9_LF2
  770  0000183c  54000000	nop; delay slot nop
  771  00001840          	L9_LF2:
  772  00001840  8fa20000	lw	r2,0(r29)
  773  00001844  8fa30004	lw	r3,4(r29)
  774  00001848  8fdffff8	lw	r31,-8(r30)
  775  0000184c  001ee820	add	r29,r0,r30
  776  00001850  8fdefffc	lw	r30,-4(r30)
  777  00001854  4be00000	jr	r31
  778  00001858  54000000	nop
  779  0000185c          	.endproc _dstrcpy
  780  0000185c          	.align 2
  781  0000185c          	.proc _dstrncpy
  782  0000185c          	.global _dstrncpy
  783  0000185c          	_dstrncpy:
  784                      ;  Function 'dstrncpy'; 8 bytes of locals, 2 regs to save.
  785  0000185c  afbefffc	sw	-4(r29),r30; push fp
  786  00001860  001df020	add	r30,r0,r29; fp = sp
  787  00001864  afbffff8	sw	-8(r29),r31; push ret addr
  788  00001868  2fbd0018	subui	r29,r29,#24; alloc local storage
  789  0000186c  afa20000	sw	0(r29),r2
  790  00001870  afa30004	sw	4(r29),r3
  791  00001874  8fc10000	lw	r1,(r30)
  792  00001878  afc1fff4	sw	-12(r30),r1
  793  0000187c          	L15_LF2:
  794  0000187c  8fc10008	lw	r1,8(r30)
  795  00001880  2022ffff	addi	r2,r1,#-1
  796  00001884  afc20008	sw	8(r30),r2
  797  00001888  70210000	slei	r1,r1,#0
  798  0000188c  1020000c	beqz	r1,L18_LF2
  799  00001890  54000000	nop; delay slot nop
  800  00001894  08000048	j	L16_LF2
  801  00001898  54000000	nop; delay slot nop
  802  0000189c          	L18_LF2:
  803  0000189c  8fc10000	lw	r1,(r30)
  804  000018a0  20220001	addi	r2,r1,#1
  805  000018a4  afc20000	sw	(r30),r2
  806  000018a8  8fc20004	lw	r2,4(r30)
  807  000018ac  20430001	addi	r3,r2,#1
  808  000018b0  afc30004	sw	4(r30),r3
  809  000018b4  80420000	lb	r2,(r2)
  810  000018b8  a0220000	sb	(r1),r2
  811  000018bc  a3c2fff3	sb	-13(r30),r2
  812  000018c0          	L17_LF2:
  813  000018c0  93c1fff3	lbu	r1,-13(r30)
  814  000018c4  64220000	snei	r2,r1,#0
  815  000018c8  1440000c	bnez	r2,L19_LF2
  816  000018cc  54000000	nop; delay slot nop
  817  000018d0  0800000c	j	L16_LF2
  818  000018d4  54000000	nop; delay slot nop
  819  000018d8          	L19_LF2:
  820  000018d8  0bffffa0	j	L15_LF2
  821  000018dc  54000000	nop; delay slot nop
  822  000018e0          	L16_LF2:
  823  000018e0  8fc1fff4	lw	r1,-12(r30)
  824  000018e4  08000004	j	L14_LF2
  825  000018e8  54000000	nop; delay slot nop
  826  000018ec          	L14_LF2:
  827  000018ec  8fa20000	lw	r2,0(r29)
  828  000018f0  8fa30004	lw	r3,4(r29)
  829  000018f4  8fdffff8	lw	r31,-8(r30)
  830  000018f8  001ee820	add	r29,r0,r30
  831  000018fc  8fdefffc	lw	r30,-4(r30)
  832  00001900  4be00000	jr	r31
  833  00001904  54000000	nop
  834  00001908          	.endproc _dstrncpy
  835  00001908          	.align 2
  836  00001908          	.proc _dstrcat
  837  00001908          	.global _dstrcat
  838  00001908          	_dstrcat:
  839                      ;  Function 'dstrcat'; 8 bytes of locals, 1 regs to save.
  840  00001908  afbefffc	sw	-4(r29),r30; push fp
  841  0000190c  001df020	add	r30,r0,r29; fp = sp
  842  00001910  afbffff8	sw	-8(r29),r31; push ret addr
  843  00001914  2fbd0018	subui	r29,r29,#24; alloc local storage
  844  00001918  afa20000	sw	0(r29),r2
  845  0000191c  8fc10000	lw	r1,(r30)
  846  00001920  afc1fff4	sw	-12(r30),r1
  847  00001924          	L21_LF2:
  848  00001924  8fc10000	lw	r1,(r30)
  849  00001928  90220000	lbu	r2,(r1)
  850  0000192c  64410000	snei	r1,r2,#0
  851  00001930  1420000c	bnez	r1,L23_LF2
  852  00001934  54000000	nop; delay slot nop
  853  00001938  0800001c	j	L22_LF2
  854  0000193c  54000000	nop; delay slot nop
  855  00001940          	L23_LF2:
  856  00001940  8fc20000	lw	r2,(r30)
  857  00001944  20410001	addi	r1,r2,#1
  858  00001948  00011020	add	r2,r0,r1
  859  0000194c  afc20000	sw	(r30),r2
  860  00001950  0bffffd0	j	L21_LF2
  861  00001954  54000000	nop; delay slot nop
  862  00001958          	L22_LF2:
  863  00001958  23bdfff8	addi	r29,r29,#-8
  864  0000195c  001d0820	add	r1,r0,r29
  865  00001960  8fc20000	lw	r2,(r30)
  866  00001964  ac220000	sw	(r1),r2
  867  00001968  8fc20004	lw	r2,4(r30)
  868  0000196c  ac220004	sw	4(r1),r2
  869  00001970  0ffffe5c	jal	_dstrcpy
  870  00001974  54000000	nop; delay slot nop
  871  00001978  23bd0008	addi	r29,r29,#8
  872  0000197c  8fc1fff4	lw	r1,-12(r30)
  873  00001980  08000004	j	L20_LF2
  874  00001984  54000000	nop; delay slot nop
  875  00001988          	L20_LF2:
  876  00001988  8fa20000	lw	r2,0(r29)
  877  0000198c  8fdffff8	lw	r31,-8(r30)
  878  00001990  001ee820	add	r29,r0,r30
  879  00001994  8fdefffc	lw	r30,-4(r30)
  880  00001998  4be00000	jr	r31
  881  0000199c  54000000	nop
  882  000019a0          	.endproc _dstrcat
  883  000019a0          	.align 2
  884  000019a0          	.proc _dstrncmp
  885  000019a0          	.global _dstrncmp
  886  000019a0          	_dstrncmp:
  887                      ;  Function 'dstrncmp'; 8 bytes of locals, 2 regs to save.
  888  000019a0  afbefffc	sw	-4(r29),r30; push fp
  889  000019a4  001df020	add	r30,r0,r29; fp = sp
  890  000019a8  afbffff8	sw	-8(r29),r31; push ret addr
  891  000019ac  2fbd0018	subui	r29,r29,#24; alloc local storage
  892  000019b0  afa20000	sw	0(r29),r2
  893  000019b4  afa30004	sw	4(r29),r3
  894  000019b8  54000000	nop
  895  000019bc  20010000	addi	r1,r0,#0
  896  000019c0  afc1fff4	sw	-12(r30),r1
  897  000019c4          	L25_LF2:
  898  000019c4  8fc1fff4	lw	r1,-12(r30)
  899  000019c8  8fc20008	lw	r2,8(r30)
  900  000019cc  0022082a	slt	r1,r1,r2
  901  000019d0  1420000c	bnez	r1,L28_LF2
  902  000019d4  54000000	nop; delay slot nop
  903  000019d8  08000088	j	L26_LF2
  904  000019dc  54000000	nop; delay slot nop
  905  000019e0          	L28_LF2:
  906  000019e0  8fc10004	lw	r1,4(r30)
  907  000019e4  90220000	lbu	r2,(r1)
  908  000019e8  64410000	snei	r1,r2,#0
  909  000019ec  14200018	bnez	r1,L29_LF2
  910  000019f0  54000000	nop; delay slot nop
  911  000019f4  20010000	addi	r1,r0,#0
  912  000019f8  080000d8	j	L24_LF2
  913  000019fc  54000000	nop; delay slot nop
  914  00001a00  08000028	j	L30_LF2
  915  00001a04  54000000	nop; delay slot nop
  916  00001a08          	L29_LF2:
  917  00001a08  8fc10000	lw	r1,(r30)
  918  00001a0c  8fc20004	lw	r2,4(r30)
  919  00001a10  90210000	lbu	r1,(r1)
  920  00001a14  90420000	lbu	r2,(r2)
  921  00001a18  00220829	sne	r1,r1,r2
  922  00001a1c  1020000c	beqz	r1,L30_LF2
  923  00001a20  54000000	nop; delay slot nop
  924  00001a24  0800003c	j	L26_LF2
  925  00001a28  54000000	nop; delay slot nop
  926  00001a2c          	L31_LF2:
  927  00001a2c          	L30_LF2:
  928  00001a2c  8fc20000	lw	r2,(r30)
  929  00001a30  20410001	addi	r1,r2,#1
  930  00001a34  00011020	add	r2,r0,r1
  931  00001a38  afc20000	sw	(r30),r2
  932  00001a3c  8fc20004	lw	r2,4(r30)
  933  00001a40  20410001	addi	r1,r2,#1
  934  00001a44  00011020	add	r2,r0,r1
  935  00001a48  afc20004	sw	4(r30),r2
  936  00001a4c          	L27_LF2:
  937  00001a4c  8fc2fff4	lw	r2,-12(r30)
  938  00001a50  20410001	addi	r1,r2,#1
  939  00001a54  00011020	add	r2,r0,r1
  940  00001a58  afc2fff4	sw	-12(r30),r2
  941  00001a5c  0bffff64	j	L25_LF2
  942  00001a60  54000000	nop; delay slot nop
  943  00001a64          	L26_LF2:
  944  00001a64  8fc1fff4	lw	r1,-12(r30)
  945  00001a68  8fc20008	lw	r2,8(r30)
  946  00001a6c  00220828	seq	r1,r1,r2
  947  00001a70  10200018	beqz	r1,L32_LF2
  948  00001a74  54000000	nop; delay slot nop
  949  00001a78  20010000	addi	r1,r0,#0
  950  00001a7c  08000054	j	L24_LF2
  951  00001a80  54000000	nop; delay slot nop
  952  00001a84  0800004c	j	L33_LF2
  953  00001a88  54000000	nop; delay slot nop
  954  00001a8c          	L32_LF2:
  955  00001a8c  8fc20000	lw	r2,(r30)
  956  00001a90  90410000	lbu	r1,(r2)
  957  00001a94  8fc20004	lw	r2,4(r30)
  958  00001a98  90430000	lbu	r3,(r2)
  959  00001a9c  00230822	sub	r1,r1,r3
  960  00001aa0  74220000	sgei	r2,r1,#0
  961  00001aa4  10400020	beqz	r2,L34_LF2
  962  00001aa8  54000000	nop; delay slot nop
  963  00001aac  8fc10000	lw	r1,(r30)
  964  00001ab0  8fc20004	lw	r2,4(r30)
  965  00001ab4  90210000	lbu	r1,(r1)
  966  00001ab8  90420000	lbu	r2,(r2)
  967  00001abc  00220829	sne	r1,r1,r2
  968  00001ac0  08000008	j	L35_LF2
  969  00001ac4  54000000	nop; delay slot nop
  970  00001ac8          	L34_LF2:
  971  00001ac8  2001ffff	addi	r1,r0,#-1
  972  00001acc          	L35_LF2:
  973  00001acc  08000004	j	L24_LF2
  974  00001ad0  54000000	nop; delay slot nop
  975  00001ad4          	L33_LF2:
  976  00001ad4          	L24_LF2:
  977  00001ad4  8fa20000	lw	r2,0(r29)
  978  00001ad8  8fa30004	lw	r3,4(r29)
  979  00001adc  8fdffff8	lw	r31,-8(r30)
  980  00001ae0  001ee820	add	r29,r0,r30
  981  00001ae4  8fdefffc	lw	r30,-4(r30)
  982  00001ae8  4be00000	jr	r31
  983  00001aec  54000000	nop
  984  00001af0          	.endproc _dstrncmp
  985  00001af0          	.align 2
  986  00001af0          	.proc _dstrlen
  987  00001af0          	.global _dstrlen
  988  00001af0          	_dstrlen:
  989                      ;  Function 'dstrlen'; 8 bytes of locals, 1 regs to save.
  990  00001af0  afbefffc	sw	-4(r29),r30; push fp
  991  00001af4  001df020	add	r30,r0,r29; fp = sp
  992  00001af8  afbffff8	sw	-8(r29),r31; push ret addr
  993  00001afc  2fbd0018	subui	r29,r29,#24; alloc local storage
  994  00001b00  afa20000	sw	0(r29),r2
  995  00001b04  20010000	addi	r1,r0,#0
  996  00001b08  afc1fff4	sw	-12(r30),r1
  997  00001b0c          	L37_LF2:
  998  00001b0c  8fc10000	lw	r1,(r30)
  999  00001b10  20220001	addi	r2,r1,#1
 1000  00001b14  afc20000	sw	(r30),r2
 1001  00001b18  90210000	lbu	r1,(r1)
 1002  00001b1c  64220000	snei	r2,r1,#0
 1003  00001b20  1440000c	bnez	r2,L39_LF2
 1004  00001b24  54000000	nop; delay slot nop
 1005  00001b28  0800001c	j	L38_LF2
 1006  00001b2c  54000000	nop; delay slot nop
 1007  00001b30          	L39_LF2:
 1008  00001b30  8fc2fff4	lw	r2,-12(r30)
 1009  00001b34  20410001	addi	r1,r2,#1
 1010  00001b38  00011020	add	r2,r0,r1
 1011  00001b3c  afc2fff4	sw	-12(r30),r2
 1012  00001b40  0bffffc8	j	L37_LF2
 1013  00001b44  54000000	nop; delay slot nop
 1014  00001b48          	L38_LF2:
 1015  00001b48  8fc1fff4	lw	r1,-12(r30)
 1016  00001b4c  08000004	j	L36_LF2
 1017  00001b50  54000000	nop; delay slot nop
 1018  00001b54          	L36_LF2:
 1019  00001b54  8fa20000	lw	r2,0(r29)
 1020  00001b58  8fdffff8	lw	r31,-8(r30)
 1021  00001b5c  001ee820	add	r29,r0,r30
 1022  00001b60  8fdefffc	lw	r30,-4(r30)
 1023  00001b64  4be00000	jr	r31
 1024  00001b68  54000000	nop
 1025  00001b6c          	.endproc _dstrlen
 1026  00001b6c          	.align 2
 1027  00001b6c          	.proc _dstrstr
 1028  00001b6c          	.global _dstrstr
 1029  00001b6c          	_dstrstr:
 1030                      ;  Function 'dstrstr'; 8 bytes of locals, 1 regs to save.
 1031  00001b6c  afbefffc	sw	-4(r29),r30; push fp
 1032  00001b70  001df020	add	r30,r0,r29; fp = sp
 1033  00001b74  afbffff8	sw	-8(r29),r31; push ret addr
 1034  00001b78  2fbd0018	subui	r29,r29,#24; alloc local storage
 1035  00001b7c  afa20000	sw	0(r29),r2
 1036  00001b80  23bdfff8	addi	r29,r29,#-8
 1037  00001b84  001d0820	add	r1,r0,r29
 1038  00001b88  8fc20004	lw	r2,4(r30)
 1039  00001b8c  ac220000	sw	(r1),r2
 1040  00001b90  0fffff5c	jal	_dstrlen
 1041  00001b94  54000000	nop; delay slot nop
 1042  00001b98  23bd0008	addi	r29,r29,#8
 1043  00001b9c  afc1fff4	sw	-12(r30),r1
 1044  00001ba0          	L41_LF2:
 1045  00001ba0  8fc10000	lw	r1,(r30)
 1046  00001ba4  90220000	lbu	r2,(r1)
 1047  00001ba8  64410000	snei	r1,r2,#0
 1048  00001bac  1420000c	bnez	r1,L43_LF2
 1049  00001bb0  54000000	nop; delay slot nop
 1050  00001bb4  08000060	j	L42_LF2
 1051  00001bb8  54000000	nop; delay slot nop
 1052  00001bbc          	L43_LF2:
 1053  00001bbc  23bdfff0	addi	r29,r29,#-16
 1054  00001bc0  001d0820	add	r1,r0,r29
 1055  00001bc4  8fc20000	lw	r2,(r30)
 1056  00001bc8  ac220000	sw	(r1),r2
 1057  00001bcc  8fc20004	lw	r2,4(r30)
 1058  00001bd0  ac220004	sw	4(r1),r2
 1059  00001bd4  8fc2fff4	lw	r2,-12(r30)
 1060  00001bd8  ac220008	sw	8(r1),r2
 1061  00001bdc  0ffffdc0	jal	_dstrncmp
 1062  00001be0  54000000	nop; delay slot nop
 1063  00001be4  23bd0010	addi	r29,r29,#16
 1064  00001be8  64220000	snei	r2,r1,#0
 1065  00001bec  14400010	bnez	r2,L44_LF2
 1066  00001bf0  54000000	nop; delay slot nop
 1067  00001bf4  8fc10000	lw	r1,(r30)
 1068  00001bf8  08000028	j	L40_LF2
 1069  00001bfc  54000000	nop; delay slot nop
 1070  00001c00          	L44_LF2:
 1071  00001c00  8fc20000	lw	r2,(r30)
 1072  00001c04  20410001	addi	r1,r2,#1
 1073  00001c08  00011020	add	r2,r0,r1
 1074  00001c0c  afc20000	sw	(r30),r2
 1075  00001c10  0bffff8c	j	L41_LF2
 1076  00001c14  54000000	nop; delay slot nop
 1077  00001c18          	L42_LF2:
 1078  00001c18  20010000	addi	r1,r0,#0
 1079  00001c1c  08000004	j	L40_LF2
 1080  00001c20  54000000	nop; delay slot nop
 1081  00001c24          	L40_LF2:
 1082  00001c24  8fa20000	lw	r2,0(r29)
 1083  00001c28  8fdffff8	lw	r31,-8(r30)
 1084  00001c2c  001ee820	add	r29,r0,r30
 1085  00001c30  8fdefffc	lw	r30,-4(r30)
 1086  00001c34  4be00000	jr	r31
 1087  00001c38  54000000	nop
 1088  00001c3c          	.endproc _dstrstr
 1089  00001c3c          	.align 2
 1090  00001c3c          	.proc _dmindex
 1091  00001c3c          	.global _dmindex
 1092  00001c3c          	_dmindex:
 1093                      ;  Function 'dmindex'; 8 bytes of locals, 1 regs to save.
 1094  00001c3c  afbefffc	sw	-4(r29),r30; push fp
 1095  00001c40  001df020	add	r30,r0,r29; fp = sp
 1096  00001c44  afbffff8	sw	-8(r29),r31; push ret addr
 1097  00001c48  2fbd0018	subui	r29,r29,#24; alloc local storage
 1098  00001c4c  afa20000	sw	0(r29),r2
 1099  00001c50  54000000	nop
 1100  00001c54          	L46_LF2:
 1101  00001c54  8fc10000	lw	r1,(r30)
 1102  00001c58  90220000	lbu	r2,(r1)
 1103  00001c5c  64410000	snei	r1,r2,#0
 1104  00001c60  1420000c	bnez	r1,L48_LF2
 1105  00001c64  54000000	nop; delay slot nop
 1106  00001c68  08000070	j	L47_LF2
 1107  00001c6c  54000000	nop; delay slot nop
 1108  00001c70          	L48_LF2:
 1109  00001c70  8fc10004	lw	r1,4(r30)
 1110  00001c74  afc1fff4	sw	-12(r30),r1
 1111  00001c78          	L49_LF2:
 1112  00001c78  8fc1fff4	lw	r1,-12(r30)
 1113  00001c7c  90220000	lbu	r2,(r1)
 1114  00001c80  64410000	snei	r1,r2,#0
 1115  00001c84  1420000c	bnez	r1,L52_LF2
 1116  00001c88  54000000	nop; delay slot nop
 1117  00001c8c  08000044	j	L50_LF2
 1118  00001c90  54000000	nop; delay slot nop
 1119  00001c94          	L52_LF2:
 1120  00001c94  8fc10000	lw	r1,(r30)
 1121  00001c98  8fc2fff4	lw	r2,-12(r30)
 1122  00001c9c  90210000	lbu	r1,(r1)
 1123  00001ca0  90420000	lbu	r2,(r2)
 1124  00001ca4  00220828	seq	r1,r1,r2
 1125  00001ca8  10200010	beqz	r1,L51_LF2
 1126  00001cac  54000000	nop; delay slot nop
 1127  00001cb0  8fc10000	lw	r1,(r30)
 1128  00001cb4  08000030	j	L45_LF2
 1129  00001cb8  54000000	nop; delay slot nop
 1130  00001cbc          	L53_LF2:
 1131  00001cbc          	L51_LF2:
 1132  00001cbc  8fc2fff4	lw	r2,-12(r30)
 1133  00001cc0  20410001	addi	r1,r2,#1
 1134  00001cc4  00011020	add	r2,r0,r1
 1135  00001cc8  afc2fff4	sw	-12(r30),r2
 1136  00001ccc  0bffffa8	j	L49_LF2
 1137  00001cd0  54000000	nop; delay slot nop
 1138  00001cd4          	L50_LF2:
 1139  00001cd4  0bffff7c	j	L46_LF2
 1140  00001cd8  54000000	nop; delay slot nop
 1141  00001cdc          	L47_LF2:
 1142  00001cdc  20010000	addi	r1,r0,#0
 1143  00001ce0  08000004	j	L45_LF2
 1144  00001ce4  54000000	nop; delay slot nop
 1145  00001ce8          	L45_LF2:
 1146  00001ce8  8fa20000	lw	r2,0(r29)
 1147  00001cec  8fdffff8	lw	r31,-8(r30)
 1148  00001cf0  001ee820	add	r29,r0,r30
 1149  00001cf4  8fdefffc	lw	r30,-4(r30)
 1150  00001cf8  4be00000	jr	r31
 1151  00001cfc  54000000	nop
 1152  00001d00          	.endproc _dmindex
 1153  00001d00          	.align 2
 1154  00001d00          	.proc _dindex
 1155  00001d00          	.global _dindex
 1156  00001d00          	_dindex:
 1157                      ;  Function 'dindex'; 0 bytes of locals, 1 regs to save.
 1158  00001d00  afbefffc	sw	-4(r29),r30; push fp
 1159  00001d04  001df020	add	r30,r0,r29; fp = sp
 1160  00001d08  afbffff8	sw	-8(r29),r31; push ret addr
 1161  00001d0c  2fbd0010	subui	r29,r29,#16; alloc local storage
 1162  00001d10  afa20000	sw	0(r29),r2
 1163  00001d14  54000000	nop
 1164  00001d18          	L55_LF2:
 1165  00001d18  8fc10000	lw	r1,(r30)
 1166  00001d1c  90220000	lbu	r2,(r1)
 1167  00001d20  64410000	snei	r1,r2,#0
 1168  00001d24  1420000c	bnez	r1,L57_LF2
 1169  00001d28  54000000	nop; delay slot nop
 1170  00001d2c  08000040	j	L56_LF2
 1171  00001d30  54000000	nop; delay slot nop
 1172  00001d34          	L57_LF2:
 1173  00001d34  8fc10000	lw	r1,(r30)
 1174  00001d38  90220000	lbu	r2,(r1)
 1175  00001d3c  8fc10004	lw	r1,4(r30)
 1176  00001d40  00411028	seq	r2,r2,r1
 1177  00001d44  10400010	beqz	r2,L58_LF2
 1178  00001d48  54000000	nop; delay slot nop
 1179  00001d4c  8fc10000	lw	r1,(r30)
 1180  00001d50  08000028	j	L54_LF2
 1181  00001d54  54000000	nop; delay slot nop
 1182  00001d58          	L58_LF2:
 1183  00001d58  8fc20000	lw	r2,(r30)
 1184  00001d5c  20410001	addi	r1,r2,#1
 1185  00001d60  00011020	add	r2,r0,r1
 1186  00001d64  afc20000	sw	(r30),r2
 1187  00001d68  0bffffac	j	L55_LF2
 1188  00001d6c  54000000	nop; delay slot nop
 1189  00001d70          	L56_LF2:
 1190  00001d70  20010000	addi	r1,r0,#0
 1191  00001d74  08000004	j	L54_LF2
 1192  00001d78  54000000	nop; delay slot nop
 1193  00001d7c          	L54_LF2:
 1194  00001d7c  8fa20000	lw	r2,0(r29)
 1195  00001d80  8fdffff8	lw	r31,-8(r30)
 1196  00001d84  001ee820	add	r29,r0,r30
 1197  00001d88  8fdefffc	lw	r30,-4(r30)
 1198  00001d8c  4be00000	jr	r31
 1199  00001d90  54000000	nop
 1200  00001d94          	.endproc _dindex
 1201  00001d94          	.align 2
 1202  00001d94          	.proc _ditoa
 1203  00001d94          	.global _ditoa
 1204  00001d94          	_ditoa:
 1205                      ;  Function 'ditoa'; 8 bytes of locals, 2 regs to save.
 1206  00001d94  afbefffc	sw	-4(r29),r30; push fp
 1207  00001d98  001df020	add	r30,r0,r29; fp = sp
 1208  00001d9c  afbffff8	sw	-8(r29),r31; push ret addr
 1209  00001da0  2fbd0018	subui	r29,r29,#24; alloc local storage
 1210  00001da4  afa20000	sw	0(r29),r2
 1211  00001da8  afa30004	sw	4(r29),r3
 1212  00001dac  8fc10000	lw	r1,(r30)
 1213  00001db0  68220000	slti	r2,r1,#0
 1214  00001db4  1040002c	beqz	r2,L60_LF2
 1215  00001db8  54000000	nop; delay slot nop
 1216  00001dbc  8fc10004	lw	r1,4(r30)
 1217  00001dc0  20220001	addi	r2,r1,#1
 1218  00001dc4  afc20004	sw	4(r30),r2
 1219  00001dc8  2002002d	addi	r2,r0,(#0x2d)&0xff
 1220  00001dcc  a0220000	sb	(r1),r2
 1221  00001dd0  8fc10000	lw	r1,(r30)
 1222  00001dd4  00011022	sub	r2,r0,r1
 1223  00001dd8  afc20000	sw	(r30),r2
 1224  00001ddc  08000118	j	L61_LF2
 1225  00001de0  54000000	nop; delay slot nop
 1226  00001de4          	L60_LF2:
 1227  00001de4  8fc10000	lw	r1,(r30)
 1228  00001de8  64220000	snei	r2,r1,#0
 1229  00001dec  14400020	bnez	r2,L62_LF2
 1230  00001df0  54000000	nop; delay slot nop
 1231  00001df4  8fc10004	lw	r1,4(r30)
 1232  00001df8  20220001	addi	r2,r1,#1
 1233  00001dfc  afc20004	sw	4(r30),r2
 1234  00001e00  20020030	addi	r2,r0,(#0x30)&0xff
 1235  00001e04  a0220000	sb	(r1),r2
 1236  00001e08  080000ec	j	L61_LF2
 1237  00001e0c  54000000	nop; delay slot nop
 1238  00001e10          	L62_LF2:
 1239  00001e10  20010001	addi	r1,r0,#1
 1240  00001e14  afc1fff4	sw	-12(r30),r1
 1241  00001e18          	L64_LF2:
 1242  00001e18  8fc1fff4	lw	r1,-12(r30)
 1243  00001e1c  8fc20000	lw	r2,(r30)
 1244  00001e20  0022082c	sle	r1,r1,r2
 1245  00001e24  1420000c	bnez	r1,L66_LF2
 1246  00001e28  54000000	nop; delay slot nop
 1247  00001e2c  08000024	j	L65_LF2
 1248  00001e30  54000000	nop; delay slot nop
 1249  00001e34          	L67_LF2:
 1250  00001e34          	L66_LF2:
 1251  00001e34  8fc1fff4	lw	r1,-12(r30)
 1252  00001e38  00011820	add	r3,r0,r1
 1253  00001e3c  50620002	slli	r2,r3,#0x2
 1254  00001e40  00411020	add	r2,r2,r1
 1255  00001e44  50410001	slli	r1,r2,#0x1
 1256  00001e48  afc1fff4	sw	-12(r30),r1
 1257  00001e4c  0bffffc8	j	L64_LF2
 1258  00001e50  54000000	nop; delay slot nop
 1259  00001e54          	L65_LF2:
 1260  00001e54  54000000	nop
 1261  00001e58          	L68_LF2:
 1262  00001e58  8fc1fff4	lw	r1,-12(r30)
 1263  00001e5c  2002000a	addi	r2,r0,#10
 1264  00001e60  00200035	movi2fp	f0,r1
 1265  00001e64  00400835	movi2fp	f1,r2
 1266  00001e68  0401000f	div	f0,f0,f1
 1267  00001e6c  00000834	movfp2i	r1,f0
 1268  00001e70  afc1fff4	sw	-12(r30),r1
 1269  00001e74  8fc10004	lw	r1,4(r30)
 1270  00001e78  20220001	addi	r2,r1,#1
 1271  00001e7c  afc20004	sw	4(r30),r2
 1272  00001e80  8fc20000	lw	r2,(r30)
 1273  00001e84  8fc3fff4	lw	r3,-12(r30)
 1274  00001e88  00400035	movi2fp	f0,r2
 1275  00001e8c  00600835	movi2fp	f1,r3
 1276  00001e90  0401000f	div	f0,f0,f1
 1277  00001e94  00001034	movfp2i	r2,f0
 1278  00001e98  00021820	add	r3,r0,r2
 1279  00001e9c  20620030	addi	r2,r3,#48
 1280  00001ea0  a0220000	sb	(r1),r2
 1281  00001ea4  8fc10000	lw	r1,(r30)
 1282  00001ea8  8fc3fff4	lw	r3,-12(r30)
 1283  00001eac  00200035	movi2fp	f0,r1
 1284  00001eb0  00600835	movi2fp	f1,r3
 1285  00001eb4  0401000f	div	f0,f0,f1
 1286  00001eb8  00001034	movfp2i	r2,f0
 1287  00001ebc  8fc3fff4	lw	r3,-12(r30)
 1288  00001ec0  00400035	movi2fp	f0,r2
 1289  00001ec4  00600835	movi2fp	f1,r3
 1290  00001ec8  0401000e	mult	f0,f0,f1
 1291  00001ecc  00001034	movfp2i	r2,f0
 1292  00001ed0  00220822	sub	r1,r1,r2
 1293  00001ed4  afc10000	sw	(r30),r1
 1294  00001ed8          	L70_LF2:
 1295  00001ed8  8fc1fff4	lw	r1,-12(r30)
 1296  00001edc  6c220001	sgti	r2,r1,#1
 1297  00001ee0  1440000c	bnez	r2,L71_LF2
 1298  00001ee4  54000000	nop; delay slot nop
 1299  00001ee8  0800000c	j	L61_LF2
 1300  00001eec  54000000	nop; delay slot nop
 1301  00001ef0          	L71_LF2:
 1302  00001ef0  0bffff64	j	L68_LF2
 1303  00001ef4  54000000	nop; delay slot nop
 1304  00001ef8          	L69_LF2:
 1305  00001ef8          	L63_LF2:
 1306  00001ef8          	L61_LF2:
 1307  00001ef8  8fc10004	lw	r1,4(r30)
 1308  00001efc  20020000	addi	r2,r0,(#0x0)&0xff
 1309  00001f00  a0220000	sb	(r1),r2
 1310  00001f04          	L59_LF2:
 1311  00001f04  8fa20000	lw	r2,0(r29)
 1312  00001f08  8fa30004	lw	r3,4(r29)
 1313  00001f0c  8fdffff8	lw	r31,-8(r30)
 1314  00001f10  001ee820	add	r29,r0,r30
 1315  00001f14  8fdefffc	lw	r30,-4(r30)
 1316  00001f18  4be00000	jr	r31
 1317  00001f1c  54000000	nop
 1318  00001f20          	.endproc _ditoa
 1319  00001f20          	.align 2
 1320  00001f20          	.proc _dstrtol
 1321  00001f20          	.global _dstrtol
 1322  00001f20          	_dstrtol:
 1323                      ;  Function 'dstrtol'; 16 bytes of locals, 1 regs to save.
 1324  00001f20  afbefffc	sw	-4(r29),r30; push fp
 1325  00001f24  001df020	add	r30,r0,r29; fp = sp
 1326  00001f28  afbffff8	sw	-8(r29),r31; push ret addr
 1327  00001f2c  2fbd0020	subui	r29,r29,#32; alloc local storage
 1328  00001f30  afa20000	sw	0(r29),r2
 1329  00001f34  20010000	addi	r1,r0,#0
 1330  00001f38  afc1fff4	sw	-12(r30),r1
 1331  00001f3c          	L73_LF2:
 1332  00001f3c  8fc10000	lw	r1,(r30)
 1333  00001f40  90220000	lbu	r2,(r1)
 1334  00001f44  60410020	seqi	r1,r2,#32
 1335  00001f48  14200034	bnez	r1,L75_LF2
 1336  00001f4c  54000000	nop; delay slot nop
 1337  00001f50  8fc10000	lw	r1,(r30)
 1338  00001f54  90220000	lbu	r2,(r1)
 1339  00001f58  60410009	seqi	r1,r2,#9
 1340  00001f5c  14200020	bnez	r1,L75_LF2
 1341  00001f60  54000000	nop; delay slot nop
 1342  00001f64  8fc10000	lw	r1,(r30)
 1343  00001f68  90220000	lbu	r2,(r1)
 1344  00001f6c  6041000a	seqi	r1,r2,#10
 1345  00001f70  1420000c	bnez	r1,L75_LF2
 1346  00001f74  54000000	nop; delay slot nop
 1347  00001f78  0800001c	j	L74_LF2
 1348  00001f7c  54000000	nop; delay slot nop
 1349  00001f80          	L75_LF2:
 1350  00001f80  8fc20000	lw	r2,(r30)
 1351  00001f84  20410001	addi	r1,r2,#1
 1352  00001f88  00011020	add	r2,r0,r1
 1353  00001f8c  afc20000	sw	(r30),r2
 1354  00001f90  0bffffa8	j	L73_LF2
 1355  00001f94  54000000	nop; delay slot nop
 1356  00001f98          	L74_LF2:
 1357  00001f98  8fc10004	lw	r1,4(r30)
 1358  00001f9c  64220000	snei	r2,r1,#0
 1359  00001fa0  10400010	beqz	r2,L76_LF2
 1360  00001fa4  54000000	nop; delay slot nop
 1361  00001fa8  8fc10004	lw	r1,4(r30)
 1362  00001fac  8fc20000	lw	r2,(r30)
 1363  00001fb0  ac220000	sw	(r1),r2
 1364  00001fb4          	L76_LF2:
 1365  00001fb4  8fc10000	lw	r1,(r30)
 1366  00001fb8  90220000	lbu	r2,(r1)
 1367  00001fbc  64410000	snei	r1,r2,#0
 1368  00001fc0  14200010	bnez	r1,L77_LF2
 1369  00001fc4  54000000	nop; delay slot nop
 1370  00001fc8  8fc1fff4	lw	r1,-12(r30)
 1371  00001fcc  08000294	j	L72_LF2
 1372  00001fd0  54000000	nop; delay slot nop
 1373  00001fd4          	L77_LF2:
 1374  00001fd4  8fc10000	lw	r1,(r30)
 1375  00001fd8  90220000	lbu	r2,(r1)
 1376  00001fdc  6041002d	seqi	r1,r2,#45
 1377  00001fe0  10200024	beqz	r1,L78_LF2
 1378  00001fe4  54000000	nop; delay slot nop
 1379  00001fe8  2001ffff	addi	r1,r0,#-1
 1380  00001fec  afc1ffec	sw	-20(r30),r1
 1381  00001ff0  8fc20000	lw	r2,(r30)
 1382  00001ff4  20410001	addi	r1,r2,#1
 1383  00001ff8  00011020	add	r2,r0,r1
 1384  00001ffc  afc20000	sw	(r30),r2
 1385  00002000  0800000c	j	L79_LF2
 1386  00002004  54000000	nop; delay slot nop
 1387  00002008          	L78_LF2:
 1388  00002008  20010001	addi	r1,r0,#1
 1389  0000200c  afc1ffec	sw	-20(r30),r1
 1390  00002010          	L79_LF2:
 1391  00002010  8fc10008	lw	r1,8(r30)
 1392  00002014  64220000	snei	r2,r1,#0
 1393  00002018  14400090	bnez	r2,L80_LF2
 1394  0000201c  54000000	nop; delay slot nop
 1395  00002020  8fc10000	lw	r1,(r30)
 1396  00002024  90220000	lbu	r2,(r1)
 1397  00002028  60410030	seqi	r1,r2,#48
 1398  0000202c  10200074	beqz	r1,L81_LF2
 1399  00002030  54000000	nop; delay slot nop
 1400  00002034  8fc20000	lw	r2,(r30)
 1401  00002038  20410001	addi	r1,r2,#1
 1402  0000203c  00011020	add	r2,r0,r1
 1403  00002040  afc20000	sw	(r30),r2
 1404  00002044  8fc10000	lw	r1,(r30)
 1405  00002048  90220000	lbu	r2,(r1)
 1406  0000204c  60410078	seqi	r1,r2,#120
 1407  00002050  14200020	bnez	r1,L83_LF2
 1408  00002054  54000000	nop; delay slot nop
 1409  00002058  8fc10000	lw	r1,(r30)
 1410  0000205c  90220000	lbu	r2,(r1)
 1411  00002060  60410058	seqi	r1,r2,#88
 1412  00002064  1420000c	bnez	r1,L83_LF2
 1413  00002068  54000000	nop; delay slot nop
 1414  0000206c  08000024	j	L82_LF2
 1415  00002070  54000000	nop; delay slot nop
 1416  00002074          	L83_LF2:
 1417  00002074  20010010	addi	r1,r0,#16
 1418  00002078  afc10008	sw	8(r30),r1
 1419  0000207c  8fc20000	lw	r2,(r30)
 1420  00002080  20410001	addi	r1,r2,#1
 1421  00002084  00011020	add	r2,r0,r1
 1422  00002088  afc20000	sw	(r30),r2
 1423  0000208c  0800000c	j	L84_LF2
 1424  00002090  54000000	nop; delay slot nop
 1425  00002094          	L82_LF2:
 1426  00002094  20010008	addi	r1,r0,#8
 1427  00002098  afc10008	sw	8(r30),r1
 1428  0000209c          	L84_LF2:
 1429  0000209c  0800000c	j	L80_LF2
 1430  000020a0  54000000	nop; delay slot nop
 1431  000020a4          	L81_LF2:
 1432  000020a4  2001000a	addi	r1,r0,#10
 1433  000020a8  afc10008	sw	8(r30),r1
 1434  000020ac          	L85_LF2:
 1435  000020ac          	L80_LF2:
 1436  000020ac  8fc10008	lw	r1,8(r30)
 1437  000020b0  70220000	slei	r2,r1,#0
 1438  000020b4  1440001c	bnez	r2,L87_LF2
 1439  000020b8  54000000	nop; delay slot nop
 1440  000020bc  8fc10008	lw	r1,8(r30)
 1441  000020c0  6c220010	sgti	r2,r1,#16
 1442  000020c4  1440000c	bnez	r2,L87_LF2
 1443  000020c8  54000000	nop; delay slot nop
 1444  000020cc  08000010	j	L86_LF2
 1445  000020d0  54000000	nop; delay slot nop
 1446  000020d4          	L87_LF2:
 1447  000020d4  8fc1fff4	lw	r1,-12(r30)
 1448  000020d8  08000188	j	L72_LF2
 1449  000020dc  54000000	nop; delay slot nop
 1450  000020e0          	L86_LF2:
 1451  000020e0  54000000	nop
 1452  000020e4          	L88_LF2:
 1453  000020e4  8fc10000	lw	r1,(r30)
 1454  000020e8  90220000	lbu	r2,(r1)
 1455  000020ec  6c41002f	sgtui	r1,r2,#47
 1456  000020f0  10200030	beqz	r1,L91_LF2
 1457  000020f4  54000000	nop; delay slot nop
 1458  000020f8  8fc10000	lw	r1,(r30)
 1459  000020fc  90220000	lbu	r2,(r1)
 1460  00002100  70410039	sleui	r1,r2,#57
 1461  00002104  1020001c	beqz	r1,L91_LF2
 1462  00002108  54000000	nop; delay slot nop
 1463  0000210c  8fc10000	lw	r1,(r30)
 1464  00002110  90220000	lbu	r2,(r1)
 1465  00002114  2041ffd0	addi	r1,r2,#-48
 1466  00002118  afc1fff0	sw	-16(r30),r1
 1467  0000211c  0800008c	j	L92_LF2
 1468  00002120  54000000	nop; delay slot nop
 1469  00002124          	L91_LF2:
 1470  00002124  8fc10000	lw	r1,(r30)
 1471  00002128  90220000	lbu	r2,(r1)
 1472  0000212c  6c410060	sgtui	r1,r2,#96
 1473  00002130  10200030	beqz	r1,L93_LF2
 1474  00002134  54000000	nop; delay slot nop
 1475  00002138  8fc10000	lw	r1,(r30)
 1476  0000213c  90220000	lbu	r2,(r1)
 1477  00002140  7041007a	sleui	r1,r2,#122
 1478  00002144  1020001c	beqz	r1,L93_LF2
 1479  00002148  54000000	nop; delay slot nop
 1480  0000214c  8fc10000	lw	r1,(r30)
 1481  00002150  90220000	lbu	r2,(r1)
 1482  00002154  2041ffa9	addi	r1,r2,#-87
 1483  00002158  afc1fff0	sw	-16(r30),r1
 1484  0000215c  0800004c	j	L92_LF2
 1485  00002160  54000000	nop; delay slot nop
 1486  00002164          	L93_LF2:
 1487  00002164  8fc10000	lw	r1,(r30)
 1488  00002168  90220000	lbu	r2,(r1)
 1489  0000216c  6c410040	sgtui	r1,r2,#64
 1490  00002170  10200030	beqz	r1,L95_LF2
 1491  00002174  54000000	nop; delay slot nop
 1492  00002178  8fc10000	lw	r1,(r30)
 1493  0000217c  90220000	lbu	r2,(r1)
 1494  00002180  7041005a	sleui	r1,r2,#90
 1495  00002184  1020001c	beqz	r1,L95_LF2
 1496  00002188  54000000	nop; delay slot nop
 1497  0000218c  8fc10000	lw	r1,(r30)
 1498  00002190  90220000	lbu	r2,(r1)
 1499  00002194  2041ffc9	addi	r1,r2,#-55
 1500  00002198  afc1fff0	sw	-16(r30),r1
 1501  0000219c  0800000c	j	L92_LF2
 1502  000021a0  54000000	nop; delay slot nop
 1503  000021a4          	L95_LF2:
 1504  000021a4  200103e8	addi	r1,r0,#1000
 1505  000021a8  afc1fff0	sw	-16(r30),r1
 1506  000021ac          	L96_LF2:
 1507  000021ac          	L94_LF2:
 1508  000021ac          	L92_LF2:
 1509  000021ac  8fc1fff0	lw	r1,-16(r30)
 1510  000021b0  8fc20008	lw	r2,8(r30)
 1511  000021b4  0022082a	slt	r1,r1,r2
 1512  000021b8  10200040	beqz	r1,L90_LF2
 1513  000021bc  54000000	nop; delay slot nop
 1514  000021c0  8fc1fff4	lw	r1,-12(r30)
 1515  000021c4  8fc20008	lw	r2,8(r30)
 1516  000021c8  00200035	movi2fp	f0,r1
 1517  000021cc  00400835	movi2fp	f1,r2
 1518  000021d0  0401000e	mult	f0,f0,f1
 1519  000021d4  00000834	movfp2i	r1,f0
 1520  000021d8  afc1fff4	sw	-12(r30),r1
 1521  000021dc  8fc1fff4	lw	r1,-12(r30)
 1522  000021e0  8fc2fff0	lw	r2,-16(r30)
 1523  000021e4  00220820	add	r1,r1,r2
 1524  000021e8  afc1fff4	sw	-12(r30),r1
 1525  000021ec  8fc20000	lw	r2,(r30)
 1526  000021f0  20410001	addi	r1,r2,#1
 1527  000021f4  00011020	add	r2,r0,r1
 1528  000021f8  afc20000	sw	(r30),r2
 1529  000021fc          	L97_LF2:
 1530  000021fc          	L90_LF2:
 1531  000021fc  8fc1fff0	lw	r1,-16(r30)
 1532  00002200  8fc20008	lw	r2,8(r30)
 1533  00002204  0022082a	slt	r1,r1,r2
 1534  00002208  1420000c	bnez	r1,L98_LF2
 1535  0000220c  54000000	nop; delay slot nop
 1536  00002210  0800000c	j	L89_LF2
 1537  00002214  54000000	nop; delay slot nop
 1538  00002218          	L98_LF2:
 1539  00002218  0bfffec8	j	L88_LF2
 1540  0000221c  54000000	nop; delay slot nop
 1541  00002220          	L89_LF2:
 1542  00002220  8fc10004	lw	r1,4(r30)
 1543  00002224  64220000	snei	r2,r1,#0
 1544  00002228  10400010	beqz	r2,L99_LF2
 1545  0000222c  54000000	nop; delay slot nop
 1546  00002230  8fc10004	lw	r1,4(r30)
 1547  00002234  8fc20000	lw	r2,(r30)
 1548  00002238  ac220000	sw	(r1),r2
 1549  0000223c          	L99_LF2:
 1550  0000223c  8fc1fff4	lw	r1,-12(r30)
 1551  00002240  8fc2ffec	lw	r2,-20(r30)
 1552  00002244  00200035	movi2fp	f0,r1
 1553  00002248  00400835	movi2fp	f1,r2
 1554  0000224c  0401000e	mult	f0,f0,f1
 1555  00002250  00000834	movfp2i	r1,f0
 1556  00002254  afc1fff4	sw	-12(r30),r1
 1557  00002258  8fc1fff4	lw	r1,-12(r30)
 1558  0000225c  08000004	j	L72_LF2
 1559  00002260  54000000	nop; delay slot nop
 1560  00002264          	L72_LF2:
 1561  00002264  8fa20000	lw	r2,0(r29)
 1562  00002268  8fdffff8	lw	r31,-8(r30)
 1563  0000226c  001ee820	add	r29,r0,r30
 1564  00002270  8fdefffc	lw	r30,-4(r30)
 1565  00002274  4be00000	jr	r31
 1566  00002278  54000000	nop
 1567  0000227c          	.endproc _dstrtol
 1568  0000227c          	.align 2
 1569  0000227c          	.proc _bcopy
 1570  0000227c          	.global _bcopy
 1571  0000227c          	_bcopy:
 1572                      ;  Function 'bcopy'; 0 bytes of locals, 2 regs to save.
 1573  0000227c  afbefffc	sw	-4(r29),r30; push fp
 1574  00002280  001df020	add	r30,r0,r29; fp = sp
 1575  00002284  afbffff8	sw	-8(r29),r31; push ret addr
 1576  00002288  2fbd0010	subui	r29,r29,#16; alloc local storage
 1577  0000228c  afa20000	sw	0(r29),r2
 1578  00002290  afa30004	sw	4(r29),r3
 1579  00002294  54000000	nop
 1580  00002298          	L101_LF2:
 1581  00002298  8fc10008	lw	r1,8(r30)
 1582  0000229c  2022ffff	addi	r2,r1,#-1
 1583  000022a0  afc20008	sw	8(r30),r2
 1584  000022a4  6c210000	sgti	r1,r1,#0
 1585  000022a8  1420000c	bnez	r1,L103_LF2
 1586  000022ac  54000000	nop; delay slot nop
 1587  000022b0  0800002c	j	L102_LF2
 1588  000022b4  54000000	nop; delay slot nop
 1589  000022b8          	L103_LF2:
 1590  000022b8  8fc10004	lw	r1,4(r30)
 1591  000022bc  20220001	addi	r2,r1,#1
 1592  000022c0  afc20004	sw	4(r30),r2
 1593  000022c4  8fc20000	lw	r2,(r30)
 1594  000022c8  20430001	addi	r3,r2,#1
 1595  000022cc  afc30000	sw	(r30),r3
 1596  000022d0  80420000	lb	r2,(r2)
 1597  000022d4  a0220000	sb	(r1),r2
 1598  000022d8  0bffffbc	j	L101_LF2
 1599  000022dc  54000000	nop; delay slot nop
 1600  000022e0          	L102_LF2:
 1601  000022e0          	L100_LF2:
 1602  000022e0  8fa20000	lw	r2,0(r29)
 1603  000022e4  8fa30004	lw	r3,4(r29)
 1604  000022e8  8fdffff8	lw	r31,-8(r30)
 1605  000022ec  001ee820	add	r29,r0,r30
 1606  000022f0  8fdefffc	lw	r30,-4(r30)
 1607  000022f4  4be00000	jr	r31
 1608  000022f8  54000000	nop
 1609  000022fc          	.endproc _bcopy
 1610  000022fc          	.align 2
 1611  000022fc          	.proc _bzero
 1612  000022fc          	.global _bzero
 1613  000022fc          	_bzero:
 1614                      ;  Function 'bzero'; 0 bytes of locals, 1 regs to save.
 1615  000022fc  afbefffc	sw	-4(r29),r30; push fp
 1616  00002300  001df020	add	r30,r0,r29; fp = sp
 1617  00002304  afbffff8	sw	-8(r29),r31; push ret addr
 1618  00002308  2fbd0010	subui	r29,r29,#16; alloc local storage
 1619  0000230c  afa20000	sw	0(r29),r2
 1620  00002310  54000000	nop
 1621  00002314          	L105_LF2:
 1622  00002314  8fc10004	lw	r1,4(r30)
 1623  00002318  2022ffff	addi	r2,r1,#-1
 1624  0000231c  afc20004	sw	4(r30),r2
 1625  00002320  6c210000	sgti	r1,r1,#0
 1626  00002324  1420000c	bnez	r1,L107_LF2
 1627  00002328  54000000	nop; delay slot nop
 1628  0000232c  08000020	j	L106_LF2
 1629  00002330  54000000	nop; delay slot nop
 1630  00002334          	L107_LF2:
 1631  00002334  8fc10000	lw	r1,(r30)
 1632  00002338  20220001	addi	r2,r1,#1
 1633  0000233c  afc20000	sw	(r30),r2
 1634  00002340  20020000	addi	r2,r0,(#0x0)&0xff
 1635  00002344  a0220000	sb	(r1),r2
 1636  00002348  0bffffc8	j	L105_LF2
 1637  0000234c  54000000	nop; delay slot nop
 1638  00002350          	L106_LF2:
 1639  00002350          	L104_LF2:
 1640  00002350  8fa20000	lw	r2,0(r29)
 1641  00002354  8fdffff8	lw	r31,-8(r30)
 1642  00002358  001ee820	add	r29,r0,r30
 1643  0000235c  8fdefffc	lw	r30,-4(r30)
 1644  00002360  4be00000	jr	r31
 1645  00002364  54000000	nop
 1646  00002368          	.endproc _bzero
 1647  00002368          	.align 2
 1648  00002368          	.proc _min
 1649  00002368          	.global _min
 1650  00002368          	_min:
 1651                      ;  Function 'min'; 0 bytes of locals, 2 regs to save.
 1652  00002368  afbefffc	sw	-4(r29),r30; push fp
 1653  0000236c  001df020	add	r30,r0,r29; fp = sp
 1654  00002370  afbffff8	sw	-8(r29),r31; push ret addr
 1655  00002374  2fbd0010	subui	r29,r29,#16; alloc local storage
 1656  00002378  afa20000	sw	0(r29),r2
 1657  0000237c  afa30004	sw	4(r29),r3
 1658  00002380  8fc10000	lw	r1,(r30)
 1659  00002384  8fc20004	lw	r2,4(r30)
 1660  00002388  0022182c	sle	r3,r1,r2
 1661  0000238c  14600008	bnez	r3,L109_LF2
 1662  00002390  54000000	nop; delay slot nop
 1663  00002394  8fc10004	lw	r1,4(r30)
 1664  00002398          	L109_LF2:
 1665  00002398  08000004	j	L108_LF2
 1666  0000239c  54000000	nop; delay slot nop
 1667  000023a0          	L108_LF2:
 1668  000023a0  8fa20000	lw	r2,0(r29)
 1669  000023a4  8fa30004	lw	r3,4(r29)
 1670  000023a8  8fdffff8	lw	r31,-8(r30)
 1671  000023ac  001ee820	add	r29,r0,r30
 1672  000023b0  8fdefffc	lw	r30,-4(r30)
 1673  000023b4  4be00000	jr	r31
 1674  000023b8  54000000	nop
 1675  000023bc          	.endproc _min
 1676                      ;;; Ethan L. Miller, 1999.  Released to the public domain
 1677                      ;;;
 1678                      ;;; Most of the traps are called in files from libtraps.
 1681  000023bc          	.align 2
 1682  000023bc          	.proc _exit
 1683  000023bc          	.global _exit
 1684  000023bc          	_exit:
 1685  000023bc  44000300	trap	#0x300
 1686  000023c0  4be00000	jr	r31
 1687  000023c4  54000000	nop
 1688  000023c8          	.endproc _exit
 1690                      ; for the benefit of gcc.
 1691  000023c8          	.proc ___main
 1692  000023c8          	.global ___main
 1693  000023c8          	___main:
 1694  000023c8  4be00000	jr	r31
 1695  000023cc  54000000	nop
 1696  000023d0          	.endproc ___main
 1697  000023d0          	.text
 1698  000023d0          	.global _etext
 1699  000023d0          	_etext:
 1700  000023d0          	.align 3
 1701  000023d0          	.data
 1702  0000319d          	.global _edata
 1703  0000319d          	_edata:
