 line   address	contents
    1                      ; Linked by DLX-LD.
    2                      ; MemSize 24576
    3                      ; Data size: 1006
    4                      ; Text size: 5972
    5                      ; Stack size: 8192
    6  00000000          	.text 0x1000
    7  00001000          	.data 0x3000
    8                      ; Compiled by GCC
    9  00003000          	.text
   10  00001000          	.align 2
   11  00001000          	.proc _isspace
   12  00001000          	.global _isspace
   13  00001000          	_isspace:
   14                      ;  Function 'isspace'; 0 bytes of locals, 1 regs to save.
   15  00001000  afbefffc	sw	-4(r29),r30; push fp
   16  00001004  001df020	add	r30,r0,r29; fp = sp
   17  00001008  afbffff8	sw	-8(r29),r31; push ret addr
   18  0000100c  2fbd0010	subui	r29,r29,#16; alloc local storage
   19  00001010  afa20000	sw	0(r29),r2
   20  00001014  83c20003	lb	r2,3(r30)
   21  00001018  201f0000	addi	r31,r0,#0
   22  0000101c  304100ff	andi	r1,r2,#0x00ff
   23  00001020  60210020	seqi	r1,r1,#32
   24  00001024  14200018	bnez	r1,L6_LF0
   25  00001028  54000000	nop; not filled.
   26  0000102c  2041fff7	addi	r1,r2,#-9
   27  00001030  302100ff	andi	r1,r1,#0x00ff
   28  00001034  70210001	sleui	r1,r1,#1
   29  00001038  10200008	beqz	r1,L5_LF0
   30  0000103c  54000000	nop; not filled.
   31  00001040          	L6_LF0:
   32  00001040  201f0001	addi	r31,r0,#1
   33  00001044          	L5_LF0:
   34  00001044  001f0820	add	r1,r0,r31
   35  00001048  8fa20000	lw	r2,0(r29)
   36  0000104c  8fdffff8	lw	r31,-8(r30)
   37  00001050  001ee820	add	r29,r0,r30
   38  00001054  8fdefffc	lw	r30,-4(r30)
   39  00001058  4be00000	jr	r31
   40  0000105c  54000000	nop
   41  00001060          	.endproc _isspace
   42  00001060          	.align 2
   43  00001060          	.proc _isxdigit
   44  00001060          	.global _isxdigit
   45  00001060          	_isxdigit:
   46                      ;  Function 'isxdigit'; 0 bytes of locals, 1 regs to save.
   47  00001060  afbefffc	sw	-4(r29),r30; push fp
   48  00001064  001df020	add	r30,r0,r29; fp = sp
   49  00001068  afbffff8	sw	-8(r29),r31; push ret addr
   50  0000106c  2fbd0010	subui	r29,r29,#16; alloc local storage
   51  00001070  afa20000	sw	0(r29),r2
   52  00001074  83df0003	lb	r31,3(r30)
   53  00001078  20020000	addi	r2,r0,#0
   54  0000107c  23e1ffd0	addi	r1,r31,#-48
   55  00001080  302100ff	andi	r1,r1,#0x00ff
   56  00001084  70210009	sleui	r1,r1,#9
   57  00001088  14200028	bnez	r1,L12_LF0
   58  0000108c  54000000	nop; not filled.
   59  00001090  23e1ff9f	addi	r1,r31,#-97
   60  00001094  302100ff	andi	r1,r1,#0x00ff
   61  00001098  70210005	sleui	r1,r1,#5
   62  0000109c  14200014	bnez	r1,L12_LF0
   63  000010a0  54000000	nop; not filled.
   64  000010a4  33e100ff	andi	r1,r31,#0x00ff
   65  000010a8  64210041	snei	r1,r1,#65
   66  000010ac  14200008	bnez	r1,L11_LF0
   67  000010b0  54000000	nop; not filled.
   68  000010b4          	L12_LF0:
   69  000010b4  20020001	addi	r2,r0,#1
   70  000010b8          	L11_LF0:
   71  000010b8  00020820	add	r1,r0,r2
   72  000010bc  8fa20000	lw	r2,0(r29)
   73  000010c0  8fdffff8	lw	r31,-8(r30)
   74  000010c4  001ee820	add	r29,r0,r30
   75  000010c8  8fdefffc	lw	r30,-4(r30)
   76  000010cc  4be00000	jr	r31
   77  000010d0  54000000	nop
   78  000010d4          	.endproc _isxdigit
   79  000010d4          	.data
   80  00003000          	.align 2
   81  00003000          	LC0_LF0:
   82  00003000  55736167	.ascii "Usage: %s <which program to run (1-6) or all of them (0) \n\000"
   82  00003004  653a2025	
   82  00003008  73203c77	
   82  0000300c  68696368	
   82  00003010  2070726f	
   82  00003014  6772616d	
   82  00003018  20746f20	
   82  0000301c  72756e20	
   82  00003020  28312d36	
   82  00003024  29206f72	
   82  00003028  20616c6c	
   82  0000302c  206f6620	
   82  00003030  7468656d	
   82  00003034  20283029	
   82  00003038  200a00  	
   83  0000303b          	.align 2
   84  0000303c          	LC1_LF0:
   85  0000303c  6d616b65	.ascii "makeprocs (%d): Bad sem_create\n\000"
   85  00003040  70726f63	
   85  00003044  73202825	
   85  00003048  64293a20	
   85  0000304c  42616420	
   85  00003050  73656d5f	
   85  00003054  63726561	
   85  00003058  74650a00	
   86  0000305c          	.align 2
   87  0000305c          	LC2_LF0:
   88  0000305c  2d2d2d2d	.ascii "----------------------------------------------------------------------"
   88  00003060  2d2d2d2d	
   88  00003064  2d2d2d2d	
   88  00003068  2d2d2d2d	
   88  0000306c  2d2d2d2d	
   88  00003070  2d2d2d2d	
   88  00003074  2d2d2d2d	
   88  00003078  2d2d2d2d	
   88  0000307c  2d2d2d2d	
   88  00003080  2d2d2d2d	
   88  00003084  2d2d2d2d	
   88  00003088  2d2d2d2d	
   88  0000308c  2d2d2d2d	
   88  00003090  2d2d2d2d	
   88  00003094  2d2d2d2d	
   88  00003098  2d2d2d2d	
   88  0000309c  2d2d2d2d	
   88  000030a0  2d2d    	
   89  000030a2  2d2d2d2d	.ascii "---------------\n\000"
   89  000030a6  2d2d2d2d	
   89  000030aa  2d2d2d2d	
   89  000030ae  2d2d2d0a	
   89  000030b2  00      	
   90  000030b3          	.align 2
   91  000030b4          	LC3_LF0:
   92  000030b4  6d616b65	.ascii "makeprocs (%d): PART 1\n\000"
   92  000030b8  70726f63	
   92  000030bc  73202825	
   92  000030c0  64293a20	
   92  000030c4  50415254	
   92  000030c8  20310a00	
   93  000030cc          	.align 2
   94  000030cc          	LC4_LF0:
   95  000030cc  6d616b65	.ascii "makeprocs (%d): Creating a single hello world\n\000"
   95  000030d0  70726f63	
   95  000030d4  73202825	
   95  000030d8  64293a20	
   95  000030dc  43726561	
   95  000030e0  74696e67	
   95  000030e4  20612073	
   95  000030e8  696e676c	
   95  000030ec  65206865	
   95  000030f0  6c6c6f20	
   95  000030f4  776f726c	
   95  000030f8  640a00  	
   96  000030fb          	.align 2
   97  000030fc          	LC5_LF0:
   98  000030fc  312e646c	.ascii "1.dlx.obj\000"
   98  00003100  782e6f62	
   98  00003104  6a00    	
   99  00003106          	.align 2
  100  00003108          	LC6_LF0:
  101  00003108  42616420	.ascii "Bad semaphore s_procs_completed (%d) in %s\n\000"
  101  0000310c  73656d61	
  101  00003110  70686f72	
  101  00003114  6520735f	
  101  00003118  70726f63	
  101  0000311c  735f636f	
  101  00003120  6d706c65	
  101  00003124  74656420	
  101  00003128  28256429	
  101  0000312c  20696e20	
  101  00003130  25730a00	
  102  00003134          	.align 2
  103  00003134          	LC7_LF0:
  104  00003134  6d616b65	.ascii "makeprocs (%d): PART 2\n\000"
  104  00003138  70726f63	
  104  0000313c  73202825	
  104  00003140  64293a20	
  104  00003144  50415254	
  104  00003148  20320a00	
  105  0000314c          	.align 2
  106  0000314c          	LC8_LF0:
  107  0000314c  6d616b65	.ascii "makeprocs (%d): Accessing memory beyond the max virtual address\n\000"
  107  00003150  70726f63	
  107  00003154  73202825	
  107  00003158  64293a20	
  107  0000315c  41636365	
  107  00003160  7373696e	
  107  00003164  67206d65	
  107  00003168  6d6f7279	
  107  0000316c  20626579	
  107  00003170  6f6e6420	
  107  00003174  74686520	
  107  00003178  6d617820	
  107  0000317c  76697274	
  107  00003180  75616c20	
  107  00003184  61646472	
  107  00003188  6573730a	
  107  0000318c  00      	
  108  0000318d          	.align 2
  109  00003190          	LC9_LF0:
  110  00003190  322e646c	.ascii "2.dlx.obj\000"
  110  00003194  782e6f62	
  110  00003198  6a00    	
  111  0000319a          	.align 2
  112  0000319c          	LC10_LF0:
  113  0000319c  6d616b65	.ascii "makeprocs (%d): PART 3\n\000"
  113  000031a0  70726f63	
  113  000031a4  73202825	
  113  000031a8  64293a20	
  113  000031ac  50415254	
  113  000031b0  20330a00	
  114  000031b4          	.align 2
  115  000031b4          	LC11_LF0:
  116  000031b4  6d616b65	.ascii "makeprocs (%d): Accessing memory inside the virtual address space but "
  116  000031b8  70726f63	
  116  000031bc  73202825	
  116  000031c0  64293a20	
  116  000031c4  41636365	
  116  000031c8  7373696e	
  116  000031cc  67206d65	
  116  000031d0  6d6f7279	
  116  000031d4  20696e73	
  116  000031d8  69646520	
  116  000031dc  74686520	
  116  000031e0  76697274	
  116  000031e4  75616c20	
  116  000031e8  61646472	
  116  000031ec  65737320	
  116  000031f0  73706163	
  116  000031f4  65206275	
  116  000031f8  7420    	
  117  000031fa  6f757473	.ascii "outside currently allocated space\n\000"
  117  000031fe  69646520	
  117  00003202  63757272	
  117  00003206  656e746c	
  117  0000320a  7920616c	
  117  0000320e  6c6f6361	
  117  00003212  74656420	
  117  00003216  73706163	
  117  0000321a  650a00  	
  118  0000321d          	.align 2
  119  00003220          	LC12_LF0:
  120  00003220  332e646c	.ascii "3.dlx.obj\000"
  120  00003224  782e6f62	
  120  00003228  6a00    	
  121  0000322a          	.align 2
  122  0000322c          	LC13_LF0:
  123  0000322c  6d616b65	.ascii "makeprocs (%d): PART 4\n\000"
  123  00003230  70726f63	
  123  00003234  73202825	
  123  00003238  64293a20	
  123  0000323c  50415254	
  123  00003240  20340a00	
  124  00003244          	.align 2
  125  00003244          	LC14_LF0:
  126  00003244  6d616b65	.ascii "makeprocs (%d): Causing user call stack to grow larger than one page\n"
  126  00003248  70726f63	
  126  0000324c  73202825	
  126  00003250  64293a20	
  126  00003254  43617573	
  126  00003258  696e6720	
  126  0000325c  75736572	
  126  00003260  2063616c	
  126  00003264  6c207374	
  126  00003268  61636b20	
  126  0000326c  746f2067	
  126  00003270  726f7720	
  126  00003274  6c617267	
  126  00003278  65722074	
  126  0000327c  68616e20	
  126  00003280  6f6e6520	
  126  00003284  70616765	
  126  00003288  0a      	
  127  00003289  00      	.ascii "\000"
  128  0000328a          	.align 2
  129  0000328c          	LC15_LF0:
  130  0000328c  342e646c	.ascii "4.dlx.obj\000"
  130  00003290  782e6f62	
  130  00003294  6a00    	
  131  00003296          	.align 2
  132  00003298          	LC16_LF0:
  133  00003298  6d616b65	.ascii "makeprocs (%d): PART 5\n\000"
  133  0000329c  70726f63	
  133  000032a0  73202825	
  133  000032a4  64293a20	
  133  000032a8  50415254	
  133  000032ac  20350a00	
  134  000032b0          	.align 2
  135  000032b0          	LC17_LF0:
  136  000032b0  6d616b65	.ascii "makeprocs (%d): Calling hello world 100 times\n\000"
  136  000032b4  70726f63	
  136  000032b8  73202825	
  136  000032bc  64293a20	
  136  000032c0  43616c6c	
  136  000032c4  696e6720	
  136  000032c8  68656c6c	
  136  000032cc  6f20776f	
  136  000032d0  726c6420	
  136  000032d4  31303020	
  136  000032d8  74696d65	
  136  000032dc  730a00  	
  137  000032df          	.align 2
  138  000032e0          	LC18_LF0:
  139  000032e0  6d616b65	.ascii "makeprocs (%d): Creating hello world #%d\n\000"
  139  000032e4  70726f63	
  139  000032e8  73202825	
  139  000032ec  64293a20	
  139  000032f0  43726561	
  139  000032f4  74696e67	
  139  000032f8  2068656c	
  139  000032fc  6c6f2077	
  139  00003300  6f726c64	
  139  00003304  20232564	
  139  00003308  0a00    	
  140  0000330a          	.align 2
  141  0000330c          	LC19_LF0:
  142  0000330c  352e646c	.ascii "5.dlx.obj\000"
  142  00003310  782e6f62	
  142  00003314  6a00    	
  143  00003316          	.align 2
  144  00003318          	LC20_LF0:
  145  00003318  6d616b65	.ascii "makeprocs (%d): PART 6\n\000"
  145  0000331c  70726f63	
  145  00003320  73202825	
  145  00003324  64293a20	
  145  00003328  50415254	
  145  0000332c  20360a00	
  146  00003330          	.align 2
  147  00003330          	LC21_LF0:
  148  00003330  6d616b65	.ascii "makeprocs (%d): 30 Process memory stress test\n\000"
  148  00003334  70726f63	
  148  00003338  73202825	
  148  0000333c  64293a20	
  148  00003340  33302050	
  148  00003344  726f6365	
  148  00003348  7373206d	
  148  0000334c  656d6f72	
  148  00003350  79207374	
  148  00003354  72657373	
  148  00003358  20746573	
  148  0000335c  740a00  	
  149  0000335f          	.align 2
  150  00003360          	LC22_LF0:
  151  00003360  6d616b65	.ascii "makeprocs (%d): Creating memory stress test program #%d\n\000"
  151  00003364  70726f63	
  151  00003368  73202825	
  151  0000336c  64293a20	
  151  00003370  43726561	
  151  00003374  74696e67	
  151  00003378  206d656d	
  151  0000337c  6f727920	
  151  00003380  73747265	
  151  00003384  73732074	
  151  00003388  65737420	
  151  0000338c  70726f67	
  151  00003390  72616d20	
  151  00003394  2325640a	
  151  00003398  00      	
  152  00003399          	.align 2
  153  0000339c          	LC23_LF0:
  154  0000339c  362e646c	.ascii "6.dlx.obj\000"
  154  000033a0  782e6f62	
  154  000033a4  6a00    	
  155  000033a6          	.align 2
  156  000033a8          	LC24_LF0:
  157  000033a8  6d616b65	.ascii "makeprocs (%d): All other processes completed, exiting main process.\n"
  157  000033ac  70726f63	
  157  000033b0  73202825	
  157  000033b4  64293a20	
  157  000033b8  416c6c20	
  157  000033bc  6f746865	
  157  000033c0  72207072	
  157  000033c4  6f636573	
  157  000033c8  73657320	
  157  000033cc  636f6d70	
  157  000033d0  6c657465	
  157  000033d4  642c2065	
  157  000033d8  78697469	
  157  000033dc  6e67206d	
  157  000033e0  61696e20	
  157  000033e4  70726f63	
  157  000033e8  6573732e	
  157  000033ec  0a      	
  158  000033ed  00      	.ascii "\000"
  159  000033ee          	.text
  160  000010d4          	.align 2
  161  000010d4          	.proc _main
  162  000010d4          	.global _main
  163  000010d4          	_main:
  164                      ;  Function 'main'; 16 bytes of locals, 0 regs to save.
  165  000010d4  afbefffc	sw	-4(r29),r30; push fp
  166  000010d8  001df020	add	r30,r0,r29; fp = sp
  167  000010dc  afbffff8	sw	-8(r29),r31; push ret addr
  168  000010e0  2fbd0018	subui	r29,r29,#24; alloc local storage
  169  000010e4  8fc20000	lw	r2,(r30)
  170  000010e8  8fc60004	lw	r6,4(r30)
  171  000010ec  0c00165c	jal	___main
  172  000010f0  54000000	nop; not filled.
  173  000010f4  64410002	snei	r1,r2,#2
  174  000010f8  10200030	beqz	r1,L14_LF0
  175  000010fc  54000000	nop; not filled.
  176  00001100  23bdfff8	addi	r29,r29,#-8
  177  00001104  3c070000	lhi	r7,((LC0_LF0)>>16)&0xffff
  178  00001108  24e73000	addui	r7,r7,(LC0_LF0)&0xffff
  179  0000110c  afa70000	sw	(r29),r7
  180  00001110  8cc10000	lw	r1,(r6)
  181  00001114  afa10004	sw	4(r29),r1
  182  00001118  0c000770	jal	_Printf
  183  0000111c  54000000	nop; not filled.
  184  00001120  0c000870	jal	_Exit
  185  00001124  54000000	nop; not filled.
  186  00001128  23bd0008	addi	r29,r29,#8
  187  0000112c          	L14_LF0:
  188  0000112c  23bdfff0	addi	r29,r29,#-16
  189  00001130  8cc70004	lw	r7,4(r6)
  190  00001134  afa70000	sw	(r29),r7
  191  00001138  20070000	addi	r7,r0,#0
  192  0000113c  afa70004	sw	4(r29),r7
  193  00001140  2007000a	addi	r7,r0,#10
  194  00001144  afa70008	sw	8(r29),r7
  195  00001148  0c001104	jal	_dstrtol
  196  0000114c  54000000	nop; not filled.
  197  00001150  00012020	add	r4,r0,r1
  198  00001154  20070000	addi	r7,r0,#0
  199  00001158  afa70000	sw	(r29),r7
  200  0000115c  0c000768	jal	_sem_create
  201  00001160  54000000	nop; not filled.
  202  00001164  00011820	add	r3,r0,r1
  203  00001168  23bd0010	addi	r29,r29,#16
  204  0000116c  6061ffff	seqi	r1,r3,#-1
  205  00001170  10200034	beqz	r1,L15_LF0
  206  00001174  54000000	nop; not filled.
  207  00001178  0c00071c	jal	_getpid
  208  0000117c  54000000	nop; not filled.
  209  00001180  23bdfff8	addi	r29,r29,#-8
  210  00001184  3c070000	lhi	r7,((LC1_LF0)>>16)&0xffff
  211  00001188  24e7303c	addui	r7,r7,(LC1_LF0)&0xffff
  212  0000118c  afa70000	sw	(r29),r7
  213  00001190  afa10004	sw	4(r29),r1
  214  00001194  0c0006f4	jal	_Printf
  215  00001198  54000000	nop; not filled.
  216  0000119c  0c0007f4	jal	_Exit
  217  000011a0  54000000	nop; not filled.
  218  000011a4  23bd0008	addi	r29,r29,#8
  219  000011a8          	L15_LF0:
  220  000011a8  23bdfff8	addi	r29,r29,#-8
  221  000011ac  afa30000	sw	(r29),r3
  222  000011b0  23c2ffe8	addi	r2,r30,#-24
  223  000011b4  afa20004	sw	4(r29),r2
  224  000011b8  0c000f08	jal	_ditoa
  225  000011bc  54000000	nop; not filled.
  226  000011c0  23bd0008	addi	r29,r29,#8
  227  000011c4  70810001	sleui	r1,r4,#1
  228  000011c8  102000e0	beqz	r1,L16_LF0
  229  000011cc  54000000	nop; not filled.
  230  000011d0  23bdfff8	addi	r29,r29,#-8
  231  000011d4  3c050000	lhi	r5,((LC2_LF0)>>16)&0xffff
  232  000011d8  24a5305c	addui	r5,r5,(LC2_LF0)&0xffff
  233  000011dc  afa50000	sw	(r29),r5
  234  000011e0  0c0006a8	jal	_Printf
  235  000011e4  54000000	nop; not filled.
  236  000011e8  0c0006ac	jal	_getpid
  237  000011ec  54000000	nop; not filled.
  238  000011f0  3c070000	lhi	r7,((LC3_LF0)>>16)&0xffff
  239  000011f4  24e730b4	addui	r7,r7,(LC3_LF0)&0xffff
  240  000011f8  afa70000	sw	(r29),r7
  241  000011fc  afa10004	sw	4(r29),r1
  242  00001200  0c000688	jal	_Printf
  243  00001204  54000000	nop; not filled.
  244  00001208  0c00068c	jal	_getpid
  245  0000120c  54000000	nop; not filled.
  246  00001210  3c070000	lhi	r7,((LC4_LF0)>>16)&0xffff
  247  00001214  24e730cc	addui	r7,r7,(LC4_LF0)&0xffff
  248  00001218  afa70000	sw	(r29),r7
  249  0000121c  afa10004	sw	4(r29),r1
  250  00001220  0c000668	jal	_Printf
  251  00001224  54000000	nop; not filled.
  252  00001228  23bdfff8	addi	r29,r29,#-8
  253  0000122c  3c070000	lhi	r7,((LC5_LF0)>>16)&0xffff
  254  00001230  24e730fc	addui	r7,r7,(LC5_LF0)&0xffff
  255  00001234  afa70000	sw	(r29),r7
  256  00001238  afa20004	sw	4(r29),r2
  257  0000123c  20070000	addi	r7,r0,#0
  258  00001240  afa70008	sw	8(r29),r7
  259  00001244  0c00065c	jal	_process_create
  260  00001248  54000000	nop; not filled.
  261  0000124c  afa30000	sw	(r29),r3
  262  00001250  0c000680	jal	_sem_wait
  263  00001254  54000000	nop; not filled.
  264  00001258  23bd0010	addi	r29,r29,#16
  265  0000125c  64210001	snei	r1,r1,#1
  266  00001260  10200034	beqz	r1,L17_LF0
  267  00001264  54000000	nop; not filled.
  268  00001268  23bdfff0	addi	r29,r29,#-16
  269  0000126c  3c070000	lhi	r7,((LC6_LF0)>>16)&0xffff
  270  00001270  24e73108	addui	r7,r7,(LC6_LF0)&0xffff
  271  00001274  afa70000	sw	(r29),r7
  272  00001278  afa30004	sw	4(r29),r3
  273  0000127c  8cc70000	lw	r7,(r6)
  274  00001280  afa70008	sw	8(r29),r7
  275  00001284  0c000604	jal	_Printf
  276  00001288  54000000	nop; not filled.
  277  0000128c  0c000704	jal	_Exit
  278  00001290  54000000	nop; not filled.
  279  00001294  23bd0010	addi	r29,r29,#16
  280  00001298          	L17_LF0:
  281  00001298  23bdfff8	addi	r29,r29,#-8
  282  0000129c  afa50000	sw	(r29),r5
  283  000012a0  0c0005e8	jal	_Printf
  284  000012a4  54000000	nop; not filled.
  285  000012a8  23bd0008	addi	r29,r29,#8
  286  000012ac          	L16_LF0:
  287  000012ac  60810002	seqi	r1,r4,#2
  288  000012b0  14200010	bnez	r1,L19_LF0
  289  000012b4  54000000	nop; not filled.
  290  000012b8  64810000	snei	r1,r4,#0
  291  000012bc  142000e4	bnez	r1,L18_LF0
  292  000012c0  54000000	nop; not filled.
  293  000012c4          	L19_LF0:
  294  000012c4  23bdfff8	addi	r29,r29,#-8
  295  000012c8  3c020000	lhi	r2,((LC2_LF0)>>16)&0xffff
  296  000012cc  2442305c	addui	r2,r2,(LC2_LF0)&0xffff
  297  000012d0  afa20000	sw	(r29),r2
  298  000012d4  0c0005b4	jal	_Printf
  299  000012d8  54000000	nop; not filled.
  300  000012dc  0c0005b8	jal	_getpid
  301  000012e0  54000000	nop; not filled.
  302  000012e4  3c070000	lhi	r7,((LC7_LF0)>>16)&0xffff
  303  000012e8  24e73134	addui	r7,r7,(LC7_LF0)&0xffff
  304  000012ec  afa70000	sw	(r29),r7
  305  000012f0  afa10004	sw	4(r29),r1
  306  000012f4  0c000594	jal	_Printf
  307  000012f8  54000000	nop; not filled.
  308  000012fc  0c000598	jal	_getpid
  309  00001300  54000000	nop; not filled.
  310  00001304  3c070000	lhi	r7,((LC8_LF0)>>16)&0xffff
  311  00001308  24e7314c	addui	r7,r7,(LC8_LF0)&0xffff
  312  0000130c  afa70000	sw	(r29),r7
  313  00001310  afa10004	sw	4(r29),r1
  314  00001314  0c000574	jal	_Printf
  315  00001318  54000000	nop; not filled.
  316  0000131c  23bdfff8	addi	r29,r29,#-8
  317  00001320  3c070000	lhi	r7,((LC9_LF0)>>16)&0xffff
  318  00001324  24e73190	addui	r7,r7,(LC9_LF0)&0xffff
  319  00001328  afa70000	sw	(r29),r7
  320  0000132c  23c1ffe8	addi	r1,r30,#-24
  321  00001330  afa10004	sw	4(r29),r1
  322  00001334  20070000	addi	r7,r0,#0
  323  00001338  afa70008	sw	8(r29),r7
  324  0000133c  0c000564	jal	_process_create
  325  00001340  54000000	nop; not filled.
  326  00001344  afa30000	sw	(r29),r3
  327  00001348  0c000588	jal	_sem_wait
  328  0000134c  54000000	nop; not filled.
  329  00001350  23bd0010	addi	r29,r29,#16
  330  00001354  64210001	snei	r1,r1,#1
  331  00001358  10200034	beqz	r1,L20_LF0
  332  0000135c  54000000	nop; not filled.
  333  00001360  23bdfff0	addi	r29,r29,#-16
  334  00001364  3c070000	lhi	r7,((LC6_LF0)>>16)&0xffff
  335  00001368  24e73108	addui	r7,r7,(LC6_LF0)&0xffff
  336  0000136c  afa70000	sw	(r29),r7
  337  00001370  afa30004	sw	4(r29),r3
  338  00001374  8cc70000	lw	r7,(r6)
  339  00001378  afa70008	sw	8(r29),r7
  340  0000137c  0c00050c	jal	_Printf
  341  00001380  54000000	nop; not filled.
  342  00001384  0c00060c	jal	_Exit
  343  00001388  54000000	nop; not filled.
  344  0000138c  23bd0010	addi	r29,r29,#16
  345  00001390          	L20_LF0:
  346  00001390  23bdfff8	addi	r29,r29,#-8
  347  00001394  afa20000	sw	(r29),r2
  348  00001398  0c0004f0	jal	_Printf
  349  0000139c  54000000	nop; not filled.
  350  000013a0  23bd0008	addi	r29,r29,#8
  351  000013a4          	L18_LF0:
  352  000013a4  60810003	seqi	r1,r4,#3
  353  000013a8  14200010	bnez	r1,L22_LF0
  354  000013ac  54000000	nop; not filled.
  355  000013b0  64810000	snei	r1,r4,#0
  356  000013b4  142000e4	bnez	r1,L21_LF0
  357  000013b8  54000000	nop; not filled.
  358  000013bc          	L22_LF0:
  359  000013bc  23bdfff8	addi	r29,r29,#-8
  360  000013c0  3c020000	lhi	r2,((LC2_LF0)>>16)&0xffff
  361  000013c4  2442305c	addui	r2,r2,(LC2_LF0)&0xffff
  362  000013c8  afa20000	sw	(r29),r2
  363  000013cc  0c0004bc	jal	_Printf
  364  000013d0  54000000	nop; not filled.
  365  000013d4  0c0004c0	jal	_getpid
  366  000013d8  54000000	nop; not filled.
  367  000013dc  3c070000	lhi	r7,((LC10_LF0)>>16)&0xffff
  368  000013e0  24e7319c	addui	r7,r7,(LC10_LF0)&0xffff
  369  000013e4  afa70000	sw	(r29),r7
  370  000013e8  afa10004	sw	4(r29),r1
  371  000013ec  0c00049c	jal	_Printf
  372  000013f0  54000000	nop; not filled.
  373  000013f4  0c0004a0	jal	_getpid
  374  000013f8  54000000	nop; not filled.
  375  000013fc  3c070000	lhi	r7,((LC11_LF0)>>16)&0xffff
  376  00001400  24e731b4	addui	r7,r7,(LC11_LF0)&0xffff
  377  00001404  afa70000	sw	(r29),r7
  378  00001408  afa10004	sw	4(r29),r1
  379  0000140c  0c00047c	jal	_Printf
  380  00001410  54000000	nop; not filled.
  381  00001414  23bdfff8	addi	r29,r29,#-8
  382  00001418  3c070000	lhi	r7,((LC12_LF0)>>16)&0xffff
  383  0000141c  24e73220	addui	r7,r7,(LC12_LF0)&0xffff
  384  00001420  afa70000	sw	(r29),r7
  385  00001424  23c1ffe8	addi	r1,r30,#-24
  386  00001428  afa10004	sw	4(r29),r1
  387  0000142c  20070000	addi	r7,r0,#0
  388  00001430  afa70008	sw	8(r29),r7
  389  00001434  0c00046c	jal	_process_create
  390  00001438  54000000	nop; not filled.
  391  0000143c  afa30000	sw	(r29),r3
  392  00001440  0c000490	jal	_sem_wait
  393  00001444  54000000	nop; not filled.
  394  00001448  23bd0010	addi	r29,r29,#16
  395  0000144c  64210001	snei	r1,r1,#1
  396  00001450  10200034	beqz	r1,L23_LF0
  397  00001454  54000000	nop; not filled.
  398  00001458  23bdfff0	addi	r29,r29,#-16
  399  0000145c  3c070000	lhi	r7,((LC6_LF0)>>16)&0xffff
  400  00001460  24e73108	addui	r7,r7,(LC6_LF0)&0xffff
  401  00001464  afa70000	sw	(r29),r7
  402  00001468  afa30004	sw	4(r29),r3
  403  0000146c  8cc70000	lw	r7,(r6)
  404  00001470  afa70008	sw	8(r29),r7
  405  00001474  0c000414	jal	_Printf
  406  00001478  54000000	nop; not filled.
  407  0000147c  0c000514	jal	_Exit
  408  00001480  54000000	nop; not filled.
  409  00001484  23bd0010	addi	r29,r29,#16
  410  00001488          	L23_LF0:
  411  00001488  23bdfff8	addi	r29,r29,#-8
  412  0000148c  afa20000	sw	(r29),r2
  413  00001490  0c0003f8	jal	_Printf
  414  00001494  54000000	nop; not filled.
  415  00001498  23bd0008	addi	r29,r29,#8
  416  0000149c          	L21_LF0:
  417  0000149c  60810004	seqi	r1,r4,#4
  418  000014a0  14200010	bnez	r1,L25_LF0
  419  000014a4  54000000	nop; not filled.
  420  000014a8  64810000	snei	r1,r4,#0
  421  000014ac  142000e4	bnez	r1,L24_LF0
  422  000014b0  54000000	nop; not filled.
  423  000014b4          	L25_LF0:
  424  000014b4  23bdfff8	addi	r29,r29,#-8
  425  000014b8  3c020000	lhi	r2,((LC2_LF0)>>16)&0xffff
  426  000014bc  2442305c	addui	r2,r2,(LC2_LF0)&0xffff
  427  000014c0  afa20000	sw	(r29),r2
  428  000014c4  0c0003c4	jal	_Printf
  429  000014c8  54000000	nop; not filled.
  430  000014cc  0c0003c8	jal	_getpid
  431  000014d0  54000000	nop; not filled.
  432  000014d4  3c070000	lhi	r7,((LC13_LF0)>>16)&0xffff
  433  000014d8  24e7322c	addui	r7,r7,(LC13_LF0)&0xffff
  434  000014dc  afa70000	sw	(r29),r7
  435  000014e0  afa10004	sw	4(r29),r1
  436  000014e4  0c0003a4	jal	_Printf
  437  000014e8  54000000	nop; not filled.
  438  000014ec  0c0003a8	jal	_getpid
  439  000014f0  54000000	nop; not filled.
  440  000014f4  3c070000	lhi	r7,((LC14_LF0)>>16)&0xffff
  441  000014f8  24e73244	addui	r7,r7,(LC14_LF0)&0xffff
  442  000014fc  afa70000	sw	(r29),r7
  443  00001500  afa10004	sw	4(r29),r1
  444  00001504  0c000384	jal	_Printf
  445  00001508  54000000	nop; not filled.
  446  0000150c  23bdfff8	addi	r29,r29,#-8
  447  00001510  3c070000	lhi	r7,((LC15_LF0)>>16)&0xffff
  448  00001514  24e7328c	addui	r7,r7,(LC15_LF0)&0xffff
  449  00001518  afa70000	sw	(r29),r7
  450  0000151c  23c1ffe8	addi	r1,r30,#-24
  451  00001520  afa10004	sw	4(r29),r1
  452  00001524  20070000	addi	r7,r0,#0
  453  00001528  afa70008	sw	8(r29),r7
  454  0000152c  0c000374	jal	_process_create
  455  00001530  54000000	nop; not filled.
  456  00001534  afa30000	sw	(r29),r3
  457  00001538  0c000398	jal	_sem_wait
  458  0000153c  54000000	nop; not filled.
  459  00001540  23bd0010	addi	r29,r29,#16
  460  00001544  64210001	snei	r1,r1,#1
  461  00001548  10200034	beqz	r1,L26_LF0
  462  0000154c  54000000	nop; not filled.
  463  00001550  23bdfff0	addi	r29,r29,#-16
  464  00001554  3c070000	lhi	r7,((LC6_LF0)>>16)&0xffff
  465  00001558  24e73108	addui	r7,r7,(LC6_LF0)&0xffff
  466  0000155c  afa70000	sw	(r29),r7
  467  00001560  afa30004	sw	4(r29),r3
  468  00001564  8cc70000	lw	r7,(r6)
  469  00001568  afa70008	sw	8(r29),r7
  470  0000156c  0c00031c	jal	_Printf
  471  00001570  54000000	nop; not filled.
  472  00001574  0c00041c	jal	_Exit
  473  00001578  54000000	nop; not filled.
  474  0000157c  23bd0010	addi	r29,r29,#16
  475  00001580          	L26_LF0:
  476  00001580  23bdfff8	addi	r29,r29,#-8
  477  00001584  afa20000	sw	(r29),r2
  478  00001588  0c000300	jal	_Printf
  479  0000158c  54000000	nop; not filled.
  480  00001590  23bd0008	addi	r29,r29,#8
  481  00001594          	L24_LF0:
  482  00001594  60810005	seqi	r1,r4,#5
  483  00001598  14200010	bnez	r1,L28_LF0
  484  0000159c  54000000	nop; not filled.
  485  000015a0  64810000	snei	r1,r4,#0
  486  000015a4  14200128	bnez	r1,L27_LF0
  487  000015a8  54000000	nop; not filled.
  488  000015ac          	L28_LF0:
  489  000015ac  23bdfff8	addi	r29,r29,#-8
  490  000015b0  3c070000	lhi	r7,((LC2_LF0)>>16)&0xffff
  491  000015b4  24e7305c	addui	r7,r7,(LC2_LF0)&0xffff
  492  000015b8  afa70000	sw	(r29),r7
  493  000015bc  0c0002cc	jal	_Printf
  494  000015c0  54000000	nop; not filled.
  495  000015c4  0c0002d0	jal	_getpid
  496  000015c8  54000000	nop; not filled.
  497  000015cc  3c070000	lhi	r7,((LC16_LF0)>>16)&0xffff
  498  000015d0  24e73298	addui	r7,r7,(LC16_LF0)&0xffff
  499  000015d4  afa70000	sw	(r29),r7
  500  000015d8  afa10004	sw	4(r29),r1
  501  000015dc  0c0002ac	jal	_Printf
  502  000015e0  54000000	nop; not filled.
  503  000015e4  0c0002b0	jal	_getpid
  504  000015e8  54000000	nop; not filled.
  505  000015ec  3c070000	lhi	r7,((LC17_LF0)>>16)&0xffff
  506  000015f0  24e732b0	addui	r7,r7,(LC17_LF0)&0xffff
  507  000015f4  afa70000	sw	(r29),r7
  508  000015f8  afa10004	sw	4(r29),r1
  509  000015fc  0c00028c	jal	_Printf
  510  00001600  54000000	nop; not filled.
  511  00001604  20020000	addi	r2,r0,#0
  512  00001608  23bd0008	addi	r29,r29,#8
  513  0000160c  23c5ffe8	addi	r5,r30,#-24
  514  00001610          	L32_LF0:
  515  00001610  0c000284	jal	_getpid
  516  00001614  54000000	nop; not filled.
  517  00001618  23bdfff0	addi	r29,r29,#-16
  518  0000161c  3c070000	lhi	r7,((LC18_LF0)>>16)&0xffff
  519  00001620  24e732e0	addui	r7,r7,(LC18_LF0)&0xffff
  520  00001624  afa70000	sw	(r29),r7
  521  00001628  afa10004	sw	4(r29),r1
  522  0000162c  afa20008	sw	8(r29),r2
  523  00001630  0c000258	jal	_Printf
  524  00001634  54000000	nop; not filled.
  525  00001638  3c070000	lhi	r7,((LC19_LF0)>>16)&0xffff
  526  0000163c  24e7330c	addui	r7,r7,(LC19_LF0)&0xffff
  527  00001640  afa70000	sw	(r29),r7
  528  00001644  afa50004	sw	4(r29),r5
  529  00001648  20070000	addi	r7,r0,#0
  530  0000164c  afa70008	sw	8(r29),r7
  531  00001650  0c000250	jal	_process_create
  532  00001654  54000000	nop; not filled.
  533  00001658  afa30000	sw	(r29),r3
  534  0000165c  0c000274	jal	_sem_wait
  535  00001660  54000000	nop; not filled.
  536  00001664  23bd0010	addi	r29,r29,#16
  537  00001668  64210001	snei	r1,r1,#1
  538  0000166c  10200034	beqz	r1,L31_LF0
  539  00001670  54000000	nop; not filled.
  540  00001674  23bdfff0	addi	r29,r29,#-16
  541  00001678  3c070000	lhi	r7,((LC6_LF0)>>16)&0xffff
  542  0000167c  24e73108	addui	r7,r7,(LC6_LF0)&0xffff
  543  00001680  afa70000	sw	(r29),r7
  544  00001684  afa30004	sw	4(r29),r3
  545  00001688  8cc70000	lw	r7,(r6)
  546  0000168c  afa70008	sw	8(r29),r7
  547  00001690  0c0001f8	jal	_Printf
  548  00001694  54000000	nop; not filled.
  549  00001698  0c0002f8	jal	_Exit
  550  0000169c  54000000	nop; not filled.
  551  000016a0  23bd0010	addi	r29,r29,#16
  552  000016a4          	L31_LF0:
  553  000016a4  20420001	addi	r2,r2,#1
  554  000016a8  70410063	slei	r1,r2,#99
  555  000016ac  1420ff60	bnez	r1,L32_LF0
  556  000016b0  54000000	nop; not filled.
  557  000016b4  23bdfff8	addi	r29,r29,#-8
  558  000016b8  3c070000	lhi	r7,((LC2_LF0)>>16)&0xffff
  559  000016bc  24e7305c	addui	r7,r7,(LC2_LF0)&0xffff
  560  000016c0  afa70000	sw	(r29),r7
  561  000016c4  0c0001c4	jal	_Printf
  562  000016c8  54000000	nop; not filled.
  563  000016cc  23bd0008	addi	r29,r29,#8
  564  000016d0          	L27_LF0:
  565  000016d0  60810006	seqi	r1,r4,#6
  566  000016d4  14200010	bnez	r1,L36_LF0
  567  000016d8  54000000	nop; not filled.
  568  000016dc  64810000	snei	r1,r4,#0
  569  000016e0  14200130	bnez	r1,L35_LF0
  570  000016e4  54000000	nop; not filled.
  571  000016e8          	L36_LF0:
  572  000016e8  23bdfff8	addi	r29,r29,#-8
  573  000016ec  3c070000	lhi	r7,((LC2_LF0)>>16)&0xffff
  574  000016f0  24e7305c	addui	r7,r7,(LC2_LF0)&0xffff
  575  000016f4  afa70000	sw	(r29),r7
  576  000016f8  0c000190	jal	_Printf
  577  000016fc  54000000	nop; not filled.
  578  00001700  0c000194	jal	_getpid
  579  00001704  54000000	nop; not filled.
  580  00001708  3c070000	lhi	r7,((LC20_LF0)>>16)&0xffff
  581  0000170c  24e73318	addui	r7,r7,(LC20_LF0)&0xffff
  582  00001710  afa70000	sw	(r29),r7
  583  00001714  afa10004	sw	4(r29),r1
  584  00001718  0c000170	jal	_Printf
  585  0000171c  54000000	nop; not filled.
  586  00001720  0c000174	jal	_getpid
  587  00001724  54000000	nop; not filled.
  588  00001728  3c070000	lhi	r7,((LC21_LF0)>>16)&0xffff
  589  0000172c  24e73330	addui	r7,r7,(LC21_LF0)&0xffff
  590  00001730  afa70000	sw	(r29),r7
  591  00001734  afa10004	sw	4(r29),r1
  592  00001738  0c000150	jal	_Printf
  593  0000173c  54000000	nop; not filled.
  594  00001740  20020000	addi	r2,r0,#0
  595  00001744  23bd0008	addi	r29,r29,#8
  596  00001748  23c4ffe8	addi	r4,r30,#-24
  597  0000174c          	L40_LF0:
  598  0000174c  0c000148	jal	_getpid
  599  00001750  54000000	nop; not filled.
  600  00001754  23bdfff0	addi	r29,r29,#-16
  601  00001758  3c070000	lhi	r7,((LC22_LF0)>>16)&0xffff
  602  0000175c  24e73360	addui	r7,r7,(LC22_LF0)&0xffff
  603  00001760  afa70000	sw	(r29),r7
  604  00001764  afa10004	sw	4(r29),r1
  605  00001768  afa20008	sw	8(r29),r2
  606  0000176c  0c00011c	jal	_Printf
  607  00001770  54000000	nop; not filled.
  608  00001774  3c070000	lhi	r7,((LC23_LF0)>>16)&0xffff
  609  00001778  24e7339c	addui	r7,r7,(LC23_LF0)&0xffff
  610  0000177c  afa70000	sw	(r29),r7
  611  00001780  afa40004	sw	4(r29),r4
  612  00001784  20070000	addi	r7,r0,#0
  613  00001788  afa70008	sw	8(r29),r7
  614  0000178c  0c000114	jal	_process_create
  615  00001790  54000000	nop; not filled.
  616  00001794  23bd0010	addi	r29,r29,#16
  617  00001798  20420001	addi	r2,r2,#1
  618  0000179c  7041001d	slei	r1,r2,#29
  619  000017a0  1420ffa8	bnez	r1,L40_LF0
  620  000017a4  54000000	nop; not filled.
  621  000017a8  23bdfff8	addi	r29,r29,#-8
  622  000017ac  afa30000	sw	(r29),r3
  623  000017b0  0c000120	jal	_sem_wait
  624  000017b4  54000000	nop; not filled.
  625  000017b8  23bd0008	addi	r29,r29,#8
  626  000017bc  64210001	snei	r1,r1,#1
  627  000017c0  10200034	beqz	r1,L42_LF0
  628  000017c4  54000000	nop; not filled.
  629  000017c8  23bdfff0	addi	r29,r29,#-16
  630  000017cc  3c070000	lhi	r7,((LC6_LF0)>>16)&0xffff
  631  000017d0  24e73108	addui	r7,r7,(LC6_LF0)&0xffff
  632  000017d4  afa70000	sw	(r29),r7
  633  000017d8  afa30004	sw	4(r29),r3
  634  000017dc  8cc60000	lw	r6,(r6)
  635  000017e0  afa60008	sw	8(r29),r6
  636  000017e4  0c0000a4	jal	_Printf
  637  000017e8  54000000	nop; not filled.
  638  000017ec  0c0001a4	jal	_Exit
  639  000017f0  54000000	nop; not filled.
  640  000017f4  23bd0010	addi	r29,r29,#16
  641  000017f8          	L42_LF0:
  642  000017f8  23bdfff8	addi	r29,r29,#-8
  643  000017fc  3c070000	lhi	r7,((LC2_LF0)>>16)&0xffff
  644  00001800  24e7305c	addui	r7,r7,(LC2_LF0)&0xffff
  645  00001804  afa70000	sw	(r29),r7
  646  00001808  0c000080	jal	_Printf
  647  0000180c  54000000	nop; not filled.
  648  00001810  23bd0008	addi	r29,r29,#8
  649  00001814          	L35_LF0:
  650  00001814  0c000080	jal	_getpid
  651  00001818  54000000	nop; not filled.
  652  0000181c  23bdfff8	addi	r29,r29,#-8
  653  00001820  3c070000	lhi	r7,((LC24_LF0)>>16)&0xffff
  654  00001824  24e733a8	addui	r7,r7,(LC24_LF0)&0xffff
  655  00001828  afa70000	sw	(r29),r7
  656  0000182c  afa10004	sw	4(r29),r1
  657  00001830  0c000058	jal	_Printf
  658  00001834  54000000	nop; not filled.
  659  00001838  23bd0008	addi	r29,r29,#8
  660  0000183c  0c000f00	jal	_exit
  661  00001840  54000000	nop
  662  00001844          	.endproc _main
  663                      ;;;
  664                      ;;; Stub functions for DLX traps.
  665                      ;;;
  666                      ;;; Ethan L. Miller, 1999.  Released to the public domain.
  667                      ;;;
  668                      ;;; The traps such as Open and Close
  669                      ;;; (note the capital letters) are for use by user programs.  The traps
  670                      ;;; with names such as open and close (lower case) are for use by the OS.
  671                      ;;;
  674  00001844          	.align 2
  676                      ;;; The following are the traps to be used by user-level programs
  677                      ;;;
  679  00001844          	.align 2
  680  00001844          	.proc _Open
  681  00001844          	.global _Open
  682  00001844          	_Open:
  683                      ;;; Note that trap #0x213 actually causes a trap vector in the OS of
  684                      ;;; 0x1213.  The same is true for other user traps.  Thus, a user trap
  685                      ;;; with trap #0x240 will result in a trap vector of 0x1240 in the OS.
  686  00001844  44000213	trap	#0x213
  687  00001848  4be00000	jr	r31
  688  0000184c  54000000	nop
  689  00001850          	.endproc _Open
  691  00001850          	.proc _Close
  692  00001850          	.global _Close
  693  00001850          	_Close:
  694  00001850  44000214	trap	#0x214
  695  00001854  4be00000	jr	r31
  696  00001858  54000000	nop
  697  0000185c          	.endproc _Close
  699  0000185c          	.proc _Read
  700  0000185c          	.global _Read
  701  0000185c          	_Read:
  702  0000185c  44000210	trap	#0x210
  703  00001860  4be00000	jr	r31
  704  00001864  54000000	nop
  705  00001868          	.endproc _Read
  707  00001868          	.proc _Write
  708  00001868          	.global _Write
  709  00001868          	_Write:
  710  00001868  44000211	trap	#0x211
  711  0000186c  4be00000	jr	r31
  712  00001870  54000000	nop
  713  00001874          	.endproc _Write
  715  00001874          	.proc _Lseek
  716  00001874          	.global _Lseek
  717  00001874          	_Lseek:
  718  00001874  44000212	trap	#0x212
  719  00001878  4be00000	jr	r31
  720  0000187c  54000000	nop
  721  00001880          	.endproc _Lseek
  723  00001880          	.proc _Putchar
  724  00001880          	.global _Putchar
  725  00001880          	_Putchar:
  726  00001880  44000280	trap	#0x280
  727  00001884  4be00000	jr	r31
  728  00001888  54000000	nop
  729  0000188c          	.endproc _Putchar
  731  0000188c          	.proc _Printf
  732  0000188c          	.global _Printf
  733  0000188c          	_Printf:
  734  0000188c  44000201	trap	#0x201
  735  00001890  4be00000	jr	r31
  736  00001894  54000000	nop
  737  00001898          	.endproc _Printf
  739  00001898          	.proc _getpid
  740  00001898          	.global _getpid
  741  00001898          	_getpid:
  742  00001898  44000431	trap	#0x431
  743  0000189c  4be00000	jr	r31
  744  000018a0  54000000	nop
  745  000018a4          	.endproc _getpid
  747  000018a4          	.proc _process_create
  748  000018a4          	.global _process_create
  749  000018a4          	_process_create:
  750  000018a4  44000432	trap	#0x432
  751  000018a8  4be00000	jr	r31
  752  000018ac  54000000	nop
  753  000018b0          	.endproc _process_create
  755  000018b0          	.proc _shmget
  756  000018b0          	.global _shmget
  757  000018b0          	_shmget:
  758  000018b0  44000440	trap	#0x440
  759  000018b4  4be00000	jr	r31
  760  000018b8  54000000	nop
  761  000018bc          	.endproc _shmget
  763  000018bc          	.proc _shmat
  764  000018bc          	.global _shmat
  765  000018bc          	_shmat:
  766  000018bc  44000441	trap	#0x441
  767  000018c0  4be00000	jr	r31
  768  000018c4  54000000	nop
  769  000018c8          	.endproc _shmat
  771  000018c8          	.proc _sem_create
  772  000018c8          	.global _sem_create
  773  000018c8          	_sem_create:
  774  000018c8  44000450	trap	#0x450
  775  000018cc  4be00000	jr	r31
  776  000018d0  54000000	nop
  777  000018d4          	.endproc _sem_create
  779  000018d4          	.proc _sem_wait
  780  000018d4          	.global _sem_wait
  781  000018d4          	_sem_wait:
  782  000018d4  44000451	trap	#0x451
  783  000018d8  4be00000	jr	r31
  784  000018dc  54000000	nop
  785  000018e0          	.endproc _sem_wait
  787  000018e0          	.proc _sem_signal
  788  000018e0          	.global _sem_signal
  789  000018e0          	_sem_signal:
  790  000018e0  44000452	trap	#0x452
  791  000018e4  4be00000	jr	r31
  792  000018e8  54000000	nop
  793  000018ec          	.endproc _sem_signal
  795  000018ec          	.proc _lock_create
  796  000018ec          	.global _lock_create
  797  000018ec          	_lock_create:
  798  000018ec  44000453	trap	#0x453
  799  000018f0  4be00000	jr	r31
  800  000018f4  54000000	nop
  801  000018f8          	.endproc _lock_create
  803  000018f8          	.proc _lock_acquire
  804  000018f8          	.global _lock_acquire
  805  000018f8          	_lock_acquire:
  806  000018f8  44000454	trap	#0x454
  807  000018fc  4be00000	jr	r31
  808  00001900  54000000	nop
  809  00001904          	.endproc _lock_acquire
  811  00001904          	.proc _lock_release
  812  00001904          	.global _lock_release
  813  00001904          	_lock_release:
  814  00001904  44000455	trap	#0x455
  815  00001908  4be00000	jr	r31
  816  0000190c  54000000	nop
  817  00001910          	.endproc _lock_release
  819  00001910          	.proc _cond_create
  820  00001910          	.global _cond_create
  821  00001910          	_cond_create:
  822  00001910  44000456	trap	#0x456
  823  00001914  4be00000	jr	r31
  824  00001918  54000000	nop
  825  0000191c          	.endproc _cond_create
  827  0000191c          	.proc _cond_wait
  828  0000191c          	.global _cond_wait
  829  0000191c          	_cond_wait:
  830  0000191c  44000457	trap	#0x457
  831  00001920  4be00000	jr	r31
  832  00001924  54000000	nop
  833  00001928          	.endproc _cond_wait
  835  00001928          	.proc _cond_signal
  836  00001928          	.global _cond_signal
  837  00001928          	_cond_signal:
  838  00001928  44000458	trap	#0x458
  839  0000192c  4be00000	jr	r31
  840  00001930  54000000	nop
  841  00001934          	.endproc _cond_signal
  843  00001934          	.proc _cond_broadcast
  844  00001934          	.global _cond_broadcast
  845  00001934          	_cond_broadcast:
  846  00001934  44000459	trap	#0x459
  847  00001938  4be00000	jr	r31
  848  0000193c  54000000	nop
  849  00001940          	.endproc _cond_broadcast
  851  00001940          	.proc _mbox_create
  852  00001940          	.global _mbox_create
  853  00001940          	_mbox_create:
  854  00001940  44000460	trap	#0x460
  855  00001944  4be00000	jr	r31
  856  00001948  54000000	nop
  857  0000194c          	.endproc _mbox_create
  859  0000194c          	.proc _mbox_open
  860  0000194c          	.global _mbox_open
  861  0000194c          	_mbox_open:
  862  0000194c  44000461	trap	#0x461
  863  00001950  4be00000	jr	r31
  864  00001954  54000000	nop
  865  00001958          	.endproc _mbox_open
  867  00001958          	.proc _mbox_close
  868  00001958          	.global _mbox_close
  869  00001958          	_mbox_close:
  870  00001958  44000462	trap	#0x462
  871  0000195c  4be00000	jr	r31
  872  00001960  54000000	nop
  873  00001964          	.endproc _mbox_close
  875  00001964          	.proc _mbox_send
  876  00001964          	.global _mbox_send
  877  00001964          	_mbox_send:
  878  00001964  44000463	trap	#0x463
  879  00001968  4be00000	jr	r31
  880  0000196c  54000000	nop
  881  00001970          	.endproc _mbox_send
  883  00001970          	.proc _mbox_recv
  884  00001970          	.global _mbox_recv
  885  00001970          	_mbox_recv:
  886  00001970  44000464	trap	#0x464
  887  00001974  4be00000	jr	r31
  888  00001978  54000000	nop
  889  0000197c          	.endproc _mbox_recv
  891  0000197c          	.proc _sleep
  892  0000197c          	.global _sleep
  893  0000197c          	_sleep:
  894  0000197c  44000465	trap	#0x465
  895  00001980  4be00000	jr	r31
  896  00001984  54000000	nop
  897  00001988          	.endproc _sleep
  899  00001988          	.proc _yield
  900  00001988          	.global _yield
  901  00001988          	_yield:
  902  00001988  44000466	trap	#0x466
  903  0000198c  4be00000	jr	r31
  904  00001990  54000000	nop
  905  00001994          	.endproc _yield
  908  00001994          	.proc _Exit
  909  00001994          	.global _Exit
  910  00001994          	_Exit:
  911  00001994  44000500	trap	#0x500
  912  00001998  4be00000	jr	r31
  913  0000199c  54000000	nop
  914  000019a0          	.endproc _Exit
  917  000019a0          	.proc _malloc
  918  000019a0          	.global _malloc
  919  000019a0          	_malloc:
  920  000019a0  44000467	trap	#0x467
  921  000019a4  4be00000	jr	r31
  922  000019a8          	.endproc _malloc
  925  000019a8          	.proc _mfree
  926  000019a8          	.global _mfree
  927  000019a8          	_mfree:
  928  000019a8  44000468	trap	#0x468
  929  000019ac  4be00000	jr	r31
  930  000019b0          	.endproc _mfree
  931                      ; Compiled by GCC
  933  000019b0          	.align 2
  934  000019b0          	.proc _isspace
  935  000019b0          	.global _isspace
  936  000019b0          	_isspace:
  937                      ;  Function 'isspace'; 0 bytes of locals, 3 regs to save.
  938  000019b0  afbefffc	sw	-4(r29),r30; push fp
  939  000019b4  001df020	add	r30,r0,r29; fp = sp
  940  000019b8  afbffff8	sw	-8(r29),r31; push ret addr
  941  000019bc  2fbd0018	subui	r29,r29,#24; alloc local storage
  942  000019c0  afa20000	sw	0(r29),r2
  943  000019c4  afa30004	sw	4(r29),r3
  944  000019c8  afa40008	sw	8(r29),r4
  945  000019cc  83c20003	lb	r2,3(r30)
  946  000019d0  20010000	addi	r1,r0,#0
  947  000019d4  304300ff	andi	r3,r2,#0x00ff
  948  000019d8  60640020	seqi	r4,r3,#32
  949  000019dc  1480002c	bnez	r4,L3_LF2
  950  000019e0  54000000	nop; delay slot nop
  951  000019e4  304300ff	andi	r3,r2,#0x00ff
  952  000019e8  60640009	seqi	r4,r3,#9
  953  000019ec  1480001c	bnez	r4,L3_LF2
  954  000019f0  54000000	nop; delay slot nop
  955  000019f4  304300ff	andi	r3,r2,#0x00ff
  956  000019f8  6064000a	seqi	r4,r3,#10
  957  000019fc  1480000c	bnez	r4,L3_LF2
  958  00001a00  54000000	nop; delay slot nop
  959  00001a04  08000008	j	L2_LF2
  960  00001a08  54000000	nop; delay slot nop
  961  00001a0c          	L3_LF2:
  962  00001a0c  20010001	addi	r1,r0,#1
  963  00001a10          	L2_LF2:
  964  00001a10  08000004	j	L1_LF2
  965  00001a14  54000000	nop; delay slot nop
  966  00001a18          	L1_LF2:
  967  00001a18  8fa20000	lw	r2,0(r29)
  968  00001a1c  8fa30004	lw	r3,4(r29)
  969  00001a20  8fa40008	lw	r4,8(r29)
  970  00001a24  8fdffff8	lw	r31,-8(r30)
  971  00001a28  001ee820	add	r29,r0,r30
  972  00001a2c  8fdefffc	lw	r30,-4(r30)
  973  00001a30  4be00000	jr	r31
  974  00001a34  54000000	nop
  975  00001a38          	.endproc _isspace
  976  00001a38          	.align 2
  977  00001a38          	.proc _isxdigit
  978  00001a38          	.global _isxdigit
  979  00001a38          	_isxdigit:
  980                      ;  Function 'isxdigit'; 0 bytes of locals, 3 regs to save.
  981  00001a38  afbefffc	sw	-4(r29),r30; push fp
  982  00001a3c  001df020	add	r30,r0,r29; fp = sp
  983  00001a40  afbffff8	sw	-8(r29),r31; push ret addr
  984  00001a44  2fbd0018	subui	r29,r29,#24; alloc local storage
  985  00001a48  afa20000	sw	0(r29),r2
  986  00001a4c  afa30004	sw	4(r29),r3
  987  00001a50  afa40008	sw	8(r29),r4
  988  00001a54  83c20003	lb	r2,3(r30)
  989  00001a58  20010000	addi	r1,r0,#0
  990  00001a5c  304300ff	andi	r3,r2,#0x00ff
  991  00001a60  6c64002f	sgtui	r4,r3,#47
  992  00001a64  1080001c	beqz	r4,L7_LF2
  993  00001a68  54000000	nop; delay slot nop
  994  00001a6c  304300ff	andi	r3,r2,#0x00ff
  995  00001a70  70640039	sleui	r4,r3,#57
  996  00001a74  1480005c	bnez	r4,L6_LF2
  997  00001a78  54000000	nop; delay slot nop
  998  00001a7c  08000004	j	L7_LF2
  999  00001a80  54000000	nop; delay slot nop
 1000  00001a84          	L7_LF2:
 1001  00001a84  304300ff	andi	r3,r2,#0x00ff
 1002  00001a88  6c640060	sgtui	r4,r3,#96
 1003  00001a8c  1080001c	beqz	r4,L8_LF2
 1004  00001a90  54000000	nop; delay slot nop
 1005  00001a94  304300ff	andi	r3,r2,#0x00ff
 1006  00001a98  70640066	sleui	r4,r3,#102
 1007  00001a9c  14800034	bnez	r4,L6_LF2
 1008  00001aa0  54000000	nop; delay slot nop
 1009  00001aa4  08000004	j	L8_LF2
 1010  00001aa8  54000000	nop; delay slot nop
 1011  00001aac          	L8_LF2:
 1012  00001aac  304300ff	andi	r3,r2,#0x00ff
 1013  00001ab0  6c640040	sgtui	r4,r3,#64
 1014  00001ab4  10800020	beqz	r4,L5_LF2
 1015  00001ab8  54000000	nop; delay slot nop
 1016  00001abc  304300ff	andi	r3,r2,#0x00ff
 1017  00001ac0  70640041	sleui	r4,r3,#65
 1018  00001ac4  1480000c	bnez	r4,L6_LF2
 1019  00001ac8  54000000	nop; delay slot nop
 1020  00001acc  08000008	j	L5_LF2
 1021  00001ad0  54000000	nop; delay slot nop
 1022  00001ad4          	L6_LF2:
 1023  00001ad4  20010001	addi	r1,r0,#1
 1024  00001ad8          	L5_LF2:
 1025  00001ad8  08000004	j	L4_LF2
 1026  00001adc  54000000	nop; delay slot nop
 1027  00001ae0          	L4_LF2:
 1028  00001ae0  8fa20000	lw	r2,0(r29)
 1029  00001ae4  8fa30004	lw	r3,4(r29)
 1030  00001ae8  8fa40008	lw	r4,8(r29)
 1031  00001aec  8fdffff8	lw	r31,-8(r30)
 1032  00001af0  001ee820	add	r29,r0,r30
 1033  00001af4  8fdefffc	lw	r30,-4(r30)
 1034  00001af8  4be00000	jr	r31
 1035  00001afc  54000000	nop
 1036  00001b00          	.endproc _isxdigit
 1037  00001b00          	.align 2
 1038  00001b00          	.proc _dstrcpy
 1039  00001b00          	.global _dstrcpy
 1040  00001b00          	_dstrcpy:
 1041                      ;  Function 'dstrcpy'; 8 bytes of locals, 2 regs to save.
 1042  00001b00  afbefffc	sw	-4(r29),r30; push fp
 1043  00001b04  001df020	add	r30,r0,r29; fp = sp
 1044  00001b08  afbffff8	sw	-8(r29),r31; push ret addr
 1045  00001b0c  2fbd0018	subui	r29,r29,#24; alloc local storage
 1046  00001b10  afa20000	sw	0(r29),r2
 1047  00001b14  afa30004	sw	4(r29),r3
 1048  00001b18  8fc10000	lw	r1,(r30)
 1049  00001b1c  afc1fff4	sw	-12(r30),r1
 1050  00001b20          	L10_LF2:
 1051  00001b20  8fc10000	lw	r1,(r30)
 1052  00001b24  20220001	addi	r2,r1,#1
 1053  00001b28  afc20000	sw	(r30),r2
 1054  00001b2c  8fc20004	lw	r2,4(r30)
 1055  00001b30  20430001	addi	r3,r2,#1
 1056  00001b34  afc30004	sw	4(r30),r3
 1057  00001b38  80420000	lb	r2,(r2)
 1058  00001b3c  a0220000	sb	(r1),r2
 1059  00001b40  a3c2fff3	sb	-13(r30),r2
 1060  00001b44          	L12_LF2:
 1061  00001b44  93c1fff3	lbu	r1,-13(r30)
 1062  00001b48  64220000	snei	r2,r1,#0
 1063  00001b4c  1440000c	bnez	r2,L13_LF2
 1064  00001b50  54000000	nop; delay slot nop
 1065  00001b54  0800000c	j	L11_LF2
 1066  00001b58  54000000	nop; delay slot nop
 1067  00001b5c          	L13_LF2:
 1068  00001b5c  0bffffc0	j	L10_LF2
 1069  00001b60  54000000	nop; delay slot nop
 1070  00001b64          	L11_LF2:
 1071  00001b64  8fc1fff4	lw	r1,-12(r30)
 1072  00001b68  08000004	j	L9_LF2
 1073  00001b6c  54000000	nop; delay slot nop
 1074  00001b70          	L9_LF2:
 1075  00001b70  8fa20000	lw	r2,0(r29)
 1076  00001b74  8fa30004	lw	r3,4(r29)
 1077  00001b78  8fdffff8	lw	r31,-8(r30)
 1078  00001b7c  001ee820	add	r29,r0,r30
 1079  00001b80  8fdefffc	lw	r30,-4(r30)
 1080  00001b84  4be00000	jr	r31
 1081  00001b88  54000000	nop
 1082  00001b8c          	.endproc _dstrcpy
 1083  00001b8c          	.align 2
 1084  00001b8c          	.proc _dstrncpy
 1085  00001b8c          	.global _dstrncpy
 1086  00001b8c          	_dstrncpy:
 1087                      ;  Function 'dstrncpy'; 8 bytes of locals, 2 regs to save.
 1088  00001b8c  afbefffc	sw	-4(r29),r30; push fp
 1089  00001b90  001df020	add	r30,r0,r29; fp = sp
 1090  00001b94  afbffff8	sw	-8(r29),r31; push ret addr
 1091  00001b98  2fbd0018	subui	r29,r29,#24; alloc local storage
 1092  00001b9c  afa20000	sw	0(r29),r2
 1093  00001ba0  afa30004	sw	4(r29),r3
 1094  00001ba4  8fc10000	lw	r1,(r30)
 1095  00001ba8  afc1fff4	sw	-12(r30),r1
 1096  00001bac          	L15_LF2:
 1097  00001bac  8fc10008	lw	r1,8(r30)
 1098  00001bb0  2022ffff	addi	r2,r1,#-1
 1099  00001bb4  afc20008	sw	8(r30),r2
 1100  00001bb8  70210000	slei	r1,r1,#0
 1101  00001bbc  1020000c	beqz	r1,L18_LF2
 1102  00001bc0  54000000	nop; delay slot nop
 1103  00001bc4  08000048	j	L16_LF2
 1104  00001bc8  54000000	nop; delay slot nop
 1105  00001bcc          	L18_LF2:
 1106  00001bcc  8fc10000	lw	r1,(r30)
 1107  00001bd0  20220001	addi	r2,r1,#1
 1108  00001bd4  afc20000	sw	(r30),r2
 1109  00001bd8  8fc20004	lw	r2,4(r30)
 1110  00001bdc  20430001	addi	r3,r2,#1
 1111  00001be0  afc30004	sw	4(r30),r3
 1112  00001be4  80420000	lb	r2,(r2)
 1113  00001be8  a0220000	sb	(r1),r2
 1114  00001bec  a3c2fff3	sb	-13(r30),r2
 1115  00001bf0          	L17_LF2:
 1116  00001bf0  93c1fff3	lbu	r1,-13(r30)
 1117  00001bf4  64220000	snei	r2,r1,#0
 1118  00001bf8  1440000c	bnez	r2,L19_LF2
 1119  00001bfc  54000000	nop; delay slot nop
 1120  00001c00  0800000c	j	L16_LF2
 1121  00001c04  54000000	nop; delay slot nop
 1122  00001c08          	L19_LF2:
 1123  00001c08  0bffffa0	j	L15_LF2
 1124  00001c0c  54000000	nop; delay slot nop
 1125  00001c10          	L16_LF2:
 1126  00001c10  8fc1fff4	lw	r1,-12(r30)
 1127  00001c14  08000004	j	L14_LF2
 1128  00001c18  54000000	nop; delay slot nop
 1129  00001c1c          	L14_LF2:
 1130  00001c1c  8fa20000	lw	r2,0(r29)
 1131  00001c20  8fa30004	lw	r3,4(r29)
 1132  00001c24  8fdffff8	lw	r31,-8(r30)
 1133  00001c28  001ee820	add	r29,r0,r30
 1134  00001c2c  8fdefffc	lw	r30,-4(r30)
 1135  00001c30  4be00000	jr	r31
 1136  00001c34  54000000	nop
 1137  00001c38          	.endproc _dstrncpy
 1138  00001c38          	.align 2
 1139  00001c38          	.proc _dstrcat
 1140  00001c38          	.global _dstrcat
 1141  00001c38          	_dstrcat:
 1142                      ;  Function 'dstrcat'; 8 bytes of locals, 1 regs to save.
 1143  00001c38  afbefffc	sw	-4(r29),r30; push fp
 1144  00001c3c  001df020	add	r30,r0,r29; fp = sp
 1145  00001c40  afbffff8	sw	-8(r29),r31; push ret addr
 1146  00001c44  2fbd0018	subui	r29,r29,#24; alloc local storage
 1147  00001c48  afa20000	sw	0(r29),r2
 1148  00001c4c  8fc10000	lw	r1,(r30)
 1149  00001c50  afc1fff4	sw	-12(r30),r1
 1150  00001c54          	L21_LF2:
 1151  00001c54  8fc10000	lw	r1,(r30)
 1152  00001c58  90220000	lbu	r2,(r1)
 1153  00001c5c  64410000	snei	r1,r2,#0
 1154  00001c60  1420000c	bnez	r1,L23_LF2
 1155  00001c64  54000000	nop; delay slot nop
 1156  00001c68  0800001c	j	L22_LF2
 1157  00001c6c  54000000	nop; delay slot nop
 1158  00001c70          	L23_LF2:
 1159  00001c70  8fc20000	lw	r2,(r30)
 1160  00001c74  20410001	addi	r1,r2,#1
 1161  00001c78  00011020	add	r2,r0,r1
 1162  00001c7c  afc20000	sw	(r30),r2
 1163  00001c80  0bffffd0	j	L21_LF2
 1164  00001c84  54000000	nop; delay slot nop
 1165  00001c88          	L22_LF2:
 1166  00001c88  23bdfff8	addi	r29,r29,#-8
 1167  00001c8c  001d0820	add	r1,r0,r29
 1168  00001c90  8fc20000	lw	r2,(r30)
 1169  00001c94  ac220000	sw	(r1),r2
 1170  00001c98  8fc20004	lw	r2,4(r30)
 1171  00001c9c  ac220004	sw	4(r1),r2
 1172  00001ca0  0ffffe5c	jal	_dstrcpy
 1173  00001ca4  54000000	nop; delay slot nop
 1174  00001ca8  23bd0008	addi	r29,r29,#8
 1175  00001cac  8fc1fff4	lw	r1,-12(r30)
 1176  00001cb0  08000004	j	L20_LF2
 1177  00001cb4  54000000	nop; delay slot nop
 1178  00001cb8          	L20_LF2:
 1179  00001cb8  8fa20000	lw	r2,0(r29)
 1180  00001cbc  8fdffff8	lw	r31,-8(r30)
 1181  00001cc0  001ee820	add	r29,r0,r30
 1182  00001cc4  8fdefffc	lw	r30,-4(r30)
 1183  00001cc8  4be00000	jr	r31
 1184  00001ccc  54000000	nop
 1185  00001cd0          	.endproc _dstrcat
 1186  00001cd0          	.align 2
 1187  00001cd0          	.proc _dstrncmp
 1188  00001cd0          	.global _dstrncmp
 1189  00001cd0          	_dstrncmp:
 1190                      ;  Function 'dstrncmp'; 8 bytes of locals, 2 regs to save.
 1191  00001cd0  afbefffc	sw	-4(r29),r30; push fp
 1192  00001cd4  001df020	add	r30,r0,r29; fp = sp
 1193  00001cd8  afbffff8	sw	-8(r29),r31; push ret addr
 1194  00001cdc  2fbd0018	subui	r29,r29,#24; alloc local storage
 1195  00001ce0  afa20000	sw	0(r29),r2
 1196  00001ce4  afa30004	sw	4(r29),r3
 1197  00001ce8  54000000	nop
 1198  00001cec  20010000	addi	r1,r0,#0
 1199  00001cf0  afc1fff4	sw	-12(r30),r1
 1200  00001cf4          	L25_LF2:
 1201  00001cf4  8fc1fff4	lw	r1,-12(r30)
 1202  00001cf8  8fc20008	lw	r2,8(r30)
 1203  00001cfc  0022082a	slt	r1,r1,r2
 1204  00001d00  1420000c	bnez	r1,L28_LF2
 1205  00001d04  54000000	nop; delay slot nop
 1206  00001d08  08000088	j	L26_LF2
 1207  00001d0c  54000000	nop; delay slot nop
 1208  00001d10          	L28_LF2:
 1209  00001d10  8fc10004	lw	r1,4(r30)
 1210  00001d14  90220000	lbu	r2,(r1)
 1211  00001d18  64410000	snei	r1,r2,#0
 1212  00001d1c  14200018	bnez	r1,L29_LF2
 1213  00001d20  54000000	nop; delay slot nop
 1214  00001d24  20010000	addi	r1,r0,#0
 1215  00001d28  080000d8	j	L24_LF2
 1216  00001d2c  54000000	nop; delay slot nop
 1217  00001d30  08000028	j	L30_LF2
 1218  00001d34  54000000	nop; delay slot nop
 1219  00001d38          	L29_LF2:
 1220  00001d38  8fc10000	lw	r1,(r30)
 1221  00001d3c  8fc20004	lw	r2,4(r30)
 1222  00001d40  90210000	lbu	r1,(r1)
 1223  00001d44  90420000	lbu	r2,(r2)
 1224  00001d48  00220829	sne	r1,r1,r2
 1225  00001d4c  1020000c	beqz	r1,L30_LF2
 1226  00001d50  54000000	nop; delay slot nop
 1227  00001d54  0800003c	j	L26_LF2
 1228  00001d58  54000000	nop; delay slot nop
 1229  00001d5c          	L31_LF2:
 1230  00001d5c          	L30_LF2:
 1231  00001d5c  8fc20000	lw	r2,(r30)
 1232  00001d60  20410001	addi	r1,r2,#1
 1233  00001d64  00011020	add	r2,r0,r1
 1234  00001d68  afc20000	sw	(r30),r2
 1235  00001d6c  8fc20004	lw	r2,4(r30)
 1236  00001d70  20410001	addi	r1,r2,#1
 1237  00001d74  00011020	add	r2,r0,r1
 1238  00001d78  afc20004	sw	4(r30),r2
 1239  00001d7c          	L27_LF2:
 1240  00001d7c  8fc2fff4	lw	r2,-12(r30)
 1241  00001d80  20410001	addi	r1,r2,#1
 1242  00001d84  00011020	add	r2,r0,r1
 1243  00001d88  afc2fff4	sw	-12(r30),r2
 1244  00001d8c  0bffff64	j	L25_LF2
 1245  00001d90  54000000	nop; delay slot nop
 1246  00001d94          	L26_LF2:
 1247  00001d94  8fc1fff4	lw	r1,-12(r30)
 1248  00001d98  8fc20008	lw	r2,8(r30)
 1249  00001d9c  00220828	seq	r1,r1,r2
 1250  00001da0  10200018	beqz	r1,L32_LF2
 1251  00001da4  54000000	nop; delay slot nop
 1252  00001da8  20010000	addi	r1,r0,#0
 1253  00001dac  08000054	j	L24_LF2
 1254  00001db0  54000000	nop; delay slot nop
 1255  00001db4  0800004c	j	L33_LF2
 1256  00001db8  54000000	nop; delay slot nop
 1257  00001dbc          	L32_LF2:
 1258  00001dbc  8fc20000	lw	r2,(r30)
 1259  00001dc0  90410000	lbu	r1,(r2)
 1260  00001dc4  8fc20004	lw	r2,4(r30)
 1261  00001dc8  90430000	lbu	r3,(r2)
 1262  00001dcc  00230822	sub	r1,r1,r3
 1263  00001dd0  74220000	sgei	r2,r1,#0
 1264  00001dd4  10400020	beqz	r2,L34_LF2
 1265  00001dd8  54000000	nop; delay slot nop
 1266  00001ddc  8fc10000	lw	r1,(r30)
 1267  00001de0  8fc20004	lw	r2,4(r30)
 1268  00001de4  90210000	lbu	r1,(r1)
 1269  00001de8  90420000	lbu	r2,(r2)
 1270  00001dec  00220829	sne	r1,r1,r2
 1271  00001df0  08000008	j	L35_LF2
 1272  00001df4  54000000	nop; delay slot nop
 1273  00001df8          	L34_LF2:
 1274  00001df8  2001ffff	addi	r1,r0,#-1
 1275  00001dfc          	L35_LF2:
 1276  00001dfc  08000004	j	L24_LF2
 1277  00001e00  54000000	nop; delay slot nop
 1278  00001e04          	L33_LF2:
 1279  00001e04          	L24_LF2:
 1280  00001e04  8fa20000	lw	r2,0(r29)
 1281  00001e08  8fa30004	lw	r3,4(r29)
 1282  00001e0c  8fdffff8	lw	r31,-8(r30)
 1283  00001e10  001ee820	add	r29,r0,r30
 1284  00001e14  8fdefffc	lw	r30,-4(r30)
 1285  00001e18  4be00000	jr	r31
 1286  00001e1c  54000000	nop
 1287  00001e20          	.endproc _dstrncmp
 1288  00001e20          	.align 2
 1289  00001e20          	.proc _dstrlen
 1290  00001e20          	.global _dstrlen
 1291  00001e20          	_dstrlen:
 1292                      ;  Function 'dstrlen'; 8 bytes of locals, 1 regs to save.
 1293  00001e20  afbefffc	sw	-4(r29),r30; push fp
 1294  00001e24  001df020	add	r30,r0,r29; fp = sp
 1295  00001e28  afbffff8	sw	-8(r29),r31; push ret addr
 1296  00001e2c  2fbd0018	subui	r29,r29,#24; alloc local storage
 1297  00001e30  afa20000	sw	0(r29),r2
 1298  00001e34  20010000	addi	r1,r0,#0
 1299  00001e38  afc1fff4	sw	-12(r30),r1
 1300  00001e3c          	L37_LF2:
 1301  00001e3c  8fc10000	lw	r1,(r30)
 1302  00001e40  20220001	addi	r2,r1,#1
 1303  00001e44  afc20000	sw	(r30),r2
 1304  00001e48  90210000	lbu	r1,(r1)
 1305  00001e4c  64220000	snei	r2,r1,#0
 1306  00001e50  1440000c	bnez	r2,L39_LF2
 1307  00001e54  54000000	nop; delay slot nop
 1308  00001e58  0800001c	j	L38_LF2
 1309  00001e5c  54000000	nop; delay slot nop
 1310  00001e60          	L39_LF2:
 1311  00001e60  8fc2fff4	lw	r2,-12(r30)
 1312  00001e64  20410001	addi	r1,r2,#1
 1313  00001e68  00011020	add	r2,r0,r1
 1314  00001e6c  afc2fff4	sw	-12(r30),r2
 1315  00001e70  0bffffc8	j	L37_LF2
 1316  00001e74  54000000	nop; delay slot nop
 1317  00001e78          	L38_LF2:
 1318  00001e78  8fc1fff4	lw	r1,-12(r30)
 1319  00001e7c  08000004	j	L36_LF2
 1320  00001e80  54000000	nop; delay slot nop
 1321  00001e84          	L36_LF2:
 1322  00001e84  8fa20000	lw	r2,0(r29)
 1323  00001e88  8fdffff8	lw	r31,-8(r30)
 1324  00001e8c  001ee820	add	r29,r0,r30
 1325  00001e90  8fdefffc	lw	r30,-4(r30)
 1326  00001e94  4be00000	jr	r31
 1327  00001e98  54000000	nop
 1328  00001e9c          	.endproc _dstrlen
 1329  00001e9c          	.align 2
 1330  00001e9c          	.proc _dstrstr
 1331  00001e9c          	.global _dstrstr
 1332  00001e9c          	_dstrstr:
 1333                      ;  Function 'dstrstr'; 8 bytes of locals, 1 regs to save.
 1334  00001e9c  afbefffc	sw	-4(r29),r30; push fp
 1335  00001ea0  001df020	add	r30,r0,r29; fp = sp
 1336  00001ea4  afbffff8	sw	-8(r29),r31; push ret addr
 1337  00001ea8  2fbd0018	subui	r29,r29,#24; alloc local storage
 1338  00001eac  afa20000	sw	0(r29),r2
 1339  00001eb0  23bdfff8	addi	r29,r29,#-8
 1340  00001eb4  001d0820	add	r1,r0,r29
 1341  00001eb8  8fc20004	lw	r2,4(r30)
 1342  00001ebc  ac220000	sw	(r1),r2
 1343  00001ec0  0fffff5c	jal	_dstrlen
 1344  00001ec4  54000000	nop; delay slot nop
 1345  00001ec8  23bd0008	addi	r29,r29,#8
 1346  00001ecc  afc1fff4	sw	-12(r30),r1
 1347  00001ed0          	L41_LF2:
 1348  00001ed0  8fc10000	lw	r1,(r30)
 1349  00001ed4  90220000	lbu	r2,(r1)
 1350  00001ed8  64410000	snei	r1,r2,#0
 1351  00001edc  1420000c	bnez	r1,L43_LF2
 1352  00001ee0  54000000	nop; delay slot nop
 1353  00001ee4  08000060	j	L42_LF2
 1354  00001ee8  54000000	nop; delay slot nop
 1355  00001eec          	L43_LF2:
 1356  00001eec  23bdfff0	addi	r29,r29,#-16
 1357  00001ef0  001d0820	add	r1,r0,r29
 1358  00001ef4  8fc20000	lw	r2,(r30)
 1359  00001ef8  ac220000	sw	(r1),r2
 1360  00001efc  8fc20004	lw	r2,4(r30)
 1361  00001f00  ac220004	sw	4(r1),r2
 1362  00001f04  8fc2fff4	lw	r2,-12(r30)
 1363  00001f08  ac220008	sw	8(r1),r2
 1364  00001f0c  0ffffdc0	jal	_dstrncmp
 1365  00001f10  54000000	nop; delay slot nop
 1366  00001f14  23bd0010	addi	r29,r29,#16
 1367  00001f18  64220000	snei	r2,r1,#0
 1368  00001f1c  14400010	bnez	r2,L44_LF2
 1369  00001f20  54000000	nop; delay slot nop
 1370  00001f24  8fc10000	lw	r1,(r30)
 1371  00001f28  08000028	j	L40_LF2
 1372  00001f2c  54000000	nop; delay slot nop
 1373  00001f30          	L44_LF2:
 1374  00001f30  8fc20000	lw	r2,(r30)
 1375  00001f34  20410001	addi	r1,r2,#1
 1376  00001f38  00011020	add	r2,r0,r1
 1377  00001f3c  afc20000	sw	(r30),r2
 1378  00001f40  0bffff8c	j	L41_LF2
 1379  00001f44  54000000	nop; delay slot nop
 1380  00001f48          	L42_LF2:
 1381  00001f48  20010000	addi	r1,r0,#0
 1382  00001f4c  08000004	j	L40_LF2
 1383  00001f50  54000000	nop; delay slot nop
 1384  00001f54          	L40_LF2:
 1385  00001f54  8fa20000	lw	r2,0(r29)
 1386  00001f58  8fdffff8	lw	r31,-8(r30)
 1387  00001f5c  001ee820	add	r29,r0,r30
 1388  00001f60  8fdefffc	lw	r30,-4(r30)
 1389  00001f64  4be00000	jr	r31
 1390  00001f68  54000000	nop
 1391  00001f6c          	.endproc _dstrstr
 1392  00001f6c          	.align 2
 1393  00001f6c          	.proc _dmindex
 1394  00001f6c          	.global _dmindex
 1395  00001f6c          	_dmindex:
 1396                      ;  Function 'dmindex'; 8 bytes of locals, 1 regs to save.
 1397  00001f6c  afbefffc	sw	-4(r29),r30; push fp
 1398  00001f70  001df020	add	r30,r0,r29; fp = sp
 1399  00001f74  afbffff8	sw	-8(r29),r31; push ret addr
 1400  00001f78  2fbd0018	subui	r29,r29,#24; alloc local storage
 1401  00001f7c  afa20000	sw	0(r29),r2
 1402  00001f80  54000000	nop
 1403  00001f84          	L46_LF2:
 1404  00001f84  8fc10000	lw	r1,(r30)
 1405  00001f88  90220000	lbu	r2,(r1)
 1406  00001f8c  64410000	snei	r1,r2,#0
 1407  00001f90  1420000c	bnez	r1,L48_LF2
 1408  00001f94  54000000	nop; delay slot nop
 1409  00001f98  08000070	j	L47_LF2
 1410  00001f9c  54000000	nop; delay slot nop
 1411  00001fa0          	L48_LF2:
 1412  00001fa0  8fc10004	lw	r1,4(r30)
 1413  00001fa4  afc1fff4	sw	-12(r30),r1
 1414  00001fa8          	L49_LF2:
 1415  00001fa8  8fc1fff4	lw	r1,-12(r30)
 1416  00001fac  90220000	lbu	r2,(r1)
 1417  00001fb0  64410000	snei	r1,r2,#0
 1418  00001fb4  1420000c	bnez	r1,L52_LF2
 1419  00001fb8  54000000	nop; delay slot nop
 1420  00001fbc  08000044	j	L50_LF2
 1421  00001fc0  54000000	nop; delay slot nop
 1422  00001fc4          	L52_LF2:
 1423  00001fc4  8fc10000	lw	r1,(r30)
 1424  00001fc8  8fc2fff4	lw	r2,-12(r30)
 1425  00001fcc  90210000	lbu	r1,(r1)
 1426  00001fd0  90420000	lbu	r2,(r2)
 1427  00001fd4  00220828	seq	r1,r1,r2
 1428  00001fd8  10200010	beqz	r1,L51_LF2
 1429  00001fdc  54000000	nop; delay slot nop
 1430  00001fe0  8fc10000	lw	r1,(r30)
 1431  00001fe4  08000030	j	L45_LF2
 1432  00001fe8  54000000	nop; delay slot nop
 1433  00001fec          	L53_LF2:
 1434  00001fec          	L51_LF2:
 1435  00001fec  8fc2fff4	lw	r2,-12(r30)
 1436  00001ff0  20410001	addi	r1,r2,#1
 1437  00001ff4  00011020	add	r2,r0,r1
 1438  00001ff8  afc2fff4	sw	-12(r30),r2
 1439  00001ffc  0bffffa8	j	L49_LF2
 1440  00002000  54000000	nop; delay slot nop
 1441  00002004          	L50_LF2:
 1442  00002004  0bffff7c	j	L46_LF2
 1443  00002008  54000000	nop; delay slot nop
 1444  0000200c          	L47_LF2:
 1445  0000200c  20010000	addi	r1,r0,#0
 1446  00002010  08000004	j	L45_LF2
 1447  00002014  54000000	nop; delay slot nop
 1448  00002018          	L45_LF2:
 1449  00002018  8fa20000	lw	r2,0(r29)
 1450  0000201c  8fdffff8	lw	r31,-8(r30)
 1451  00002020  001ee820	add	r29,r0,r30
 1452  00002024  8fdefffc	lw	r30,-4(r30)
 1453  00002028  4be00000	jr	r31
 1454  0000202c  54000000	nop
 1455  00002030          	.endproc _dmindex
 1456  00002030          	.align 2
 1457  00002030          	.proc _dindex
 1458  00002030          	.global _dindex
 1459  00002030          	_dindex:
 1460                      ;  Function 'dindex'; 0 bytes of locals, 1 regs to save.
 1461  00002030  afbefffc	sw	-4(r29),r30; push fp
 1462  00002034  001df020	add	r30,r0,r29; fp = sp
 1463  00002038  afbffff8	sw	-8(r29),r31; push ret addr
 1464  0000203c  2fbd0010	subui	r29,r29,#16; alloc local storage
 1465  00002040  afa20000	sw	0(r29),r2
 1466  00002044  54000000	nop
 1467  00002048          	L55_LF2:
 1468  00002048  8fc10000	lw	r1,(r30)
 1469  0000204c  90220000	lbu	r2,(r1)
 1470  00002050  64410000	snei	r1,r2,#0
 1471  00002054  1420000c	bnez	r1,L57_LF2
 1472  00002058  54000000	nop; delay slot nop
 1473  0000205c  08000040	j	L56_LF2
 1474  00002060  54000000	nop; delay slot nop
 1475  00002064          	L57_LF2:
 1476  00002064  8fc10000	lw	r1,(r30)
 1477  00002068  90220000	lbu	r2,(r1)
 1478  0000206c  8fc10004	lw	r1,4(r30)
 1479  00002070  00411028	seq	r2,r2,r1
 1480  00002074  10400010	beqz	r2,L58_LF2
 1481  00002078  54000000	nop; delay slot nop
 1482  0000207c  8fc10000	lw	r1,(r30)
 1483  00002080  08000028	j	L54_LF2
 1484  00002084  54000000	nop; delay slot nop
 1485  00002088          	L58_LF2:
 1486  00002088  8fc20000	lw	r2,(r30)
 1487  0000208c  20410001	addi	r1,r2,#1
 1488  00002090  00011020	add	r2,r0,r1
 1489  00002094  afc20000	sw	(r30),r2
 1490  00002098  0bffffac	j	L55_LF2
 1491  0000209c  54000000	nop; delay slot nop
 1492  000020a0          	L56_LF2:
 1493  000020a0  20010000	addi	r1,r0,#0
 1494  000020a4  08000004	j	L54_LF2
 1495  000020a8  54000000	nop; delay slot nop
 1496  000020ac          	L54_LF2:
 1497  000020ac  8fa20000	lw	r2,0(r29)
 1498  000020b0  8fdffff8	lw	r31,-8(r30)
 1499  000020b4  001ee820	add	r29,r0,r30
 1500  000020b8  8fdefffc	lw	r30,-4(r30)
 1501  000020bc  4be00000	jr	r31
 1502  000020c0  54000000	nop
 1503  000020c4          	.endproc _dindex
 1504  000020c4          	.align 2
 1505  000020c4          	.proc _ditoa
 1506  000020c4          	.global _ditoa
 1507  000020c4          	_ditoa:
 1508                      ;  Function 'ditoa'; 8 bytes of locals, 2 regs to save.
 1509  000020c4  afbefffc	sw	-4(r29),r30; push fp
 1510  000020c8  001df020	add	r30,r0,r29; fp = sp
 1511  000020cc  afbffff8	sw	-8(r29),r31; push ret addr
 1512  000020d0  2fbd0018	subui	r29,r29,#24; alloc local storage
 1513  000020d4  afa20000	sw	0(r29),r2
 1514  000020d8  afa30004	sw	4(r29),r3
 1515  000020dc  8fc10000	lw	r1,(r30)
 1516  000020e0  68220000	slti	r2,r1,#0
 1517  000020e4  1040002c	beqz	r2,L60_LF2
 1518  000020e8  54000000	nop; delay slot nop
 1519  000020ec  8fc10004	lw	r1,4(r30)
 1520  000020f0  20220001	addi	r2,r1,#1
 1521  000020f4  afc20004	sw	4(r30),r2
 1522  000020f8  2002002d	addi	r2,r0,(#0x2d)&0xff
 1523  000020fc  a0220000	sb	(r1),r2
 1524  00002100  8fc10000	lw	r1,(r30)
 1525  00002104  00011022	sub	r2,r0,r1
 1526  00002108  afc20000	sw	(r30),r2
 1527  0000210c  08000118	j	L61_LF2
 1528  00002110  54000000	nop; delay slot nop
 1529  00002114          	L60_LF2:
 1530  00002114  8fc10000	lw	r1,(r30)
 1531  00002118  64220000	snei	r2,r1,#0
 1532  0000211c  14400020	bnez	r2,L62_LF2
 1533  00002120  54000000	nop; delay slot nop
 1534  00002124  8fc10004	lw	r1,4(r30)
 1535  00002128  20220001	addi	r2,r1,#1
 1536  0000212c  afc20004	sw	4(r30),r2
 1537  00002130  20020030	addi	r2,r0,(#0x30)&0xff
 1538  00002134  a0220000	sb	(r1),r2
 1539  00002138  080000ec	j	L61_LF2
 1540  0000213c  54000000	nop; delay slot nop
 1541  00002140          	L62_LF2:
 1542  00002140  20010001	addi	r1,r0,#1
 1543  00002144  afc1fff4	sw	-12(r30),r1
 1544  00002148          	L64_LF2:
 1545  00002148  8fc1fff4	lw	r1,-12(r30)
 1546  0000214c  8fc20000	lw	r2,(r30)
 1547  00002150  0022082c	sle	r1,r1,r2
 1548  00002154  1420000c	bnez	r1,L66_LF2
 1549  00002158  54000000	nop; delay slot nop
 1550  0000215c  08000024	j	L65_LF2
 1551  00002160  54000000	nop; delay slot nop
 1552  00002164          	L67_LF2:
 1553  00002164          	L66_LF2:
 1554  00002164  8fc1fff4	lw	r1,-12(r30)
 1555  00002168  00011820	add	r3,r0,r1
 1556  0000216c  50620002	slli	r2,r3,#0x2
 1557  00002170  00411020	add	r2,r2,r1
 1558  00002174  50410001	slli	r1,r2,#0x1
 1559  00002178  afc1fff4	sw	-12(r30),r1
 1560  0000217c  0bffffc8	j	L64_LF2
 1561  00002180  54000000	nop; delay slot nop
 1562  00002184          	L65_LF2:
 1563  00002184  54000000	nop
 1564  00002188          	L68_LF2:
 1565  00002188  8fc1fff4	lw	r1,-12(r30)
 1566  0000218c  2002000a	addi	r2,r0,#10
 1567  00002190  00200035	movi2fp	f0,r1
 1568  00002194  00400835	movi2fp	f1,r2
 1569  00002198  0401000f	div	f0,f0,f1
 1570  0000219c  00000834	movfp2i	r1,f0
 1571  000021a0  afc1fff4	sw	-12(r30),r1
 1572  000021a4  8fc10004	lw	r1,4(r30)
 1573  000021a8  20220001	addi	r2,r1,#1
 1574  000021ac  afc20004	sw	4(r30),r2
 1575  000021b0  8fc20000	lw	r2,(r30)
 1576  000021b4  8fc3fff4	lw	r3,-12(r30)
 1577  000021b8  00400035	movi2fp	f0,r2
 1578  000021bc  00600835	movi2fp	f1,r3
 1579  000021c0  0401000f	div	f0,f0,f1
 1580  000021c4  00001034	movfp2i	r2,f0
 1581  000021c8  00021820	add	r3,r0,r2
 1582  000021cc  20620030	addi	r2,r3,#48
 1583  000021d0  a0220000	sb	(r1),r2
 1584  000021d4  8fc10000	lw	r1,(r30)
 1585  000021d8  8fc3fff4	lw	r3,-12(r30)
 1586  000021dc  00200035	movi2fp	f0,r1
 1587  000021e0  00600835	movi2fp	f1,r3
 1588  000021e4  0401000f	div	f0,f0,f1
 1589  000021e8  00001034	movfp2i	r2,f0
 1590  000021ec  8fc3fff4	lw	r3,-12(r30)
 1591  000021f0  00400035	movi2fp	f0,r2
 1592  000021f4  00600835	movi2fp	f1,r3
 1593  000021f8  0401000e	mult	f0,f0,f1
 1594  000021fc  00001034	movfp2i	r2,f0
 1595  00002200  00220822	sub	r1,r1,r2
 1596  00002204  afc10000	sw	(r30),r1
 1597  00002208          	L70_LF2:
 1598  00002208  8fc1fff4	lw	r1,-12(r30)
 1599  0000220c  6c220001	sgti	r2,r1,#1
 1600  00002210  1440000c	bnez	r2,L71_LF2
 1601  00002214  54000000	nop; delay slot nop
 1602  00002218  0800000c	j	L61_LF2
 1603  0000221c  54000000	nop; delay slot nop
 1604  00002220          	L71_LF2:
 1605  00002220  0bffff64	j	L68_LF2
 1606  00002224  54000000	nop; delay slot nop
 1607  00002228          	L69_LF2:
 1608  00002228          	L63_LF2:
 1609  00002228          	L61_LF2:
 1610  00002228  8fc10004	lw	r1,4(r30)
 1611  0000222c  20020000	addi	r2,r0,(#0x0)&0xff
 1612  00002230  a0220000	sb	(r1),r2
 1613  00002234          	L59_LF2:
 1614  00002234  8fa20000	lw	r2,0(r29)
 1615  00002238  8fa30004	lw	r3,4(r29)
 1616  0000223c  8fdffff8	lw	r31,-8(r30)
 1617  00002240  001ee820	add	r29,r0,r30
 1618  00002244  8fdefffc	lw	r30,-4(r30)
 1619  00002248  4be00000	jr	r31
 1620  0000224c  54000000	nop
 1621  00002250          	.endproc _ditoa
 1622  00002250          	.align 2
 1623  00002250          	.proc _dstrtol
 1624  00002250          	.global _dstrtol
 1625  00002250          	_dstrtol:
 1626                      ;  Function 'dstrtol'; 16 bytes of locals, 1 regs to save.
 1627  00002250  afbefffc	sw	-4(r29),r30; push fp
 1628  00002254  001df020	add	r30,r0,r29; fp = sp
 1629  00002258  afbffff8	sw	-8(r29),r31; push ret addr
 1630  0000225c  2fbd0020	subui	r29,r29,#32; alloc local storage
 1631  00002260  afa20000	sw	0(r29),r2
 1632  00002264  20010000	addi	r1,r0,#0
 1633  00002268  afc1fff4	sw	-12(r30),r1
 1634  0000226c          	L73_LF2:
 1635  0000226c  8fc10000	lw	r1,(r30)
 1636  00002270  90220000	lbu	r2,(r1)
 1637  00002274  60410020	seqi	r1,r2,#32
 1638  00002278  14200034	bnez	r1,L75_LF2
 1639  0000227c  54000000	nop; delay slot nop
 1640  00002280  8fc10000	lw	r1,(r30)
 1641  00002284  90220000	lbu	r2,(r1)
 1642  00002288  60410009	seqi	r1,r2,#9
 1643  0000228c  14200020	bnez	r1,L75_LF2
 1644  00002290  54000000	nop; delay slot nop
 1645  00002294  8fc10000	lw	r1,(r30)
 1646  00002298  90220000	lbu	r2,(r1)
 1647  0000229c  6041000a	seqi	r1,r2,#10
 1648  000022a0  1420000c	bnez	r1,L75_LF2
 1649  000022a4  54000000	nop; delay slot nop
 1650  000022a8  0800001c	j	L74_LF2
 1651  000022ac  54000000	nop; delay slot nop
 1652  000022b0          	L75_LF2:
 1653  000022b0  8fc20000	lw	r2,(r30)
 1654  000022b4  20410001	addi	r1,r2,#1
 1655  000022b8  00011020	add	r2,r0,r1
 1656  000022bc  afc20000	sw	(r30),r2
 1657  000022c0  0bffffa8	j	L73_LF2
 1658  000022c4  54000000	nop; delay slot nop
 1659  000022c8          	L74_LF2:
 1660  000022c8  8fc10004	lw	r1,4(r30)
 1661  000022cc  64220000	snei	r2,r1,#0
 1662  000022d0  10400010	beqz	r2,L76_LF2
 1663  000022d4  54000000	nop; delay slot nop
 1664  000022d8  8fc10004	lw	r1,4(r30)
 1665  000022dc  8fc20000	lw	r2,(r30)
 1666  000022e0  ac220000	sw	(r1),r2
 1667  000022e4          	L76_LF2:
 1668  000022e4  8fc10000	lw	r1,(r30)
 1669  000022e8  90220000	lbu	r2,(r1)
 1670  000022ec  64410000	snei	r1,r2,#0
 1671  000022f0  14200010	bnez	r1,L77_LF2
 1672  000022f4  54000000	nop; delay slot nop
 1673  000022f8  8fc1fff4	lw	r1,-12(r30)
 1674  000022fc  08000294	j	L72_LF2
 1675  00002300  54000000	nop; delay slot nop
 1676  00002304          	L77_LF2:
 1677  00002304  8fc10000	lw	r1,(r30)
 1678  00002308  90220000	lbu	r2,(r1)
 1679  0000230c  6041002d	seqi	r1,r2,#45
 1680  00002310  10200024	beqz	r1,L78_LF2
 1681  00002314  54000000	nop; delay slot nop
 1682  00002318  2001ffff	addi	r1,r0,#-1
 1683  0000231c  afc1ffec	sw	-20(r30),r1
 1684  00002320  8fc20000	lw	r2,(r30)
 1685  00002324  20410001	addi	r1,r2,#1
 1686  00002328  00011020	add	r2,r0,r1
 1687  0000232c  afc20000	sw	(r30),r2
 1688  00002330  0800000c	j	L79_LF2
 1689  00002334  54000000	nop; delay slot nop
 1690  00002338          	L78_LF2:
 1691  00002338  20010001	addi	r1,r0,#1
 1692  0000233c  afc1ffec	sw	-20(r30),r1
 1693  00002340          	L79_LF2:
 1694  00002340  8fc10008	lw	r1,8(r30)
 1695  00002344  64220000	snei	r2,r1,#0
 1696  00002348  14400090	bnez	r2,L80_LF2
 1697  0000234c  54000000	nop; delay slot nop
 1698  00002350  8fc10000	lw	r1,(r30)
 1699  00002354  90220000	lbu	r2,(r1)
 1700  00002358  60410030	seqi	r1,r2,#48
 1701  0000235c  10200074	beqz	r1,L81_LF2
 1702  00002360  54000000	nop; delay slot nop
 1703  00002364  8fc20000	lw	r2,(r30)
 1704  00002368  20410001	addi	r1,r2,#1
 1705  0000236c  00011020	add	r2,r0,r1
 1706  00002370  afc20000	sw	(r30),r2
 1707  00002374  8fc10000	lw	r1,(r30)
 1708  00002378  90220000	lbu	r2,(r1)
 1709  0000237c  60410078	seqi	r1,r2,#120
 1710  00002380  14200020	bnez	r1,L83_LF2
 1711  00002384  54000000	nop; delay slot nop
 1712  00002388  8fc10000	lw	r1,(r30)
 1713  0000238c  90220000	lbu	r2,(r1)
 1714  00002390  60410058	seqi	r1,r2,#88
 1715  00002394  1420000c	bnez	r1,L83_LF2
 1716  00002398  54000000	nop; delay slot nop
 1717  0000239c  08000024	j	L82_LF2
 1718  000023a0  54000000	nop; delay slot nop
 1719  000023a4          	L83_LF2:
 1720  000023a4  20010010	addi	r1,r0,#16
 1721  000023a8  afc10008	sw	8(r30),r1
 1722  000023ac  8fc20000	lw	r2,(r30)
 1723  000023b0  20410001	addi	r1,r2,#1
 1724  000023b4  00011020	add	r2,r0,r1
 1725  000023b8  afc20000	sw	(r30),r2
 1726  000023bc  0800000c	j	L84_LF2
 1727  000023c0  54000000	nop; delay slot nop
 1728  000023c4          	L82_LF2:
 1729  000023c4  20010008	addi	r1,r0,#8
 1730  000023c8  afc10008	sw	8(r30),r1
 1731  000023cc          	L84_LF2:
 1732  000023cc  0800000c	j	L80_LF2
 1733  000023d0  54000000	nop; delay slot nop
 1734  000023d4          	L81_LF2:
 1735  000023d4  2001000a	addi	r1,r0,#10
 1736  000023d8  afc10008	sw	8(r30),r1
 1737  000023dc          	L85_LF2:
 1738  000023dc          	L80_LF2:
 1739  000023dc  8fc10008	lw	r1,8(r30)
 1740  000023e0  70220000	slei	r2,r1,#0
 1741  000023e4  1440001c	bnez	r2,L87_LF2
 1742  000023e8  54000000	nop; delay slot nop
 1743  000023ec  8fc10008	lw	r1,8(r30)
 1744  000023f0  6c220010	sgti	r2,r1,#16
 1745  000023f4  1440000c	bnez	r2,L87_LF2
 1746  000023f8  54000000	nop; delay slot nop
 1747  000023fc  08000010	j	L86_LF2
 1748  00002400  54000000	nop; delay slot nop
 1749  00002404          	L87_LF2:
 1750  00002404  8fc1fff4	lw	r1,-12(r30)
 1751  00002408  08000188	j	L72_LF2
 1752  0000240c  54000000	nop; delay slot nop
 1753  00002410          	L86_LF2:
 1754  00002410  54000000	nop
 1755  00002414          	L88_LF2:
 1756  00002414  8fc10000	lw	r1,(r30)
 1757  00002418  90220000	lbu	r2,(r1)
 1758  0000241c  6c41002f	sgtui	r1,r2,#47
 1759  00002420  10200030	beqz	r1,L91_LF2
 1760  00002424  54000000	nop; delay slot nop
 1761  00002428  8fc10000	lw	r1,(r30)
 1762  0000242c  90220000	lbu	r2,(r1)
 1763  00002430  70410039	sleui	r1,r2,#57
 1764  00002434  1020001c	beqz	r1,L91_LF2
 1765  00002438  54000000	nop; delay slot nop
 1766  0000243c  8fc10000	lw	r1,(r30)
 1767  00002440  90220000	lbu	r2,(r1)
 1768  00002444  2041ffd0	addi	r1,r2,#-48
 1769  00002448  afc1fff0	sw	-16(r30),r1
 1770  0000244c  0800008c	j	L92_LF2
 1771  00002450  54000000	nop; delay slot nop
 1772  00002454          	L91_LF2:
 1773  00002454  8fc10000	lw	r1,(r30)
 1774  00002458  90220000	lbu	r2,(r1)
 1775  0000245c  6c410060	sgtui	r1,r2,#96
 1776  00002460  10200030	beqz	r1,L93_LF2
 1777  00002464  54000000	nop; delay slot nop
 1778  00002468  8fc10000	lw	r1,(r30)
 1779  0000246c  90220000	lbu	r2,(r1)
 1780  00002470  7041007a	sleui	r1,r2,#122
 1781  00002474  1020001c	beqz	r1,L93_LF2
 1782  00002478  54000000	nop; delay slot nop
 1783  0000247c  8fc10000	lw	r1,(r30)
 1784  00002480  90220000	lbu	r2,(r1)
 1785  00002484  2041ffa9	addi	r1,r2,#-87
 1786  00002488  afc1fff0	sw	-16(r30),r1
 1787  0000248c  0800004c	j	L92_LF2
 1788  00002490  54000000	nop; delay slot nop
 1789  00002494          	L93_LF2:
 1790  00002494  8fc10000	lw	r1,(r30)
 1791  00002498  90220000	lbu	r2,(r1)
 1792  0000249c  6c410040	sgtui	r1,r2,#64
 1793  000024a0  10200030	beqz	r1,L95_LF2
 1794  000024a4  54000000	nop; delay slot nop
 1795  000024a8  8fc10000	lw	r1,(r30)
 1796  000024ac  90220000	lbu	r2,(r1)
 1797  000024b0  7041005a	sleui	r1,r2,#90
 1798  000024b4  1020001c	beqz	r1,L95_LF2
 1799  000024b8  54000000	nop; delay slot nop
 1800  000024bc  8fc10000	lw	r1,(r30)
 1801  000024c0  90220000	lbu	r2,(r1)
 1802  000024c4  2041ffc9	addi	r1,r2,#-55
 1803  000024c8  afc1fff0	sw	-16(r30),r1
 1804  000024cc  0800000c	j	L92_LF2
 1805  000024d0  54000000	nop; delay slot nop
 1806  000024d4          	L95_LF2:
 1807  000024d4  200103e8	addi	r1,r0,#1000
 1808  000024d8  afc1fff0	sw	-16(r30),r1
 1809  000024dc          	L96_LF2:
 1810  000024dc          	L94_LF2:
 1811  000024dc          	L92_LF2:
 1812  000024dc  8fc1fff0	lw	r1,-16(r30)
 1813  000024e0  8fc20008	lw	r2,8(r30)
 1814  000024e4  0022082a	slt	r1,r1,r2
 1815  000024e8  10200040	beqz	r1,L90_LF2
 1816  000024ec  54000000	nop; delay slot nop
 1817  000024f0  8fc1fff4	lw	r1,-12(r30)
 1818  000024f4  8fc20008	lw	r2,8(r30)
 1819  000024f8  00200035	movi2fp	f0,r1
 1820  000024fc  00400835	movi2fp	f1,r2
 1821  00002500  0401000e	mult	f0,f0,f1
 1822  00002504  00000834	movfp2i	r1,f0
 1823  00002508  afc1fff4	sw	-12(r30),r1
 1824  0000250c  8fc1fff4	lw	r1,-12(r30)
 1825  00002510  8fc2fff0	lw	r2,-16(r30)
 1826  00002514  00220820	add	r1,r1,r2
 1827  00002518  afc1fff4	sw	-12(r30),r1
 1828  0000251c  8fc20000	lw	r2,(r30)
 1829  00002520  20410001	addi	r1,r2,#1
 1830  00002524  00011020	add	r2,r0,r1
 1831  00002528  afc20000	sw	(r30),r2
 1832  0000252c          	L97_LF2:
 1833  0000252c          	L90_LF2:
 1834  0000252c  8fc1fff0	lw	r1,-16(r30)
 1835  00002530  8fc20008	lw	r2,8(r30)
 1836  00002534  0022082a	slt	r1,r1,r2
 1837  00002538  1420000c	bnez	r1,L98_LF2
 1838  0000253c  54000000	nop; delay slot nop
 1839  00002540  0800000c	j	L89_LF2
 1840  00002544  54000000	nop; delay slot nop
 1841  00002548          	L98_LF2:
 1842  00002548  0bfffec8	j	L88_LF2
 1843  0000254c  54000000	nop; delay slot nop
 1844  00002550          	L89_LF2:
 1845  00002550  8fc10004	lw	r1,4(r30)
 1846  00002554  64220000	snei	r2,r1,#0
 1847  00002558  10400010	beqz	r2,L99_LF2
 1848  0000255c  54000000	nop; delay slot nop
 1849  00002560  8fc10004	lw	r1,4(r30)
 1850  00002564  8fc20000	lw	r2,(r30)
 1851  00002568  ac220000	sw	(r1),r2
 1852  0000256c          	L99_LF2:
 1853  0000256c  8fc1fff4	lw	r1,-12(r30)
 1854  00002570  8fc2ffec	lw	r2,-20(r30)
 1855  00002574  00200035	movi2fp	f0,r1
 1856  00002578  00400835	movi2fp	f1,r2
 1857  0000257c  0401000e	mult	f0,f0,f1
 1858  00002580  00000834	movfp2i	r1,f0
 1859  00002584  afc1fff4	sw	-12(r30),r1
 1860  00002588  8fc1fff4	lw	r1,-12(r30)
 1861  0000258c  08000004	j	L72_LF2
 1862  00002590  54000000	nop; delay slot nop
 1863  00002594          	L72_LF2:
 1864  00002594  8fa20000	lw	r2,0(r29)
 1865  00002598  8fdffff8	lw	r31,-8(r30)
 1866  0000259c  001ee820	add	r29,r0,r30
 1867  000025a0  8fdefffc	lw	r30,-4(r30)
 1868  000025a4  4be00000	jr	r31
 1869  000025a8  54000000	nop
 1870  000025ac          	.endproc _dstrtol
 1871  000025ac          	.align 2
 1872  000025ac          	.proc _bcopy
 1873  000025ac          	.global _bcopy
 1874  000025ac          	_bcopy:
 1875                      ;  Function 'bcopy'; 0 bytes of locals, 2 regs to save.
 1876  000025ac  afbefffc	sw	-4(r29),r30; push fp
 1877  000025b0  001df020	add	r30,r0,r29; fp = sp
 1878  000025b4  afbffff8	sw	-8(r29),r31; push ret addr
 1879  000025b8  2fbd0010	subui	r29,r29,#16; alloc local storage
 1880  000025bc  afa20000	sw	0(r29),r2
 1881  000025c0  afa30004	sw	4(r29),r3
 1882  000025c4  54000000	nop
 1883  000025c8          	L101_LF2:
 1884  000025c8  8fc10008	lw	r1,8(r30)
 1885  000025cc  2022ffff	addi	r2,r1,#-1
 1886  000025d0  afc20008	sw	8(r30),r2
 1887  000025d4  6c210000	sgti	r1,r1,#0
 1888  000025d8  1420000c	bnez	r1,L103_LF2
 1889  000025dc  54000000	nop; delay slot nop
 1890  000025e0  0800002c	j	L102_LF2
 1891  000025e4  54000000	nop; delay slot nop
 1892  000025e8          	L103_LF2:
 1893  000025e8  8fc10004	lw	r1,4(r30)
 1894  000025ec  20220001	addi	r2,r1,#1
 1895  000025f0  afc20004	sw	4(r30),r2
 1896  000025f4  8fc20000	lw	r2,(r30)
 1897  000025f8  20430001	addi	r3,r2,#1
 1898  000025fc  afc30000	sw	(r30),r3
 1899  00002600  80420000	lb	r2,(r2)
 1900  00002604  a0220000	sb	(r1),r2
 1901  00002608  0bffffbc	j	L101_LF2
 1902  0000260c  54000000	nop; delay slot nop
 1903  00002610          	L102_LF2:
 1904  00002610          	L100_LF2:
 1905  00002610  8fa20000	lw	r2,0(r29)
 1906  00002614  8fa30004	lw	r3,4(r29)
 1907  00002618  8fdffff8	lw	r31,-8(r30)
 1908  0000261c  001ee820	add	r29,r0,r30
 1909  00002620  8fdefffc	lw	r30,-4(r30)
 1910  00002624  4be00000	jr	r31
 1911  00002628  54000000	nop
 1912  0000262c          	.endproc _bcopy
 1913  0000262c          	.align 2
 1914  0000262c          	.proc _bzero
 1915  0000262c          	.global _bzero
 1916  0000262c          	_bzero:
 1917                      ;  Function 'bzero'; 0 bytes of locals, 1 regs to save.
 1918  0000262c  afbefffc	sw	-4(r29),r30; push fp
 1919  00002630  001df020	add	r30,r0,r29; fp = sp
 1920  00002634  afbffff8	sw	-8(r29),r31; push ret addr
 1921  00002638  2fbd0010	subui	r29,r29,#16; alloc local storage
 1922  0000263c  afa20000	sw	0(r29),r2
 1923  00002640  54000000	nop
 1924  00002644          	L105_LF2:
 1925  00002644  8fc10004	lw	r1,4(r30)
 1926  00002648  2022ffff	addi	r2,r1,#-1
 1927  0000264c  afc20004	sw	4(r30),r2
 1928  00002650  6c210000	sgti	r1,r1,#0
 1929  00002654  1420000c	bnez	r1,L107_LF2
 1930  00002658  54000000	nop; delay slot nop
 1931  0000265c  08000020	j	L106_LF2
 1932  00002660  54000000	nop; delay slot nop
 1933  00002664          	L107_LF2:
 1934  00002664  8fc10000	lw	r1,(r30)
 1935  00002668  20220001	addi	r2,r1,#1
 1936  0000266c  afc20000	sw	(r30),r2
 1937  00002670  20020000	addi	r2,r0,(#0x0)&0xff
 1938  00002674  a0220000	sb	(r1),r2
 1939  00002678  0bffffc8	j	L105_LF2
 1940  0000267c  54000000	nop; delay slot nop
 1941  00002680          	L106_LF2:
 1942  00002680          	L104_LF2:
 1943  00002680  8fa20000	lw	r2,0(r29)
 1944  00002684  8fdffff8	lw	r31,-8(r30)
 1945  00002688  001ee820	add	r29,r0,r30
 1946  0000268c  8fdefffc	lw	r30,-4(r30)
 1947  00002690  4be00000	jr	r31
 1948  00002694  54000000	nop
 1949  00002698          	.endproc _bzero
 1950  00002698          	.align 2
 1951  00002698          	.proc _min
 1952  00002698          	.global _min
 1953  00002698          	_min:
 1954                      ;  Function 'min'; 0 bytes of locals, 2 regs to save.
 1955  00002698  afbefffc	sw	-4(r29),r30; push fp
 1956  0000269c  001df020	add	r30,r0,r29; fp = sp
 1957  000026a0  afbffff8	sw	-8(r29),r31; push ret addr
 1958  000026a4  2fbd0010	subui	r29,r29,#16; alloc local storage
 1959  000026a8  afa20000	sw	0(r29),r2
 1960  000026ac  afa30004	sw	4(r29),r3
 1961  000026b0  8fc10000	lw	r1,(r30)
 1962  000026b4  8fc20004	lw	r2,4(r30)
 1963  000026b8  0022182c	sle	r3,r1,r2
 1964  000026bc  14600008	bnez	r3,L109_LF2
 1965  000026c0  54000000	nop; delay slot nop
 1966  000026c4  8fc10004	lw	r1,4(r30)
 1967  000026c8          	L109_LF2:
 1968  000026c8  08000004	j	L108_LF2
 1969  000026cc  54000000	nop; delay slot nop
 1970  000026d0          	L108_LF2:
 1971  000026d0  8fa20000	lw	r2,0(r29)
 1972  000026d4  8fa30004	lw	r3,4(r29)
 1973  000026d8  8fdffff8	lw	r31,-8(r30)
 1974  000026dc  001ee820	add	r29,r0,r30
 1975  000026e0  8fdefffc	lw	r30,-4(r30)
 1976  000026e4  4be00000	jr	r31
 1977  000026e8  54000000	nop
 1978  000026ec          	.endproc _min
 1979  000026ec          	.align 2
 1980  000026ec          	.proc _max
 1981  000026ec          	.global _max
 1982  000026ec          	_max:
 1983                      ;  Function 'max'; 0 bytes of locals, 2 regs to save.
 1984  000026ec  afbefffc	sw	-4(r29),r30; push fp
 1985  000026f0  001df020	add	r30,r0,r29; fp = sp
 1986  000026f4  afbffff8	sw	-8(r29),r31; push ret addr
 1987  000026f8  2fbd0010	subui	r29,r29,#16; alloc local storage
 1988  000026fc  afa20000	sw	0(r29),r2
 1989  00002700  afa30004	sw	4(r29),r3
 1990  00002704  8fc10000	lw	r1,(r30)
 1991  00002708  8fc20004	lw	r2,4(r30)
 1992  0000270c  0022182d	sge	r3,r1,r2
 1993  00002710  14600008	bnez	r3,L111_LF2
 1994  00002714  54000000	nop; delay slot nop
 1995  00002718  8fc10004	lw	r1,4(r30)
 1996  0000271c          	L111_LF2:
 1997  0000271c  08000004	j	L110_LF2
 1998  00002720  54000000	nop; delay slot nop
 1999  00002724          	L110_LF2:
 2000  00002724  8fa20000	lw	r2,0(r29)
 2001  00002728  8fa30004	lw	r3,4(r29)
 2002  0000272c  8fdffff8	lw	r31,-8(r30)
 2003  00002730  001ee820	add	r29,r0,r30
 2004  00002734  8fdefffc	lw	r30,-4(r30)
 2005  00002738  4be00000	jr	r31
 2006  0000273c  54000000	nop
 2007  00002740          	.endproc _max
 2008                      ;;; Ethan L. Miller, 1999.  Released to the public domain
 2009                      ;;;
 2010                      ;;; Most of the traps are called in files from libtraps.
 2013  00002740          	.align 2
 2014  00002740          	.proc _exit
 2015  00002740          	.global _exit
 2016  00002740          	_exit:
 2017  00002740  44000300	trap	#0x300
 2018  00002744  4be00000	jr	r31
 2019  00002748  54000000	nop
 2020  0000274c          	.endproc _exit
 2022                      ; for the benefit of gcc.
 2023  0000274c          	.proc ___main
 2024  0000274c          	.global ___main
 2025  0000274c          	___main:
 2026  0000274c  4be00000	jr	r31
 2027  00002750  54000000	nop
 2028  00002754          	.endproc ___main
 2029  00002754          	.text
 2030  00002754          	.global _etext
 2031  00002754          	_etext:
 2032  00002754          	.align 3
 2033  00002758          	.data
 2034  000033ee          	.global _edata
 2035  000033ee          	_edata:
