 line   address	contents
    1                      ; Linked by DLX-LD.
    2                      ; MemSize 24576
    3                      ; Data size: 290
    4                      ; Text size: 4844
    5                      ; Stack size: 8192
    6  00000000          	.text 0x1000
    7  00001000          	.data 0x3000
    8                      ; Compiled by GCC
    9  00003000          	.text
   10  00001000          	.align 2
   11  00001000          	.proc _isspace
   12  00001000          	.global _isspace
   13  00001000          	_isspace:
   14                      ;  Function 'isspace'; 0 bytes of locals, 1 regs to save.
   15  00001000  afbefffc	sw	-4(r29),r30; push fp
   16  00001004  001df020	add	r30,r0,r29; fp = sp
   17  00001008  afbffff8	sw	-8(r29),r31; push ret addr
   18  0000100c  2fbd0010	subui	r29,r29,#16; alloc local storage
   19  00001010  afa20000	sw	0(r29),r2
   20  00001014  83c20003	lb	r2,3(r30)
   21  00001018  201f0000	addi	r31,r0,#0
   22  0000101c  304100ff	andi	r1,r2,#0x00ff
   23  00001020  60210020	seqi	r1,r1,#32
   24  00001024  14200018	bnez	r1,L6_LF0
   25  00001028  54000000	nop; not filled.
   26  0000102c  2041fff7	addi	r1,r2,#-9
   27  00001030  302100ff	andi	r1,r1,#0x00ff
   28  00001034  70210001	sleui	r1,r1,#1
   29  00001038  10200008	beqz	r1,L5_LF0
   30  0000103c  54000000	nop; not filled.
   31  00001040          	L6_LF0:
   32  00001040  201f0001	addi	r31,r0,#1
   33  00001044          	L5_LF0:
   34  00001044  001f0820	add	r1,r0,r31
   35  00001048  8fa20000	lw	r2,0(r29)
   36  0000104c  8fdffff8	lw	r31,-8(r30)
   37  00001050  001ee820	add	r29,r0,r30
   38  00001054  8fdefffc	lw	r30,-4(r30)
   39  00001058  4be00000	jr	r31
   40  0000105c  54000000	nop
   41  00001060          	.endproc _isspace
   42  00001060          	.align 2
   43  00001060          	.proc _isxdigit
   44  00001060          	.global _isxdigit
   45  00001060          	_isxdigit:
   46                      ;  Function 'isxdigit'; 0 bytes of locals, 1 regs to save.
   47  00001060  afbefffc	sw	-4(r29),r30; push fp
   48  00001064  001df020	add	r30,r0,r29; fp = sp
   49  00001068  afbffff8	sw	-8(r29),r31; push ret addr
   50  0000106c  2fbd0010	subui	r29,r29,#16; alloc local storage
   51  00001070  afa20000	sw	0(r29),r2
   52  00001074  83df0003	lb	r31,3(r30)
   53  00001078  20020000	addi	r2,r0,#0
   54  0000107c  23e1ffd0	addi	r1,r31,#-48
   55  00001080  302100ff	andi	r1,r1,#0x00ff
   56  00001084  70210009	sleui	r1,r1,#9
   57  00001088  14200028	bnez	r1,L12_LF0
   58  0000108c  54000000	nop; not filled.
   59  00001090  23e1ff9f	addi	r1,r31,#-97
   60  00001094  302100ff	andi	r1,r1,#0x00ff
   61  00001098  70210005	sleui	r1,r1,#5
   62  0000109c  14200014	bnez	r1,L12_LF0
   63  000010a0  54000000	nop; not filled.
   64  000010a4  33e100ff	andi	r1,r31,#0x00ff
   65  000010a8  64210041	snei	r1,r1,#65
   66  000010ac  14200008	bnez	r1,L11_LF0
   67  000010b0  54000000	nop; not filled.
   68  000010b4          	L12_LF0:
   69  000010b4  20020001	addi	r2,r0,#1
   70  000010b8          	L11_LF0:
   71  000010b8  00020820	add	r1,r0,r2
   72  000010bc  8fa20000	lw	r2,0(r29)
   73  000010c0  8fdffff8	lw	r31,-8(r30)
   74  000010c4  001ee820	add	r29,r0,r30
   75  000010c8  8fdefffc	lw	r30,-4(r30)
   76  000010cc  4be00000	jr	r31
   77  000010d0  54000000	nop
   78  000010d4          	.endproc _isxdigit
   79  000010d4          	.data
   80  00003000          	.align 2
   81  00003000          	LC0_LF0:
   82  00003000  52656163	.ascii "Reaction 1: starting\n\000"
   82  00003004  74696f6e	
   82  00003008  20313a20	
   82  0000300c  73746172	
   82  00003010  74696e67	
   82  00003014  0a00    	
   83  00003016          	.align 2
   84  00003018          	LC1_LF0:
   85  00003018  55736167	.ascii "Usage: \000"
   85  0000301c  653a2000	
   86  00003020          	.align 2
   87  00003020          	LC2_LF0:
   88  00003020  203c6861	.ascii " <handle_to_proc_semaphore> <handle_to_N2_mailbox> <handle_to_N_mailbo"
   88  00003024  6e646c65	
   88  00003028  5f746f5f	
   88  0000302c  70726f63	
   88  00003030  5f73656d	
   88  00003034  6170686f	
   88  00003038  72653e20	
   88  0000303c  3c68616e	
   88  00003040  646c655f	
   88  00003044  746f5f4e	
   88  00003048  325f6d61	
   88  0000304c  696c626f	
   88  00003050  783e203c	
   88  00003054  68616e64	
   88  00003058  6c655f74	
   88  0000305c  6f5f4e5f	
   88  00003060  6d61696c	
   88  00003064  626f    	
   89  00003066  783e0a00	.ascii "x>\n\000"
   90  0000306a          	.align 2
   91  0000306c          	LC3_LF0:
   92  0000306c  42616420	.ascii "Bad mailbox open mb_n2\n\000"
   92  00003070  6d61696c	
   92  00003074  626f7820	
   92  00003078  6f70656e	
   92  0000307c  206d625f	
   92  00003080  6e320a00	
   93  00003084          	.align 2
   94  00003084          	LC4_LF0:
   95  00003084  42616420	.ascii "Bad mailbox open mb_n\n\000"
   95  00003088  6d61696c	
   95  0000308c  626f7820	
   95  00003090  6f70656e	
   95  00003094  206d625f	
   95  00003098  6e0a00  	
   96  0000309b          	.align 2
   97  0000309c          	LC5_LF0:
   98  0000309c  52656376	.ascii "Recv N2 from mb_n2\n\000"
   98  000030a0  204e3220	
   98  000030a4  66726f6d	
   98  000030a8  206d625f	
   98  000030ac  6e320a00	
   99  000030b0          	.align 2
  100  000030b0          	LC6_LF0:
  101  000030b0  4e00    	.ascii "N\000"
  102  000030b2          	.align 2
  103  000030b4          	LC7_LF0:
  104  000030b4  53656e74	.ascii "Sent N to mb_n\n\000"
  104  000030b8  204e2074	
  104  000030bc  6f206d62	
  104  000030c0  5f6e0a00	
  105  000030c4          	.align 2
  106  000030c4          	LC8_LF0:
  107  000030c4  52656163	.ascii "Reaction 1: PID %d is complete.\n\000"
  107  000030c8  74696f6e	
  107  000030cc  20313a20	
  107  000030d0  50494420	
  107  000030d4  25642069	
  107  000030d8  7320636f	
  107  000030dc  6d706c65	
  107  000030e0  74652e0a	
  107  000030e4  00      	
  108  000030e5          	.align 2
  109  000030e8          	LC9_LF0:
  110  000030e8  42616420	.ascii "Bad semaphore s_procs_completed (%d) in \000"
  110  000030ec  73656d61	
  110  000030f0  70686f72	
  110  000030f4  6520735f	
  110  000030f8  70726f63	
  110  000030fc  735f636f	
  110  00003100  6d706c65	
  110  00003104  74656420	
  110  00003108  28256429	
  110  0000310c  20696e20	
  110  00003110  00      	
  111  00003111          	.align 2
  112  00003114          	LC10_LF0:
  113  00003114  2c206578	.ascii ", exiting...\n\000"
  113  00003118  6974696e	
  113  0000311c  672e2e2e	
  113  00003120  0a00    	
  114  00003122          	.text
  115  000010d4          	.align 2
  116  000010d4          	.proc _main
  117  000010d4          	.global _main
  118  000010d4          	_main:
  119                      ;  Function 'main'; 8 bytes of locals, 0 regs to save.
  120  000010d4  afbefffc	sw	-4(r29),r30; push fp
  121  000010d8  001df020	add	r30,r0,r29; fp = sp
  122  000010dc  afbffff8	sw	-8(r29),r31; push ret addr
  123  000010e0  2fbd0010	subui	r29,r29,#16; alloc local storage
  124  000010e4  8fc20000	lw	r2,(r30)
  125  000010e8  8fc50004	lw	r5,4(r30)
  126  000010ec  0c0011f4	jal	___main
  127  000010f0  54000000	nop; not filled.
  128  000010f4  23bdfff8	addi	r29,r29,#-8
  129  000010f8  3c070000	lhi	r7,((LC0_LF0)>>16)&0xffff
  130  000010fc  24e73000	addui	r7,r7,(LC0_LF0)&0xffff
  131  00001100  afa70000	sw	(r29),r7
  132  00001104  0c00032c	jal	_Printf
  133  00001108  54000000	nop; not filled.
  134  0000110c  23bd0008	addi	r29,r29,#8
  135  00001110  64410004	snei	r1,r2,#4
  136  00001114  1020004c	beqz	r1,L14_LF0
  137  00001118  54000000	nop; not filled.
  138  0000111c  23bdfff8	addi	r29,r29,#-8
  139  00001120  3c070000	lhi	r7,((LC1_LF0)>>16)&0xffff
  140  00001124  24e73018	addui	r7,r7,(LC1_LF0)&0xffff
  141  00001128  afa70000	sw	(r29),r7
  142  0000112c  0c000304	jal	_Printf
  143  00001130  54000000	nop; not filled.
  144  00001134  8ca70000	lw	r7,(r5)
  145  00001138  afa70000	sw	(r29),r7
  146  0000113c  0c0002f4	jal	_Printf
  147  00001140  54000000	nop; not filled.
  148  00001144  3c070000	lhi	r7,((LC2_LF0)>>16)&0xffff
  149  00001148  24e73020	addui	r7,r7,(LC2_LF0)&0xffff
  150  0000114c  afa70000	sw	(r29),r7
  151  00001150  0c0002e0	jal	_Printf
  152  00001154  54000000	nop; not filled.
  153  00001158  0c0003e0	jal	_Exit
  154  0000115c  54000000	nop; not filled.
  155  00001160  23bd0008	addi	r29,r29,#8
  156  00001164          	L14_LF0:
  157  00001164  23bdfff0	addi	r29,r29,#-16
  158  00001168  8ca70004	lw	r7,4(r5)
  159  0000116c  afa70000	sw	(r29),r7
  160  00001170  20070000	addi	r7,r0,#0
  161  00001174  afa70004	sw	4(r29),r7
  162  00001178  2007000a	addi	r7,r0,#10
  163  0000117c  afa70008	sw	8(r29),r7
  164  00001180  0c000c64	jal	_dstrtol
  165  00001184  54000000	nop; not filled.
  166  00001188  00013020	add	r6,r0,r1
  167  0000118c  8ca70008	lw	r7,8(r5)
  168  00001190  afa70000	sw	(r29),r7
  169  00001194  20070000	addi	r7,r0,#0
  170  00001198  afa70004	sw	4(r29),r7
  171  0000119c  2007000a	addi	r7,r0,#10
  172  000011a0  afa70008	sw	8(r29),r7
  173  000011a4  0c000c40	jal	_dstrtol
  174  000011a8  54000000	nop; not filled.
  175  000011ac  00012020	add	r4,r0,r1
  176  000011b0  8ca7000c	lw	r7,12(r5)
  177  000011b4  afa70000	sw	(r29),r7
  178  000011b8  20070000	addi	r7,r0,#0
  179  000011bc  afa70004	sw	4(r29),r7
  180  000011c0  2007000a	addi	r7,r0,#10
  181  000011c4  afa70008	sw	8(r29),r7
  182  000011c8  0c000c1c	jal	_dstrtol
  183  000011cc  54000000	nop; not filled.
  184  000011d0  00011820	add	r3,r0,r1
  185  000011d4  afa40000	sw	(r29),r4
  186  000011d8  0c000318	jal	_mbox_open
  187  000011dc  54000000	nop; not filled.
  188  000011e0  23bd0010	addi	r29,r29,#16
  189  000011e4  64210000	snei	r1,r1,#0
  190  000011e8  14200028	bnez	r1,L15_LF0
  191  000011ec  54000000	nop; not filled.
  192  000011f0  23bdfff8	addi	r29,r29,#-8
  193  000011f4  3c070000	lhi	r7,((LC3_LF0)>>16)&0xffff
  194  000011f8  24e7306c	addui	r7,r7,(LC3_LF0)&0xffff
  195  000011fc  afa70000	sw	(r29),r7
  196  00001200  0c000230	jal	_Printf
  197  00001204  54000000	nop; not filled.
  198  00001208  0c000330	jal	_Exit
  199  0000120c  54000000	nop; not filled.
  200  00001210  23bd0008	addi	r29,r29,#8
  201  00001214          	L15_LF0:
  202  00001214  23bdfff8	addi	r29,r29,#-8
  203  00001218  afa30000	sw	(r29),r3
  204  0000121c  0c0002d4	jal	_mbox_open
  205  00001220  54000000	nop; not filled.
  206  00001224  23bd0008	addi	r29,r29,#8
  207  00001228  64210000	snei	r1,r1,#0
  208  0000122c  14200028	bnez	r1,L16_LF0
  209  00001230  54000000	nop; not filled.
  210  00001234  23bdfff8	addi	r29,r29,#-8
  211  00001238  3c070000	lhi	r7,((LC4_LF0)>>16)&0xffff
  212  0000123c  24e73084	addui	r7,r7,(LC4_LF0)&0xffff
  213  00001240  afa70000	sw	(r29),r7
  214  00001244  0c0001ec	jal	_Printf
  215  00001248  54000000	nop; not filled.
  216  0000124c  0c0002ec	jal	_Exit
  217  00001250  54000000	nop; not filled.
  218  00001254  23bd0008	addi	r29,r29,#8
  219  00001258          	L16_LF0:
  220  00001258  23bdfff0	addi	r29,r29,#-16
  221  0000125c  afa40000	sw	(r29),r4
  222  00001260  20070002	addi	r7,r0,#2
  223  00001264  afa70004	sw	4(r29),r7
  224  00001268  23c1fff0	addi	r1,r30,#-16
  225  0000126c  afa10008	sw	8(r29),r1
  226  00001270  0c0002a4	jal	_mbox_recv
  227  00001274  54000000	nop; not filled.
  228  00001278  3c070000	lhi	r7,((LC5_LF0)>>16)&0xffff
  229  0000127c  24e7309c	addui	r7,r7,(LC5_LF0)&0xffff
  230  00001280  afa70000	sw	(r29),r7
  231  00001284  0c0001ac	jal	_Printf
  232  00001288  54000000	nop; not filled.
  233  0000128c  afa30000	sw	(r29),r3
  234  00001290  20070001	addi	r7,r0,#1
  235  00001294  afa70004	sw	4(r29),r7
  236  00001298  3c020000	lhi	r2,((LC6_LF0)>>16)&0xffff
  237  0000129c  244230b0	addui	r2,r2,(LC6_LF0)&0xffff
  238  000012a0  afa20008	sw	8(r29),r2
  239  000012a4  0c000264	jal	_mbox_send
  240  000012a8  54000000	nop; not filled.
  241  000012ac  afa30000	sw	(r29),r3
  242  000012b0  afa70004	sw	4(r29),r7
  243  000012b4  afa20008	sw	8(r29),r2
  244  000012b8  0c000250	jal	_mbox_send
  245  000012bc  54000000	nop; not filled.
  246  000012c0  3c070000	lhi	r7,((LC7_LF0)>>16)&0xffff
  247  000012c4  24e730b4	addui	r7,r7,(LC7_LF0)&0xffff
  248  000012c8  afa70000	sw	(r29),r7
  249  000012cc  0c000164	jal	_Printf
  250  000012d0  54000000	nop; not filled.
  251  000012d4  afa40000	sw	(r29),r4
  252  000012d8  0c000224	jal	_mbox_close
  253  000012dc  54000000	nop; not filled.
  254  000012e0  23bd0010	addi	r29,r29,#16
  255  000012e4  64210000	snei	r1,r1,#0
  256  000012e8  14200028	bnez	r1,L17_LF0
  257  000012ec  54000000	nop; not filled.
  258  000012f0  23bdfff8	addi	r29,r29,#-8
  259  000012f4  3c070000	lhi	r7,((LC3_LF0)>>16)&0xffff
  260  000012f8  24e7306c	addui	r7,r7,(LC3_LF0)&0xffff
  261  000012fc  afa70000	sw	(r29),r7
  262  00001300  0c000130	jal	_Printf
  263  00001304  54000000	nop; not filled.
  264  00001308  0c000230	jal	_Exit
  265  0000130c  54000000	nop; not filled.
  266  00001310  23bd0008	addi	r29,r29,#8
  267  00001314          	L17_LF0:
  268  00001314  23bdfff8	addi	r29,r29,#-8
  269  00001318  afa30000	sw	(r29),r3
  270  0000131c  0c0001e0	jal	_mbox_close
  271  00001320  54000000	nop; not filled.
  272  00001324  23bd0008	addi	r29,r29,#8
  273  00001328  64210000	snei	r1,r1,#0
  274  0000132c  14200028	bnez	r1,L18_LF0
  275  00001330  54000000	nop; not filled.
  276  00001334  23bdfff8	addi	r29,r29,#-8
  277  00001338  3c070000	lhi	r7,((LC4_LF0)>>16)&0xffff
  278  0000133c  24e73084	addui	r7,r7,(LC4_LF0)&0xffff
  279  00001340  afa70000	sw	(r29),r7
  280  00001344  0c0000ec	jal	_Printf
  281  00001348  54000000	nop; not filled.
  282  0000134c  0c0001ec	jal	_Exit
  283  00001350  54000000	nop; not filled.
  284  00001354  23bd0008	addi	r29,r29,#8
  285  00001358          	L18_LF0:
  286  00001358  0c0000e4	jal	_getpid
  287  0000135c  54000000	nop; not filled.
  288  00001360  23bdfff8	addi	r29,r29,#-8
  289  00001364  3c070000	lhi	r7,((LC8_LF0)>>16)&0xffff
  290  00001368  24e730c4	addui	r7,r7,(LC8_LF0)&0xffff
  291  0000136c  afa70000	sw	(r29),r7
  292  00001370  afa10004	sw	4(r29),r1
  293  00001374  0c0000bc	jal	_Printf
  294  00001378  54000000	nop; not filled.
  295  0000137c  afa60000	sw	(r29),r6
  296  00001380  0c000104	jal	_sem_signal
  297  00001384  54000000	nop; not filled.
  298  00001388  23bd0008	addi	r29,r29,#8
  299  0000138c  64210001	snei	r1,r1,#1
  300  00001390  10200050	beqz	r1,L19_LF0
  301  00001394  54000000	nop; not filled.
  302  00001398  23bdfff8	addi	r29,r29,#-8
  303  0000139c  3c070000	lhi	r7,((LC9_LF0)>>16)&0xffff
  304  000013a0  24e730e8	addui	r7,r7,(LC9_LF0)&0xffff
  305  000013a4  afa70000	sw	(r29),r7
  306  000013a8  afa60004	sw	4(r29),r6
  307  000013ac  0c000084	jal	_Printf
  308  000013b0  54000000	nop; not filled.
  309  000013b4  8ca50000	lw	r5,(r5)
  310  000013b8  afa50000	sw	(r29),r5
  311  000013bc  0c000074	jal	_Printf
  312  000013c0  54000000	nop; not filled.
  313  000013c4  3c070000	lhi	r7,((LC10_LF0)>>16)&0xffff
  314  000013c8  24e73114	addui	r7,r7,(LC10_LF0)&0xffff
  315  000013cc  afa70000	sw	(r29),r7
  316  000013d0  0c000060	jal	_Printf
  317  000013d4  54000000	nop; not filled.
  318  000013d8  0c000160	jal	_Exit
  319  000013dc  54000000	nop; not filled.
  320  000013e0  23bd0008	addi	r29,r29,#8
  321  000013e4          	L19_LF0:
  322  000013e4  0c000ef0	jal	_exit
  323  000013e8  54000000	nop
  324  000013ec          	.endproc _main
  325                      ;;;
  326                      ;;; Stub functions for DLX traps.
  327                      ;;;
  328                      ;;; Ethan L. Miller, 1999.  Released to the public domain.
  329                      ;;;
  330                      ;;; The traps such as Open and Close
  331                      ;;; (note the capital letters) are for use by user programs.  The traps
  332                      ;;; with names such as open and close (lower case) are for use by the OS.
  333                      ;;;
  336  000013ec          	.align 2
  338                      ;;; The following are the traps to be used by user-level programs
  339                      ;;;
  341  000013ec          	.align 2
  342  000013ec          	.proc _Open
  343  000013ec          	.global _Open
  344  000013ec          	_Open:
  345                      ;;; Note that trap #0x213 actually causes a trap vector in the OS of
  346                      ;;; 0x1213.  The same is true for other user traps.  Thus, a user trap
  347                      ;;; with trap #0x240 will result in a trap vector of 0x1240 in the OS.
  348  000013ec  44000213	trap	#0x213
  349  000013f0  4be00000	jr	r31
  350  000013f4  54000000	nop
  351  000013f8          	.endproc _Open
  353  000013f8          	.proc _Close
  354  000013f8          	.global _Close
  355  000013f8          	_Close:
  356  000013f8  44000214	trap	#0x214
  357  000013fc  4be00000	jr	r31
  358  00001400  54000000	nop
  359  00001404          	.endproc _Close
  361  00001404          	.proc _Read
  362  00001404          	.global _Read
  363  00001404          	_Read:
  364  00001404  44000210	trap	#0x210
  365  00001408  4be00000	jr	r31
  366  0000140c  54000000	nop
  367  00001410          	.endproc _Read
  369  00001410          	.proc _Write
  370  00001410          	.global _Write
  371  00001410          	_Write:
  372  00001410  44000211	trap	#0x211
  373  00001414  4be00000	jr	r31
  374  00001418  54000000	nop
  375  0000141c          	.endproc _Write
  377  0000141c          	.proc _Lseek
  378  0000141c          	.global _Lseek
  379  0000141c          	_Lseek:
  380  0000141c  44000212	trap	#0x212
  381  00001420  4be00000	jr	r31
  382  00001424  54000000	nop
  383  00001428          	.endproc _Lseek
  385  00001428          	.proc _Putchar
  386  00001428          	.global _Putchar
  387  00001428          	_Putchar:
  388  00001428  44000280	trap	#0x280
  389  0000142c  4be00000	jr	r31
  390  00001430  54000000	nop
  391  00001434          	.endproc _Putchar
  393  00001434          	.proc _Printf
  394  00001434          	.global _Printf
  395  00001434          	_Printf:
  396  00001434  44000201	trap	#0x201
  397  00001438  4be00000	jr	r31
  398  0000143c  54000000	nop
  399  00001440          	.endproc _Printf
  401  00001440          	.proc _getpid
  402  00001440          	.global _getpid
  403  00001440          	_getpid:
  404  00001440  44000431	trap	#0x431
  405  00001444  4be00000	jr	r31
  406  00001448  54000000	nop
  407  0000144c          	.endproc _getpid
  409  0000144c          	.proc _process_create
  410  0000144c          	.global _process_create
  411  0000144c          	_process_create:
  412  0000144c  44000432	trap	#0x432
  413  00001450  4be00000	jr	r31
  414  00001454  54000000	nop
  415  00001458          	.endproc _process_create
  417  00001458          	.proc _shmget
  418  00001458          	.global _shmget
  419  00001458          	_shmget:
  420  00001458  44000440	trap	#0x440
  421  0000145c  4be00000	jr	r31
  422  00001460  54000000	nop
  423  00001464          	.endproc _shmget
  425  00001464          	.proc _shmat
  426  00001464          	.global _shmat
  427  00001464          	_shmat:
  428  00001464  44000441	trap	#0x441
  429  00001468  4be00000	jr	r31
  430  0000146c  54000000	nop
  431  00001470          	.endproc _shmat
  433  00001470          	.proc _sem_create
  434  00001470          	.global _sem_create
  435  00001470          	_sem_create:
  436  00001470  44000450	trap	#0x450
  437  00001474  4be00000	jr	r31
  438  00001478  54000000	nop
  439  0000147c          	.endproc _sem_create
  441  0000147c          	.proc _sem_wait
  442  0000147c          	.global _sem_wait
  443  0000147c          	_sem_wait:
  444  0000147c  44000451	trap	#0x451
  445  00001480  4be00000	jr	r31
  446  00001484  54000000	nop
  447  00001488          	.endproc _sem_wait
  449  00001488          	.proc _sem_signal
  450  00001488          	.global _sem_signal
  451  00001488          	_sem_signal:
  452  00001488  44000452	trap	#0x452
  453  0000148c  4be00000	jr	r31
  454  00001490  54000000	nop
  455  00001494          	.endproc _sem_signal
  457  00001494          	.proc _lock_create
  458  00001494          	.global _lock_create
  459  00001494          	_lock_create:
  460  00001494  44000453	trap	#0x453
  461  00001498  4be00000	jr	r31
  462  0000149c  54000000	nop
  463  000014a0          	.endproc _lock_create
  465  000014a0          	.proc _lock_acquire
  466  000014a0          	.global _lock_acquire
  467  000014a0          	_lock_acquire:
  468  000014a0  44000454	trap	#0x454
  469  000014a4  4be00000	jr	r31
  470  000014a8  54000000	nop
  471  000014ac          	.endproc _lock_acquire
  473  000014ac          	.proc _lock_release
  474  000014ac          	.global _lock_release
  475  000014ac          	_lock_release:
  476  000014ac  44000455	trap	#0x455
  477  000014b0  4be00000	jr	r31
  478  000014b4  54000000	nop
  479  000014b8          	.endproc _lock_release
  481  000014b8          	.proc _cond_create
  482  000014b8          	.global _cond_create
  483  000014b8          	_cond_create:
  484  000014b8  44000456	trap	#0x456
  485  000014bc  4be00000	jr	r31
  486  000014c0  54000000	nop
  487  000014c4          	.endproc _cond_create
  489  000014c4          	.proc _cond_wait
  490  000014c4          	.global _cond_wait
  491  000014c4          	_cond_wait:
  492  000014c4  44000457	trap	#0x457
  493  000014c8  4be00000	jr	r31
  494  000014cc  54000000	nop
  495  000014d0          	.endproc _cond_wait
  497  000014d0          	.proc _cond_signal
  498  000014d0          	.global _cond_signal
  499  000014d0          	_cond_signal:
  500  000014d0  44000458	trap	#0x458
  501  000014d4  4be00000	jr	r31
  502  000014d8  54000000	nop
  503  000014dc          	.endproc _cond_signal
  505  000014dc          	.proc _cond_broadcast
  506  000014dc          	.global _cond_broadcast
  507  000014dc          	_cond_broadcast:
  508  000014dc  44000459	trap	#0x459
  509  000014e0  4be00000	jr	r31
  510  000014e4  54000000	nop
  511  000014e8          	.endproc _cond_broadcast
  513  000014e8          	.proc _mbox_create
  514  000014e8          	.global _mbox_create
  515  000014e8          	_mbox_create:
  516  000014e8  44000460	trap	#0x460
  517  000014ec  4be00000	jr	r31
  518  000014f0  54000000	nop
  519  000014f4          	.endproc _mbox_create
  521  000014f4          	.proc _mbox_open
  522  000014f4          	.global _mbox_open
  523  000014f4          	_mbox_open:
  524  000014f4  44000461	trap	#0x461
  525  000014f8  4be00000	jr	r31
  526  000014fc  54000000	nop
  527  00001500          	.endproc _mbox_open
  529  00001500          	.proc _mbox_close
  530  00001500          	.global _mbox_close
  531  00001500          	_mbox_close:
  532  00001500  44000462	trap	#0x462
  533  00001504  4be00000	jr	r31
  534  00001508  54000000	nop
  535  0000150c          	.endproc _mbox_close
  537  0000150c          	.proc _mbox_send
  538  0000150c          	.global _mbox_send
  539  0000150c          	_mbox_send:
  540  0000150c  44000463	trap	#0x463
  541  00001510  4be00000	jr	r31
  542  00001514  54000000	nop
  543  00001518          	.endproc _mbox_send
  545  00001518          	.proc _mbox_recv
  546  00001518          	.global _mbox_recv
  547  00001518          	_mbox_recv:
  548  00001518  44000464	trap	#0x464
  549  0000151c  4be00000	jr	r31
  550  00001520  54000000	nop
  551  00001524          	.endproc _mbox_recv
  553  00001524          	.proc _sleep
  554  00001524          	.global _sleep
  555  00001524          	_sleep:
  556  00001524  44000465	trap	#0x465
  557  00001528  4be00000	jr	r31
  558  0000152c  54000000	nop
  559  00001530          	.endproc _sleep
  561  00001530          	.proc _yield
  562  00001530          	.global _yield
  563  00001530          	_yield:
  564  00001530  44000466	trap	#0x466
  565  00001534  4be00000	jr	r31
  566  00001538  54000000	nop
  567  0000153c          	.endproc _yield
  570  0000153c          	.proc _Exit
  571  0000153c          	.global _Exit
  572  0000153c          	_Exit:
  573  0000153c  44000500	trap	#0x500
  574  00001540  4be00000	jr	r31
  575  00001544  54000000	nop
  576  00001548          	.endproc _Exit
  577                      ; Compiled by GCC
  579  00001548          	.align 2
  580  00001548          	.proc _isspace
  581  00001548          	.global _isspace
  582  00001548          	_isspace:
  583                      ;  Function 'isspace'; 0 bytes of locals, 3 regs to save.
  584  00001548  afbefffc	sw	-4(r29),r30; push fp
  585  0000154c  001df020	add	r30,r0,r29; fp = sp
  586  00001550  afbffff8	sw	-8(r29),r31; push ret addr
  587  00001554  2fbd0018	subui	r29,r29,#24; alloc local storage
  588  00001558  afa20000	sw	0(r29),r2
  589  0000155c  afa30004	sw	4(r29),r3
  590  00001560  afa40008	sw	8(r29),r4
  591  00001564  83c20003	lb	r2,3(r30)
  592  00001568  20010000	addi	r1,r0,#0
  593  0000156c  304300ff	andi	r3,r2,#0x00ff
  594  00001570  60640020	seqi	r4,r3,#32
  595  00001574  1480002c	bnez	r4,L3_LF2
  596  00001578  54000000	nop; delay slot nop
  597  0000157c  304300ff	andi	r3,r2,#0x00ff
  598  00001580  60640009	seqi	r4,r3,#9
  599  00001584  1480001c	bnez	r4,L3_LF2
  600  00001588  54000000	nop; delay slot nop
  601  0000158c  304300ff	andi	r3,r2,#0x00ff
  602  00001590  6064000a	seqi	r4,r3,#10
  603  00001594  1480000c	bnez	r4,L3_LF2
  604  00001598  54000000	nop; delay slot nop
  605  0000159c  08000008	j	L2_LF2
  606  000015a0  54000000	nop; delay slot nop
  607  000015a4          	L3_LF2:
  608  000015a4  20010001	addi	r1,r0,#1
  609  000015a8          	L2_LF2:
  610  000015a8  08000004	j	L1_LF2
  611  000015ac  54000000	nop; delay slot nop
  612  000015b0          	L1_LF2:
  613  000015b0  8fa20000	lw	r2,0(r29)
  614  000015b4  8fa30004	lw	r3,4(r29)
  615  000015b8  8fa40008	lw	r4,8(r29)
  616  000015bc  8fdffff8	lw	r31,-8(r30)
  617  000015c0  001ee820	add	r29,r0,r30
  618  000015c4  8fdefffc	lw	r30,-4(r30)
  619  000015c8  4be00000	jr	r31
  620  000015cc  54000000	nop
  621  000015d0          	.endproc _isspace
  622  000015d0          	.align 2
  623  000015d0          	.proc _isxdigit
  624  000015d0          	.global _isxdigit
  625  000015d0          	_isxdigit:
  626                      ;  Function 'isxdigit'; 0 bytes of locals, 3 regs to save.
  627  000015d0  afbefffc	sw	-4(r29),r30; push fp
  628  000015d4  001df020	add	r30,r0,r29; fp = sp
  629  000015d8  afbffff8	sw	-8(r29),r31; push ret addr
  630  000015dc  2fbd0018	subui	r29,r29,#24; alloc local storage
  631  000015e0  afa20000	sw	0(r29),r2
  632  000015e4  afa30004	sw	4(r29),r3
  633  000015e8  afa40008	sw	8(r29),r4
  634  000015ec  83c20003	lb	r2,3(r30)
  635  000015f0  20010000	addi	r1,r0,#0
  636  000015f4  304300ff	andi	r3,r2,#0x00ff
  637  000015f8  6c64002f	sgtui	r4,r3,#47
  638  000015fc  1080001c	beqz	r4,L7_LF2
  639  00001600  54000000	nop; delay slot nop
  640  00001604  304300ff	andi	r3,r2,#0x00ff
  641  00001608  70640039	sleui	r4,r3,#57
  642  0000160c  1480005c	bnez	r4,L6_LF2
  643  00001610  54000000	nop; delay slot nop
  644  00001614  08000004	j	L7_LF2
  645  00001618  54000000	nop; delay slot nop
  646  0000161c          	L7_LF2:
  647  0000161c  304300ff	andi	r3,r2,#0x00ff
  648  00001620  6c640060	sgtui	r4,r3,#96
  649  00001624  1080001c	beqz	r4,L8_LF2
  650  00001628  54000000	nop; delay slot nop
  651  0000162c  304300ff	andi	r3,r2,#0x00ff
  652  00001630  70640066	sleui	r4,r3,#102
  653  00001634  14800034	bnez	r4,L6_LF2
  654  00001638  54000000	nop; delay slot nop
  655  0000163c  08000004	j	L8_LF2
  656  00001640  54000000	nop; delay slot nop
  657  00001644          	L8_LF2:
  658  00001644  304300ff	andi	r3,r2,#0x00ff
  659  00001648  6c640040	sgtui	r4,r3,#64
  660  0000164c  10800020	beqz	r4,L5_LF2
  661  00001650  54000000	nop; delay slot nop
  662  00001654  304300ff	andi	r3,r2,#0x00ff
  663  00001658  70640041	sleui	r4,r3,#65
  664  0000165c  1480000c	bnez	r4,L6_LF2
  665  00001660  54000000	nop; delay slot nop
  666  00001664  08000008	j	L5_LF2
  667  00001668  54000000	nop; delay slot nop
  668  0000166c          	L6_LF2:
  669  0000166c  20010001	addi	r1,r0,#1
  670  00001670          	L5_LF2:
  671  00001670  08000004	j	L4_LF2
  672  00001674  54000000	nop; delay slot nop
  673  00001678          	L4_LF2:
  674  00001678  8fa20000	lw	r2,0(r29)
  675  0000167c  8fa30004	lw	r3,4(r29)
  676  00001680  8fa40008	lw	r4,8(r29)
  677  00001684  8fdffff8	lw	r31,-8(r30)
  678  00001688  001ee820	add	r29,r0,r30
  679  0000168c  8fdefffc	lw	r30,-4(r30)
  680  00001690  4be00000	jr	r31
  681  00001694  54000000	nop
  682  00001698          	.endproc _isxdigit
  683  00001698          	.align 2
  684  00001698          	.proc _dstrcpy
  685  00001698          	.global _dstrcpy
  686  00001698          	_dstrcpy:
  687                      ;  Function 'dstrcpy'; 8 bytes of locals, 2 regs to save.
  688  00001698  afbefffc	sw	-4(r29),r30; push fp
  689  0000169c  001df020	add	r30,r0,r29; fp = sp
  690  000016a0  afbffff8	sw	-8(r29),r31; push ret addr
  691  000016a4  2fbd0018	subui	r29,r29,#24; alloc local storage
  692  000016a8  afa20000	sw	0(r29),r2
  693  000016ac  afa30004	sw	4(r29),r3
  694  000016b0  8fc10000	lw	r1,(r30)
  695  000016b4  afc1fff4	sw	-12(r30),r1
  696  000016b8          	L10_LF2:
  697  000016b8  8fc10000	lw	r1,(r30)
  698  000016bc  20220001	addi	r2,r1,#1
  699  000016c0  afc20000	sw	(r30),r2
  700  000016c4  8fc20004	lw	r2,4(r30)
  701  000016c8  20430001	addi	r3,r2,#1
  702  000016cc  afc30004	sw	4(r30),r3
  703  000016d0  80420000	lb	r2,(r2)
  704  000016d4  a0220000	sb	(r1),r2
  705  000016d8  a3c2fff3	sb	-13(r30),r2
  706  000016dc          	L12_LF2:
  707  000016dc  93c1fff3	lbu	r1,-13(r30)
  708  000016e0  64220000	snei	r2,r1,#0
  709  000016e4  1440000c	bnez	r2,L13_LF2
  710  000016e8  54000000	nop; delay slot nop
  711  000016ec  0800000c	j	L11_LF2
  712  000016f0  54000000	nop; delay slot nop
  713  000016f4          	L13_LF2:
  714  000016f4  0bffffc0	j	L10_LF2
  715  000016f8  54000000	nop; delay slot nop
  716  000016fc          	L11_LF2:
  717  000016fc  8fc1fff4	lw	r1,-12(r30)
  718  00001700  08000004	j	L9_LF2
  719  00001704  54000000	nop; delay slot nop
  720  00001708          	L9_LF2:
  721  00001708  8fa20000	lw	r2,0(r29)
  722  0000170c  8fa30004	lw	r3,4(r29)
  723  00001710  8fdffff8	lw	r31,-8(r30)
  724  00001714  001ee820	add	r29,r0,r30
  725  00001718  8fdefffc	lw	r30,-4(r30)
  726  0000171c  4be00000	jr	r31
  727  00001720  54000000	nop
  728  00001724          	.endproc _dstrcpy
  729  00001724          	.align 2
  730  00001724          	.proc _dstrncpy
  731  00001724          	.global _dstrncpy
  732  00001724          	_dstrncpy:
  733                      ;  Function 'dstrncpy'; 8 bytes of locals, 2 regs to save.
  734  00001724  afbefffc	sw	-4(r29),r30; push fp
  735  00001728  001df020	add	r30,r0,r29; fp = sp
  736  0000172c  afbffff8	sw	-8(r29),r31; push ret addr
  737  00001730  2fbd0018	subui	r29,r29,#24; alloc local storage
  738  00001734  afa20000	sw	0(r29),r2
  739  00001738  afa30004	sw	4(r29),r3
  740  0000173c  8fc10000	lw	r1,(r30)
  741  00001740  afc1fff4	sw	-12(r30),r1
  742  00001744          	L15_LF2:
  743  00001744  8fc10008	lw	r1,8(r30)
  744  00001748  2022ffff	addi	r2,r1,#-1
  745  0000174c  afc20008	sw	8(r30),r2
  746  00001750  70210000	slei	r1,r1,#0
  747  00001754  1020000c	beqz	r1,L18_LF2
  748  00001758  54000000	nop; delay slot nop
  749  0000175c  08000048	j	L16_LF2
  750  00001760  54000000	nop; delay slot nop
  751  00001764          	L18_LF2:
  752  00001764  8fc10000	lw	r1,(r30)
  753  00001768  20220001	addi	r2,r1,#1
  754  0000176c  afc20000	sw	(r30),r2
  755  00001770  8fc20004	lw	r2,4(r30)
  756  00001774  20430001	addi	r3,r2,#1
  757  00001778  afc30004	sw	4(r30),r3
  758  0000177c  80420000	lb	r2,(r2)
  759  00001780  a0220000	sb	(r1),r2
  760  00001784  a3c2fff3	sb	-13(r30),r2
  761  00001788          	L17_LF2:
  762  00001788  93c1fff3	lbu	r1,-13(r30)
  763  0000178c  64220000	snei	r2,r1,#0
  764  00001790  1440000c	bnez	r2,L19_LF2
  765  00001794  54000000	nop; delay slot nop
  766  00001798  0800000c	j	L16_LF2
  767  0000179c  54000000	nop; delay slot nop
  768  000017a0          	L19_LF2:
  769  000017a0  0bffffa0	j	L15_LF2
  770  000017a4  54000000	nop; delay slot nop
  771  000017a8          	L16_LF2:
  772  000017a8  8fc1fff4	lw	r1,-12(r30)
  773  000017ac  08000004	j	L14_LF2
  774  000017b0  54000000	nop; delay slot nop
  775  000017b4          	L14_LF2:
  776  000017b4  8fa20000	lw	r2,0(r29)
  777  000017b8  8fa30004	lw	r3,4(r29)
  778  000017bc  8fdffff8	lw	r31,-8(r30)
  779  000017c0  001ee820	add	r29,r0,r30
  780  000017c4  8fdefffc	lw	r30,-4(r30)
  781  000017c8  4be00000	jr	r31
  782  000017cc  54000000	nop
  783  000017d0          	.endproc _dstrncpy
  784  000017d0          	.align 2
  785  000017d0          	.proc _dstrcat
  786  000017d0          	.global _dstrcat
  787  000017d0          	_dstrcat:
  788                      ;  Function 'dstrcat'; 8 bytes of locals, 1 regs to save.
  789  000017d0  afbefffc	sw	-4(r29),r30; push fp
  790  000017d4  001df020	add	r30,r0,r29; fp = sp
  791  000017d8  afbffff8	sw	-8(r29),r31; push ret addr
  792  000017dc  2fbd0018	subui	r29,r29,#24; alloc local storage
  793  000017e0  afa20000	sw	0(r29),r2
  794  000017e4  8fc10000	lw	r1,(r30)
  795  000017e8  afc1fff4	sw	-12(r30),r1
  796  000017ec          	L21_LF2:
  797  000017ec  8fc10000	lw	r1,(r30)
  798  000017f0  90220000	lbu	r2,(r1)
  799  000017f4  64410000	snei	r1,r2,#0
  800  000017f8  1420000c	bnez	r1,L23_LF2
  801  000017fc  54000000	nop; delay slot nop
  802  00001800  0800001c	j	L22_LF2
  803  00001804  54000000	nop; delay slot nop
  804  00001808          	L23_LF2:
  805  00001808  8fc20000	lw	r2,(r30)
  806  0000180c  20410001	addi	r1,r2,#1
  807  00001810  00011020	add	r2,r0,r1
  808  00001814  afc20000	sw	(r30),r2
  809  00001818  0bffffd0	j	L21_LF2
  810  0000181c  54000000	nop; delay slot nop
  811  00001820          	L22_LF2:
  812  00001820  23bdfff8	addi	r29,r29,#-8
  813  00001824  001d0820	add	r1,r0,r29
  814  00001828  8fc20000	lw	r2,(r30)
  815  0000182c  ac220000	sw	(r1),r2
  816  00001830  8fc20004	lw	r2,4(r30)
  817  00001834  ac220004	sw	4(r1),r2
  818  00001838  0ffffe5c	jal	_dstrcpy
  819  0000183c  54000000	nop; delay slot nop
  820  00001840  23bd0008	addi	r29,r29,#8
  821  00001844  8fc1fff4	lw	r1,-12(r30)
  822  00001848  08000004	j	L20_LF2
  823  0000184c  54000000	nop; delay slot nop
  824  00001850          	L20_LF2:
  825  00001850  8fa20000	lw	r2,0(r29)
  826  00001854  8fdffff8	lw	r31,-8(r30)
  827  00001858  001ee820	add	r29,r0,r30
  828  0000185c  8fdefffc	lw	r30,-4(r30)
  829  00001860  4be00000	jr	r31
  830  00001864  54000000	nop
  831  00001868          	.endproc _dstrcat
  832  00001868          	.align 2
  833  00001868          	.proc _dstrncmp
  834  00001868          	.global _dstrncmp
  835  00001868          	_dstrncmp:
  836                      ;  Function 'dstrncmp'; 8 bytes of locals, 2 regs to save.
  837  00001868  afbefffc	sw	-4(r29),r30; push fp
  838  0000186c  001df020	add	r30,r0,r29; fp = sp
  839  00001870  afbffff8	sw	-8(r29),r31; push ret addr
  840  00001874  2fbd0018	subui	r29,r29,#24; alloc local storage
  841  00001878  afa20000	sw	0(r29),r2
  842  0000187c  afa30004	sw	4(r29),r3
  843  00001880  54000000	nop
  844  00001884  20010000	addi	r1,r0,#0
  845  00001888  afc1fff4	sw	-12(r30),r1
  846  0000188c          	L25_LF2:
  847  0000188c  8fc1fff4	lw	r1,-12(r30)
  848  00001890  8fc20008	lw	r2,8(r30)
  849  00001894  0022082a	slt	r1,r1,r2
  850  00001898  1420000c	bnez	r1,L28_LF2
  851  0000189c  54000000	nop; delay slot nop
  852  000018a0  08000088	j	L26_LF2
  853  000018a4  54000000	nop; delay slot nop
  854  000018a8          	L28_LF2:
  855  000018a8  8fc10004	lw	r1,4(r30)
  856  000018ac  90220000	lbu	r2,(r1)
  857  000018b0  64410000	snei	r1,r2,#0
  858  000018b4  14200018	bnez	r1,L29_LF2
  859  000018b8  54000000	nop; delay slot nop
  860  000018bc  20010000	addi	r1,r0,#0
  861  000018c0  080000d8	j	L24_LF2
  862  000018c4  54000000	nop; delay slot nop
  863  000018c8  08000028	j	L30_LF2
  864  000018cc  54000000	nop; delay slot nop
  865  000018d0          	L29_LF2:
  866  000018d0  8fc10000	lw	r1,(r30)
  867  000018d4  8fc20004	lw	r2,4(r30)
  868  000018d8  90210000	lbu	r1,(r1)
  869  000018dc  90420000	lbu	r2,(r2)
  870  000018e0  00220829	sne	r1,r1,r2
  871  000018e4  1020000c	beqz	r1,L30_LF2
  872  000018e8  54000000	nop; delay slot nop
  873  000018ec  0800003c	j	L26_LF2
  874  000018f0  54000000	nop; delay slot nop
  875  000018f4          	L31_LF2:
  876  000018f4          	L30_LF2:
  877  000018f4  8fc20000	lw	r2,(r30)
  878  000018f8  20410001	addi	r1,r2,#1
  879  000018fc  00011020	add	r2,r0,r1
  880  00001900  afc20000	sw	(r30),r2
  881  00001904  8fc20004	lw	r2,4(r30)
  882  00001908  20410001	addi	r1,r2,#1
  883  0000190c  00011020	add	r2,r0,r1
  884  00001910  afc20004	sw	4(r30),r2
  885  00001914          	L27_LF2:
  886  00001914  8fc2fff4	lw	r2,-12(r30)
  887  00001918  20410001	addi	r1,r2,#1
  888  0000191c  00011020	add	r2,r0,r1
  889  00001920  afc2fff4	sw	-12(r30),r2
  890  00001924  0bffff64	j	L25_LF2
  891  00001928  54000000	nop; delay slot nop
  892  0000192c          	L26_LF2:
  893  0000192c  8fc1fff4	lw	r1,-12(r30)
  894  00001930  8fc20008	lw	r2,8(r30)
  895  00001934  00220828	seq	r1,r1,r2
  896  00001938  10200018	beqz	r1,L32_LF2
  897  0000193c  54000000	nop; delay slot nop
  898  00001940  20010000	addi	r1,r0,#0
  899  00001944  08000054	j	L24_LF2
  900  00001948  54000000	nop; delay slot nop
  901  0000194c  0800004c	j	L33_LF2
  902  00001950  54000000	nop; delay slot nop
  903  00001954          	L32_LF2:
  904  00001954  8fc20000	lw	r2,(r30)
  905  00001958  90410000	lbu	r1,(r2)
  906  0000195c  8fc20004	lw	r2,4(r30)
  907  00001960  90430000	lbu	r3,(r2)
  908  00001964  00230822	sub	r1,r1,r3
  909  00001968  74220000	sgei	r2,r1,#0
  910  0000196c  10400020	beqz	r2,L34_LF2
  911  00001970  54000000	nop; delay slot nop
  912  00001974  8fc10000	lw	r1,(r30)
  913  00001978  8fc20004	lw	r2,4(r30)
  914  0000197c  90210000	lbu	r1,(r1)
  915  00001980  90420000	lbu	r2,(r2)
  916  00001984  00220829	sne	r1,r1,r2
  917  00001988  08000008	j	L35_LF2
  918  0000198c  54000000	nop; delay slot nop
  919  00001990          	L34_LF2:
  920  00001990  2001ffff	addi	r1,r0,#-1
  921  00001994          	L35_LF2:
  922  00001994  08000004	j	L24_LF2
  923  00001998  54000000	nop; delay slot nop
  924  0000199c          	L33_LF2:
  925  0000199c          	L24_LF2:
  926  0000199c  8fa20000	lw	r2,0(r29)
  927  000019a0  8fa30004	lw	r3,4(r29)
  928  000019a4  8fdffff8	lw	r31,-8(r30)
  929  000019a8  001ee820	add	r29,r0,r30
  930  000019ac  8fdefffc	lw	r30,-4(r30)
  931  000019b0  4be00000	jr	r31
  932  000019b4  54000000	nop
  933  000019b8          	.endproc _dstrncmp
  934  000019b8          	.align 2
  935  000019b8          	.proc _dstrlen
  936  000019b8          	.global _dstrlen
  937  000019b8          	_dstrlen:
  938                      ;  Function 'dstrlen'; 8 bytes of locals, 1 regs to save.
  939  000019b8  afbefffc	sw	-4(r29),r30; push fp
  940  000019bc  001df020	add	r30,r0,r29; fp = sp
  941  000019c0  afbffff8	sw	-8(r29),r31; push ret addr
  942  000019c4  2fbd0018	subui	r29,r29,#24; alloc local storage
  943  000019c8  afa20000	sw	0(r29),r2
  944  000019cc  20010000	addi	r1,r0,#0
  945  000019d0  afc1fff4	sw	-12(r30),r1
  946  000019d4          	L37_LF2:
  947  000019d4  8fc10000	lw	r1,(r30)
  948  000019d8  20220001	addi	r2,r1,#1
  949  000019dc  afc20000	sw	(r30),r2
  950  000019e0  90210000	lbu	r1,(r1)
  951  000019e4  64220000	snei	r2,r1,#0
  952  000019e8  1440000c	bnez	r2,L39_LF2
  953  000019ec  54000000	nop; delay slot nop
  954  000019f0  0800001c	j	L38_LF2
  955  000019f4  54000000	nop; delay slot nop
  956  000019f8          	L39_LF2:
  957  000019f8  8fc2fff4	lw	r2,-12(r30)
  958  000019fc  20410001	addi	r1,r2,#1
  959  00001a00  00011020	add	r2,r0,r1
  960  00001a04  afc2fff4	sw	-12(r30),r2
  961  00001a08  0bffffc8	j	L37_LF2
  962  00001a0c  54000000	nop; delay slot nop
  963  00001a10          	L38_LF2:
  964  00001a10  8fc1fff4	lw	r1,-12(r30)
  965  00001a14  08000004	j	L36_LF2
  966  00001a18  54000000	nop; delay slot nop
  967  00001a1c          	L36_LF2:
  968  00001a1c  8fa20000	lw	r2,0(r29)
  969  00001a20  8fdffff8	lw	r31,-8(r30)
  970  00001a24  001ee820	add	r29,r0,r30
  971  00001a28  8fdefffc	lw	r30,-4(r30)
  972  00001a2c  4be00000	jr	r31
  973  00001a30  54000000	nop
  974  00001a34          	.endproc _dstrlen
  975  00001a34          	.align 2
  976  00001a34          	.proc _dstrstr
  977  00001a34          	.global _dstrstr
  978  00001a34          	_dstrstr:
  979                      ;  Function 'dstrstr'; 8 bytes of locals, 1 regs to save.
  980  00001a34  afbefffc	sw	-4(r29),r30; push fp
  981  00001a38  001df020	add	r30,r0,r29; fp = sp
  982  00001a3c  afbffff8	sw	-8(r29),r31; push ret addr
  983  00001a40  2fbd0018	subui	r29,r29,#24; alloc local storage
  984  00001a44  afa20000	sw	0(r29),r2
  985  00001a48  23bdfff8	addi	r29,r29,#-8
  986  00001a4c  001d0820	add	r1,r0,r29
  987  00001a50  8fc20004	lw	r2,4(r30)
  988  00001a54  ac220000	sw	(r1),r2
  989  00001a58  0fffff5c	jal	_dstrlen
  990  00001a5c  54000000	nop; delay slot nop
  991  00001a60  23bd0008	addi	r29,r29,#8
  992  00001a64  afc1fff4	sw	-12(r30),r1
  993  00001a68          	L41_LF2:
  994  00001a68  8fc10000	lw	r1,(r30)
  995  00001a6c  90220000	lbu	r2,(r1)
  996  00001a70  64410000	snei	r1,r2,#0
  997  00001a74  1420000c	bnez	r1,L43_LF2
  998  00001a78  54000000	nop; delay slot nop
  999  00001a7c  08000060	j	L42_LF2
 1000  00001a80  54000000	nop; delay slot nop
 1001  00001a84          	L43_LF2:
 1002  00001a84  23bdfff0	addi	r29,r29,#-16
 1003  00001a88  001d0820	add	r1,r0,r29
 1004  00001a8c  8fc20000	lw	r2,(r30)
 1005  00001a90  ac220000	sw	(r1),r2
 1006  00001a94  8fc20004	lw	r2,4(r30)
 1007  00001a98  ac220004	sw	4(r1),r2
 1008  00001a9c  8fc2fff4	lw	r2,-12(r30)
 1009  00001aa0  ac220008	sw	8(r1),r2
 1010  00001aa4  0ffffdc0	jal	_dstrncmp
 1011  00001aa8  54000000	nop; delay slot nop
 1012  00001aac  23bd0010	addi	r29,r29,#16
 1013  00001ab0  64220000	snei	r2,r1,#0
 1014  00001ab4  14400010	bnez	r2,L44_LF2
 1015  00001ab8  54000000	nop; delay slot nop
 1016  00001abc  8fc10000	lw	r1,(r30)
 1017  00001ac0  08000028	j	L40_LF2
 1018  00001ac4  54000000	nop; delay slot nop
 1019  00001ac8          	L44_LF2:
 1020  00001ac8  8fc20000	lw	r2,(r30)
 1021  00001acc  20410001	addi	r1,r2,#1
 1022  00001ad0  00011020	add	r2,r0,r1
 1023  00001ad4  afc20000	sw	(r30),r2
 1024  00001ad8  0bffff8c	j	L41_LF2
 1025  00001adc  54000000	nop; delay slot nop
 1026  00001ae0          	L42_LF2:
 1027  00001ae0  20010000	addi	r1,r0,#0
 1028  00001ae4  08000004	j	L40_LF2
 1029  00001ae8  54000000	nop; delay slot nop
 1030  00001aec          	L40_LF2:
 1031  00001aec  8fa20000	lw	r2,0(r29)
 1032  00001af0  8fdffff8	lw	r31,-8(r30)
 1033  00001af4  001ee820	add	r29,r0,r30
 1034  00001af8  8fdefffc	lw	r30,-4(r30)
 1035  00001afc  4be00000	jr	r31
 1036  00001b00  54000000	nop
 1037  00001b04          	.endproc _dstrstr
 1038  00001b04          	.align 2
 1039  00001b04          	.proc _dmindex
 1040  00001b04          	.global _dmindex
 1041  00001b04          	_dmindex:
 1042                      ;  Function 'dmindex'; 8 bytes of locals, 1 regs to save.
 1043  00001b04  afbefffc	sw	-4(r29),r30; push fp
 1044  00001b08  001df020	add	r30,r0,r29; fp = sp
 1045  00001b0c  afbffff8	sw	-8(r29),r31; push ret addr
 1046  00001b10  2fbd0018	subui	r29,r29,#24; alloc local storage
 1047  00001b14  afa20000	sw	0(r29),r2
 1048  00001b18  54000000	nop
 1049  00001b1c          	L46_LF2:
 1050  00001b1c  8fc10000	lw	r1,(r30)
 1051  00001b20  90220000	lbu	r2,(r1)
 1052  00001b24  64410000	snei	r1,r2,#0
 1053  00001b28  1420000c	bnez	r1,L48_LF2
 1054  00001b2c  54000000	nop; delay slot nop
 1055  00001b30  08000070	j	L47_LF2
 1056  00001b34  54000000	nop; delay slot nop
 1057  00001b38          	L48_LF2:
 1058  00001b38  8fc10004	lw	r1,4(r30)
 1059  00001b3c  afc1fff4	sw	-12(r30),r1
 1060  00001b40          	L49_LF2:
 1061  00001b40  8fc1fff4	lw	r1,-12(r30)
 1062  00001b44  90220000	lbu	r2,(r1)
 1063  00001b48  64410000	snei	r1,r2,#0
 1064  00001b4c  1420000c	bnez	r1,L52_LF2
 1065  00001b50  54000000	nop; delay slot nop
 1066  00001b54  08000044	j	L50_LF2
 1067  00001b58  54000000	nop; delay slot nop
 1068  00001b5c          	L52_LF2:
 1069  00001b5c  8fc10000	lw	r1,(r30)
 1070  00001b60  8fc2fff4	lw	r2,-12(r30)
 1071  00001b64  90210000	lbu	r1,(r1)
 1072  00001b68  90420000	lbu	r2,(r2)
 1073  00001b6c  00220828	seq	r1,r1,r2
 1074  00001b70  10200010	beqz	r1,L51_LF2
 1075  00001b74  54000000	nop; delay slot nop
 1076  00001b78  8fc10000	lw	r1,(r30)
 1077  00001b7c  08000030	j	L45_LF2
 1078  00001b80  54000000	nop; delay slot nop
 1079  00001b84          	L53_LF2:
 1080  00001b84          	L51_LF2:
 1081  00001b84  8fc2fff4	lw	r2,-12(r30)
 1082  00001b88  20410001	addi	r1,r2,#1
 1083  00001b8c  00011020	add	r2,r0,r1
 1084  00001b90  afc2fff4	sw	-12(r30),r2
 1085  00001b94  0bffffa8	j	L49_LF2
 1086  00001b98  54000000	nop; delay slot nop
 1087  00001b9c          	L50_LF2:
 1088  00001b9c  0bffff7c	j	L46_LF2
 1089  00001ba0  54000000	nop; delay slot nop
 1090  00001ba4          	L47_LF2:
 1091  00001ba4  20010000	addi	r1,r0,#0
 1092  00001ba8  08000004	j	L45_LF2
 1093  00001bac  54000000	nop; delay slot nop
 1094  00001bb0          	L45_LF2:
 1095  00001bb0  8fa20000	lw	r2,0(r29)
 1096  00001bb4  8fdffff8	lw	r31,-8(r30)
 1097  00001bb8  001ee820	add	r29,r0,r30
 1098  00001bbc  8fdefffc	lw	r30,-4(r30)
 1099  00001bc0  4be00000	jr	r31
 1100  00001bc4  54000000	nop
 1101  00001bc8          	.endproc _dmindex
 1102  00001bc8          	.align 2
 1103  00001bc8          	.proc _dindex
 1104  00001bc8          	.global _dindex
 1105  00001bc8          	_dindex:
 1106                      ;  Function 'dindex'; 0 bytes of locals, 1 regs to save.
 1107  00001bc8  afbefffc	sw	-4(r29),r30; push fp
 1108  00001bcc  001df020	add	r30,r0,r29; fp = sp
 1109  00001bd0  afbffff8	sw	-8(r29),r31; push ret addr
 1110  00001bd4  2fbd0010	subui	r29,r29,#16; alloc local storage
 1111  00001bd8  afa20000	sw	0(r29),r2
 1112  00001bdc  54000000	nop
 1113  00001be0          	L55_LF2:
 1114  00001be0  8fc10000	lw	r1,(r30)
 1115  00001be4  90220000	lbu	r2,(r1)
 1116  00001be8  64410000	snei	r1,r2,#0
 1117  00001bec  1420000c	bnez	r1,L57_LF2
 1118  00001bf0  54000000	nop; delay slot nop
 1119  00001bf4  08000040	j	L56_LF2
 1120  00001bf8  54000000	nop; delay slot nop
 1121  00001bfc          	L57_LF2:
 1122  00001bfc  8fc10000	lw	r1,(r30)
 1123  00001c00  90220000	lbu	r2,(r1)
 1124  00001c04  8fc10004	lw	r1,4(r30)
 1125  00001c08  00411028	seq	r2,r2,r1
 1126  00001c0c  10400010	beqz	r2,L58_LF2
 1127  00001c10  54000000	nop; delay slot nop
 1128  00001c14  8fc10000	lw	r1,(r30)
 1129  00001c18  08000028	j	L54_LF2
 1130  00001c1c  54000000	nop; delay slot nop
 1131  00001c20          	L58_LF2:
 1132  00001c20  8fc20000	lw	r2,(r30)
 1133  00001c24  20410001	addi	r1,r2,#1
 1134  00001c28  00011020	add	r2,r0,r1
 1135  00001c2c  afc20000	sw	(r30),r2
 1136  00001c30  0bffffac	j	L55_LF2
 1137  00001c34  54000000	nop; delay slot nop
 1138  00001c38          	L56_LF2:
 1139  00001c38  20010000	addi	r1,r0,#0
 1140  00001c3c  08000004	j	L54_LF2
 1141  00001c40  54000000	nop; delay slot nop
 1142  00001c44          	L54_LF2:
 1143  00001c44  8fa20000	lw	r2,0(r29)
 1144  00001c48  8fdffff8	lw	r31,-8(r30)
 1145  00001c4c  001ee820	add	r29,r0,r30
 1146  00001c50  8fdefffc	lw	r30,-4(r30)
 1147  00001c54  4be00000	jr	r31
 1148  00001c58  54000000	nop
 1149  00001c5c          	.endproc _dindex
 1150  00001c5c          	.align 2
 1151  00001c5c          	.proc _ditoa
 1152  00001c5c          	.global _ditoa
 1153  00001c5c          	_ditoa:
 1154                      ;  Function 'ditoa'; 8 bytes of locals, 2 regs to save.
 1155  00001c5c  afbefffc	sw	-4(r29),r30; push fp
 1156  00001c60  001df020	add	r30,r0,r29; fp = sp
 1157  00001c64  afbffff8	sw	-8(r29),r31; push ret addr
 1158  00001c68  2fbd0018	subui	r29,r29,#24; alloc local storage
 1159  00001c6c  afa20000	sw	0(r29),r2
 1160  00001c70  afa30004	sw	4(r29),r3
 1161  00001c74  8fc10000	lw	r1,(r30)
 1162  00001c78  68220000	slti	r2,r1,#0
 1163  00001c7c  1040002c	beqz	r2,L60_LF2
 1164  00001c80  54000000	nop; delay slot nop
 1165  00001c84  8fc10004	lw	r1,4(r30)
 1166  00001c88  20220001	addi	r2,r1,#1
 1167  00001c8c  afc20004	sw	4(r30),r2
 1168  00001c90  2002002d	addi	r2,r0,(#0x2d)&0xff
 1169  00001c94  a0220000	sb	(r1),r2
 1170  00001c98  8fc10000	lw	r1,(r30)
 1171  00001c9c  00011022	sub	r2,r0,r1
 1172  00001ca0  afc20000	sw	(r30),r2
 1173  00001ca4  08000118	j	L61_LF2
 1174  00001ca8  54000000	nop; delay slot nop
 1175  00001cac          	L60_LF2:
 1176  00001cac  8fc10000	lw	r1,(r30)
 1177  00001cb0  64220000	snei	r2,r1,#0
 1178  00001cb4  14400020	bnez	r2,L62_LF2
 1179  00001cb8  54000000	nop; delay slot nop
 1180  00001cbc  8fc10004	lw	r1,4(r30)
 1181  00001cc0  20220001	addi	r2,r1,#1
 1182  00001cc4  afc20004	sw	4(r30),r2
 1183  00001cc8  20020030	addi	r2,r0,(#0x30)&0xff
 1184  00001ccc  a0220000	sb	(r1),r2
 1185  00001cd0  080000ec	j	L61_LF2
 1186  00001cd4  54000000	nop; delay slot nop
 1187  00001cd8          	L62_LF2:
 1188  00001cd8  20010001	addi	r1,r0,#1
 1189  00001cdc  afc1fff4	sw	-12(r30),r1
 1190  00001ce0          	L64_LF2:
 1191  00001ce0  8fc1fff4	lw	r1,-12(r30)
 1192  00001ce4  8fc20000	lw	r2,(r30)
 1193  00001ce8  0022082c	sle	r1,r1,r2
 1194  00001cec  1420000c	bnez	r1,L66_LF2
 1195  00001cf0  54000000	nop; delay slot nop
 1196  00001cf4  08000024	j	L65_LF2
 1197  00001cf8  54000000	nop; delay slot nop
 1198  00001cfc          	L67_LF2:
 1199  00001cfc          	L66_LF2:
 1200  00001cfc  8fc1fff4	lw	r1,-12(r30)
 1201  00001d00  00011820	add	r3,r0,r1
 1202  00001d04  50620002	slli	r2,r3,#0x2
 1203  00001d08  00411020	add	r2,r2,r1
 1204  00001d0c  50410001	slli	r1,r2,#0x1
 1205  00001d10  afc1fff4	sw	-12(r30),r1
 1206  00001d14  0bffffc8	j	L64_LF2
 1207  00001d18  54000000	nop; delay slot nop
 1208  00001d1c          	L65_LF2:
 1209  00001d1c  54000000	nop
 1210  00001d20          	L68_LF2:
 1211  00001d20  8fc1fff4	lw	r1,-12(r30)
 1212  00001d24  2002000a	addi	r2,r0,#10
 1213  00001d28  00200035	movi2fp	f0,r1
 1214  00001d2c  00400835	movi2fp	f1,r2
 1215  00001d30  0401000f	div	f0,f0,f1
 1216  00001d34  00000834	movfp2i	r1,f0
 1217  00001d38  afc1fff4	sw	-12(r30),r1
 1218  00001d3c  8fc10004	lw	r1,4(r30)
 1219  00001d40  20220001	addi	r2,r1,#1
 1220  00001d44  afc20004	sw	4(r30),r2
 1221  00001d48  8fc20000	lw	r2,(r30)
 1222  00001d4c  8fc3fff4	lw	r3,-12(r30)
 1223  00001d50  00400035	movi2fp	f0,r2
 1224  00001d54  00600835	movi2fp	f1,r3
 1225  00001d58  0401000f	div	f0,f0,f1
 1226  00001d5c  00001034	movfp2i	r2,f0
 1227  00001d60  00021820	add	r3,r0,r2
 1228  00001d64  20620030	addi	r2,r3,#48
 1229  00001d68  a0220000	sb	(r1),r2
 1230  00001d6c  8fc10000	lw	r1,(r30)
 1231  00001d70  8fc3fff4	lw	r3,-12(r30)
 1232  00001d74  00200035	movi2fp	f0,r1
 1233  00001d78  00600835	movi2fp	f1,r3
 1234  00001d7c  0401000f	div	f0,f0,f1
 1235  00001d80  00001034	movfp2i	r2,f0
 1236  00001d84  8fc3fff4	lw	r3,-12(r30)
 1237  00001d88  00400035	movi2fp	f0,r2
 1238  00001d8c  00600835	movi2fp	f1,r3
 1239  00001d90  0401000e	mult	f0,f0,f1
 1240  00001d94  00001034	movfp2i	r2,f0
 1241  00001d98  00220822	sub	r1,r1,r2
 1242  00001d9c  afc10000	sw	(r30),r1
 1243  00001da0          	L70_LF2:
 1244  00001da0  8fc1fff4	lw	r1,-12(r30)
 1245  00001da4  6c220001	sgti	r2,r1,#1
 1246  00001da8  1440000c	bnez	r2,L71_LF2
 1247  00001dac  54000000	nop; delay slot nop
 1248  00001db0  0800000c	j	L61_LF2
 1249  00001db4  54000000	nop; delay slot nop
 1250  00001db8          	L71_LF2:
 1251  00001db8  0bffff64	j	L68_LF2
 1252  00001dbc  54000000	nop; delay slot nop
 1253  00001dc0          	L69_LF2:
 1254  00001dc0          	L63_LF2:
 1255  00001dc0          	L61_LF2:
 1256  00001dc0  8fc10004	lw	r1,4(r30)
 1257  00001dc4  20020000	addi	r2,r0,(#0x0)&0xff
 1258  00001dc8  a0220000	sb	(r1),r2
 1259  00001dcc          	L59_LF2:
 1260  00001dcc  8fa20000	lw	r2,0(r29)
 1261  00001dd0  8fa30004	lw	r3,4(r29)
 1262  00001dd4  8fdffff8	lw	r31,-8(r30)
 1263  00001dd8  001ee820	add	r29,r0,r30
 1264  00001ddc  8fdefffc	lw	r30,-4(r30)
 1265  00001de0  4be00000	jr	r31
 1266  00001de4  54000000	nop
 1267  00001de8          	.endproc _ditoa
 1268  00001de8          	.align 2
 1269  00001de8          	.proc _dstrtol
 1270  00001de8          	.global _dstrtol
 1271  00001de8          	_dstrtol:
 1272                      ;  Function 'dstrtol'; 16 bytes of locals, 1 regs to save.
 1273  00001de8  afbefffc	sw	-4(r29),r30; push fp
 1274  00001dec  001df020	add	r30,r0,r29; fp = sp
 1275  00001df0  afbffff8	sw	-8(r29),r31; push ret addr
 1276  00001df4  2fbd0020	subui	r29,r29,#32; alloc local storage
 1277  00001df8  afa20000	sw	0(r29),r2
 1278  00001dfc  20010000	addi	r1,r0,#0
 1279  00001e00  afc1fff4	sw	-12(r30),r1
 1280  00001e04          	L73_LF2:
 1281  00001e04  8fc10000	lw	r1,(r30)
 1282  00001e08  90220000	lbu	r2,(r1)
 1283  00001e0c  60410020	seqi	r1,r2,#32
 1284  00001e10  14200034	bnez	r1,L75_LF2
 1285  00001e14  54000000	nop; delay slot nop
 1286  00001e18  8fc10000	lw	r1,(r30)
 1287  00001e1c  90220000	lbu	r2,(r1)
 1288  00001e20  60410009	seqi	r1,r2,#9
 1289  00001e24  14200020	bnez	r1,L75_LF2
 1290  00001e28  54000000	nop; delay slot nop
 1291  00001e2c  8fc10000	lw	r1,(r30)
 1292  00001e30  90220000	lbu	r2,(r1)
 1293  00001e34  6041000a	seqi	r1,r2,#10
 1294  00001e38  1420000c	bnez	r1,L75_LF2
 1295  00001e3c  54000000	nop; delay slot nop
 1296  00001e40  0800001c	j	L74_LF2
 1297  00001e44  54000000	nop; delay slot nop
 1298  00001e48          	L75_LF2:
 1299  00001e48  8fc20000	lw	r2,(r30)
 1300  00001e4c  20410001	addi	r1,r2,#1
 1301  00001e50  00011020	add	r2,r0,r1
 1302  00001e54  afc20000	sw	(r30),r2
 1303  00001e58  0bffffa8	j	L73_LF2
 1304  00001e5c  54000000	nop; delay slot nop
 1305  00001e60          	L74_LF2:
 1306  00001e60  8fc10004	lw	r1,4(r30)
 1307  00001e64  64220000	snei	r2,r1,#0
 1308  00001e68  10400010	beqz	r2,L76_LF2
 1309  00001e6c  54000000	nop; delay slot nop
 1310  00001e70  8fc10004	lw	r1,4(r30)
 1311  00001e74  8fc20000	lw	r2,(r30)
 1312  00001e78  ac220000	sw	(r1),r2
 1313  00001e7c          	L76_LF2:
 1314  00001e7c  8fc10000	lw	r1,(r30)
 1315  00001e80  90220000	lbu	r2,(r1)
 1316  00001e84  64410000	snei	r1,r2,#0
 1317  00001e88  14200010	bnez	r1,L77_LF2
 1318  00001e8c  54000000	nop; delay slot nop
 1319  00001e90  8fc1fff4	lw	r1,-12(r30)
 1320  00001e94  08000294	j	L72_LF2
 1321  00001e98  54000000	nop; delay slot nop
 1322  00001e9c          	L77_LF2:
 1323  00001e9c  8fc10000	lw	r1,(r30)
 1324  00001ea0  90220000	lbu	r2,(r1)
 1325  00001ea4  6041002d	seqi	r1,r2,#45
 1326  00001ea8  10200024	beqz	r1,L78_LF2
 1327  00001eac  54000000	nop; delay slot nop
 1328  00001eb0  2001ffff	addi	r1,r0,#-1
 1329  00001eb4  afc1ffec	sw	-20(r30),r1
 1330  00001eb8  8fc20000	lw	r2,(r30)
 1331  00001ebc  20410001	addi	r1,r2,#1
 1332  00001ec0  00011020	add	r2,r0,r1
 1333  00001ec4  afc20000	sw	(r30),r2
 1334  00001ec8  0800000c	j	L79_LF2
 1335  00001ecc  54000000	nop; delay slot nop
 1336  00001ed0          	L78_LF2:
 1337  00001ed0  20010001	addi	r1,r0,#1
 1338  00001ed4  afc1ffec	sw	-20(r30),r1
 1339  00001ed8          	L79_LF2:
 1340  00001ed8  8fc10008	lw	r1,8(r30)
 1341  00001edc  64220000	snei	r2,r1,#0
 1342  00001ee0  14400090	bnez	r2,L80_LF2
 1343  00001ee4  54000000	nop; delay slot nop
 1344  00001ee8  8fc10000	lw	r1,(r30)
 1345  00001eec  90220000	lbu	r2,(r1)
 1346  00001ef0  60410030	seqi	r1,r2,#48
 1347  00001ef4  10200074	beqz	r1,L81_LF2
 1348  00001ef8  54000000	nop; delay slot nop
 1349  00001efc  8fc20000	lw	r2,(r30)
 1350  00001f00  20410001	addi	r1,r2,#1
 1351  00001f04  00011020	add	r2,r0,r1
 1352  00001f08  afc20000	sw	(r30),r2
 1353  00001f0c  8fc10000	lw	r1,(r30)
 1354  00001f10  90220000	lbu	r2,(r1)
 1355  00001f14  60410078	seqi	r1,r2,#120
 1356  00001f18  14200020	bnez	r1,L83_LF2
 1357  00001f1c  54000000	nop; delay slot nop
 1358  00001f20  8fc10000	lw	r1,(r30)
 1359  00001f24  90220000	lbu	r2,(r1)
 1360  00001f28  60410058	seqi	r1,r2,#88
 1361  00001f2c  1420000c	bnez	r1,L83_LF2
 1362  00001f30  54000000	nop; delay slot nop
 1363  00001f34  08000024	j	L82_LF2
 1364  00001f38  54000000	nop; delay slot nop
 1365  00001f3c          	L83_LF2:
 1366  00001f3c  20010010	addi	r1,r0,#16
 1367  00001f40  afc10008	sw	8(r30),r1
 1368  00001f44  8fc20000	lw	r2,(r30)
 1369  00001f48  20410001	addi	r1,r2,#1
 1370  00001f4c  00011020	add	r2,r0,r1
 1371  00001f50  afc20000	sw	(r30),r2
 1372  00001f54  0800000c	j	L84_LF2
 1373  00001f58  54000000	nop; delay slot nop
 1374  00001f5c          	L82_LF2:
 1375  00001f5c  20010008	addi	r1,r0,#8
 1376  00001f60  afc10008	sw	8(r30),r1
 1377  00001f64          	L84_LF2:
 1378  00001f64  0800000c	j	L80_LF2
 1379  00001f68  54000000	nop; delay slot nop
 1380  00001f6c          	L81_LF2:
 1381  00001f6c  2001000a	addi	r1,r0,#10
 1382  00001f70  afc10008	sw	8(r30),r1
 1383  00001f74          	L85_LF2:
 1384  00001f74          	L80_LF2:
 1385  00001f74  8fc10008	lw	r1,8(r30)
 1386  00001f78  70220000	slei	r2,r1,#0
 1387  00001f7c  1440001c	bnez	r2,L87_LF2
 1388  00001f80  54000000	nop; delay slot nop
 1389  00001f84  8fc10008	lw	r1,8(r30)
 1390  00001f88  6c220010	sgti	r2,r1,#16
 1391  00001f8c  1440000c	bnez	r2,L87_LF2
 1392  00001f90  54000000	nop; delay slot nop
 1393  00001f94  08000010	j	L86_LF2
 1394  00001f98  54000000	nop; delay slot nop
 1395  00001f9c          	L87_LF2:
 1396  00001f9c  8fc1fff4	lw	r1,-12(r30)
 1397  00001fa0  08000188	j	L72_LF2
 1398  00001fa4  54000000	nop; delay slot nop
 1399  00001fa8          	L86_LF2:
 1400  00001fa8  54000000	nop
 1401  00001fac          	L88_LF2:
 1402  00001fac  8fc10000	lw	r1,(r30)
 1403  00001fb0  90220000	lbu	r2,(r1)
 1404  00001fb4  6c41002f	sgtui	r1,r2,#47
 1405  00001fb8  10200030	beqz	r1,L91_LF2
 1406  00001fbc  54000000	nop; delay slot nop
 1407  00001fc0  8fc10000	lw	r1,(r30)
 1408  00001fc4  90220000	lbu	r2,(r1)
 1409  00001fc8  70410039	sleui	r1,r2,#57
 1410  00001fcc  1020001c	beqz	r1,L91_LF2
 1411  00001fd0  54000000	nop; delay slot nop
 1412  00001fd4  8fc10000	lw	r1,(r30)
 1413  00001fd8  90220000	lbu	r2,(r1)
 1414  00001fdc  2041ffd0	addi	r1,r2,#-48
 1415  00001fe0  afc1fff0	sw	-16(r30),r1
 1416  00001fe4  0800008c	j	L92_LF2
 1417  00001fe8  54000000	nop; delay slot nop
 1418  00001fec          	L91_LF2:
 1419  00001fec  8fc10000	lw	r1,(r30)
 1420  00001ff0  90220000	lbu	r2,(r1)
 1421  00001ff4  6c410060	sgtui	r1,r2,#96
 1422  00001ff8  10200030	beqz	r1,L93_LF2
 1423  00001ffc  54000000	nop; delay slot nop
 1424  00002000  8fc10000	lw	r1,(r30)
 1425  00002004  90220000	lbu	r2,(r1)
 1426  00002008  7041007a	sleui	r1,r2,#122
 1427  0000200c  1020001c	beqz	r1,L93_LF2
 1428  00002010  54000000	nop; delay slot nop
 1429  00002014  8fc10000	lw	r1,(r30)
 1430  00002018  90220000	lbu	r2,(r1)
 1431  0000201c  2041ffa9	addi	r1,r2,#-87
 1432  00002020  afc1fff0	sw	-16(r30),r1
 1433  00002024  0800004c	j	L92_LF2
 1434  00002028  54000000	nop; delay slot nop
 1435  0000202c          	L93_LF2:
 1436  0000202c  8fc10000	lw	r1,(r30)
 1437  00002030  90220000	lbu	r2,(r1)
 1438  00002034  6c410040	sgtui	r1,r2,#64
 1439  00002038  10200030	beqz	r1,L95_LF2
 1440  0000203c  54000000	nop; delay slot nop
 1441  00002040  8fc10000	lw	r1,(r30)
 1442  00002044  90220000	lbu	r2,(r1)
 1443  00002048  7041005a	sleui	r1,r2,#90
 1444  0000204c  1020001c	beqz	r1,L95_LF2
 1445  00002050  54000000	nop; delay slot nop
 1446  00002054  8fc10000	lw	r1,(r30)
 1447  00002058  90220000	lbu	r2,(r1)
 1448  0000205c  2041ffc9	addi	r1,r2,#-55
 1449  00002060  afc1fff0	sw	-16(r30),r1
 1450  00002064  0800000c	j	L92_LF2
 1451  00002068  54000000	nop; delay slot nop
 1452  0000206c          	L95_LF2:
 1453  0000206c  200103e8	addi	r1,r0,#1000
 1454  00002070  afc1fff0	sw	-16(r30),r1
 1455  00002074          	L96_LF2:
 1456  00002074          	L94_LF2:
 1457  00002074          	L92_LF2:
 1458  00002074  8fc1fff0	lw	r1,-16(r30)
 1459  00002078  8fc20008	lw	r2,8(r30)
 1460  0000207c  0022082a	slt	r1,r1,r2
 1461  00002080  10200040	beqz	r1,L90_LF2
 1462  00002084  54000000	nop; delay slot nop
 1463  00002088  8fc1fff4	lw	r1,-12(r30)
 1464  0000208c  8fc20008	lw	r2,8(r30)
 1465  00002090  00200035	movi2fp	f0,r1
 1466  00002094  00400835	movi2fp	f1,r2
 1467  00002098  0401000e	mult	f0,f0,f1
 1468  0000209c  00000834	movfp2i	r1,f0
 1469  000020a0  afc1fff4	sw	-12(r30),r1
 1470  000020a4  8fc1fff4	lw	r1,-12(r30)
 1471  000020a8  8fc2fff0	lw	r2,-16(r30)
 1472  000020ac  00220820	add	r1,r1,r2
 1473  000020b0  afc1fff4	sw	-12(r30),r1
 1474  000020b4  8fc20000	lw	r2,(r30)
 1475  000020b8  20410001	addi	r1,r2,#1
 1476  000020bc  00011020	add	r2,r0,r1
 1477  000020c0  afc20000	sw	(r30),r2
 1478  000020c4          	L97_LF2:
 1479  000020c4          	L90_LF2:
 1480  000020c4  8fc1fff0	lw	r1,-16(r30)
 1481  000020c8  8fc20008	lw	r2,8(r30)
 1482  000020cc  0022082a	slt	r1,r1,r2
 1483  000020d0  1420000c	bnez	r1,L98_LF2
 1484  000020d4  54000000	nop; delay slot nop
 1485  000020d8  0800000c	j	L89_LF2
 1486  000020dc  54000000	nop; delay slot nop
 1487  000020e0          	L98_LF2:
 1488  000020e0  0bfffec8	j	L88_LF2
 1489  000020e4  54000000	nop; delay slot nop
 1490  000020e8          	L89_LF2:
 1491  000020e8  8fc10004	lw	r1,4(r30)
 1492  000020ec  64220000	snei	r2,r1,#0
 1493  000020f0  10400010	beqz	r2,L99_LF2
 1494  000020f4  54000000	nop; delay slot nop
 1495  000020f8  8fc10004	lw	r1,4(r30)
 1496  000020fc  8fc20000	lw	r2,(r30)
 1497  00002100  ac220000	sw	(r1),r2
 1498  00002104          	L99_LF2:
 1499  00002104  8fc1fff4	lw	r1,-12(r30)
 1500  00002108  8fc2ffec	lw	r2,-20(r30)
 1501  0000210c  00200035	movi2fp	f0,r1
 1502  00002110  00400835	movi2fp	f1,r2
 1503  00002114  0401000e	mult	f0,f0,f1
 1504  00002118  00000834	movfp2i	r1,f0
 1505  0000211c  afc1fff4	sw	-12(r30),r1
 1506  00002120  8fc1fff4	lw	r1,-12(r30)
 1507  00002124  08000004	j	L72_LF2
 1508  00002128  54000000	nop; delay slot nop
 1509  0000212c          	L72_LF2:
 1510  0000212c  8fa20000	lw	r2,0(r29)
 1511  00002130  8fdffff8	lw	r31,-8(r30)
 1512  00002134  001ee820	add	r29,r0,r30
 1513  00002138  8fdefffc	lw	r30,-4(r30)
 1514  0000213c  4be00000	jr	r31
 1515  00002140  54000000	nop
 1516  00002144          	.endproc _dstrtol
 1517  00002144          	.align 2
 1518  00002144          	.proc _bcopy
 1519  00002144          	.global _bcopy
 1520  00002144          	_bcopy:
 1521                      ;  Function 'bcopy'; 0 bytes of locals, 2 regs to save.
 1522  00002144  afbefffc	sw	-4(r29),r30; push fp
 1523  00002148  001df020	add	r30,r0,r29; fp = sp
 1524  0000214c  afbffff8	sw	-8(r29),r31; push ret addr
 1525  00002150  2fbd0010	subui	r29,r29,#16; alloc local storage
 1526  00002154  afa20000	sw	0(r29),r2
 1527  00002158  afa30004	sw	4(r29),r3
 1528  0000215c  54000000	nop
 1529  00002160          	L101_LF2:
 1530  00002160  8fc10008	lw	r1,8(r30)
 1531  00002164  2022ffff	addi	r2,r1,#-1
 1532  00002168  afc20008	sw	8(r30),r2
 1533  0000216c  6c210000	sgti	r1,r1,#0
 1534  00002170  1420000c	bnez	r1,L103_LF2
 1535  00002174  54000000	nop; delay slot nop
 1536  00002178  0800002c	j	L102_LF2
 1537  0000217c  54000000	nop; delay slot nop
 1538  00002180          	L103_LF2:
 1539  00002180  8fc10004	lw	r1,4(r30)
 1540  00002184  20220001	addi	r2,r1,#1
 1541  00002188  afc20004	sw	4(r30),r2
 1542  0000218c  8fc20000	lw	r2,(r30)
 1543  00002190  20430001	addi	r3,r2,#1
 1544  00002194  afc30000	sw	(r30),r3
 1545  00002198  80420000	lb	r2,(r2)
 1546  0000219c  a0220000	sb	(r1),r2
 1547  000021a0  0bffffbc	j	L101_LF2
 1548  000021a4  54000000	nop; delay slot nop
 1549  000021a8          	L102_LF2:
 1550  000021a8          	L100_LF2:
 1551  000021a8  8fa20000	lw	r2,0(r29)
 1552  000021ac  8fa30004	lw	r3,4(r29)
 1553  000021b0  8fdffff8	lw	r31,-8(r30)
 1554  000021b4  001ee820	add	r29,r0,r30
 1555  000021b8  8fdefffc	lw	r30,-4(r30)
 1556  000021bc  4be00000	jr	r31
 1557  000021c0  54000000	nop
 1558  000021c4          	.endproc _bcopy
 1559  000021c4          	.align 2
 1560  000021c4          	.proc _bzero
 1561  000021c4          	.global _bzero
 1562  000021c4          	_bzero:
 1563                      ;  Function 'bzero'; 0 bytes of locals, 1 regs to save.
 1564  000021c4  afbefffc	sw	-4(r29),r30; push fp
 1565  000021c8  001df020	add	r30,r0,r29; fp = sp
 1566  000021cc  afbffff8	sw	-8(r29),r31; push ret addr
 1567  000021d0  2fbd0010	subui	r29,r29,#16; alloc local storage
 1568  000021d4  afa20000	sw	0(r29),r2
 1569  000021d8  54000000	nop
 1570  000021dc          	L105_LF2:
 1571  000021dc  8fc10004	lw	r1,4(r30)
 1572  000021e0  2022ffff	addi	r2,r1,#-1
 1573  000021e4  afc20004	sw	4(r30),r2
 1574  000021e8  6c210000	sgti	r1,r1,#0
 1575  000021ec  1420000c	bnez	r1,L107_LF2
 1576  000021f0  54000000	nop; delay slot nop
 1577  000021f4  08000020	j	L106_LF2
 1578  000021f8  54000000	nop; delay slot nop
 1579  000021fc          	L107_LF2:
 1580  000021fc  8fc10000	lw	r1,(r30)
 1581  00002200  20220001	addi	r2,r1,#1
 1582  00002204  afc20000	sw	(r30),r2
 1583  00002208  20020000	addi	r2,r0,(#0x0)&0xff
 1584  0000220c  a0220000	sb	(r1),r2
 1585  00002210  0bffffc8	j	L105_LF2
 1586  00002214  54000000	nop; delay slot nop
 1587  00002218          	L106_LF2:
 1588  00002218          	L104_LF2:
 1589  00002218  8fa20000	lw	r2,0(r29)
 1590  0000221c  8fdffff8	lw	r31,-8(r30)
 1591  00002220  001ee820	add	r29,r0,r30
 1592  00002224  8fdefffc	lw	r30,-4(r30)
 1593  00002228  4be00000	jr	r31
 1594  0000222c  54000000	nop
 1595  00002230          	.endproc _bzero
 1596  00002230          	.align 2
 1597  00002230          	.proc _min
 1598  00002230          	.global _min
 1599  00002230          	_min:
 1600                      ;  Function 'min'; 0 bytes of locals, 2 regs to save.
 1601  00002230  afbefffc	sw	-4(r29),r30; push fp
 1602  00002234  001df020	add	r30,r0,r29; fp = sp
 1603  00002238  afbffff8	sw	-8(r29),r31; push ret addr
 1604  0000223c  2fbd0010	subui	r29,r29,#16; alloc local storage
 1605  00002240  afa20000	sw	0(r29),r2
 1606  00002244  afa30004	sw	4(r29),r3
 1607  00002248  8fc10000	lw	r1,(r30)
 1608  0000224c  8fc20004	lw	r2,4(r30)
 1609  00002250  0022182c	sle	r3,r1,r2
 1610  00002254  14600008	bnez	r3,L109_LF2
 1611  00002258  54000000	nop; delay slot nop
 1612  0000225c  8fc10004	lw	r1,4(r30)
 1613  00002260          	L109_LF2:
 1614  00002260  08000004	j	L108_LF2
 1615  00002264  54000000	nop; delay slot nop
 1616  00002268          	L108_LF2:
 1617  00002268  8fa20000	lw	r2,0(r29)
 1618  0000226c  8fa30004	lw	r3,4(r29)
 1619  00002270  8fdffff8	lw	r31,-8(r30)
 1620  00002274  001ee820	add	r29,r0,r30
 1621  00002278  8fdefffc	lw	r30,-4(r30)
 1622  0000227c  4be00000	jr	r31
 1623  00002280  54000000	nop
 1624  00002284          	.endproc _min
 1625  00002284          	.align 2
 1626  00002284          	.proc _max
 1627  00002284          	.global _max
 1628  00002284          	_max:
 1629                      ;  Function 'max'; 0 bytes of locals, 2 regs to save.
 1630  00002284  afbefffc	sw	-4(r29),r30; push fp
 1631  00002288  001df020	add	r30,r0,r29; fp = sp
 1632  0000228c  afbffff8	sw	-8(r29),r31; push ret addr
 1633  00002290  2fbd0010	subui	r29,r29,#16; alloc local storage
 1634  00002294  afa20000	sw	0(r29),r2
 1635  00002298  afa30004	sw	4(r29),r3
 1636  0000229c  8fc10000	lw	r1,(r30)
 1637  000022a0  8fc20004	lw	r2,4(r30)
 1638  000022a4  0022182d	sge	r3,r1,r2
 1639  000022a8  14600008	bnez	r3,L111_LF2
 1640  000022ac  54000000	nop; delay slot nop
 1641  000022b0  8fc10004	lw	r1,4(r30)
 1642  000022b4          	L111_LF2:
 1643  000022b4  08000004	j	L110_LF2
 1644  000022b8  54000000	nop; delay slot nop
 1645  000022bc          	L110_LF2:
 1646  000022bc  8fa20000	lw	r2,0(r29)
 1647  000022c0  8fa30004	lw	r3,4(r29)
 1648  000022c4  8fdffff8	lw	r31,-8(r30)
 1649  000022c8  001ee820	add	r29,r0,r30
 1650  000022cc  8fdefffc	lw	r30,-4(r30)
 1651  000022d0  4be00000	jr	r31
 1652  000022d4  54000000	nop
 1653  000022d8          	.endproc _max
 1654                      ;;; Ethan L. Miller, 1999.  Released to the public domain
 1655                      ;;;
 1656                      ;;; Most of the traps are called in files from libtraps.
 1659  000022d8          	.align 2
 1660  000022d8          	.proc _exit
 1661  000022d8          	.global _exit
 1662  000022d8          	_exit:
 1663  000022d8  44000300	trap	#0x300
 1664  000022dc  4be00000	jr	r31
 1665  000022e0  54000000	nop
 1666  000022e4          	.endproc _exit
 1668                      ; for the benefit of gcc.
 1669  000022e4          	.proc ___main
 1670  000022e4          	.global ___main
 1671  000022e4          	___main:
 1672  000022e4  4be00000	jr	r31
 1673  000022e8  54000000	nop
 1674  000022ec          	.endproc ___main
 1675  000022ec          	.text
 1676  000022ec          	.global _etext
 1677  000022ec          	_etext:
 1678  000022ec          	.align 3
 1679  000022f0          	.data
 1680  00003122          	.global _edata
 1681  00003122          	_edata:
