 line   address	contents
    1                      ; Linked by DLX-LD.
    2                      ; MemSize 24576
    3                      ; Data size: 334
    4                      ; Text size: 5472
    5                      ; Stack size: 8192
    6  00000000          	.text 0x1000
    7  00001000          	.data 0x3000
    8                      ; Compiled by GCC
    9  00003000          	.text
   10  00001000          	.align 2
   11  00001000          	.proc _isspace
   12  00001000          	.global _isspace
   13  00001000          	_isspace:
   14                      ;  Function 'isspace'; 0 bytes of locals, 1 regs to save.
   15  00001000  afbefffc	sw	-4(r29),r30; push fp
   16  00001004  001df020	add	r30,r0,r29; fp = sp
   17  00001008  afbffff8	sw	-8(r29),r31; push ret addr
   18  0000100c  2fbd0010	subui	r29,r29,#16; alloc local storage
   19  00001010  afa20000	sw	0(r29),r2
   20  00001014  83c20003	lb	r2,3(r30)
   21  00001018  201f0000	addi	r31,r0,#0
   22  0000101c  304100ff	andi	r1,r2,#0x00ff
   23  00001020  60210020	seqi	r1,r1,#32
   24  00001024  14200018	bnez	r1,L6_LF0
   25  00001028  54000000	nop; not filled.
   26  0000102c  2041fff7	addi	r1,r2,#-9
   27  00001030  302100ff	andi	r1,r1,#0x00ff
   28  00001034  70210001	sleui	r1,r1,#1
   29  00001038  10200008	beqz	r1,L5_LF0
   30  0000103c  54000000	nop; not filled.
   31  00001040          	L6_LF0:
   32  00001040  201f0001	addi	r31,r0,#1
   33  00001044          	L5_LF0:
   34  00001044  001f0820	add	r1,r0,r31
   35  00001048  8fa20000	lw	r2,0(r29)
   36  0000104c  8fdffff8	lw	r31,-8(r30)
   37  00001050  001ee820	add	r29,r0,r30
   38  00001054  8fdefffc	lw	r30,-4(r30)
   39  00001058  4be00000	jr	r31
   40  0000105c  54000000	nop
   41  00001060          	.endproc _isspace
   42  00001060          	.align 2
   43  00001060          	.proc _isxdigit
   44  00001060          	.global _isxdigit
   45  00001060          	_isxdigit:
   46                      ;  Function 'isxdigit'; 0 bytes of locals, 1 regs to save.
   47  00001060  afbefffc	sw	-4(r29),r30; push fp
   48  00001064  001df020	add	r30,r0,r29; fp = sp
   49  00001068  afbffff8	sw	-8(r29),r31; push ret addr
   50  0000106c  2fbd0010	subui	r29,r29,#16; alloc local storage
   51  00001070  afa20000	sw	0(r29),r2
   52  00001074  83df0003	lb	r31,3(r30)
   53  00001078  20020000	addi	r2,r0,#0
   54  0000107c  23e1ffd0	addi	r1,r31,#-48
   55  00001080  302100ff	andi	r1,r1,#0x00ff
   56  00001084  70210009	sleui	r1,r1,#9
   57  00001088  14200028	bnez	r1,L12_LF0
   58  0000108c  54000000	nop; not filled.
   59  00001090  23e1ff9f	addi	r1,r31,#-97
   60  00001094  302100ff	andi	r1,r1,#0x00ff
   61  00001098  70210005	sleui	r1,r1,#5
   62  0000109c  14200014	bnez	r1,L12_LF0
   63  000010a0  54000000	nop; not filled.
   64  000010a4  33e100ff	andi	r1,r31,#0x00ff
   65  000010a8  64210041	snei	r1,r1,#65
   66  000010ac  14200008	bnez	r1,L11_LF0
   67  000010b0  54000000	nop; not filled.
   68  000010b4          	L12_LF0:
   69  000010b4  20020001	addi	r2,r0,#1
   70  000010b8          	L11_LF0:
   71  000010b8  00020820	add	r1,r0,r2
   72  000010bc  8fa20000	lw	r2,0(r29)
   73  000010c0  8fdffff8	lw	r31,-8(r30)
   74  000010c4  001ee820	add	r29,r0,r30
   75  000010c8  8fdefffc	lw	r30,-4(r30)
   76  000010cc  4be00000	jr	r31
   77  000010d0  54000000	nop
   78  000010d4          	.endproc _isxdigit
   79  000010d4          	.data
   80  00003000          	.align 2
   81  00003000          	LC0_LF0:
   82  00003000  55736167	.ascii "Usage: \000"
   82  00003004  653a2000	
   83  00003008          	.align 2
   84  00003008          	LC1_LF0:
   85  00003008  203c6e75	.ascii " <number of N2 molecules> <number of H2O molecules\n\000"
   85  0000300c  6d626572	
   85  00003010  206f6620	
   85  00003014  4e32206d	
   85  00003018  6f6c6563	
   85  0000301c  756c6573	
   85  00003020  3e203c6e	
   85  00003024  756d6265	
   85  00003028  72206f66	
   85  0000302c  2048324f	
   85  00003030  206d6f6c	
   85  00003034  6563756c	
   85  00003038  65730a00	
   86  0000303c          	.align 2
   87  0000303c          	LC2_LF0:
   88  0000303c  43726561	.ascii "Creating 5 processes\n\000"
   88  00003040  74696e67	
   88  00003044  20352070	
   88  00003048  726f6365	
   88  0000304c  73736573	
   88  00003050  0a00    	
   89  00003052          	.align 2
   90  00003054          	LC3_LF0:
   91  00003054  42616420	.ascii "Bad sem_create in \000"
   91  00003058  73656d5f	
   91  0000305c  63726561	
   91  00003060  74652069	
   91  00003064  6e2000  	
   92  00003067          	.align 2
   93  00003068          	LC4_LF0:
   94  00003068  0a00    	.ascii "\n\000"
   95  0000306a          	.align 2
   96  0000306c          	LC5_LF0:
   97  0000306c  62696e2f	.ascii "bin/injectN2.dlx.obj\000"
   97  00003070  696e6a65	
   97  00003074  63744e32	
   97  00003078  2e646c78	
   97  0000307c  2e6f626a	
   97  00003080  00      	
   98  00003081          	.align 2
   99  00003084          	LC6_LF0:
  100  00003084  62696e2f	.ascii "bin/injectH2O.dlx.obj\000"
  100  00003088  696e6a65	
  100  0000308c  63744832	
  100  00003090  4f2e646c	
  100  00003094  782e6f62	
  100  00003098  6a00    	
  101  0000309a          	.align 2
  102  0000309c          	LC7_LF0:
  103  0000309c  62696e2f	.ascii "bin/react1.dlx.obj\000"
  103  000030a0  72656163	
  103  000030a4  74312e64	
  103  000030a8  6c782e6f	
  103  000030ac  626a00  	
  104  000030af          	.align 2
  105  000030b0          	LC8_LF0:
  106  000030b0  62696e2f	.ascii "bin/react2.dlx.obj\000"
  106  000030b4  72656163	
  106  000030b8  74322e64	
  106  000030bc  6c782e6f	
  106  000030c0  626a00  	
  107  000030c3          	.align 2
  108  000030c4          	LC9_LF0:
  109  000030c4  62696e2f	.ascii "bin/react3.dlx.obj\000"
  109  000030c8  72656163	
  109  000030cc  74332e64	
  109  000030d0  6c782e6f	
  109  000030d4  626a00  	
  110  000030d7          	.align 2
  111  000030d8          	LC10_LF0:
  112  000030d8  50726f63	.ascii "Processes created\n\000"
  112  000030dc  65737365	
  112  000030e0  73206372	
  112  000030e4  65617465	
  112  000030e8  640a00  	
  113  000030eb          	.align 2
  114  000030ec          	LC11_LF0:
  115  000030ec  42616420	.ascii "Bad semaphore s_procs_completed (%d) in \000"
  115  000030f0  73656d61	
  115  000030f4  70686f72	
  115  000030f8  6520735f	
  115  000030fc  70726f63	
  115  00003100  735f636f	
  115  00003104  6d706c65	
  115  00003108  74656420	
  115  0000310c  28256429	
  115  00003110  20696e20	
  115  00003114  00      	
  116  00003115          	.align 2
  117  00003118          	LC12_LF0:
  118  00003118  416c6c20	.ascii "All other processes completed, exiting main process.\n\000"
  118  0000311c  6f746865	
  118  00003120  72207072	
  118  00003124  6f636573	
  118  00003128  73657320	
  118  0000312c  636f6d70	
  118  00003130  6c657465	
  118  00003134  642c2065	
  118  00003138  78697469	
  118  0000313c  6e67206d	
  118  00003140  61696e20	
  118  00003144  70726f63	
  118  00003148  6573732e	
  118  0000314c  0a00    	
  119  0000314e          	.text
  120  000010d4          	.align 2
  121  000010d4          	.proc _main
  122  000010d4          	.global _main
  123  000010d4          	_main:
  124                      ;  Function 'main'; 160 bytes of locals, 0 regs to save.
  125  000010d4  afbefffc	sw	-4(r29),r30; push fp
  126  000010d8  001df020	add	r30,r0,r29; fp = sp
  127  000010dc  afbffff8	sw	-8(r29),r31; push ret addr
  128  000010e0  2fbd00a8	subui	r29,r29,#168; alloc local storage
  129  000010e4  8fc20000	lw	r2,(r30)
  130  000010e8  8fcc0004	lw	r12,4(r30)
  131  000010ec  0c001468	jal	___main
  132  000010f0  54000000	nop; not filled.
  133  000010f4  64410003	snei	r1,r2,#3
  134  000010f8  1020004c	beqz	r1,L14_LF0
  135  000010fc  54000000	nop; not filled.
  136  00001100  23bdfff8	addi	r29,r29,#-8
  137  00001104  3c100000	lhi	r16,((LC0_LF0)>>16)&0xffff
  138  00001108  26103000	addui	r16,r16,(LC0_LF0)&0xffff
  139  0000110c  afb00000	sw	(r29),r16
  140  00001110  0c00063c	jal	_Printf
  141  00001114  54000000	nop; not filled.
  142  00001118  8d900000	lw	r16,(r12)
  143  0000111c  afb00000	sw	(r29),r16
  144  00001120  0c00062c	jal	_Printf
  145  00001124  54000000	nop; not filled.
  146  00001128  3c100000	lhi	r16,((LC1_LF0)>>16)&0xffff
  147  0000112c  26103008	addui	r16,r16,(LC1_LF0)&0xffff
  148  00001130  afb00000	sw	(r29),r16
  149  00001134  0c000618	jal	_Printf
  150  00001138  54000000	nop; not filled.
  151  0000113c  0c0006c4	jal	_Exit
  152  00001140  54000000	nop; not filled.
  153  00001144  23bd0008	addi	r29,r29,#8
  154  00001148          	L14_LF0:
  155  00001148  23bdfff0	addi	r29,r29,#-16
  156  0000114c  8d900004	lw	r16,4(r12)
  157  00001150  afb00000	sw	(r29),r16
  158  00001154  20100000	addi	r16,r0,#0
  159  00001158  afb00004	sw	4(r29),r16
  160  0000115c  2010000a	addi	r16,r0,#10
  161  00001160  afb00008	sw	8(r29),r16
  162  00001164  0c000f48	jal	_dstrtol
  163  00001168  54000000	nop; not filled.
  164  0000116c  00017020	add	r14,r0,r1
  165  00001170  8d900008	lw	r16,8(r12)
  166  00001174  afb00000	sw	(r29),r16
  167  00001178  20100000	addi	r16,r0,#0
  168  0000117c  afb00004	sw	4(r29),r16
  169  00001180  2010000a	addi	r16,r0,#10
  170  00001184  afb00008	sw	8(r29),r16
  171  00001188  0c000f24	jal	_dstrtol
  172  0000118c  54000000	nop; not filled.
  173  00001190  00014820	add	r9,r0,r1
  174  00001194  3c100000	lhi	r16,((LC2_LF0)>>16)&0xffff
  175  00001198  2610303c	addui	r16,r16,(LC2_LF0)&0xffff
  176  0000119c  afb00000	sw	(r29),r16
  177  000011a0  0c0005ac	jal	_Printf
  178  000011a4  54000000	nop; not filled.
  179  000011a8  51c30001	slli	r3,r14,#0x1
  180  000011ac  5921001f	srli	r1,r9,#0x1f
  181  000011b0  01210820	add	r1,r9,r1
  182  000011b4  5c220001	srai	r2,r1,#0x1
  183  000011b8  23bd0010	addi	r29,r29,#16
  184  000011bc  0062082a	slt	r1,r3,r2
  185  000011c0  10200010	beqz	r1,L15_LF0
  186  000011c4  54000000	nop; not filled.
  187  000011c8  00037820	add	r15,r0,r3
  188  000011cc  08000008	j	L16_LF0
  189  000011d0  54000000	nop; not filled.
  190  000011d4          	L15_LF0:
  191  000011d4  00027820	add	r15,r0,r2
  192  000011d8          	L16_LF0:
  193  000011d8  23bdfff8	addi	r29,r29,#-8
  194  000011dc  2010fffc	addi	r16,r0,#-4
  195  000011e0  afb00000	sw	(r29),r16
  196  000011e4  0c0005a4	jal	_sem_create
  197  000011e8  54000000	nop; not filled.
  198  000011ec  00016820	add	r13,r0,r1
  199  000011f0  23bd0008	addi	r29,r29,#8
  200  000011f4  61a1ffff	seqi	r1,r13,#-1
  201  000011f8  1020004c	beqz	r1,L17_LF0
  202  000011fc  54000000	nop; not filled.
  203  00001200  23bdfff8	addi	r29,r29,#-8
  204  00001204  3c100000	lhi	r16,((LC3_LF0)>>16)&0xffff
  205  00001208  26103054	addui	r16,r16,(LC3_LF0)&0xffff
  206  0000120c  afb00000	sw	(r29),r16
  207  00001210  0c00053c	jal	_Printf
  208  00001214  54000000	nop; not filled.
  209  00001218  8d900000	lw	r16,(r12)
  210  0000121c  afb00000	sw	(r29),r16
  211  00001220  0c00052c	jal	_Printf
  212  00001224  54000000	nop; not filled.
  213  00001228  3c100000	lhi	r16,((LC4_LF0)>>16)&0xffff
  214  0000122c  26103068	addui	r16,r16,(LC4_LF0)&0xffff
  215  00001230  afb00000	sw	(r29),r16
  216  00001234  0c000518	jal	_Printf
  217  00001238  54000000	nop; not filled.
  218  0000123c  0c0005c4	jal	_Exit
  219  00001240  54000000	nop; not filled.
  220  00001244  23bd0008	addi	r29,r29,#8
  221  00001248          	L17_LF0:
  222  00001248  23bdfff8	addi	r29,r29,#-8
  223  0000124c  afae0000	sw	(r29),r14
  224  00001250  0c000538	jal	_sem_create
  225  00001254  54000000	nop; not filled.
  226  00001258  00013020	add	r6,r0,r1
  227  0000125c  23bd0008	addi	r29,r29,#8
  228  00001260  60c1ffff	seqi	r1,r6,#-1
  229  00001264  1020004c	beqz	r1,L18_LF0
  230  00001268  54000000	nop; not filled.
  231  0000126c  23bdfff8	addi	r29,r29,#-8
  232  00001270  3c100000	lhi	r16,((LC3_LF0)>>16)&0xffff
  233  00001274  26103054	addui	r16,r16,(LC3_LF0)&0xffff
  234  00001278  afb00000	sw	(r29),r16
  235  0000127c  0c0004d0	jal	_Printf
  236  00001280  54000000	nop; not filled.
  237  00001284  8d900000	lw	r16,(r12)
  238  00001288  afb00000	sw	(r29),r16
  239  0000128c  0c0004c0	jal	_Printf
  240  00001290  54000000	nop; not filled.
  241  00001294  3c100000	lhi	r16,((LC4_LF0)>>16)&0xffff
  242  00001298  26103068	addui	r16,r16,(LC4_LF0)&0xffff
  243  0000129c  afb00000	sw	(r29),r16
  244  000012a0  0c0004ac	jal	_Printf
  245  000012a4  54000000	nop; not filled.
  246  000012a8  0c000558	jal	_Exit
  247  000012ac  54000000	nop; not filled.
  248  000012b0  23bd0008	addi	r29,r29,#8
  249  000012b4          	L18_LF0:
  250  000012b4  23bdfff8	addi	r29,r29,#-8
  251  000012b8  afa90000	sw	(r29),r9
  252  000012bc  0c0004cc	jal	_sem_create
  253  000012c0  54000000	nop; not filled.
  254  000012c4  00013820	add	r7,r0,r1
  255  000012c8  23bd0008	addi	r29,r29,#8
  256  000012cc  60e1ffff	seqi	r1,r7,#-1
  257  000012d0  1020004c	beqz	r1,L19_LF0
  258  000012d4  54000000	nop; not filled.
  259  000012d8  23bdfff8	addi	r29,r29,#-8
  260  000012dc  3c100000	lhi	r16,((LC3_LF0)>>16)&0xffff
  261  000012e0  26103054	addui	r16,r16,(LC3_LF0)&0xffff
  262  000012e4  afb00000	sw	(r29),r16
  263  000012e8  0c000464	jal	_Printf
  264  000012ec  54000000	nop; not filled.
  265  000012f0  8d900000	lw	r16,(r12)
  266  000012f4  afb00000	sw	(r29),r16
  267  000012f8  0c000454	jal	_Printf
  268  000012fc  54000000	nop; not filled.
  269  00001300  3c100000	lhi	r16,((LC4_LF0)>>16)&0xffff
  270  00001304  26103068	addui	r16,r16,(LC4_LF0)&0xffff
  271  00001308  afb00000	sw	(r29),r16
  272  0000130c  0c000440	jal	_Printf
  273  00001310  54000000	nop; not filled.
  274  00001314  0c0004ec	jal	_Exit
  275  00001318  54000000	nop; not filled.
  276  0000131c  23bd0008	addi	r29,r29,#8
  277  00001320          	L19_LF0:
  278  00001320  23bdfff8	addi	r29,r29,#-8
  279  00001324  20100000	addi	r16,r0,#0
  280  00001328  afb00000	sw	(r29),r16
  281  0000132c  0c00045c	jal	_sem_create
  282  00001330  54000000	nop; not filled.
  283  00001334  00014020	add	r8,r0,r1
  284  00001338  23bd0008	addi	r29,r29,#8
  285  0000133c  6101ffff	seqi	r1,r8,#-1
  286  00001340  1020004c	beqz	r1,L20_LF0
  287  00001344  54000000	nop; not filled.
  288  00001348  23bdfff8	addi	r29,r29,#-8
  289  0000134c  3c100000	lhi	r16,((LC3_LF0)>>16)&0xffff
  290  00001350  26103054	addui	r16,r16,(LC3_LF0)&0xffff
  291  00001354  afb00000	sw	(r29),r16
  292  00001358  0c0003f4	jal	_Printf
  293  0000135c  54000000	nop; not filled.
  294  00001360  8d900000	lw	r16,(r12)
  295  00001364  afb00000	sw	(r29),r16
  296  00001368  0c0003e4	jal	_Printf
  297  0000136c  54000000	nop; not filled.
  298  00001370  3c100000	lhi	r16,((LC4_LF0)>>16)&0xffff
  299  00001374  26103068	addui	r16,r16,(LC4_LF0)&0xffff
  300  00001378  afb00000	sw	(r29),r16
  301  0000137c  0c0003d0	jal	_Printf
  302  00001380  54000000	nop; not filled.
  303  00001384  0c00047c	jal	_Exit
  304  00001388  54000000	nop; not filled.
  305  0000138c  23bd0008	addi	r29,r29,#8
  306  00001390          	L20_LF0:
  307  00001390  23bdfff8	addi	r29,r29,#-8
  308  00001394  20100000	addi	r16,r0,#0
  309  00001398  afb00000	sw	(r29),r16
  310  0000139c  0c0003ec	jal	_sem_create
  311  000013a0  54000000	nop; not filled.
  312  000013a4  00012820	add	r5,r0,r1
  313  000013a8  23bd0008	addi	r29,r29,#8
  314  000013ac  60a1ffff	seqi	r1,r5,#-1
  315  000013b0  1020004c	beqz	r1,L21_LF0
  316  000013b4  54000000	nop; not filled.
  317  000013b8  23bdfff8	addi	r29,r29,#-8
  318  000013bc  3c100000	lhi	r16,((LC3_LF0)>>16)&0xffff
  319  000013c0  26103054	addui	r16,r16,(LC3_LF0)&0xffff
  320  000013c4  afb00000	sw	(r29),r16
  321  000013c8  0c000384	jal	_Printf
  322  000013cc  54000000	nop; not filled.
  323  000013d0  8d900000	lw	r16,(r12)
  324  000013d4  afb00000	sw	(r29),r16
  325  000013d8  0c000374	jal	_Printf
  326  000013dc  54000000	nop; not filled.
  327  000013e0  3c100000	lhi	r16,((LC4_LF0)>>16)&0xffff
  328  000013e4  26103068	addui	r16,r16,(LC4_LF0)&0xffff
  329  000013e8  afb00000	sw	(r29),r16
  330  000013ec  0c000360	jal	_Printf
  331  000013f0  54000000	nop; not filled.
  332  000013f4  0c00040c	jal	_Exit
  333  000013f8  54000000	nop; not filled.
  334  000013fc  23bd0008	addi	r29,r29,#8
  335  00001400          	L21_LF0:
  336  00001400  23bdfff8	addi	r29,r29,#-8
  337  00001404  20100000	addi	r16,r0,#0
  338  00001408  afb00000	sw	(r29),r16
  339  0000140c  0c00037c	jal	_sem_create
  340  00001410  54000000	nop; not filled.
  341  00001414  00011820	add	r3,r0,r1
  342  00001418  23bd0008	addi	r29,r29,#8
  343  0000141c  6061ffff	seqi	r1,r3,#-1
  344  00001420  1020004c	beqz	r1,L22_LF0
  345  00001424  54000000	nop; not filled.
  346  00001428  23bdfff8	addi	r29,r29,#-8
  347  0000142c  3c100000	lhi	r16,((LC3_LF0)>>16)&0xffff
  348  00001430  26103054	addui	r16,r16,(LC3_LF0)&0xffff
  349  00001434  afb00000	sw	(r29),r16
  350  00001438  0c000314	jal	_Printf
  351  0000143c  54000000	nop; not filled.
  352  00001440  8d900000	lw	r16,(r12)
  353  00001444  afb00000	sw	(r29),r16
  354  00001448  0c000304	jal	_Printf
  355  0000144c  54000000	nop; not filled.
  356  00001450  3c100000	lhi	r16,((LC4_LF0)>>16)&0xffff
  357  00001454  26103068	addui	r16,r16,(LC4_LF0)&0xffff
  358  00001458  afb00000	sw	(r29),r16
  359  0000145c  0c0002f0	jal	_Printf
  360  00001460  54000000	nop; not filled.
  361  00001464  0c00039c	jal	_Exit
  362  00001468  54000000	nop; not filled.
  363  0000146c  23bd0008	addi	r29,r29,#8
  364  00001470          	L22_LF0:
  365  00001470  23bdfff8	addi	r29,r29,#-8
  366  00001474  20100000	addi	r16,r0,#0
  367  00001478  afb00000	sw	(r29),r16
  368  0000147c  0c00030c	jal	_sem_create
  369  00001480  54000000	nop; not filled.
  370  00001484  00011020	add	r2,r0,r1
  371  00001488  23bd0008	addi	r29,r29,#8
  372  0000148c  6041ffff	seqi	r1,r2,#-1
  373  00001490  1020004c	beqz	r1,L23_LF0
  374  00001494  54000000	nop; not filled.
  375  00001498  23bdfff8	addi	r29,r29,#-8
  376  0000149c  3c100000	lhi	r16,((LC3_LF0)>>16)&0xffff
  377  000014a0  26103054	addui	r16,r16,(LC3_LF0)&0xffff
  378  000014a4  afb00000	sw	(r29),r16
  379  000014a8  0c0002a4	jal	_Printf
  380  000014ac  54000000	nop; not filled.
  381  000014b0  8d900000	lw	r16,(r12)
  382  000014b4  afb00000	sw	(r29),r16
  383  000014b8  0c000294	jal	_Printf
  384  000014bc  54000000	nop; not filled.
  385  000014c0  3c100000	lhi	r16,((LC4_LF0)>>16)&0xffff
  386  000014c4  26103068	addui	r16,r16,(LC4_LF0)&0xffff
  387  000014c8  afb00000	sw	(r29),r16
  388  000014cc  0c000280	jal	_Printf
  389  000014d0  54000000	nop; not filled.
  390  000014d4  0c00032c	jal	_Exit
  391  000014d8  54000000	nop; not filled.
  392  000014dc  23bd0008	addi	r29,r29,#8
  393  000014e0          	L23_LF0:
  394  000014e0  23bdfff8	addi	r29,r29,#-8
  395  000014e4  afad0000	sw	(r29),r13
  396  000014e8  23c4ffb8	addi	r4,r30,#-72
  397  000014ec  afa40004	sw	4(r29),r4
  398  000014f0  0c000a30	jal	_ditoa
  399  000014f4  54000000	nop; not filled.
  400  000014f8  afa60000	sw	(r29),r6
  401  000014fc  23c6ffa8	addi	r6,r30,#-88
  402  00001500  afa60004	sw	4(r29),r6
  403  00001504  0c000a1c	jal	_ditoa
  404  00001508  54000000	nop; not filled.
  405  0000150c  afa70000	sw	(r29),r7
  406  00001510  23c7ff98	addi	r7,r30,#-104
  407  00001514  afa70004	sw	4(r29),r7
  408  00001518  0c000a08	jal	_ditoa
  409  0000151c  54000000	nop; not filled.
  410  00001520  afa80000	sw	(r29),r8
  411  00001524  23c8ff88	addi	r8,r30,#-120
  412  00001528  afa80004	sw	4(r29),r8
  413  0000152c  0c0009f4	jal	_ditoa
  414  00001530  54000000	nop; not filled.
  415  00001534  afa50000	sw	(r29),r5
  416  00001538  23caff78	addi	r10,r30,#-136
  417  0000153c  afaa0004	sw	4(r29),r10
  418  00001540  0c0009e0	jal	_ditoa
  419  00001544  54000000	nop; not filled.
  420  00001548  afa30000	sw	(r29),r3
  421  0000154c  23c5ff68	addi	r5,r30,#-152
  422  00001550  afa50004	sw	4(r29),r5
  423  00001554  0c0009cc	jal	_ditoa
  424  00001558  54000000	nop; not filled.
  425  0000155c  afa20000	sw	(r29),r2
  426  00001560  23cbff58	addi	r11,r30,#-168
  427  00001564  afab0004	sw	4(r29),r11
  428  00001568  0c0009b8	jal	_ditoa
  429  0000156c  54000000	nop; not filled.
  430  00001570  afae0000	sw	(r29),r14
  431  00001574  23c2ffe8	addi	r2,r30,#-24
  432  00001578  afa20004	sw	4(r29),r2
  433  0000157c  0c0009a4	jal	_ditoa
  434  00001580  54000000	nop; not filled.
  435  00001584  afa90000	sw	(r29),r9
  436  00001588  23c3ffd8	addi	r3,r30,#-40
  437  0000158c  afa30004	sw	4(r29),r3
  438  00001590  0c000990	jal	_ditoa
  439  00001594  54000000	nop; not filled.
  440  00001598  afaf0000	sw	(r29),r15
  441  0000159c  23c9ffc8	addi	r9,r30,#-56
  442  000015a0  afa90004	sw	4(r29),r9
  443  000015a4  0c00097c	jal	_ditoa
  444  000015a8  54000000	nop; not filled.
  445  000015ac  23bdfff8	addi	r29,r29,#-8
  446  000015b0  3c100000	lhi	r16,((LC5_LF0)>>16)&0xffff
  447  000015b4  2610306c	addui	r16,r16,(LC5_LF0)&0xffff
  448  000015b8  afb00000	sw	(r29),r16
  449  000015bc  afa40004	sw	4(r29),r4
  450  000015c0  afa60008	sw	8(r29),r6
  451  000015c4  afa2000c	sw	12(r29),r2
  452  000015c8  0c00019c	jal	_process_create
  453  000015cc  54000000	nop; not filled.
  454  000015d0  3c100000	lhi	r16,((LC6_LF0)>>16)&0xffff
  455  000015d4  26103084	addui	r16,r16,(LC6_LF0)&0xffff
  456  000015d8  afb00000	sw	(r29),r16
  457  000015dc  afa40004	sw	4(r29),r4
  458  000015e0  afa70008	sw	8(r29),r7
  459  000015e4  afa3000c	sw	12(r29),r3
  460  000015e8  0c00017c	jal	_process_create
  461  000015ec  54000000	nop; not filled.
  462  000015f0  23bdfff8	addi	r29,r29,#-8
  463  000015f4  3c100000	lhi	r16,((LC7_LF0)>>16)&0xffff
  464  000015f8  2610309c	addui	r16,r16,(LC7_LF0)&0xffff
  465  000015fc  afb00000	sw	(r29),r16
  466  00001600  afa40004	sw	4(r29),r4
  467  00001604  afa60008	sw	8(r29),r6
  468  00001608  afa8000c	sw	12(r29),r8
  469  0000160c  afa20010	sw	16(r29),r2
  470  00001610  0c000154	jal	_process_create
  471  00001614  54000000	nop; not filled.
  472  00001618  3c100000	lhi	r16,((LC8_LF0)>>16)&0xffff
  473  0000161c  261030b0	addui	r16,r16,(LC8_LF0)&0xffff
  474  00001620  afb00000	sw	(r29),r16
  475  00001624  afa40004	sw	4(r29),r4
  476  00001628  afa70008	sw	8(r29),r7
  477  0000162c  afaa000c	sw	12(r29),r10
  478  00001630  afa50010	sw	16(r29),r5
  479  00001634  afa30014	sw	20(r29),r3
  480  00001638  0c00012c	jal	_process_create
  481  0000163c  54000000	nop; not filled.
  482  00001640  3c100000	lhi	r16,((LC9_LF0)>>16)&0xffff
  483  00001644  261030c4	addui	r16,r16,(LC9_LF0)&0xffff
  484  00001648  afb00000	sw	(r29),r16
  485  0000164c  afa40004	sw	4(r29),r4
  486  00001650  afa80008	sw	8(r29),r8
  487  00001654  afa5000c	sw	12(r29),r5
  488  00001658  afab0010	sw	16(r29),r11
  489  0000165c  afa90014	sw	20(r29),r9
  490  00001660  0c000104	jal	_process_create
  491  00001664  54000000	nop; not filled.
  492  00001668  3c100000	lhi	r16,((LC10_LF0)>>16)&0xffff
  493  0000166c  261030d8	addui	r16,r16,(LC10_LF0)&0xffff
  494  00001670  afb00000	sw	(r29),r16
  495  00001674  0c0000d8	jal	_Printf
  496  00001678  54000000	nop; not filled.
  497  0000167c  afad0000	sw	(r29),r13
  498  00001680  0c000114	jal	_sem_wait
  499  00001684  54000000	nop; not filled.
  500  00001688  23bd0018	addi	r29,r29,#24
  501  0000168c  64210001	snei	r1,r1,#1
  502  00001690  10200050	beqz	r1,L24_LF0
  503  00001694  54000000	nop; not filled.
  504  00001698  23bdfff8	addi	r29,r29,#-8
  505  0000169c  3c100000	lhi	r16,((LC11_LF0)>>16)&0xffff
  506  000016a0  261030ec	addui	r16,r16,(LC11_LF0)&0xffff
  507  000016a4  afb00000	sw	(r29),r16
  508  000016a8  afad0004	sw	4(r29),r13
  509  000016ac  0c0000a0	jal	_Printf
  510  000016b0  54000000	nop; not filled.
  511  000016b4  8d8c0000	lw	r12,(r12)
  512  000016b8  afac0000	sw	(r29),r12
  513  000016bc  0c000090	jal	_Printf
  514  000016c0  54000000	nop; not filled.
  515  000016c4  3c100000	lhi	r16,((LC4_LF0)>>16)&0xffff
  516  000016c8  26103068	addui	r16,r16,(LC4_LF0)&0xffff
  517  000016cc  afb00000	sw	(r29),r16
  518  000016d0  0c00007c	jal	_Printf
  519  000016d4  54000000	nop; not filled.
  520  000016d8  0c000128	jal	_Exit
  521  000016dc  54000000	nop; not filled.
  522  000016e0  23bd0008	addi	r29,r29,#8
  523  000016e4          	L24_LF0:
  524  000016e4  23bdfff8	addi	r29,r29,#-8
  525  000016e8  3c100000	lhi	r16,((LC12_LF0)>>16)&0xffff
  526  000016ec  26103118	addui	r16,r16,(LC12_LF0)&0xffff
  527  000016f0  afb00000	sw	(r29),r16
  528  000016f4  0c000058	jal	_Printf
  529  000016f8  54000000	nop; not filled.
  530  000016fc  23bd0008	addi	r29,r29,#8
  531  00001700  0c000e48	jal	_exit
  532  00001704  54000000	nop
  533  00001708          	.endproc _main
  534                      ;;;
  535                      ;;; Stub functions for DLX traps.
  536                      ;;;
  537                      ;;; Ethan L. Miller, 1999.  Released to the public domain.
  538                      ;;;
  539                      ;;; The traps such as Open and Close
  540                      ;;; (note the capital letters) are for use by user programs.  The traps
  541                      ;;; with names such as open and close (lower case) are for use by the OS.
  542                      ;;;
  545  00001708          	.align 2
  547                      ;;; The following are the traps to be used by user-level programs
  548                      ;;;
  550  00001708          	.align 2
  551  00001708          	.proc _Open
  552  00001708          	.global _Open
  553  00001708          	_Open:
  554                      ;;; Note that trap #0x213 actually causes a trap vector in the OS of
  555                      ;;; 0x1213.  The same is true for other user traps.  Thus, a user trap
  556                      ;;; with trap #0x240 will result in a trap vector of 0x1240 in the OS.
  557  00001708  44000213	trap	#0x213
  558  0000170c  4be00000	jr	r31
  559  00001710  54000000	nop
  560  00001714          	.endproc _Open
  562  00001714          	.proc _Close
  563  00001714          	.global _Close
  564  00001714          	_Close:
  565  00001714  44000214	trap	#0x214
  566  00001718  4be00000	jr	r31
  567  0000171c  54000000	nop
  568  00001720          	.endproc _Close
  570  00001720          	.proc _Read
  571  00001720          	.global _Read
  572  00001720          	_Read:
  573  00001720  44000210	trap	#0x210
  574  00001724  4be00000	jr	r31
  575  00001728  54000000	nop
  576  0000172c          	.endproc _Read
  578  0000172c          	.proc _Write
  579  0000172c          	.global _Write
  580  0000172c          	_Write:
  581  0000172c  44000211	trap	#0x211
  582  00001730  4be00000	jr	r31
  583  00001734  54000000	nop
  584  00001738          	.endproc _Write
  586  00001738          	.proc _Lseek
  587  00001738          	.global _Lseek
  588  00001738          	_Lseek:
  589  00001738  44000212	trap	#0x212
  590  0000173c  4be00000	jr	r31
  591  00001740  54000000	nop
  592  00001744          	.endproc _Lseek
  594  00001744          	.proc _Putchar
  595  00001744          	.global _Putchar
  596  00001744          	_Putchar:
  597  00001744  44000280	trap	#0x280
  598  00001748  4be00000	jr	r31
  599  0000174c  54000000	nop
  600  00001750          	.endproc _Putchar
  602  00001750          	.proc _Printf
  603  00001750          	.global _Printf
  604  00001750          	_Printf:
  605  00001750  44000201	trap	#0x201
  606  00001754  4be00000	jr	r31
  607  00001758  54000000	nop
  608  0000175c          	.endproc _Printf
  610  0000175c          	.proc _getpid
  611  0000175c          	.global _getpid
  612  0000175c          	_getpid:
  613  0000175c  44000431	trap	#0x431
  614  00001760  4be00000	jr	r31
  615  00001764  54000000	nop
  616  00001768          	.endproc _getpid
  618  00001768          	.proc _process_create
  619  00001768          	.global _process_create
  620  00001768          	_process_create:
  621  00001768  44000432	trap	#0x432
  622  0000176c  4be00000	jr	r31
  623  00001770  54000000	nop
  624  00001774          	.endproc _process_create
  626  00001774          	.proc _shmget
  627  00001774          	.global _shmget
  628  00001774          	_shmget:
  629  00001774  44000440	trap	#0x440
  630  00001778  4be00000	jr	r31
  631  0000177c  54000000	nop
  632  00001780          	.endproc _shmget
  634  00001780          	.proc _shmat
  635  00001780          	.global _shmat
  636  00001780          	_shmat:
  637  00001780  44000441	trap	#0x441
  638  00001784  4be00000	jr	r31
  639  00001788  54000000	nop
  640  0000178c          	.endproc _shmat
  642  0000178c          	.proc _sem_create
  643  0000178c          	.global _sem_create
  644  0000178c          	_sem_create:
  645  0000178c  44000450	trap	#0x450
  646  00001790  4be00000	jr	r31
  647  00001794  54000000	nop
  648  00001798          	.endproc _sem_create
  650  00001798          	.proc _sem_wait
  651  00001798          	.global _sem_wait
  652  00001798          	_sem_wait:
  653  00001798  44000451	trap	#0x451
  654  0000179c  4be00000	jr	r31
  655  000017a0  54000000	nop
  656  000017a4          	.endproc _sem_wait
  658  000017a4          	.proc _sem_signal
  659  000017a4          	.global _sem_signal
  660  000017a4          	_sem_signal:
  661  000017a4  44000452	trap	#0x452
  662  000017a8  4be00000	jr	r31
  663  000017ac  54000000	nop
  664  000017b0          	.endproc _sem_signal
  666  000017b0          	.proc _lock_create
  667  000017b0          	.global _lock_create
  668  000017b0          	_lock_create:
  669  000017b0  44000453	trap	#0x453
  670  000017b4  4be00000	jr	r31
  671  000017b8  54000000	nop
  672  000017bc          	.endproc _lock_create
  674  000017bc          	.proc _lock_acquire
  675  000017bc          	.global _lock_acquire
  676  000017bc          	_lock_acquire:
  677  000017bc  44000454	trap	#0x454
  678  000017c0  4be00000	jr	r31
  679  000017c4  54000000	nop
  680  000017c8          	.endproc _lock_acquire
  682  000017c8          	.proc _lock_release
  683  000017c8          	.global _lock_release
  684  000017c8          	_lock_release:
  685  000017c8  44000455	trap	#0x455
  686  000017cc  4be00000	jr	r31
  687  000017d0  54000000	nop
  688  000017d4          	.endproc _lock_release
  690  000017d4          	.proc _cond_create
  691  000017d4          	.global _cond_create
  692  000017d4          	_cond_create:
  693  000017d4  44000456	trap	#0x456
  694  000017d8  4be00000	jr	r31
  695  000017dc  54000000	nop
  696  000017e0          	.endproc _cond_create
  698  000017e0          	.proc _cond_wait
  699  000017e0          	.global _cond_wait
  700  000017e0          	_cond_wait:
  701  000017e0  44000457	trap	#0x457
  702  000017e4  4be00000	jr	r31
  703  000017e8  54000000	nop
  704  000017ec          	.endproc _cond_wait
  706  000017ec          	.proc _cond_signal
  707  000017ec          	.global _cond_signal
  708  000017ec          	_cond_signal:
  709  000017ec  44000458	trap	#0x458
  710  000017f0  4be00000	jr	r31
  711  000017f4  54000000	nop
  712  000017f8          	.endproc _cond_signal
  714  000017f8          	.proc _cond_broadcast
  715  000017f8          	.global _cond_broadcast
  716  000017f8          	_cond_broadcast:
  717  000017f8  44000455	trap	#0x455
  718  000017fc  4be00000	jr	r31
  719  00001800  54000000	nop
  720  00001804          	.endproc _cond_broadcast
  722  00001804          	.proc _Exit
  723  00001804          	.global _Exit
  724  00001804          	_Exit:
  725  00001804  44000500	trap	#0x500
  726  00001808  4be00000	jr	r31
  727  0000180c  54000000	nop
  728  00001810          	.endproc _Exit
  729                      ; Compiled by GCC
  731  00001810          	.align 2
  732  00001810          	.proc _isspace
  733  00001810          	.global _isspace
  734  00001810          	_isspace:
  735                      ;  Function 'isspace'; 0 bytes of locals, 3 regs to save.
  736  00001810  afbefffc	sw	-4(r29),r30; push fp
  737  00001814  001df020	add	r30,r0,r29; fp = sp
  738  00001818  afbffff8	sw	-8(r29),r31; push ret addr
  739  0000181c  2fbd0018	subui	r29,r29,#24; alloc local storage
  740  00001820  afa20000	sw	0(r29),r2
  741  00001824  afa30004	sw	4(r29),r3
  742  00001828  afa40008	sw	8(r29),r4
  743  0000182c  83c20003	lb	r2,3(r30)
  744  00001830  20010000	addi	r1,r0,#0
  745  00001834  304300ff	andi	r3,r2,#0x00ff
  746  00001838  60640020	seqi	r4,r3,#32
  747  0000183c  1480002c	bnez	r4,L3_LF2
  748  00001840  54000000	nop; delay slot nop
  749  00001844  304300ff	andi	r3,r2,#0x00ff
  750  00001848  60640009	seqi	r4,r3,#9
  751  0000184c  1480001c	bnez	r4,L3_LF2
  752  00001850  54000000	nop; delay slot nop
  753  00001854  304300ff	andi	r3,r2,#0x00ff
  754  00001858  6064000a	seqi	r4,r3,#10
  755  0000185c  1480000c	bnez	r4,L3_LF2
  756  00001860  54000000	nop; delay slot nop
  757  00001864  08000008	j	L2_LF2
  758  00001868  54000000	nop; delay slot nop
  759  0000186c          	L3_LF2:
  760  0000186c  20010001	addi	r1,r0,#1
  761  00001870          	L2_LF2:
  762  00001870  08000004	j	L1_LF2
  763  00001874  54000000	nop; delay slot nop
  764  00001878          	L1_LF2:
  765  00001878  8fa20000	lw	r2,0(r29)
  766  0000187c  8fa30004	lw	r3,4(r29)
  767  00001880  8fa40008	lw	r4,8(r29)
  768  00001884  8fdffff8	lw	r31,-8(r30)
  769  00001888  001ee820	add	r29,r0,r30
  770  0000188c  8fdefffc	lw	r30,-4(r30)
  771  00001890  4be00000	jr	r31
  772  00001894  54000000	nop
  773  00001898          	.endproc _isspace
  774  00001898          	.align 2
  775  00001898          	.proc _isxdigit
  776  00001898          	.global _isxdigit
  777  00001898          	_isxdigit:
  778                      ;  Function 'isxdigit'; 0 bytes of locals, 3 regs to save.
  779  00001898  afbefffc	sw	-4(r29),r30; push fp
  780  0000189c  001df020	add	r30,r0,r29; fp = sp
  781  000018a0  afbffff8	sw	-8(r29),r31; push ret addr
  782  000018a4  2fbd0018	subui	r29,r29,#24; alloc local storage
  783  000018a8  afa20000	sw	0(r29),r2
  784  000018ac  afa30004	sw	4(r29),r3
  785  000018b0  afa40008	sw	8(r29),r4
  786  000018b4  83c20003	lb	r2,3(r30)
  787  000018b8  20010000	addi	r1,r0,#0
  788  000018bc  304300ff	andi	r3,r2,#0x00ff
  789  000018c0  6c64002f	sgtui	r4,r3,#47
  790  000018c4  1080001c	beqz	r4,L7_LF2
  791  000018c8  54000000	nop; delay slot nop
  792  000018cc  304300ff	andi	r3,r2,#0x00ff
  793  000018d0  70640039	sleui	r4,r3,#57
  794  000018d4  1480005c	bnez	r4,L6_LF2
  795  000018d8  54000000	nop; delay slot nop
  796  000018dc  08000004	j	L7_LF2
  797  000018e0  54000000	nop; delay slot nop
  798  000018e4          	L7_LF2:
  799  000018e4  304300ff	andi	r3,r2,#0x00ff
  800  000018e8  6c640060	sgtui	r4,r3,#96
  801  000018ec  1080001c	beqz	r4,L8_LF2
  802  000018f0  54000000	nop; delay slot nop
  803  000018f4  304300ff	andi	r3,r2,#0x00ff
  804  000018f8  70640066	sleui	r4,r3,#102
  805  000018fc  14800034	bnez	r4,L6_LF2
  806  00001900  54000000	nop; delay slot nop
  807  00001904  08000004	j	L8_LF2
  808  00001908  54000000	nop; delay slot nop
  809  0000190c          	L8_LF2:
  810  0000190c  304300ff	andi	r3,r2,#0x00ff
  811  00001910  6c640040	sgtui	r4,r3,#64
  812  00001914  10800020	beqz	r4,L5_LF2
  813  00001918  54000000	nop; delay slot nop
  814  0000191c  304300ff	andi	r3,r2,#0x00ff
  815  00001920  70640041	sleui	r4,r3,#65
  816  00001924  1480000c	bnez	r4,L6_LF2
  817  00001928  54000000	nop; delay slot nop
  818  0000192c  08000008	j	L5_LF2
  819  00001930  54000000	nop; delay slot nop
  820  00001934          	L6_LF2:
  821  00001934  20010001	addi	r1,r0,#1
  822  00001938          	L5_LF2:
  823  00001938  08000004	j	L4_LF2
  824  0000193c  54000000	nop; delay slot nop
  825  00001940          	L4_LF2:
  826  00001940  8fa20000	lw	r2,0(r29)
  827  00001944  8fa30004	lw	r3,4(r29)
  828  00001948  8fa40008	lw	r4,8(r29)
  829  0000194c  8fdffff8	lw	r31,-8(r30)
  830  00001950  001ee820	add	r29,r0,r30
  831  00001954  8fdefffc	lw	r30,-4(r30)
  832  00001958  4be00000	jr	r31
  833  0000195c  54000000	nop
  834  00001960          	.endproc _isxdigit
  835  00001960          	.align 2
  836  00001960          	.proc _dstrcpy
  837  00001960          	.global _dstrcpy
  838  00001960          	_dstrcpy:
  839                      ;  Function 'dstrcpy'; 8 bytes of locals, 2 regs to save.
  840  00001960  afbefffc	sw	-4(r29),r30; push fp
  841  00001964  001df020	add	r30,r0,r29; fp = sp
  842  00001968  afbffff8	sw	-8(r29),r31; push ret addr
  843  0000196c  2fbd0018	subui	r29,r29,#24; alloc local storage
  844  00001970  afa20000	sw	0(r29),r2
  845  00001974  afa30004	sw	4(r29),r3
  846  00001978  8fc10000	lw	r1,(r30)
  847  0000197c  afc1fff4	sw	-12(r30),r1
  848  00001980          	L10_LF2:
  849  00001980  8fc10000	lw	r1,(r30)
  850  00001984  20220001	addi	r2,r1,#1
  851  00001988  afc20000	sw	(r30),r2
  852  0000198c  8fc20004	lw	r2,4(r30)
  853  00001990  20430001	addi	r3,r2,#1
  854  00001994  afc30004	sw	4(r30),r3
  855  00001998  80420000	lb	r2,(r2)
  856  0000199c  a0220000	sb	(r1),r2
  857  000019a0  a3c2fff3	sb	-13(r30),r2
  858  000019a4          	L12_LF2:
  859  000019a4  93c1fff3	lbu	r1,-13(r30)
  860  000019a8  64220000	snei	r2,r1,#0
  861  000019ac  1440000c	bnez	r2,L13_LF2
  862  000019b0  54000000	nop; delay slot nop
  863  000019b4  0800000c	j	L11_LF2
  864  000019b8  54000000	nop; delay slot nop
  865  000019bc          	L13_LF2:
  866  000019bc  0bffffc0	j	L10_LF2
  867  000019c0  54000000	nop; delay slot nop
  868  000019c4          	L11_LF2:
  869  000019c4  8fc1fff4	lw	r1,-12(r30)
  870  000019c8  08000004	j	L9_LF2
  871  000019cc  54000000	nop; delay slot nop
  872  000019d0          	L9_LF2:
  873  000019d0  8fa20000	lw	r2,0(r29)
  874  000019d4  8fa30004	lw	r3,4(r29)
  875  000019d8  8fdffff8	lw	r31,-8(r30)
  876  000019dc  001ee820	add	r29,r0,r30
  877  000019e0  8fdefffc	lw	r30,-4(r30)
  878  000019e4  4be00000	jr	r31
  879  000019e8  54000000	nop
  880  000019ec          	.endproc _dstrcpy
  881  000019ec          	.align 2
  882  000019ec          	.proc _dstrncpy
  883  000019ec          	.global _dstrncpy
  884  000019ec          	_dstrncpy:
  885                      ;  Function 'dstrncpy'; 8 bytes of locals, 2 regs to save.
  886  000019ec  afbefffc	sw	-4(r29),r30; push fp
  887  000019f0  001df020	add	r30,r0,r29; fp = sp
  888  000019f4  afbffff8	sw	-8(r29),r31; push ret addr
  889  000019f8  2fbd0018	subui	r29,r29,#24; alloc local storage
  890  000019fc  afa20000	sw	0(r29),r2
  891  00001a00  afa30004	sw	4(r29),r3
  892  00001a04  8fc10000	lw	r1,(r30)
  893  00001a08  afc1fff4	sw	-12(r30),r1
  894  00001a0c          	L15_LF2:
  895  00001a0c  8fc10008	lw	r1,8(r30)
  896  00001a10  2022ffff	addi	r2,r1,#-1
  897  00001a14  afc20008	sw	8(r30),r2
  898  00001a18  70210000	slei	r1,r1,#0
  899  00001a1c  1020000c	beqz	r1,L18_LF2
  900  00001a20  54000000	nop; delay slot nop
  901  00001a24  08000048	j	L16_LF2
  902  00001a28  54000000	nop; delay slot nop
  903  00001a2c          	L18_LF2:
  904  00001a2c  8fc10000	lw	r1,(r30)
  905  00001a30  20220001	addi	r2,r1,#1
  906  00001a34  afc20000	sw	(r30),r2
  907  00001a38  8fc20004	lw	r2,4(r30)
  908  00001a3c  20430001	addi	r3,r2,#1
  909  00001a40  afc30004	sw	4(r30),r3
  910  00001a44  80420000	lb	r2,(r2)
  911  00001a48  a0220000	sb	(r1),r2
  912  00001a4c  a3c2fff3	sb	-13(r30),r2
  913  00001a50          	L17_LF2:
  914  00001a50  93c1fff3	lbu	r1,-13(r30)
  915  00001a54  64220000	snei	r2,r1,#0
  916  00001a58  1440000c	bnez	r2,L19_LF2
  917  00001a5c  54000000	nop; delay slot nop
  918  00001a60  0800000c	j	L16_LF2
  919  00001a64  54000000	nop; delay slot nop
  920  00001a68          	L19_LF2:
  921  00001a68  0bffffa0	j	L15_LF2
  922  00001a6c  54000000	nop; delay slot nop
  923  00001a70          	L16_LF2:
  924  00001a70  8fc1fff4	lw	r1,-12(r30)
  925  00001a74  08000004	j	L14_LF2
  926  00001a78  54000000	nop; delay slot nop
  927  00001a7c          	L14_LF2:
  928  00001a7c  8fa20000	lw	r2,0(r29)
  929  00001a80  8fa30004	lw	r3,4(r29)
  930  00001a84  8fdffff8	lw	r31,-8(r30)
  931  00001a88  001ee820	add	r29,r0,r30
  932  00001a8c  8fdefffc	lw	r30,-4(r30)
  933  00001a90  4be00000	jr	r31
  934  00001a94  54000000	nop
  935  00001a98          	.endproc _dstrncpy
  936  00001a98          	.align 2
  937  00001a98          	.proc _dstrcat
  938  00001a98          	.global _dstrcat
  939  00001a98          	_dstrcat:
  940                      ;  Function 'dstrcat'; 8 bytes of locals, 1 regs to save.
  941  00001a98  afbefffc	sw	-4(r29),r30; push fp
  942  00001a9c  001df020	add	r30,r0,r29; fp = sp
  943  00001aa0  afbffff8	sw	-8(r29),r31; push ret addr
  944  00001aa4  2fbd0018	subui	r29,r29,#24; alloc local storage
  945  00001aa8  afa20000	sw	0(r29),r2
  946  00001aac  8fc10000	lw	r1,(r30)
  947  00001ab0  afc1fff4	sw	-12(r30),r1
  948  00001ab4          	L21_LF2:
  949  00001ab4  8fc10000	lw	r1,(r30)
  950  00001ab8  90220000	lbu	r2,(r1)
  951  00001abc  64410000	snei	r1,r2,#0
  952  00001ac0  1420000c	bnez	r1,L23_LF2
  953  00001ac4  54000000	nop; delay slot nop
  954  00001ac8  0800001c	j	L22_LF2
  955  00001acc  54000000	nop; delay slot nop
  956  00001ad0          	L23_LF2:
  957  00001ad0  8fc20000	lw	r2,(r30)
  958  00001ad4  20410001	addi	r1,r2,#1
  959  00001ad8  00011020	add	r2,r0,r1
  960  00001adc  afc20000	sw	(r30),r2
  961  00001ae0  0bffffd0	j	L21_LF2
  962  00001ae4  54000000	nop; delay slot nop
  963  00001ae8          	L22_LF2:
  964  00001ae8  23bdfff8	addi	r29,r29,#-8
  965  00001aec  001d0820	add	r1,r0,r29
  966  00001af0  8fc20000	lw	r2,(r30)
  967  00001af4  ac220000	sw	(r1),r2
  968  00001af8  8fc20004	lw	r2,4(r30)
  969  00001afc  ac220004	sw	4(r1),r2
  970  00001b00  0ffffe5c	jal	_dstrcpy
  971  00001b04  54000000	nop; delay slot nop
  972  00001b08  23bd0008	addi	r29,r29,#8
  973  00001b0c  8fc1fff4	lw	r1,-12(r30)
  974  00001b10  08000004	j	L20_LF2
  975  00001b14  54000000	nop; delay slot nop
  976  00001b18          	L20_LF2:
  977  00001b18  8fa20000	lw	r2,0(r29)
  978  00001b1c  8fdffff8	lw	r31,-8(r30)
  979  00001b20  001ee820	add	r29,r0,r30
  980  00001b24  8fdefffc	lw	r30,-4(r30)
  981  00001b28  4be00000	jr	r31
  982  00001b2c  54000000	nop
  983  00001b30          	.endproc _dstrcat
  984  00001b30          	.align 2
  985  00001b30          	.proc _dstrncmp
  986  00001b30          	.global _dstrncmp
  987  00001b30          	_dstrncmp:
  988                      ;  Function 'dstrncmp'; 8 bytes of locals, 2 regs to save.
  989  00001b30  afbefffc	sw	-4(r29),r30; push fp
  990  00001b34  001df020	add	r30,r0,r29; fp = sp
  991  00001b38  afbffff8	sw	-8(r29),r31; push ret addr
  992  00001b3c  2fbd0018	subui	r29,r29,#24; alloc local storage
  993  00001b40  afa20000	sw	0(r29),r2
  994  00001b44  afa30004	sw	4(r29),r3
  995  00001b48  54000000	nop
  996  00001b4c  20010000	addi	r1,r0,#0
  997  00001b50  afc1fff4	sw	-12(r30),r1
  998  00001b54          	L25_LF2:
  999  00001b54  8fc1fff4	lw	r1,-12(r30)
 1000  00001b58  8fc20008	lw	r2,8(r30)
 1001  00001b5c  0022082a	slt	r1,r1,r2
 1002  00001b60  1420000c	bnez	r1,L28_LF2
 1003  00001b64  54000000	nop; delay slot nop
 1004  00001b68  08000088	j	L26_LF2
 1005  00001b6c  54000000	nop; delay slot nop
 1006  00001b70          	L28_LF2:
 1007  00001b70  8fc10004	lw	r1,4(r30)
 1008  00001b74  90220000	lbu	r2,(r1)
 1009  00001b78  64410000	snei	r1,r2,#0
 1010  00001b7c  14200018	bnez	r1,L29_LF2
 1011  00001b80  54000000	nop; delay slot nop
 1012  00001b84  20010000	addi	r1,r0,#0
 1013  00001b88  080000d8	j	L24_LF2
 1014  00001b8c  54000000	nop; delay slot nop
 1015  00001b90  08000028	j	L30_LF2
 1016  00001b94  54000000	nop; delay slot nop
 1017  00001b98          	L29_LF2:
 1018  00001b98  8fc10000	lw	r1,(r30)
 1019  00001b9c  8fc20004	lw	r2,4(r30)
 1020  00001ba0  90210000	lbu	r1,(r1)
 1021  00001ba4  90420000	lbu	r2,(r2)
 1022  00001ba8  00220829	sne	r1,r1,r2
 1023  00001bac  1020000c	beqz	r1,L30_LF2
 1024  00001bb0  54000000	nop; delay slot nop
 1025  00001bb4  0800003c	j	L26_LF2
 1026  00001bb8  54000000	nop; delay slot nop
 1027  00001bbc          	L31_LF2:
 1028  00001bbc          	L30_LF2:
 1029  00001bbc  8fc20000	lw	r2,(r30)
 1030  00001bc0  20410001	addi	r1,r2,#1
 1031  00001bc4  00011020	add	r2,r0,r1
 1032  00001bc8  afc20000	sw	(r30),r2
 1033  00001bcc  8fc20004	lw	r2,4(r30)
 1034  00001bd0  20410001	addi	r1,r2,#1
 1035  00001bd4  00011020	add	r2,r0,r1
 1036  00001bd8  afc20004	sw	4(r30),r2
 1037  00001bdc          	L27_LF2:
 1038  00001bdc  8fc2fff4	lw	r2,-12(r30)
 1039  00001be0  20410001	addi	r1,r2,#1
 1040  00001be4  00011020	add	r2,r0,r1
 1041  00001be8  afc2fff4	sw	-12(r30),r2
 1042  00001bec  0bffff64	j	L25_LF2
 1043  00001bf0  54000000	nop; delay slot nop
 1044  00001bf4          	L26_LF2:
 1045  00001bf4  8fc1fff4	lw	r1,-12(r30)
 1046  00001bf8  8fc20008	lw	r2,8(r30)
 1047  00001bfc  00220828	seq	r1,r1,r2
 1048  00001c00  10200018	beqz	r1,L32_LF2
 1049  00001c04  54000000	nop; delay slot nop
 1050  00001c08  20010000	addi	r1,r0,#0
 1051  00001c0c  08000054	j	L24_LF2
 1052  00001c10  54000000	nop; delay slot nop
 1053  00001c14  0800004c	j	L33_LF2
 1054  00001c18  54000000	nop; delay slot nop
 1055  00001c1c          	L32_LF2:
 1056  00001c1c  8fc20000	lw	r2,(r30)
 1057  00001c20  90410000	lbu	r1,(r2)
 1058  00001c24  8fc20004	lw	r2,4(r30)
 1059  00001c28  90430000	lbu	r3,(r2)
 1060  00001c2c  00230822	sub	r1,r1,r3
 1061  00001c30  74220000	sgei	r2,r1,#0
 1062  00001c34  10400020	beqz	r2,L34_LF2
 1063  00001c38  54000000	nop; delay slot nop
 1064  00001c3c  8fc10000	lw	r1,(r30)
 1065  00001c40  8fc20004	lw	r2,4(r30)
 1066  00001c44  90210000	lbu	r1,(r1)
 1067  00001c48  90420000	lbu	r2,(r2)
 1068  00001c4c  00220829	sne	r1,r1,r2
 1069  00001c50  08000008	j	L35_LF2
 1070  00001c54  54000000	nop; delay slot nop
 1071  00001c58          	L34_LF2:
 1072  00001c58  2001ffff	addi	r1,r0,#-1
 1073  00001c5c          	L35_LF2:
 1074  00001c5c  08000004	j	L24_LF2
 1075  00001c60  54000000	nop; delay slot nop
 1076  00001c64          	L33_LF2:
 1077  00001c64          	L24_LF2:
 1078  00001c64  8fa20000	lw	r2,0(r29)
 1079  00001c68  8fa30004	lw	r3,4(r29)
 1080  00001c6c  8fdffff8	lw	r31,-8(r30)
 1081  00001c70  001ee820	add	r29,r0,r30
 1082  00001c74  8fdefffc	lw	r30,-4(r30)
 1083  00001c78  4be00000	jr	r31
 1084  00001c7c  54000000	nop
 1085  00001c80          	.endproc _dstrncmp
 1086  00001c80          	.align 2
 1087  00001c80          	.proc _dstrlen
 1088  00001c80          	.global _dstrlen
 1089  00001c80          	_dstrlen:
 1090                      ;  Function 'dstrlen'; 8 bytes of locals, 1 regs to save.
 1091  00001c80  afbefffc	sw	-4(r29),r30; push fp
 1092  00001c84  001df020	add	r30,r0,r29; fp = sp
 1093  00001c88  afbffff8	sw	-8(r29),r31; push ret addr
 1094  00001c8c  2fbd0018	subui	r29,r29,#24; alloc local storage
 1095  00001c90  afa20000	sw	0(r29),r2
 1096  00001c94  20010000	addi	r1,r0,#0
 1097  00001c98  afc1fff4	sw	-12(r30),r1
 1098  00001c9c          	L37_LF2:
 1099  00001c9c  8fc10000	lw	r1,(r30)
 1100  00001ca0  20220001	addi	r2,r1,#1
 1101  00001ca4  afc20000	sw	(r30),r2
 1102  00001ca8  90210000	lbu	r1,(r1)
 1103  00001cac  64220000	snei	r2,r1,#0
 1104  00001cb0  1440000c	bnez	r2,L39_LF2
 1105  00001cb4  54000000	nop; delay slot nop
 1106  00001cb8  0800001c	j	L38_LF2
 1107  00001cbc  54000000	nop; delay slot nop
 1108  00001cc0          	L39_LF2:
 1109  00001cc0  8fc2fff4	lw	r2,-12(r30)
 1110  00001cc4  20410001	addi	r1,r2,#1
 1111  00001cc8  00011020	add	r2,r0,r1
 1112  00001ccc  afc2fff4	sw	-12(r30),r2
 1113  00001cd0  0bffffc8	j	L37_LF2
 1114  00001cd4  54000000	nop; delay slot nop
 1115  00001cd8          	L38_LF2:
 1116  00001cd8  8fc1fff4	lw	r1,-12(r30)
 1117  00001cdc  08000004	j	L36_LF2
 1118  00001ce0  54000000	nop; delay slot nop
 1119  00001ce4          	L36_LF2:
 1120  00001ce4  8fa20000	lw	r2,0(r29)
 1121  00001ce8  8fdffff8	lw	r31,-8(r30)
 1122  00001cec  001ee820	add	r29,r0,r30
 1123  00001cf0  8fdefffc	lw	r30,-4(r30)
 1124  00001cf4  4be00000	jr	r31
 1125  00001cf8  54000000	nop
 1126  00001cfc          	.endproc _dstrlen
 1127  00001cfc          	.align 2
 1128  00001cfc          	.proc _dstrstr
 1129  00001cfc          	.global _dstrstr
 1130  00001cfc          	_dstrstr:
 1131                      ;  Function 'dstrstr'; 8 bytes of locals, 1 regs to save.
 1132  00001cfc  afbefffc	sw	-4(r29),r30; push fp
 1133  00001d00  001df020	add	r30,r0,r29; fp = sp
 1134  00001d04  afbffff8	sw	-8(r29),r31; push ret addr
 1135  00001d08  2fbd0018	subui	r29,r29,#24; alloc local storage
 1136  00001d0c  afa20000	sw	0(r29),r2
 1137  00001d10  23bdfff8	addi	r29,r29,#-8
 1138  00001d14  001d0820	add	r1,r0,r29
 1139  00001d18  8fc20004	lw	r2,4(r30)
 1140  00001d1c  ac220000	sw	(r1),r2
 1141  00001d20  0fffff5c	jal	_dstrlen
 1142  00001d24  54000000	nop; delay slot nop
 1143  00001d28  23bd0008	addi	r29,r29,#8
 1144  00001d2c  afc1fff4	sw	-12(r30),r1
 1145  00001d30          	L41_LF2:
 1146  00001d30  8fc10000	lw	r1,(r30)
 1147  00001d34  90220000	lbu	r2,(r1)
 1148  00001d38  64410000	snei	r1,r2,#0
 1149  00001d3c  1420000c	bnez	r1,L43_LF2
 1150  00001d40  54000000	nop; delay slot nop
 1151  00001d44  08000060	j	L42_LF2
 1152  00001d48  54000000	nop; delay slot nop
 1153  00001d4c          	L43_LF2:
 1154  00001d4c  23bdfff0	addi	r29,r29,#-16
 1155  00001d50  001d0820	add	r1,r0,r29
 1156  00001d54  8fc20000	lw	r2,(r30)
 1157  00001d58  ac220000	sw	(r1),r2
 1158  00001d5c  8fc20004	lw	r2,4(r30)
 1159  00001d60  ac220004	sw	4(r1),r2
 1160  00001d64  8fc2fff4	lw	r2,-12(r30)
 1161  00001d68  ac220008	sw	8(r1),r2
 1162  00001d6c  0ffffdc0	jal	_dstrncmp
 1163  00001d70  54000000	nop; delay slot nop
 1164  00001d74  23bd0010	addi	r29,r29,#16
 1165  00001d78  64220000	snei	r2,r1,#0
 1166  00001d7c  14400010	bnez	r2,L44_LF2
 1167  00001d80  54000000	nop; delay slot nop
 1168  00001d84  8fc10000	lw	r1,(r30)
 1169  00001d88  08000028	j	L40_LF2
 1170  00001d8c  54000000	nop; delay slot nop
 1171  00001d90          	L44_LF2:
 1172  00001d90  8fc20000	lw	r2,(r30)
 1173  00001d94  20410001	addi	r1,r2,#1
 1174  00001d98  00011020	add	r2,r0,r1
 1175  00001d9c  afc20000	sw	(r30),r2
 1176  00001da0  0bffff8c	j	L41_LF2
 1177  00001da4  54000000	nop; delay slot nop
 1178  00001da8          	L42_LF2:
 1179  00001da8  20010000	addi	r1,r0,#0
 1180  00001dac  08000004	j	L40_LF2
 1181  00001db0  54000000	nop; delay slot nop
 1182  00001db4          	L40_LF2:
 1183  00001db4  8fa20000	lw	r2,0(r29)
 1184  00001db8  8fdffff8	lw	r31,-8(r30)
 1185  00001dbc  001ee820	add	r29,r0,r30
 1186  00001dc0  8fdefffc	lw	r30,-4(r30)
 1187  00001dc4  4be00000	jr	r31
 1188  00001dc8  54000000	nop
 1189  00001dcc          	.endproc _dstrstr
 1190  00001dcc          	.align 2
 1191  00001dcc          	.proc _dmindex
 1192  00001dcc          	.global _dmindex
 1193  00001dcc          	_dmindex:
 1194                      ;  Function 'dmindex'; 8 bytes of locals, 1 regs to save.
 1195  00001dcc  afbefffc	sw	-4(r29),r30; push fp
 1196  00001dd0  001df020	add	r30,r0,r29; fp = sp
 1197  00001dd4  afbffff8	sw	-8(r29),r31; push ret addr
 1198  00001dd8  2fbd0018	subui	r29,r29,#24; alloc local storage
 1199  00001ddc  afa20000	sw	0(r29),r2
 1200  00001de0  54000000	nop
 1201  00001de4          	L46_LF2:
 1202  00001de4  8fc10000	lw	r1,(r30)
 1203  00001de8  90220000	lbu	r2,(r1)
 1204  00001dec  64410000	snei	r1,r2,#0
 1205  00001df0  1420000c	bnez	r1,L48_LF2
 1206  00001df4  54000000	nop; delay slot nop
 1207  00001df8  08000070	j	L47_LF2
 1208  00001dfc  54000000	nop; delay slot nop
 1209  00001e00          	L48_LF2:
 1210  00001e00  8fc10004	lw	r1,4(r30)
 1211  00001e04  afc1fff4	sw	-12(r30),r1
 1212  00001e08          	L49_LF2:
 1213  00001e08  8fc1fff4	lw	r1,-12(r30)
 1214  00001e0c  90220000	lbu	r2,(r1)
 1215  00001e10  64410000	snei	r1,r2,#0
 1216  00001e14  1420000c	bnez	r1,L52_LF2
 1217  00001e18  54000000	nop; delay slot nop
 1218  00001e1c  08000044	j	L50_LF2
 1219  00001e20  54000000	nop; delay slot nop
 1220  00001e24          	L52_LF2:
 1221  00001e24  8fc10000	lw	r1,(r30)
 1222  00001e28  8fc2fff4	lw	r2,-12(r30)
 1223  00001e2c  90210000	lbu	r1,(r1)
 1224  00001e30  90420000	lbu	r2,(r2)
 1225  00001e34  00220828	seq	r1,r1,r2
 1226  00001e38  10200010	beqz	r1,L51_LF2
 1227  00001e3c  54000000	nop; delay slot nop
 1228  00001e40  8fc10000	lw	r1,(r30)
 1229  00001e44  08000030	j	L45_LF2
 1230  00001e48  54000000	nop; delay slot nop
 1231  00001e4c          	L53_LF2:
 1232  00001e4c          	L51_LF2:
 1233  00001e4c  8fc2fff4	lw	r2,-12(r30)
 1234  00001e50  20410001	addi	r1,r2,#1
 1235  00001e54  00011020	add	r2,r0,r1
 1236  00001e58  afc2fff4	sw	-12(r30),r2
 1237  00001e5c  0bffffa8	j	L49_LF2
 1238  00001e60  54000000	nop; delay slot nop
 1239  00001e64          	L50_LF2:
 1240  00001e64  0bffff7c	j	L46_LF2
 1241  00001e68  54000000	nop; delay slot nop
 1242  00001e6c          	L47_LF2:
 1243  00001e6c  20010000	addi	r1,r0,#0
 1244  00001e70  08000004	j	L45_LF2
 1245  00001e74  54000000	nop; delay slot nop
 1246  00001e78          	L45_LF2:
 1247  00001e78  8fa20000	lw	r2,0(r29)
 1248  00001e7c  8fdffff8	lw	r31,-8(r30)
 1249  00001e80  001ee820	add	r29,r0,r30
 1250  00001e84  8fdefffc	lw	r30,-4(r30)
 1251  00001e88  4be00000	jr	r31
 1252  00001e8c  54000000	nop
 1253  00001e90          	.endproc _dmindex
 1254  00001e90          	.align 2
 1255  00001e90          	.proc _dindex
 1256  00001e90          	.global _dindex
 1257  00001e90          	_dindex:
 1258                      ;  Function 'dindex'; 0 bytes of locals, 1 regs to save.
 1259  00001e90  afbefffc	sw	-4(r29),r30; push fp
 1260  00001e94  001df020	add	r30,r0,r29; fp = sp
 1261  00001e98  afbffff8	sw	-8(r29),r31; push ret addr
 1262  00001e9c  2fbd0010	subui	r29,r29,#16; alloc local storage
 1263  00001ea0  afa20000	sw	0(r29),r2
 1264  00001ea4  54000000	nop
 1265  00001ea8          	L55_LF2:
 1266  00001ea8  8fc10000	lw	r1,(r30)
 1267  00001eac  90220000	lbu	r2,(r1)
 1268  00001eb0  64410000	snei	r1,r2,#0
 1269  00001eb4  1420000c	bnez	r1,L57_LF2
 1270  00001eb8  54000000	nop; delay slot nop
 1271  00001ebc  08000040	j	L56_LF2
 1272  00001ec0  54000000	nop; delay slot nop
 1273  00001ec4          	L57_LF2:
 1274  00001ec4  8fc10000	lw	r1,(r30)
 1275  00001ec8  90220000	lbu	r2,(r1)
 1276  00001ecc  8fc10004	lw	r1,4(r30)
 1277  00001ed0  00411028	seq	r2,r2,r1
 1278  00001ed4  10400010	beqz	r2,L58_LF2
 1279  00001ed8  54000000	nop; delay slot nop
 1280  00001edc  8fc10000	lw	r1,(r30)
 1281  00001ee0  08000028	j	L54_LF2
 1282  00001ee4  54000000	nop; delay slot nop
 1283  00001ee8          	L58_LF2:
 1284  00001ee8  8fc20000	lw	r2,(r30)
 1285  00001eec  20410001	addi	r1,r2,#1
 1286  00001ef0  00011020	add	r2,r0,r1
 1287  00001ef4  afc20000	sw	(r30),r2
 1288  00001ef8  0bffffac	j	L55_LF2
 1289  00001efc  54000000	nop; delay slot nop
 1290  00001f00          	L56_LF2:
 1291  00001f00  20010000	addi	r1,r0,#0
 1292  00001f04  08000004	j	L54_LF2
 1293  00001f08  54000000	nop; delay slot nop
 1294  00001f0c          	L54_LF2:
 1295  00001f0c  8fa20000	lw	r2,0(r29)
 1296  00001f10  8fdffff8	lw	r31,-8(r30)
 1297  00001f14  001ee820	add	r29,r0,r30
 1298  00001f18  8fdefffc	lw	r30,-4(r30)
 1299  00001f1c  4be00000	jr	r31
 1300  00001f20  54000000	nop
 1301  00001f24          	.endproc _dindex
 1302  00001f24          	.align 2
 1303  00001f24          	.proc _ditoa
 1304  00001f24          	.global _ditoa
 1305  00001f24          	_ditoa:
 1306                      ;  Function 'ditoa'; 8 bytes of locals, 2 regs to save.
 1307  00001f24  afbefffc	sw	-4(r29),r30; push fp
 1308  00001f28  001df020	add	r30,r0,r29; fp = sp
 1309  00001f2c  afbffff8	sw	-8(r29),r31; push ret addr
 1310  00001f30  2fbd0018	subui	r29,r29,#24; alloc local storage
 1311  00001f34  afa20000	sw	0(r29),r2
 1312  00001f38  afa30004	sw	4(r29),r3
 1313  00001f3c  8fc10000	lw	r1,(r30)
 1314  00001f40  68220000	slti	r2,r1,#0
 1315  00001f44  1040002c	beqz	r2,L60_LF2
 1316  00001f48  54000000	nop; delay slot nop
 1317  00001f4c  8fc10004	lw	r1,4(r30)
 1318  00001f50  20220001	addi	r2,r1,#1
 1319  00001f54  afc20004	sw	4(r30),r2
 1320  00001f58  2002002d	addi	r2,r0,(#0x2d)&0xff
 1321  00001f5c  a0220000	sb	(r1),r2
 1322  00001f60  8fc10000	lw	r1,(r30)
 1323  00001f64  00011022	sub	r2,r0,r1
 1324  00001f68  afc20000	sw	(r30),r2
 1325  00001f6c  08000118	j	L61_LF2
 1326  00001f70  54000000	nop; delay slot nop
 1327  00001f74          	L60_LF2:
 1328  00001f74  8fc10000	lw	r1,(r30)
 1329  00001f78  64220000	snei	r2,r1,#0
 1330  00001f7c  14400020	bnez	r2,L62_LF2
 1331  00001f80  54000000	nop; delay slot nop
 1332  00001f84  8fc10004	lw	r1,4(r30)
 1333  00001f88  20220001	addi	r2,r1,#1
 1334  00001f8c  afc20004	sw	4(r30),r2
 1335  00001f90  20020030	addi	r2,r0,(#0x30)&0xff
 1336  00001f94  a0220000	sb	(r1),r2
 1337  00001f98  080000ec	j	L61_LF2
 1338  00001f9c  54000000	nop; delay slot nop
 1339  00001fa0          	L62_LF2:
 1340  00001fa0  20010001	addi	r1,r0,#1
 1341  00001fa4  afc1fff4	sw	-12(r30),r1
 1342  00001fa8          	L64_LF2:
 1343  00001fa8  8fc1fff4	lw	r1,-12(r30)
 1344  00001fac  8fc20000	lw	r2,(r30)
 1345  00001fb0  0022082c	sle	r1,r1,r2
 1346  00001fb4  1420000c	bnez	r1,L66_LF2
 1347  00001fb8  54000000	nop; delay slot nop
 1348  00001fbc  08000024	j	L65_LF2
 1349  00001fc0  54000000	nop; delay slot nop
 1350  00001fc4          	L67_LF2:
 1351  00001fc4          	L66_LF2:
 1352  00001fc4  8fc1fff4	lw	r1,-12(r30)
 1353  00001fc8  00011820	add	r3,r0,r1
 1354  00001fcc  50620002	slli	r2,r3,#0x2
 1355  00001fd0  00411020	add	r2,r2,r1
 1356  00001fd4  50410001	slli	r1,r2,#0x1
 1357  00001fd8  afc1fff4	sw	-12(r30),r1
 1358  00001fdc  0bffffc8	j	L64_LF2
 1359  00001fe0  54000000	nop; delay slot nop
 1360  00001fe4          	L65_LF2:
 1361  00001fe4  54000000	nop
 1362  00001fe8          	L68_LF2:
 1363  00001fe8  8fc1fff4	lw	r1,-12(r30)
 1364  00001fec  2002000a	addi	r2,r0,#10
 1365  00001ff0  00200035	movi2fp	f0,r1
 1366  00001ff4  00400835	movi2fp	f1,r2
 1367  00001ff8  0401000f	div	f0,f0,f1
 1368  00001ffc  00000834	movfp2i	r1,f0
 1369  00002000  afc1fff4	sw	-12(r30),r1
 1370  00002004  8fc10004	lw	r1,4(r30)
 1371  00002008  20220001	addi	r2,r1,#1
 1372  0000200c  afc20004	sw	4(r30),r2
 1373  00002010  8fc20000	lw	r2,(r30)
 1374  00002014  8fc3fff4	lw	r3,-12(r30)
 1375  00002018  00400035	movi2fp	f0,r2
 1376  0000201c  00600835	movi2fp	f1,r3
 1377  00002020  0401000f	div	f0,f0,f1
 1378  00002024  00001034	movfp2i	r2,f0
 1379  00002028  00021820	add	r3,r0,r2
 1380  0000202c  20620030	addi	r2,r3,#48
 1381  00002030  a0220000	sb	(r1),r2
 1382  00002034  8fc10000	lw	r1,(r30)
 1383  00002038  8fc3fff4	lw	r3,-12(r30)
 1384  0000203c  00200035	movi2fp	f0,r1
 1385  00002040  00600835	movi2fp	f1,r3
 1386  00002044  0401000f	div	f0,f0,f1
 1387  00002048  00001034	movfp2i	r2,f0
 1388  0000204c  8fc3fff4	lw	r3,-12(r30)
 1389  00002050  00400035	movi2fp	f0,r2
 1390  00002054  00600835	movi2fp	f1,r3
 1391  00002058  0401000e	mult	f0,f0,f1
 1392  0000205c  00001034	movfp2i	r2,f0
 1393  00002060  00220822	sub	r1,r1,r2
 1394  00002064  afc10000	sw	(r30),r1
 1395  00002068          	L70_LF2:
 1396  00002068  8fc1fff4	lw	r1,-12(r30)
 1397  0000206c  6c220001	sgti	r2,r1,#1
 1398  00002070  1440000c	bnez	r2,L71_LF2
 1399  00002074  54000000	nop; delay slot nop
 1400  00002078  0800000c	j	L61_LF2
 1401  0000207c  54000000	nop; delay slot nop
 1402  00002080          	L71_LF2:
 1403  00002080  0bffff64	j	L68_LF2
 1404  00002084  54000000	nop; delay slot nop
 1405  00002088          	L69_LF2:
 1406  00002088          	L63_LF2:
 1407  00002088          	L61_LF2:
 1408  00002088  8fc10004	lw	r1,4(r30)
 1409  0000208c  20020000	addi	r2,r0,(#0x0)&0xff
 1410  00002090  a0220000	sb	(r1),r2
 1411  00002094          	L59_LF2:
 1412  00002094  8fa20000	lw	r2,0(r29)
 1413  00002098  8fa30004	lw	r3,4(r29)
 1414  0000209c  8fdffff8	lw	r31,-8(r30)
 1415  000020a0  001ee820	add	r29,r0,r30
 1416  000020a4  8fdefffc	lw	r30,-4(r30)
 1417  000020a8  4be00000	jr	r31
 1418  000020ac  54000000	nop
 1419  000020b0          	.endproc _ditoa
 1420  000020b0          	.align 2
 1421  000020b0          	.proc _dstrtol
 1422  000020b0          	.global _dstrtol
 1423  000020b0          	_dstrtol:
 1424                      ;  Function 'dstrtol'; 16 bytes of locals, 1 regs to save.
 1425  000020b0  afbefffc	sw	-4(r29),r30; push fp
 1426  000020b4  001df020	add	r30,r0,r29; fp = sp
 1427  000020b8  afbffff8	sw	-8(r29),r31; push ret addr
 1428  000020bc  2fbd0020	subui	r29,r29,#32; alloc local storage
 1429  000020c0  afa20000	sw	0(r29),r2
 1430  000020c4  20010000	addi	r1,r0,#0
 1431  000020c8  afc1fff4	sw	-12(r30),r1
 1432  000020cc          	L73_LF2:
 1433  000020cc  8fc10000	lw	r1,(r30)
 1434  000020d0  90220000	lbu	r2,(r1)
 1435  000020d4  60410020	seqi	r1,r2,#32
 1436  000020d8  14200034	bnez	r1,L75_LF2
 1437  000020dc  54000000	nop; delay slot nop
 1438  000020e0  8fc10000	lw	r1,(r30)
 1439  000020e4  90220000	lbu	r2,(r1)
 1440  000020e8  60410009	seqi	r1,r2,#9
 1441  000020ec  14200020	bnez	r1,L75_LF2
 1442  000020f0  54000000	nop; delay slot nop
 1443  000020f4  8fc10000	lw	r1,(r30)
 1444  000020f8  90220000	lbu	r2,(r1)
 1445  000020fc  6041000a	seqi	r1,r2,#10
 1446  00002100  1420000c	bnez	r1,L75_LF2
 1447  00002104  54000000	nop; delay slot nop
 1448  00002108  0800001c	j	L74_LF2
 1449  0000210c  54000000	nop; delay slot nop
 1450  00002110          	L75_LF2:
 1451  00002110  8fc20000	lw	r2,(r30)
 1452  00002114  20410001	addi	r1,r2,#1
 1453  00002118  00011020	add	r2,r0,r1
 1454  0000211c  afc20000	sw	(r30),r2
 1455  00002120  0bffffa8	j	L73_LF2
 1456  00002124  54000000	nop; delay slot nop
 1457  00002128          	L74_LF2:
 1458  00002128  8fc10004	lw	r1,4(r30)
 1459  0000212c  64220000	snei	r2,r1,#0
 1460  00002130  10400010	beqz	r2,L76_LF2
 1461  00002134  54000000	nop; delay slot nop
 1462  00002138  8fc10004	lw	r1,4(r30)
 1463  0000213c  8fc20000	lw	r2,(r30)
 1464  00002140  ac220000	sw	(r1),r2
 1465  00002144          	L76_LF2:
 1466  00002144  8fc10000	lw	r1,(r30)
 1467  00002148  90220000	lbu	r2,(r1)
 1468  0000214c  64410000	snei	r1,r2,#0
 1469  00002150  14200010	bnez	r1,L77_LF2
 1470  00002154  54000000	nop; delay slot nop
 1471  00002158  8fc1fff4	lw	r1,-12(r30)
 1472  0000215c  08000294	j	L72_LF2
 1473  00002160  54000000	nop; delay slot nop
 1474  00002164          	L77_LF2:
 1475  00002164  8fc10000	lw	r1,(r30)
 1476  00002168  90220000	lbu	r2,(r1)
 1477  0000216c  6041002d	seqi	r1,r2,#45
 1478  00002170  10200024	beqz	r1,L78_LF2
 1479  00002174  54000000	nop; delay slot nop
 1480  00002178  2001ffff	addi	r1,r0,#-1
 1481  0000217c  afc1ffec	sw	-20(r30),r1
 1482  00002180  8fc20000	lw	r2,(r30)
 1483  00002184  20410001	addi	r1,r2,#1
 1484  00002188  00011020	add	r2,r0,r1
 1485  0000218c  afc20000	sw	(r30),r2
 1486  00002190  0800000c	j	L79_LF2
 1487  00002194  54000000	nop; delay slot nop
 1488  00002198          	L78_LF2:
 1489  00002198  20010001	addi	r1,r0,#1
 1490  0000219c  afc1ffec	sw	-20(r30),r1
 1491  000021a0          	L79_LF2:
 1492  000021a0  8fc10008	lw	r1,8(r30)
 1493  000021a4  64220000	snei	r2,r1,#0
 1494  000021a8  14400090	bnez	r2,L80_LF2
 1495  000021ac  54000000	nop; delay slot nop
 1496  000021b0  8fc10000	lw	r1,(r30)
 1497  000021b4  90220000	lbu	r2,(r1)
 1498  000021b8  60410030	seqi	r1,r2,#48
 1499  000021bc  10200074	beqz	r1,L81_LF2
 1500  000021c0  54000000	nop; delay slot nop
 1501  000021c4  8fc20000	lw	r2,(r30)
 1502  000021c8  20410001	addi	r1,r2,#1
 1503  000021cc  00011020	add	r2,r0,r1
 1504  000021d0  afc20000	sw	(r30),r2
 1505  000021d4  8fc10000	lw	r1,(r30)
 1506  000021d8  90220000	lbu	r2,(r1)
 1507  000021dc  60410078	seqi	r1,r2,#120
 1508  000021e0  14200020	bnez	r1,L83_LF2
 1509  000021e4  54000000	nop; delay slot nop
 1510  000021e8  8fc10000	lw	r1,(r30)
 1511  000021ec  90220000	lbu	r2,(r1)
 1512  000021f0  60410058	seqi	r1,r2,#88
 1513  000021f4  1420000c	bnez	r1,L83_LF2
 1514  000021f8  54000000	nop; delay slot nop
 1515  000021fc  08000024	j	L82_LF2
 1516  00002200  54000000	nop; delay slot nop
 1517  00002204          	L83_LF2:
 1518  00002204  20010010	addi	r1,r0,#16
 1519  00002208  afc10008	sw	8(r30),r1
 1520  0000220c  8fc20000	lw	r2,(r30)
 1521  00002210  20410001	addi	r1,r2,#1
 1522  00002214  00011020	add	r2,r0,r1
 1523  00002218  afc20000	sw	(r30),r2
 1524  0000221c  0800000c	j	L84_LF2
 1525  00002220  54000000	nop; delay slot nop
 1526  00002224          	L82_LF2:
 1527  00002224  20010008	addi	r1,r0,#8
 1528  00002228  afc10008	sw	8(r30),r1
 1529  0000222c          	L84_LF2:
 1530  0000222c  0800000c	j	L80_LF2
 1531  00002230  54000000	nop; delay slot nop
 1532  00002234          	L81_LF2:
 1533  00002234  2001000a	addi	r1,r0,#10
 1534  00002238  afc10008	sw	8(r30),r1
 1535  0000223c          	L85_LF2:
 1536  0000223c          	L80_LF2:
 1537  0000223c  8fc10008	lw	r1,8(r30)
 1538  00002240  70220000	slei	r2,r1,#0
 1539  00002244  1440001c	bnez	r2,L87_LF2
 1540  00002248  54000000	nop; delay slot nop
 1541  0000224c  8fc10008	lw	r1,8(r30)
 1542  00002250  6c220010	sgti	r2,r1,#16
 1543  00002254  1440000c	bnez	r2,L87_LF2
 1544  00002258  54000000	nop; delay slot nop
 1545  0000225c  08000010	j	L86_LF2
 1546  00002260  54000000	nop; delay slot nop
 1547  00002264          	L87_LF2:
 1548  00002264  8fc1fff4	lw	r1,-12(r30)
 1549  00002268  08000188	j	L72_LF2
 1550  0000226c  54000000	nop; delay slot nop
 1551  00002270          	L86_LF2:
 1552  00002270  54000000	nop
 1553  00002274          	L88_LF2:
 1554  00002274  8fc10000	lw	r1,(r30)
 1555  00002278  90220000	lbu	r2,(r1)
 1556  0000227c  6c41002f	sgtui	r1,r2,#47
 1557  00002280  10200030	beqz	r1,L91_LF2
 1558  00002284  54000000	nop; delay slot nop
 1559  00002288  8fc10000	lw	r1,(r30)
 1560  0000228c  90220000	lbu	r2,(r1)
 1561  00002290  70410039	sleui	r1,r2,#57
 1562  00002294  1020001c	beqz	r1,L91_LF2
 1563  00002298  54000000	nop; delay slot nop
 1564  0000229c  8fc10000	lw	r1,(r30)
 1565  000022a0  90220000	lbu	r2,(r1)
 1566  000022a4  2041ffd0	addi	r1,r2,#-48
 1567  000022a8  afc1fff0	sw	-16(r30),r1
 1568  000022ac  0800008c	j	L92_LF2
 1569  000022b0  54000000	nop; delay slot nop
 1570  000022b4          	L91_LF2:
 1571  000022b4  8fc10000	lw	r1,(r30)
 1572  000022b8  90220000	lbu	r2,(r1)
 1573  000022bc  6c410060	sgtui	r1,r2,#96
 1574  000022c0  10200030	beqz	r1,L93_LF2
 1575  000022c4  54000000	nop; delay slot nop
 1576  000022c8  8fc10000	lw	r1,(r30)
 1577  000022cc  90220000	lbu	r2,(r1)
 1578  000022d0  7041007a	sleui	r1,r2,#122
 1579  000022d4  1020001c	beqz	r1,L93_LF2
 1580  000022d8  54000000	nop; delay slot nop
 1581  000022dc  8fc10000	lw	r1,(r30)
 1582  000022e0  90220000	lbu	r2,(r1)
 1583  000022e4  2041ffa9	addi	r1,r2,#-87
 1584  000022e8  afc1fff0	sw	-16(r30),r1
 1585  000022ec  0800004c	j	L92_LF2
 1586  000022f0  54000000	nop; delay slot nop
 1587  000022f4          	L93_LF2:
 1588  000022f4  8fc10000	lw	r1,(r30)
 1589  000022f8  90220000	lbu	r2,(r1)
 1590  000022fc  6c410040	sgtui	r1,r2,#64
 1591  00002300  10200030	beqz	r1,L95_LF2
 1592  00002304  54000000	nop; delay slot nop
 1593  00002308  8fc10000	lw	r1,(r30)
 1594  0000230c  90220000	lbu	r2,(r1)
 1595  00002310  7041005a	sleui	r1,r2,#90
 1596  00002314  1020001c	beqz	r1,L95_LF2
 1597  00002318  54000000	nop; delay slot nop
 1598  0000231c  8fc10000	lw	r1,(r30)
 1599  00002320  90220000	lbu	r2,(r1)
 1600  00002324  2041ffc9	addi	r1,r2,#-55
 1601  00002328  afc1fff0	sw	-16(r30),r1
 1602  0000232c  0800000c	j	L92_LF2
 1603  00002330  54000000	nop; delay slot nop
 1604  00002334          	L95_LF2:
 1605  00002334  200103e8	addi	r1,r0,#1000
 1606  00002338  afc1fff0	sw	-16(r30),r1
 1607  0000233c          	L96_LF2:
 1608  0000233c          	L94_LF2:
 1609  0000233c          	L92_LF2:
 1610  0000233c  8fc1fff0	lw	r1,-16(r30)
 1611  00002340  8fc20008	lw	r2,8(r30)
 1612  00002344  0022082a	slt	r1,r1,r2
 1613  00002348  10200040	beqz	r1,L90_LF2
 1614  0000234c  54000000	nop; delay slot nop
 1615  00002350  8fc1fff4	lw	r1,-12(r30)
 1616  00002354  8fc20008	lw	r2,8(r30)
 1617  00002358  00200035	movi2fp	f0,r1
 1618  0000235c  00400835	movi2fp	f1,r2
 1619  00002360  0401000e	mult	f0,f0,f1
 1620  00002364  00000834	movfp2i	r1,f0
 1621  00002368  afc1fff4	sw	-12(r30),r1
 1622  0000236c  8fc1fff4	lw	r1,-12(r30)
 1623  00002370  8fc2fff0	lw	r2,-16(r30)
 1624  00002374  00220820	add	r1,r1,r2
 1625  00002378  afc1fff4	sw	-12(r30),r1
 1626  0000237c  8fc20000	lw	r2,(r30)
 1627  00002380  20410001	addi	r1,r2,#1
 1628  00002384  00011020	add	r2,r0,r1
 1629  00002388  afc20000	sw	(r30),r2
 1630  0000238c          	L97_LF2:
 1631  0000238c          	L90_LF2:
 1632  0000238c  8fc1fff0	lw	r1,-16(r30)
 1633  00002390  8fc20008	lw	r2,8(r30)
 1634  00002394  0022082a	slt	r1,r1,r2
 1635  00002398  1420000c	bnez	r1,L98_LF2
 1636  0000239c  54000000	nop; delay slot nop
 1637  000023a0  0800000c	j	L89_LF2
 1638  000023a4  54000000	nop; delay slot nop
 1639  000023a8          	L98_LF2:
 1640  000023a8  0bfffec8	j	L88_LF2
 1641  000023ac  54000000	nop; delay slot nop
 1642  000023b0          	L89_LF2:
 1643  000023b0  8fc10004	lw	r1,4(r30)
 1644  000023b4  64220000	snei	r2,r1,#0
 1645  000023b8  10400010	beqz	r2,L99_LF2
 1646  000023bc  54000000	nop; delay slot nop
 1647  000023c0  8fc10004	lw	r1,4(r30)
 1648  000023c4  8fc20000	lw	r2,(r30)
 1649  000023c8  ac220000	sw	(r1),r2
 1650  000023cc          	L99_LF2:
 1651  000023cc  8fc1fff4	lw	r1,-12(r30)
 1652  000023d0  8fc2ffec	lw	r2,-20(r30)
 1653  000023d4  00200035	movi2fp	f0,r1
 1654  000023d8  00400835	movi2fp	f1,r2
 1655  000023dc  0401000e	mult	f0,f0,f1
 1656  000023e0  00000834	movfp2i	r1,f0
 1657  000023e4  afc1fff4	sw	-12(r30),r1
 1658  000023e8  8fc1fff4	lw	r1,-12(r30)
 1659  000023ec  08000004	j	L72_LF2
 1660  000023f0  54000000	nop; delay slot nop
 1661  000023f4          	L72_LF2:
 1662  000023f4  8fa20000	lw	r2,0(r29)
 1663  000023f8  8fdffff8	lw	r31,-8(r30)
 1664  000023fc  001ee820	add	r29,r0,r30
 1665  00002400  8fdefffc	lw	r30,-4(r30)
 1666  00002404  4be00000	jr	r31
 1667  00002408  54000000	nop
 1668  0000240c          	.endproc _dstrtol
 1669  0000240c          	.align 2
 1670  0000240c          	.proc _bcopy
 1671  0000240c          	.global _bcopy
 1672  0000240c          	_bcopy:
 1673                      ;  Function 'bcopy'; 0 bytes of locals, 2 regs to save.
 1674  0000240c  afbefffc	sw	-4(r29),r30; push fp
 1675  00002410  001df020	add	r30,r0,r29; fp = sp
 1676  00002414  afbffff8	sw	-8(r29),r31; push ret addr
 1677  00002418  2fbd0010	subui	r29,r29,#16; alloc local storage
 1678  0000241c  afa20000	sw	0(r29),r2
 1679  00002420  afa30004	sw	4(r29),r3
 1680  00002424  54000000	nop
 1681  00002428          	L101_LF2:
 1682  00002428  8fc10008	lw	r1,8(r30)
 1683  0000242c  2022ffff	addi	r2,r1,#-1
 1684  00002430  afc20008	sw	8(r30),r2
 1685  00002434  6c210000	sgti	r1,r1,#0
 1686  00002438  1420000c	bnez	r1,L103_LF2
 1687  0000243c  54000000	nop; delay slot nop
 1688  00002440  0800002c	j	L102_LF2
 1689  00002444  54000000	nop; delay slot nop
 1690  00002448          	L103_LF2:
 1691  00002448  8fc10004	lw	r1,4(r30)
 1692  0000244c  20220001	addi	r2,r1,#1
 1693  00002450  afc20004	sw	4(r30),r2
 1694  00002454  8fc20000	lw	r2,(r30)
 1695  00002458  20430001	addi	r3,r2,#1
 1696  0000245c  afc30000	sw	(r30),r3
 1697  00002460  80420000	lb	r2,(r2)
 1698  00002464  a0220000	sb	(r1),r2
 1699  00002468  0bffffbc	j	L101_LF2
 1700  0000246c  54000000	nop; delay slot nop
 1701  00002470          	L102_LF2:
 1702  00002470          	L100_LF2:
 1703  00002470  8fa20000	lw	r2,0(r29)
 1704  00002474  8fa30004	lw	r3,4(r29)
 1705  00002478  8fdffff8	lw	r31,-8(r30)
 1706  0000247c  001ee820	add	r29,r0,r30
 1707  00002480  8fdefffc	lw	r30,-4(r30)
 1708  00002484  4be00000	jr	r31
 1709  00002488  54000000	nop
 1710  0000248c          	.endproc _bcopy
 1711  0000248c          	.align 2
 1712  0000248c          	.proc _bzero
 1713  0000248c          	.global _bzero
 1714  0000248c          	_bzero:
 1715                      ;  Function 'bzero'; 0 bytes of locals, 1 regs to save.
 1716  0000248c  afbefffc	sw	-4(r29),r30; push fp
 1717  00002490  001df020	add	r30,r0,r29; fp = sp
 1718  00002494  afbffff8	sw	-8(r29),r31; push ret addr
 1719  00002498  2fbd0010	subui	r29,r29,#16; alloc local storage
 1720  0000249c  afa20000	sw	0(r29),r2
 1721  000024a0  54000000	nop
 1722  000024a4          	L105_LF2:
 1723  000024a4  8fc10004	lw	r1,4(r30)
 1724  000024a8  2022ffff	addi	r2,r1,#-1
 1725  000024ac  afc20004	sw	4(r30),r2
 1726  000024b0  6c210000	sgti	r1,r1,#0
 1727  000024b4  1420000c	bnez	r1,L107_LF2
 1728  000024b8  54000000	nop; delay slot nop
 1729  000024bc  08000020	j	L106_LF2
 1730  000024c0  54000000	nop; delay slot nop
 1731  000024c4          	L107_LF2:
 1732  000024c4  8fc10000	lw	r1,(r30)
 1733  000024c8  20220001	addi	r2,r1,#1
 1734  000024cc  afc20000	sw	(r30),r2
 1735  000024d0  20020000	addi	r2,r0,(#0x0)&0xff
 1736  000024d4  a0220000	sb	(r1),r2
 1737  000024d8  0bffffc8	j	L105_LF2
 1738  000024dc  54000000	nop; delay slot nop
 1739  000024e0          	L106_LF2:
 1740  000024e0          	L104_LF2:
 1741  000024e0  8fa20000	lw	r2,0(r29)
 1742  000024e4  8fdffff8	lw	r31,-8(r30)
 1743  000024e8  001ee820	add	r29,r0,r30
 1744  000024ec  8fdefffc	lw	r30,-4(r30)
 1745  000024f0  4be00000	jr	r31
 1746  000024f4  54000000	nop
 1747  000024f8          	.endproc _bzero
 1748  000024f8          	.align 2
 1749  000024f8          	.proc _min
 1750  000024f8          	.global _min
 1751  000024f8          	_min:
 1752                      ;  Function 'min'; 0 bytes of locals, 2 regs to save.
 1753  000024f8  afbefffc	sw	-4(r29),r30; push fp
 1754  000024fc  001df020	add	r30,r0,r29; fp = sp
 1755  00002500  afbffff8	sw	-8(r29),r31; push ret addr
 1756  00002504  2fbd0010	subui	r29,r29,#16; alloc local storage
 1757  00002508  afa20000	sw	0(r29),r2
 1758  0000250c  afa30004	sw	4(r29),r3
 1759  00002510  8fc10000	lw	r1,(r30)
 1760  00002514  8fc20004	lw	r2,4(r30)
 1761  00002518  0022182c	sle	r3,r1,r2
 1762  0000251c  14600008	bnez	r3,L109_LF2
 1763  00002520  54000000	nop; delay slot nop
 1764  00002524  8fc10004	lw	r1,4(r30)
 1765  00002528          	L109_LF2:
 1766  00002528  08000004	j	L108_LF2
 1767  0000252c  54000000	nop; delay slot nop
 1768  00002530          	L108_LF2:
 1769  00002530  8fa20000	lw	r2,0(r29)
 1770  00002534  8fa30004	lw	r3,4(r29)
 1771  00002538  8fdffff8	lw	r31,-8(r30)
 1772  0000253c  001ee820	add	r29,r0,r30
 1773  00002540  8fdefffc	lw	r30,-4(r30)
 1774  00002544  4be00000	jr	r31
 1775  00002548  54000000	nop
 1776  0000254c          	.endproc _min
 1777                      ;;; Ethan L. Miller, 1999.  Released to the public domain
 1778                      ;;;
 1779                      ;;; Most of the traps are called in files from libtraps.
 1782  0000254c          	.align 2
 1783  0000254c          	.proc _exit
 1784  0000254c          	.global _exit
 1785  0000254c          	_exit:
 1786  0000254c  44000300	trap	#0x300
 1787  00002550  4be00000	jr	r31
 1788  00002554  54000000	nop
 1789  00002558          	.endproc _exit
 1791                      ; for the benefit of gcc.
 1792  00002558          	.proc ___main
 1793  00002558          	.global ___main
 1794  00002558          	___main:
 1795  00002558  4be00000	jr	r31
 1796  0000255c  54000000	nop
 1797  00002560          	.endproc ___main
 1798  00002560          	.text
 1799  00002560          	.global _etext
 1800  00002560          	_etext:
 1801  00002560          	.align 3
 1802  00002560          	.data
 1803  0000314e          	.global _edata
 1804  0000314e          	_edata:
