 line   address	contents
    1                      ; Linked by DLX-LD.
    2                      ; MemSize 24576
    3                      ; Data size: 162
    4                      ; Text size: 4384
    5                      ; Stack size: 8192
    6  00000000          	.text 0x1000
    7  00001000          	.data 0x3000
    8                      ; Compiled by GCC
    9  00003000          	.text
   10  00001000          	.align 2
   11  00001000          	.proc _isspace
   12  00001000          	.global _isspace
   13  00001000          	_isspace:
   14                      ;  Function 'isspace'; 0 bytes of locals, 1 regs to save.
   15  00001000  afbefffc	sw	-4(r29),r30; push fp
   16  00001004  001df020	add	r30,r0,r29; fp = sp
   17  00001008  afbffff8	sw	-8(r29),r31; push ret addr
   18  0000100c  2fbd0010	subui	r29,r29,#16; alloc local storage
   19  00001010  afa20000	sw	0(r29),r2
   20  00001014  83c20003	lb	r2,3(r30)
   21  00001018  201f0000	addi	r31,r0,#0
   22  0000101c  304100ff	andi	r1,r2,#0x00ff
   23  00001020  60210020	seqi	r1,r1,#32
   24  00001024  14200018	bnez	r1,L6_LF0
   25  00001028  54000000	nop; not filled.
   26  0000102c  2041fff7	addi	r1,r2,#-9
   27  00001030  302100ff	andi	r1,r1,#0x00ff
   28  00001034  70210001	sleui	r1,r1,#1
   29  00001038  10200008	beqz	r1,L5_LF0
   30  0000103c  54000000	nop; not filled.
   31  00001040          	L6_LF0:
   32  00001040  201f0001	addi	r31,r0,#1
   33  00001044          	L5_LF0:
   34  00001044  001f0820	add	r1,r0,r31
   35  00001048  8fa20000	lw	r2,0(r29)
   36  0000104c  8fdffff8	lw	r31,-8(r30)
   37  00001050  001ee820	add	r29,r0,r30
   38  00001054  8fdefffc	lw	r30,-4(r30)
   39  00001058  4be00000	jr	r31
   40  0000105c  54000000	nop
   41  00001060          	.endproc _isspace
   42  00001060          	.align 2
   43  00001060          	.proc _isxdigit
   44  00001060          	.global _isxdigit
   45  00001060          	_isxdigit:
   46                      ;  Function 'isxdigit'; 0 bytes of locals, 1 regs to save.
   47  00001060  afbefffc	sw	-4(r29),r30; push fp
   48  00001064  001df020	add	r30,r0,r29; fp = sp
   49  00001068  afbffff8	sw	-8(r29),r31; push ret addr
   50  0000106c  2fbd0010	subui	r29,r29,#16; alloc local storage
   51  00001070  afa20000	sw	0(r29),r2
   52  00001074  83df0003	lb	r31,3(r30)
   53  00001078  20020000	addi	r2,r0,#0
   54  0000107c  23e1ffd0	addi	r1,r31,#-48
   55  00001080  302100ff	andi	r1,r1,#0x00ff
   56  00001084  70210009	sleui	r1,r1,#9
   57  00001088  14200028	bnez	r1,L12_LF0
   58  0000108c  54000000	nop; not filled.
   59  00001090  23e1ff9f	addi	r1,r31,#-97
   60  00001094  302100ff	andi	r1,r1,#0x00ff
   61  00001098  70210005	sleui	r1,r1,#5
   62  0000109c  14200014	bnez	r1,L12_LF0
   63  000010a0  54000000	nop; not filled.
   64  000010a4  33e100ff	andi	r1,r31,#0x00ff
   65  000010a8  64210041	snei	r1,r1,#65
   66  000010ac  14200008	bnez	r1,L11_LF0
   67  000010b0  54000000	nop; not filled.
   68  000010b4          	L12_LF0:
   69  000010b4  20020001	addi	r2,r0,#1
   70  000010b8          	L11_LF0:
   71  000010b8  00020820	add	r1,r0,r2
   72  000010bc  8fa20000	lw	r2,0(r29)
   73  000010c0  8fdffff8	lw	r31,-8(r30)
   74  000010c4  001ee820	add	r29,r0,r30
   75  000010c8  8fdefffc	lw	r30,-4(r30)
   76  000010cc  4be00000	jr	r31
   77  000010d0  54000000	nop
   78  000010d4          	.endproc _isxdigit
   79  000010d4          	.data
   80  00003000          	.align 2
   81  00003000          	LC0_LF0:
   82  00003000  55736167	.ascii "Usage: %s <handle_to_procs_completed_semaphore>\n\000"
   82  00003004  653a2025	
   82  00003008  73203c68	
   82  0000300c  616e646c	
   82  00003010  655f746f	
   82  00003014  5f70726f	
   82  00003018  63735f63	
   82  0000301c  6f6d706c	
   82  00003020  65746564	
   82  00003024  5f73656d	
   82  00003028  6170686f	
   82  0000302c  72653e0a	
   82  00003030  00      	
   83  00003031          	.align 2
   84  00003034          	LC1_LF0:
   85  00003034  4c6f6f70	.ascii "Loop (%d): Looping!!\n\000"
   85  00003038  20282564	
   85  0000303c  293a204c	
   85  00003040  6f6f7069	
   85  00003044  6e672121	
   85  00003048  0a00    	
   86  0000304a          	.align 2
   87  0000304c          	LC2_LF0:
   88  0000304c  68656c6c	.ascii "hello_world (%d): Bad semaphore s_procs_completed (%d)!\n\000"
   88  00003050  6f5f776f	
   88  00003054  726c6420	
   88  00003058  28256429	
   88  0000305c  3a204261	
   88  00003060  64207365	
   88  00003064  6d617068	
   88  00003068  6f726520	
   88  0000306c  735f7072	
   88  00003070  6f63735f	
   88  00003074  636f6d70	
   88  00003078  6c657465	
   88  0000307c  64202825	
   88  00003080  6429210a	
   88  00003084  00      	
   89  00003085          	.align 2
   90  00003088          	LC3_LF0:
   91  00003088  4c6f6f70	.ascii "Loop (%d): Looping done!\n\000"
   91  0000308c  20282564	
   91  00003090  293a204c	
   91  00003094  6f6f7069	
   91  00003098  6e672064	
   91  0000309c  6f6e6521	
   91  000030a0  0a00    	
   92  000030a2          	.text
   93  000010d4          	.align 2
   94  000010d4          	.proc _main
   95  000010d4          	.global _main
   96  000010d4          	_main:
   97                      ;  Function 'main'; 0 bytes of locals, 0 regs to save.
   98  000010d4  afbefffc	sw	-4(r29),r30; push fp
   99  000010d8  001df020	add	r30,r0,r29; fp = sp
  100  000010dc  afbffff8	sw	-8(r29),r31; push ret addr
  101  000010e0  2fbd0008	subui	r29,r29,#8; alloc local storage
  102  000010e4  8fc20000	lw	r2,(r30)
  103  000010e8  8fc30004	lw	r3,4(r30)
  104  000010ec  0c001028	jal	___main
  105  000010f0  54000000	nop; not filled.
  106  000010f4  64410002	snei	r1,r2,#2
  107  000010f8  10200028	beqz	r1,L22_LF0
  108  000010fc  54000000	nop; not filled.
  109  00001100  23bdfff8	addi	r29,r29,#-8
  110  00001104  3c040000	lhi	r4,((LC0_LF0)>>16)&0xffff
  111  00001108  24843000	addui	r4,r4,(LC0_LF0)&0xffff
  112  0000110c  afa40000	sw	(r29),r4
  113  00001110  0c000144	jal	_Printf
  114  00001114  54000000	nop; not filled.
  115  00001118  0c000244	jal	_Exit
  116  0000111c  54000000	nop; not filled.
  117  00001120  23bd0008	addi	r29,r29,#8
  118  00001124          	L22_LF0:
  119  00001124  23bdfff0	addi	r29,r29,#-16
  120  00001128  8c630004	lw	r3,4(r3)
  121  0000112c  afa30000	sw	(r29),r3
  122  00001130  20040000	addi	r4,r0,#0
  123  00001134  afa40004	sw	4(r29),r4
  124  00001138  2004000a	addi	r4,r0,#10
  125  0000113c  afa40008	sw	8(r29),r4
  126  00001140  0c000ad8	jal	_dstrtol
  127  00001144  54000000	nop; not filled.
  128  00001148  00011820	add	r3,r0,r1
  129  0000114c  0c000114	jal	_getpid
  130  00001150  54000000	nop; not filled.
  131  00001154  3c040000	lhi	r4,((LC1_LF0)>>16)&0xffff
  132  00001158  24843034	addui	r4,r4,(LC1_LF0)&0xffff
  133  0000115c  afa40000	sw	(r29),r4
  134  00001160  afa10004	sw	4(r29),r1
  135  00001164  0c0000f0	jal	_Printf
  136  00001168  54000000	nop; not filled.
  137  0000116c  20020000	addi	r2,r0,#0
  138  00001170  23bd0010	addi	r29,r29,#16
  139  00001174  3c1f0001	lhi	r31,#1
  140  00001178  27ff869f	addui	r31,r31,#34463
  141  0000117c          	L25_LF0:
  142  0000117c  20420001	addi	r2,r2,#1
  143  00001180  005f082c	sle	r1,r2,r31
  144  00001184  1420fff4	bnez	r1,L25_LF0
  145  00001188  54000000	nop; not filled.
  146  0000118c  23bdfff8	addi	r29,r29,#-8
  147  00001190  afa30000	sw	(r29),r3
  148  00001194  0c000114	jal	_sem_signal
  149  00001198  54000000	nop; not filled.
  150  0000119c  23bd0008	addi	r29,r29,#8
  151  000011a0  64210001	snei	r1,r1,#1
  152  000011a4  10200038	beqz	r1,L28_LF0
  153  000011a8  54000000	nop; not filled.
  154  000011ac  0c0000b4	jal	_getpid
  155  000011b0  54000000	nop; not filled.
  156  000011b4  23bdfff0	addi	r29,r29,#-16
  157  000011b8  3c040000	lhi	r4,((LC2_LF0)>>16)&0xffff
  158  000011bc  2484304c	addui	r4,r4,(LC2_LF0)&0xffff
  159  000011c0  afa40000	sw	(r29),r4
  160  000011c4  afa10004	sw	4(r29),r1
  161  000011c8  afa30008	sw	8(r29),r3
  162  000011cc  0c000088	jal	_Printf
  163  000011d0  54000000	nop; not filled.
  164  000011d4  0c000188	jal	_Exit
  165  000011d8  54000000	nop; not filled.
  166  000011dc  23bd0010	addi	r29,r29,#16
  167  000011e0          	L28_LF0:
  168  000011e0  0c000080	jal	_getpid
  169  000011e4  54000000	nop; not filled.
  170  000011e8  23bdfff8	addi	r29,r29,#-8
  171  000011ec  3c040000	lhi	r4,((LC3_LF0)>>16)&0xffff
  172  000011f0  24843088	addui	r4,r4,(LC3_LF0)&0xffff
  173  000011f4  afa40000	sw	(r29),r4
  174  000011f8  afa10004	sw	4(r29),r1
  175  000011fc  0c000058	jal	_Printf
  176  00001200  54000000	nop; not filled.
  177  00001204  23bd0008	addi	r29,r29,#8
  178  00001208  0c000f00	jal	_exit
  179  0000120c  54000000	nop
  180  00001210          	.endproc _main
  181                      ;;;
  182                      ;;; Stub functions for DLX traps.
  183                      ;;;
  184                      ;;; Ethan L. Miller, 1999.  Released to the public domain.
  185                      ;;;
  186                      ;;; The traps such as Open and Close
  187                      ;;; (note the capital letters) are for use by user programs.  The traps
  188                      ;;; with names such as open and close (lower case) are for use by the OS.
  189                      ;;;
  192  00001210          	.align 2
  194                      ;;; The following are the traps to be used by user-level programs
  195                      ;;;
  197  00001210          	.align 2
  198  00001210          	.proc _Open
  199  00001210          	.global _Open
  200  00001210          	_Open:
  201                      ;;; Note that trap #0x213 actually causes a trap vector in the OS of
  202                      ;;; 0x1213.  The same is true for other user traps.  Thus, a user trap
  203                      ;;; with trap #0x240 will result in a trap vector of 0x1240 in the OS.
  204  00001210  44000213	trap	#0x213
  205  00001214  4be00000	jr	r31
  206  00001218  54000000	nop
  207  0000121c          	.endproc _Open
  209  0000121c          	.proc _Close
  210  0000121c          	.global _Close
  211  0000121c          	_Close:
  212  0000121c  44000214	trap	#0x214
  213  00001220  4be00000	jr	r31
  214  00001224  54000000	nop
  215  00001228          	.endproc _Close
  217  00001228          	.proc _Read
  218  00001228          	.global _Read
  219  00001228          	_Read:
  220  00001228  44000210	trap	#0x210
  221  0000122c  4be00000	jr	r31
  222  00001230  54000000	nop
  223  00001234          	.endproc _Read
  225  00001234          	.proc _Write
  226  00001234          	.global _Write
  227  00001234          	_Write:
  228  00001234  44000211	trap	#0x211
  229  00001238  4be00000	jr	r31
  230  0000123c  54000000	nop
  231  00001240          	.endproc _Write
  233  00001240          	.proc _Lseek
  234  00001240          	.global _Lseek
  235  00001240          	_Lseek:
  236  00001240  44000212	trap	#0x212
  237  00001244  4be00000	jr	r31
  238  00001248  54000000	nop
  239  0000124c          	.endproc _Lseek
  241  0000124c          	.proc _Putchar
  242  0000124c          	.global _Putchar
  243  0000124c          	_Putchar:
  244  0000124c  44000280	trap	#0x280
  245  00001250  4be00000	jr	r31
  246  00001254  54000000	nop
  247  00001258          	.endproc _Putchar
  249  00001258          	.proc _Printf
  250  00001258          	.global _Printf
  251  00001258          	_Printf:
  252  00001258  44000201	trap	#0x201
  253  0000125c  4be00000	jr	r31
  254  00001260  54000000	nop
  255  00001264          	.endproc _Printf
  257  00001264          	.proc _getpid
  258  00001264          	.global _getpid
  259  00001264          	_getpid:
  260  00001264  44000431	trap	#0x431
  261  00001268  4be00000	jr	r31
  262  0000126c  54000000	nop
  263  00001270          	.endproc _getpid
  265  00001270          	.proc _process_create
  266  00001270          	.global _process_create
  267  00001270          	_process_create:
  268  00001270  44000432	trap	#0x432
  269  00001274  4be00000	jr	r31
  270  00001278  54000000	nop
  271  0000127c          	.endproc _process_create
  273  0000127c          	.proc _shmget
  274  0000127c          	.global _shmget
  275  0000127c          	_shmget:
  276  0000127c  44000440	trap	#0x440
  277  00001280  4be00000	jr	r31
  278  00001284  54000000	nop
  279  00001288          	.endproc _shmget
  281  00001288          	.proc _shmat
  282  00001288          	.global _shmat
  283  00001288          	_shmat:
  284  00001288  44000441	trap	#0x441
  285  0000128c  4be00000	jr	r31
  286  00001290  54000000	nop
  287  00001294          	.endproc _shmat
  289  00001294          	.proc _sem_create
  290  00001294          	.global _sem_create
  291  00001294          	_sem_create:
  292  00001294  44000450	trap	#0x450
  293  00001298  4be00000	jr	r31
  294  0000129c  54000000	nop
  295  000012a0          	.endproc _sem_create
  297  000012a0          	.proc _sem_wait
  298  000012a0          	.global _sem_wait
  299  000012a0          	_sem_wait:
  300  000012a0  44000451	trap	#0x451
  301  000012a4  4be00000	jr	r31
  302  000012a8  54000000	nop
  303  000012ac          	.endproc _sem_wait
  305  000012ac          	.proc _sem_signal
  306  000012ac          	.global _sem_signal
  307  000012ac          	_sem_signal:
  308  000012ac  44000452	trap	#0x452
  309  000012b0  4be00000	jr	r31
  310  000012b4  54000000	nop
  311  000012b8          	.endproc _sem_signal
  313  000012b8          	.proc _lock_create
  314  000012b8          	.global _lock_create
  315  000012b8          	_lock_create:
  316  000012b8  44000453	trap	#0x453
  317  000012bc  4be00000	jr	r31
  318  000012c0  54000000	nop
  319  000012c4          	.endproc _lock_create
  321  000012c4          	.proc _lock_acquire
  322  000012c4          	.global _lock_acquire
  323  000012c4          	_lock_acquire:
  324  000012c4  44000454	trap	#0x454
  325  000012c8  4be00000	jr	r31
  326  000012cc  54000000	nop
  327  000012d0          	.endproc _lock_acquire
  329  000012d0          	.proc _lock_release
  330  000012d0          	.global _lock_release
  331  000012d0          	_lock_release:
  332  000012d0  44000455	trap	#0x455
  333  000012d4  4be00000	jr	r31
  334  000012d8  54000000	nop
  335  000012dc          	.endproc _lock_release
  337  000012dc          	.proc _cond_create
  338  000012dc          	.global _cond_create
  339  000012dc          	_cond_create:
  340  000012dc  44000456	trap	#0x456
  341  000012e0  4be00000	jr	r31
  342  000012e4  54000000	nop
  343  000012e8          	.endproc _cond_create
  345  000012e8          	.proc _cond_wait
  346  000012e8          	.global _cond_wait
  347  000012e8          	_cond_wait:
  348  000012e8  44000457	trap	#0x457
  349  000012ec  4be00000	jr	r31
  350  000012f0  54000000	nop
  351  000012f4          	.endproc _cond_wait
  353  000012f4          	.proc _cond_signal
  354  000012f4          	.global _cond_signal
  355  000012f4          	_cond_signal:
  356  000012f4  44000458	trap	#0x458
  357  000012f8  4be00000	jr	r31
  358  000012fc  54000000	nop
  359  00001300          	.endproc _cond_signal
  361  00001300          	.proc _cond_broadcast
  362  00001300          	.global _cond_broadcast
  363  00001300          	_cond_broadcast:
  364  00001300  44000459	trap	#0x459
  365  00001304  4be00000	jr	r31
  366  00001308  54000000	nop
  367  0000130c          	.endproc _cond_broadcast
  369  0000130c          	.proc _mbox_create
  370  0000130c          	.global _mbox_create
  371  0000130c          	_mbox_create:
  372  0000130c  44000460	trap	#0x460
  373  00001310  4be00000	jr	r31
  374  00001314  54000000	nop
  375  00001318          	.endproc _mbox_create
  377  00001318          	.proc _mbox_open
  378  00001318          	.global _mbox_open
  379  00001318          	_mbox_open:
  380  00001318  44000461	trap	#0x461
  381  0000131c  4be00000	jr	r31
  382  00001320  54000000	nop
  383  00001324          	.endproc _mbox_open
  385  00001324          	.proc _mbox_close
  386  00001324          	.global _mbox_close
  387  00001324          	_mbox_close:
  388  00001324  44000462	trap	#0x462
  389  00001328  4be00000	jr	r31
  390  0000132c  54000000	nop
  391  00001330          	.endproc _mbox_close
  393  00001330          	.proc _mbox_send
  394  00001330          	.global _mbox_send
  395  00001330          	_mbox_send:
  396  00001330  44000463	trap	#0x463
  397  00001334  4be00000	jr	r31
  398  00001338  54000000	nop
  399  0000133c          	.endproc _mbox_send
  401  0000133c          	.proc _mbox_recv
  402  0000133c          	.global _mbox_recv
  403  0000133c          	_mbox_recv:
  404  0000133c  44000464	trap	#0x464
  405  00001340  4be00000	jr	r31
  406  00001344  54000000	nop
  407  00001348          	.endproc _mbox_recv
  409  00001348          	.proc _sleep
  410  00001348          	.global _sleep
  411  00001348          	_sleep:
  412  00001348  44000465	trap	#0x465
  413  0000134c  4be00000	jr	r31
  414  00001350  54000000	nop
  415  00001354          	.endproc _sleep
  417  00001354          	.proc _yield
  418  00001354          	.global _yield
  419  00001354          	_yield:
  420  00001354  44000466	trap	#0x466
  421  00001358  4be00000	jr	r31
  422  0000135c  54000000	nop
  423  00001360          	.endproc _yield
  426  00001360          	.proc _Exit
  427  00001360          	.global _Exit
  428  00001360          	_Exit:
  429  00001360  44000500	trap	#0x500
  430  00001364  4be00000	jr	r31
  431  00001368  54000000	nop
  432  0000136c          	.endproc _Exit
  435  0000136c          	.proc _malloc
  436  0000136c          	.global _malloc
  437  0000136c          	_malloc:
  438  0000136c  44000467	trap	#0x467
  439  00001370  4be00000	jr	r31
  440  00001374          	.endproc _malloc
  443  00001374          	.proc _mfree
  444  00001374          	.global _mfree
  445  00001374          	_mfree:
  446  00001374  44000468	trap	#0x468
  447  00001378  4be00000	jr	r31
  448  0000137c          	.endproc _mfree
  449                      ; Compiled by GCC
  451  0000137c          	.align 2
  452  0000137c          	.proc _isspace
  453  0000137c          	.global _isspace
  454  0000137c          	_isspace:
  455                      ;  Function 'isspace'; 0 bytes of locals, 3 regs to save.
  456  0000137c  afbefffc	sw	-4(r29),r30; push fp
  457  00001380  001df020	add	r30,r0,r29; fp = sp
  458  00001384  afbffff8	sw	-8(r29),r31; push ret addr
  459  00001388  2fbd0018	subui	r29,r29,#24; alloc local storage
  460  0000138c  afa20000	sw	0(r29),r2
  461  00001390  afa30004	sw	4(r29),r3
  462  00001394  afa40008	sw	8(r29),r4
  463  00001398  83c20003	lb	r2,3(r30)
  464  0000139c  20010000	addi	r1,r0,#0
  465  000013a0  304300ff	andi	r3,r2,#0x00ff
  466  000013a4  60640020	seqi	r4,r3,#32
  467  000013a8  1480002c	bnez	r4,L3_LF2
  468  000013ac  54000000	nop; delay slot nop
  469  000013b0  304300ff	andi	r3,r2,#0x00ff
  470  000013b4  60640009	seqi	r4,r3,#9
  471  000013b8  1480001c	bnez	r4,L3_LF2
  472  000013bc  54000000	nop; delay slot nop
  473  000013c0  304300ff	andi	r3,r2,#0x00ff
  474  000013c4  6064000a	seqi	r4,r3,#10
  475  000013c8  1480000c	bnez	r4,L3_LF2
  476  000013cc  54000000	nop; delay slot nop
  477  000013d0  08000008	j	L2_LF2
  478  000013d4  54000000	nop; delay slot nop
  479  000013d8          	L3_LF2:
  480  000013d8  20010001	addi	r1,r0,#1
  481  000013dc          	L2_LF2:
  482  000013dc  08000004	j	L1_LF2
  483  000013e0  54000000	nop; delay slot nop
  484  000013e4          	L1_LF2:
  485  000013e4  8fa20000	lw	r2,0(r29)
  486  000013e8  8fa30004	lw	r3,4(r29)
  487  000013ec  8fa40008	lw	r4,8(r29)
  488  000013f0  8fdffff8	lw	r31,-8(r30)
  489  000013f4  001ee820	add	r29,r0,r30
  490  000013f8  8fdefffc	lw	r30,-4(r30)
  491  000013fc  4be00000	jr	r31
  492  00001400  54000000	nop
  493  00001404          	.endproc _isspace
  494  00001404          	.align 2
  495  00001404          	.proc _isxdigit
  496  00001404          	.global _isxdigit
  497  00001404          	_isxdigit:
  498                      ;  Function 'isxdigit'; 0 bytes of locals, 3 regs to save.
  499  00001404  afbefffc	sw	-4(r29),r30; push fp
  500  00001408  001df020	add	r30,r0,r29; fp = sp
  501  0000140c  afbffff8	sw	-8(r29),r31; push ret addr
  502  00001410  2fbd0018	subui	r29,r29,#24; alloc local storage
  503  00001414  afa20000	sw	0(r29),r2
  504  00001418  afa30004	sw	4(r29),r3
  505  0000141c  afa40008	sw	8(r29),r4
  506  00001420  83c20003	lb	r2,3(r30)
  507  00001424  20010000	addi	r1,r0,#0
  508  00001428  304300ff	andi	r3,r2,#0x00ff
  509  0000142c  6c64002f	sgtui	r4,r3,#47
  510  00001430  1080001c	beqz	r4,L7_LF2
  511  00001434  54000000	nop; delay slot nop
  512  00001438  304300ff	andi	r3,r2,#0x00ff
  513  0000143c  70640039	sleui	r4,r3,#57
  514  00001440  1480005c	bnez	r4,L6_LF2
  515  00001444  54000000	nop; delay slot nop
  516  00001448  08000004	j	L7_LF2
  517  0000144c  54000000	nop; delay slot nop
  518  00001450          	L7_LF2:
  519  00001450  304300ff	andi	r3,r2,#0x00ff
  520  00001454  6c640060	sgtui	r4,r3,#96
  521  00001458  1080001c	beqz	r4,L8_LF2
  522  0000145c  54000000	nop; delay slot nop
  523  00001460  304300ff	andi	r3,r2,#0x00ff
  524  00001464  70640066	sleui	r4,r3,#102
  525  00001468  14800034	bnez	r4,L6_LF2
  526  0000146c  54000000	nop; delay slot nop
  527  00001470  08000004	j	L8_LF2
  528  00001474  54000000	nop; delay slot nop
  529  00001478          	L8_LF2:
  530  00001478  304300ff	andi	r3,r2,#0x00ff
  531  0000147c  6c640040	sgtui	r4,r3,#64
  532  00001480  10800020	beqz	r4,L5_LF2
  533  00001484  54000000	nop; delay slot nop
  534  00001488  304300ff	andi	r3,r2,#0x00ff
  535  0000148c  70640041	sleui	r4,r3,#65
  536  00001490  1480000c	bnez	r4,L6_LF2
  537  00001494  54000000	nop; delay slot nop
  538  00001498  08000008	j	L5_LF2
  539  0000149c  54000000	nop; delay slot nop
  540  000014a0          	L6_LF2:
  541  000014a0  20010001	addi	r1,r0,#1
  542  000014a4          	L5_LF2:
  543  000014a4  08000004	j	L4_LF2
  544  000014a8  54000000	nop; delay slot nop
  545  000014ac          	L4_LF2:
  546  000014ac  8fa20000	lw	r2,0(r29)
  547  000014b0  8fa30004	lw	r3,4(r29)
  548  000014b4  8fa40008	lw	r4,8(r29)
  549  000014b8  8fdffff8	lw	r31,-8(r30)
  550  000014bc  001ee820	add	r29,r0,r30
  551  000014c0  8fdefffc	lw	r30,-4(r30)
  552  000014c4  4be00000	jr	r31
  553  000014c8  54000000	nop
  554  000014cc          	.endproc _isxdigit
  555  000014cc          	.align 2
  556  000014cc          	.proc _dstrcpy
  557  000014cc          	.global _dstrcpy
  558  000014cc          	_dstrcpy:
  559                      ;  Function 'dstrcpy'; 8 bytes of locals, 2 regs to save.
  560  000014cc  afbefffc	sw	-4(r29),r30; push fp
  561  000014d0  001df020	add	r30,r0,r29; fp = sp
  562  000014d4  afbffff8	sw	-8(r29),r31; push ret addr
  563  000014d8  2fbd0018	subui	r29,r29,#24; alloc local storage
  564  000014dc  afa20000	sw	0(r29),r2
  565  000014e0  afa30004	sw	4(r29),r3
  566  000014e4  8fc10000	lw	r1,(r30)
  567  000014e8  afc1fff4	sw	-12(r30),r1
  568  000014ec          	L10_LF2:
  569  000014ec  8fc10000	lw	r1,(r30)
  570  000014f0  20220001	addi	r2,r1,#1
  571  000014f4  afc20000	sw	(r30),r2
  572  000014f8  8fc20004	lw	r2,4(r30)
  573  000014fc  20430001	addi	r3,r2,#1
  574  00001500  afc30004	sw	4(r30),r3
  575  00001504  80420000	lb	r2,(r2)
  576  00001508  a0220000	sb	(r1),r2
  577  0000150c  a3c2fff3	sb	-13(r30),r2
  578  00001510          	L12_LF2:
  579  00001510  93c1fff3	lbu	r1,-13(r30)
  580  00001514  64220000	snei	r2,r1,#0
  581  00001518  1440000c	bnez	r2,L13_LF2
  582  0000151c  54000000	nop; delay slot nop
  583  00001520  0800000c	j	L11_LF2
  584  00001524  54000000	nop; delay slot nop
  585  00001528          	L13_LF2:
  586  00001528  0bffffc0	j	L10_LF2
  587  0000152c  54000000	nop; delay slot nop
  588  00001530          	L11_LF2:
  589  00001530  8fc1fff4	lw	r1,-12(r30)
  590  00001534  08000004	j	L9_LF2
  591  00001538  54000000	nop; delay slot nop
  592  0000153c          	L9_LF2:
  593  0000153c  8fa20000	lw	r2,0(r29)
  594  00001540  8fa30004	lw	r3,4(r29)
  595  00001544  8fdffff8	lw	r31,-8(r30)
  596  00001548  001ee820	add	r29,r0,r30
  597  0000154c  8fdefffc	lw	r30,-4(r30)
  598  00001550  4be00000	jr	r31
  599  00001554  54000000	nop
  600  00001558          	.endproc _dstrcpy
  601  00001558          	.align 2
  602  00001558          	.proc _dstrncpy
  603  00001558          	.global _dstrncpy
  604  00001558          	_dstrncpy:
  605                      ;  Function 'dstrncpy'; 8 bytes of locals, 2 regs to save.
  606  00001558  afbefffc	sw	-4(r29),r30; push fp
  607  0000155c  001df020	add	r30,r0,r29; fp = sp
  608  00001560  afbffff8	sw	-8(r29),r31; push ret addr
  609  00001564  2fbd0018	subui	r29,r29,#24; alloc local storage
  610  00001568  afa20000	sw	0(r29),r2
  611  0000156c  afa30004	sw	4(r29),r3
  612  00001570  8fc10000	lw	r1,(r30)
  613  00001574  afc1fff4	sw	-12(r30),r1
  614  00001578          	L15_LF2:
  615  00001578  8fc10008	lw	r1,8(r30)
  616  0000157c  2022ffff	addi	r2,r1,#-1
  617  00001580  afc20008	sw	8(r30),r2
  618  00001584  70210000	slei	r1,r1,#0
  619  00001588  1020000c	beqz	r1,L18_LF2
  620  0000158c  54000000	nop; delay slot nop
  621  00001590  08000048	j	L16_LF2
  622  00001594  54000000	nop; delay slot nop
  623  00001598          	L18_LF2:
  624  00001598  8fc10000	lw	r1,(r30)
  625  0000159c  20220001	addi	r2,r1,#1
  626  000015a0  afc20000	sw	(r30),r2
  627  000015a4  8fc20004	lw	r2,4(r30)
  628  000015a8  20430001	addi	r3,r2,#1
  629  000015ac  afc30004	sw	4(r30),r3
  630  000015b0  80420000	lb	r2,(r2)
  631  000015b4  a0220000	sb	(r1),r2
  632  000015b8  a3c2fff3	sb	-13(r30),r2
  633  000015bc          	L17_LF2:
  634  000015bc  93c1fff3	lbu	r1,-13(r30)
  635  000015c0  64220000	snei	r2,r1,#0
  636  000015c4  1440000c	bnez	r2,L19_LF2
  637  000015c8  54000000	nop; delay slot nop
  638  000015cc  0800000c	j	L16_LF2
  639  000015d0  54000000	nop; delay slot nop
  640  000015d4          	L19_LF2:
  641  000015d4  0bffffa0	j	L15_LF2
  642  000015d8  54000000	nop; delay slot nop
  643  000015dc          	L16_LF2:
  644  000015dc  8fc1fff4	lw	r1,-12(r30)
  645  000015e0  08000004	j	L14_LF2
  646  000015e4  54000000	nop; delay slot nop
  647  000015e8          	L14_LF2:
  648  000015e8  8fa20000	lw	r2,0(r29)
  649  000015ec  8fa30004	lw	r3,4(r29)
  650  000015f0  8fdffff8	lw	r31,-8(r30)
  651  000015f4  001ee820	add	r29,r0,r30
  652  000015f8  8fdefffc	lw	r30,-4(r30)
  653  000015fc  4be00000	jr	r31
  654  00001600  54000000	nop
  655  00001604          	.endproc _dstrncpy
  656  00001604          	.align 2
  657  00001604          	.proc _dstrcat
  658  00001604          	.global _dstrcat
  659  00001604          	_dstrcat:
  660                      ;  Function 'dstrcat'; 8 bytes of locals, 1 regs to save.
  661  00001604  afbefffc	sw	-4(r29),r30; push fp
  662  00001608  001df020	add	r30,r0,r29; fp = sp
  663  0000160c  afbffff8	sw	-8(r29),r31; push ret addr
  664  00001610  2fbd0018	subui	r29,r29,#24; alloc local storage
  665  00001614  afa20000	sw	0(r29),r2
  666  00001618  8fc10000	lw	r1,(r30)
  667  0000161c  afc1fff4	sw	-12(r30),r1
  668  00001620          	L21_LF2:
  669  00001620  8fc10000	lw	r1,(r30)
  670  00001624  90220000	lbu	r2,(r1)
  671  00001628  64410000	snei	r1,r2,#0
  672  0000162c  1420000c	bnez	r1,L23_LF2
  673  00001630  54000000	nop; delay slot nop
  674  00001634  0800001c	j	L22_LF2
  675  00001638  54000000	nop; delay slot nop
  676  0000163c          	L23_LF2:
  677  0000163c  8fc20000	lw	r2,(r30)
  678  00001640  20410001	addi	r1,r2,#1
  679  00001644  00011020	add	r2,r0,r1
  680  00001648  afc20000	sw	(r30),r2
  681  0000164c  0bffffd0	j	L21_LF2
  682  00001650  54000000	nop; delay slot nop
  683  00001654          	L22_LF2:
  684  00001654  23bdfff8	addi	r29,r29,#-8
  685  00001658  001d0820	add	r1,r0,r29
  686  0000165c  8fc20000	lw	r2,(r30)
  687  00001660  ac220000	sw	(r1),r2
  688  00001664  8fc20004	lw	r2,4(r30)
  689  00001668  ac220004	sw	4(r1),r2
  690  0000166c  0ffffe5c	jal	_dstrcpy
  691  00001670  54000000	nop; delay slot nop
  692  00001674  23bd0008	addi	r29,r29,#8
  693  00001678  8fc1fff4	lw	r1,-12(r30)
  694  0000167c  08000004	j	L20_LF2
  695  00001680  54000000	nop; delay slot nop
  696  00001684          	L20_LF2:
  697  00001684  8fa20000	lw	r2,0(r29)
  698  00001688  8fdffff8	lw	r31,-8(r30)
  699  0000168c  001ee820	add	r29,r0,r30
  700  00001690  8fdefffc	lw	r30,-4(r30)
  701  00001694  4be00000	jr	r31
  702  00001698  54000000	nop
  703  0000169c          	.endproc _dstrcat
  704  0000169c          	.align 2
  705  0000169c          	.proc _dstrncmp
  706  0000169c          	.global _dstrncmp
  707  0000169c          	_dstrncmp:
  708                      ;  Function 'dstrncmp'; 8 bytes of locals, 2 regs to save.
  709  0000169c  afbefffc	sw	-4(r29),r30; push fp
  710  000016a0  001df020	add	r30,r0,r29; fp = sp
  711  000016a4  afbffff8	sw	-8(r29),r31; push ret addr
  712  000016a8  2fbd0018	subui	r29,r29,#24; alloc local storage
  713  000016ac  afa20000	sw	0(r29),r2
  714  000016b0  afa30004	sw	4(r29),r3
  715  000016b4  54000000	nop
  716  000016b8  20010000	addi	r1,r0,#0
  717  000016bc  afc1fff4	sw	-12(r30),r1
  718  000016c0          	L25_LF2:
  719  000016c0  8fc1fff4	lw	r1,-12(r30)
  720  000016c4  8fc20008	lw	r2,8(r30)
  721  000016c8  0022082a	slt	r1,r1,r2
  722  000016cc  1420000c	bnez	r1,L28_LF2
  723  000016d0  54000000	nop; delay slot nop
  724  000016d4  08000088	j	L26_LF2
  725  000016d8  54000000	nop; delay slot nop
  726  000016dc          	L28_LF2:
  727  000016dc  8fc10004	lw	r1,4(r30)
  728  000016e0  90220000	lbu	r2,(r1)
  729  000016e4  64410000	snei	r1,r2,#0
  730  000016e8  14200018	bnez	r1,L29_LF2
  731  000016ec  54000000	nop; delay slot nop
  732  000016f0  20010000	addi	r1,r0,#0
  733  000016f4  080000d8	j	L24_LF2
  734  000016f8  54000000	nop; delay slot nop
  735  000016fc  08000028	j	L30_LF2
  736  00001700  54000000	nop; delay slot nop
  737  00001704          	L29_LF2:
  738  00001704  8fc10000	lw	r1,(r30)
  739  00001708  8fc20004	lw	r2,4(r30)
  740  0000170c  90210000	lbu	r1,(r1)
  741  00001710  90420000	lbu	r2,(r2)
  742  00001714  00220829	sne	r1,r1,r2
  743  00001718  1020000c	beqz	r1,L30_LF2
  744  0000171c  54000000	nop; delay slot nop
  745  00001720  0800003c	j	L26_LF2
  746  00001724  54000000	nop; delay slot nop
  747  00001728          	L31_LF2:
  748  00001728          	L30_LF2:
  749  00001728  8fc20000	lw	r2,(r30)
  750  0000172c  20410001	addi	r1,r2,#1
  751  00001730  00011020	add	r2,r0,r1
  752  00001734  afc20000	sw	(r30),r2
  753  00001738  8fc20004	lw	r2,4(r30)
  754  0000173c  20410001	addi	r1,r2,#1
  755  00001740  00011020	add	r2,r0,r1
  756  00001744  afc20004	sw	4(r30),r2
  757  00001748          	L27_LF2:
  758  00001748  8fc2fff4	lw	r2,-12(r30)
  759  0000174c  20410001	addi	r1,r2,#1
  760  00001750  00011020	add	r2,r0,r1
  761  00001754  afc2fff4	sw	-12(r30),r2
  762  00001758  0bffff64	j	L25_LF2
  763  0000175c  54000000	nop; delay slot nop
  764  00001760          	L26_LF2:
  765  00001760  8fc1fff4	lw	r1,-12(r30)
  766  00001764  8fc20008	lw	r2,8(r30)
  767  00001768  00220828	seq	r1,r1,r2
  768  0000176c  10200018	beqz	r1,L32_LF2
  769  00001770  54000000	nop; delay slot nop
  770  00001774  20010000	addi	r1,r0,#0
  771  00001778  08000054	j	L24_LF2
  772  0000177c  54000000	nop; delay slot nop
  773  00001780  0800004c	j	L33_LF2
  774  00001784  54000000	nop; delay slot nop
  775  00001788          	L32_LF2:
  776  00001788  8fc20000	lw	r2,(r30)
  777  0000178c  90410000	lbu	r1,(r2)
  778  00001790  8fc20004	lw	r2,4(r30)
  779  00001794  90430000	lbu	r3,(r2)
  780  00001798  00230822	sub	r1,r1,r3
  781  0000179c  74220000	sgei	r2,r1,#0
  782  000017a0  10400020	beqz	r2,L34_LF2
  783  000017a4  54000000	nop; delay slot nop
  784  000017a8  8fc10000	lw	r1,(r30)
  785  000017ac  8fc20004	lw	r2,4(r30)
  786  000017b0  90210000	lbu	r1,(r1)
  787  000017b4  90420000	lbu	r2,(r2)
  788  000017b8  00220829	sne	r1,r1,r2
  789  000017bc  08000008	j	L35_LF2
  790  000017c0  54000000	nop; delay slot nop
  791  000017c4          	L34_LF2:
  792  000017c4  2001ffff	addi	r1,r0,#-1
  793  000017c8          	L35_LF2:
  794  000017c8  08000004	j	L24_LF2
  795  000017cc  54000000	nop; delay slot nop
  796  000017d0          	L33_LF2:
  797  000017d0          	L24_LF2:
  798  000017d0  8fa20000	lw	r2,0(r29)
  799  000017d4  8fa30004	lw	r3,4(r29)
  800  000017d8  8fdffff8	lw	r31,-8(r30)
  801  000017dc  001ee820	add	r29,r0,r30
  802  000017e0  8fdefffc	lw	r30,-4(r30)
  803  000017e4  4be00000	jr	r31
  804  000017e8  54000000	nop
  805  000017ec          	.endproc _dstrncmp
  806  000017ec          	.align 2
  807  000017ec          	.proc _dstrlen
  808  000017ec          	.global _dstrlen
  809  000017ec          	_dstrlen:
  810                      ;  Function 'dstrlen'; 8 bytes of locals, 1 regs to save.
  811  000017ec  afbefffc	sw	-4(r29),r30; push fp
  812  000017f0  001df020	add	r30,r0,r29; fp = sp
  813  000017f4  afbffff8	sw	-8(r29),r31; push ret addr
  814  000017f8  2fbd0018	subui	r29,r29,#24; alloc local storage
  815  000017fc  afa20000	sw	0(r29),r2
  816  00001800  20010000	addi	r1,r0,#0
  817  00001804  afc1fff4	sw	-12(r30),r1
  818  00001808          	L37_LF2:
  819  00001808  8fc10000	lw	r1,(r30)
  820  0000180c  20220001	addi	r2,r1,#1
  821  00001810  afc20000	sw	(r30),r2
  822  00001814  90210000	lbu	r1,(r1)
  823  00001818  64220000	snei	r2,r1,#0
  824  0000181c  1440000c	bnez	r2,L39_LF2
  825  00001820  54000000	nop; delay slot nop
  826  00001824  0800001c	j	L38_LF2
  827  00001828  54000000	nop; delay slot nop
  828  0000182c          	L39_LF2:
  829  0000182c  8fc2fff4	lw	r2,-12(r30)
  830  00001830  20410001	addi	r1,r2,#1
  831  00001834  00011020	add	r2,r0,r1
  832  00001838  afc2fff4	sw	-12(r30),r2
  833  0000183c  0bffffc8	j	L37_LF2
  834  00001840  54000000	nop; delay slot nop
  835  00001844          	L38_LF2:
  836  00001844  8fc1fff4	lw	r1,-12(r30)
  837  00001848  08000004	j	L36_LF2
  838  0000184c  54000000	nop; delay slot nop
  839  00001850          	L36_LF2:
  840  00001850  8fa20000	lw	r2,0(r29)
  841  00001854  8fdffff8	lw	r31,-8(r30)
  842  00001858  001ee820	add	r29,r0,r30
  843  0000185c  8fdefffc	lw	r30,-4(r30)
  844  00001860  4be00000	jr	r31
  845  00001864  54000000	nop
  846  00001868          	.endproc _dstrlen
  847  00001868          	.align 2
  848  00001868          	.proc _dstrstr
  849  00001868          	.global _dstrstr
  850  00001868          	_dstrstr:
  851                      ;  Function 'dstrstr'; 8 bytes of locals, 1 regs to save.
  852  00001868  afbefffc	sw	-4(r29),r30; push fp
  853  0000186c  001df020	add	r30,r0,r29; fp = sp
  854  00001870  afbffff8	sw	-8(r29),r31; push ret addr
  855  00001874  2fbd0018	subui	r29,r29,#24; alloc local storage
  856  00001878  afa20000	sw	0(r29),r2
  857  0000187c  23bdfff8	addi	r29,r29,#-8
  858  00001880  001d0820	add	r1,r0,r29
  859  00001884  8fc20004	lw	r2,4(r30)
  860  00001888  ac220000	sw	(r1),r2
  861  0000188c  0fffff5c	jal	_dstrlen
  862  00001890  54000000	nop; delay slot nop
  863  00001894  23bd0008	addi	r29,r29,#8
  864  00001898  afc1fff4	sw	-12(r30),r1
  865  0000189c          	L41_LF2:
  866  0000189c  8fc10000	lw	r1,(r30)
  867  000018a0  90220000	lbu	r2,(r1)
  868  000018a4  64410000	snei	r1,r2,#0
  869  000018a8  1420000c	bnez	r1,L43_LF2
  870  000018ac  54000000	nop; delay slot nop
  871  000018b0  08000060	j	L42_LF2
  872  000018b4  54000000	nop; delay slot nop
  873  000018b8          	L43_LF2:
  874  000018b8  23bdfff0	addi	r29,r29,#-16
  875  000018bc  001d0820	add	r1,r0,r29
  876  000018c0  8fc20000	lw	r2,(r30)
  877  000018c4  ac220000	sw	(r1),r2
  878  000018c8  8fc20004	lw	r2,4(r30)
  879  000018cc  ac220004	sw	4(r1),r2
  880  000018d0  8fc2fff4	lw	r2,-12(r30)
  881  000018d4  ac220008	sw	8(r1),r2
  882  000018d8  0ffffdc0	jal	_dstrncmp
  883  000018dc  54000000	nop; delay slot nop
  884  000018e0  23bd0010	addi	r29,r29,#16
  885  000018e4  64220000	snei	r2,r1,#0
  886  000018e8  14400010	bnez	r2,L44_LF2
  887  000018ec  54000000	nop; delay slot nop
  888  000018f0  8fc10000	lw	r1,(r30)
  889  000018f4  08000028	j	L40_LF2
  890  000018f8  54000000	nop; delay slot nop
  891  000018fc          	L44_LF2:
  892  000018fc  8fc20000	lw	r2,(r30)
  893  00001900  20410001	addi	r1,r2,#1
  894  00001904  00011020	add	r2,r0,r1
  895  00001908  afc20000	sw	(r30),r2
  896  0000190c  0bffff8c	j	L41_LF2
  897  00001910  54000000	nop; delay slot nop
  898  00001914          	L42_LF2:
  899  00001914  20010000	addi	r1,r0,#0
  900  00001918  08000004	j	L40_LF2
  901  0000191c  54000000	nop; delay slot nop
  902  00001920          	L40_LF2:
  903  00001920  8fa20000	lw	r2,0(r29)
  904  00001924  8fdffff8	lw	r31,-8(r30)
  905  00001928  001ee820	add	r29,r0,r30
  906  0000192c  8fdefffc	lw	r30,-4(r30)
  907  00001930  4be00000	jr	r31
  908  00001934  54000000	nop
  909  00001938          	.endproc _dstrstr
  910  00001938          	.align 2
  911  00001938          	.proc _dmindex
  912  00001938          	.global _dmindex
  913  00001938          	_dmindex:
  914                      ;  Function 'dmindex'; 8 bytes of locals, 1 regs to save.
  915  00001938  afbefffc	sw	-4(r29),r30; push fp
  916  0000193c  001df020	add	r30,r0,r29; fp = sp
  917  00001940  afbffff8	sw	-8(r29),r31; push ret addr
  918  00001944  2fbd0018	subui	r29,r29,#24; alloc local storage
  919  00001948  afa20000	sw	0(r29),r2
  920  0000194c  54000000	nop
  921  00001950          	L46_LF2:
  922  00001950  8fc10000	lw	r1,(r30)
  923  00001954  90220000	lbu	r2,(r1)
  924  00001958  64410000	snei	r1,r2,#0
  925  0000195c  1420000c	bnez	r1,L48_LF2
  926  00001960  54000000	nop; delay slot nop
  927  00001964  08000070	j	L47_LF2
  928  00001968  54000000	nop; delay slot nop
  929  0000196c          	L48_LF2:
  930  0000196c  8fc10004	lw	r1,4(r30)
  931  00001970  afc1fff4	sw	-12(r30),r1
  932  00001974          	L49_LF2:
  933  00001974  8fc1fff4	lw	r1,-12(r30)
  934  00001978  90220000	lbu	r2,(r1)
  935  0000197c  64410000	snei	r1,r2,#0
  936  00001980  1420000c	bnez	r1,L52_LF2
  937  00001984  54000000	nop; delay slot nop
  938  00001988  08000044	j	L50_LF2
  939  0000198c  54000000	nop; delay slot nop
  940  00001990          	L52_LF2:
  941  00001990  8fc10000	lw	r1,(r30)
  942  00001994  8fc2fff4	lw	r2,-12(r30)
  943  00001998  90210000	lbu	r1,(r1)
  944  0000199c  90420000	lbu	r2,(r2)
  945  000019a0  00220828	seq	r1,r1,r2
  946  000019a4  10200010	beqz	r1,L51_LF2
  947  000019a8  54000000	nop; delay slot nop
  948  000019ac  8fc10000	lw	r1,(r30)
  949  000019b0  08000030	j	L45_LF2
  950  000019b4  54000000	nop; delay slot nop
  951  000019b8          	L53_LF2:
  952  000019b8          	L51_LF2:
  953  000019b8  8fc2fff4	lw	r2,-12(r30)
  954  000019bc  20410001	addi	r1,r2,#1
  955  000019c0  00011020	add	r2,r0,r1
  956  000019c4  afc2fff4	sw	-12(r30),r2
  957  000019c8  0bffffa8	j	L49_LF2
  958  000019cc  54000000	nop; delay slot nop
  959  000019d0          	L50_LF2:
  960  000019d0  0bffff7c	j	L46_LF2
  961  000019d4  54000000	nop; delay slot nop
  962  000019d8          	L47_LF2:
  963  000019d8  20010000	addi	r1,r0,#0
  964  000019dc  08000004	j	L45_LF2
  965  000019e0  54000000	nop; delay slot nop
  966  000019e4          	L45_LF2:
  967  000019e4  8fa20000	lw	r2,0(r29)
  968  000019e8  8fdffff8	lw	r31,-8(r30)
  969  000019ec  001ee820	add	r29,r0,r30
  970  000019f0  8fdefffc	lw	r30,-4(r30)
  971  000019f4  4be00000	jr	r31
  972  000019f8  54000000	nop
  973  000019fc          	.endproc _dmindex
  974  000019fc          	.align 2
  975  000019fc          	.proc _dindex
  976  000019fc          	.global _dindex
  977  000019fc          	_dindex:
  978                      ;  Function 'dindex'; 0 bytes of locals, 1 regs to save.
  979  000019fc  afbefffc	sw	-4(r29),r30; push fp
  980  00001a00  001df020	add	r30,r0,r29; fp = sp
  981  00001a04  afbffff8	sw	-8(r29),r31; push ret addr
  982  00001a08  2fbd0010	subui	r29,r29,#16; alloc local storage
  983  00001a0c  afa20000	sw	0(r29),r2
  984  00001a10  54000000	nop
  985  00001a14          	L55_LF2:
  986  00001a14  8fc10000	lw	r1,(r30)
  987  00001a18  90220000	lbu	r2,(r1)
  988  00001a1c  64410000	snei	r1,r2,#0
  989  00001a20  1420000c	bnez	r1,L57_LF2
  990  00001a24  54000000	nop; delay slot nop
  991  00001a28  08000040	j	L56_LF2
  992  00001a2c  54000000	nop; delay slot nop
  993  00001a30          	L57_LF2:
  994  00001a30  8fc10000	lw	r1,(r30)
  995  00001a34  90220000	lbu	r2,(r1)
  996  00001a38  8fc10004	lw	r1,4(r30)
  997  00001a3c  00411028	seq	r2,r2,r1
  998  00001a40  10400010	beqz	r2,L58_LF2
  999  00001a44  54000000	nop; delay slot nop
 1000  00001a48  8fc10000	lw	r1,(r30)
 1001  00001a4c  08000028	j	L54_LF2
 1002  00001a50  54000000	nop; delay slot nop
 1003  00001a54          	L58_LF2:
 1004  00001a54  8fc20000	lw	r2,(r30)
 1005  00001a58  20410001	addi	r1,r2,#1
 1006  00001a5c  00011020	add	r2,r0,r1
 1007  00001a60  afc20000	sw	(r30),r2
 1008  00001a64  0bffffac	j	L55_LF2
 1009  00001a68  54000000	nop; delay slot nop
 1010  00001a6c          	L56_LF2:
 1011  00001a6c  20010000	addi	r1,r0,#0
 1012  00001a70  08000004	j	L54_LF2
 1013  00001a74  54000000	nop; delay slot nop
 1014  00001a78          	L54_LF2:
 1015  00001a78  8fa20000	lw	r2,0(r29)
 1016  00001a7c  8fdffff8	lw	r31,-8(r30)
 1017  00001a80  001ee820	add	r29,r0,r30
 1018  00001a84  8fdefffc	lw	r30,-4(r30)
 1019  00001a88  4be00000	jr	r31
 1020  00001a8c  54000000	nop
 1021  00001a90          	.endproc _dindex
 1022  00001a90          	.align 2
 1023  00001a90          	.proc _ditoa
 1024  00001a90          	.global _ditoa
 1025  00001a90          	_ditoa:
 1026                      ;  Function 'ditoa'; 8 bytes of locals, 2 regs to save.
 1027  00001a90  afbefffc	sw	-4(r29),r30; push fp
 1028  00001a94  001df020	add	r30,r0,r29; fp = sp
 1029  00001a98  afbffff8	sw	-8(r29),r31; push ret addr
 1030  00001a9c  2fbd0018	subui	r29,r29,#24; alloc local storage
 1031  00001aa0  afa20000	sw	0(r29),r2
 1032  00001aa4  afa30004	sw	4(r29),r3
 1033  00001aa8  8fc10000	lw	r1,(r30)
 1034  00001aac  68220000	slti	r2,r1,#0
 1035  00001ab0  1040002c	beqz	r2,L60_LF2
 1036  00001ab4  54000000	nop; delay slot nop
 1037  00001ab8  8fc10004	lw	r1,4(r30)
 1038  00001abc  20220001	addi	r2,r1,#1
 1039  00001ac0  afc20004	sw	4(r30),r2
 1040  00001ac4  2002002d	addi	r2,r0,(#0x2d)&0xff
 1041  00001ac8  a0220000	sb	(r1),r2
 1042  00001acc  8fc10000	lw	r1,(r30)
 1043  00001ad0  00011022	sub	r2,r0,r1
 1044  00001ad4  afc20000	sw	(r30),r2
 1045  00001ad8  08000118	j	L61_LF2
 1046  00001adc  54000000	nop; delay slot nop
 1047  00001ae0          	L60_LF2:
 1048  00001ae0  8fc10000	lw	r1,(r30)
 1049  00001ae4  64220000	snei	r2,r1,#0
 1050  00001ae8  14400020	bnez	r2,L62_LF2
 1051  00001aec  54000000	nop; delay slot nop
 1052  00001af0  8fc10004	lw	r1,4(r30)
 1053  00001af4  20220001	addi	r2,r1,#1
 1054  00001af8  afc20004	sw	4(r30),r2
 1055  00001afc  20020030	addi	r2,r0,(#0x30)&0xff
 1056  00001b00  a0220000	sb	(r1),r2
 1057  00001b04  080000ec	j	L61_LF2
 1058  00001b08  54000000	nop; delay slot nop
 1059  00001b0c          	L62_LF2:
 1060  00001b0c  20010001	addi	r1,r0,#1
 1061  00001b10  afc1fff4	sw	-12(r30),r1
 1062  00001b14          	L64_LF2:
 1063  00001b14  8fc1fff4	lw	r1,-12(r30)
 1064  00001b18  8fc20000	lw	r2,(r30)
 1065  00001b1c  0022082c	sle	r1,r1,r2
 1066  00001b20  1420000c	bnez	r1,L66_LF2
 1067  00001b24  54000000	nop; delay slot nop
 1068  00001b28  08000024	j	L65_LF2
 1069  00001b2c  54000000	nop; delay slot nop
 1070  00001b30          	L67_LF2:
 1071  00001b30          	L66_LF2:
 1072  00001b30  8fc1fff4	lw	r1,-12(r30)
 1073  00001b34  00011820	add	r3,r0,r1
 1074  00001b38  50620002	slli	r2,r3,#0x2
 1075  00001b3c  00411020	add	r2,r2,r1
 1076  00001b40  50410001	slli	r1,r2,#0x1
 1077  00001b44  afc1fff4	sw	-12(r30),r1
 1078  00001b48  0bffffc8	j	L64_LF2
 1079  00001b4c  54000000	nop; delay slot nop
 1080  00001b50          	L65_LF2:
 1081  00001b50  54000000	nop
 1082  00001b54          	L68_LF2:
 1083  00001b54  8fc1fff4	lw	r1,-12(r30)
 1084  00001b58  2002000a	addi	r2,r0,#10
 1085  00001b5c  00200035	movi2fp	f0,r1
 1086  00001b60  00400835	movi2fp	f1,r2
 1087  00001b64  0401000f	div	f0,f0,f1
 1088  00001b68  00000834	movfp2i	r1,f0
 1089  00001b6c  afc1fff4	sw	-12(r30),r1
 1090  00001b70  8fc10004	lw	r1,4(r30)
 1091  00001b74  20220001	addi	r2,r1,#1
 1092  00001b78  afc20004	sw	4(r30),r2
 1093  00001b7c  8fc20000	lw	r2,(r30)
 1094  00001b80  8fc3fff4	lw	r3,-12(r30)
 1095  00001b84  00400035	movi2fp	f0,r2
 1096  00001b88  00600835	movi2fp	f1,r3
 1097  00001b8c  0401000f	div	f0,f0,f1
 1098  00001b90  00001034	movfp2i	r2,f0
 1099  00001b94  00021820	add	r3,r0,r2
 1100  00001b98  20620030	addi	r2,r3,#48
 1101  00001b9c  a0220000	sb	(r1),r2
 1102  00001ba0  8fc10000	lw	r1,(r30)
 1103  00001ba4  8fc3fff4	lw	r3,-12(r30)
 1104  00001ba8  00200035	movi2fp	f0,r1
 1105  00001bac  00600835	movi2fp	f1,r3
 1106  00001bb0  0401000f	div	f0,f0,f1
 1107  00001bb4  00001034	movfp2i	r2,f0
 1108  00001bb8  8fc3fff4	lw	r3,-12(r30)
 1109  00001bbc  00400035	movi2fp	f0,r2
 1110  00001bc0  00600835	movi2fp	f1,r3
 1111  00001bc4  0401000e	mult	f0,f0,f1
 1112  00001bc8  00001034	movfp2i	r2,f0
 1113  00001bcc  00220822	sub	r1,r1,r2
 1114  00001bd0  afc10000	sw	(r30),r1
 1115  00001bd4          	L70_LF2:
 1116  00001bd4  8fc1fff4	lw	r1,-12(r30)
 1117  00001bd8  6c220001	sgti	r2,r1,#1
 1118  00001bdc  1440000c	bnez	r2,L71_LF2
 1119  00001be0  54000000	nop; delay slot nop
 1120  00001be4  0800000c	j	L61_LF2
 1121  00001be8  54000000	nop; delay slot nop
 1122  00001bec          	L71_LF2:
 1123  00001bec  0bffff64	j	L68_LF2
 1124  00001bf0  54000000	nop; delay slot nop
 1125  00001bf4          	L69_LF2:
 1126  00001bf4          	L63_LF2:
 1127  00001bf4          	L61_LF2:
 1128  00001bf4  8fc10004	lw	r1,4(r30)
 1129  00001bf8  20020000	addi	r2,r0,(#0x0)&0xff
 1130  00001bfc  a0220000	sb	(r1),r2
 1131  00001c00          	L59_LF2:
 1132  00001c00  8fa20000	lw	r2,0(r29)
 1133  00001c04  8fa30004	lw	r3,4(r29)
 1134  00001c08  8fdffff8	lw	r31,-8(r30)
 1135  00001c0c  001ee820	add	r29,r0,r30
 1136  00001c10  8fdefffc	lw	r30,-4(r30)
 1137  00001c14  4be00000	jr	r31
 1138  00001c18  54000000	nop
 1139  00001c1c          	.endproc _ditoa
 1140  00001c1c          	.align 2
 1141  00001c1c          	.proc _dstrtol
 1142  00001c1c          	.global _dstrtol
 1143  00001c1c          	_dstrtol:
 1144                      ;  Function 'dstrtol'; 16 bytes of locals, 1 regs to save.
 1145  00001c1c  afbefffc	sw	-4(r29),r30; push fp
 1146  00001c20  001df020	add	r30,r0,r29; fp = sp
 1147  00001c24  afbffff8	sw	-8(r29),r31; push ret addr
 1148  00001c28  2fbd0020	subui	r29,r29,#32; alloc local storage
 1149  00001c2c  afa20000	sw	0(r29),r2
 1150  00001c30  20010000	addi	r1,r0,#0
 1151  00001c34  afc1fff4	sw	-12(r30),r1
 1152  00001c38          	L73_LF2:
 1153  00001c38  8fc10000	lw	r1,(r30)
 1154  00001c3c  90220000	lbu	r2,(r1)
 1155  00001c40  60410020	seqi	r1,r2,#32
 1156  00001c44  14200034	bnez	r1,L75_LF2
 1157  00001c48  54000000	nop; delay slot nop
 1158  00001c4c  8fc10000	lw	r1,(r30)
 1159  00001c50  90220000	lbu	r2,(r1)
 1160  00001c54  60410009	seqi	r1,r2,#9
 1161  00001c58  14200020	bnez	r1,L75_LF2
 1162  00001c5c  54000000	nop; delay slot nop
 1163  00001c60  8fc10000	lw	r1,(r30)
 1164  00001c64  90220000	lbu	r2,(r1)
 1165  00001c68  6041000a	seqi	r1,r2,#10
 1166  00001c6c  1420000c	bnez	r1,L75_LF2
 1167  00001c70  54000000	nop; delay slot nop
 1168  00001c74  0800001c	j	L74_LF2
 1169  00001c78  54000000	nop; delay slot nop
 1170  00001c7c          	L75_LF2:
 1171  00001c7c  8fc20000	lw	r2,(r30)
 1172  00001c80  20410001	addi	r1,r2,#1
 1173  00001c84  00011020	add	r2,r0,r1
 1174  00001c88  afc20000	sw	(r30),r2
 1175  00001c8c  0bffffa8	j	L73_LF2
 1176  00001c90  54000000	nop; delay slot nop
 1177  00001c94          	L74_LF2:
 1178  00001c94  8fc10004	lw	r1,4(r30)
 1179  00001c98  64220000	snei	r2,r1,#0
 1180  00001c9c  10400010	beqz	r2,L76_LF2
 1181  00001ca0  54000000	nop; delay slot nop
 1182  00001ca4  8fc10004	lw	r1,4(r30)
 1183  00001ca8  8fc20000	lw	r2,(r30)
 1184  00001cac  ac220000	sw	(r1),r2
 1185  00001cb0          	L76_LF2:
 1186  00001cb0  8fc10000	lw	r1,(r30)
 1187  00001cb4  90220000	lbu	r2,(r1)
 1188  00001cb8  64410000	snei	r1,r2,#0
 1189  00001cbc  14200010	bnez	r1,L77_LF2
 1190  00001cc0  54000000	nop; delay slot nop
 1191  00001cc4  8fc1fff4	lw	r1,-12(r30)
 1192  00001cc8  08000294	j	L72_LF2
 1193  00001ccc  54000000	nop; delay slot nop
 1194  00001cd0          	L77_LF2:
 1195  00001cd0  8fc10000	lw	r1,(r30)
 1196  00001cd4  90220000	lbu	r2,(r1)
 1197  00001cd8  6041002d	seqi	r1,r2,#45
 1198  00001cdc  10200024	beqz	r1,L78_LF2
 1199  00001ce0  54000000	nop; delay slot nop
 1200  00001ce4  2001ffff	addi	r1,r0,#-1
 1201  00001ce8  afc1ffec	sw	-20(r30),r1
 1202  00001cec  8fc20000	lw	r2,(r30)
 1203  00001cf0  20410001	addi	r1,r2,#1
 1204  00001cf4  00011020	add	r2,r0,r1
 1205  00001cf8  afc20000	sw	(r30),r2
 1206  00001cfc  0800000c	j	L79_LF2
 1207  00001d00  54000000	nop; delay slot nop
 1208  00001d04          	L78_LF2:
 1209  00001d04  20010001	addi	r1,r0,#1
 1210  00001d08  afc1ffec	sw	-20(r30),r1
 1211  00001d0c          	L79_LF2:
 1212  00001d0c  8fc10008	lw	r1,8(r30)
 1213  00001d10  64220000	snei	r2,r1,#0
 1214  00001d14  14400090	bnez	r2,L80_LF2
 1215  00001d18  54000000	nop; delay slot nop
 1216  00001d1c  8fc10000	lw	r1,(r30)
 1217  00001d20  90220000	lbu	r2,(r1)
 1218  00001d24  60410030	seqi	r1,r2,#48
 1219  00001d28  10200074	beqz	r1,L81_LF2
 1220  00001d2c  54000000	nop; delay slot nop
 1221  00001d30  8fc20000	lw	r2,(r30)
 1222  00001d34  20410001	addi	r1,r2,#1
 1223  00001d38  00011020	add	r2,r0,r1
 1224  00001d3c  afc20000	sw	(r30),r2
 1225  00001d40  8fc10000	lw	r1,(r30)
 1226  00001d44  90220000	lbu	r2,(r1)
 1227  00001d48  60410078	seqi	r1,r2,#120
 1228  00001d4c  14200020	bnez	r1,L83_LF2
 1229  00001d50  54000000	nop; delay slot nop
 1230  00001d54  8fc10000	lw	r1,(r30)
 1231  00001d58  90220000	lbu	r2,(r1)
 1232  00001d5c  60410058	seqi	r1,r2,#88
 1233  00001d60  1420000c	bnez	r1,L83_LF2
 1234  00001d64  54000000	nop; delay slot nop
 1235  00001d68  08000024	j	L82_LF2
 1236  00001d6c  54000000	nop; delay slot nop
 1237  00001d70          	L83_LF2:
 1238  00001d70  20010010	addi	r1,r0,#16
 1239  00001d74  afc10008	sw	8(r30),r1
 1240  00001d78  8fc20000	lw	r2,(r30)
 1241  00001d7c  20410001	addi	r1,r2,#1
 1242  00001d80  00011020	add	r2,r0,r1
 1243  00001d84  afc20000	sw	(r30),r2
 1244  00001d88  0800000c	j	L84_LF2
 1245  00001d8c  54000000	nop; delay slot nop
 1246  00001d90          	L82_LF2:
 1247  00001d90  20010008	addi	r1,r0,#8
 1248  00001d94  afc10008	sw	8(r30),r1
 1249  00001d98          	L84_LF2:
 1250  00001d98  0800000c	j	L80_LF2
 1251  00001d9c  54000000	nop; delay slot nop
 1252  00001da0          	L81_LF2:
 1253  00001da0  2001000a	addi	r1,r0,#10
 1254  00001da4  afc10008	sw	8(r30),r1
 1255  00001da8          	L85_LF2:
 1256  00001da8          	L80_LF2:
 1257  00001da8  8fc10008	lw	r1,8(r30)
 1258  00001dac  70220000	slei	r2,r1,#0
 1259  00001db0  1440001c	bnez	r2,L87_LF2
 1260  00001db4  54000000	nop; delay slot nop
 1261  00001db8  8fc10008	lw	r1,8(r30)
 1262  00001dbc  6c220010	sgti	r2,r1,#16
 1263  00001dc0  1440000c	bnez	r2,L87_LF2
 1264  00001dc4  54000000	nop; delay slot nop
 1265  00001dc8  08000010	j	L86_LF2
 1266  00001dcc  54000000	nop; delay slot nop
 1267  00001dd0          	L87_LF2:
 1268  00001dd0  8fc1fff4	lw	r1,-12(r30)
 1269  00001dd4  08000188	j	L72_LF2
 1270  00001dd8  54000000	nop; delay slot nop
 1271  00001ddc          	L86_LF2:
 1272  00001ddc  54000000	nop
 1273  00001de0          	L88_LF2:
 1274  00001de0  8fc10000	lw	r1,(r30)
 1275  00001de4  90220000	lbu	r2,(r1)
 1276  00001de8  6c41002f	sgtui	r1,r2,#47
 1277  00001dec  10200030	beqz	r1,L91_LF2
 1278  00001df0  54000000	nop; delay slot nop
 1279  00001df4  8fc10000	lw	r1,(r30)
 1280  00001df8  90220000	lbu	r2,(r1)
 1281  00001dfc  70410039	sleui	r1,r2,#57
 1282  00001e00  1020001c	beqz	r1,L91_LF2
 1283  00001e04  54000000	nop; delay slot nop
 1284  00001e08  8fc10000	lw	r1,(r30)
 1285  00001e0c  90220000	lbu	r2,(r1)
 1286  00001e10  2041ffd0	addi	r1,r2,#-48
 1287  00001e14  afc1fff0	sw	-16(r30),r1
 1288  00001e18  0800008c	j	L92_LF2
 1289  00001e1c  54000000	nop; delay slot nop
 1290  00001e20          	L91_LF2:
 1291  00001e20  8fc10000	lw	r1,(r30)
 1292  00001e24  90220000	lbu	r2,(r1)
 1293  00001e28  6c410060	sgtui	r1,r2,#96
 1294  00001e2c  10200030	beqz	r1,L93_LF2
 1295  00001e30  54000000	nop; delay slot nop
 1296  00001e34  8fc10000	lw	r1,(r30)
 1297  00001e38  90220000	lbu	r2,(r1)
 1298  00001e3c  7041007a	sleui	r1,r2,#122
 1299  00001e40  1020001c	beqz	r1,L93_LF2
 1300  00001e44  54000000	nop; delay slot nop
 1301  00001e48  8fc10000	lw	r1,(r30)
 1302  00001e4c  90220000	lbu	r2,(r1)
 1303  00001e50  2041ffa9	addi	r1,r2,#-87
 1304  00001e54  afc1fff0	sw	-16(r30),r1
 1305  00001e58  0800004c	j	L92_LF2
 1306  00001e5c  54000000	nop; delay slot nop
 1307  00001e60          	L93_LF2:
 1308  00001e60  8fc10000	lw	r1,(r30)
 1309  00001e64  90220000	lbu	r2,(r1)
 1310  00001e68  6c410040	sgtui	r1,r2,#64
 1311  00001e6c  10200030	beqz	r1,L95_LF2
 1312  00001e70  54000000	nop; delay slot nop
 1313  00001e74  8fc10000	lw	r1,(r30)
 1314  00001e78  90220000	lbu	r2,(r1)
 1315  00001e7c  7041005a	sleui	r1,r2,#90
 1316  00001e80  1020001c	beqz	r1,L95_LF2
 1317  00001e84  54000000	nop; delay slot nop
 1318  00001e88  8fc10000	lw	r1,(r30)
 1319  00001e8c  90220000	lbu	r2,(r1)
 1320  00001e90  2041ffc9	addi	r1,r2,#-55
 1321  00001e94  afc1fff0	sw	-16(r30),r1
 1322  00001e98  0800000c	j	L92_LF2
 1323  00001e9c  54000000	nop; delay slot nop
 1324  00001ea0          	L95_LF2:
 1325  00001ea0  200103e8	addi	r1,r0,#1000
 1326  00001ea4  afc1fff0	sw	-16(r30),r1
 1327  00001ea8          	L96_LF2:
 1328  00001ea8          	L94_LF2:
 1329  00001ea8          	L92_LF2:
 1330  00001ea8  8fc1fff0	lw	r1,-16(r30)
 1331  00001eac  8fc20008	lw	r2,8(r30)
 1332  00001eb0  0022082a	slt	r1,r1,r2
 1333  00001eb4  10200040	beqz	r1,L90_LF2
 1334  00001eb8  54000000	nop; delay slot nop
 1335  00001ebc  8fc1fff4	lw	r1,-12(r30)
 1336  00001ec0  8fc20008	lw	r2,8(r30)
 1337  00001ec4  00200035	movi2fp	f0,r1
 1338  00001ec8  00400835	movi2fp	f1,r2
 1339  00001ecc  0401000e	mult	f0,f0,f1
 1340  00001ed0  00000834	movfp2i	r1,f0
 1341  00001ed4  afc1fff4	sw	-12(r30),r1
 1342  00001ed8  8fc1fff4	lw	r1,-12(r30)
 1343  00001edc  8fc2fff0	lw	r2,-16(r30)
 1344  00001ee0  00220820	add	r1,r1,r2
 1345  00001ee4  afc1fff4	sw	-12(r30),r1
 1346  00001ee8  8fc20000	lw	r2,(r30)
 1347  00001eec  20410001	addi	r1,r2,#1
 1348  00001ef0  00011020	add	r2,r0,r1
 1349  00001ef4  afc20000	sw	(r30),r2
 1350  00001ef8          	L97_LF2:
 1351  00001ef8          	L90_LF2:
 1352  00001ef8  8fc1fff0	lw	r1,-16(r30)
 1353  00001efc  8fc20008	lw	r2,8(r30)
 1354  00001f00  0022082a	slt	r1,r1,r2
 1355  00001f04  1420000c	bnez	r1,L98_LF2
 1356  00001f08  54000000	nop; delay slot nop
 1357  00001f0c  0800000c	j	L89_LF2
 1358  00001f10  54000000	nop; delay slot nop
 1359  00001f14          	L98_LF2:
 1360  00001f14  0bfffec8	j	L88_LF2
 1361  00001f18  54000000	nop; delay slot nop
 1362  00001f1c          	L89_LF2:
 1363  00001f1c  8fc10004	lw	r1,4(r30)
 1364  00001f20  64220000	snei	r2,r1,#0
 1365  00001f24  10400010	beqz	r2,L99_LF2
 1366  00001f28  54000000	nop; delay slot nop
 1367  00001f2c  8fc10004	lw	r1,4(r30)
 1368  00001f30  8fc20000	lw	r2,(r30)
 1369  00001f34  ac220000	sw	(r1),r2
 1370  00001f38          	L99_LF2:
 1371  00001f38  8fc1fff4	lw	r1,-12(r30)
 1372  00001f3c  8fc2ffec	lw	r2,-20(r30)
 1373  00001f40  00200035	movi2fp	f0,r1
 1374  00001f44  00400835	movi2fp	f1,r2
 1375  00001f48  0401000e	mult	f0,f0,f1
 1376  00001f4c  00000834	movfp2i	r1,f0
 1377  00001f50  afc1fff4	sw	-12(r30),r1
 1378  00001f54  8fc1fff4	lw	r1,-12(r30)
 1379  00001f58  08000004	j	L72_LF2
 1380  00001f5c  54000000	nop; delay slot nop
 1381  00001f60          	L72_LF2:
 1382  00001f60  8fa20000	lw	r2,0(r29)
 1383  00001f64  8fdffff8	lw	r31,-8(r30)
 1384  00001f68  001ee820	add	r29,r0,r30
 1385  00001f6c  8fdefffc	lw	r30,-4(r30)
 1386  00001f70  4be00000	jr	r31
 1387  00001f74  54000000	nop
 1388  00001f78          	.endproc _dstrtol
 1389  00001f78          	.align 2
 1390  00001f78          	.proc _bcopy
 1391  00001f78          	.global _bcopy
 1392  00001f78          	_bcopy:
 1393                      ;  Function 'bcopy'; 0 bytes of locals, 2 regs to save.
 1394  00001f78  afbefffc	sw	-4(r29),r30; push fp
 1395  00001f7c  001df020	add	r30,r0,r29; fp = sp
 1396  00001f80  afbffff8	sw	-8(r29),r31; push ret addr
 1397  00001f84  2fbd0010	subui	r29,r29,#16; alloc local storage
 1398  00001f88  afa20000	sw	0(r29),r2
 1399  00001f8c  afa30004	sw	4(r29),r3
 1400  00001f90  54000000	nop
 1401  00001f94          	L101_LF2:
 1402  00001f94  8fc10008	lw	r1,8(r30)
 1403  00001f98  2022ffff	addi	r2,r1,#-1
 1404  00001f9c  afc20008	sw	8(r30),r2
 1405  00001fa0  6c210000	sgti	r1,r1,#0
 1406  00001fa4  1420000c	bnez	r1,L103_LF2
 1407  00001fa8  54000000	nop; delay slot nop
 1408  00001fac  0800002c	j	L102_LF2
 1409  00001fb0  54000000	nop; delay slot nop
 1410  00001fb4          	L103_LF2:
 1411  00001fb4  8fc10004	lw	r1,4(r30)
 1412  00001fb8  20220001	addi	r2,r1,#1
 1413  00001fbc  afc20004	sw	4(r30),r2
 1414  00001fc0  8fc20000	lw	r2,(r30)
 1415  00001fc4  20430001	addi	r3,r2,#1
 1416  00001fc8  afc30000	sw	(r30),r3
 1417  00001fcc  80420000	lb	r2,(r2)
 1418  00001fd0  a0220000	sb	(r1),r2
 1419  00001fd4  0bffffbc	j	L101_LF2
 1420  00001fd8  54000000	nop; delay slot nop
 1421  00001fdc          	L102_LF2:
 1422  00001fdc          	L100_LF2:
 1423  00001fdc  8fa20000	lw	r2,0(r29)
 1424  00001fe0  8fa30004	lw	r3,4(r29)
 1425  00001fe4  8fdffff8	lw	r31,-8(r30)
 1426  00001fe8  001ee820	add	r29,r0,r30
 1427  00001fec  8fdefffc	lw	r30,-4(r30)
 1428  00001ff0  4be00000	jr	r31
 1429  00001ff4  54000000	nop
 1430  00001ff8          	.endproc _bcopy
 1431  00001ff8          	.align 2
 1432  00001ff8          	.proc _bzero
 1433  00001ff8          	.global _bzero
 1434  00001ff8          	_bzero:
 1435                      ;  Function 'bzero'; 0 bytes of locals, 1 regs to save.
 1436  00001ff8  afbefffc	sw	-4(r29),r30; push fp
 1437  00001ffc  001df020	add	r30,r0,r29; fp = sp
 1438  00002000  afbffff8	sw	-8(r29),r31; push ret addr
 1439  00002004  2fbd0010	subui	r29,r29,#16; alloc local storage
 1440  00002008  afa20000	sw	0(r29),r2
 1441  0000200c  54000000	nop
 1442  00002010          	L105_LF2:
 1443  00002010  8fc10004	lw	r1,4(r30)
 1444  00002014  2022ffff	addi	r2,r1,#-1
 1445  00002018  afc20004	sw	4(r30),r2
 1446  0000201c  6c210000	sgti	r1,r1,#0
 1447  00002020  1420000c	bnez	r1,L107_LF2
 1448  00002024  54000000	nop; delay slot nop
 1449  00002028  08000020	j	L106_LF2
 1450  0000202c  54000000	nop; delay slot nop
 1451  00002030          	L107_LF2:
 1452  00002030  8fc10000	lw	r1,(r30)
 1453  00002034  20220001	addi	r2,r1,#1
 1454  00002038  afc20000	sw	(r30),r2
 1455  0000203c  20020000	addi	r2,r0,(#0x0)&0xff
 1456  00002040  a0220000	sb	(r1),r2
 1457  00002044  0bffffc8	j	L105_LF2
 1458  00002048  54000000	nop; delay slot nop
 1459  0000204c          	L106_LF2:
 1460  0000204c          	L104_LF2:
 1461  0000204c  8fa20000	lw	r2,0(r29)
 1462  00002050  8fdffff8	lw	r31,-8(r30)
 1463  00002054  001ee820	add	r29,r0,r30
 1464  00002058  8fdefffc	lw	r30,-4(r30)
 1465  0000205c  4be00000	jr	r31
 1466  00002060  54000000	nop
 1467  00002064          	.endproc _bzero
 1468  00002064          	.align 2
 1469  00002064          	.proc _min
 1470  00002064          	.global _min
 1471  00002064          	_min:
 1472                      ;  Function 'min'; 0 bytes of locals, 2 regs to save.
 1473  00002064  afbefffc	sw	-4(r29),r30; push fp
 1474  00002068  001df020	add	r30,r0,r29; fp = sp
 1475  0000206c  afbffff8	sw	-8(r29),r31; push ret addr
 1476  00002070  2fbd0010	subui	r29,r29,#16; alloc local storage
 1477  00002074  afa20000	sw	0(r29),r2
 1478  00002078  afa30004	sw	4(r29),r3
 1479  0000207c  8fc10000	lw	r1,(r30)
 1480  00002080  8fc20004	lw	r2,4(r30)
 1481  00002084  0022182c	sle	r3,r1,r2
 1482  00002088  14600008	bnez	r3,L109_LF2
 1483  0000208c  54000000	nop; delay slot nop
 1484  00002090  8fc10004	lw	r1,4(r30)
 1485  00002094          	L109_LF2:
 1486  00002094  08000004	j	L108_LF2
 1487  00002098  54000000	nop; delay slot nop
 1488  0000209c          	L108_LF2:
 1489  0000209c  8fa20000	lw	r2,0(r29)
 1490  000020a0  8fa30004	lw	r3,4(r29)
 1491  000020a4  8fdffff8	lw	r31,-8(r30)
 1492  000020a8  001ee820	add	r29,r0,r30
 1493  000020ac  8fdefffc	lw	r30,-4(r30)
 1494  000020b0  4be00000	jr	r31
 1495  000020b4  54000000	nop
 1496  000020b8          	.endproc _min
 1497  000020b8          	.align 2
 1498  000020b8          	.proc _max
 1499  000020b8          	.global _max
 1500  000020b8          	_max:
 1501                      ;  Function 'max'; 0 bytes of locals, 2 regs to save.
 1502  000020b8  afbefffc	sw	-4(r29),r30; push fp
 1503  000020bc  001df020	add	r30,r0,r29; fp = sp
 1504  000020c0  afbffff8	sw	-8(r29),r31; push ret addr
 1505  000020c4  2fbd0010	subui	r29,r29,#16; alloc local storage
 1506  000020c8  afa20000	sw	0(r29),r2
 1507  000020cc  afa30004	sw	4(r29),r3
 1508  000020d0  8fc10000	lw	r1,(r30)
 1509  000020d4  8fc20004	lw	r2,4(r30)
 1510  000020d8  0022182d	sge	r3,r1,r2
 1511  000020dc  14600008	bnez	r3,L111_LF2
 1512  000020e0  54000000	nop; delay slot nop
 1513  000020e4  8fc10004	lw	r1,4(r30)
 1514  000020e8          	L111_LF2:
 1515  000020e8  08000004	j	L110_LF2
 1516  000020ec  54000000	nop; delay slot nop
 1517  000020f0          	L110_LF2:
 1518  000020f0  8fa20000	lw	r2,0(r29)
 1519  000020f4  8fa30004	lw	r3,4(r29)
 1520  000020f8  8fdffff8	lw	r31,-8(r30)
 1521  000020fc  001ee820	add	r29,r0,r30
 1522  00002100  8fdefffc	lw	r30,-4(r30)
 1523  00002104  4be00000	jr	r31
 1524  00002108  54000000	nop
 1525  0000210c          	.endproc _max
 1526                      ;;; Ethan L. Miller, 1999.  Released to the public domain
 1527                      ;;;
 1528                      ;;; Most of the traps are called in files from libtraps.
 1531  0000210c          	.align 2
 1532  0000210c          	.proc _exit
 1533  0000210c          	.global _exit
 1534  0000210c          	_exit:
 1535  0000210c  44000300	trap	#0x300
 1536  00002110  4be00000	jr	r31
 1537  00002114  54000000	nop
 1538  00002118          	.endproc _exit
 1540                      ; for the benefit of gcc.
 1541  00002118          	.proc ___main
 1542  00002118          	.global ___main
 1543  00002118          	___main:
 1544  00002118  4be00000	jr	r31
 1545  0000211c  54000000	nop
 1546  00002120          	.endproc ___main
 1547  00002120          	.text
 1548  00002120          	.global _etext
 1549  00002120          	_etext:
 1550  00002120          	.align 3
 1551  00002120          	.data
 1552  000030a2          	.global _edata
 1553  000030a2          	_edata:
