 line   address	contents
    1                      ; Linked by DLX-LD.
    2                      ; MemSize 24576
    3                      ; Data size: 446
    4                      ; Text size: 5040
    5                      ; Stack size: 8192
    6  00000000          	.text 0x1000
    7  00001000          	.data 0x3000
    8                      ; Compiled by GCC
    9  00003000          	.text
   10  00001000          	.align 2
   11  00001000          	.proc _isspace
   12  00001000          	.global _isspace
   13  00001000          	_isspace:
   14                      ;  Function 'isspace'; 0 bytes of locals, 1 regs to save.
   15  00001000  afbefffc	sw	-4(r29),r30; push fp
   16  00001004  001df020	add	r30,r0,r29; fp = sp
   17  00001008  afbffff8	sw	-8(r29),r31; push ret addr
   18  0000100c  2fbd0010	subui	r29,r29,#16; alloc local storage
   19  00001010  afa20000	sw	0(r29),r2
   20  00001014  83c20003	lb	r2,3(r30)
   21  00001018  201f0000	addi	r31,r0,#0
   22  0000101c  304100ff	andi	r1,r2,#0x00ff
   23  00001020  60210020	seqi	r1,r1,#32
   24  00001024  14200018	bnez	r1,L6_LF0
   25  00001028  54000000	nop; not filled.
   26  0000102c  2041fff7	addi	r1,r2,#-9
   27  00001030  302100ff	andi	r1,r1,#0x00ff
   28  00001034  70210001	sleui	r1,r1,#1
   29  00001038  10200008	beqz	r1,L5_LF0
   30  0000103c  54000000	nop; not filled.
   31  00001040          	L6_LF0:
   32  00001040  201f0001	addi	r31,r0,#1
   33  00001044          	L5_LF0:
   34  00001044  001f0820	add	r1,r0,r31
   35  00001048  8fa20000	lw	r2,0(r29)
   36  0000104c  8fdffff8	lw	r31,-8(r30)
   37  00001050  001ee820	add	r29,r0,r30
   38  00001054  8fdefffc	lw	r30,-4(r30)
   39  00001058  4be00000	jr	r31
   40  0000105c  54000000	nop
   41  00001060          	.endproc _isspace
   42  00001060          	.align 2
   43  00001060          	.proc _isxdigit
   44  00001060          	.global _isxdigit
   45  00001060          	_isxdigit:
   46                      ;  Function 'isxdigit'; 0 bytes of locals, 1 regs to save.
   47  00001060  afbefffc	sw	-4(r29),r30; push fp
   48  00001064  001df020	add	r30,r0,r29; fp = sp
   49  00001068  afbffff8	sw	-8(r29),r31; push ret addr
   50  0000106c  2fbd0010	subui	r29,r29,#16; alloc local storage
   51  00001070  afa20000	sw	0(r29),r2
   52  00001074  83df0003	lb	r31,3(r30)
   53  00001078  20020000	addi	r2,r0,#0
   54  0000107c  23e1ffd0	addi	r1,r31,#-48
   55  00001080  302100ff	andi	r1,r1,#0x00ff
   56  00001084  70210009	sleui	r1,r1,#9
   57  00001088  14200028	bnez	r1,L12_LF0
   58  0000108c  54000000	nop; not filled.
   59  00001090  23e1ff9f	addi	r1,r31,#-97
   60  00001094  302100ff	andi	r1,r1,#0x00ff
   61  00001098  70210005	sleui	r1,r1,#5
   62  0000109c  14200014	bnez	r1,L12_LF0
   63  000010a0  54000000	nop; not filled.
   64  000010a4  33e100ff	andi	r1,r31,#0x00ff
   65  000010a8  64210041	snei	r1,r1,#65
   66  000010ac  14200008	bnez	r1,L11_LF0
   67  000010b0  54000000	nop; not filled.
   68  000010b4          	L12_LF0:
   69  000010b4  20020001	addi	r2,r0,#1
   70  000010b8          	L11_LF0:
   71  000010b8  00020820	add	r1,r0,r2
   72  000010bc  8fa20000	lw	r2,0(r29)
   73  000010c0  8fdffff8	lw	r31,-8(r30)
   74  000010c4  001ee820	add	r29,r0,r30
   75  000010c8  8fdefffc	lw	r30,-4(r30)
   76  000010cc  4be00000	jr	r31
   77  000010d0  54000000	nop
   78  000010d4          	.endproc _isxdigit
   79  000010d4          	.data
   80  00003000          	.align 2
   81  00003000          	LC0_LF0:
   82  00003000  52656163	.ascii "Reaction 3: starting\n\000"
   82  00003004  74696f6e	
   82  00003008  20333a20	
   82  0000300c  73746172	
   82  00003010  74696e67	
   82  00003014  0a00    	
   83  00003016          	.align 2
   84  00003018          	LC1_LF0:
   85  00003018  55736167	.ascii "Usage: \000"
   85  0000301c  653a2000	
   86  00003020          	.align 2
   87  00003020          	LC2_LF0:
   88  00003020  203c6861	.ascii " <handle_to_proc_semaphore> <handle_to_N_mailbox> <handle_to_O2_mailbo"
   88  00003024  6e646c65	
   88  00003028  5f746f5f	
   88  0000302c  70726f63	
   88  00003030  5f73656d	
   88  00003034  6170686f	
   88  00003038  72653e20	
   88  0000303c  3c68616e	
   88  00003040  646c655f	
   88  00003044  746f5f4e	
   88  00003048  5f6d6169	
   88  0000304c  6c626f78	
   88  00003050  3e203c68	
   88  00003054  616e646c	
   88  00003058  655f746f	
   88  0000305c  5f4f325f	
   88  00003060  6d61696c	
   88  00003064  626f    	
   89  00003066  783e203c	.ascii "x> <handle_to_NO2_mailbox>\n\000"
   89  0000306a  68616e64	
   89  0000306e  6c655f74	
   89  00003072  6f5f4e4f	
   89  00003076  325f6d61	
   89  0000307a  696c626f	
   89  0000307e  783e0a00	
   90  00003082          	.align 2
   91  00003084          	LC3_LF0:
   92  00003084  42616420	.ascii "Bad mailbox open mb_n\n\000"
   92  00003088  6d61696c	
   92  0000308c  626f7820	
   92  00003090  6f70656e	
   92  00003094  206d625f	
   92  00003098  6e0a00  	
   93  0000309b          	.align 2
   94  0000309c          	LC4_LF0:
   95  0000309c  42616420	.ascii "Bad mailbox open mb_o2\n\000"
   95  000030a0  6d61696c	
   95  000030a4  626f7820	
   95  000030a8  6f70656e	
   95  000030ac  206d625f	
   95  000030b0  6f320a00	
   96  000030b4          	.align 2
   97  000030b4          	LC5_LF0:
   98  000030b4  42616420	.ascii "Bad mailbox open mb_no2\n\000"
   98  000030b8  6d61696c	
   98  000030bc  626f7820	
   98  000030c0  6f70656e	
   98  000030c4  206d625f	
   98  000030c8  6e6f320a	
   98  000030cc  00      	
   99  000030cd          	.align 2
  100  000030d0          	LC6_LF0:
  101  000030d0  52656376	.ascii "Recv N from mb_n\n\000"
  101  000030d4  204e2066	
  101  000030d8  726f6d20	
  101  000030dc  6d625f6e	
  101  000030e0  0a00    	
  102  000030e2          	.align 2
  103  000030e4          	LC7_LF0:
  104  000030e4  52656376	.ascii "Recv O2 from mb_o2\n\000"
  104  000030e8  204f3220	
  104  000030ec  66726f6d	
  104  000030f0  206d625f	
  104  000030f4  6f320a00	
  105  000030f8          	.align 2
  106  000030f8          	LC8_LF0:
  107  000030f8  4e4f3200	.ascii "NO2\000"
  108  000030fc          	.align 2
  109  000030fc          	LC9_LF0:
  110  000030fc  53656e74	.ascii "Sent NO2 to mb_no2\n\000"
  110  00003100  204e4f32	
  110  00003104  20746f20	
  110  00003108  6d625f6e	
  110  0000310c  6f320a00	
  111  00003110          	.align 2
  112  00003110          	LC10_LF0:
  113  00003110  42616420	.ascii "Bad mailbox close mb_n\n\000"
  113  00003114  6d61696c	
  113  00003118  626f7820	
  113  0000311c  636c6f73	
  113  00003120  65206d62	
  113  00003124  5f6e0a00	
  114  00003128          	.align 2
  115  00003128          	LC11_LF0:
  116  00003128  42616420	.ascii "Bad mailbox close mb_o2\n\000"
  116  0000312c  6d61696c	
  116  00003130  626f7820	
  116  00003134  636c6f73	
  116  00003138  65206d62	
  116  0000313c  5f6f320a	
  116  00003140  00      	
  117  00003141          	.align 2
  118  00003144          	LC12_LF0:
  119  00003144  42616420	.ascii "Bad mailbox close mb_no2\n\000"
  119  00003148  6d61696c	
  119  0000314c  626f7820	
  119  00003150  636c6f73	
  119  00003154  65206d62	
  119  00003158  5f6e6f32	
  119  0000315c  0a00    	
  120  0000315e          	.align 2
  121  00003160          	LC13_LF0:
  122  00003160  52656163	.ascii "Reaction 3: PID %d is complete.\n\000"
  122  00003164  74696f6e	
  122  00003168  20333a20	
  122  0000316c  50494420	
  122  00003170  25642069	
  122  00003174  7320636f	
  122  00003178  6d706c65	
  122  0000317c  74652e0a	
  122  00003180  00      	
  123  00003181          	.align 2
  124  00003184          	LC14_LF0:
  125  00003184  42616420	.ascii "Bad semaphore s_procs_completed (%d) in \000"
  125  00003188  73656d61	
  125  0000318c  70686f72	
  125  00003190  6520735f	
  125  00003194  70726f63	
  125  00003198  735f636f	
  125  0000319c  6d706c65	
  125  000031a0  74656420	
  125  000031a4  28256429	
  125  000031a8  20696e20	
  125  000031ac  00      	
  126  000031ad          	.align 2
  127  000031b0          	LC15_LF0:
  128  000031b0  2c206578	.ascii ", exiting...\n\000"
  128  000031b4  6974696e	
  128  000031b8  672e2e2e	
  128  000031bc  0a00    	
  129  000031be          	.text
  130  000010d4          	.align 2
  131  000010d4          	.proc _main
  132  000010d4          	.global _main
  133  000010d4          	_main:
  134                      ;  Function 'main'; 8 bytes of locals, 0 regs to save.
  135  000010d4  afbefffc	sw	-4(r29),r30; push fp
  136  000010d8  001df020	add	r30,r0,r29; fp = sp
  137  000010dc  afbffff8	sw	-8(r29),r31; push ret addr
  138  000010e0  2fbd0010	subui	r29,r29,#16; alloc local storage
  139  000010e4  8fc20000	lw	r2,(r30)
  140  000010e8  8fc60004	lw	r6,4(r30)
  141  000010ec  0c0012b8	jal	___main
  142  000010f0  54000000	nop; not filled.
  143  000010f4  23bdfff8	addi	r29,r29,#-8
  144  000010f8  3c080000	lhi	r8,((LC0_LF0)>>16)&0xffff
  145  000010fc  25083000	addui	r8,r8,(LC0_LF0)&0xffff
  146  00001100  afa80000	sw	(r29),r8
  147  00001104  0c0003f0	jal	_Printf
  148  00001108  54000000	nop; not filled.
  149  0000110c  23bd0008	addi	r29,r29,#8
  150  00001110  64410005	snei	r1,r2,#5
  151  00001114  1020004c	beqz	r1,L14_LF0
  152  00001118  54000000	nop; not filled.
  153  0000111c  23bdfff8	addi	r29,r29,#-8
  154  00001120  3c080000	lhi	r8,((LC1_LF0)>>16)&0xffff
  155  00001124  25083018	addui	r8,r8,(LC1_LF0)&0xffff
  156  00001128  afa80000	sw	(r29),r8
  157  0000112c  0c0003c8	jal	_Printf
  158  00001130  54000000	nop; not filled.
  159  00001134  8cc80000	lw	r8,(r6)
  160  00001138  afa80000	sw	(r29),r8
  161  0000113c  0c0003b8	jal	_Printf
  162  00001140  54000000	nop; not filled.
  163  00001144  3c080000	lhi	r8,((LC2_LF0)>>16)&0xffff
  164  00001148  25083020	addui	r8,r8,(LC2_LF0)&0xffff
  165  0000114c  afa80000	sw	(r29),r8
  166  00001150  0c0003a4	jal	_Printf
  167  00001154  54000000	nop; not filled.
  168  00001158  0c0004a4	jal	_Exit
  169  0000115c  54000000	nop; not filled.
  170  00001160  23bd0008	addi	r29,r29,#8
  171  00001164          	L14_LF0:
  172  00001164  23bdfff0	addi	r29,r29,#-16
  173  00001168  8cc80004	lw	r8,4(r6)
  174  0000116c  afa80000	sw	(r29),r8
  175  00001170  20080000	addi	r8,r0,#0
  176  00001174  afa80004	sw	4(r29),r8
  177  00001178  2008000a	addi	r8,r0,#10
  178  0000117c  afa80008	sw	8(r29),r8
  179  00001180  0c000d28	jal	_dstrtol
  180  00001184  54000000	nop; not filled.
  181  00001188  00013820	add	r7,r0,r1
  182  0000118c  8cc80008	lw	r8,8(r6)
  183  00001190  afa80000	sw	(r29),r8
  184  00001194  20080000	addi	r8,r0,#0
  185  00001198  afa80004	sw	4(r29),r8
  186  0000119c  2008000a	addi	r8,r0,#10
  187  000011a0  afa80008	sw	8(r29),r8
  188  000011a4  0c000d04	jal	_dstrtol
  189  000011a8  54000000	nop; not filled.
  190  000011ac  00011820	add	r3,r0,r1
  191  000011b0  8cc8000c	lw	r8,12(r6)
  192  000011b4  afa80000	sw	(r29),r8
  193  000011b8  20080000	addi	r8,r0,#0
  194  000011bc  afa80004	sw	4(r29),r8
  195  000011c0  2008000a	addi	r8,r0,#10
  196  000011c4  afa80008	sw	8(r29),r8
  197  000011c8  0c000ce0	jal	_dstrtol
  198  000011cc  54000000	nop; not filled.
  199  000011d0  00012020	add	r4,r0,r1
  200  000011d4  8cc80010	lw	r8,16(r6)
  201  000011d8  afa80000	sw	(r29),r8
  202  000011dc  20080000	addi	r8,r0,#0
  203  000011e0  afa80004	sw	4(r29),r8
  204  000011e4  2008000a	addi	r8,r0,#10
  205  000011e8  afa80008	sw	8(r29),r8
  206  000011ec  0c000cbc	jal	_dstrtol
  207  000011f0  54000000	nop; not filled.
  208  000011f4  00012820	add	r5,r0,r1
  209  000011f8  afa30000	sw	(r29),r3
  210  000011fc  0c0003b8	jal	_mbox_open
  211  00001200  54000000	nop; not filled.
  212  00001204  23bd0010	addi	r29,r29,#16
  213  00001208  64210000	snei	r1,r1,#0
  214  0000120c  14200028	bnez	r1,L15_LF0
  215  00001210  54000000	nop; not filled.
  216  00001214  23bdfff8	addi	r29,r29,#-8
  217  00001218  3c080000	lhi	r8,((LC3_LF0)>>16)&0xffff
  218  0000121c  25083084	addui	r8,r8,(LC3_LF0)&0xffff
  219  00001220  afa80000	sw	(r29),r8
  220  00001224  0c0002d0	jal	_Printf
  221  00001228  54000000	nop; not filled.
  222  0000122c  0c0003d0	jal	_Exit
  223  00001230  54000000	nop; not filled.
  224  00001234  23bd0008	addi	r29,r29,#8
  225  00001238          	L15_LF0:
  226  00001238  23bdfff8	addi	r29,r29,#-8
  227  0000123c  afa40000	sw	(r29),r4
  228  00001240  0c000374	jal	_mbox_open
  229  00001244  54000000	nop; not filled.
  230  00001248  23bd0008	addi	r29,r29,#8
  231  0000124c  64210000	snei	r1,r1,#0
  232  00001250  14200028	bnez	r1,L16_LF0
  233  00001254  54000000	nop; not filled.
  234  00001258  23bdfff8	addi	r29,r29,#-8
  235  0000125c  3c080000	lhi	r8,((LC4_LF0)>>16)&0xffff
  236  00001260  2508309c	addui	r8,r8,(LC4_LF0)&0xffff
  237  00001264  afa80000	sw	(r29),r8
  238  00001268  0c00028c	jal	_Printf
  239  0000126c  54000000	nop; not filled.
  240  00001270  0c00038c	jal	_Exit
  241  00001274  54000000	nop; not filled.
  242  00001278  23bd0008	addi	r29,r29,#8
  243  0000127c          	L16_LF0:
  244  0000127c  23bdfff8	addi	r29,r29,#-8
  245  00001280  afa50000	sw	(r29),r5
  246  00001284  0c000330	jal	_mbox_open
  247  00001288  54000000	nop; not filled.
  248  0000128c  23bd0008	addi	r29,r29,#8
  249  00001290  64210000	snei	r1,r1,#0
  250  00001294  14200028	bnez	r1,L17_LF0
  251  00001298  54000000	nop; not filled.
  252  0000129c  23bdfff8	addi	r29,r29,#-8
  253  000012a0  3c080000	lhi	r8,((LC5_LF0)>>16)&0xffff
  254  000012a4  250830b4	addui	r8,r8,(LC5_LF0)&0xffff
  255  000012a8  afa80000	sw	(r29),r8
  256  000012ac  0c000248	jal	_Printf
  257  000012b0  54000000	nop; not filled.
  258  000012b4  0c000348	jal	_Exit
  259  000012b8  54000000	nop; not filled.
  260  000012bc  23bd0008	addi	r29,r29,#8
  261  000012c0          	L17_LF0:
  262  000012c0  23bdfff0	addi	r29,r29,#-16
  263  000012c4  afa30000	sw	(r29),r3
  264  000012c8  20080001	addi	r8,r0,#1
  265  000012cc  afa80004	sw	4(r29),r8
  266  000012d0  23c2fff0	addi	r2,r30,#-16
  267  000012d4  afa20008	sw	8(r29),r2
  268  000012d8  0c000300	jal	_mbox_recv
  269  000012dc  54000000	nop; not filled.
  270  000012e0  3c080000	lhi	r8,((LC6_LF0)>>16)&0xffff
  271  000012e4  250830d0	addui	r8,r8,(LC6_LF0)&0xffff
  272  000012e8  afa80000	sw	(r29),r8
  273  000012ec  0c000208	jal	_Printf
  274  000012f0  54000000	nop; not filled.
  275  000012f4  afa40000	sw	(r29),r4
  276  000012f8  20080002	addi	r8,r0,#2
  277  000012fc  afa80004	sw	4(r29),r8
  278  00001300  afa20008	sw	8(r29),r2
  279  00001304  0c0002d4	jal	_mbox_recv
  280  00001308  54000000	nop; not filled.
  281  0000130c  3c080000	lhi	r8,((LC7_LF0)>>16)&0xffff
  282  00001310  250830e4	addui	r8,r8,(LC7_LF0)&0xffff
  283  00001314  afa80000	sw	(r29),r8
  284  00001318  0c0001dc	jal	_Printf
  285  0000131c  54000000	nop; not filled.
  286  00001320  afa50000	sw	(r29),r5
  287  00001324  20080003	addi	r8,r0,#3
  288  00001328  afa80004	sw	4(r29),r8
  289  0000132c  3c080000	lhi	r8,((LC8_LF0)>>16)&0xffff
  290  00001330  250830f8	addui	r8,r8,(LC8_LF0)&0xffff
  291  00001334  afa80008	sw	8(r29),r8
  292  00001338  0c000294	jal	_mbox_send
  293  0000133c  54000000	nop; not filled.
  294  00001340  3c080000	lhi	r8,((LC9_LF0)>>16)&0xffff
  295  00001344  250830fc	addui	r8,r8,(LC9_LF0)&0xffff
  296  00001348  afa80000	sw	(r29),r8
  297  0000134c  0c0001a8	jal	_Printf
  298  00001350  54000000	nop; not filled.
  299  00001354  afa30000	sw	(r29),r3
  300  00001358  0c000268	jal	_mbox_close
  301  0000135c  54000000	nop; not filled.
  302  00001360  23bd0010	addi	r29,r29,#16
  303  00001364  64210000	snei	r1,r1,#0
  304  00001368  14200028	bnez	r1,L18_LF0
  305  0000136c  54000000	nop; not filled.
  306  00001370  23bdfff8	addi	r29,r29,#-8
  307  00001374  3c080000	lhi	r8,((LC10_LF0)>>16)&0xffff
  308  00001378  25083110	addui	r8,r8,(LC10_LF0)&0xffff
  309  0000137c  afa80000	sw	(r29),r8
  310  00001380  0c000174	jal	_Printf
  311  00001384  54000000	nop; not filled.
  312  00001388  0c000274	jal	_Exit
  313  0000138c  54000000	nop; not filled.
  314  00001390  23bd0008	addi	r29,r29,#8
  315  00001394          	L18_LF0:
  316  00001394  23bdfff8	addi	r29,r29,#-8
  317  00001398  afa40000	sw	(r29),r4
  318  0000139c  0c000224	jal	_mbox_close
  319  000013a0  54000000	nop; not filled.
  320  000013a4  23bd0008	addi	r29,r29,#8
  321  000013a8  64210000	snei	r1,r1,#0
  322  000013ac  14200028	bnez	r1,L19_LF0
  323  000013b0  54000000	nop; not filled.
  324  000013b4  23bdfff8	addi	r29,r29,#-8
  325  000013b8  3c080000	lhi	r8,((LC11_LF0)>>16)&0xffff
  326  000013bc  25083128	addui	r8,r8,(LC11_LF0)&0xffff
  327  000013c0  afa80000	sw	(r29),r8
  328  000013c4  0c000130	jal	_Printf
  329  000013c8  54000000	nop; not filled.
  330  000013cc  0c000230	jal	_Exit
  331  000013d0  54000000	nop; not filled.
  332  000013d4  23bd0008	addi	r29,r29,#8
  333  000013d8          	L19_LF0:
  334  000013d8  23bdfff8	addi	r29,r29,#-8
  335  000013dc  afa50000	sw	(r29),r5
  336  000013e0  0c0001e0	jal	_mbox_close
  337  000013e4  54000000	nop; not filled.
  338  000013e8  23bd0008	addi	r29,r29,#8
  339  000013ec  64210000	snei	r1,r1,#0
  340  000013f0  14200028	bnez	r1,L20_LF0
  341  000013f4  54000000	nop; not filled.
  342  000013f8  23bdfff8	addi	r29,r29,#-8
  343  000013fc  3c080000	lhi	r8,((LC12_LF0)>>16)&0xffff
  344  00001400  25083144	addui	r8,r8,(LC12_LF0)&0xffff
  345  00001404  afa80000	sw	(r29),r8
  346  00001408  0c0000ec	jal	_Printf
  347  0000140c  54000000	nop; not filled.
  348  00001410  0c0001ec	jal	_Exit
  349  00001414  54000000	nop; not filled.
  350  00001418  23bd0008	addi	r29,r29,#8
  351  0000141c          	L20_LF0:
  352  0000141c  0c0000e4	jal	_getpid
  353  00001420  54000000	nop; not filled.
  354  00001424  23bdfff8	addi	r29,r29,#-8
  355  00001428  3c080000	lhi	r8,((LC13_LF0)>>16)&0xffff
  356  0000142c  25083160	addui	r8,r8,(LC13_LF0)&0xffff
  357  00001430  afa80000	sw	(r29),r8
  358  00001434  afa10004	sw	4(r29),r1
  359  00001438  0c0000bc	jal	_Printf
  360  0000143c  54000000	nop; not filled.
  361  00001440  afa70000	sw	(r29),r7
  362  00001444  0c000104	jal	_sem_signal
  363  00001448  54000000	nop; not filled.
  364  0000144c  23bd0008	addi	r29,r29,#8
  365  00001450  64210001	snei	r1,r1,#1
  366  00001454  10200050	beqz	r1,L21_LF0
  367  00001458  54000000	nop; not filled.
  368  0000145c  23bdfff8	addi	r29,r29,#-8
  369  00001460  3c080000	lhi	r8,((LC14_LF0)>>16)&0xffff
  370  00001464  25083184	addui	r8,r8,(LC14_LF0)&0xffff
  371  00001468  afa80000	sw	(r29),r8
  372  0000146c  afa70004	sw	4(r29),r7
  373  00001470  0c000084	jal	_Printf
  374  00001474  54000000	nop; not filled.
  375  00001478  8cc60000	lw	r6,(r6)
  376  0000147c  afa60000	sw	(r29),r6
  377  00001480  0c000074	jal	_Printf
  378  00001484  54000000	nop; not filled.
  379  00001488  3c080000	lhi	r8,((LC15_LF0)>>16)&0xffff
  380  0000148c  250831b0	addui	r8,r8,(LC15_LF0)&0xffff
  381  00001490  afa80000	sw	(r29),r8
  382  00001494  0c000060	jal	_Printf
  383  00001498  54000000	nop; not filled.
  384  0000149c  0c000160	jal	_Exit
  385  000014a0  54000000	nop; not filled.
  386  000014a4  23bd0008	addi	r29,r29,#8
  387  000014a8          	L21_LF0:
  388  000014a8  0c000ef0	jal	_exit
  389  000014ac  54000000	nop
  390  000014b0          	.endproc _main
  391                      ;;;
  392                      ;;; Stub functions for DLX traps.
  393                      ;;;
  394                      ;;; Ethan L. Miller, 1999.  Released to the public domain.
  395                      ;;;
  396                      ;;; The traps such as Open and Close
  397                      ;;; (note the capital letters) are for use by user programs.  The traps
  398                      ;;; with names such as open and close (lower case) are for use by the OS.
  399                      ;;;
  402  000014b0          	.align 2
  404                      ;;; The following are the traps to be used by user-level programs
  405                      ;;;
  407  000014b0          	.align 2
  408  000014b0          	.proc _Open
  409  000014b0          	.global _Open
  410  000014b0          	_Open:
  411                      ;;; Note that trap #0x213 actually causes a trap vector in the OS of
  412                      ;;; 0x1213.  The same is true for other user traps.  Thus, a user trap
  413                      ;;; with trap #0x240 will result in a trap vector of 0x1240 in the OS.
  414  000014b0  44000213	trap	#0x213
  415  000014b4  4be00000	jr	r31
  416  000014b8  54000000	nop
  417  000014bc          	.endproc _Open
  419  000014bc          	.proc _Close
  420  000014bc          	.global _Close
  421  000014bc          	_Close:
  422  000014bc  44000214	trap	#0x214
  423  000014c0  4be00000	jr	r31
  424  000014c4  54000000	nop
  425  000014c8          	.endproc _Close
  427  000014c8          	.proc _Read
  428  000014c8          	.global _Read
  429  000014c8          	_Read:
  430  000014c8  44000210	trap	#0x210
  431  000014cc  4be00000	jr	r31
  432  000014d0  54000000	nop
  433  000014d4          	.endproc _Read
  435  000014d4          	.proc _Write
  436  000014d4          	.global _Write
  437  000014d4          	_Write:
  438  000014d4  44000211	trap	#0x211
  439  000014d8  4be00000	jr	r31
  440  000014dc  54000000	nop
  441  000014e0          	.endproc _Write
  443  000014e0          	.proc _Lseek
  444  000014e0          	.global _Lseek
  445  000014e0          	_Lseek:
  446  000014e0  44000212	trap	#0x212
  447  000014e4  4be00000	jr	r31
  448  000014e8  54000000	nop
  449  000014ec          	.endproc _Lseek
  451  000014ec          	.proc _Putchar
  452  000014ec          	.global _Putchar
  453  000014ec          	_Putchar:
  454  000014ec  44000280	trap	#0x280
  455  000014f0  4be00000	jr	r31
  456  000014f4  54000000	nop
  457  000014f8          	.endproc _Putchar
  459  000014f8          	.proc _Printf
  460  000014f8          	.global _Printf
  461  000014f8          	_Printf:
  462  000014f8  44000201	trap	#0x201
  463  000014fc  4be00000	jr	r31
  464  00001500  54000000	nop
  465  00001504          	.endproc _Printf
  467  00001504          	.proc _getpid
  468  00001504          	.global _getpid
  469  00001504          	_getpid:
  470  00001504  44000431	trap	#0x431
  471  00001508  4be00000	jr	r31
  472  0000150c  54000000	nop
  473  00001510          	.endproc _getpid
  475  00001510          	.proc _process_create
  476  00001510          	.global _process_create
  477  00001510          	_process_create:
  478  00001510  44000432	trap	#0x432
  479  00001514  4be00000	jr	r31
  480  00001518  54000000	nop
  481  0000151c          	.endproc _process_create
  483  0000151c          	.proc _shmget
  484  0000151c          	.global _shmget
  485  0000151c          	_shmget:
  486  0000151c  44000440	trap	#0x440
  487  00001520  4be00000	jr	r31
  488  00001524  54000000	nop
  489  00001528          	.endproc _shmget
  491  00001528          	.proc _shmat
  492  00001528          	.global _shmat
  493  00001528          	_shmat:
  494  00001528  44000441	trap	#0x441
  495  0000152c  4be00000	jr	r31
  496  00001530  54000000	nop
  497  00001534          	.endproc _shmat
  499  00001534          	.proc _sem_create
  500  00001534          	.global _sem_create
  501  00001534          	_sem_create:
  502  00001534  44000450	trap	#0x450
  503  00001538  4be00000	jr	r31
  504  0000153c  54000000	nop
  505  00001540          	.endproc _sem_create
  507  00001540          	.proc _sem_wait
  508  00001540          	.global _sem_wait
  509  00001540          	_sem_wait:
  510  00001540  44000451	trap	#0x451
  511  00001544  4be00000	jr	r31
  512  00001548  54000000	nop
  513  0000154c          	.endproc _sem_wait
  515  0000154c          	.proc _sem_signal
  516  0000154c          	.global _sem_signal
  517  0000154c          	_sem_signal:
  518  0000154c  44000452	trap	#0x452
  519  00001550  4be00000	jr	r31
  520  00001554  54000000	nop
  521  00001558          	.endproc _sem_signal
  523  00001558          	.proc _lock_create
  524  00001558          	.global _lock_create
  525  00001558          	_lock_create:
  526  00001558  44000453	trap	#0x453
  527  0000155c  4be00000	jr	r31
  528  00001560  54000000	nop
  529  00001564          	.endproc _lock_create
  531  00001564          	.proc _lock_acquire
  532  00001564          	.global _lock_acquire
  533  00001564          	_lock_acquire:
  534  00001564  44000454	trap	#0x454
  535  00001568  4be00000	jr	r31
  536  0000156c  54000000	nop
  537  00001570          	.endproc _lock_acquire
  539  00001570          	.proc _lock_release
  540  00001570          	.global _lock_release
  541  00001570          	_lock_release:
  542  00001570  44000455	trap	#0x455
  543  00001574  4be00000	jr	r31
  544  00001578  54000000	nop
  545  0000157c          	.endproc _lock_release
  547  0000157c          	.proc _cond_create
  548  0000157c          	.global _cond_create
  549  0000157c          	_cond_create:
  550  0000157c  44000456	trap	#0x456
  551  00001580  4be00000	jr	r31
  552  00001584  54000000	nop
  553  00001588          	.endproc _cond_create
  555  00001588          	.proc _cond_wait
  556  00001588          	.global _cond_wait
  557  00001588          	_cond_wait:
  558  00001588  44000457	trap	#0x457
  559  0000158c  4be00000	jr	r31
  560  00001590  54000000	nop
  561  00001594          	.endproc _cond_wait
  563  00001594          	.proc _cond_signal
  564  00001594          	.global _cond_signal
  565  00001594          	_cond_signal:
  566  00001594  44000458	trap	#0x458
  567  00001598  4be00000	jr	r31
  568  0000159c  54000000	nop
  569  000015a0          	.endproc _cond_signal
  571  000015a0          	.proc _cond_broadcast
  572  000015a0          	.global _cond_broadcast
  573  000015a0          	_cond_broadcast:
  574  000015a0  44000459	trap	#0x459
  575  000015a4  4be00000	jr	r31
  576  000015a8  54000000	nop
  577  000015ac          	.endproc _cond_broadcast
  579  000015ac          	.proc _mbox_create
  580  000015ac          	.global _mbox_create
  581  000015ac          	_mbox_create:
  582  000015ac  44000460	trap	#0x460
  583  000015b0  4be00000	jr	r31
  584  000015b4  54000000	nop
  585  000015b8          	.endproc _mbox_create
  587  000015b8          	.proc _mbox_open
  588  000015b8          	.global _mbox_open
  589  000015b8          	_mbox_open:
  590  000015b8  44000461	trap	#0x461
  591  000015bc  4be00000	jr	r31
  592  000015c0  54000000	nop
  593  000015c4          	.endproc _mbox_open
  595  000015c4          	.proc _mbox_close
  596  000015c4          	.global _mbox_close
  597  000015c4          	_mbox_close:
  598  000015c4  44000462	trap	#0x462
  599  000015c8  4be00000	jr	r31
  600  000015cc  54000000	nop
  601  000015d0          	.endproc _mbox_close
  603  000015d0          	.proc _mbox_send
  604  000015d0          	.global _mbox_send
  605  000015d0          	_mbox_send:
  606  000015d0  44000463	trap	#0x463
  607  000015d4  4be00000	jr	r31
  608  000015d8  54000000	nop
  609  000015dc          	.endproc _mbox_send
  611  000015dc          	.proc _mbox_recv
  612  000015dc          	.global _mbox_recv
  613  000015dc          	_mbox_recv:
  614  000015dc  44000464	trap	#0x464
  615  000015e0  4be00000	jr	r31
  616  000015e4  54000000	nop
  617  000015e8          	.endproc _mbox_recv
  619  000015e8          	.proc _sleep
  620  000015e8          	.global _sleep
  621  000015e8          	_sleep:
  622  000015e8  44000465	trap	#0x465
  623  000015ec  4be00000	jr	r31
  624  000015f0  54000000	nop
  625  000015f4          	.endproc _sleep
  627  000015f4          	.proc _yield
  628  000015f4          	.global _yield
  629  000015f4          	_yield:
  630  000015f4  44000466	trap	#0x466
  631  000015f8  4be00000	jr	r31
  632  000015fc  54000000	nop
  633  00001600          	.endproc _yield
  636  00001600          	.proc _Exit
  637  00001600          	.global _Exit
  638  00001600          	_Exit:
  639  00001600  44000500	trap	#0x500
  640  00001604  4be00000	jr	r31
  641  00001608  54000000	nop
  642  0000160c          	.endproc _Exit
  643                      ; Compiled by GCC
  645  0000160c          	.align 2
  646  0000160c          	.proc _isspace
  647  0000160c          	.global _isspace
  648  0000160c          	_isspace:
  649                      ;  Function 'isspace'; 0 bytes of locals, 3 regs to save.
  650  0000160c  afbefffc	sw	-4(r29),r30; push fp
  651  00001610  001df020	add	r30,r0,r29; fp = sp
  652  00001614  afbffff8	sw	-8(r29),r31; push ret addr
  653  00001618  2fbd0018	subui	r29,r29,#24; alloc local storage
  654  0000161c  afa20000	sw	0(r29),r2
  655  00001620  afa30004	sw	4(r29),r3
  656  00001624  afa40008	sw	8(r29),r4
  657  00001628  83c20003	lb	r2,3(r30)
  658  0000162c  20010000	addi	r1,r0,#0
  659  00001630  304300ff	andi	r3,r2,#0x00ff
  660  00001634  60640020	seqi	r4,r3,#32
  661  00001638  1480002c	bnez	r4,L3_LF2
  662  0000163c  54000000	nop; delay slot nop
  663  00001640  304300ff	andi	r3,r2,#0x00ff
  664  00001644  60640009	seqi	r4,r3,#9
  665  00001648  1480001c	bnez	r4,L3_LF2
  666  0000164c  54000000	nop; delay slot nop
  667  00001650  304300ff	andi	r3,r2,#0x00ff
  668  00001654  6064000a	seqi	r4,r3,#10
  669  00001658  1480000c	bnez	r4,L3_LF2
  670  0000165c  54000000	nop; delay slot nop
  671  00001660  08000008	j	L2_LF2
  672  00001664  54000000	nop; delay slot nop
  673  00001668          	L3_LF2:
  674  00001668  20010001	addi	r1,r0,#1
  675  0000166c          	L2_LF2:
  676  0000166c  08000004	j	L1_LF2
  677  00001670  54000000	nop; delay slot nop
  678  00001674          	L1_LF2:
  679  00001674  8fa20000	lw	r2,0(r29)
  680  00001678  8fa30004	lw	r3,4(r29)
  681  0000167c  8fa40008	lw	r4,8(r29)
  682  00001680  8fdffff8	lw	r31,-8(r30)
  683  00001684  001ee820	add	r29,r0,r30
  684  00001688  8fdefffc	lw	r30,-4(r30)
  685  0000168c  4be00000	jr	r31
  686  00001690  54000000	nop
  687  00001694          	.endproc _isspace
  688  00001694          	.align 2
  689  00001694          	.proc _isxdigit
  690  00001694          	.global _isxdigit
  691  00001694          	_isxdigit:
  692                      ;  Function 'isxdigit'; 0 bytes of locals, 3 regs to save.
  693  00001694  afbefffc	sw	-4(r29),r30; push fp
  694  00001698  001df020	add	r30,r0,r29; fp = sp
  695  0000169c  afbffff8	sw	-8(r29),r31; push ret addr
  696  000016a0  2fbd0018	subui	r29,r29,#24; alloc local storage
  697  000016a4  afa20000	sw	0(r29),r2
  698  000016a8  afa30004	sw	4(r29),r3
  699  000016ac  afa40008	sw	8(r29),r4
  700  000016b0  83c20003	lb	r2,3(r30)
  701  000016b4  20010000	addi	r1,r0,#0
  702  000016b8  304300ff	andi	r3,r2,#0x00ff
  703  000016bc  6c64002f	sgtui	r4,r3,#47
  704  000016c0  1080001c	beqz	r4,L7_LF2
  705  000016c4  54000000	nop; delay slot nop
  706  000016c8  304300ff	andi	r3,r2,#0x00ff
  707  000016cc  70640039	sleui	r4,r3,#57
  708  000016d0  1480005c	bnez	r4,L6_LF2
  709  000016d4  54000000	nop; delay slot nop
  710  000016d8  08000004	j	L7_LF2
  711  000016dc  54000000	nop; delay slot nop
  712  000016e0          	L7_LF2:
  713  000016e0  304300ff	andi	r3,r2,#0x00ff
  714  000016e4  6c640060	sgtui	r4,r3,#96
  715  000016e8  1080001c	beqz	r4,L8_LF2
  716  000016ec  54000000	nop; delay slot nop
  717  000016f0  304300ff	andi	r3,r2,#0x00ff
  718  000016f4  70640066	sleui	r4,r3,#102
  719  000016f8  14800034	bnez	r4,L6_LF2
  720  000016fc  54000000	nop; delay slot nop
  721  00001700  08000004	j	L8_LF2
  722  00001704  54000000	nop; delay slot nop
  723  00001708          	L8_LF2:
  724  00001708  304300ff	andi	r3,r2,#0x00ff
  725  0000170c  6c640040	sgtui	r4,r3,#64
  726  00001710  10800020	beqz	r4,L5_LF2
  727  00001714  54000000	nop; delay slot nop
  728  00001718  304300ff	andi	r3,r2,#0x00ff
  729  0000171c  70640041	sleui	r4,r3,#65
  730  00001720  1480000c	bnez	r4,L6_LF2
  731  00001724  54000000	nop; delay slot nop
  732  00001728  08000008	j	L5_LF2
  733  0000172c  54000000	nop; delay slot nop
  734  00001730          	L6_LF2:
  735  00001730  20010001	addi	r1,r0,#1
  736  00001734          	L5_LF2:
  737  00001734  08000004	j	L4_LF2
  738  00001738  54000000	nop; delay slot nop
  739  0000173c          	L4_LF2:
  740  0000173c  8fa20000	lw	r2,0(r29)
  741  00001740  8fa30004	lw	r3,4(r29)
  742  00001744  8fa40008	lw	r4,8(r29)
  743  00001748  8fdffff8	lw	r31,-8(r30)
  744  0000174c  001ee820	add	r29,r0,r30
  745  00001750  8fdefffc	lw	r30,-4(r30)
  746  00001754  4be00000	jr	r31
  747  00001758  54000000	nop
  748  0000175c          	.endproc _isxdigit
  749  0000175c          	.align 2
  750  0000175c          	.proc _dstrcpy
  751  0000175c          	.global _dstrcpy
  752  0000175c          	_dstrcpy:
  753                      ;  Function 'dstrcpy'; 8 bytes of locals, 2 regs to save.
  754  0000175c  afbefffc	sw	-4(r29),r30; push fp
  755  00001760  001df020	add	r30,r0,r29; fp = sp
  756  00001764  afbffff8	sw	-8(r29),r31; push ret addr
  757  00001768  2fbd0018	subui	r29,r29,#24; alloc local storage
  758  0000176c  afa20000	sw	0(r29),r2
  759  00001770  afa30004	sw	4(r29),r3
  760  00001774  8fc10000	lw	r1,(r30)
  761  00001778  afc1fff4	sw	-12(r30),r1
  762  0000177c          	L10_LF2:
  763  0000177c  8fc10000	lw	r1,(r30)
  764  00001780  20220001	addi	r2,r1,#1
  765  00001784  afc20000	sw	(r30),r2
  766  00001788  8fc20004	lw	r2,4(r30)
  767  0000178c  20430001	addi	r3,r2,#1
  768  00001790  afc30004	sw	4(r30),r3
  769  00001794  80420000	lb	r2,(r2)
  770  00001798  a0220000	sb	(r1),r2
  771  0000179c  a3c2fff3	sb	-13(r30),r2
  772  000017a0          	L12_LF2:
  773  000017a0  93c1fff3	lbu	r1,-13(r30)
  774  000017a4  64220000	snei	r2,r1,#0
  775  000017a8  1440000c	bnez	r2,L13_LF2
  776  000017ac  54000000	nop; delay slot nop
  777  000017b0  0800000c	j	L11_LF2
  778  000017b4  54000000	nop; delay slot nop
  779  000017b8          	L13_LF2:
  780  000017b8  0bffffc0	j	L10_LF2
  781  000017bc  54000000	nop; delay slot nop
  782  000017c0          	L11_LF2:
  783  000017c0  8fc1fff4	lw	r1,-12(r30)
  784  000017c4  08000004	j	L9_LF2
  785  000017c8  54000000	nop; delay slot nop
  786  000017cc          	L9_LF2:
  787  000017cc  8fa20000	lw	r2,0(r29)
  788  000017d0  8fa30004	lw	r3,4(r29)
  789  000017d4  8fdffff8	lw	r31,-8(r30)
  790  000017d8  001ee820	add	r29,r0,r30
  791  000017dc  8fdefffc	lw	r30,-4(r30)
  792  000017e0  4be00000	jr	r31
  793  000017e4  54000000	nop
  794  000017e8          	.endproc _dstrcpy
  795  000017e8          	.align 2
  796  000017e8          	.proc _dstrncpy
  797  000017e8          	.global _dstrncpy
  798  000017e8          	_dstrncpy:
  799                      ;  Function 'dstrncpy'; 8 bytes of locals, 2 regs to save.
  800  000017e8  afbefffc	sw	-4(r29),r30; push fp
  801  000017ec  001df020	add	r30,r0,r29; fp = sp
  802  000017f0  afbffff8	sw	-8(r29),r31; push ret addr
  803  000017f4  2fbd0018	subui	r29,r29,#24; alloc local storage
  804  000017f8  afa20000	sw	0(r29),r2
  805  000017fc  afa30004	sw	4(r29),r3
  806  00001800  8fc10000	lw	r1,(r30)
  807  00001804  afc1fff4	sw	-12(r30),r1
  808  00001808          	L15_LF2:
  809  00001808  8fc10008	lw	r1,8(r30)
  810  0000180c  2022ffff	addi	r2,r1,#-1
  811  00001810  afc20008	sw	8(r30),r2
  812  00001814  70210000	slei	r1,r1,#0
  813  00001818  1020000c	beqz	r1,L18_LF2
  814  0000181c  54000000	nop; delay slot nop
  815  00001820  08000048	j	L16_LF2
  816  00001824  54000000	nop; delay slot nop
  817  00001828          	L18_LF2:
  818  00001828  8fc10000	lw	r1,(r30)
  819  0000182c  20220001	addi	r2,r1,#1
  820  00001830  afc20000	sw	(r30),r2
  821  00001834  8fc20004	lw	r2,4(r30)
  822  00001838  20430001	addi	r3,r2,#1
  823  0000183c  afc30004	sw	4(r30),r3
  824  00001840  80420000	lb	r2,(r2)
  825  00001844  a0220000	sb	(r1),r2
  826  00001848  a3c2fff3	sb	-13(r30),r2
  827  0000184c          	L17_LF2:
  828  0000184c  93c1fff3	lbu	r1,-13(r30)
  829  00001850  64220000	snei	r2,r1,#0
  830  00001854  1440000c	bnez	r2,L19_LF2
  831  00001858  54000000	nop; delay slot nop
  832  0000185c  0800000c	j	L16_LF2
  833  00001860  54000000	nop; delay slot nop
  834  00001864          	L19_LF2:
  835  00001864  0bffffa0	j	L15_LF2
  836  00001868  54000000	nop; delay slot nop
  837  0000186c          	L16_LF2:
  838  0000186c  8fc1fff4	lw	r1,-12(r30)
  839  00001870  08000004	j	L14_LF2
  840  00001874  54000000	nop; delay slot nop
  841  00001878          	L14_LF2:
  842  00001878  8fa20000	lw	r2,0(r29)
  843  0000187c  8fa30004	lw	r3,4(r29)
  844  00001880  8fdffff8	lw	r31,-8(r30)
  845  00001884  001ee820	add	r29,r0,r30
  846  00001888  8fdefffc	lw	r30,-4(r30)
  847  0000188c  4be00000	jr	r31
  848  00001890  54000000	nop
  849  00001894          	.endproc _dstrncpy
  850  00001894          	.align 2
  851  00001894          	.proc _dstrcat
  852  00001894          	.global _dstrcat
  853  00001894          	_dstrcat:
  854                      ;  Function 'dstrcat'; 8 bytes of locals, 1 regs to save.
  855  00001894  afbefffc	sw	-4(r29),r30; push fp
  856  00001898  001df020	add	r30,r0,r29; fp = sp
  857  0000189c  afbffff8	sw	-8(r29),r31; push ret addr
  858  000018a0  2fbd0018	subui	r29,r29,#24; alloc local storage
  859  000018a4  afa20000	sw	0(r29),r2
  860  000018a8  8fc10000	lw	r1,(r30)
  861  000018ac  afc1fff4	sw	-12(r30),r1
  862  000018b0          	L21_LF2:
  863  000018b0  8fc10000	lw	r1,(r30)
  864  000018b4  90220000	lbu	r2,(r1)
  865  000018b8  64410000	snei	r1,r2,#0
  866  000018bc  1420000c	bnez	r1,L23_LF2
  867  000018c0  54000000	nop; delay slot nop
  868  000018c4  0800001c	j	L22_LF2
  869  000018c8  54000000	nop; delay slot nop
  870  000018cc          	L23_LF2:
  871  000018cc  8fc20000	lw	r2,(r30)
  872  000018d0  20410001	addi	r1,r2,#1
  873  000018d4  00011020	add	r2,r0,r1
  874  000018d8  afc20000	sw	(r30),r2
  875  000018dc  0bffffd0	j	L21_LF2
  876  000018e0  54000000	nop; delay slot nop
  877  000018e4          	L22_LF2:
  878  000018e4  23bdfff8	addi	r29,r29,#-8
  879  000018e8  001d0820	add	r1,r0,r29
  880  000018ec  8fc20000	lw	r2,(r30)
  881  000018f0  ac220000	sw	(r1),r2
  882  000018f4  8fc20004	lw	r2,4(r30)
  883  000018f8  ac220004	sw	4(r1),r2
  884  000018fc  0ffffe5c	jal	_dstrcpy
  885  00001900  54000000	nop; delay slot nop
  886  00001904  23bd0008	addi	r29,r29,#8
  887  00001908  8fc1fff4	lw	r1,-12(r30)
  888  0000190c  08000004	j	L20_LF2
  889  00001910  54000000	nop; delay slot nop
  890  00001914          	L20_LF2:
  891  00001914  8fa20000	lw	r2,0(r29)
  892  00001918  8fdffff8	lw	r31,-8(r30)
  893  0000191c  001ee820	add	r29,r0,r30
  894  00001920  8fdefffc	lw	r30,-4(r30)
  895  00001924  4be00000	jr	r31
  896  00001928  54000000	nop
  897  0000192c          	.endproc _dstrcat
  898  0000192c          	.align 2
  899  0000192c          	.proc _dstrncmp
  900  0000192c          	.global _dstrncmp
  901  0000192c          	_dstrncmp:
  902                      ;  Function 'dstrncmp'; 8 bytes of locals, 2 regs to save.
  903  0000192c  afbefffc	sw	-4(r29),r30; push fp
  904  00001930  001df020	add	r30,r0,r29; fp = sp
  905  00001934  afbffff8	sw	-8(r29),r31; push ret addr
  906  00001938  2fbd0018	subui	r29,r29,#24; alloc local storage
  907  0000193c  afa20000	sw	0(r29),r2
  908  00001940  afa30004	sw	4(r29),r3
  909  00001944  54000000	nop
  910  00001948  20010000	addi	r1,r0,#0
  911  0000194c  afc1fff4	sw	-12(r30),r1
  912  00001950          	L25_LF2:
  913  00001950  8fc1fff4	lw	r1,-12(r30)
  914  00001954  8fc20008	lw	r2,8(r30)
  915  00001958  0022082a	slt	r1,r1,r2
  916  0000195c  1420000c	bnez	r1,L28_LF2
  917  00001960  54000000	nop; delay slot nop
  918  00001964  08000088	j	L26_LF2
  919  00001968  54000000	nop; delay slot nop
  920  0000196c          	L28_LF2:
  921  0000196c  8fc10004	lw	r1,4(r30)
  922  00001970  90220000	lbu	r2,(r1)
  923  00001974  64410000	snei	r1,r2,#0
  924  00001978  14200018	bnez	r1,L29_LF2
  925  0000197c  54000000	nop; delay slot nop
  926  00001980  20010000	addi	r1,r0,#0
  927  00001984  080000d8	j	L24_LF2
  928  00001988  54000000	nop; delay slot nop
  929  0000198c  08000028	j	L30_LF2
  930  00001990  54000000	nop; delay slot nop
  931  00001994          	L29_LF2:
  932  00001994  8fc10000	lw	r1,(r30)
  933  00001998  8fc20004	lw	r2,4(r30)
  934  0000199c  90210000	lbu	r1,(r1)
  935  000019a0  90420000	lbu	r2,(r2)
  936  000019a4  00220829	sne	r1,r1,r2
  937  000019a8  1020000c	beqz	r1,L30_LF2
  938  000019ac  54000000	nop; delay slot nop
  939  000019b0  0800003c	j	L26_LF2
  940  000019b4  54000000	nop; delay slot nop
  941  000019b8          	L31_LF2:
  942  000019b8          	L30_LF2:
  943  000019b8  8fc20000	lw	r2,(r30)
  944  000019bc  20410001	addi	r1,r2,#1
  945  000019c0  00011020	add	r2,r0,r1
  946  000019c4  afc20000	sw	(r30),r2
  947  000019c8  8fc20004	lw	r2,4(r30)
  948  000019cc  20410001	addi	r1,r2,#1
  949  000019d0  00011020	add	r2,r0,r1
  950  000019d4  afc20004	sw	4(r30),r2
  951  000019d8          	L27_LF2:
  952  000019d8  8fc2fff4	lw	r2,-12(r30)
  953  000019dc  20410001	addi	r1,r2,#1
  954  000019e0  00011020	add	r2,r0,r1
  955  000019e4  afc2fff4	sw	-12(r30),r2
  956  000019e8  0bffff64	j	L25_LF2
  957  000019ec  54000000	nop; delay slot nop
  958  000019f0          	L26_LF2:
  959  000019f0  8fc1fff4	lw	r1,-12(r30)
  960  000019f4  8fc20008	lw	r2,8(r30)
  961  000019f8  00220828	seq	r1,r1,r2
  962  000019fc  10200018	beqz	r1,L32_LF2
  963  00001a00  54000000	nop; delay slot nop
  964  00001a04  20010000	addi	r1,r0,#0
  965  00001a08  08000054	j	L24_LF2
  966  00001a0c  54000000	nop; delay slot nop
  967  00001a10  0800004c	j	L33_LF2
  968  00001a14  54000000	nop; delay slot nop
  969  00001a18          	L32_LF2:
  970  00001a18  8fc20000	lw	r2,(r30)
  971  00001a1c  90410000	lbu	r1,(r2)
  972  00001a20  8fc20004	lw	r2,4(r30)
  973  00001a24  90430000	lbu	r3,(r2)
  974  00001a28  00230822	sub	r1,r1,r3
  975  00001a2c  74220000	sgei	r2,r1,#0
  976  00001a30  10400020	beqz	r2,L34_LF2
  977  00001a34  54000000	nop; delay slot nop
  978  00001a38  8fc10000	lw	r1,(r30)
  979  00001a3c  8fc20004	lw	r2,4(r30)
  980  00001a40  90210000	lbu	r1,(r1)
  981  00001a44  90420000	lbu	r2,(r2)
  982  00001a48  00220829	sne	r1,r1,r2
  983  00001a4c  08000008	j	L35_LF2
  984  00001a50  54000000	nop; delay slot nop
  985  00001a54          	L34_LF2:
  986  00001a54  2001ffff	addi	r1,r0,#-1
  987  00001a58          	L35_LF2:
  988  00001a58  08000004	j	L24_LF2
  989  00001a5c  54000000	nop; delay slot nop
  990  00001a60          	L33_LF2:
  991  00001a60          	L24_LF2:
  992  00001a60  8fa20000	lw	r2,0(r29)
  993  00001a64  8fa30004	lw	r3,4(r29)
  994  00001a68  8fdffff8	lw	r31,-8(r30)
  995  00001a6c  001ee820	add	r29,r0,r30
  996  00001a70  8fdefffc	lw	r30,-4(r30)
  997  00001a74  4be00000	jr	r31
  998  00001a78  54000000	nop
  999  00001a7c          	.endproc _dstrncmp
 1000  00001a7c          	.align 2
 1001  00001a7c          	.proc _dstrlen
 1002  00001a7c          	.global _dstrlen
 1003  00001a7c          	_dstrlen:
 1004                      ;  Function 'dstrlen'; 8 bytes of locals, 1 regs to save.
 1005  00001a7c  afbefffc	sw	-4(r29),r30; push fp
 1006  00001a80  001df020	add	r30,r0,r29; fp = sp
 1007  00001a84  afbffff8	sw	-8(r29),r31; push ret addr
 1008  00001a88  2fbd0018	subui	r29,r29,#24; alloc local storage
 1009  00001a8c  afa20000	sw	0(r29),r2
 1010  00001a90  20010000	addi	r1,r0,#0
 1011  00001a94  afc1fff4	sw	-12(r30),r1
 1012  00001a98          	L37_LF2:
 1013  00001a98  8fc10000	lw	r1,(r30)
 1014  00001a9c  20220001	addi	r2,r1,#1
 1015  00001aa0  afc20000	sw	(r30),r2
 1016  00001aa4  90210000	lbu	r1,(r1)
 1017  00001aa8  64220000	snei	r2,r1,#0
 1018  00001aac  1440000c	bnez	r2,L39_LF2
 1019  00001ab0  54000000	nop; delay slot nop
 1020  00001ab4  0800001c	j	L38_LF2
 1021  00001ab8  54000000	nop; delay slot nop
 1022  00001abc          	L39_LF2:
 1023  00001abc  8fc2fff4	lw	r2,-12(r30)
 1024  00001ac0  20410001	addi	r1,r2,#1
 1025  00001ac4  00011020	add	r2,r0,r1
 1026  00001ac8  afc2fff4	sw	-12(r30),r2
 1027  00001acc  0bffffc8	j	L37_LF2
 1028  00001ad0  54000000	nop; delay slot nop
 1029  00001ad4          	L38_LF2:
 1030  00001ad4  8fc1fff4	lw	r1,-12(r30)
 1031  00001ad8  08000004	j	L36_LF2
 1032  00001adc  54000000	nop; delay slot nop
 1033  00001ae0          	L36_LF2:
 1034  00001ae0  8fa20000	lw	r2,0(r29)
 1035  00001ae4  8fdffff8	lw	r31,-8(r30)
 1036  00001ae8  001ee820	add	r29,r0,r30
 1037  00001aec  8fdefffc	lw	r30,-4(r30)
 1038  00001af0  4be00000	jr	r31
 1039  00001af4  54000000	nop
 1040  00001af8          	.endproc _dstrlen
 1041  00001af8          	.align 2
 1042  00001af8          	.proc _dstrstr
 1043  00001af8          	.global _dstrstr
 1044  00001af8          	_dstrstr:
 1045                      ;  Function 'dstrstr'; 8 bytes of locals, 1 regs to save.
 1046  00001af8  afbefffc	sw	-4(r29),r30; push fp
 1047  00001afc  001df020	add	r30,r0,r29; fp = sp
 1048  00001b00  afbffff8	sw	-8(r29),r31; push ret addr
 1049  00001b04  2fbd0018	subui	r29,r29,#24; alloc local storage
 1050  00001b08  afa20000	sw	0(r29),r2
 1051  00001b0c  23bdfff8	addi	r29,r29,#-8
 1052  00001b10  001d0820	add	r1,r0,r29
 1053  00001b14  8fc20004	lw	r2,4(r30)
 1054  00001b18  ac220000	sw	(r1),r2
 1055  00001b1c  0fffff5c	jal	_dstrlen
 1056  00001b20  54000000	nop; delay slot nop
 1057  00001b24  23bd0008	addi	r29,r29,#8
 1058  00001b28  afc1fff4	sw	-12(r30),r1
 1059  00001b2c          	L41_LF2:
 1060  00001b2c  8fc10000	lw	r1,(r30)
 1061  00001b30  90220000	lbu	r2,(r1)
 1062  00001b34  64410000	snei	r1,r2,#0
 1063  00001b38  1420000c	bnez	r1,L43_LF2
 1064  00001b3c  54000000	nop; delay slot nop
 1065  00001b40  08000060	j	L42_LF2
 1066  00001b44  54000000	nop; delay slot nop
 1067  00001b48          	L43_LF2:
 1068  00001b48  23bdfff0	addi	r29,r29,#-16
 1069  00001b4c  001d0820	add	r1,r0,r29
 1070  00001b50  8fc20000	lw	r2,(r30)
 1071  00001b54  ac220000	sw	(r1),r2
 1072  00001b58  8fc20004	lw	r2,4(r30)
 1073  00001b5c  ac220004	sw	4(r1),r2
 1074  00001b60  8fc2fff4	lw	r2,-12(r30)
 1075  00001b64  ac220008	sw	8(r1),r2
 1076  00001b68  0ffffdc0	jal	_dstrncmp
 1077  00001b6c  54000000	nop; delay slot nop
 1078  00001b70  23bd0010	addi	r29,r29,#16
 1079  00001b74  64220000	snei	r2,r1,#0
 1080  00001b78  14400010	bnez	r2,L44_LF2
 1081  00001b7c  54000000	nop; delay slot nop
 1082  00001b80  8fc10000	lw	r1,(r30)
 1083  00001b84  08000028	j	L40_LF2
 1084  00001b88  54000000	nop; delay slot nop
 1085  00001b8c          	L44_LF2:
 1086  00001b8c  8fc20000	lw	r2,(r30)
 1087  00001b90  20410001	addi	r1,r2,#1
 1088  00001b94  00011020	add	r2,r0,r1
 1089  00001b98  afc20000	sw	(r30),r2
 1090  00001b9c  0bffff8c	j	L41_LF2
 1091  00001ba0  54000000	nop; delay slot nop
 1092  00001ba4          	L42_LF2:
 1093  00001ba4  20010000	addi	r1,r0,#0
 1094  00001ba8  08000004	j	L40_LF2
 1095  00001bac  54000000	nop; delay slot nop
 1096  00001bb0          	L40_LF2:
 1097  00001bb0  8fa20000	lw	r2,0(r29)
 1098  00001bb4  8fdffff8	lw	r31,-8(r30)
 1099  00001bb8  001ee820	add	r29,r0,r30
 1100  00001bbc  8fdefffc	lw	r30,-4(r30)
 1101  00001bc0  4be00000	jr	r31
 1102  00001bc4  54000000	nop
 1103  00001bc8          	.endproc _dstrstr
 1104  00001bc8          	.align 2
 1105  00001bc8          	.proc _dmindex
 1106  00001bc8          	.global _dmindex
 1107  00001bc8          	_dmindex:
 1108                      ;  Function 'dmindex'; 8 bytes of locals, 1 regs to save.
 1109  00001bc8  afbefffc	sw	-4(r29),r30; push fp
 1110  00001bcc  001df020	add	r30,r0,r29; fp = sp
 1111  00001bd0  afbffff8	sw	-8(r29),r31; push ret addr
 1112  00001bd4  2fbd0018	subui	r29,r29,#24; alloc local storage
 1113  00001bd8  afa20000	sw	0(r29),r2
 1114  00001bdc  54000000	nop
 1115  00001be0          	L46_LF2:
 1116  00001be0  8fc10000	lw	r1,(r30)
 1117  00001be4  90220000	lbu	r2,(r1)
 1118  00001be8  64410000	snei	r1,r2,#0
 1119  00001bec  1420000c	bnez	r1,L48_LF2
 1120  00001bf0  54000000	nop; delay slot nop
 1121  00001bf4  08000070	j	L47_LF2
 1122  00001bf8  54000000	nop; delay slot nop
 1123  00001bfc          	L48_LF2:
 1124  00001bfc  8fc10004	lw	r1,4(r30)
 1125  00001c00  afc1fff4	sw	-12(r30),r1
 1126  00001c04          	L49_LF2:
 1127  00001c04  8fc1fff4	lw	r1,-12(r30)
 1128  00001c08  90220000	lbu	r2,(r1)
 1129  00001c0c  64410000	snei	r1,r2,#0
 1130  00001c10  1420000c	bnez	r1,L52_LF2
 1131  00001c14  54000000	nop; delay slot nop
 1132  00001c18  08000044	j	L50_LF2
 1133  00001c1c  54000000	nop; delay slot nop
 1134  00001c20          	L52_LF2:
 1135  00001c20  8fc10000	lw	r1,(r30)
 1136  00001c24  8fc2fff4	lw	r2,-12(r30)
 1137  00001c28  90210000	lbu	r1,(r1)
 1138  00001c2c  90420000	lbu	r2,(r2)
 1139  00001c30  00220828	seq	r1,r1,r2
 1140  00001c34  10200010	beqz	r1,L51_LF2
 1141  00001c38  54000000	nop; delay slot nop
 1142  00001c3c  8fc10000	lw	r1,(r30)
 1143  00001c40  08000030	j	L45_LF2
 1144  00001c44  54000000	nop; delay slot nop
 1145  00001c48          	L53_LF2:
 1146  00001c48          	L51_LF2:
 1147  00001c48  8fc2fff4	lw	r2,-12(r30)
 1148  00001c4c  20410001	addi	r1,r2,#1
 1149  00001c50  00011020	add	r2,r0,r1
 1150  00001c54  afc2fff4	sw	-12(r30),r2
 1151  00001c58  0bffffa8	j	L49_LF2
 1152  00001c5c  54000000	nop; delay slot nop
 1153  00001c60          	L50_LF2:
 1154  00001c60  0bffff7c	j	L46_LF2
 1155  00001c64  54000000	nop; delay slot nop
 1156  00001c68          	L47_LF2:
 1157  00001c68  20010000	addi	r1,r0,#0
 1158  00001c6c  08000004	j	L45_LF2
 1159  00001c70  54000000	nop; delay slot nop
 1160  00001c74          	L45_LF2:
 1161  00001c74  8fa20000	lw	r2,0(r29)
 1162  00001c78  8fdffff8	lw	r31,-8(r30)
 1163  00001c7c  001ee820	add	r29,r0,r30
 1164  00001c80  8fdefffc	lw	r30,-4(r30)
 1165  00001c84  4be00000	jr	r31
 1166  00001c88  54000000	nop
 1167  00001c8c          	.endproc _dmindex
 1168  00001c8c          	.align 2
 1169  00001c8c          	.proc _dindex
 1170  00001c8c          	.global _dindex
 1171  00001c8c          	_dindex:
 1172                      ;  Function 'dindex'; 0 bytes of locals, 1 regs to save.
 1173  00001c8c  afbefffc	sw	-4(r29),r30; push fp
 1174  00001c90  001df020	add	r30,r0,r29; fp = sp
 1175  00001c94  afbffff8	sw	-8(r29),r31; push ret addr
 1176  00001c98  2fbd0010	subui	r29,r29,#16; alloc local storage
 1177  00001c9c  afa20000	sw	0(r29),r2
 1178  00001ca0  54000000	nop
 1179  00001ca4          	L55_LF2:
 1180  00001ca4  8fc10000	lw	r1,(r30)
 1181  00001ca8  90220000	lbu	r2,(r1)
 1182  00001cac  64410000	snei	r1,r2,#0
 1183  00001cb0  1420000c	bnez	r1,L57_LF2
 1184  00001cb4  54000000	nop; delay slot nop
 1185  00001cb8  08000040	j	L56_LF2
 1186  00001cbc  54000000	nop; delay slot nop
 1187  00001cc0          	L57_LF2:
 1188  00001cc0  8fc10000	lw	r1,(r30)
 1189  00001cc4  90220000	lbu	r2,(r1)
 1190  00001cc8  8fc10004	lw	r1,4(r30)
 1191  00001ccc  00411028	seq	r2,r2,r1
 1192  00001cd0  10400010	beqz	r2,L58_LF2
 1193  00001cd4  54000000	nop; delay slot nop
 1194  00001cd8  8fc10000	lw	r1,(r30)
 1195  00001cdc  08000028	j	L54_LF2
 1196  00001ce0  54000000	nop; delay slot nop
 1197  00001ce4          	L58_LF2:
 1198  00001ce4  8fc20000	lw	r2,(r30)
 1199  00001ce8  20410001	addi	r1,r2,#1
 1200  00001cec  00011020	add	r2,r0,r1
 1201  00001cf0  afc20000	sw	(r30),r2
 1202  00001cf4  0bffffac	j	L55_LF2
 1203  00001cf8  54000000	nop; delay slot nop
 1204  00001cfc          	L56_LF2:
 1205  00001cfc  20010000	addi	r1,r0,#0
 1206  00001d00  08000004	j	L54_LF2
 1207  00001d04  54000000	nop; delay slot nop
 1208  00001d08          	L54_LF2:
 1209  00001d08  8fa20000	lw	r2,0(r29)
 1210  00001d0c  8fdffff8	lw	r31,-8(r30)
 1211  00001d10  001ee820	add	r29,r0,r30
 1212  00001d14  8fdefffc	lw	r30,-4(r30)
 1213  00001d18  4be00000	jr	r31
 1214  00001d1c  54000000	nop
 1215  00001d20          	.endproc _dindex
 1216  00001d20          	.align 2
 1217  00001d20          	.proc _ditoa
 1218  00001d20          	.global _ditoa
 1219  00001d20          	_ditoa:
 1220                      ;  Function 'ditoa'; 8 bytes of locals, 2 regs to save.
 1221  00001d20  afbefffc	sw	-4(r29),r30; push fp
 1222  00001d24  001df020	add	r30,r0,r29; fp = sp
 1223  00001d28  afbffff8	sw	-8(r29),r31; push ret addr
 1224  00001d2c  2fbd0018	subui	r29,r29,#24; alloc local storage
 1225  00001d30  afa20000	sw	0(r29),r2
 1226  00001d34  afa30004	sw	4(r29),r3
 1227  00001d38  8fc10000	lw	r1,(r30)
 1228  00001d3c  68220000	slti	r2,r1,#0
 1229  00001d40  1040002c	beqz	r2,L60_LF2
 1230  00001d44  54000000	nop; delay slot nop
 1231  00001d48  8fc10004	lw	r1,4(r30)
 1232  00001d4c  20220001	addi	r2,r1,#1
 1233  00001d50  afc20004	sw	4(r30),r2
 1234  00001d54  2002002d	addi	r2,r0,(#0x2d)&0xff
 1235  00001d58  a0220000	sb	(r1),r2
 1236  00001d5c  8fc10000	lw	r1,(r30)
 1237  00001d60  00011022	sub	r2,r0,r1
 1238  00001d64  afc20000	sw	(r30),r2
 1239  00001d68  08000118	j	L61_LF2
 1240  00001d6c  54000000	nop; delay slot nop
 1241  00001d70          	L60_LF2:
 1242  00001d70  8fc10000	lw	r1,(r30)
 1243  00001d74  64220000	snei	r2,r1,#0
 1244  00001d78  14400020	bnez	r2,L62_LF2
 1245  00001d7c  54000000	nop; delay slot nop
 1246  00001d80  8fc10004	lw	r1,4(r30)
 1247  00001d84  20220001	addi	r2,r1,#1
 1248  00001d88  afc20004	sw	4(r30),r2
 1249  00001d8c  20020030	addi	r2,r0,(#0x30)&0xff
 1250  00001d90  a0220000	sb	(r1),r2
 1251  00001d94  080000ec	j	L61_LF2
 1252  00001d98  54000000	nop; delay slot nop
 1253  00001d9c          	L62_LF2:
 1254  00001d9c  20010001	addi	r1,r0,#1
 1255  00001da0  afc1fff4	sw	-12(r30),r1
 1256  00001da4          	L64_LF2:
 1257  00001da4  8fc1fff4	lw	r1,-12(r30)
 1258  00001da8  8fc20000	lw	r2,(r30)
 1259  00001dac  0022082c	sle	r1,r1,r2
 1260  00001db0  1420000c	bnez	r1,L66_LF2
 1261  00001db4  54000000	nop; delay slot nop
 1262  00001db8  08000024	j	L65_LF2
 1263  00001dbc  54000000	nop; delay slot nop
 1264  00001dc0          	L67_LF2:
 1265  00001dc0          	L66_LF2:
 1266  00001dc0  8fc1fff4	lw	r1,-12(r30)
 1267  00001dc4  00011820	add	r3,r0,r1
 1268  00001dc8  50620002	slli	r2,r3,#0x2
 1269  00001dcc  00411020	add	r2,r2,r1
 1270  00001dd0  50410001	slli	r1,r2,#0x1
 1271  00001dd4  afc1fff4	sw	-12(r30),r1
 1272  00001dd8  0bffffc8	j	L64_LF2
 1273  00001ddc  54000000	nop; delay slot nop
 1274  00001de0          	L65_LF2:
 1275  00001de0  54000000	nop
 1276  00001de4          	L68_LF2:
 1277  00001de4  8fc1fff4	lw	r1,-12(r30)
 1278  00001de8  2002000a	addi	r2,r0,#10
 1279  00001dec  00200035	movi2fp	f0,r1
 1280  00001df0  00400835	movi2fp	f1,r2
 1281  00001df4  0401000f	div	f0,f0,f1
 1282  00001df8  00000834	movfp2i	r1,f0
 1283  00001dfc  afc1fff4	sw	-12(r30),r1
 1284  00001e00  8fc10004	lw	r1,4(r30)
 1285  00001e04  20220001	addi	r2,r1,#1
 1286  00001e08  afc20004	sw	4(r30),r2
 1287  00001e0c  8fc20000	lw	r2,(r30)
 1288  00001e10  8fc3fff4	lw	r3,-12(r30)
 1289  00001e14  00400035	movi2fp	f0,r2
 1290  00001e18  00600835	movi2fp	f1,r3
 1291  00001e1c  0401000f	div	f0,f0,f1
 1292  00001e20  00001034	movfp2i	r2,f0
 1293  00001e24  00021820	add	r3,r0,r2
 1294  00001e28  20620030	addi	r2,r3,#48
 1295  00001e2c  a0220000	sb	(r1),r2
 1296  00001e30  8fc10000	lw	r1,(r30)
 1297  00001e34  8fc3fff4	lw	r3,-12(r30)
 1298  00001e38  00200035	movi2fp	f0,r1
 1299  00001e3c  00600835	movi2fp	f1,r3
 1300  00001e40  0401000f	div	f0,f0,f1
 1301  00001e44  00001034	movfp2i	r2,f0
 1302  00001e48  8fc3fff4	lw	r3,-12(r30)
 1303  00001e4c  00400035	movi2fp	f0,r2
 1304  00001e50  00600835	movi2fp	f1,r3
 1305  00001e54  0401000e	mult	f0,f0,f1
 1306  00001e58  00001034	movfp2i	r2,f0
 1307  00001e5c  00220822	sub	r1,r1,r2
 1308  00001e60  afc10000	sw	(r30),r1
 1309  00001e64          	L70_LF2:
 1310  00001e64  8fc1fff4	lw	r1,-12(r30)
 1311  00001e68  6c220001	sgti	r2,r1,#1
 1312  00001e6c  1440000c	bnez	r2,L71_LF2
 1313  00001e70  54000000	nop; delay slot nop
 1314  00001e74  0800000c	j	L61_LF2
 1315  00001e78  54000000	nop; delay slot nop
 1316  00001e7c          	L71_LF2:
 1317  00001e7c  0bffff64	j	L68_LF2
 1318  00001e80  54000000	nop; delay slot nop
 1319  00001e84          	L69_LF2:
 1320  00001e84          	L63_LF2:
 1321  00001e84          	L61_LF2:
 1322  00001e84  8fc10004	lw	r1,4(r30)
 1323  00001e88  20020000	addi	r2,r0,(#0x0)&0xff
 1324  00001e8c  a0220000	sb	(r1),r2
 1325  00001e90          	L59_LF2:
 1326  00001e90  8fa20000	lw	r2,0(r29)
 1327  00001e94  8fa30004	lw	r3,4(r29)
 1328  00001e98  8fdffff8	lw	r31,-8(r30)
 1329  00001e9c  001ee820	add	r29,r0,r30
 1330  00001ea0  8fdefffc	lw	r30,-4(r30)
 1331  00001ea4  4be00000	jr	r31
 1332  00001ea8  54000000	nop
 1333  00001eac          	.endproc _ditoa
 1334  00001eac          	.align 2
 1335  00001eac          	.proc _dstrtol
 1336  00001eac          	.global _dstrtol
 1337  00001eac          	_dstrtol:
 1338                      ;  Function 'dstrtol'; 16 bytes of locals, 1 regs to save.
 1339  00001eac  afbefffc	sw	-4(r29),r30; push fp
 1340  00001eb0  001df020	add	r30,r0,r29; fp = sp
 1341  00001eb4  afbffff8	sw	-8(r29),r31; push ret addr
 1342  00001eb8  2fbd0020	subui	r29,r29,#32; alloc local storage
 1343  00001ebc  afa20000	sw	0(r29),r2
 1344  00001ec0  20010000	addi	r1,r0,#0
 1345  00001ec4  afc1fff4	sw	-12(r30),r1
 1346  00001ec8          	L73_LF2:
 1347  00001ec8  8fc10000	lw	r1,(r30)
 1348  00001ecc  90220000	lbu	r2,(r1)
 1349  00001ed0  60410020	seqi	r1,r2,#32
 1350  00001ed4  14200034	bnez	r1,L75_LF2
 1351  00001ed8  54000000	nop; delay slot nop
 1352  00001edc  8fc10000	lw	r1,(r30)
 1353  00001ee0  90220000	lbu	r2,(r1)
 1354  00001ee4  60410009	seqi	r1,r2,#9
 1355  00001ee8  14200020	bnez	r1,L75_LF2
 1356  00001eec  54000000	nop; delay slot nop
 1357  00001ef0  8fc10000	lw	r1,(r30)
 1358  00001ef4  90220000	lbu	r2,(r1)
 1359  00001ef8  6041000a	seqi	r1,r2,#10
 1360  00001efc  1420000c	bnez	r1,L75_LF2
 1361  00001f00  54000000	nop; delay slot nop
 1362  00001f04  0800001c	j	L74_LF2
 1363  00001f08  54000000	nop; delay slot nop
 1364  00001f0c          	L75_LF2:
 1365  00001f0c  8fc20000	lw	r2,(r30)
 1366  00001f10  20410001	addi	r1,r2,#1
 1367  00001f14  00011020	add	r2,r0,r1
 1368  00001f18  afc20000	sw	(r30),r2
 1369  00001f1c  0bffffa8	j	L73_LF2
 1370  00001f20  54000000	nop; delay slot nop
 1371  00001f24          	L74_LF2:
 1372  00001f24  8fc10004	lw	r1,4(r30)
 1373  00001f28  64220000	snei	r2,r1,#0
 1374  00001f2c  10400010	beqz	r2,L76_LF2
 1375  00001f30  54000000	nop; delay slot nop
 1376  00001f34  8fc10004	lw	r1,4(r30)
 1377  00001f38  8fc20000	lw	r2,(r30)
 1378  00001f3c  ac220000	sw	(r1),r2
 1379  00001f40          	L76_LF2:
 1380  00001f40  8fc10000	lw	r1,(r30)
 1381  00001f44  90220000	lbu	r2,(r1)
 1382  00001f48  64410000	snei	r1,r2,#0
 1383  00001f4c  14200010	bnez	r1,L77_LF2
 1384  00001f50  54000000	nop; delay slot nop
 1385  00001f54  8fc1fff4	lw	r1,-12(r30)
 1386  00001f58  08000294	j	L72_LF2
 1387  00001f5c  54000000	nop; delay slot nop
 1388  00001f60          	L77_LF2:
 1389  00001f60  8fc10000	lw	r1,(r30)
 1390  00001f64  90220000	lbu	r2,(r1)
 1391  00001f68  6041002d	seqi	r1,r2,#45
 1392  00001f6c  10200024	beqz	r1,L78_LF2
 1393  00001f70  54000000	nop; delay slot nop
 1394  00001f74  2001ffff	addi	r1,r0,#-1
 1395  00001f78  afc1ffec	sw	-20(r30),r1
 1396  00001f7c  8fc20000	lw	r2,(r30)
 1397  00001f80  20410001	addi	r1,r2,#1
 1398  00001f84  00011020	add	r2,r0,r1
 1399  00001f88  afc20000	sw	(r30),r2
 1400  00001f8c  0800000c	j	L79_LF2
 1401  00001f90  54000000	nop; delay slot nop
 1402  00001f94          	L78_LF2:
 1403  00001f94  20010001	addi	r1,r0,#1
 1404  00001f98  afc1ffec	sw	-20(r30),r1
 1405  00001f9c          	L79_LF2:
 1406  00001f9c  8fc10008	lw	r1,8(r30)
 1407  00001fa0  64220000	snei	r2,r1,#0
 1408  00001fa4  14400090	bnez	r2,L80_LF2
 1409  00001fa8  54000000	nop; delay slot nop
 1410  00001fac  8fc10000	lw	r1,(r30)
 1411  00001fb0  90220000	lbu	r2,(r1)
 1412  00001fb4  60410030	seqi	r1,r2,#48
 1413  00001fb8  10200074	beqz	r1,L81_LF2
 1414  00001fbc  54000000	nop; delay slot nop
 1415  00001fc0  8fc20000	lw	r2,(r30)
 1416  00001fc4  20410001	addi	r1,r2,#1
 1417  00001fc8  00011020	add	r2,r0,r1
 1418  00001fcc  afc20000	sw	(r30),r2
 1419  00001fd0  8fc10000	lw	r1,(r30)
 1420  00001fd4  90220000	lbu	r2,(r1)
 1421  00001fd8  60410078	seqi	r1,r2,#120
 1422  00001fdc  14200020	bnez	r1,L83_LF2
 1423  00001fe0  54000000	nop; delay slot nop
 1424  00001fe4  8fc10000	lw	r1,(r30)
 1425  00001fe8  90220000	lbu	r2,(r1)
 1426  00001fec  60410058	seqi	r1,r2,#88
 1427  00001ff0  1420000c	bnez	r1,L83_LF2
 1428  00001ff4  54000000	nop; delay slot nop
 1429  00001ff8  08000024	j	L82_LF2
 1430  00001ffc  54000000	nop; delay slot nop
 1431  00002000          	L83_LF2:
 1432  00002000  20010010	addi	r1,r0,#16
 1433  00002004  afc10008	sw	8(r30),r1
 1434  00002008  8fc20000	lw	r2,(r30)
 1435  0000200c  20410001	addi	r1,r2,#1
 1436  00002010  00011020	add	r2,r0,r1
 1437  00002014  afc20000	sw	(r30),r2
 1438  00002018  0800000c	j	L84_LF2
 1439  0000201c  54000000	nop; delay slot nop
 1440  00002020          	L82_LF2:
 1441  00002020  20010008	addi	r1,r0,#8
 1442  00002024  afc10008	sw	8(r30),r1
 1443  00002028          	L84_LF2:
 1444  00002028  0800000c	j	L80_LF2
 1445  0000202c  54000000	nop; delay slot nop
 1446  00002030          	L81_LF2:
 1447  00002030  2001000a	addi	r1,r0,#10
 1448  00002034  afc10008	sw	8(r30),r1
 1449  00002038          	L85_LF2:
 1450  00002038          	L80_LF2:
 1451  00002038  8fc10008	lw	r1,8(r30)
 1452  0000203c  70220000	slei	r2,r1,#0
 1453  00002040  1440001c	bnez	r2,L87_LF2
 1454  00002044  54000000	nop; delay slot nop
 1455  00002048  8fc10008	lw	r1,8(r30)
 1456  0000204c  6c220010	sgti	r2,r1,#16
 1457  00002050  1440000c	bnez	r2,L87_LF2
 1458  00002054  54000000	nop; delay slot nop
 1459  00002058  08000010	j	L86_LF2
 1460  0000205c  54000000	nop; delay slot nop
 1461  00002060          	L87_LF2:
 1462  00002060  8fc1fff4	lw	r1,-12(r30)
 1463  00002064  08000188	j	L72_LF2
 1464  00002068  54000000	nop; delay slot nop
 1465  0000206c          	L86_LF2:
 1466  0000206c  54000000	nop
 1467  00002070          	L88_LF2:
 1468  00002070  8fc10000	lw	r1,(r30)
 1469  00002074  90220000	lbu	r2,(r1)
 1470  00002078  6c41002f	sgtui	r1,r2,#47
 1471  0000207c  10200030	beqz	r1,L91_LF2
 1472  00002080  54000000	nop; delay slot nop
 1473  00002084  8fc10000	lw	r1,(r30)
 1474  00002088  90220000	lbu	r2,(r1)
 1475  0000208c  70410039	sleui	r1,r2,#57
 1476  00002090  1020001c	beqz	r1,L91_LF2
 1477  00002094  54000000	nop; delay slot nop
 1478  00002098  8fc10000	lw	r1,(r30)
 1479  0000209c  90220000	lbu	r2,(r1)
 1480  000020a0  2041ffd0	addi	r1,r2,#-48
 1481  000020a4  afc1fff0	sw	-16(r30),r1
 1482  000020a8  0800008c	j	L92_LF2
 1483  000020ac  54000000	nop; delay slot nop
 1484  000020b0          	L91_LF2:
 1485  000020b0  8fc10000	lw	r1,(r30)
 1486  000020b4  90220000	lbu	r2,(r1)
 1487  000020b8  6c410060	sgtui	r1,r2,#96
 1488  000020bc  10200030	beqz	r1,L93_LF2
 1489  000020c0  54000000	nop; delay slot nop
 1490  000020c4  8fc10000	lw	r1,(r30)
 1491  000020c8  90220000	lbu	r2,(r1)
 1492  000020cc  7041007a	sleui	r1,r2,#122
 1493  000020d0  1020001c	beqz	r1,L93_LF2
 1494  000020d4  54000000	nop; delay slot nop
 1495  000020d8  8fc10000	lw	r1,(r30)
 1496  000020dc  90220000	lbu	r2,(r1)
 1497  000020e0  2041ffa9	addi	r1,r2,#-87
 1498  000020e4  afc1fff0	sw	-16(r30),r1
 1499  000020e8  0800004c	j	L92_LF2
 1500  000020ec  54000000	nop; delay slot nop
 1501  000020f0          	L93_LF2:
 1502  000020f0  8fc10000	lw	r1,(r30)
 1503  000020f4  90220000	lbu	r2,(r1)
 1504  000020f8  6c410040	sgtui	r1,r2,#64
 1505  000020fc  10200030	beqz	r1,L95_LF2
 1506  00002100  54000000	nop; delay slot nop
 1507  00002104  8fc10000	lw	r1,(r30)
 1508  00002108  90220000	lbu	r2,(r1)
 1509  0000210c  7041005a	sleui	r1,r2,#90
 1510  00002110  1020001c	beqz	r1,L95_LF2
 1511  00002114  54000000	nop; delay slot nop
 1512  00002118  8fc10000	lw	r1,(r30)
 1513  0000211c  90220000	lbu	r2,(r1)
 1514  00002120  2041ffc9	addi	r1,r2,#-55
 1515  00002124  afc1fff0	sw	-16(r30),r1
 1516  00002128  0800000c	j	L92_LF2
 1517  0000212c  54000000	nop; delay slot nop
 1518  00002130          	L95_LF2:
 1519  00002130  200103e8	addi	r1,r0,#1000
 1520  00002134  afc1fff0	sw	-16(r30),r1
 1521  00002138          	L96_LF2:
 1522  00002138          	L94_LF2:
 1523  00002138          	L92_LF2:
 1524  00002138  8fc1fff0	lw	r1,-16(r30)
 1525  0000213c  8fc20008	lw	r2,8(r30)
 1526  00002140  0022082a	slt	r1,r1,r2
 1527  00002144  10200040	beqz	r1,L90_LF2
 1528  00002148  54000000	nop; delay slot nop
 1529  0000214c  8fc1fff4	lw	r1,-12(r30)
 1530  00002150  8fc20008	lw	r2,8(r30)
 1531  00002154  00200035	movi2fp	f0,r1
 1532  00002158  00400835	movi2fp	f1,r2
 1533  0000215c  0401000e	mult	f0,f0,f1
 1534  00002160  00000834	movfp2i	r1,f0
 1535  00002164  afc1fff4	sw	-12(r30),r1
 1536  00002168  8fc1fff4	lw	r1,-12(r30)
 1537  0000216c  8fc2fff0	lw	r2,-16(r30)
 1538  00002170  00220820	add	r1,r1,r2
 1539  00002174  afc1fff4	sw	-12(r30),r1
 1540  00002178  8fc20000	lw	r2,(r30)
 1541  0000217c  20410001	addi	r1,r2,#1
 1542  00002180  00011020	add	r2,r0,r1
 1543  00002184  afc20000	sw	(r30),r2
 1544  00002188          	L97_LF2:
 1545  00002188          	L90_LF2:
 1546  00002188  8fc1fff0	lw	r1,-16(r30)
 1547  0000218c  8fc20008	lw	r2,8(r30)
 1548  00002190  0022082a	slt	r1,r1,r2
 1549  00002194  1420000c	bnez	r1,L98_LF2
 1550  00002198  54000000	nop; delay slot nop
 1551  0000219c  0800000c	j	L89_LF2
 1552  000021a0  54000000	nop; delay slot nop
 1553  000021a4          	L98_LF2:
 1554  000021a4  0bfffec8	j	L88_LF2
 1555  000021a8  54000000	nop; delay slot nop
 1556  000021ac          	L89_LF2:
 1557  000021ac  8fc10004	lw	r1,4(r30)
 1558  000021b0  64220000	snei	r2,r1,#0
 1559  000021b4  10400010	beqz	r2,L99_LF2
 1560  000021b8  54000000	nop; delay slot nop
 1561  000021bc  8fc10004	lw	r1,4(r30)
 1562  000021c0  8fc20000	lw	r2,(r30)
 1563  000021c4  ac220000	sw	(r1),r2
 1564  000021c8          	L99_LF2:
 1565  000021c8  8fc1fff4	lw	r1,-12(r30)
 1566  000021cc  8fc2ffec	lw	r2,-20(r30)
 1567  000021d0  00200035	movi2fp	f0,r1
 1568  000021d4  00400835	movi2fp	f1,r2
 1569  000021d8  0401000e	mult	f0,f0,f1
 1570  000021dc  00000834	movfp2i	r1,f0
 1571  000021e0  afc1fff4	sw	-12(r30),r1
 1572  000021e4  8fc1fff4	lw	r1,-12(r30)
 1573  000021e8  08000004	j	L72_LF2
 1574  000021ec  54000000	nop; delay slot nop
 1575  000021f0          	L72_LF2:
 1576  000021f0  8fa20000	lw	r2,0(r29)
 1577  000021f4  8fdffff8	lw	r31,-8(r30)
 1578  000021f8  001ee820	add	r29,r0,r30
 1579  000021fc  8fdefffc	lw	r30,-4(r30)
 1580  00002200  4be00000	jr	r31
 1581  00002204  54000000	nop
 1582  00002208          	.endproc _dstrtol
 1583  00002208          	.align 2
 1584  00002208          	.proc _bcopy
 1585  00002208          	.global _bcopy
 1586  00002208          	_bcopy:
 1587                      ;  Function 'bcopy'; 0 bytes of locals, 2 regs to save.
 1588  00002208  afbefffc	sw	-4(r29),r30; push fp
 1589  0000220c  001df020	add	r30,r0,r29; fp = sp
 1590  00002210  afbffff8	sw	-8(r29),r31; push ret addr
 1591  00002214  2fbd0010	subui	r29,r29,#16; alloc local storage
 1592  00002218  afa20000	sw	0(r29),r2
 1593  0000221c  afa30004	sw	4(r29),r3
 1594  00002220  54000000	nop
 1595  00002224          	L101_LF2:
 1596  00002224  8fc10008	lw	r1,8(r30)
 1597  00002228  2022ffff	addi	r2,r1,#-1
 1598  0000222c  afc20008	sw	8(r30),r2
 1599  00002230  6c210000	sgti	r1,r1,#0
 1600  00002234  1420000c	bnez	r1,L103_LF2
 1601  00002238  54000000	nop; delay slot nop
 1602  0000223c  0800002c	j	L102_LF2
 1603  00002240  54000000	nop; delay slot nop
 1604  00002244          	L103_LF2:
 1605  00002244  8fc10004	lw	r1,4(r30)
 1606  00002248  20220001	addi	r2,r1,#1
 1607  0000224c  afc20004	sw	4(r30),r2
 1608  00002250  8fc20000	lw	r2,(r30)
 1609  00002254  20430001	addi	r3,r2,#1
 1610  00002258  afc30000	sw	(r30),r3
 1611  0000225c  80420000	lb	r2,(r2)
 1612  00002260  a0220000	sb	(r1),r2
 1613  00002264  0bffffbc	j	L101_LF2
 1614  00002268  54000000	nop; delay slot nop
 1615  0000226c          	L102_LF2:
 1616  0000226c          	L100_LF2:
 1617  0000226c  8fa20000	lw	r2,0(r29)
 1618  00002270  8fa30004	lw	r3,4(r29)
 1619  00002274  8fdffff8	lw	r31,-8(r30)
 1620  00002278  001ee820	add	r29,r0,r30
 1621  0000227c  8fdefffc	lw	r30,-4(r30)
 1622  00002280  4be00000	jr	r31
 1623  00002284  54000000	nop
 1624  00002288          	.endproc _bcopy
 1625  00002288          	.align 2
 1626  00002288          	.proc _bzero
 1627  00002288          	.global _bzero
 1628  00002288          	_bzero:
 1629                      ;  Function 'bzero'; 0 bytes of locals, 1 regs to save.
 1630  00002288  afbefffc	sw	-4(r29),r30; push fp
 1631  0000228c  001df020	add	r30,r0,r29; fp = sp
 1632  00002290  afbffff8	sw	-8(r29),r31; push ret addr
 1633  00002294  2fbd0010	subui	r29,r29,#16; alloc local storage
 1634  00002298  afa20000	sw	0(r29),r2
 1635  0000229c  54000000	nop
 1636  000022a0          	L105_LF2:
 1637  000022a0  8fc10004	lw	r1,4(r30)
 1638  000022a4  2022ffff	addi	r2,r1,#-1
 1639  000022a8  afc20004	sw	4(r30),r2
 1640  000022ac  6c210000	sgti	r1,r1,#0
 1641  000022b0  1420000c	bnez	r1,L107_LF2
 1642  000022b4  54000000	nop; delay slot nop
 1643  000022b8  08000020	j	L106_LF2
 1644  000022bc  54000000	nop; delay slot nop
 1645  000022c0          	L107_LF2:
 1646  000022c0  8fc10000	lw	r1,(r30)
 1647  000022c4  20220001	addi	r2,r1,#1
 1648  000022c8  afc20000	sw	(r30),r2
 1649  000022cc  20020000	addi	r2,r0,(#0x0)&0xff
 1650  000022d0  a0220000	sb	(r1),r2
 1651  000022d4  0bffffc8	j	L105_LF2
 1652  000022d8  54000000	nop; delay slot nop
 1653  000022dc          	L106_LF2:
 1654  000022dc          	L104_LF2:
 1655  000022dc  8fa20000	lw	r2,0(r29)
 1656  000022e0  8fdffff8	lw	r31,-8(r30)
 1657  000022e4  001ee820	add	r29,r0,r30
 1658  000022e8  8fdefffc	lw	r30,-4(r30)
 1659  000022ec  4be00000	jr	r31
 1660  000022f0  54000000	nop
 1661  000022f4          	.endproc _bzero
 1662  000022f4          	.align 2
 1663  000022f4          	.proc _min
 1664  000022f4          	.global _min
 1665  000022f4          	_min:
 1666                      ;  Function 'min'; 0 bytes of locals, 2 regs to save.
 1667  000022f4  afbefffc	sw	-4(r29),r30; push fp
 1668  000022f8  001df020	add	r30,r0,r29; fp = sp
 1669  000022fc  afbffff8	sw	-8(r29),r31; push ret addr
 1670  00002300  2fbd0010	subui	r29,r29,#16; alloc local storage
 1671  00002304  afa20000	sw	0(r29),r2
 1672  00002308  afa30004	sw	4(r29),r3
 1673  0000230c  8fc10000	lw	r1,(r30)
 1674  00002310  8fc20004	lw	r2,4(r30)
 1675  00002314  0022182c	sle	r3,r1,r2
 1676  00002318  14600008	bnez	r3,L109_LF2
 1677  0000231c  54000000	nop; delay slot nop
 1678  00002320  8fc10004	lw	r1,4(r30)
 1679  00002324          	L109_LF2:
 1680  00002324  08000004	j	L108_LF2
 1681  00002328  54000000	nop; delay slot nop
 1682  0000232c          	L108_LF2:
 1683  0000232c  8fa20000	lw	r2,0(r29)
 1684  00002330  8fa30004	lw	r3,4(r29)
 1685  00002334  8fdffff8	lw	r31,-8(r30)
 1686  00002338  001ee820	add	r29,r0,r30
 1687  0000233c  8fdefffc	lw	r30,-4(r30)
 1688  00002340  4be00000	jr	r31
 1689  00002344  54000000	nop
 1690  00002348          	.endproc _min
 1691  00002348          	.align 2
 1692  00002348          	.proc _max
 1693  00002348          	.global _max
 1694  00002348          	_max:
 1695                      ;  Function 'max'; 0 bytes of locals, 2 regs to save.
 1696  00002348  afbefffc	sw	-4(r29),r30; push fp
 1697  0000234c  001df020	add	r30,r0,r29; fp = sp
 1698  00002350  afbffff8	sw	-8(r29),r31; push ret addr
 1699  00002354  2fbd0010	subui	r29,r29,#16; alloc local storage
 1700  00002358  afa20000	sw	0(r29),r2
 1701  0000235c  afa30004	sw	4(r29),r3
 1702  00002360  8fc10000	lw	r1,(r30)
 1703  00002364  8fc20004	lw	r2,4(r30)
 1704  00002368  0022182d	sge	r3,r1,r2
 1705  0000236c  14600008	bnez	r3,L111_LF2
 1706  00002370  54000000	nop; delay slot nop
 1707  00002374  8fc10004	lw	r1,4(r30)
 1708  00002378          	L111_LF2:
 1709  00002378  08000004	j	L110_LF2
 1710  0000237c  54000000	nop; delay slot nop
 1711  00002380          	L110_LF2:
 1712  00002380  8fa20000	lw	r2,0(r29)
 1713  00002384  8fa30004	lw	r3,4(r29)
 1714  00002388  8fdffff8	lw	r31,-8(r30)
 1715  0000238c  001ee820	add	r29,r0,r30
 1716  00002390  8fdefffc	lw	r30,-4(r30)
 1717  00002394  4be00000	jr	r31
 1718  00002398  54000000	nop
 1719  0000239c          	.endproc _max
 1720                      ;;; Ethan L. Miller, 1999.  Released to the public domain
 1721                      ;;;
 1722                      ;;; Most of the traps are called in files from libtraps.
 1725  0000239c          	.align 2
 1726  0000239c          	.proc _exit
 1727  0000239c          	.global _exit
 1728  0000239c          	_exit:
 1729  0000239c  44000300	trap	#0x300
 1730  000023a0  4be00000	jr	r31
 1731  000023a4  54000000	nop
 1732  000023a8          	.endproc _exit
 1734                      ; for the benefit of gcc.
 1735  000023a8          	.proc ___main
 1736  000023a8          	.global ___main
 1737  000023a8          	___main:
 1738  000023a8  4be00000	jr	r31
 1739  000023ac  54000000	nop
 1740  000023b0          	.endproc ___main
 1741  000023b0          	.text
 1742  000023b0          	.global _etext
 1743  000023b0          	_etext:
 1744  000023b0          	.align 3
 1745  000023b0          	.data
 1746  000031be          	.global _edata
 1747  000031be          	_edata:
